Flutter crash report.
Please report a bug at https://github.com/flutter/flutter/issues.

## command

flutter analyze lib\services\auth_service.dart lib\screens\signup_screen.dart lib\screens\login_screen.dart lib\services\backend_service.dart lib\screens\system_logs.dart lib\screens\settings.dart

## exception

_Exception: Exception: analysis server exited with code -1073740791 and output:
[stderr]     v566 <- LoadField(v584 T{<:X0} . :type_arguments {final}) T{TypeArguments}
[stderr]     v4560 <- MaterializeObject(ListIterator, _index@10040228: v4561, _length@10040228: v4562, _iterable@10040228: v4563, _current@10040228: v4564, :type_arguments: v4565)
[stderr]     v3283 <- AssertAssignable:40(v564, v570, '_dependencies@1152029537', instantiator_type_args(v566), function_type_args(v0)) T{<:List<X0>?}
[stderr]     StoreField(v584 T{<:X0} . _dependencies@1152029537 = v3283)
[stderr]     goto:46 B199
[stderr] B198[target]:42
[stderr]     v4281 <- Redefinition(v562 ^ T{<:List<X0>?}) T{<:List<X0>?}
[stderr]     goto:48 B199
[stderr] B199[join]:44 pred(B197, B198) {
[stderr]       v563 <- phi(v3283 T{<:List<X0>}, v4281 T{<:List<X0>?}) alive T{<:List<X0>?}
[stderr] }
[stderr]     v4573 <- LoadField(v630 . _index@10040228)
[stderr]     v4574 <- LoadField(v630 . _length@10040228 {final})
[stderr]     v4575 <- LoadField(v630 . _iterable@10040228 {final})
[stderr]     v4576 <- LoadField(v630 . _current@10040228)
[stderr]     v4577 <- LoadField(v630 . :type_arguments {final})
[stderr]     v4578 <- MaterializeObject(ListIterator, _index@10040228: v4573, _length@10040228: v4574, _iterable@10040228: v4575, _current@10040228: v4576, :type_arguments: v4577)
[stderr]     StaticCall:50( _appendDirectlyReferenced@164317544<0> v4, v11, v6, v563, using unchecked entrypoint)
[stderr]     goto:56 B5
[stderr] *** END CFG

```
```

## flutter doctor

```
[✓] Flutter (Channel stable, 3.41.9, on Microsoft Windows [Version 10.0.26200.8524], locale en-US) [1,151ms]
    • Flutter version 3.41.9 on channel stable at D:\flutter
    • Upstream repository https://github.com/flutter/flutter.git
    • Framework revision 00b0c91f06 (6 weeks ago), 2026-04-29 10:03:19 -0700
    • Engine revision 42d3d75a56
    • Dart version 3.11.5
    • DevTools version 2.54.2
    • Feature flags: enable-web, enable-linux-desktop, enable-macos-desktop, enable-windows-desktop, enable-android, enable-ios, cli-animations, enable-native-assets, omit-legacy-version-file, enable-lldb-debugging, enable-uiscene-migration

[✓] Windows Version (Windows 11 or higher, 25H2, 2009) [7.5s]

[!] Android toolchain - develop for Android devices (Android SDK version 36.1.0) [4.6s]
    • Android SDK at E:\Android\Sdk
    • Emulator version 36.5.10.0 (build_id 15081367) (CL:N/A)
    • Platform android-36.1, build-tools 36.1.0
    • ANDROID_HOME = E:\Android\Sdk
    • Java binary at: E:\JAVA\bin\java
      This JDK is specified in your Flutter configuration.
      To change the current JDK, run: `flutter config --jdk-dir="path/to/jdk"`.
    ✗ Could not determine java version

[✓] Chrome - develop for the web [630ms]
    • Chrome at C:\Program Files\Google\Chrome\Application\chrome.exe

[!] Visual Studio - develop Windows apps (SQL Server Management Studio 22 22.3.2) [628ms]
    • Visual Studio at D:\download\New folder
    • SQL Server Management Studio 22 version 22.3.11520.95
    ✗ Visual Studio is missing necessary components. Please re-run the Visual Studio installer for the "Desktop development with C++" workload, and include these components:
        MSVC v142 - VS 2019 C++ x64/x86 build tools
         - If there are multiple build tool versions available, install the latest
        C++ CMake tools for Windows
        Windows 10 SDK

[✓] Connected device (3 available) [3.9s]
    • Windows (desktop) • windows • windows-x64    • Microsoft Windows [Version 10.0.26200.8524]
    • Chrome (web)      • chrome  • web-javascript • Google Chrome 148.0.7778.217
    • Edge (web)        • edge    • web-javascript • Microsoft Edge 149.0.4022.52

[✓] Network resources [994ms]
    • All expected network resources are available.

! Doctor found issues in 2 categories.
```
