#
# There is insufficient memory for the Java Runtime Environment to continue.
# Native memory allocation (malloc) failed to allocate 1048576 bytes. Error detail: AllocateHeap
# Possible reasons:
#   The system is out of physical RAM or swap space
#   This process is running with CompressedOops enabled, and the Java Heap may be blocking the growth of the native heap
# Possible solutions:
#   Reduce memory load on the system
#   Increase physical memory or swap space
#   Check if swap backing store is full
#   Decrease Java heap size (-Xmx/-Xms)
#   Decrease number of Java threads
#   Decrease Java thread stack sizes (-Xss)
#   Set larger code cache with -XX:ReservedCodeCacheSize=
#   JVM is running with Unscaled Compressed Oops mode in which the Java heap is
#     placed in the first 4GB address space. The Java Heap base address is the
#     maximum limit for the native heap growth. Please use -XX:HeapBaseMinAddress
#     to set the Java Heap base and to place the Java Heap above 4GB virtual address.
# This output file may be truncated or incomplete.
#
#  Out of Memory Error (allocation.cpp:44), pid=9804, tid=10344
#
# JRE version:  (21.0.10) (build )
# Java VM: OpenJDK 64-Bit Server VM (21.0.10+-14961533-b1163.108, mixed mode, sharing, tiered, compressed oops, compressed class ptrs, g1 gc, windows-amd64)
# No core dump will be written. Minidumps are not enabled by default on client versions of Windows
#

---------------  S U M M A R Y ------------

Command Line: 

Host: Intel(R) Core(TM) i7-10610U CPU @ 1.80GHz, 8 cores, 15G,  Windows 11 , 64 bit Build 26100 (10.0.26100.8521)
Time: Fri Jun 12 06:17:08 2026 Egypt Daylight Time elapsed time: 0.018113 seconds (0d 0h 0m 0s)

---------------  T H R E A D  ---------------

Current thread (0x000001f25a2e8fc0):  JavaThread "Unknown thread" [_thread_in_vm, id=10344, stack(0x000000c1b0700000,0x000000c1b0800000) (1024K)]

Stack: [0x000000c1b0700000,0x000000c1b0800000]
Native frames: (J=compiled Java code, j=interpreted, Vv=VM code, C=native code)
V  [jvm.dll+0x6d78a9]
V  [jvm.dll+0x8665b3]
V  [jvm.dll+0x868bde]
V  [jvm.dll+0x8692c3]
V  [jvm.dll+0x280ee6]
V  [jvm.dll+0xbaf47]
V  [jvm.dll+0x329375]
V  [jvm.dll+0x82f40d]
V  [jvm.dll+0x3c0078]
V  [jvm.dll+0x8185e8]
V  [jvm.dll+0x45449e]
V  [jvm.dll+0x455c01]
C  [jli.dll+0x52ab]
C  [ucrtbase.dll+0x2cd30]
C  [KERNEL32.DLL+0x2e957]
C  [ntdll.dll+0x87c1c]


---------------  P R O C E S S  ---------------

Threads class SMR info:
_java_thread_list=0x00007ff82f3cb9c8, length=0, elements={
}

Java Threads: ( => current thread )
Total: 0

Other Threads:

=>0x000001f25a2e8fc0 (exited) JavaThread "Unknown thread"    [_thread_in_vm, id=10344, stack(0x000000c1b0700000,0x000000c1b0800000) (1024K)]
Total: 1

Threads with active compile tasks:
Total: 0

VM state: not at safepoint (not fully initialized)

VM Mutex/Monitor currently owned by a thread: None

Heap address: 0x0000000000000000, size: 0 MB, Compressed Oops mode: 32-bit

CDS archive(s) mapped at: [0x0000000000000000-0x0000000000000000-0x0000000000000000), size 0, SharedBaseAddress: 0x0000000800000000, ArchiveRelocationMode: 1.
Narrow klass base: 0x0000000000000000, Narrow klass shift: 0, Narrow klass range: 0x0

GC Precious Log:
 CardTable entry size: 512
 Card Set container configuration: InlinePtr #cards 4 size 8 Array Of Cards #cards 16 size 48 Howl #buckets 8 coarsen threshold 3686 Howl Bitmap #cards 512 size 80 coarsen threshold 460 Card regions per heap region 1 cards per card region 4096

GC Heap History (0 events):
No events

Dll operation events (1 events):
Event: 0.012 Loaded shared library E:\DOWNLOAD\New folder\jbr\bin\java.dll

Deoptimization events (0 events):
No events

Classes loaded (0 events):
No events

Classes unloaded (0 events):
No events

Classes redefined (0 events):
No events

Internal exceptions (0 events):
No events

ZGC Phase Switch (0 events):
No events

VM Operations (0 events):
No events

Memory protections (0 events):
No events

Nmethod flushes (0 events):
No events

Events (0 events):
No events


Dynamic libraries:
0x00007ff72a840000 - 0x00007ff72a84a000 	E:\DOWNLOAD\New folder\jbr\bin\java.EXE
0x00007ff93c640000 - 0x00007ff93c8a6000 	C:\WINDOWS\SYSTEM32\ntdll.dll
0x00007ff93b7f0000 - 0x00007ff93b8b9000 	C:\WINDOWS\System32\KERNEL32.DLL
0x00007ff939f00000 - 0x00007ff93a2fa000 	C:\WINDOWS\System32\KERNELBASE.dll
0x00007ff939db0000 - 0x00007ff939efc000 	C:\WINDOWS\System32\ucrtbase.dll
0x00007ff927760000 - 0x00007ff92777b000 	E:\DOWNLOAD\New folder\jbr\bin\VCRUNTIME140.dll
0x00007ff935ef0000 - 0x00007ff935f08000 	E:\DOWNLOAD\New folder\jbr\bin\jli.dll
0x00007ff93acb0000 - 0x00007ff93ae77000 	C:\WINDOWS\System32\USER32.dll
0x00007ff924e00000 - 0x00007ff925092000 	C:\WINDOWS\WinSxS\amd64_microsoft.windows.common-controls_6595b64144ccf1df_6.0.26100.8521_none_3e08b75ce33403b3\COMCTL32.dll
0x00007ff9398d0000 - 0x00007ff9398f7000 	C:\WINDOWS\System32\win32u.dll
0x00007ff93a420000 - 0x00007ff93a4c9000 	C:\WINDOWS\System32\msvcrt.dll
0x00007ff93b7c0000 - 0x00007ff93b7eb000 	C:\WINDOWS\System32\GDI32.dll
0x00007ff939bf0000 - 0x00007ff939d1b000 	C:\WINDOWS\System32\gdi32full.dll
0x00007ff93a300000 - 0x00007ff93a3a3000 	C:\WINDOWS\System32\msvcp_win.dll
0x00007ff93bba0000 - 0x00007ff93bbd2000 	C:\WINDOWS\System32\IMM32.DLL
0x00007ff92f5b0000 - 0x00007ff92f5bc000 	E:\DOWNLOAD\New folder\jbr\bin\vcruntime140_1.dll
0x00007ff904df0000 - 0x00007ff904e7d000 	E:\DOWNLOAD\New folder\jbr\bin\msvcp140.dll
0x00007ff82e880000 - 0x00007ff82f516000 	E:\DOWNLOAD\New folder\jbr\bin\server\jvm.dll
0x00007ff93a760000 - 0x00007ff93a816000 	C:\WINDOWS\System32\ADVAPI32.dll
0x00007ff93b0a0000 - 0x00007ff93b14a000 	C:\WINDOWS\System32\sechost.dll
0x00007ff93bbe0000 - 0x00007ff93bcf8000 	C:\WINDOWS\System32\RPCRT4.dll
0x00007ff93b000000 - 0x00007ff93b080000 	C:\WINDOWS\System32\WS2_32.dll
0x00007ff939730000 - 0x00007ff93978e000 	C:\WINDOWS\SYSTEM32\POWRPROF.dll
0x00007ff9250a0000 - 0x00007ff9250d6000 	C:\WINDOWS\SYSTEM32\WINMM.dll
0x00007ff92b110000 - 0x00007ff92b11b000 	C:\WINDOWS\SYSTEM32\VERSION.dll
0x00007ff939710000 - 0x00007ff939724000 	C:\WINDOWS\SYSTEM32\UMPDC.dll
0x00007ff938620000 - 0x00007ff93863b000 	C:\WINDOWS\SYSTEM32\kernel.appcore.dll
0x00007ff929610000 - 0x00007ff92961a000 	E:\DOWNLOAD\New folder\jbr\bin\jimage.dll
0x00007ff937060000 - 0x00007ff9372a2000 	C:\WINDOWS\SYSTEM32\DBGHELP.DLL
0x00007ff93b230000 - 0x00007ff93b5b3000 	C:\WINDOWS\System32\combase.dll
0x00007ff93b150000 - 0x00007ff93b229000 	C:\WINDOWS\System32\OLEAUT32.dll
0x00007ff912d00000 - 0x00007ff912d3b000 	C:\WINDOWS\SYSTEM32\dbgcore.DLL
0x00007ff939900000 - 0x00007ff9399a8000 	C:\WINDOWS\System32\bcryptPrimitives.dll
0x00007ff927740000 - 0x00007ff927760000 	E:\DOWNLOAD\New folder\jbr\bin\java.dll

JVMTI agents: none

dbghelp: loaded successfully - version: 4.0.5 - missing functions: none
symbol engine: initialized successfully - sym options: 0x614 - pdb path: .;E:\DOWNLOAD\New folder\jbr\bin;C:\WINDOWS\SYSTEM32;C:\WINDOWS\WinSxS\amd64_microsoft.windows.common-controls_6595b64144ccf1df_6.0.26100.8521_none_3e08b75ce33403b3;E:\DOWNLOAD\New folder\jbr\bin\server

VM Arguments:
java_command: <unknown>
java_class_path (initial): <not set>
Launcher Type: SUN_STANDARD

[Global flags]
     intx CICompilerCount                          = 4                                         {product} {ergonomic}
     uint ConcGCThreads                            = 2                                         {product} {ergonomic}
     uint G1ConcRefinementThreads                  = 8                                         {product} {ergonomic}
   size_t G1HeapRegionSize                         = 2097152                                   {product} {ergonomic}
    uintx GCDrainStackTargetSize                   = 64                                        {product} {ergonomic}
   size_t InitialHeapSize                          = 264241152                                 {product} {ergonomic}
   size_t MarkStackSize                            = 4194304                                   {product} {ergonomic}
   size_t MaxHeapSize                              = 4206886912                                {product} {ergonomic}
   size_t MinHeapDeltaBytes                        = 2097152                                   {product} {ergonomic}
   size_t MinHeapSize                              = 8388608                                   {product} {ergonomic}
    uintx NonNMethodCodeHeapSize                   = 5839372                                {pd product} {ergonomic}
    uintx NonProfiledCodeHeapSize                  = 122909434                              {pd product} {ergonomic}
    uintx ProfiledCodeHeapSize                     = 122909434                              {pd product} {ergonomic}
    uintx ReservedCodeCacheSize                    = 251658240                              {pd product} {ergonomic}
     bool SegmentedCodeCache                       = true                                      {product} {ergonomic}
   size_t SoftMaxHeapSize                          = 4206886912                             {manageable} {ergonomic}
     bool UseCompressedOops                        = true                           {product lp64_product} {ergonomic}
     bool UseG1GC                                  = true                                      {product} {ergonomic}
     bool UseLargePagesIndividualAllocation        = false                                  {pd product} {ergonomic}

Logging:
Log output configuration:
 #0: stdout all=warning uptime,level,tags foldmultilines=false
 #1: stderr all=off uptime,level,tags foldmultilines=false

Release file:
<release file has not been read>
Environment Variables:
JAVA_HOME=E:\JAVA
PATH=C:\Program Files\Common Files\Oracle\Java\javapath;C:\WINDOWS\system32;C:\WINDOWS;C:\WINDOWS\System32\Wbem;C:\WINDOWS\System32\WindowsPowerShell\v1.0\;C:\WINDOWS\System32\OpenSSH\;C:\Program Files\Git\cmd;C:\Program Files\Microsoft SQL Server\170\Tools\Binn\;C:\Program Files\Microsoft SQL Server\Client SDK\ODBC\170\Tools\Binn\;C:\Program Files\Microsoft SQL Server\170\DTS\Binn\;C:\Program Files\dotnet\;D:\Basira\;C:\ProgramData\chocolatey\bin;E:\JAVA\bin;E:\DOWNLOAD\New folder (2)\bin;C:\Program Files\Common Files\Oracle\Java\javapath;C:\WINDOWS\system32;C:\WINDOWS;C:\WINDOWS\System32\Wbem;C:\WINDOWS\System32\WindowsPowerShell\v1.0\;C:\WINDOWS\System32\OpenSSH\;C:\Program Files\Git\cmd;C:\Program Files\Microsoft SQL Server\170\Tools\Binn\;C:\Program Files\Microsoft SQL Server\Client SDK\ODBC\170\Tools\Binn\;C:\Program Files\Microsoft SQL Server\170\DTS\Binn\;C:\Program Files\dotnet\;D:\Basira\;C:\ProgramData\chocolatey\bin;C:\WINDOWS\system32;C:\WINDOWS;C:\WINDOWS\System32\Wbem;C:\WINDOWS\System32\WindowsPowerShell\v1.0\;C:\WINDOWS\System32\OpenSSH\;C:\Program Files\Git\cmd;C:\Program Files\Microsoft SQL Server\170\Tools\Binn\;C:\Program Files\Microsoft SQL Server\Client SDK\ODBC\170\Tools\Binn\;C:\Program Files\Microsoft SQL Server\170\DTS\Binn\;C:\Program Files\dotnet\;D:\Basira\;C:\ProgramData\chocolatey\bin;C:\Users\DELL\AppData\Local\Programs\Python\Python310\Scripts\;C:\Users\DELL\AppData\Local\Programs\Python\Python310\;C:\Users\DELL\AppData\Local\Prog;E:\flutter\bin;D:\download\Antigravity\bin;;c:\Users\DELL\.antigravity\extensions\ms-python.debugpy-2026.6.0-win32-x64\bundled\scripts\noConfigScripts;E:\flutter\bin\mingit\cmd
USERNAME=DELL
LANG=en_US.UTF-8
OS=Windows_NT
PROCESSOR_IDENTIFIER=Intel64 Family 6 Model 142 Stepping 12, GenuineIntel
TMP=C:\Users\DELL\AppData\Local\Temp
TEMP=C:\Users\DELL\AppData\Local\Temp




Periodic native trim disabled

JNI global refs:
JNI global refs: 0, weak refs: 0

JNI global refs memory usage: 0, weak refs: 0

Process memory usage:
Resident Set Size: 12948K (0% of 16428308K total physical memory with 877532K free physical memory)

OOME stack traces (most recent first):
Classloader memory used:

---------------  S Y S T E M  ---------------

OS:
 Windows 11 , 64 bit Build 26100 (10.0.26100.8521)
OS uptime: 0 days 1:49 hours
Hyper-V role detected

CPU: total 8 (initial active 8) (4 cores per cpu, 2 threads per core) family 6 model 142 stepping 12 microcode 0xf8, cx8, cmov, fxsr, ht, mmx, 3dnowpref, sse, sse2, sse3, ssse3, sse4.1, sse4.2, popcnt, lzcnt, tsc, tscinvbit, avx, avx2, aes, erms, clmul, bmi1, bmi2, adx, fma, vzeroupper, clflush, clflushopt, hv, rdtscp, f16c
Processor Information for the first 8 processors :
  Max Mhz: 2304, Current Mhz: 1803, Mhz Limit: 1797

Memory: 4k page, system-wide physical 16043M (856M free)
TotalPageFile size 18268M (AvailPageFile size 4M)
current process WorkingSet (physical memory assigned to process): 12M, peak: 12M
current process commit charge ("private bytes"): 15M, peak: 16M

vm_info: OpenJDK 64-Bit Server VM (21.0.10+-14961533-b1163.108) for windows-amd64 JRE (21.0.10+-14961533-b1163.108), built on 2026-03-02T19:58:50Z by "builder" with MS VC++ 16.10 / 16.11 (VS2019)

END.
