#
# There is insufficient memory for the Java Runtime Environment to continue.
# Native memory allocation (malloc) failed to allocate 32744 bytes. Error detail: ChunkPool::allocate
# Possible reasons:
#   The system is out of physical RAM or swap space
#   This process is running with CompressedOops enabled, and the Java Heap may be blocking the growth of the native heap
# Possible solutions:
#   Reduce memory load on the system
#   Increase physical memory or swap space
#   Check if swap backing store is full
#   Decrease Java heap size (-Xmx/-Xms)
#   Decrease number of Java threads
#   Decrease Java thread stack sizes (-Xss)
#   Set larger code cache with -XX:ReservedCodeCacheSize=
#   JVM is running with Zero Based Compressed Oops mode in which the Java heap is
#     placed in the first 32GB address space. The Java Heap base address is the
#     maximum limit for the native heap growth. Please use -XX:HeapBaseMinAddress
#     to set the Java Heap base and to place the Java Heap above 32GB virtual address.
# This output file may be truncated or incomplete.
#
#  Out of Memory Error (arena.cpp:79), pid=11248, tid=11100
#
# JRE version: OpenJDK Runtime Environment Temurin-17.0.18+8 (17.0.18+8) (build 17.0.18+8)
# Java VM: OpenJDK 64-Bit Server VM Temurin-17.0.18+8 (17.0.18+8, mixed mode, sharing, tiered, compressed oops, compressed class ptrs, g1 gc, windows-amd64)
# No core dump will be written. Minidumps are not enabled by default on client versions of Windows
#

---------------  S U M M A R Y ------------

Command Line: -Dorg.gradle.appname=gradlew org.gradle.wrapper.GradleWrapperMain -q -Ptarget-platform=android-arm64 -Ptarget=E:\voice_test\lib\main.dart -Pbase-application-name=android.app.Application -Pdart-defines=RkxVVFRFUl9WRVJTSU9OPTMuNDEuOQ==,RkxVVFRFUl9DSEFOTkVMPXN0YWJsZQ==,RkxVVFRFUl9HSVRfVVJMPWh0dHBzOi8vZ2l0aHViLmNvbS9mbHV0dGVyL2ZsdXR0ZXIuZ2l0,RkxVVFRFUl9GUkFNRVdPUktfUkVWSVNJT049MDBiMGM5MWYwNg==,RkxVVFRFUl9FTkdJTkVfUkVWSVNJT049NDJkM2Q3NWE1Ng==,RkxVVFRFUl9EQVJUX1ZFUlNJT049My4xMS41 -Pdart-obfuscation=false -Ptrack-widget-creation=true -Ptree-shake-icons=false -Pfilesystem-scheme=org-dartlang-root assembleDebug

Host: Intel(R) Core(TM) i7-10610U CPU @ 1.80GHz, 8 cores, 15G,  Windows 11 , 64 bit Build 26100 (10.0.26100.8328)
Time: Tue May  5 06:00:06 2026 Egypt Daylight Time elapsed time: 25.791762 seconds (0d 0h 0m 25s)

---------------  T H R E A D  ---------------

Current thread (0x0000017b9b31d3b0):  JavaThread "main" [_thread_in_vm, id=11100, stack(0x000000434f700000,0x000000434f800000)]

Stack: [0x000000434f700000,0x000000434f800000]
Native frames: (J=compiled Java code, j=interpreted, Vv=VM code, C=native code)
V  [jvm.dll+0x6846f9]
V  [jvm.dll+0x839ea5]
V  [jvm.dll+0x83b91e]
V  [jvm.dll+0x83bfa3]
V  [jvm.dll+0x248eff]
V  [jvm.dll+0xad69e]
V  [jvm.dll+0xadb3c]
V  [jvm.dll+0x1e9d41]
V  [jvm.dll+0x1eaa55]
V  [jvm.dll+0x1eb407]
V  [jvm.dll+0x1e08d1]
V  [jvm.dll+0x548119]
V  [jvm.dll+0x7b4b68]
V  [jvm.dll+0x7b4c64]
V  [jvm.dll+0x414bb4]
V  [jvm.dll+0x41b619]
C  [java.dll+0x17ec]

Java frames: (J=compiled Java code, j=interpreted, Vv=VM code)
J 728  java.lang.ClassLoader.defineClass1(Ljava/lang/ClassLoader;Ljava/lang/String;[BIILjava/security/ProtectionDomain;Ljava/lang/String;)Ljava/lang/Class; java.base@17.0.18 (0 bytes) @ 0x0000017bac2ce383 [0x0000017bac2ce2c0+0x00000000000000c3]
J 994 c1 java.lang.ClassLoader.defineClass(Ljava/lang/String;[BIILjava/security/ProtectionDomain;)Ljava/lang/Class; java.base@17.0.18 (43 bytes) @ 0x0000017ba4983f54 [0x0000017ba4983c00+0x0000000000000354]
J 989 c1 java.security.SecureClassLoader.defineClass(Ljava/lang/String;[BIILjava/security/CodeSource;)Ljava/lang/Class; java.base@17.0.18 (16 bytes) @ 0x0000017ba498210c [0x0000017ba4982040+0x00000000000000cc]
J 1079 c1 java.net.URLClassLoader.defineClass(Ljava/lang/String;Ljdk/internal/loader/Resource;)Ljava/lang/Class; java.base@17.0.18 (224 bytes) @ 0x0000017ba49a73cc [0x0000017ba49a5940+0x0000000000001a8c]
J 851 c1 java.net.URLClassLoader$1.run()Ljava/lang/Class; java.base@17.0.18 (81 bytes) @ 0x0000017ba4937004 [0x0000017ba49363c0+0x0000000000000c44]
J 850 c1 java.net.URLClassLoader$1.run()Ljava/lang/Object; java.base@17.0.18 (5 bytes) @ 0x0000017ba4935ec4 [0x0000017ba4935e40+0x0000000000000084]
J 661 c1 java.security.AccessController.doPrivileged(Ljava/security/PrivilegedExceptionAction;Ljava/security/AccessControlContext;)Ljava/lang/Object; java.base@17.0.18 (26 bytes) @ 0x0000017ba48ca274 [0x0000017ba48ca0a0+0x00000000000001d4]
J 848 c1 java.net.URLClassLoader.findClass(Ljava/lang/String;)Ljava/lang/Class; java.base@17.0.18 (47 bytes) @ 0x0000017ba4935124 [0x0000017ba4934f80+0x00000000000001a4]
J 731 c1 java.lang.ClassLoader.loadClass(Ljava/lang/String;Z)Ljava/lang/Class; java.base@17.0.18 (121 bytes) @ 0x0000017ba48f51d4 [0x0000017ba48f4c40+0x0000000000000594]
J 716 c1 java.lang.ClassLoader.loadClass(Ljava/lang/String;)Ljava/lang/Class; java.base@17.0.18 (7 bytes) @ 0x0000017ba48f0d4c [0x0000017ba48f0c40+0x000000000000010c]
v  ~StubRoutines::call_stub
J 728  java.lang.ClassLoader.defineClass1(Ljava/lang/ClassLoader;Ljava/lang/String;[BIILjava/security/ProtectionDomain;Ljava/lang/String;)Ljava/lang/Class; java.base@17.0.18 (0 bytes) @ 0x0000017bac2ce383 [0x0000017bac2ce2c0+0x00000000000000c3]
J 994 c1 java.lang.ClassLoader.defineClass(Ljava/lang/String;[BIILjava/security/ProtectionDomain;)Ljava/lang/Class; java.base@17.0.18 (43 bytes) @ 0x0000017ba4983f54 [0x0000017ba4983c00+0x0000000000000354]
J 989 c1 java.security.SecureClassLoader.defineClass(Ljava/lang/String;[BIILjava/security/CodeSource;)Ljava/lang/Class; java.base@17.0.18 (16 bytes) @ 0x0000017ba498210c [0x0000017ba4982040+0x00000000000000cc]
J 1079 c1 java.net.URLClassLoader.defineClass(Ljava/lang/String;Ljdk/internal/loader/Resource;)Ljava/lang/Class; java.base@17.0.18 (224 bytes) @ 0x0000017ba49a73cc [0x0000017ba49a5940+0x0000000000001a8c]
J 851 c1 java.net.URLClassLoader$1.run()Ljava/lang/Class; java.base@17.0.18 (81 bytes) @ 0x0000017ba4937004 [0x0000017ba49363c0+0x0000000000000c44]
J 850 c1 java.net.URLClassLoader$1.run()Ljava/lang/Object; java.base@17.0.18 (5 bytes) @ 0x0000017ba4935ec4 [0x0000017ba4935e40+0x0000000000000084]
J 661 c1 java.security.AccessController.doPrivileged(Ljava/security/PrivilegedExceptionAction;Ljava/security/AccessControlContext;)Ljava/lang/Object; java.base@17.0.18 (26 bytes) @ 0x0000017ba48ca274 [0x0000017ba48ca0a0+0x00000000000001d4]
J 848 c1 java.net.URLClassLoader.findClass(Ljava/lang/String;)Ljava/lang/Class; java.base@17.0.18 (47 bytes) @ 0x0000017ba4935124 [0x0000017ba4934f80+0x00000000000001a4]
J 731 c1 java.lang.ClassLoader.loadClass(Ljava/lang/String;Z)Ljava/lang/Class; java.base@17.0.18 (121 bytes) @ 0x0000017ba48f51d4 [0x0000017ba48f4c40+0x0000000000000594]
J 716 c1 java.lang.ClassLoader.loadClass(Ljava/lang/String;)Ljava/lang/Class; java.base@17.0.18 (7 bytes) @ 0x0000017ba48f0d4c [0x0000017ba48f0c40+0x000000000000010c]
v  ~StubRoutines::call_stub
j  org.gradle.launcher.daemon.diagnostics.DaemonLogFileUtils.tail(Ljava/io/File;I)Ljava/lang/String;+13
j  org.gradle.launcher.daemon.diagnostics.DaemonDiagnostics.tailDaemonLog()Ljava/lang/String;+6
j  org.gradle.launcher.daemon.diagnostics.DaemonDiagnostics.describe()Ljava/lang/String;+37
j  org.gradle.launcher.daemon.client.DaemonClient.handleDaemonDisappearance(Lorg/gradle/launcher/daemon/protocol/Build;Lorg/gradle/launcher/daemon/diagnostics/DaemonDiagnostics;)Lorg/gradle/launcher/daemon/protocol/Result;+15
j  org.gradle.launcher.daemon.client.DaemonClient.monitorBuild(Lorg/gradle/launcher/daemon/protocol/Build;Lorg/gradle/launcher/daemon/diagnostics/DaemonDiagnostics;Lorg/gradle/launcher/daemon/client/DaemonClientConnection;Lorg/gradle/initialization/BuildCancellationToken;Lorg/gradle/initialization/BuildEventConsumer;)Ljava/lang/Object;+105
j  org.gradle.launcher.daemon.client.DaemonClient.executeBuild(Lorg/gradle/launcher/daemon/protocol/Build;Lorg/gradle/launcher/daemon/client/DaemonClientConnection;Lorg/gradle/initialization/BuildCancellationToken;Lorg/gradle/initialization/BuildEventConsumer;)Lorg/gradle/launcher/exec/BuildActionResult;+128
j  org.gradle.launcher.daemon.client.DaemonClient.execute(Lorg/gradle/internal/invocation/BuildAction;Lorg/gradle/launcher/exec/BuildActionParameters;Lorg/gradle/internal/daemon/client/execution/ClientBuildRequestContext;)Lorg/gradle/launcher/exec/BuildActionResult;+256
j  org.gradle.launcher.daemon.client.DaemonClient.execute(Lorg/gradle/internal/invocation/BuildAction;Ljava/lang/Object;Ljava/lang/Object;)Lorg/gradle/launcher/exec/BuildActionResult;+10
j  org.gradle.launcher.cli.RunBuildAction.run()V+67
j  org.gradle.internal.Actions$RunnableActionAdapter.execute(Ljava/lang/Object;)V+4
j  org.gradle.launcher.cli.DefaultCommandLineActionFactory$ParseAndBuildAction.execute(Lorg/gradle/launcher/bootstrap/ExecutionListener;)V+125
j  org.gradle.launcher.cli.DefaultCommandLineActionFactory$ParseAndBuildAction.execute(Ljava/lang/Object;)V+5
j  org.gradle.launcher.cli.DebugLoggerWarningAction.execute(Lorg/gradle/launcher/bootstrap/ExecutionListener;)V+9
j  org.gradle.launcher.cli.DebugLoggerWarningAction.execute(Ljava/lang/Object;)V+5
j  org.gradle.launcher.cli.WelcomeMessageAction.execute(Lorg/gradle/launcher/bootstrap/ExecutionListener;)V+218
j  org.gradle.launcher.cli.WelcomeMessageAction.execute(Ljava/lang/Object;)V+5
j  org.gradle.launcher.cli.NativeServicesInitializingAction.execute(Lorg/gradle/launcher/bootstrap/ExecutionListener;)V+38
j  org.gradle.launcher.cli.NativeServicesInitializingAction.execute(Ljava/lang/Object;)V+5
j  org.gradle.launcher.cli.ExceptionReportingAction.execute(Lorg/gradle/launcher/bootstrap/ExecutionListener;)V+5
j  org.gradle.launcher.cli.ExceptionReportingAction.execute(Ljava/lang/Object;)V+5
j  org.gradle.launcher.cli.DefaultCommandLineActionFactory$WithLogging.execute(Lorg/gradle/launcher/bootstrap/ExecutionListener;)V+309
j  org.gradle.launcher.Main.doAction([Ljava/lang/String;Lorg/gradle/launcher/bootstrap/ExecutionListener;)V+14
j  org.gradle.launcher.bootstrap.EntryPoint.run([Ljava/lang/String;)V+12
v  ~StubRoutines::call_stub
j  jdk.internal.reflect.NativeMethodAccessorImpl.invoke0(Ljava/lang/reflect/Method;Ljava/lang/Object;[Ljava/lang/Object;)Ljava/lang/Object;+0 java.base@17.0.18
j  jdk.internal.reflect.NativeMethodAccessorImpl.invoke(Ljava/lang/Object;[Ljava/lang/Object;)Ljava/lang/Object;+133 java.base@17.0.18
j  jdk.internal.reflect.DelegatingMethodAccessorImpl.invoke(Ljava/lang/Object;[Ljava/lang/Object;)Ljava/lang/Object;+6 java.base@17.0.18
j  java.lang.reflect.Method.invoke(Ljava/lang/Object;[Ljava/lang/Object;)Ljava/lang/Object;+59 java.base@17.0.18
j  org.gradle.launcher.bootstrap.ProcessBootstrap.runNoExit(Ljava/lang/String;Ljava/lang/String;Ljava/lang/String;[Ljava/lang/String;)V+205
j  org.gradle.launcher.bootstrap.ProcessBootstrap.run(Ljava/lang/String;Ljava/lang/String;Ljava/lang/String;[Ljava/lang/String;)V+4
j  org.gradle.launcher.GradleMain.main([Ljava/lang/String;)V+68
v  ~StubRoutines::call_stub
j  jdk.internal.reflect.NativeMethodAccessorImpl.invoke0(Ljava/lang/reflect/Method;Ljava/lang/Object;[Ljava/lang/Object;)Ljava/lang/Object;+0 java.base@17.0.18
j  jdk.internal.reflect.NativeMethodAccessorImpl.invoke(Ljava/lang/Object;[Ljava/lang/Object;)Ljava/lang/Object;+133 java.base@17.0.18
j  jdk.internal.reflect.DelegatingMethodAccessorImpl.invoke(Ljava/lang/Object;[Ljava/lang/Object;)Ljava/lang/Object;+6 java.base@17.0.18
j  java.lang.reflect.Method.invoke(Ljava/lang/Object;[Ljava/lang/Object;)Ljava/lang/Object;+59 java.base@17.0.18
j  org.gradle.wrapper.BootstrapMainStarter.start([Ljava/lang/String;Ljava/io/File;)V+82
j  org.gradle.wrapper.WrapperExecutor.execute([Ljava/lang/String;Lorg/gradle/wrapper/Install;Lorg/gradle/wrapper/BootstrapMainStarter;)V+14
j  org.gradle.wrapper.GradleWrapperMain.main([Ljava/lang/String;)V+190
v  ~StubRoutines::call_stub

Compiled method (n/a) 25823  728     n 0       java.lang.ClassLoader::defineClass1 (native)
 total in heap  [0x0000017bac2ce110,0x0000017bac2ce610] = 1280
 relocation     [0x0000017bac2ce270,0x0000017bac2ce2a8] = 56
 main code      [0x0000017bac2ce2c0,0x0000017bac2ce610] = 848

[Constant Pool (empty)]

[MachCode]
[Entry Point]
  # {method} {0x0000017bc1010f18} 'defineClass1' '(Ljava/lang/ClassLoader;Ljava/lang/String;[BIILjava/security/ProtectionDomain;Ljava/lang/String;)Ljava/lang/Class;' in 'java/lang/ClassLoader'
  # parm0:    rdx:rdx   = 'java/lang/ClassLoader'
  # parm1:    r8:r8     = 'java/lang/String'
  # parm2:    r9:r9     = '[B'
  # parm3:    rdi       = int
  # parm4:    rsi       = int
  # parm5:    rcx:rcx   = 'java/security/ProtectionDomain'
  # parm6:    [sp+0xa0]   = 'java/lang/String'  (sp of caller)
  0x0000017bac2ce2c0: 448b 5208 | 49bb 0000 | 00c1 7b01 | 0000 4d03 | d349 3bc2 | 0f84 0600 

  0x0000017bac2ce2d8: ;   {runtime_call ic_miss_stub}
  0x0000017bac2ce2d8: 0000 e9a1 | 2da6 ff90 
[Verified Entry Point]
  0x0000017bac2ce2e0: 8984 2400 | 90ff ff55 | 488b ec48 | 81ec 9000 | 0000 4881 | 7d10 0000 | 0000 488d | 4510 480f 
  0x0000017bac2ce300: 4445 1048 | 8944 2440 | 4889 4c24 | 7048 83f9 | 0048 8d44 | 2470 480f | 4444 2470 | 4889 4424 
  0x0000017bac2ce320: 3848 8974 | 2430 4889 | 7c24 284c | 894c 2458 | 4983 f900 | 488d 4424 | 5848 0f44 | 4424 5848 
  0x0000017bac2ce340: 8944 2420 | 4c89 4424 | 5049 83f8 | 004c 8d4c | 2450 4c0f | 444c 2450 | 4889 5424 | 4848 83fa 
  0x0000017bac2ce360: 004c 8d44 | 2448 4c0f | 4444 2448 

  0x0000017bac2ce36c: ;   {oop(a 'java/lang/Class'{0x0000000705451558} = 'java/lang/ClassLoader')}
  0x0000017bac2ce36c: 49be 5815 | 4505 0700 | 0000 4c89 | 7424 784c | 8d74 2478 | 498b d6c5 

  0x0000017bac2ce384: ;   {internal_word}
  0x0000017bac2ce384: f877 49ba | 83e3 2cac | 7b01 0000 | 4d89 97a0 | 0200 0049 | 89a7 9802 

  0x0000017bac2ce39c: ;   {external_word}
  0x0000017bac2ce39c: 0000 49ba | d5c6 6e78 | fe7f 0000 | 4180 3a00 | 0f84 5200 | 0000 5241 

  0x0000017bac2ce3b4: ;   {metadata({method} {0x0000017bc1010f18} 'defineClass1' '(Ljava/lang/ClassLoader;Ljava/lang/String;[BIILjava/security/ProtectionDomain;Ljava/lang/String;)Ljava/lang/Class;' in 'java/lang/ClassLoader')}
  0x0000017bac2ce3b4: 5041 5148 | ba10 0f01 | c17b 0100 | 0049 8bcf | 4883 ec20 | f7c4 0f00 | 0000 0f84 | 1a00 0000 
  0x0000017bac2ce3d4: 4883 ec08 

  0x0000017bac2ce3d8: ;   {runtime_call}
  0x0000017bac2ce3d8: 49ba 50a0 | 2478 fe7f | 0000 41ff | d248 83c4 | 08e9 0d00 

  0x0000017bac2ce3ec: ;   {runtime_call}
  0x0000017bac2ce3ec: 0000 49ba | 50a0 2478 | fe7f 0000 | 41ff d248 | 83c4 2041 | 5941 585a | 498d 8fb8 | 0200 0041 
  0x0000017bac2ce40c: c787 4003 | 0000 0400 

  0x0000017bac2ce414: ;   {runtime_call}
  0x0000017bac2ce414: 0000 49ba | ac16 a4d7 | fe7f 0000 | 41ff d2c5 | f877 41c7 | 8740 0300 | 0005 0000 | 00f0 8344 
  0x0000017bac2ce434: 24c0 0049 | 3baf 4803 | 0000 0f87 | 1100 0000 | 4181 bf30 | 0300 0000 | 0000 000f | 842c 0000 
  0x0000017bac2ce454: 00c5 f877 | 4889 45f8 | 498b cf4c | 8be4 4883 | ec20 4883 

  0x0000017bac2ce468: ;   {runtime_call}
  0x0000017bac2ce468: e4f0 49ba | a0af 3478 | fe7f 0000 | 41ff d249 | 8be4 4d33 | e448 8b45 | f841 c787 | 4003 0000 
  0x0000017bac2ce488: 0800 0000 | 4181 bfb0 | 0300 0002 | 0000 000f | 843f 0100 

  0x0000017bac2ce49c: ;   {external_word}
  0x0000017bac2ce49c: 0049 bad5 | c66e 78fe | 7f00 0041 | 803a 000f | 8450 0000 | 0048 8945 

  0x0000017bac2ce4b4: ;   {metadata({method} {0x0000017bc1010f18} 'defineClass1' '(Ljava/lang/ClassLoader;Ljava/lang/String;[BIILjava/security/ProtectionDomain;Ljava/lang/String;)Ljava/lang/Class;' in 'java/lang/ClassLoader')}
  0x0000017bac2ce4b4: f848 ba10 | 0f01 c17b | 0100 0049 | 8bcf 4883 | ec20 f7c4 | 0f00 0000 | 0f84 1a00 | 0000 4883 
  0x0000017bac2ce4d4: ;   {runtime_call}
  0x0000017bac2ce4d4: ec08 49ba | 50a0 2478 | fe7f 0000 | 41ff d248 | 83c4 08e9 | 0d00 0000 

  0x0000017bac2ce4ec: ;   {runtime_call}
  0x0000017bac2ce4ec: 49ba 50a0 | 2478 fe7f | 0000 41ff | d248 83c4 | 2048 8b45 | f849 c787 | 9802 0000 | 0000 0000 
  0x0000017bac2ce50c: 49c7 87a0 | 0200 0000 | 0000 00c5 | f877 4885 | c00f 8493 | 0000 0048 | f7c0 0100 | 0000 0f84 
  0x0000017bac2ce52c: 8300 0000 | 488b 40ff | 4180 7f38 | 000f 846f | 0000 0048 | 83f8 000f | 8465 0000 | 0049 8b4f 
  0x0000017bac2ce54c: 2048 83f9 | 000f 8414 | 0000 0048 | 83e9 0849 | 894f 2049 | 034f 3048 | 8901 e943 | 0000 0050 
  0x0000017bac2ce56c: 498b d748 | 8bc8 4883 | ec20 f7c4 | 0f00 0000 | 0f84 1a00 | 0000 4883 

  0x0000017bac2ce584: ;   {runtime_call}
  0x0000017bac2ce584: ec08 49ba | 106a e377 | fe7f 0000 | 41ff d248 | 83c4 08e9 | 0d00 0000 

  0x0000017bac2ce59c: ;   {runtime_call}
  0x0000017bac2ce59c: 49ba 106a | e377 fe7f | 0000 41ff | d248 83c4 | 2058 e903 | 0000 0048 | 8b00 498b | 8fd8 0000 
  0x0000017bac2ce5bc: 00c7 8100 | 0100 0000 | 0000 00c9 | 4981 7f08 | 0000 0000 | 0f85 0100 

  0x0000017bac2ce5d4: ;   {runtime_call StubRoutines (1)}
  0x0000017bac2ce5d4: 0000 c3e9 | 2429 a1ff | c5f8 7748 | 8945 f84c | 8be4 4883 | ec20 4883 

  0x0000017bac2ce5ec: ;   {runtime_call}
  0x0000017bac2ce5ec: e4f0 49ba | 40d1 2478 | fe7f 0000 | 41ff d249 | 8be4 4d33 | e448 8b45 | f8e9 93fe | ffff f4f4 
  0x0000017bac2ce60c: f4f4 f4f4 
[/MachCode]


Compiled method (c1) 25835  994       3       java.lang.ClassLoader::defineClass (43 bytes)
 total in heap  [0x0000017ba4983a10,0x0000017ba4984348] = 2360
 relocation     [0x0000017ba4983b70,0x0000017ba4983c00] = 144
 main code      [0x0000017ba4983c00,0x0000017ba49840a0] = 1184
 stub code      [0x0000017ba49840a0,0x0000017ba4984118] = 120
 metadata       [0x0000017ba4984118,0x0000017ba4984148] = 48
 scopes data    [0x0000017ba4984148,0x0000017ba4984238] = 240
 scopes pcs     [0x0000017ba4984238,0x0000017ba4984318] = 224
 dependencies   [0x0000017ba4984318,0x0000017ba4984320] = 8
 nul chk table  [0x0000017ba4984320,0x0000017ba4984348] = 40

[Constant Pool (empty)]

[MachCode]
[Entry Point]
  # {method} {0x0000017bc1010cb0} 'defineClass' '(Ljava/lang/String;[BIILjava/security/ProtectionDomain;)Ljava/lang/Class;' in 'java/lang/ClassLoader'
  # this:     rdx:rdx   = 'java/lang/ClassLoader'
  # parm0:    r8:r8     = 'java/lang/String'
  # parm1:    r9:r9     = '[B'
  # parm2:    rdi       = int
  # parm3:    rsi       = int
  # parm4:    rcx:rcx   = 'java/security/ProtectionDomain'
  #           [sp+0xc0]  (sp of caller)
  0x0000017ba4983c00: 448b 5208 | 49bb 0000 | 00c1 7b01 | 0000 4d03 | d34c 3bd0 

  0x0000017ba4983c14: ;   {runtime_call ic_miss_stub}
  0x0000017ba4983c14: 0f85 66d4 | 3a07 660f | 1f44 0000 
[Verified Entry Point]
  0x0000017ba4983c20: 8984 2400 | 90ff ff55 | 4881 ecb0 | 0000 0048 | 8954 2478 

  0x0000017ba4983c34: ;   {metadata(method data for {method} {0x0000017bc1010cb0} 'defineClass' '(Ljava/lang/String;[BIILjava/security/ProtectionDomain;)Ljava/lang/Class;' in 'java/lang/ClassLoader')}
  0x0000017ba4983c34: 48bb 888b | 1f02 7c01 | 0000 8b83 | cc00 0000 | 83c0 0289 | 83cc 0000 | 0081 e0fe | 0700 0083 
  0x0000017ba4983c54: f800 0f84 | 4e03 0000 | 89b4 2494 | 0000 0089 | bc24 9000 | 0000 4c89 | 8c24 8800 | 0000 488b 
  0x0000017ba4983c74: ;   {metadata(method data for {method} {0x0000017bc1010cb0} 'defineClass' '(Ljava/lang/String;[BIILjava/security/ProtectionDomain;)Ljava/lang/Class;' in 'java/lang/ClassLoader')}
  0x0000017ba4983c74: da48 b888 | 8b1f 027c | 0100 0048 | 8380 1001 | 0000 0149 | 8bd8 4c8b | c34c 8bc9 | 488b ca48 
  0x0000017ba4983c94: 8bd1 4889 | 9c24 8000 

  0x0000017ba4983c9c: ;   {optimized virtual_call}
  0x0000017ba4983c9c: 0000 90e8 

  0x0000017ba4983ca0: ; ImmutableOopMap {[120]=Oop [136]=Oop [128]=Oop }
                      ;*invokevirtual preDefineClass {reexecute=0 rethrow=0 return_oop=0}
                      ; - java.lang.ClassLoader::defineClass@4 (line 1015)
  0x0000017ba4983ca0: 7c0a 0000 | 4889 8424 | 9800 0000 | 488b 5424 

  0x0000017ba4983cb0: ;   {metadata(method data for {method} {0x0000017bc1010cb0} 'defineClass' '(Ljava/lang/String;[BIILjava/security/ProtectionDomain;)Ljava/lang/Class;' in 'java/lang/ClassLoader')}
  0x0000017ba4983cb0: 7849 b888 | 8b1f 027c | 0100 0049 | 8380 4801 

  0x0000017ba4983cc0: ;   {metadata(method data for {method} {0x0000017bc1010ec0} 'defineClassSourceLocation' '(Ljava/security/ProtectionDomain;)Ljava/lang/String;' in 'java/lang/ClassLoader')}
  0x0000017ba4983cc0: 0000 0149 | b820 971f | 027c 0100 | 0041 8b90 | cc00 0000 | 83c2 0241 | 8990 cc00 | 0000 81e2 
  0x0000017ba4983ce0: feff 1f00 | 83fa 000f | 84de 0200 | 0048 3b00 

  0x0000017ba4983cf0: ;   {metadata(method data for {method} {0x0000017bc1010ec0} 'defineClassSourceLocation' '(Ljava/security/ProtectionDomain;)Ljava/lang/String;' in 'java/lang/ClassLoader')}
  0x0000017ba4983cf0: 4c8b c048 | ba20 971f | 027c 0100 | 0048 8382 | 1001 0000 | 0144 8b40 | 1049 c1e0 | 0349 83f8 
  0x0000017ba4983d10: ;   {metadata(method data for {method} {0x0000017bc1010ec0} 'defineClassSourceLocation' '(Ljava/security/ProtectionDomain;)Ljava/lang/String;' in 'java/lang/ClassLoader')}
  0x0000017ba4983d10: 0048 ba20 | 971f 027c | 0100 0048 | c7c6 5801 | 0000 0f85 | 0700 0000 | 48c7 c648 | 0100 0048 
  0x0000017ba4983d30: 8b3c 3248 | 8d7f 0148 | 893c 320f | 850f 0000 

  0x0000017ba4983d40: ;   {oop(NULL)}
  0x0000017ba4983d40: 0048 bb00 | 0000 0000 | 0000 00e9 | af01 0000 

  0x0000017ba4983d50: ; implicit exception: dispatches to 0x0000017ba4983ff1
  0x0000017ba4983d50: 493b 0049 

  0x0000017ba4983d54: ;   {metadata(method data for {method} {0x0000017bc1010ec0} 'defineClassSourceLocation' '(Ljava/security/ProtectionDomain;)Ljava/lang/String;' in 'java/lang/ClassLoader')}
  0x0000017ba4983d54: 8bd0 48be | 2097 1f02 | 7c01 0000 | 4883 8668 | 0100 0001 | 418b 500c | 48c1 e203 | 4883 fa00 
  0x0000017ba4983d74: ;   {metadata(method data for {method} {0x0000017bc1010ec0} 'defineClassSourceLocation' '(Ljava/security/ProtectionDomain;)Ljava/lang/String;' in 'java/lang/ClassLoader')}
  0x0000017ba4983d74: 48be 2097 | 1f02 7c01 | 0000 48c7 | c7b0 0100 | 000f 8507 | 0000 0048 | c7c7 a001 | 0000 488b 
  0x0000017ba4983d94: 1c3e 488d | 5b01 4889 | 1c3e 0f85 | 0f00 0000 

  0x0000017ba4983da4: ;   {oop(NULL)}
  0x0000017ba4983da4: 48bb 0000 | 0000 0000 | 0000 e94c 

  0x0000017ba4983db0: ;   {metadata(method data for {method} {0x0000017bc1010ec0} 'defineClassSourceLocation' '(Ljava/security/ProtectionDomain;)Ljava/lang/String;' in 'java/lang/ClassLoader')}
  0x0000017ba4983db0: 0100 0048 | be20 971f | 027c 0100 | 0048 8386 | c001 0000 | 0148 3b02 

  0x0000017ba4983dc8: ;   {metadata(method data for {method} {0x0000017bc1010ec0} 'defineClassSourceLocation' '(Ljava/security/ProtectionDomain;)Ljava/lang/String;' in 'java/lang/ClassLoader')}
  0x0000017ba4983dc8: 4c8b c248 | be20 971f | 027c 0100 | 0048 8386 | f801 0000 

  0x0000017ba4983ddc: ;   {metadata(method data for {method} {0x0000017bc1068a68} 'toString' '()Ljava/lang/String;' in 'java/net/URL')}
  0x0000017ba4983ddc: 0149 b818 | 011c 027c | 0100 0041 | 8bb0 cc00 | 0000 83c6 | 0241 89b0 | cc00 0000 | 81e6 feff 
  0x0000017ba4983dfc: 1f00 83fe | 000f 84f4 | 0100 004c 

  0x0000017ba4983e08: ;   {metadata(method data for {method} {0x0000017bc1068a68} 'toString' '()Ljava/lang/String;' in 'java/net/URL')}
  0x0000017ba4983e08: 8bc2 48be | 1801 1c02 | 7c01 0000 | 4883 8610 | 0100 0001 

  0x0000017ba4983e1c: ;   {metadata(method data for {method} {0x0000017bc1069300} 'toExternalForm' '()Ljava/lang/String;' in 'java/net/URL')}
  0x0000017ba4983e1c: 49b8 a002 | 1c02 7c01 | 0000 418b | b0cc 0000 | 0083 c602 | 4189 b0cc | 0000 0081 | e6fe ff1f 
  0x0000017ba4983e3c: 0083 fe00 | 0f84 d601 | 0000 8b72 | 3848 c1e6 | 0348 3b06 

  0x0000017ba4983e50: ;   {metadata(method data for {method} {0x0000017bc1069300} 'toExternalForm' '()Ljava/lang/String;' in 'java/net/URL')}
  0x0000017ba4983e50: 4c8b c648 | bfa0 021c | 027c 0100 | 0045 8b40 | 0849 ba00 | 0000 c17b | 0100 004d | 03c2 4c3b 
  0x0000017ba4983e70: 8720 0100 | 0075 0d48 | 8387 2801 | 0000 01e9 | 6600 0000 | 4c3b 8730 | 0100 0075 | 0d48 8387 
  0x0000017ba4983e90: 3801 0000 | 01e9 5000 | 0000 4881 | bf20 0100 | 0000 0000 | 0075 174c | 8987 2001 | 0000 48c7 
  0x0000017ba4983eb0: 8728 0100 | 0001 0000 | 00e9 2c00 | 0000 4881 | bf30 0100 | 0000 0000 | 0075 174c | 8987 3001 
  0x0000017ba4983ed0: 0000 48c7 | 8738 0100 | 0001 0000 | 00e9 0800 | 0000 4883 | 8710 0100 | 0001 4c8b | c248 8bd6 
  0x0000017ba4983ef0: 0f1f 8000 

  0x0000017ba4983ef4: ;   {optimized virtual_call}
  0x0000017ba4983ef4: 0000 00e8 

  0x0000017ba4983ef8: ; ImmutableOopMap {[120]=Oop [136]=Oop [128]=Oop [152]=Oop }
                      ;*invokevirtual toExternalForm {reexecute=0 rethrow=0 return_oop=0}
                      ; - java.net.URL::toExternalForm@5 (line 1039)
                      ; - java.net.URL::toString@1 (line 1025)
                      ; - java.lang.ClassLoader::defineClassSourceLocation@22 (line 917)
                      ; - java.lang.ClassLoader::defineClass@12 (line 1016)
  0x0000017ba4983ef8: 6481 f9ff | 488b d848 | 8b84 2498 | 0000 008b | b424 9400 | 0000 8bbc | 2490 0000 | 004c 8b8c 
  0x0000017ba4983f18: 2488 0000 | 004c 8b84 | 2480 0000 | 0048 8b54 

  0x0000017ba4983f28: ;   {metadata(method data for {method} {0x0000017bc1010cb0} 'defineClass' '(Ljava/lang/String;[BIILjava/security/ProtectionDomain;)Ljava/lang/Class;' in 'java/lang/ClassLoader')}
  0x0000017ba4983f28: 2478 48b9 | 888b 1f02 | 7c01 0000 | 4883 8180 | 0100 0001 | 4c8b da49 | 8bd3 488b | c848 891c 
  0x0000017ba4983f48: 2466 0f1f 

  0x0000017ba4983f4c: ;   {static_call}
  0x0000017ba4983f4c: 4400 00e8 

  0x0000017ba4983f50: ; ImmutableOopMap {[152]=Oop [120]=Oop }
                      ;*invokestatic defineClass1 {reexecute=0 rethrow=0 return_oop=0}
                      ; - java.lang.ClassLoader::defineClass@27 (line 1017)
  0x0000017ba4983f50: 8ca3 9407 | 488b 5424 

  0x0000017ba4983f58: ;   {metadata(method data for {method} {0x0000017bc1010cb0} 'defineClass' '(Ljava/lang/String;[BIILjava/security/ProtectionDomain;)Ljava/lang/Class;' in 'java/lang/ClassLoader')}
  0x0000017ba4983f58: 7849 b888 | 8b1f 027c | 0100 0049 | 8380 9001 | 0000 014c | 8bc0 4c8b | 8c24 9800 | 0000 488b 
  0x0000017ba4983f78: 5424 7848 | 8984 24a0 | 0000 000f 

  0x0000017ba4983f84: ;   {optimized virtual_call}
  0x0000017ba4983f84: 1f40 00e8 

  0x0000017ba4983f88: ; ImmutableOopMap {[160]=Oop }
                      ;*invokevirtual postDefineClass {reexecute=0 rethrow=0 return_oop=0}
                      ; - java.lang.ClassLoader::defineClass@37 (line 1018)
  0x0000017ba4983f88: 944c 0200 | 488b 8424 | a000 0000 | 4881 c4b0 | 0000 005d 

  0x0000017ba4983f9c: ;   {poll_return}
  0x0000017ba4983f9c: 493b a748 | 0300 000f | 8799 0000 

  0x0000017ba4983fa8: ;   {metadata({method} {0x0000017bc1010cb0} 'defineClass' '(Ljava/lang/String;[BIILjava/security/ProtectionDomain;)Ljava/lang/Class;' in 'java/lang/ClassLoader')}
  0x0000017ba4983fa8: 00c3 49ba | a80c 01c1 | 7b01 0000 | 4c89 5424 | 0848 c704 | 24ff ffff 

  0x0000017ba4983fc0: ;   {runtime_call counter_overflow Runtime1 stub}
  0x0000017ba4983fc0: ffe8 ba72 

  0x0000017ba4983fc4: ; ImmutableOopMap {rdx=Oop [120]=Oop r8=Oop r9=Oop rcx=Oop }
                      ;*synchronization entry
                      ; - java.lang.ClassLoader::defineClass@-1 (line 1015)
  0x0000017ba4983fc4: 4507 e991 

  0x0000017ba4983fc8: ;   {metadata({method} {0x0000017bc1010ec0} 'defineClassSourceLocation' '(Ljava/security/ProtectionDomain;)Ljava/lang/String;' in 'java/lang/ClassLoader')}
  0x0000017ba4983fc8: fcff ff49 | bab8 0e01 | c17b 0100 | 004c 8954 | 2408 48c7 | 0424 ffff 

  0x0000017ba4983fe0: ;   {runtime_call counter_overflow Runtime1 stub}
  0x0000017ba4983fe0: ffff e899 

  0x0000017ba4983fe4: ; ImmutableOopMap {[120]=Oop [136]=Oop [128]=Oop rax=Oop [152]=Oop }
                      ;*synchronization entry
                      ; - java.lang.ClassLoader::defineClassSourceLocation@-1 (line 914)
                      ; - java.lang.ClassLoader::defineClass@12 (line 1016)
  0x0000017ba4983fe4: 7245 07e9 | 01fd ffff 

  0x0000017ba4983fec: ;   {runtime_call throw_null_pointer_exception Runtime1 stub}
  0x0000017ba4983fec: e8af 1845 

  0x0000017ba4983ff0: ; ImmutableOopMap {[120]=Oop [136]=Oop [128]=Oop rax=Oop [152]=Oop }
                      ;*invokevirtual getCodeSource {reexecute=0 rethrow=0 return_oop=0}
                      ; - java.lang.ClassLoader::defineClassSourceLocation@1 (line 914)
                      ; - java.lang.ClassLoader::defineClass@12 (line 1016)
                      ;   {runtime_call throw_null_pointer_exception Runtime1 stub}
  0x0000017ba4983ff0: 07e8 aa18 

  0x0000017ba4983ff4: ; ImmutableOopMap {[120]=Oop [136]=Oop [128]=Oop rax=Oop [152]=Oop r8=Oop }
                      ;*invokevirtual getLocation {reexecute=0 rethrow=0 return_oop=0}
                      ; - java.lang.ClassLoader::defineClassSourceLocation@12 (line 916)
                      ; - java.lang.ClassLoader::defineClass@12 (line 1016)
                      ;   {runtime_call throw_null_pointer_exception Runtime1 stub}
  0x0000017ba4983ff4: 4507 e8a5 

  0x0000017ba4983ff8: ; ImmutableOopMap {[120]=Oop [136]=Oop [128]=Oop [152]=Oop rdx=Oop }
                      ;*invokevirtual toString {reexecute=0 rethrow=0 return_oop=0}
                      ; - java.lang.ClassLoader::defineClassSourceLocation@22 (line 917)
                      ; - java.lang.ClassLoader::defineClass@12 (line 1016)
                      ;   {metadata({method} {0x0000017bc1068a68} 'toString' '()Ljava/lang/String;' in 'java/net/URL')}
  0x0000017ba4983ff8: 1845 0749 | ba60 8a06 | c17b 0100 | 004c 8954 | 2408 48c7 | 0424 ffff 

  0x0000017ba4984010: ;   {runtime_call counter_overflow Runtime1 stub}
  0x0000017ba4984010: ffff e869 

  0x0000017ba4984014: ; ImmutableOopMap {[120]=Oop [136]=Oop [128]=Oop [152]=Oop rdx=Oop }
                      ;*synchronization entry
                      ; - java.net.URL::toString@-1 (line 1025)
                      ; - java.lang.ClassLoader::defineClassSourceLocation@22 (line 917)
                      ; - java.lang.ClassLoader::defineClass@12 (line 1016)
  0x0000017ba4984014: 7245 07e9 | ebfd ffff 

  0x0000017ba498401c: ;   {metadata({method} {0x0000017bc1069300} 'toExternalForm' '()Ljava/lang/String;' in 'java/net/URL')}
  0x0000017ba498401c: 49ba f892 | 06c1 7b01 | 0000 4c89 | 5424 0848 | c704 24ff 

  0x0000017ba4984030: ;   {runtime_call counter_overflow Runtime1 stub}
  0x0000017ba4984030: ffff ffe8 

  0x0000017ba4984034: ; ImmutableOopMap {[120]=Oop [136]=Oop [128]=Oop [152]=Oop rdx=Oop }
                      ;*synchronization entry
                      ; - java.net.URL::toExternalForm@-1 (line 1039)
                      ; - java.net.URL::toString@1 (line 1025)
                      ; - java.lang.ClassLoader::defineClassSourceLocation@22 (line 917)
                      ; - java.lang.ClassLoader::defineClass@12 (line 1016)
  0x0000017ba4984034: 4872 4507 | e909 feff 

  0x0000017ba498403c: ;   {runtime_call throw_null_pointer_exception Runtime1 stub}
  0x0000017ba498403c: ffe8 5e18 

  0x0000017ba4984040: ; ImmutableOopMap {[120]=Oop [136]=Oop [128]=Oop [152]=Oop rdx=Oop rsi=Oop }
                      ;*invokevirtual toExternalForm {reexecute=0 rethrow=0 return_oop=0}
                      ; - java.net.URL::toExternalForm@5 (line 1039)
                      ; - java.net.URL::toString@1 (line 1025)
                      ; - java.lang.ClassLoader::defineClassSourceLocation@22 (line 917)
                      ; - java.lang.ClassLoader::defineClass@12 (line 1016)
                      ;   {internal_word}
  0x0000017ba4984040: 4507 49ba | 9c3f 98a4 | 7b01 0000 | 4d89 9760 

  0x0000017ba4984050: ;   {runtime_call SafepointBlob}
  0x0000017ba4984050: 0300 00e9 | a839 3b07 | 9090 498b | 87d8 0300 | 0049 c787 | d803 0000 | 0000 0000 | 49c7 87e0 
  0x0000017ba4984070: 0300 0000 | 0000 0048 | 81c4 b000 

  0x0000017ba498407c: ;   {runtime_call unwind_exception Runtime1 stub}
  0x0000017ba498407c: 0000 5de9 | fc2e 3c07 | f4f4 f4f4 | f4f4 f4f4 | f4f4 f4f4 | f4f4 f4f4 | f4f4 f4f4 | f4f4 f4f4 
  0x0000017ba498409c: f4f4 f4f4 
[Stub Code]
  0x0000017ba49840a0: ;   {no_reloc}
  0x0000017ba49840a0: 0f1f 4400 

  0x0000017ba49840a4: ;   {static_stub}
  0x0000017ba49840a4: 0048 bb00 | 0000 0000 

  0x0000017ba49840ac: ;   {runtime_call}
  0x0000017ba49840ac: 0000 00e9 | fbff ffff 

  0x0000017ba49840b4: ;   {static_stub}
  0x0000017ba49840b4: 9048 bb00 | 0000 0000 

  0x0000017ba49840bc: ;   {runtime_call}
  0x0000017ba49840bc: 0000 00e9 | fbff ffff 

  0x0000017ba49840c4: ;   {static_stub}
  0x0000017ba49840c4: 9048 bb00 | 0000 0000 

  0x0000017ba49840cc: ;   {runtime_call}
  0x0000017ba49840cc: 0000 00e9 | fbff ffff 

  0x0000017ba49840d4: ;   {static_stub}
  0x0000017ba49840d4: 9048 bb78 | 0f01 c17b 

  0x0000017ba49840dc: ;   {runtime_call I2C/C2I adapters}
  0x0000017ba49840dc: 0100 00e9 | fd98 3a07 
[Exception Handler]
  0x0000017ba49840e4: ;   {runtime_call handle_exception_from_callee Runtime1 stub}
  0x0000017ba49840e4: e897 3845 

  0x0000017ba49840e8: ;   {external_word}
  0x0000017ba49840e8: 0748 b900 | ea48 78fe | 7f00 0048 

  0x0000017ba49840f4: ;   {runtime_call}
  0x0000017ba49840f4: 83e4 f049 | ba40 9611 | 78fe 7f00 | 0041 ffd2 

  0x0000017ba4984104: ;   {section_word}
  0x0000017ba4984104: f449 ba05 | 4198 a47b | 0100 0041 

  0x0000017ba4984110: ;   {runtime_call DeoptimizationBlob}
  0x0000017ba4984110: 52e9 8a2b | 3b07 f4f4 
[/MachCode]


Compiled method (c1) 25867  989       3       java.security.SecureClassLoader::defineClass (16 bytes)
 total in heap  [0x0000017ba4981e90,0x0000017ba4982280] = 1008
 relocation     [0x0000017ba4981ff0,0x0000017ba4982038] = 72
 main code      [0x0000017ba4982040,0x0000017ba4982180] = 320
 stub code      [0x0000017ba4982180,0x0000017ba49821d8] = 88
 metadata       [0x0000017ba49821d8,0x0000017ba49821e0] = 8
 scopes data    [0x0000017ba49821e0,0x0000017ba4982228] = 72
 scopes pcs     [0x0000017ba4982228,0x0000017ba4982278] = 80
 dependencies   [0x0000017ba4982278,0x0000017ba4982280] = 8

[Constant Pool (empty)]

[MachCode]
[Entry Point]
  # {method} {0x0000017bc1435008} 'defineClass' '(Ljava/lang/String;[BIILjava/security/CodeSource;)Ljava/lang/Class;' in 'java/security/SecureClassLoader'
  # this:     rdx:rdx   = 'java/security/SecureClassLoader'
  # parm0:    r8:r8     = 'java/lang/String'
  # parm1:    r9:r9     = '[B'
  # parm2:    rdi       = int
  # parm3:    rsi       = int
  # parm4:    rcx:rcx   = 'java/security/CodeSource'
  #           [sp+0x80]  (sp of caller)
  0x0000017ba4982040: 448b 5208 | 49bb 0000 | 00c1 7b01 | 0000 4d03 | d34c 3bd0 

  0x0000017ba4982054: ;   {runtime_call ic_miss_stub}
  0x0000017ba4982054: 0f85 26f0 | 3a07 660f | 1f44 0000 
[Verified Entry Point]
  0x0000017ba4982060: 8984 2400 | 90ff ff55 | 4883 ec70 

  0x0000017ba498206c: ;   {metadata(method data for {method} {0x0000017bc1435008} 'defineClass' '(Ljava/lang/String;[BIILjava/security/CodeSource;)Ljava/lang/Class;' in 'java/security/SecureClassLoader')}
  0x0000017ba498206c: 48bb e882 | 1f02 7c01 | 0000 8b83 | cc00 0000 | 83c0 0289 | 83cc 0000 | 0081 e0fe | 0700 0083 
  0x0000017ba498208c: f800 0f84 | 8b00 0000 | 8974 245c | 897c 2458 | 4c89 4c24 | 504c 8944 | 2448 488b 

  0x0000017ba49820a8: ;   {metadata(method data for {method} {0x0000017bc1435008} 'defineClass' '(Ljava/lang/String;[BIILjava/security/CodeSource;)Ljava/lang/Class;' in 'java/security/SecureClassLoader')}
  0x0000017ba49820a8: da48 b8e8 | 821f 027c | 0100 0048 | 8380 1001 | 0000 014c | 8bc1 488b | c248 8bd0 | 4889 4424 
  0x0000017ba49820c8: 4066 0f1f 

  0x0000017ba49820cc: ;   {optimized virtual_call}
  0x0000017ba49820cc: 4400 00e8 

  0x0000017ba49820d0: ; ImmutableOopMap {[80]=Oop [64]=Oop [72]=Oop }
                      ;*invokevirtual getProtectionDomain {reexecute=0 rethrow=0 return_oop=0}
                      ; - java.security.SecureClassLoader::defineClass@9 (line 150)
  0x0000017ba49820d0: cc03 0000 | 488b 5424 

  0x0000017ba49820d8: ;   {metadata(method data for {method} {0x0000017bc1435008} 'defineClass' '(Ljava/lang/String;[BIILjava/security/CodeSource;)Ljava/lang/Class;' in 'java/security/SecureClassLoader')}
  0x0000017ba49820d8: 4049 b8e8 | 821f 027c | 0100 0049 | 8380 4801 | 0000 014c | 8b44 2448 | 4c8b 4c24 | 508b 7c24 
  0x0000017ba49820f8: 588b 7424 | 5c48 8bc8 | 488b 5424 

  0x0000017ba4982104: ;   {optimized virtual_call}
  0x0000017ba4982104: 4066 90e8 

  0x0000017ba4982108: ; ImmutableOopMap {}
                      ;*invokevirtual defineClass {reexecute=0 rethrow=0 return_oop=0}
                      ; - java.security.SecureClassLoader::defineClass@12 (line 150)
  0x0000017ba4982108: 141b 0000 | 4883 c470 

  0x0000017ba4982110: ;   {poll_return}
  0x0000017ba4982110: 5d49 3ba7 | 4803 0000 | 0f87 2200 

  0x0000017ba498211c: ;   {metadata({method} {0x0000017bc1435008} 'defineClass' '(Ljava/lang/String;[BIILjava/security/CodeSource;)Ljava/lang/Class;' in 'java/security/SecureClassLoader')}
  0x0000017ba498211c: 0000 c349 | ba00 5043 | c17b 0100 | 004c 8954 | 2408 48c7 | 0424 ffff 

  0x0000017ba4982134: ;   {runtime_call counter_overflow Runtime1 stub}
  0x0000017ba4982134: ffff e845 

  0x0000017ba4982138: ; ImmutableOopMap {rdx=Oop r8=Oop r9=Oop rcx=Oop }
                      ;*synchronization entry
                      ; - java.security.SecureClassLoader::defineClass@-1 (line 150)
  0x0000017ba4982138: 9145 07e9 | 54ff ffff 

  0x0000017ba4982140: ;   {internal_word}
  0x0000017ba4982140: 49ba 1121 | 98a4 7b01 | 0000 4d89 | 9760 0300 

  0x0000017ba4982150: ;   {runtime_call SafepointBlob}
  0x0000017ba4982150: 00e9 aa58 | 3b07 9090 | 498b 87d8 | 0300 0049 | c787 d803 | 0000 0000 | 0000 49c7 | 87e0 0300 
  0x0000017ba4982170: 0000 0000 | 0048 83c4 

  0x0000017ba4982178: ;   {runtime_call unwind_exception Runtime1 stub}
  0x0000017ba4982178: 705d e901 | 4e3c 07f4 
[Stub Code]
  0x0000017ba4982180: ;   {no_reloc}
  0x0000017ba4982180: 0f1f 4400 

  0x0000017ba4982184: ;   {static_stub}
  0x0000017ba4982184: 0048 bbb0 | 5043 c17b 

  0x0000017ba498218c: ;   {runtime_call I2C/C2I adapters}
  0x0000017ba498218c: 0100 00e9 | c944 3b07 

  0x0000017ba4982194: ;   {static_stub}
  0x0000017ba4982194: 9048 bba8 | 0c01 c17b 

  0x0000017ba498219c: ;   {runtime_call I2C/C2I adapters}
  0x0000017ba498219c: 0100 00e9 | 4755 3a07 
[Exception Handler]
  0x0000017ba49821a4: ;   {runtime_call handle_exception_from_callee Runtime1 stub}
  0x0000017ba49821a4: e8d7 5745 

  0x0000017ba49821a8: ;   {external_word}
  0x0000017ba49821a8: 0748 b900 | ea48 78fe | 7f00 0048 

  0x0000017ba49821b4: ;   {runtime_call}
  0x0000017ba49821b4: 83e4 f049 | ba40 9611 | 78fe 7f00 | 0041 ffd2 

  0x0000017ba49821c4: ;   {section_word}
  0x0000017ba49821c4: f449 bac5 | 2198 a47b | 0100 0041 

  0x0000017ba49821d0: ;   {runtime_call DeoptimizationBlob}
  0x0000017ba49821d0: 52e9 ca4a | 3b07 f4f4 
[/MachCode]


---------------  P R O C E S S  ---------------

Threads class SMR info:
_java_thread_list=0x0000017bc04a9fa0, length=13, elements={
0x0000017b9b31d3b0, 0x0000017bbfebf6b0, 0x0000017bbfec40a0, 0x0000017bbfed75d0,
0x0000017bbfed7ea0, 0x0000017bbfed8770, 0x0000017bbfedc060, 0x0000017bbfee2170,
0x0000017bbfefd020, 0x0000017bbff036b0, 0x0000017bc02dab80, 0x0000017bc02dd480,
0x0000017c0696d250
}

Java Threads: ( => current thread )
=>0x0000017b9b31d3b0 JavaThread "main" [_thread_in_vm, id=11100, stack(0x000000434f700000,0x000000434f800000)]
  0x0000017bbfebf6b0 JavaThread "Reference Handler" daemon [_thread_blocked, id=17388, stack(0x000000434fe00000,0x000000434ff00000)]
  0x0000017bbfec40a0 JavaThread "Finalizer" daemon [_thread_blocked, id=20692, stack(0x000000434ff00000,0x0000004350000000)]
  0x0000017bbfed75d0 JavaThread "Signal Dispatcher" daemon [_thread_blocked, id=24108, stack(0x0000004350000000,0x0000004350100000)]
  0x0000017bbfed7ea0 JavaThread "Attach Listener" daemon [_thread_blocked, id=18672, stack(0x0000004350100000,0x0000004350200000)]
  0x0000017bbfed8770 JavaThread "Service Thread" daemon [_thread_blocked, id=15532, stack(0x0000004350200000,0x0000004350300000)]
  0x0000017bbfedc060 JavaThread "Monitor Deflation Thread" daemon [_thread_blocked, id=8720, stack(0x0000004350300000,0x0000004350400000)]
  0x0000017bbfee2170 JavaThread "C2 CompilerThread0" daemon [_thread_blocked, id=23176, stack(0x0000004350400000,0x0000004350500000)]
  0x0000017bbfefd020 JavaThread "C1 CompilerThread0" daemon [_thread_blocked, id=2452, stack(0x0000004350500000,0x0000004350600000)]
  0x0000017bbff036b0 JavaThread "Sweeper thread" daemon [_thread_blocked, id=23180, stack(0x0000004350600000,0x0000004350700000)]
  0x0000017bc02dab80 JavaThread "Notification Thread" daemon [_thread_blocked, id=4508, stack(0x0000004350700000,0x0000004350800000)]
  0x0000017bc02dd480 JavaThread "Common-Cleaner" daemon [_thread_blocked, id=11524, stack(0x0000004350900000,0x0000004350a00000)]
  0x0000017c0696d250 JavaThread "pool-1-thread-1" [_thread_blocked, id=16984, stack(0x0000004351100000,0x0000004351200000)]

Other Threads:
  0x0000017bbfeb9250 VMThread "VM Thread" [stack: 0x000000434fd00000,0x000000434fe00000] [id=15888]
  0x0000017bc02e16d0 WatcherThread [stack: 0x0000004350800000,0x0000004350900000] [id=7368]
  0x0000017b9b38b790 GCTaskThread "GC Thread#0" [stack: 0x000000434f800000,0x000000434f900000] [id=10164]
  0x0000017bc07e0db0 GCTaskThread "GC Thread#1" [stack: 0x0000004350c00000,0x0000004350d00000] [id=14976]
  0x0000017bc09b9400 GCTaskThread "GC Thread#2" [stack: 0x0000004350d00000,0x0000004350e00000] [id=10248]
  0x0000017bc09b96c0 GCTaskThread "GC Thread#3" [stack: 0x0000004350e00000,0x0000004350f00000] [id=22176]
  0x0000017bc0de5610 GCTaskThread "GC Thread#4" [stack: 0x0000004350f00000,0x0000004351000000] [id=18764]
  0x0000017bc0694890 GCTaskThread "GC Thread#5" [stack: 0x0000004351000000,0x0000004351100000] [id=10376]
  0x0000017c06899a20 GCTaskThread "GC Thread#6" [stack: 0x0000004351200000,0x0000004351300000] [id=15020]
  0x0000017b9b39c210 ConcurrentGCThread "G1 Main Marker" [stack: 0x000000434f900000,0x000000434fa00000] [id=11884]
  0x0000017b9b39e560 ConcurrentGCThread "G1 Conc#0" [stack: 0x000000434fa00000,0x000000434fb00000] [id=15744]
  0x0000017b9b3ce4b0 ConcurrentGCThread "G1 Refine#0" [stack: 0x000000434fb00000,0x000000434fc00000] [id=23556]
  0x0000017b9b3cec90 ConcurrentGCThread "G1 Service" [stack: 0x000000434fc00000,0x000000434fd00000] [id=18996]

Threads with active compile tasks:

VM state: not at safepoint (normal execution)

VM Mutex/Monitor currently owned by a thread: None

Heap address: 0x0000000705400000, size: 4012 MB, Compressed Oops mode: Zero based, Oop shift amount: 3

CDS archive(s) mapped at: [0x0000017bc1000000-0x0000017bc1bb0000-0x0000017bc1bb0000), size 12255232, SharedBaseAddress: 0x0000017bc1000000, ArchiveRelocationMode: 1.
Compressed class space mapped at: 0x0000017bc2000000-0x0000017c02000000, reserved size: 1073741824
Narrow klass base: 0x0000017bc1000000, Narrow klass shift: 0, Narrow klass range: 0x100000000

GC Precious Log:
 CPUs: 8 total, 8 available
 Memory: 16043M
 Large Page Support: Disabled
 NUMA Support: Disabled
 Compressed Oops: Enabled (Zero based)
 Heap Region Size: 2M
 Heap Min Capacity: 8M
 Heap Initial Capacity: 252M
 Heap Max Capacity: 4012M
 Pre-touch: Disabled
 Parallel Workers: 8
 Concurrent Workers: 2
 Concurrent Refinement Workers: 8
 Periodic GC: Disabled

Heap:
 garbage-first heap   total 258048K, used 15922K [0x0000000705400000, 0x0000000800000000)
  region size 2048K, 5 young (10240K), 2 survivors (4096K)
 Metaspace       used 10178K, committed 10304K, reserved 1114112K
  class space    used 1347K, committed 1408K, reserved 1048576K

Heap Regions: E=young(eden), S=young(survivor), O=old, HS=humongous(starts), HC=humongous(continues), CS=collection set, F=free, OA=open archive, CA=closed archive, TAMS=top-at-mark-start (previous, next)
|   0|0x0000000705400000, 0x0000000705600000, 0x0000000705600000|100%| O|  |TAMS 0x0000000705400000, 0x0000000705400000| Untracked 
|   1|0x0000000705600000, 0x0000000705800000, 0x0000000705800000|100%|HS|  |TAMS 0x0000000705600000, 0x0000000705600000| Complete 
|   2|0x0000000705800000, 0x0000000705a00000, 0x0000000705a00000|100%|HC|  |TAMS 0x0000000705800000, 0x0000000705800000| Complete 
|   3|0x0000000705a00000, 0x0000000705b8ca00, 0x0000000705c00000| 77%| O|  |TAMS 0x0000000705a00000, 0x0000000705a00000| Untracked 
|   4|0x0000000705c00000, 0x0000000705c00000, 0x0000000705e00000|  0%| F|  |TAMS 0x0000000705c00000, 0x0000000705c00000| Untracked 
|   5|0x0000000705e00000, 0x0000000705e00000, 0x0000000706000000|  0%| F|  |TAMS 0x0000000705e00000, 0x0000000705e00000| Untracked 
|   6|0x0000000706000000, 0x0000000706000000, 0x0000000706200000|  0%| F|  |TAMS 0x0000000706000000, 0x0000000706000000| Untracked 
|   7|0x0000000706200000, 0x0000000706200000, 0x0000000706400000|  0%| F|  |TAMS 0x0000000706200000, 0x0000000706200000| Untracked 
|   8|0x0000000706400000, 0x0000000706400000, 0x0000000706600000|  0%| F|  |TAMS 0x0000000706400000, 0x0000000706400000| Untracked 
|   9|0x0000000706600000, 0x0000000706600000, 0x0000000706800000|  0%| F|  |TAMS 0x0000000706600000, 0x0000000706600000| Untracked 
|  10|0x0000000706800000, 0x0000000706800000, 0x0000000706a00000|  0%| F|  |TAMS 0x0000000706800000, 0x0000000706800000| Untracked 
|  11|0x0000000706a00000, 0x0000000706a00000, 0x0000000706c00000|  0%| F|  |TAMS 0x0000000706a00000, 0x0000000706a00000| Untracked 
|  12|0x0000000706c00000, 0x0000000706c00000, 0x0000000706e00000|  0%| F|  |TAMS 0x0000000706c00000, 0x0000000706c00000| Untracked 
|  13|0x0000000706e00000, 0x0000000706e00000, 0x0000000707000000|  0%| F|  |TAMS 0x0000000706e00000, 0x0000000706e00000| Untracked 
|  14|0x0000000707000000, 0x0000000707000000, 0x0000000707200000|  0%| F|  |TAMS 0x0000000707000000, 0x0000000707000000| Untracked 
|  15|0x0000000707200000, 0x0000000707200000, 0x0000000707400000|  0%| F|  |TAMS 0x0000000707200000, 0x0000000707200000| Untracked 
|  16|0x0000000707400000, 0x0000000707400000, 0x0000000707600000|  0%| F|  |TAMS 0x0000000707400000, 0x0000000707400000| Untracked 
|  17|0x0000000707600000, 0x0000000707600000, 0x0000000707800000|  0%| F|  |TAMS 0x0000000707600000, 0x0000000707600000| Untracked 
|  18|0x0000000707800000, 0x0000000707800000, 0x0000000707a00000|  0%| F|  |TAMS 0x0000000707800000, 0x0000000707800000| Untracked 
|  19|0x0000000707a00000, 0x0000000707a00000, 0x0000000707c00000|  0%| F|  |TAMS 0x0000000707a00000, 0x0000000707a00000| Untracked 
|  20|0x0000000707c00000, 0x0000000707c00000, 0x0000000707e00000|  0%| F|  |TAMS 0x0000000707c00000, 0x0000000707c00000| Untracked 
|  21|0x0000000707e00000, 0x0000000707e00000, 0x0000000708000000|  0%| F|  |TAMS 0x0000000707e00000, 0x0000000707e00000| Untracked 
|  22|0x0000000708000000, 0x0000000708000000, 0x0000000708200000|  0%| F|  |TAMS 0x0000000708000000, 0x0000000708000000| Untracked 
|  23|0x0000000708200000, 0x0000000708200000, 0x0000000708400000|  0%| F|  |TAMS 0x0000000708200000, 0x0000000708200000| Untracked 
|  24|0x0000000708400000, 0x0000000708400000, 0x0000000708600000|  0%| F|  |TAMS 0x0000000708400000, 0x0000000708400000| Untracked 
|  25|0x0000000708600000, 0x0000000708600000, 0x0000000708800000|  0%| F|  |TAMS 0x0000000708600000, 0x0000000708600000| Untracked 
|  26|0x0000000708800000, 0x0000000708800000, 0x0000000708a00000|  0%| F|  |TAMS 0x0000000708800000, 0x0000000708800000| Untracked 
|  27|0x0000000708a00000, 0x0000000708a00000, 0x0000000708c00000|  0%| F|  |TAMS 0x0000000708a00000, 0x0000000708a00000| Untracked 
|  28|0x0000000708c00000, 0x0000000708c00000, 0x0000000708e00000|  0%| F|  |TAMS 0x0000000708c00000, 0x0000000708c00000| Untracked 
|  29|0x0000000708e00000, 0x0000000708e00000, 0x0000000709000000|  0%| F|  |TAMS 0x0000000708e00000, 0x0000000708e00000| Untracked 
|  30|0x0000000709000000, 0x0000000709000000, 0x0000000709200000|  0%| F|  |TAMS 0x0000000709000000, 0x0000000709000000| Untracked 
|  31|0x0000000709200000, 0x0000000709200000, 0x0000000709400000|  0%| F|  |TAMS 0x0000000709200000, 0x0000000709200000| Untracked 
|  32|0x0000000709400000, 0x0000000709400000, 0x0000000709600000|  0%| F|  |TAMS 0x0000000709400000, 0x0000000709400000| Untracked 
|  33|0x0000000709600000, 0x0000000709600000, 0x0000000709800000|  0%| F|  |TAMS 0x0000000709600000, 0x0000000709600000| Untracked 
|  34|0x0000000709800000, 0x0000000709800000, 0x0000000709a00000|  0%| F|  |TAMS 0x0000000709800000, 0x0000000709800000| Untracked 
|  35|0x0000000709a00000, 0x0000000709a00000, 0x0000000709c00000|  0%| F|  |TAMS 0x0000000709a00000, 0x0000000709a00000| Untracked 
|  36|0x0000000709c00000, 0x0000000709c00000, 0x0000000709e00000|  0%| F|  |TAMS 0x0000000709c00000, 0x0000000709c00000| Untracked 
|  37|0x0000000709e00000, 0x0000000709e00000, 0x000000070a000000|  0%| F|  |TAMS 0x0000000709e00000, 0x0000000709e00000| Untracked 
|  38|0x000000070a000000, 0x000000070a000000, 0x000000070a200000|  0%| F|  |TAMS 0x000000070a000000, 0x000000070a000000| Untracked 
|  39|0x000000070a200000, 0x000000070a200000, 0x000000070a400000|  0%| F|  |TAMS 0x000000070a200000, 0x000000070a200000| Untracked 
|  40|0x000000070a400000, 0x000000070a400000, 0x000000070a600000|  0%| F|  |TAMS 0x000000070a400000, 0x000000070a400000| Untracked 
|  41|0x000000070a600000, 0x000000070a600000, 0x000000070a800000|  0%| F|  |TAMS 0x000000070a600000, 0x000000070a600000| Untracked 
|  42|0x000000070a800000, 0x000000070a800000, 0x000000070aa00000|  0%| F|  |TAMS 0x000000070a800000, 0x000000070a800000| Untracked 
|  43|0x000000070aa00000, 0x000000070aa00000, 0x000000070ac00000|  0%| F|  |TAMS 0x000000070aa00000, 0x000000070aa00000| Untracked 
|  44|0x000000070ac00000, 0x000000070ac00000, 0x000000070ae00000|  0%| F|  |TAMS 0x000000070ac00000, 0x000000070ac00000| Untracked 
|  45|0x000000070ae00000, 0x000000070ae00000, 0x000000070b000000|  0%| F|  |TAMS 0x000000070ae00000, 0x000000070ae00000| Untracked 
|  46|0x000000070b000000, 0x000000070b000000, 0x000000070b200000|  0%| F|  |TAMS 0x000000070b000000, 0x000000070b000000| Untracked 
|  47|0x000000070b200000, 0x000000070b200000, 0x000000070b400000|  0%| F|  |TAMS 0x000000070b200000, 0x000000070b200000| Untracked 
|  48|0x000000070b400000, 0x000000070b400000, 0x000000070b600000|  0%| F|  |TAMS 0x000000070b400000, 0x000000070b400000| Untracked 
|  49|0x000000070b600000, 0x000000070b600000, 0x000000070b800000|  0%| F|  |TAMS 0x000000070b600000, 0x000000070b600000| Untracked 
|  50|0x000000070b800000, 0x000000070b800000, 0x000000070ba00000|  0%| F|  |TAMS 0x000000070b800000, 0x000000070b800000| Untracked 
|  51|0x000000070ba00000, 0x000000070ba00000, 0x000000070bc00000|  0%| F|  |TAMS 0x000000070ba00000, 0x000000070ba00000| Untracked 
|  52|0x000000070bc00000, 0x000000070bc00000, 0x000000070be00000|  0%| F|  |TAMS 0x000000070bc00000, 0x000000070bc00000| Untracked 
|  53|0x000000070be00000, 0x000000070be00000, 0x000000070c000000|  0%| F|  |TAMS 0x000000070be00000, 0x000000070be00000| Untracked 
|  54|0x000000070c000000, 0x000000070c000000, 0x000000070c200000|  0%| F|  |TAMS 0x000000070c000000, 0x000000070c000000| Untracked 
|  55|0x000000070c200000, 0x000000070c200000, 0x000000070c400000|  0%| F|  |TAMS 0x000000070c200000, 0x000000070c200000| Untracked 
|  56|0x000000070c400000, 0x000000070c400000, 0x000000070c600000|  0%| F|  |TAMS 0x000000070c400000, 0x000000070c400000| Untracked 
|  57|0x000000070c600000, 0x000000070c600000, 0x000000070c800000|  0%| F|  |TAMS 0x000000070c600000, 0x000000070c600000| Untracked 
|  58|0x000000070c800000, 0x000000070c800000, 0x000000070ca00000|  0%| F|  |TAMS 0x000000070c800000, 0x000000070c800000| Untracked 
|  59|0x000000070ca00000, 0x000000070ca00000, 0x000000070cc00000|  0%| F|  |TAMS 0x000000070ca00000, 0x000000070ca00000| Untracked 
|  60|0x000000070cc00000, 0x000000070cc00000, 0x000000070ce00000|  0%| F|  |TAMS 0x000000070cc00000, 0x000000070cc00000| Untracked 
|  61|0x000000070ce00000, 0x000000070ce00000, 0x000000070d000000|  0%| F|  |TAMS 0x000000070ce00000, 0x000000070ce00000| Untracked 
|  62|0x000000070d000000, 0x000000070d000000, 0x000000070d200000|  0%| F|  |TAMS 0x000000070d000000, 0x000000070d000000| Untracked 
|  63|0x000000070d200000, 0x000000070d200000, 0x000000070d400000|  0%| F|  |TAMS 0x000000070d200000, 0x000000070d200000| Untracked 
|  64|0x000000070d400000, 0x000000070d400000, 0x000000070d600000|  0%| F|  |TAMS 0x000000070d400000, 0x000000070d400000| Untracked 
|  65|0x000000070d600000, 0x000000070d600000, 0x000000070d800000|  0%| F|  |TAMS 0x000000070d600000, 0x000000070d600000| Untracked 
|  66|0x000000070d800000, 0x000000070d800000, 0x000000070da00000|  0%| F|  |TAMS 0x000000070d800000, 0x000000070d800000| Untracked 
|  67|0x000000070da00000, 0x000000070da00000, 0x000000070dc00000|  0%| F|  |TAMS 0x000000070da00000, 0x000000070da00000| Untracked 
|  68|0x000000070dc00000, 0x000000070dc00000, 0x000000070de00000|  0%| F|  |TAMS 0x000000070dc00000, 0x000000070dc00000| Untracked 
|  69|0x000000070de00000, 0x000000070de00000, 0x000000070e000000|  0%| F|  |TAMS 0x000000070de00000, 0x000000070de00000| Untracked 
|  70|0x000000070e000000, 0x000000070e000000, 0x000000070e200000|  0%| F|  |TAMS 0x000000070e000000, 0x000000070e000000| Untracked 
|  71|0x000000070e200000, 0x000000070e200000, 0x000000070e400000|  0%| F|  |TAMS 0x000000070e200000, 0x000000070e200000| Untracked 
|  72|0x000000070e400000, 0x000000070e400000, 0x000000070e600000|  0%| F|  |TAMS 0x000000070e400000, 0x000000070e400000| Untracked 
|  73|0x000000070e600000, 0x000000070e600000, 0x000000070e800000|  0%| F|  |TAMS 0x000000070e600000, 0x000000070e600000| Untracked 
|  74|0x000000070e800000, 0x000000070e800000, 0x000000070ea00000|  0%| F|  |TAMS 0x000000070e800000, 0x000000070e800000| Untracked 
|  75|0x000000070ea00000, 0x000000070ea00000, 0x000000070ec00000|  0%| F|  |TAMS 0x000000070ea00000, 0x000000070ea00000| Untracked 
|  76|0x000000070ec00000, 0x000000070ec00000, 0x000000070ee00000|  0%| F|  |TAMS 0x000000070ec00000, 0x000000070ec00000| Untracked 
|  77|0x000000070ee00000, 0x000000070ee00000, 0x000000070f000000|  0%| F|  |TAMS 0x000000070ee00000, 0x000000070ee00000| Untracked 
|  78|0x000000070f000000, 0x000000070f000000, 0x000000070f200000|  0%| F|  |TAMS 0x000000070f000000, 0x000000070f000000| Untracked 
|  79|0x000000070f200000, 0x000000070f200000, 0x000000070f400000|  0%| F|  |TAMS 0x000000070f200000, 0x000000070f200000| Untracked 
|  80|0x000000070f400000, 0x000000070f400000, 0x000000070f600000|  0%| F|  |TAMS 0x000000070f400000, 0x000000070f400000| Untracked 
|  81|0x000000070f600000, 0x000000070f600000, 0x000000070f800000|  0%| F|  |TAMS 0x000000070f600000, 0x000000070f600000| Untracked 
|  82|0x000000070f800000, 0x000000070f800000, 0x000000070fa00000|  0%| F|  |TAMS 0x000000070f800000, 0x000000070f800000| Untracked 
|  83|0x000000070fa00000, 0x000000070fa00000, 0x000000070fc00000|  0%| F|  |TAMS 0x000000070fa00000, 0x000000070fa00000| Untracked 
|  84|0x000000070fc00000, 0x000000070fc00000, 0x000000070fe00000|  0%| F|  |TAMS 0x000000070fc00000, 0x000000070fc00000| Untracked 
|  85|0x000000070fe00000, 0x000000070fe00000, 0x0000000710000000|  0%| F|  |TAMS 0x000000070fe00000, 0x000000070fe00000| Untracked 
|  86|0x0000000710000000, 0x0000000710000000, 0x0000000710200000|  0%| F|  |TAMS 0x0000000710000000, 0x0000000710000000| Untracked 
|  87|0x0000000710200000, 0x0000000710200000, 0x0000000710400000|  0%| F|  |TAMS 0x0000000710200000, 0x0000000710200000| Untracked 
|  88|0x0000000710400000, 0x0000000710400000, 0x0000000710600000|  0%| F|  |TAMS 0x0000000710400000, 0x0000000710400000| Untracked 
|  89|0x0000000710600000, 0x0000000710600000, 0x0000000710800000|  0%| F|  |TAMS 0x0000000710600000, 0x0000000710600000| Untracked 
|  90|0x0000000710800000, 0x0000000710800000, 0x0000000710a00000|  0%| F|  |TAMS 0x0000000710800000, 0x0000000710800000| Untracked 
|  91|0x0000000710a00000, 0x0000000710a00000, 0x0000000710c00000|  0%| F|  |TAMS 0x0000000710a00000, 0x0000000710a00000| Untracked 
|  92|0x0000000710c00000, 0x0000000710c00000, 0x0000000710e00000|  0%| F|  |TAMS 0x0000000710c00000, 0x0000000710c00000| Untracked 
|  93|0x0000000710e00000, 0x0000000710e00000, 0x0000000711000000|  0%| F|  |TAMS 0x0000000710e00000, 0x0000000710e00000| Untracked 
|  94|0x0000000711000000, 0x0000000711000000, 0x0000000711200000|  0%| F|  |TAMS 0x0000000711000000, 0x0000000711000000| Untracked 
|  95|0x0000000711200000, 0x0000000711200000, 0x0000000711400000|  0%| F|  |TAMS 0x0000000711200000, 0x0000000711200000| Untracked 
|  96|0x0000000711400000, 0x0000000711400000, 0x0000000711600000|  0%| F|  |TAMS 0x0000000711400000, 0x0000000711400000| Untracked 
|  97|0x0000000711600000, 0x0000000711600000, 0x0000000711800000|  0%| F|  |TAMS 0x0000000711600000, 0x0000000711600000| Untracked 
|  98|0x0000000711800000, 0x0000000711800000, 0x0000000711a00000|  0%| F|  |TAMS 0x0000000711800000, 0x0000000711800000| Untracked 
|  99|0x0000000711a00000, 0x0000000711a00000, 0x0000000711c00000|  0%| F|  |TAMS 0x0000000711a00000, 0x0000000711a00000| Untracked 
| 100|0x0000000711c00000, 0x0000000711c00000, 0x0000000711e00000|  0%| F|  |TAMS 0x0000000711c00000, 0x0000000711c00000| Untracked 
| 101|0x0000000711e00000, 0x0000000711e00000, 0x0000000712000000|  0%| F|  |TAMS 0x0000000711e00000, 0x0000000711e00000| Untracked 
| 102|0x0000000712000000, 0x0000000712000000, 0x0000000712200000|  0%| F|  |TAMS 0x0000000712000000, 0x0000000712000000| Untracked 
| 103|0x0000000712200000, 0x0000000712200000, 0x0000000712400000|  0%| F|  |TAMS 0x0000000712200000, 0x0000000712200000| Untracked 
| 104|0x0000000712400000, 0x0000000712400000, 0x0000000712600000|  0%| F|  |TAMS 0x0000000712400000, 0x0000000712400000| Untracked 
| 105|0x0000000712600000, 0x0000000712600000, 0x0000000712800000|  0%| F|  |TAMS 0x0000000712600000, 0x0000000712600000| Untracked 
| 106|0x0000000712800000, 0x0000000712a00000, 0x0000000712a00000|100%| S|CS|TAMS 0x0000000712800000, 0x0000000712800000| Complete 
| 107|0x0000000712a00000, 0x0000000712c00000, 0x0000000712c00000|100%| S|CS|TAMS 0x0000000712a00000, 0x0000000712a00000| Complete 
| 108|0x0000000712c00000, 0x0000000712c00000, 0x0000000712e00000|  0%| F|  |TAMS 0x0000000712c00000, 0x0000000712c00000| Untracked 
| 109|0x0000000712e00000, 0x0000000712e00000, 0x0000000713000000|  0%| F|  |TAMS 0x0000000712e00000, 0x0000000712e00000| Untracked 
| 110|0x0000000713000000, 0x0000000713000000, 0x0000000713200000|  0%| F|  |TAMS 0x0000000713000000, 0x0000000713000000| Untracked 
| 111|0x0000000713200000, 0x0000000713200000, 0x0000000713400000|  0%| F|  |TAMS 0x0000000713200000, 0x0000000713200000| Untracked 
| 112|0x0000000713400000, 0x0000000713400000, 0x0000000713600000|  0%| F|  |TAMS 0x0000000713400000, 0x0000000713400000| Untracked 
| 113|0x0000000713600000, 0x0000000713600000, 0x0000000713800000|  0%| F|  |TAMS 0x0000000713600000, 0x0000000713600000| Untracked 
| 114|0x0000000713800000, 0x0000000713800000, 0x0000000713a00000|  0%| F|  |TAMS 0x0000000713800000, 0x0000000713800000| Untracked 
| 115|0x0000000713a00000, 0x0000000713a00000, 0x0000000713c00000|  0%| F|  |TAMS 0x0000000713a00000, 0x0000000713a00000| Untracked 
| 116|0x0000000713c00000, 0x0000000713c00000, 0x0000000713e00000|  0%| F|  |TAMS 0x0000000713c00000, 0x0000000713c00000| Untracked 
| 117|0x0000000713e00000, 0x0000000713e00000, 0x0000000714000000|  0%| F|  |TAMS 0x0000000713e00000, 0x0000000713e00000| Untracked 
| 118|0x0000000714000000, 0x0000000714000000, 0x0000000714200000|  0%| F|  |TAMS 0x0000000714000000, 0x0000000714000000| Untracked 
| 119|0x0000000714200000, 0x0000000714200000, 0x0000000714400000|  0%| F|  |TAMS 0x0000000714200000, 0x0000000714200000| Untracked 
| 120|0x0000000714400000, 0x0000000714400000, 0x0000000714600000|  0%| F|  |TAMS 0x0000000714400000, 0x0000000714400000| Untracked 
| 121|0x0000000714600000, 0x0000000714600000, 0x0000000714800000|  0%| F|  |TAMS 0x0000000714600000, 0x0000000714600000| Untracked 
| 122|0x0000000714800000, 0x0000000714800000, 0x0000000714a00000|  0%| F|  |TAMS 0x0000000714800000, 0x0000000714800000| Untracked 
| 123|0x0000000714a00000, 0x0000000714bbbb68, 0x0000000714c00000| 86%| E|  |TAMS 0x0000000714a00000, 0x0000000714a00000| Complete 
| 124|0x0000000714c00000, 0x0000000714e00000, 0x0000000714e00000|100%| E|CS|TAMS 0x0000000714c00000, 0x0000000714c00000| Complete 
| 125|0x0000000714e00000, 0x0000000715000000, 0x0000000715000000|100%| E|CS|TAMS 0x0000000714e00000, 0x0000000714e00000| Complete 

Card table byte_map: [0x0000017bb4900000,0x0000017bb50e0000] _byte_map_base: 0x0000017bb10d6000

Marking Bits (Prev, Next): (CMBitMap*) 0x0000017b9b38bcc0, (CMBitMap*) 0x0000017b9b38bd00
 Prev Bits: [0x0000017bb58c0000, 0x0000017bb9770000)
 Next Bits: [0x0000017bb9770000, 0x0000017bbd620000)

Polling page: 0x0000017b9b3d0000

Metaspace:

Usage:
  Non-class:      8.62 MB used.
      Class:      1.32 MB used.
       Both:      9.94 MB used.

Virtual space:
  Non-class space:       64.00 MB reserved,       8.69 MB ( 14%) committed,  1 nodes.
      Class space:        1.00 GB reserved,       1.38 MB ( <1%) committed,  1 nodes.
             Both:        1.06 GB reserved,      10.06 MB ( <1%) committed. 

Chunk freelists:
   Non-Class:  6.38 MB
       Class:  14.45 MB
        Both:  20.83 MB

MaxMetaspaceSize: unlimited
CompressedClassSpaceSize: 1.00 GB
Initial GC threshold: 21.00 MB
Current GC threshold: 21.00 MB
CDS: on
MetaspaceReclaimPolicy: balanced
 - commit_granule_bytes: 65536.
 - commit_granule_words: 8192.
 - virtual_space_node_default_size: 8388608.
 - enlarge_chunks_in_place: 1.
 - new_chunks_are_fully_committed: 0.
 - uncommit_free_chunks: 1.
 - use_allocation_guard: 0.
 - handle_deallocations: 1.


Internal statistics:

num_allocs_failed_limit: 0.
num_arena_births: 86.
num_arena_deaths: 0.
num_vsnodes_births: 2.
num_vsnodes_deaths: 0.
num_space_committed: 161.
num_space_uncommitted: 0.
num_chunks_returned_to_freelist: 0.
num_chunks_taken_from_freelist: 360.
num_chunk_merges: 0.
num_chunk_splits: 235.
num_chunks_enlarged: 200.
num_inconsistent_stats: 0.

CodeHeap 'non-profiled nmethods': size=120000Kb used=780Kb max_used=780Kb free=119219Kb
 bounds [0x0000017bac280000, 0x0000017bac4f0000, 0x0000017bb37b0000]
CodeHeap 'profiled nmethods': size=120000Kb used=3015Kb max_used=3015Kb free=116984Kb
 bounds [0x0000017ba47b0000, 0x0000017ba4ab0000, 0x0000017babce0000]
CodeHeap 'non-nmethods': size=5760Kb used=1179Kb max_used=1205Kb free=4580Kb
 bounds [0x0000017babce0000, 0x0000017babf50000, 0x0000017bac280000]
 total_blobs=2119 nmethods=1642 adapters=390
 compilation: enabled
              stopped_count=0, restarted_count=0
 full_count=0

Compilation events (20 events):
Event: 25.231 Thread 0x0000017bbfefd020 nmethod 1631 0x0000017ba4a9c410 code [0x0000017ba4a9c620, 0x0000017ba4a9cc08]
Event: 25.231 Thread 0x0000017bbfefd020 1632       3       com.esotericsoftware.kryo.io.Input::readString (127 bytes)
Event: 25.232 Thread 0x0000017bbfefd020 nmethod 1632 0x0000017ba4a9ce90 code [0x0000017ba4a9d0c0, 0x0000017ba4a9d698]
Event: 25.277 Thread 0x0000017bbfefd020 1633       3       java.nio.CharBuffer::arrayOffset (35 bytes)
Event: 25.278 Thread 0x0000017bbfefd020 nmethod 1633 0x0000017ba4a9d890 code [0x0000017ba4a9da60, 0x0000017ba4a9dd38]
Event: 25.371 Thread 0x0000017bbfefd020 1634       3       jdk.internal.misc.Unsafe::getAndBitwiseAndInt (27 bytes)
Event: 25.371 Thread 0x0000017bbfefd020 nmethod 1634 0x0000017ba4a9de90 code [0x0000017ba4a9e040, 0x0000017ba4a9e288]
Event: 25.465 Thread 0x0000017bbfefd020 1635       3       java.util.concurrent.locks.AbstractQueuedSynchronizer$Node::<init> (5 bytes)
Event: 25.466 Thread 0x0000017bbfefd020 nmethod 1635 0x0000017ba4a9e390 code [0x0000017ba4a9e540, 0x0000017ba4a9e698]
Event: 25.578 Thread 0x0000017bbfefd020 1636       3       java.util.concurrent.locks.AbstractQueuedSynchronizer::acquire (20 bytes)
Event: 25.578 Thread 0x0000017bbfefd020 nmethod 1636 0x0000017ba4a9e790 code [0x0000017ba4a9e940, 0x0000017ba4a9ebb8]
Event: 25.578 Thread 0x0000017bbfefd020 1637       3       java.util.concurrent.ThreadPoolExecutor$Worker::unlock (7 bytes)
Event: 25.579 Thread 0x0000017bbfefd020 nmethod 1637 0x0000017ba4a9ec90 code [0x0000017ba4a9ee40, 0x0000017ba4a9f0a8]
Event: 25.777 Thread 0x0000017bbfefd020 1638       3       java.util.concurrent.locks.AbstractQueuedSynchronizer$ConditionNode::<init> (5 bytes)
Event: 25.777 Thread 0x0000017bbfefd020 nmethod 1638 0x0000017ba4a9f190 code [0x0000017ba4a9f340, 0x0000017ba4a9f4f8]
Event: 25.777 Thread 0x0000017bbfefd020 1639       3       java.util.concurrent.locks.AbstractQueuedSynchronizer$ConditionObject::enableWait (84 bytes)
Event: 25.778 Thread 0x0000017bbfefd020 nmethod 1639 0x0000017ba4a9f610 code [0x0000017ba4a9f840, 0x0000017ba4a9ffa8]
Event: 25.778 Thread 0x0000017bbfefd020 1640       3       java.util.concurrent.locks.AbstractQueuedSynchronizer$Node::setStatusRelaxed (12 bytes)
Event: 25.778 Thread 0x0000017bbfefd020 nmethod 1640 0x0000017ba4aa0210 code [0x0000017ba4aa03a0, 0x0000017ba4aa04b8]
Event: 25.789 Thread 0x0000017bbfefd020 1642       3       java.lang.invoke.DirectMethodHandle::<init> (148 bytes)

GC Heap History (4 events):
Event: 0.369 GC heap before
{Heap before GC invocations=0 (full 0):
 garbage-first heap   total 258048K, used 22528K [0x0000000705400000, 0x0000000800000000)
  region size 2048K, 11 young (22528K), 0 survivors (0K)
 Metaspace       used 1915K, committed 2048K, reserved 1114112K
  class space    used 169K, committed 192K, reserved 1048576K
}
Event: 0.371 GC heap after
{Heap after GC invocations=1 (full 0):
 garbage-first heap   total 258048K, used 4185K [0x0000000705400000, 0x0000000800000000)
  region size 2048K, 2 young (4096K), 2 survivors (4096K)
 Metaspace       used 1915K, committed 2048K, reserved 1114112K
  class space    used 169K, committed 192K, reserved 1048576K
}
Event: 1.315 GC heap before
{Heap before GC invocations=1 (full 0):
 garbage-first heap   total 258048K, used 41049K [0x0000000705400000, 0x0000000800000000)
  region size 2048K, 18 young (36864K), 2 survivors (4096K)
 Metaspace       used 8525K, committed 8704K, reserved 1114112K
  class space    used 1153K, committed 1280K, reserved 1048576K
}
Event: 1.319 GC heap after
{Heap after GC invocations=2 (full 0):
 garbage-first heap   total 258048K, used 11826K [0x0000000705400000, 0x0000000800000000)
  region size 2048K, 2 young (4096K), 2 survivors (4096K)
 Metaspace       used 8525K, committed 8704K, reserved 1114112K
  class space    used 1153K, committed 1280K, reserved 1048576K
}

Dll operation events (12 events):
Event: 0.008 Loaded shared library E:\JAVA\bin\java.dll
Event: 0.024 Loaded shared library E:\JAVA\bin\jsvml.dll
Event: 0.058 Loaded shared library E:\JAVA\bin\net.dll
Event: 0.060 Loaded shared library E:\JAVA\bin\nio.dll
Event: 0.063 Loaded shared library E:\JAVA\bin\zip.dll
Event: 0.067 Loaded shared library E:\JAVA\bin\verify.dll
Event: 0.100 Loaded shared library E:\JAVA\bin\jimage.dll
Event: 0.739 Loaded shared library E:\gradle\native\c067742578af261105cb4f569cf0c3c89f3d7b1fecec35dd04571415982c5e48\windows-amd64\native-platform.dll
Event: 0.881 Loaded shared library E:\JAVA\bin\management.dll
Event: 0.883 Loaded shared library E:\JAVA\bin\management_ext.dll
Event: 1.217 Loaded shared library E:\JAVA\bin\extnet.dll
Event: 3.214 Loaded shared library E:\JAVA\bin\sunmscapi.dll

Deoptimization events (20 events):
Event: 1.359 Thread 0x0000017c06639dd0 Uncommon trap: trap_request=0xffffff45 fr.pc=0x0000017bac30f9a0 relative=0x0000000000000400
Event: 1.359 Thread 0x0000017c06639dd0 Uncommon trap: reason=unstable_if action=reinterpret pc=0x0000017bac30f9a0 method=java.lang.AbstractStringBuilder.isLatin1()Z @ 10 c2
Event: 1.359 Thread 0x0000017c06639dd0 DEOPT PACKING pc=0x0000017bac30f9a0 sp=0x00000043513feb30
Event: 1.359 Thread 0x0000017c06639dd0 DEOPT UNPACKING pc=0x0000017babd369a3 sp=0x00000043513feab0 mode 2
Event: 3.152 Thread 0x0000017c06639dd0 Uncommon trap: trap_request=0xffffff45 fr.pc=0x0000017bac3069a8 relative=0x0000000000000088
Event: 3.152 Thread 0x0000017c06639dd0 Uncommon trap: reason=unstable_if action=reinterpret pc=0x0000017bac3069a8 method=java.lang.String.codePointAt(I)I @ 4 c2
Event: 3.152 Thread 0x0000017c06639dd0 DEOPT PACKING pc=0x0000017bac3069a8 sp=0x00000043513feac0
Event: 3.152 Thread 0x0000017c06639dd0 DEOPT UNPACKING pc=0x0000017babd369a3 sp=0x00000043513fea58 mode 2
Event: 3.154 Thread 0x0000017c06ab4030 Uncommon trap: trap_request=0xffffff45 fr.pc=0x0000017bac304e00 relative=0x0000000000000f40
Event: 3.154 Thread 0x0000017c06ab4030 Uncommon trap: reason=unstable_if action=reinterpret pc=0x0000017bac304e00 method=java.util.concurrent.ConcurrentHashMap.putVal(Ljava/lang/Object;Ljava/lang/Object;Z)Ljava/lang/Object; @ 97 c2
Event: 3.154 Thread 0x0000017c06ab4030 DEOPT PACKING pc=0x0000017bac304e00 sp=0x00000043515fe0e0
Event: 3.155 Thread 0x0000017c06ab4030 DEOPT UNPACKING pc=0x0000017babd369a3 sp=0x00000043515fe068 mode 2
Event: 3.210 Thread 0x0000017b9b31d3b0 Uncommon trap: trap_request=0xffffff45 fr.pc=0x0000017bac2c42b8 relative=0x0000000000000b18
Event: 3.210 Thread 0x0000017b9b31d3b0 Uncommon trap: reason=unstable_if action=reinterpret pc=0x0000017bac2c42b8 method=java.util.HashMap.putVal(ILjava/lang/Object;Ljava/lang/Object;ZZ)Ljava/lang/Object; @ 162 c2
Event: 3.210 Thread 0x0000017b9b31d3b0 DEOPT PACKING pc=0x0000017bac2c42b8 sp=0x000000434f7fb160
Event: 3.210 Thread 0x0000017b9b31d3b0 DEOPT UNPACKING pc=0x0000017babd369a3 sp=0x000000434f7fb098 mode 2
Event: 3.254 Thread 0x0000017b9b31d3b0 Uncommon trap: trap_request=0xffffff45 fr.pc=0x0000017bac2f5050 relative=0x0000000000000470
Event: 3.254 Thread 0x0000017b9b31d3b0 Uncommon trap: reason=unstable_if action=reinterpret pc=0x0000017bac2f5050 method=java.util.regex.Matcher.match(II)Z @ 76 c2
Event: 3.254 Thread 0x0000017b9b31d3b0 DEOPT PACKING pc=0x0000017bac2f5050 sp=0x000000434f7fc260
Event: 3.254 Thread 0x0000017b9b31d3b0 DEOPT UNPACKING pc=0x0000017babd369a3 sp=0x000000434f7fc218 mode 2

Classes loaded (20 events):
Event: 20.529 Loading class java/io/Bits
Event: 20.529 Loading class java/io/Bits done
Event: 25.784 Loading class sun/net/ConnectionResetException
Event: 25.785 Loading class sun/net/ConnectionResetException done
Event: 25.787 Loading class java/nio/file/FileChannelLinesSpliterator
Event: 25.787 Loading class java/nio/file/FileChannelLinesSpliterator done
Event: 25.787 Loading class sun/nio/fs/WindowsSecurityDescriptor
Event: 25.787 Loading class sun/nio/fs/WindowsSecurityDescriptor done
Event: 25.787 Loading class sun/nio/fs/WindowsChannelFactory
Event: 25.788 Loading class sun/nio/fs/WindowsChannelFactory done
Event: 25.788 Loading class sun/nio/fs/WindowsChannelFactory$1
Event: 25.788 Loading class sun/nio/fs/WindowsChannelFactory$1 done
Event: 25.788 Loading class sun/nio/fs/WindowsChannelFactory$Flags
Event: 25.788 Loading class sun/nio/fs/WindowsChannelFactory$Flags done
Event: 25.788 Loading class sun/nio/fs/WindowsChannelFactory$2
Event: 25.788 Loading class sun/nio/fs/WindowsChannelFactory$2 done
Event: 25.788 Loading class sun/nio/ch/FileChannelImpl$Closer
Event: 25.788 Loading class sun/nio/ch/FileChannelImpl$Closer done
Event: 25.789 Loading class java/util/stream/Streams$1
Event: 25.789 Loading class java/util/stream/Streams$1 done

Classes unloaded (0 events):
No events

Classes redefined (0 events):
No events

Internal exceptions (20 events):
Event: 0.714 Thread 0x0000017b9b31d3b0 Exception <a 'java/lang/NoSuchMethodError'{0x00000007145cb668}: 'void java.lang.invoke.DelegatingMethodHandle$Holder.delegate(java.lang.Object, java.lang.Object, int, java.lang.Object)'> (0x00000007145cb668) 
thrown [s\src\hotspot\share\interpreter\linkResolver.cpp, line 759]
Event: 0.715 Thread 0x0000017b9b31d3b0 Exception <a 'java/lang/NoSuchMethodError'{0x00000007145cf6a0}: 'int java.lang.invoke.DirectMethodHandle$Holder.invokeSpecial(java.lang.Object, java.lang.Object, java.lang.Object)'> (0x00000007145cf6a0) 
thrown [s\src\hotspot\share\interpreter\linkResolver.cpp, line 759]
Event: 0.719 Thread 0x0000017b9b31d3b0 Exception <a 'java/lang/NoSuchMethodError'{0x00000007145e2a00}: 'java.lang.Object java.lang.invoke.Invokers$Holder.invokeExact_MT(java.lang.Object, java.lang.Object, java.lang.Object, java.lang.Object)'> (0x00000007145e2a00) 
thrown [s\src\hotspot\share\interpreter\linkResolver.cpp, line 759]
Event: 0.729 Thread 0x0000017b9b31d3b0 Exception <a 'java/lang/NoSuchMethodError'{0x000000071421c860}: 'java.lang.Object java.lang.invoke.DirectMethodHandle$Holder.invokeVirtual(java.lang.Object, java.lang.Object, java.lang.Object)'> (0x000000071421c860) 
thrown [s\src\hotspot\share\interpreter\linkResolver.cpp, line 759]
Event: 0.797 Thread 0x0000017b9b31d3b0 Exception <a 'java/lang/NoSuchMethodError'{0x0000000714152b48}: 'java.lang.Object java.lang.invoke.DirectMethodHandle$Holder.newInvokeSpecial(java.lang.Object, java.lang.Object, java.lang.Object, java.lang.Object, java.lang.Object)'> (0x0000000714152b48) 
thrown [s\src\hotspot\share\interpreter\linkResolver.cpp, line 759]
Event: 0.851 Thread 0x0000017b9b31d3b0 Exception <a 'java/lang/NoSuchMethodError'{0x0000000713c23d68}: 'void java.lang.invoke.DirectMethodHandle$Holder.invokeSpecial(java.lang.Object, java.lang.Object, java.lang.Object)'> (0x0000000713c23d68) 
thrown [s\src\hotspot\share\interpreter\linkResolver.cpp, line 759]
Event: 0.860 Thread 0x0000017b9b31d3b0 Implicit null exception at 0x0000017bac2e0990 to 0x0000017bac2e0f24
Event: 0.860 Thread 0x0000017b9b31d3b0 Implicit null exception at 0x0000017bac2cbc10 to 0x0000017bac2cc1b8
Event: 0.879 Thread 0x0000017b9b31d3b0 Exception <a 'java/lang/NoSuchMethodError'{0x0000000713dabb50}: 'java.lang.Object java.lang.invoke.DirectMethodHandle$Holder.invokeStaticInit(java.lang.Object)'> (0x0000000713dabb50) 
thrown [s\src\hotspot\share\interpreter\linkResolver.cpp, line 759]
Event: 0.904 Thread 0x0000017b9b31d3b0 Exception <a 'java/lang/NoSuchMethodError'{0x0000000713a44ef0}: 'int java.lang.invoke.DirectMethodHandle$Holder.invokeVirtual(java.lang.Object, java.lang.Object, java.lang.Object)'> (0x0000000713a44ef0) 
thrown [s\src\hotspot\share\interpreter\linkResolver.cpp, line 759]
Event: 0.946 Thread 0x0000017b9b31d3b0 Exception <a 'java/lang/NoSuchMethodError'{0x0000000713497c20}: 'java.lang.Object java.lang.invoke.DirectMethodHandle$Holder.invokeSpecialIFC(java.lang.Object, java.lang.Object, java.lang.Object, java.lang.Object)'> (0x0000000713497c20) 
thrown [s\src\hotspot\share\interpreter\linkResolver.cpp, line 759]
Event: 0.999 Thread 0x0000017b9b31d3b0 Exception <a 'java/lang/NoSuchMethodError'{0x000000071335fd20}: 'java.lang.Object java.lang.invoke.DirectMethodHandle$Holder.invokeStaticInit(java.lang.Object, int, int, int, int)'> (0x000000071335fd20) 
thrown [s\src\hotspot\share\interpreter\linkResolver.cpp, line 759]
Event: 1.079 Thread 0x0000017b9b31d3b0 Exception <a 'java/lang/NoSuchMethodError'{0x00000007133f9d48}: 'java.lang.Object java.lang.invoke.DirectMethodHandle$Holder.invokeStaticInit(java.lang.Object, java.lang.Object, int, int, int, int)'> (0x00000007133f9d48) 
thrown [s\src\hotspot\share\interpreter\linkResolver.cpp, line 759]
Event: 1.221 Thread 0x0000017b9b31d3b0 Exception <a 'java/lang/NoSuchMethodError'{0x000000071302d168}: 'void java.lang.invoke.DirectMethodHandle$Holder.invokeStatic(java.lang.Object, java.lang.Object, java.lang.Object)'> (0x000000071302d168) 
thrown [s\src\hotspot\share\interpreter\linkResolver.cpp, line 759]
Event: 1.339 Thread 0x0000017c06639dd0 Exception <a 'java/lang/NoSuchMethodError'{0x0000000714eaf990}: 'void java.lang.invoke.DirectMethodHandle$Holder.invokeStatic(java.lang.Object, long)'> (0x0000000714eaf990) 
thrown [s\src\hotspot\share\interpreter\linkResolver.cpp, line 759]
Event: 1.340 Thread 0x0000017c06639dd0 Exception <a 'java/lang/NoSuchMethodError'{0x0000000714eb52e8}: 'java.lang.Object java.lang.invoke.DirectMethodHandle$Holder.newInvokeSpecial(java.lang.Object, long)'> (0x0000000714eb52e8) 
thrown [s\src\hotspot\share\interpreter\linkResolver.cpp, line 759]
Event: 1.342 Thread 0x0000017c06639dd0 Exception <a 'java/lang/NoSuchMethodError'{0x0000000714ec03b0}: 'java.lang.Object java.lang.invoke.DirectMethodHandle$Holder.invokeStaticInit(java.lang.Object, java.lang.Object, long, java.lang.Object)'> (0x0000000714ec03b0) 
thrown [s\src\hotspot\share\interpreter\linkResolver.cpp, line 759]
Event: 1.343 Thread 0x0000017c06639dd0 Exception <a 'java/lang/NoSuchMethodError'{0x0000000714ec6a38}: 'java.lang.Object java.lang.invoke.DirectMethodHandle$Holder.newInvokeSpecial(java.lang.Object, java.lang.Object, long)'> (0x0000000714ec6a38) 
thrown [s\src\hotspot\share\interpreter\linkResolver.cpp, line 759]
Event: 1.343 Thread 0x0000017c06639dd0 Exception <a 'java/lang/NoSuchMethodError'{0x0000000714ecad28}: 'java.lang.Object java.lang.invoke.Invokers$Holder.linkToTargetMethod(java.lang.Object, long, java.lang.Object)'> (0x0000000714ecad28) 
thrown [s\src\hotspot\share\interpreter\linkResolver.cpp, line 759]
Event: 25.785 Thread 0x0000017b9b31d3b0 Exception <a 'sun/net/ConnectionResetException'{0x0000000714b05430}: Connection reset> (0x0000000714b05430) 
thrown [s\src\hotspot\share\prims\jni.cpp, line 535]

VM Operations (20 events):
Event: 3.187 Executing VM operation: HandshakeAllThreads
Event: 3.187 Executing VM operation: HandshakeAllThreads done
Event: 3.306 Executing VM operation: HandshakeAllThreads
Event: 3.306 Executing VM operation: HandshakeAllThreads done
Event: 4.309 Executing VM operation: Cleanup
Event: 4.309 Executing VM operation: Cleanup done
Event: 5.316 Executing VM operation: Cleanup
Event: 5.316 Executing VM operation: Cleanup done
Event: 16.407 Executing VM operation: Cleanup
Event: 16.407 Executing VM operation: Cleanup done
Event: 20.439 Executing VM operation: Cleanup
Event: 20.439 Executing VM operation: Cleanup done
Event: 21.450 Executing VM operation: Cleanup
Event: 21.450 Executing VM operation: Cleanup done
Event: 23.470 Executing VM operation: Cleanup
Event: 23.470 Executing VM operation: Cleanup done
Event: 24.484 Executing VM operation: Cleanup
Event: 24.484 Executing VM operation: Cleanup done
Event: 25.496 Executing VM operation: Cleanup
Event: 25.496 Executing VM operation: Cleanup done

Memory protections (0 events):
No events

Nmethod flushes (0 events):
No events

Events (20 events):
Event: 0.037 Thread 0x0000017b9b31d3b0 Thread added: 0x0000017bbfed8770
Event: 0.037 Thread 0x0000017b9b31d3b0 Thread added: 0x0000017bbfedc060
Event: 0.037 Thread 0x0000017b9b31d3b0 Thread added: 0x0000017bbfee2170
Event: 0.037 Thread 0x0000017b9b31d3b0 Thread added: 0x0000017bbfefd020
Event: 0.037 Thread 0x0000017b9b31d3b0 Thread added: 0x0000017bbff036b0
Event: 0.053 Thread 0x0000017b9b31d3b0 Thread added: 0x0000017bc02dab80
Event: 0.055 Thread 0x0000017b9b31d3b0 Thread added: 0x0000017bc02dd480
Event: 0.242 Thread 0x0000017bbfee2170 Thread added: 0x0000017bbfefbae0
Event: 0.300 Thread 0x0000017bbfefd020 Thread added: 0x0000017bbfefcad0
Event: 0.763 Thread 0x0000017b9b31d3b0 Thread added: 0x0000017c0696d250
Event: 1.329 Thread 0x0000017b9b31d3b0 Thread added: 0x0000017c06639dd0
Event: 1.345 Thread 0x0000017c06639dd0 Thread added: 0x0000017c0628cb80
Event: 1.346 Thread 0x0000017c06639dd0 Thread added: 0x0000017c06ab4030
Event: 1.347 Thread 0x0000017c0628cb80 Thread exited: 0x0000017c0628cb80
Event: 1.475 Thread 0x0000017bbfefcad0 Thread exited: 0x0000017bbfefcad0
Event: 1.475 Thread 0x0000017bbfefbae0 Thread exited: 0x0000017bbfefbae0
Event: 3.155 Thread 0x0000017c06ab4030 Thread exited: 0x0000017c06ab4030
Event: 3.155 Thread 0x0000017c06639dd0 Thread exited: 0x0000017c06639dd0
Event: 3.195 Thread 0x0000017bbfefd020 Thread added: 0x0000017bbfefbae0
Event: 4.062 Thread 0x0000017bbfefbae0 Thread exited: 0x0000017bbfefbae0


Dynamic libraries:
0x00007ff6fdb40000 - 0x00007ff6fdb4e000 	E:\JAVA\bin\java.exe
0x00007fff010a0000 - 0x00007fff01307000 	C:\WINDOWS\SYSTEM32\ntdll.dll
0x00007fff00360000 - 0x00007fff00429000 	C:\WINDOWS\System32\KERNEL32.DLL
0x00007ffefe3f0000 - 0x00007ffefe7e7000 	C:\WINDOWS\System32\KERNELBASE.dll
0x00007ffefec10000 - 0x00007ffefed5b000 	C:\WINDOWS\System32\ucrtbase.dll
0x00007ffeea500000 - 0x00007ffeea518000 	E:\JAVA\bin\jli.dll
0x00007ffee52f0000 - 0x00007ffee530e000 	E:\JAVA\bin\VCRUNTIME140.dll
0x00007ffeff8c0000 - 0x00007ffeffa86000 	C:\WINDOWS\System32\USER32.dll
0x00007ffefe920000 - 0x00007ffefe947000 	C:\WINDOWS\System32\win32u.dll
0x00007ffeea590000 - 0x00007ffeea822000 	C:\WINDOWS\WinSxS\amd64_microsoft.windows.common-controls_6595b64144ccf1df_6.0.26100.8328_none_3e08182ce334b678\COMCTL32.dll
0x00007fff00780000 - 0x00007fff007ab000 	C:\WINDOWS\System32\GDI32.dll
0x00007ffefffa0000 - 0x00007fff00049000 	C:\WINDOWS\System32\msvcrt.dll
0x00007ffefe7f0000 - 0x00007ffefe91c000 	C:\WINDOWS\System32\gdi32full.dll
0x00007ffefdad0000 - 0x00007ffefdb73000 	C:\WINDOWS\System32\msvcp_win.dll
0x00007fff00160000 - 0x00007fff00192000 	C:\WINDOWS\System32\IMM32.DLL
0x00007ffeedbb0000 - 0x00007ffeedbbc000 	E:\JAVA\bin\vcruntime140_1.dll
0x00007ffed3460000 - 0x00007ffed34ed000 	E:\JAVA\bin\msvcp140.dll
0x00007ffe77b60000 - 0x00007ffe787cb000 	E:\JAVA\bin\server\jvm.dll
0x00007fff002a0000 - 0x00007fff00356000 	C:\WINDOWS\System32\ADVAPI32.dll
0x00007fff00430000 - 0x00007fff004d7000 	C:\WINDOWS\System32\sechost.dll
0x00007fff007b0000 - 0x00007fff008c8000 	C:\WINDOWS\System32\RPCRT4.dll
0x00007fff006f0000 - 0x00007fff00770000 	C:\WINDOWS\System32\WS2_32.dll
0x00007ffefd930000 - 0x00007ffefd98e000 	C:\WINDOWS\SYSTEM32\POWRPROF.dll
0x00007ffeea830000 - 0x00007ffeea866000 	C:\WINDOWS\SYSTEM32\WINMM.dll
0x00007ffeed3a0000 - 0x00007ffeed3ab000 	C:\WINDOWS\SYSTEM32\VERSION.dll
0x00007ffefd910000 - 0x00007ffefd924000 	C:\WINDOWS\SYSTEM32\UMPDC.dll
0x00007ffefc820000 - 0x00007ffefc83b000 	C:\WINDOWS\SYSTEM32\kernel.appcore.dll
0x00007ffeeb410000 - 0x00007ffeeb41a000 	E:\JAVA\bin\jimage.dll
0x00007ffefb950000 - 0x00007ffefbb92000 	C:\WINDOWS\SYSTEM32\DBGHELP.DLL
0x00007ffeffa90000 - 0x00007ffeffe13000 	C:\WINDOWS\System32\combase.dll
0x00007fff00060000 - 0x00007fff00139000 	C:\WINDOWS\System32\OLEAUT32.dll
0x00007ffeeb880000 - 0x00007ffeeb8bb000 	C:\WINDOWS\SYSTEM32\dbgcore.DLL
0x00007ffefe950000 - 0x00007ffefe9f8000 	C:\WINDOWS\System32\bcryptPrimitives.dll
0x00007ffed7a40000 - 0x00007ffed7a65000 	E:\JAVA\bin\java.dll
0x00007ffe9ea10000 - 0x00007ffe9eae7000 	E:\JAVA\bin\jsvml.dll
0x00007ffefef20000 - 0x00007ffeff68e000 	C:\WINDOWS\System32\SHELL32.dll
0x00007ffefdb80000 - 0x00007ffefe3ec000 	C:\WINDOWS\System32\windows.storage.dll
0x00007ffeffe20000 - 0x00007ffefff16000 	C:\WINDOWS\System32\SHCORE.dll
0x00007fff00230000 - 0x00007fff00296000 	C:\WINDOWS\System32\shlwapi.dll
0x00007ffefd9f0000 - 0x00007ffefda19000 	C:\WINDOWS\SYSTEM32\profapi.dll
0x00007ffed8e40000 - 0x00007ffed8e5a000 	E:\JAVA\bin\net.dll
0x00007ffeef7c0000 - 0x00007ffeef8e9000 	C:\WINDOWS\SYSTEM32\WINHTTP.dll
0x00007ffefcd70000 - 0x00007ffefcddc000 	C:\WINDOWS\system32\mswsock.dll
0x00007ffed8d40000 - 0x00007ffed8d56000 	E:\JAVA\bin\nio.dll
0x00007ffed8bb0000 - 0x00007ffed8bc8000 	E:\JAVA\bin\zip.dll
0x00007ffee14f0000 - 0x00007ffee1500000 	E:\JAVA\bin\verify.dll
0x00007ffef5840000 - 0x00007ffef5867000 	E:\gradle\native\c067742578af261105cb4f569cf0c3c89f3d7b1fecec35dd04571415982c5e48\windows-amd64\native-platform.dll
0x00007ffef5830000 - 0x00007ffef583a000 	E:\JAVA\bin\management.dll
0x00007ffef5820000 - 0x00007ffef582c000 	E:\JAVA\bin\management_ext.dll
0x00007fff001f0000 - 0x00007fff001f8000 	C:\WINDOWS\System32\PSAPI.DLL
0x00007ffefd170000 - 0x00007ffefd18b000 	C:\WINDOWS\SYSTEM32\CRYPTSP.dll
0x00007ffefc780000 - 0x00007ffefc7b9000 	C:\WINDOWS\system32\rsaenh.dll
0x00007ffefce20000 - 0x00007ffefce53000 	C:\WINDOWS\SYSTEM32\USERENV.dll
0x00007ffefd9c0000 - 0x00007ffefd9ea000 	C:\WINDOWS\SYSTEM32\bcrypt.dll
0x00007ffefcfd0000 - 0x00007ffefcfdc000 	C:\WINDOWS\SYSTEM32\CRYPTBASE.dll
0x00007ffefc200000 - 0x00007ffefc232000 	C:\WINDOWS\SYSTEM32\IPHLPAPI.DLL
0x00007fff006e0000 - 0x00007fff006ea000 	C:\WINDOWS\System32\NSI.dll
0x00007ffef4b20000 - 0x00007ffef4b3d000 	C:\WINDOWS\SYSTEM32\dhcpcsvc6.DLL
0x00007ffef4af0000 - 0x00007ffef4b15000 	C:\WINDOWS\SYSTEM32\dhcpcsvc.DLL
0x00007ffefc2f0000 - 0x00007ffefc422000 	C:\WINDOWS\SYSTEM32\DNSAPI.dll
0x00007ffee4e40000 - 0x00007ffee4e49000 	E:\JAVA\bin\extnet.dll
0x00007ffee7470000 - 0x00007ffee747e000 	E:\JAVA\bin\sunmscapi.dll
0x00007ffefea90000 - 0x00007ffefec08000 	C:\WINDOWS\System32\CRYPT32.dll
0x00007ffefd2d0000 - 0x00007ffefd300000 	C:\WINDOWS\SYSTEM32\ncrypt.dll
0x00007ffefd280000 - 0x00007ffefd2bf000 	C:\WINDOWS\SYSTEM32\NTASN1.dll
0x00007ffef8bd0000 - 0x00007ffef8bd8000 	C:\WINDOWS\system32\wshunix.dll

dbghelp: loaded successfully - version: 4.0.5 - missing functions: none
symbol engine: initialized successfully - sym options: 0x614 - pdb path: .;E:\JAVA\bin;C:\WINDOWS\SYSTEM32;C:\WINDOWS\WinSxS\amd64_microsoft.windows.common-controls_6595b64144ccf1df_6.0.26100.8328_none_3e08182ce334b678;E:\JAVA\bin\server;E:\gradle\native\c067742578af261105cb4f569cf0c3c89f3d7b1fecec35dd04571415982c5e48\windows-amd64

VM Arguments:
jvm_args: -Dorg.gradle.appname=gradlew 
java_command: org.gradle.wrapper.GradleWrapperMain -q -Ptarget-platform=android-arm64 -Ptarget=E:\voice_test\lib\main.dart -Pbase-application-name=android.app.Application -Pdart-defines=RkxVVFRFUl9WRVJTSU9OPTMuNDEuOQ==,RkxVVFRFUl9DSEFOTkVMPXN0YWJsZQ==,RkxVVFRFUl9HSVRfVVJMPWh0dHBzOi8vZ2l0aHViLmNvbS9mbHV0dGVyL2ZsdXR0ZXIuZ2l0,RkxVVFRFUl9GUkFNRVdPUktfUkVWSVNJT049MDBiMGM5MWYwNg==,RkxVVFRFUl9FTkdJTkVfUkVWSVNJT049NDJkM2Q3NWE1Ng==,RkxVVFRFUl9EQVJUX1ZFUlNJT049My4xMS41 -Pdart-obfuscation=false -Ptrack-widget-creation=true -Ptree-shake-icons=false -Pfilesystem-scheme=org-dartlang-root assembleDebug
java_class_path (initial): E:\voice_test\android\\gradle\wrapper\gradle-wrapper.jar
Launcher Type: SUN_STANDARD

[Global flags]
     intx CICompilerCount                          = 4                                         {product} {ergonomic}
     uint ConcGCThreads                            = 2                                         {product} {ergonomic}
     uint G1ConcRefinementThreads                  = 8                                         {product} {ergonomic}
   size_t G1HeapRegionSize                         = 2097152                                   {product} {ergonomic}
    uintx GCDrainStackTargetSize                   = 64                                        {product} {ergonomic}
   size_t InitialHeapSize                          = 264241152                                 {product} {ergonomic}
   size_t MarkStackSize                            = 4194304                                   {product} {ergonomic}
   size_t MaxHeapSize                              = 4206886912                                {product} {ergonomic}
   size_t MaxNewSize                               = 2522873856                                {product} {ergonomic}
   size_t MinHeapDeltaBytes                        = 2097152                                   {product} {ergonomic}
   size_t MinHeapSize                              = 8388608                                   {product} {ergonomic}
    uintx NonNMethodCodeHeapSize                   = 5839372                                {pd product} {ergonomic}
    uintx NonProfiledCodeHeapSize                  = 122909434                              {pd product} {ergonomic}
    uintx ProfiledCodeHeapSize                     = 122909434                              {pd product} {ergonomic}
    uintx ReservedCodeCacheSize                    = 251658240                              {pd product} {ergonomic}
     bool SegmentedCodeCache                       = true                                      {product} {ergonomic}
   size_t SoftMaxHeapSize                          = 4206886912                             {manageable} {ergonomic}
     bool UseCompressedClassPointers               = true                           {product lp64_product} {ergonomic}
     bool UseCompressedOops                        = true                           {product lp64_product} {ergonomic}
     bool UseG1GC                                  = true                                      {product} {ergonomic}
     bool UseLargePagesIndividualAllocation        = false                                  {pd product} {ergonomic}

Logging:
Log output configuration:
 #0: stdout all=warning uptime,level,tags
 #1: stderr all=off uptime,level,tags

Environment Variables:
JAVA_HOME=E:\JAVA
CLASSPATH=E:\voice_test\android\\gradle\wrapper\gradle-wrapper.jar
PATH=E:\JAVA\bin;C:\Program Files\Common Files\Oracle\Java\javapath;C:\WINDOWS\system32;C:\WINDOWS;C:\WINDOWS\System32\Wbem;C:\WINDOWS\System32\WindowsPowerShell\v1.0\;C:\WINDOWS\System32\OpenSSH\;C:\Program Files\Git\cmd;C:\Program Files\Microsoft SQL Server\170\Tools\Binn\;C:\Program Files\Microsoft SQL Server\Client SDK\ODBC\170\Tools\Binn\;C:\Program Files\Microsoft SQL Server\170\DTS\Binn\;C:\Program Files\dotnet\;D:\Basira\;C:\ProgramData\chocolatey\bin;E:\JAVA\bin;E:\DOWNLOAD\New folder (2)\bin;C:\Program Files\Common Files\Oracle\Java\javapath;C:\WINDOWS\system32;C:\WINDOWS;C:\WINDOWS\System32\Wbem;C:\WINDOWS\System32\WindowsPowerShell\v1.0\;C:\WINDOWS\System32\OpenSSH\;C:\Program Files\Git\cmd;C:\Program Files\Microsoft SQL Server\170\Tools\Binn\;C:\Program Files\Microsoft SQL Server\Client SDK\ODBC\170\Tools\Binn\;C:\Program Files\Microsoft SQL Server\170\DTS\Binn\;C:\Program Files\dotnet\;D:\Basira\;C:\ProgramData\chocolatey\bin;C:\WINDOWS\system32;C:\WINDOWS;C:\WINDOWS\System32\Wbem;C:\WINDOWS\System32\WindowsPowerShell\v1.0\;C:\WINDOWS\System32\OpenSSH\;C:\Program Files\Git\cmd;C:\Program Files\Microsoft SQL Server\170\Tools\Binn\;C:\Program Files\Microsoft SQL Server\Client SDK\ODBC\170\Tools\Binn\;C:\Program Files\Microsoft SQL Server\170\DTS\Binn\;C:\Program Files\dotnet\;D:\Basira\;C:\ProgramData\chocolatey\bin;C:\Users\DELL\AppData\Local\Programs\Python\Python310\Scripts\;C:\Users\DELL\AppData\Local\Programs\Python\Python310\;C:\Users\DELL\AppData\Local\Prog;D:\download\Microsoft VS Code\bin;D:\flutter\bin;D:\download\Antigravity\bin;D:\flutter\bin\mingit\cmd
USERNAME=DELL
LANG=en_US.UTF-8
OS=Windows_NT
PROCESSOR_IDENTIFIER=Intel64 Family 6 Model 142 Stepping 12, GenuineIntel
TMP=C:\Users\DELL\AppData\Local\Temp
TEMP=C:\Users\DELL\AppData\Local\Temp



Periodic native trim disabled


---------------  S Y S T E M  ---------------

OS:
 Windows 11 , 64 bit Build 26100 (10.0.26100.8328)
OS uptime: 0 days 4:17 hours
Hyper-V role detected

CPU: total 8 (initial active 8) (4 cores per cpu, 2 threads per core) family 6 model 142 stepping 12 microcode 0xf8, cx8, cmov, fxsr, ht, mmx, 3dnowpref, sse, sse2, sse3, ssse3, sse4.1, sse4.2, popcnt, lzcnt, tsc, tscinvbit, avx, avx2, aes, erms, clmul, bmi1, bmi2, adx, fma, vzeroupper, clflush, clflushopt, hv
Processor Information for all 8 processors :
  Max Mhz: 2304, Current Mhz: 1803, Mhz Limit: 1797

Memory: 4k page, system-wide physical 16043M (2424M free)
TotalPageFile size 24972M (AvailPageFile size 702M)
current process WorkingSet (physical memory assigned to process): 112M, peak: 122M
current process commit charge ("private bytes"): 362M, peak: 372M

vm_info: OpenJDK 64-Bit Server VM (17.0.18+8) for windows-amd64 JRE (17.0.18+8), built on Jan 20 2026 22:28:22 by "admin" with MS VC++ 17.12 (VS2022)

END.
