#
# There is insufficient memory for the Java Runtime Environment to continue.
# Native memory allocation (malloc) failed to allocate 524304 bytes. Error detail: Chunk::new
# Possible reasons:
#   The system is out of physical RAM or swap space
#   This process is running with CompressedOops enabled, and the Java Heap may be blocking the growth of the native heap
# Possible solutions:
#   Reduce memory load on the system
#   Increase physical memory or swap space
#   Check if swap backing store is full
#   Decrease Java heap size (-Xmx/-Xms)
#   Decrease number of Java threads
#   Decrease Java thread stack sizes (-Xss)
#   Set larger code cache with -XX:ReservedCodeCacheSize=
#   JVM is running with Zero Based Compressed Oops mode in which the Java heap is
#     placed in the first 32GB address space. The Java Heap base address is the
#     maximum limit for the native heap growth. Please use -XX:HeapBaseMinAddress
#     to set the Java Heap base and to place the Java Heap above 32GB virtual address.
# This output file may be truncated or incomplete.
#
#  Out of Memory Error (arena.cpp:191), pid=23920, tid=15752
#
# JRE version: OpenJDK Runtime Environment Temurin-17.0.18+8 (17.0.18+8) (build 17.0.18+8)
# Java VM: OpenJDK 64-Bit Server VM Temurin-17.0.18+8 (17.0.18+8, mixed mode, sharing, tiered, compressed oops, compressed class ptrs, g1 gc, windows-amd64)
# No core dump will be written. Minidumps are not enabled by default on client versions of Windows
#

---------------  S U M M A R Y ------------

Command Line: --add-opens=java.base/java.lang=ALL-UNNAMED --add-opens=java.base/java.lang.invoke=ALL-UNNAMED --add-opens=java.base/java.util=ALL-UNNAMED --add-opens=java.prefs/java.util.prefs=ALL-UNNAMED --add-exports=jdk.compiler/com.sun.tools.javac.api=ALL-UNNAMED --add-exports=jdk.compiler/com.sun.tools.javac.util=ALL-UNNAMED --add-opens=java.base/java.util=ALL-UNNAMED --add-opens=java.prefs/java.util.prefs=ALL-UNNAMED --add-opens=java.base/java.nio.charset=ALL-UNNAMED --add-opens=java.base/java.net=ALL-UNNAMED --add-opens=java.base/java.util.concurrent.atomic=ALL-UNNAMED --add-opens=java.xml/javax.xml.namespace=ALL-UNNAMED -XX:MaxMetaspaceSize=1024m -Xmx4096m -Dfile.encoding=UTF-8 -Duser.country=US -Duser.language=en -Duser.variant -javaagent:E:\gradle\wrapper\dists\gradle-8.11.1-all\2qik7nd48slq1ooc2496ixf4i\gradle-8.11.1\lib\agents\gradle-instrumentation-agent-8.11.1.jar org.gradle.launcher.daemon.bootstrap.GradleDaemon 8.11.1

Host: Intel(R) Core(TM) i7-10610U CPU @ 1.80GHz, 8 cores, 15G,  Windows 11 , 64 bit Build 26100 (10.0.26100.8521)
Time: Thu Jun 11 23:51:07 2026 Egypt Daylight Time elapsed time: 50.171560 seconds (0d 0h 0m 50s)

---------------  T H R E A D  ---------------

Current thread (0x00000212620436d0):  JavaThread "C2 CompilerThread0" daemon [_thread_in_native, id=15752, stack(0x00000086bf300000,0x00000086bf400000)]


Current CompileTask:
C2:50171 13153   !   4       java.nio.file.Files::walkFileTree (297 bytes)

Stack: [0x00000086bf300000,0x00000086bf400000]
Native frames: (J=compiled Java code, j=interpreted, Vv=VM code, C=native code)
V  [jvm.dll+0x6846f9]
V  [jvm.dll+0x839ea5]
V  [jvm.dll+0x83b91e]
V  [jvm.dll+0x83bfa3]
V  [jvm.dll+0x248eff]
V  [jvm.dll+0xad496]
V  [jvm.dll+0xadb3c]
V  [jvm.dll+0xad5a4]
V  [jvm.dll+0x663367]
V  [jvm.dll+0x7aab8]
V  [jvm.dll+0x616b17]
V  [jvm.dll+0x614b9e]
V  [jvm.dll+0x219c30]
V  [jvm.dll+0x219200]
V  [jvm.dll+0x1a4920]
V  [jvm.dll+0x22989a]
V  [jvm.dll+0x227a4b]
V  [jvm.dll+0x7f0658]
V  [jvm.dll+0x7eaaec]
V  [jvm.dll+0x6835c7]
C  [ucrtbase.dll+0x2cd30]
C  [KERNEL32.DLL+0x2e957]
C  [ntdll.dll+0x87c1c]


---------------  P R O C E S S  ---------------

Threads class SMR info:
_java_thread_list=0x0000021268a009e0, length=59, elements={
0x0000021238f704d0, 0x0000021262004c60, 0x0000021262007c50, 0x000002126201c270,
0x000002126201cb40, 0x000002126201d410, 0x000002126201ecf0, 0x00000212620436d0,
0x00000212620462b0, 0x0000021262058ff0, 0x000002126215e270, 0x0000021262210ab0,
0x0000021263603a00, 0x0000021263604930, 0x0000021263603f10, 0x0000021263605860,
0x0000021263604420, 0x0000021263605350, 0x0000021263605d70, 0x0000021263606280,
0x00000212636034f0, 0x0000021263606790, 0x00000212647c50f0, 0x00000212647c2870,
0x00000212647c4be0, 0x00000212647c3290, 0x00000212647c5600, 0x00000212647c1e50,
0x00000212647c46d0, 0x00000212647c5b10, 0x00000212647c2360, 0x00000212647c6020,
0x00000212647c37a0, 0x00000212647c2d80, 0x00000212647c41c0, 0x00000212647c7460,
0x00000212647c3cb0, 0x00000212647c7970, 0x00000212647c88a0, 0x00000212647c8390,
0x00000212647c92c0, 0x00000212647c97d0, 0x00000212647c7e80, 0x0000021263604e40,
0x0000021267fa0960, 0x0000021267f9d1b0, 0x0000021267fa0450, 0x0000021267f9d6c0,
0x0000021267fa1380, 0x0000021267f9dbd0, 0x0000021267fa1890, 0x0000021267f9e0e0,
0x0000021267f9e5f0, 0x0000021267fa1da0, 0x0000021267fa31e0, 0x0000021267fa4110,
0x0000021267fa4620, 0x000002126a60fb60, 0x000002126a610fa0
}

Java Threads: ( => current thread )
  0x0000021238f704d0 JavaThread "main" [_thread_blocked, id=23728, stack(0x00000086be600000,0x00000086be700000)]
  0x0000021262004c60 JavaThread "Reference Handler" daemon [_thread_blocked, id=24492, stack(0x00000086bed00000,0x00000086bee00000)]
  0x0000021262007c50 JavaThread "Finalizer" daemon [_thread_blocked, id=20836, stack(0x00000086bee00000,0x00000086bef00000)]
  0x000002126201c270 JavaThread "Signal Dispatcher" daemon [_thread_blocked, id=20668, stack(0x00000086bef00000,0x00000086bf000000)]
  0x000002126201cb40 JavaThread "Attach Listener" daemon [_thread_blocked, id=26488, stack(0x00000086bf000000,0x00000086bf100000)]
  0x000002126201d410 JavaThread "Service Thread" daemon [_thread_blocked, id=6472, stack(0x00000086bf100000,0x00000086bf200000)]
  0x000002126201ecf0 JavaThread "Monitor Deflation Thread" daemon [_thread_blocked, id=23588, stack(0x00000086bf200000,0x00000086bf300000)]
=>0x00000212620436d0 JavaThread "C2 CompilerThread0" daemon [_thread_in_native, id=15752, stack(0x00000086bf300000,0x00000086bf400000)]
  0x00000212620462b0 JavaThread "C1 CompilerThread0" daemon [_thread_blocked, id=5764, stack(0x00000086bf400000,0x00000086bf500000)]
  0x0000021262058ff0 JavaThread "Sweeper thread" daemon [_thread_blocked, id=7156, stack(0x00000086bf500000,0x00000086bf600000)]
  0x000002126215e270 JavaThread "Common-Cleaner" daemon [_thread_blocked, id=13776, stack(0x00000086bf600000,0x00000086bf700000)]
  0x0000021262210ab0 JavaThread "Notification Thread" daemon [_thread_blocked, id=9048, stack(0x00000086bf700000,0x00000086bf800000)]
  0x0000021263603a00 JavaThread "Daemon health stats" [_thread_blocked, id=17304, stack(0x00000086c0100000,0x00000086c0200000)]
  0x0000021263604930 JavaThread "Incoming local TCP Connector on port 63823" [_thread_in_native, id=15796, stack(0x00000086bf900000,0x00000086bfa00000)]
  0x0000021263603f10 JavaThread "Daemon periodic checks" [_thread_blocked, id=21736, stack(0x00000086bfa00000,0x00000086bfb00000)]
  0x0000021263605860 JavaThread "Daemon" [_thread_blocked, id=15184, stack(0x00000086c0300000,0x00000086c0400000)]
  0x0000021263604420 JavaThread "Handler for socket connection from /127.0.0.1:63823 to /127.0.0.1:63824" [_thread_in_native, id=22756, stack(0x00000086c0400000,0x00000086c0500000)]
  0x0000021263605350 JavaThread "Cancel handler" [_thread_blocked, id=23584, stack(0x00000086c0500000,0x00000086c0600000)]
  0x0000021263605d70 JavaThread "Daemon worker" [_thread_in_native, id=26964, stack(0x00000086c0600000,0x00000086c0700000)]
  0x0000021263606280 JavaThread "Asynchronous log dispatcher for DefaultDaemonConnection: socket connection from /127.0.0.1:63823 to /127.0.0.1:63824" [_thread_blocked, id=3116, stack(0x00000086c0700000,0x00000086c0800000)]
  0x00000212636034f0 JavaThread "Stdin handler" [_thread_blocked, id=15724, stack(0x00000086c0800000,0x00000086c0900000)]
  0x0000021263606790 JavaThread "Daemon client event forwarder" [_thread_blocked, id=17904, stack(0x00000086c0900000,0x00000086c0a00000)]
  0x00000212647c50f0 JavaThread "Cache worker for journal cache (E:\gradle\caches\journal-1)" [_thread_blocked, id=12692, stack(0x00000086c0a00000,0x00000086c0b00000)]
  0x00000212647c2870 JavaThread "File lock request listener" [_thread_in_native, id=21192, stack(0x00000086c0b00000,0x00000086c0c00000)]
  0x00000212647c4be0 JavaThread "Cache worker for file hash cache (E:\gradle\caches\8.11.1\fileHashes)" [_thread_blocked, id=26692, stack(0x00000086c0c00000,0x00000086c0d00000)]
  0x00000212647c3290 JavaThread "Cache worker for file content cache (E:\gradle\caches\8.11.1\fileContent)" [_thread_blocked, id=8916, stack(0x00000086c0d00000,0x00000086c0e00000)]
  0x00000212647c5600 JavaThread "Cache worker for file hash cache (E:\voice_test\android\.gradle\8.11.1\fileHashes)" [_thread_blocked, id=18872, stack(0x00000086c0e00000,0x00000086c0f00000)]
  0x00000212647c1e50 JavaThread "Cache worker for Build Output Cleanup Cache (E:\voice_test\android\.gradle\buildOutputCleanup)" [_thread_blocked, id=16192, stack(0x00000086c0f00000,0x00000086c1000000)]
  0x00000212647c46d0 JavaThread "File watcher server" daemon [_thread_in_native, id=8888, stack(0x00000086c1200000,0x00000086c1300000)]
  0x00000212647c5b10 JavaThread "File watcher consumer" daemon [_thread_blocked, id=15004, stack(0x00000086c1300000,0x00000086c1400000)]
  0x00000212647c2360 JavaThread "Cache worker for checksums cache (E:\voice_test\android\.gradle\8.11.1\checksums)" [_thread_blocked, id=24240, stack(0x00000086c1400000,0x00000086c1500000)]
  0x00000212647c6020 JavaThread "Cache worker for cache directory md-rule (E:\gradle\caches\8.11.1\md-rule)" [_thread_blocked, id=22972, stack(0x00000086c1500000,0x00000086c1600000)]
  0x00000212647c37a0 JavaThread "Cache worker for cache directory md-supplier (E:\gradle\caches\8.11.1\md-supplier)" [_thread_blocked, id=6404, stack(0x00000086c1600000,0x00000086c1700000)]
  0x00000212647c2d80 JavaThread "jar transforms" [_thread_blocked, id=7628, stack(0x00000086c1900000,0x00000086c1a00000)]
  0x00000212647c41c0 JavaThread "Cache worker for Build Output Cleanup Cache (E:\flutter\packages\flutter_tools\gradle\.gradle\buildOutputCleanup)" [_thread_blocked, id=26264, stack(0x00000086c1a00000,0x00000086c1b00000)]
  0x00000212647c7460 JavaThread "Unconstrained build operations" [_thread_blocked, id=19148, stack(0x00000086c0200000,0x00000086c0300000)]
  0x00000212647c3cb0 JavaThread "Unconstrained build operations Thread 2" [_thread_blocked, id=19972, stack(0x00000086c1800000,0x00000086c1900000)]
  0x00000212647c7970 JavaThread "Unconstrained build operations Thread 3" [_thread_blocked, id=9496, stack(0x00000086c1c00000,0x00000086c1d00000)]
  0x00000212647c88a0 JavaThread "Memory manager" [_thread_blocked, id=25232, stack(0x00000086c1e00000,0x00000086c1f00000)]
  0x00000212647c8390 JavaThread "build event listener" [_thread_blocked, id=10560, stack(0x00000086c1f00000,0x00000086c2000000)]
  0x00000212647c92c0 JavaThread "included builds" [_thread_blocked, id=14260, stack(0x00000086c2100000,0x00000086c2200000)]
  0x00000212647c97d0 JavaThread "Cache worker for execution history cache (E:\flutter\packages\flutter_tools\gradle\.gradle\8.11.1\executionHistory)" [_thread_blocked, id=23948, stack(0x00000086c2200000,0x00000086c2300000)]
  0x00000212647c7e80 JavaThread "Unconstrained build operations Thread 4" [_thread_blocked, id=4492, stack(0x00000086c2300000,0x00000086c2400000)]
  0x0000021263604e40 JavaThread "Unconstrained build operations Thread 5" [_thread_blocked, id=26180, stack(0x00000086c2400000,0x00000086c2500000)]
  0x0000021267fa0960 JavaThread "Unconstrained build operations Thread 6" [_thread_blocked, id=20116, stack(0x00000086c2500000,0x00000086c2600000)]
  0x0000021267f9d1b0 JavaThread "Unconstrained build operations Thread 7" [_thread_blocked, id=26596, stack(0x00000086c2600000,0x00000086c2700000)]
  0x0000021267fa0450 JavaThread "Unconstrained build operations Thread 8" [_thread_blocked, id=3196, stack(0x00000086c2000000,0x00000086c2100000)]
  0x0000021267f9d6c0 JavaThread "Unconstrained build operations Thread 9" [_thread_blocked, id=18188, stack(0x00000086c1d00000,0x00000086c1e00000)]
  0x0000021267fa1380 JavaThread "Unconstrained build operations Thread 10" [_thread_blocked, id=2912, stack(0x00000086c2700000,0x00000086c2800000)]
  0x0000021267f9dbd0 JavaThread "File lock release action executor" [_thread_blocked, id=7448, stack(0x00000086c2800000,0x00000086c2900000)]
  0x0000021267fa1890 JavaThread "jar transforms Thread 2" [_thread_blocked, id=22380, stack(0x00000086c2a00000,0x00000086c2b00000)]
  0x0000021267f9e0e0 JavaThread "jar transforms Thread 3" [_thread_blocked, id=25088, stack(0x00000086c2c00000,0x00000086c2d00000)]
  0x0000021267f9e5f0 JavaThread "jar transforms Thread 4" [_thread_blocked, id=8788, stack(0x00000086c2d00000,0x00000086c2e00000)]
  0x0000021267fa1da0 JavaThread "jar transforms Thread 5" [_thread_blocked, id=22392, stack(0x00000086c2e00000,0x00000086c2f00000)]
  0x0000021267fa31e0 JavaThread "build event listener" [_thread_blocked, id=26024, stack(0x00000086c2f00000,0x00000086c3000000)]
  0x0000021267fa4110 JavaThread "jar transforms Thread 6" [_thread_blocked, id=8592, stack(0x00000086c3100000,0x00000086c3200000)]
  0x0000021267fa4620 JavaThread "File lock release action executor Thread 2" [_thread_blocked, id=11696, stack(0x00000086c3200000,0x00000086c3300000)]
  0x000002126a60fb60 JavaThread "jar transforms Thread 7" [_thread_blocked, id=21400, stack(0x00000086c3400000,0x00000086c3500000)]
  0x000002126a610fa0 JavaThread "jar transforms Thread 8" [_thread_blocked, id=4928, stack(0x00000086c3000000,0x00000086c3100000)]

Other Threads:
  0x000002125de89650 VMThread "VM Thread" [stack: 0x00000086bec00000,0x00000086bed00000] [id=24212]
  0x0000021238f71260 WatcherThread [stack: 0x00000086bf800000,0x00000086bf900000] [id=5304]
  0x0000021238fddc10 GCTaskThread "GC Thread#0" [stack: 0x00000086be700000,0x00000086be800000] [id=20284]
  0x00000212628e9e40 GCTaskThread "GC Thread#1" [stack: 0x00000086bfb00000,0x00000086bfc00000] [id=22772]
  0x00000212623522e0 GCTaskThread "GC Thread#2" [stack: 0x00000086bfc00000,0x00000086bfd00000] [id=13208]
  0x0000021262cfee20 GCTaskThread "GC Thread#3" [stack: 0x00000086bfd00000,0x00000086bfe00000] [id=23996]
  0x00000212628b4910 GCTaskThread "GC Thread#4" [stack: 0x00000086bfe00000,0x00000086bff00000] [id=21840]
  0x00000212628b4bd0 GCTaskThread "GC Thread#5" [stack: 0x00000086bff00000,0x00000086c0000000] [id=15292]
  0x0000021262508210 GCTaskThread "GC Thread#6" [stack: 0x00000086c0000000,0x00000086c0100000] [id=13700]
  0x0000021265ad1060 GCTaskThread "GC Thread#7" [stack: 0x00000086c1000000,0x00000086c1100000] [id=23668]
  0x0000021238feea70 ConcurrentGCThread "G1 Main Marker" [stack: 0x00000086be800000,0x00000086be900000] [id=17900]
  0x0000021238ff0f20 ConcurrentGCThread "G1 Conc#0" [stack: 0x00000086be900000,0x00000086bea00000] [id=24060]
  0x0000021265ad15e0 ConcurrentGCThread "G1 Conc#1" [stack: 0x00000086c1100000,0x00000086c1200000] [id=5392]
  0x000002125dd41b90 ConcurrentGCThread "G1 Refine#0" [stack: 0x00000086bea00000,0x00000086beb00000] [id=23556]
  0x0000021262c606d0 ConcurrentGCThread "G1 Refine#1" [stack: 0x00000086c1700000,0x00000086c1800000] [id=24764]
  0x0000021268a3f380 ConcurrentGCThread "G1 Refine#2" [stack: 0x00000086c1b00000,0x00000086c1c00000] [id=8472]
  0x000002125dd42370 ConcurrentGCThread "G1 Service" [stack: 0x00000086beb00000,0x00000086bec00000] [id=10804]

Threads with active compile tasks:
C2 CompilerThread0  50204 13153   !   4       java.nio.file.Files::walkFileTree (297 bytes)

VM state: not at safepoint (normal execution)

VM Mutex/Monitor currently owned by a thread: None

Heap address: 0x0000000700000000, size: 4096 MB, Compressed Oops mode: Zero based, Oop shift amount: 3

CDS archive(s) mapped at: [0x0000021200000000-0x0000021200bb0000-0x0000021200bb0000), size 12255232, SharedBaseAddress: 0x0000021200000000, ArchiveRelocationMode: 1.
Compressed class space mapped at: 0x0000021201000000-0x0000021235000000, reserved size: 872415232
Narrow klass base: 0x0000021200000000, Narrow klass shift: 0, Narrow klass range: 0x100000000

GC Precious Log:
 CPUs: 8 total, 8 available
 Memory: 16043M
 Large Page Support: Disabled
 NUMA Support: Disabled
 Compressed Oops: Enabled (Zero based)
 Heap Region Size: 2M
 Heap Min Capacity: 8M
 Heap Initial Capacity: 252M
 Heap Max Capacity: 4G
 Pre-touch: Disabled
 Parallel Workers: 8
 Concurrent Workers: 2
 Concurrent Refinement Workers: 8
 Periodic GC: Disabled

Heap:
 garbage-first heap   total 206848K, used 169058K [0x0000000700000000, 0x0000000800000000)
  region size 2048K, 11 young (22528K), 2 survivors (4096K)
 Metaspace       used 97503K, committed 98560K, reserved 983040K
  class space    used 13676K, committed 14208K, reserved 851968K

Heap Regions: E=young(eden), S=young(survivor), O=old, HS=humongous(starts), HC=humongous(continues), CS=collection set, F=free, OA=open archive, CA=closed archive, TAMS=top-at-mark-start (previous, next)
|   0|0x0000000700000000, 0x0000000700200000, 0x0000000700200000|100%|HS|  |TAMS 0x0000000700200000, 0x0000000700000000| Complete 
|   1|0x0000000700200000, 0x0000000700400000, 0x0000000700400000|100%|HC|  |TAMS 0x0000000700400000, 0x0000000700200000| Complete 
|   2|0x0000000700400000, 0x0000000700600000, 0x0000000700600000|100%| O|  |TAMS 0x0000000700600000, 0x0000000700400000| Untracked 
|   3|0x0000000700600000, 0x0000000700800000, 0x0000000700800000|100%| O|  |TAMS 0x0000000700800000, 0x0000000700600000| Untracked 
|   4|0x0000000700800000, 0x0000000700a00000, 0x0000000700a00000|100%| O|  |TAMS 0x0000000700a00000, 0x0000000700800000| Untracked 
|   5|0x0000000700a00000, 0x0000000700c00000, 0x0000000700c00000|100%| O|  |TAMS 0x0000000700a00000, 0x0000000700a00000| Untracked 
|   6|0x0000000700c00000, 0x0000000700e00000, 0x0000000700e00000|100%| O|  |TAMS 0x0000000700e00000, 0x0000000700c00000| Untracked 
|   7|0x0000000700e00000, 0x0000000701000000, 0x0000000701000000|100%| O|  |TAMS 0x0000000701000000, 0x0000000700e00000| Untracked 
|   8|0x0000000701000000, 0x0000000701200000, 0x0000000701200000|100%| O|  |TAMS 0x0000000701200000, 0x0000000701000000| Untracked 
|   9|0x0000000701200000, 0x0000000701400000, 0x0000000701400000|100%| O|  |TAMS 0x0000000701400000, 0x0000000701200000| Untracked 
|  10|0x0000000701400000, 0x0000000701600000, 0x0000000701600000|100%| O|  |TAMS 0x0000000701600000, 0x0000000701400000| Untracked 
|  11|0x0000000701600000, 0x0000000701800000, 0x0000000701800000|100%| O|  |TAMS 0x0000000701800000, 0x0000000701600000| Untracked 
|  12|0x0000000701800000, 0x0000000701a00000, 0x0000000701a00000|100%| O|  |TAMS 0x0000000701a00000, 0x0000000701800000| Untracked 
|  13|0x0000000701a00000, 0x0000000701c00000, 0x0000000701c00000|100%| O|  |TAMS 0x0000000701c00000, 0x0000000701a00000| Untracked 
|  14|0x0000000701c00000, 0x0000000701e00000, 0x0000000701e00000|100%| O|  |TAMS 0x0000000701e00000, 0x0000000701c00000| Untracked 
|  15|0x0000000701e00000, 0x0000000702000000, 0x0000000702000000|100%| O|  |TAMS 0x0000000702000000, 0x0000000701e00000| Untracked 
|  16|0x0000000702000000, 0x0000000702200000, 0x0000000702200000|100%| O|  |TAMS 0x0000000702200000, 0x0000000702000000| Untracked 
|  17|0x0000000702200000, 0x0000000702400000, 0x0000000702400000|100%| O|  |TAMS 0x0000000702400000, 0x0000000702200000| Untracked 
|  18|0x0000000702400000, 0x0000000702600000, 0x0000000702600000|100%|HS|  |TAMS 0x0000000702600000, 0x0000000702400000| Complete 
|  19|0x0000000702600000, 0x0000000702800000, 0x0000000702800000|100%|HS|  |TAMS 0x0000000702800000, 0x0000000702600000| Complete 
|  20|0x0000000702800000, 0x0000000702a00000, 0x0000000702a00000|100%|HS|  |TAMS 0x0000000702a00000, 0x0000000702800000| Complete 
|  21|0x0000000702a00000, 0x0000000702c00000, 0x0000000702c00000|100%|HC|  |TAMS 0x0000000702c00000, 0x0000000702a00000| Complete 
|  22|0x0000000702c00000, 0x0000000702e00000, 0x0000000702e00000|100%| O|  |TAMS 0x0000000702e00000, 0x0000000702c00000| Untracked 
|  23|0x0000000702e00000, 0x0000000703000000, 0x0000000703000000|100%| O|  |TAMS 0x0000000703000000, 0x0000000702e00000| Untracked 
|  24|0x0000000703000000, 0x0000000703200000, 0x0000000703200000|100%| O|  |TAMS 0x0000000703200000, 0x0000000703000000| Untracked 
|  25|0x0000000703200000, 0x0000000703400000, 0x0000000703400000|100%| O|  |TAMS 0x0000000703400000, 0x0000000703200000| Untracked 
|  26|0x0000000703400000, 0x0000000703600000, 0x0000000703600000|100%| O|  |TAMS 0x0000000703600000, 0x0000000703400000| Untracked 
|  27|0x0000000703600000, 0x0000000703800000, 0x0000000703800000|100%|HS|  |TAMS 0x0000000703800000, 0x0000000703600000| Complete 
|  28|0x0000000703800000, 0x0000000703a00000, 0x0000000703a00000|100%|HC|  |TAMS 0x0000000703a00000, 0x0000000703800000| Complete 
|  29|0x0000000703a00000, 0x0000000703c00000, 0x0000000703c00000|100%| O|  |TAMS 0x0000000703c00000, 0x0000000703a00000| Untracked 
|  30|0x0000000703c00000, 0x0000000703e00000, 0x0000000703e00000|100%| O|  |TAMS 0x0000000703e00000, 0x0000000703c00000| Untracked 
|  31|0x0000000703e00000, 0x0000000704000000, 0x0000000704000000|100%| O|  |TAMS 0x0000000704000000, 0x0000000703e00000| Untracked 
|  32|0x0000000704000000, 0x0000000704200000, 0x0000000704200000|100%| O|  |TAMS 0x0000000704200000, 0x0000000704000000| Untracked 
|  33|0x0000000704200000, 0x0000000704400000, 0x0000000704400000|100%| O|  |TAMS 0x0000000704400000, 0x0000000704200000| Untracked 
|  34|0x0000000704400000, 0x0000000704600000, 0x0000000704600000|100%| O|  |TAMS 0x0000000704600000, 0x0000000704400000| Untracked 
|  35|0x0000000704600000, 0x0000000704800000, 0x0000000704800000|100%| O|  |TAMS 0x0000000704800000, 0x0000000704600000| Untracked 
|  36|0x0000000704800000, 0x0000000704a00000, 0x0000000704a00000|100%| O|  |TAMS 0x0000000704a00000, 0x0000000704800000| Untracked 
|  37|0x0000000704a00000, 0x0000000704c00000, 0x0000000704c00000|100%| O|  |TAMS 0x0000000704c00000, 0x0000000704a00000| Untracked 
|  38|0x0000000704c00000, 0x0000000704e00000, 0x0000000704e00000|100%| O|  |TAMS 0x0000000704c00000, 0x0000000704c00000| Untracked 
|  39|0x0000000704e00000, 0x0000000705000000, 0x0000000705000000|100%|HS|  |TAMS 0x0000000705000000, 0x0000000704e00000| Complete 
|  40|0x0000000705000000, 0x0000000705200000, 0x0000000705200000|100%|HS|  |TAMS 0x0000000705200000, 0x0000000705000000| Complete 
|  41|0x0000000705200000, 0x0000000705400000, 0x0000000705400000|100%|HC|  |TAMS 0x0000000705400000, 0x0000000705200000| Complete 
|  42|0x0000000705400000, 0x0000000705600000, 0x0000000705600000|100%| O|  |TAMS 0x0000000705600000, 0x0000000705400000| Untracked 
|  43|0x0000000705600000, 0x0000000705800000, 0x0000000705800000|100%| O|  |TAMS 0x0000000705800000, 0x0000000705600000| Untracked 
|  44|0x0000000705800000, 0x0000000705a00000, 0x0000000705a00000|100%| O|  |TAMS 0x0000000705a00000, 0x0000000705800000| Untracked 
|  45|0x0000000705a00000, 0x0000000705c00000, 0x0000000705c00000|100%| O|  |TAMS 0x0000000705baa400, 0x0000000705a00000| Untracked 
|  46|0x0000000705c00000, 0x0000000705e00000, 0x0000000705e00000|100%| O|  |TAMS 0x0000000705c00000, 0x0000000705c00000| Untracked 
|  47|0x0000000705e00000, 0x0000000706000000, 0x0000000706000000|100%| O|  |TAMS 0x0000000705e00000, 0x0000000705e00000| Untracked 
|  48|0x0000000706000000, 0x0000000706200000, 0x0000000706200000|100%| O|  |TAMS 0x0000000706000000, 0x0000000706000000| Untracked 
|  49|0x0000000706200000, 0x0000000706400000, 0x0000000706400000|100%|HS|  |TAMS 0x0000000706200000, 0x0000000706200000| Complete 
|  50|0x0000000706400000, 0x0000000706600000, 0x0000000706600000|100%| O|  |TAMS 0x0000000706400000, 0x0000000706400000| Untracked 
|  51|0x0000000706600000, 0x0000000706800000, 0x0000000706800000|100%| O|  |TAMS 0x0000000706600000, 0x0000000706600000| Untracked 
|  52|0x0000000706800000, 0x0000000706a00000, 0x0000000706a00000|100%|HS|  |TAMS 0x0000000706800000, 0x0000000706800000| Complete 
|  53|0x0000000706a00000, 0x0000000706c00000, 0x0000000706c00000|100%|HC|  |TAMS 0x0000000706a00000, 0x0000000706a00000| Complete 
|  54|0x0000000706c00000, 0x0000000706e00000, 0x0000000706e00000|100%| O|  |TAMS 0x0000000706c00000, 0x0000000706c00000| Untracked 
|  55|0x0000000706e00000, 0x0000000707000000, 0x0000000707000000|100%| O|  |TAMS 0x0000000706e00000, 0x0000000706e00000| Untracked 
|  56|0x0000000707000000, 0x0000000707200000, 0x0000000707200000|100%| O|  |TAMS 0x0000000707000000, 0x0000000707000000| Untracked 
|  57|0x0000000707200000, 0x0000000707400000, 0x0000000707400000|100%| O|  |TAMS 0x0000000707200000, 0x0000000707200000| Untracked 
|  58|0x0000000707400000, 0x0000000707600000, 0x0000000707600000|100%| O|  |TAMS 0x0000000707400000, 0x0000000707400000| Untracked 
|  59|0x0000000707600000, 0x0000000707800000, 0x0000000707800000|100%| O|  |TAMS 0x0000000707600000, 0x0000000707600000| Untracked 
|  60|0x0000000707800000, 0x0000000707a00000, 0x0000000707a00000|100%| O|  |TAMS 0x0000000707800000, 0x0000000707800000| Untracked 
|  61|0x0000000707a00000, 0x0000000707c00000, 0x0000000707c00000|100%| O|  |TAMS 0x0000000707a00000, 0x0000000707a00000| Untracked 
|  62|0x0000000707c00000, 0x0000000707e00000, 0x0000000707e00000|100%| O|  |TAMS 0x0000000707c00000, 0x0000000707c00000| Untracked 
|  63|0x0000000707e00000, 0x0000000708000000, 0x0000000708000000|100%| O|  |TAMS 0x0000000707e00000, 0x0000000707e00000| Untracked 
|  64|0x0000000708000000, 0x0000000708200000, 0x0000000708200000|100%| O|  |TAMS 0x0000000708000000, 0x0000000708000000| Untracked 
|  65|0x0000000708200000, 0x0000000708400000, 0x0000000708400000|100%| O|  |TAMS 0x0000000708200000, 0x0000000708200000| Untracked 
|  66|0x0000000708400000, 0x0000000708600000, 0x0000000708600000|100%| O|  |TAMS 0x0000000708400000, 0x0000000708400000| Untracked 
|  67|0x0000000708600000, 0x0000000708800000, 0x0000000708800000|100%| O|  |TAMS 0x0000000708600000, 0x0000000708600000| Untracked 
|  68|0x0000000708800000, 0x0000000708a00000, 0x0000000708a00000|100%| O|  |TAMS 0x0000000708800000, 0x0000000708800000| Untracked 
|  69|0x0000000708a00000, 0x0000000708c00000, 0x0000000708c00000|100%| O|  |TAMS 0x0000000708a00000, 0x0000000708a00000| Untracked 
|  70|0x0000000708c00000, 0x0000000708e00000, 0x0000000708e00000|100%| O|  |TAMS 0x0000000708c00000, 0x0000000708c00000| Untracked 
|  71|0x0000000708e00000, 0x0000000709000000, 0x0000000709000000|100%| O|  |TAMS 0x0000000708e00000, 0x0000000708e00000| Untracked 
|  72|0x0000000709000000, 0x0000000709200000, 0x0000000709200000|100%| O|  |TAMS 0x0000000709000000, 0x0000000709000000| Untracked 
|  73|0x0000000709200000, 0x0000000709400000, 0x0000000709400000|100%| O|  |TAMS 0x0000000709200000, 0x0000000709200000| Untracked 
|  74|0x0000000709400000, 0x00000007094c5e00, 0x0000000709600000| 38%| O|  |TAMS 0x0000000709400000, 0x0000000709400000| Untracked 
|  75|0x0000000709600000, 0x0000000709600000, 0x0000000709800000|  0%| F|  |TAMS 0x0000000709600000, 0x0000000709600000| Untracked 
|  76|0x0000000709800000, 0x0000000709800000, 0x0000000709a00000|  0%| F|  |TAMS 0x0000000709800000, 0x0000000709800000| Untracked 
|  77|0x0000000709a00000, 0x0000000709a00000, 0x0000000709c00000|  0%| F|  |TAMS 0x0000000709a00000, 0x0000000709a00000| Untracked 
|  78|0x0000000709c00000, 0x0000000709c00000, 0x0000000709e00000|  0%| F|  |TAMS 0x0000000709c00000, 0x0000000709c00000| Untracked 
|  79|0x0000000709e00000, 0x0000000709e00000, 0x000000070a000000|  0%| F|  |TAMS 0x0000000709e00000, 0x0000000709e00000| Untracked 
|  80|0x000000070a000000, 0x000000070a000000, 0x000000070a200000|  0%| F|  |TAMS 0x000000070a000000, 0x000000070a000000| Untracked 
|  81|0x000000070a200000, 0x000000070a200000, 0x000000070a400000|  0%| F|  |TAMS 0x000000070a200000, 0x000000070a200000| Untracked 
|  82|0x000000070a400000, 0x000000070a400000, 0x000000070a600000|  0%| F|  |TAMS 0x000000070a400000, 0x000000070a400000| Untracked 
|  83|0x000000070a600000, 0x000000070a600000, 0x000000070a800000|  0%| F|  |TAMS 0x000000070a600000, 0x000000070a600000| Untracked 
|  84|0x000000070a800000, 0x000000070a800000, 0x000000070aa00000|  0%| F|  |TAMS 0x000000070a800000, 0x000000070a800000| Untracked 
|  85|0x000000070aa00000, 0x000000070aa00000, 0x000000070ac00000|  0%| F|  |TAMS 0x000000070aa00000, 0x000000070aa00000| Untracked 
|  86|0x000000070ac00000, 0x000000070ac00000, 0x000000070ae00000|  0%| F|  |TAMS 0x000000070ac00000, 0x000000070ac00000| Untracked 
|  87|0x000000070ae00000, 0x000000070ae00000, 0x000000070b000000|  0%| F|  |TAMS 0x000000070ae00000, 0x000000070ae00000| Untracked 
|  88|0x000000070b000000, 0x000000070b052aa0, 0x000000070b200000| 16%| S|CS|TAMS 0x000000070b000000, 0x000000070b000000| Complete 
|  89|0x000000070b200000, 0x000000070b400000, 0x000000070b400000|100%| S|CS|TAMS 0x000000070b200000, 0x000000070b200000| Complete 
|  90|0x000000070b400000, 0x000000070b400000, 0x000000070b600000|  0%| F|  |TAMS 0x000000070b400000, 0x000000070b400000| Untracked 
|  91|0x000000070b600000, 0x000000070b600000, 0x000000070b800000|  0%| F|  |TAMS 0x000000070b600000, 0x000000070b600000| Untracked 
|  92|0x000000070b800000, 0x000000070b8b9650, 0x000000070ba00000| 36%| E|  |TAMS 0x000000070b800000, 0x000000070b800000| Complete 
|  93|0x000000070ba00000, 0x000000070bc00000, 0x000000070bc00000|100%| E|CS|TAMS 0x000000070ba00000, 0x000000070ba00000| Complete 
|  94|0x000000070bc00000, 0x000000070be00000, 0x000000070be00000|100%| E|CS|TAMS 0x000000070bc00000, 0x000000070bc00000| Complete 
|  95|0x000000070be00000, 0x000000070c000000, 0x000000070c000000|100%| E|  |TAMS 0x000000070be00000, 0x000000070be00000| Complete 
|  96|0x000000070c000000, 0x000000070c200000, 0x000000070c200000|100%| E|CS|TAMS 0x000000070c000000, 0x000000070c000000| Complete 
|  97|0x000000070c200000, 0x000000070c400000, 0x000000070c400000|100%| E|CS|TAMS 0x000000070c200000, 0x000000070c200000| Complete 
|  98|0x000000070c400000, 0x000000070c600000, 0x000000070c600000|100%| E|CS|TAMS 0x000000070c400000, 0x000000070c400000| Complete 
|  99|0x000000070c600000, 0x000000070c800000, 0x000000070c800000|100%| E|CS|TAMS 0x000000070c600000, 0x000000070c600000| Complete 
| 125|0x000000070fa00000, 0x000000070fc00000, 0x000000070fc00000|100%| E|CS|TAMS 0x000000070fa00000, 0x000000070fa00000| Complete 

Card table byte_map: [0x0000021252370000,0x0000021252b70000] _byte_map_base: 0x000002124eb70000

Marking Bits (Prev, Next): (CMBitMap*) 0x0000021238fde180, (CMBitMap*) 0x0000021238fde140
 Prev Bits: [0x0000021257370000, 0x000002125b370000)
 Next Bits: [0x0000021253370000, 0x0000021257370000)

Polling page: 0x0000021238cc0000

Metaspace:

Usage:
  Non-class:     81.86 MB used.
      Class:     13.36 MB used.
       Both:     95.22 MB used.

Virtual space:
  Non-class space:      128.00 MB reserved,      82.38 MB ( 64%) committed,  2 nodes.
      Class space:      832.00 MB reserved,      13.88 MB (  2%) committed,  1 nodes.
             Both:      960.00 MB reserved,      96.25 MB ( 10%) committed. 

Chunk freelists:
   Non-Class:  13.09 MB
       Class:  2.05 MB
        Both:  15.15 MB

MaxMetaspaceSize: 1.00 GB
CompressedClassSpaceSize: 832.00 MB
Initial GC threshold: 21.00 MB
Current GC threshold: 114.19 MB
CDS: on
MetaspaceReclaimPolicy: balanced
 - commit_granule_bytes: 65536.
 - commit_granule_words: 8192.
 - virtual_space_node_default_size: 8388608.
 - enlarge_chunks_in_place: 1.
 - new_chunks_are_fully_committed: 0.
 - uncommit_free_chunks: 1.
 - use_allocation_guard: 0.
 - handle_deallocations: 1.


Internal statistics:

num_allocs_failed_limit: 6.
num_arena_births: 1410.
num_arena_deaths: 0.
num_vsnodes_births: 3.
num_vsnodes_deaths: 0.
num_space_committed: 1540.
num_space_uncommitted: 0.
num_chunks_returned_to_freelist: 6.
num_chunks_taken_from_freelist: 5764.
num_chunk_merges: 6.
num_chunk_splits: 3715.
num_chunks_enlarged: 2363.
num_inconsistent_stats: 0.

CodeHeap 'non-profiled nmethods': size=120000Kb used=8759Kb max_used=8759Kb free=111240Kb
 bounds [0x0000021249bd0000, 0x000002124a460000, 0x0000021251100000]
CodeHeap 'profiled nmethods': size=120000Kb used=22891Kb max_used=22891Kb free=97108Kb
 bounds [0x0000021242100000, 0x0000021243760000, 0x0000021249630000]
CodeHeap 'non-nmethods': size=5760Kb used=2439Kb max_used=2552Kb free=3320Kb
 bounds [0x0000021249630000, 0x00000212498d0000, 0x0000021249bd0000]
 total_blobs=12545 nmethods=11565 adapters=892
 compilation: enabled
              stopped_count=0, restarted_count=0
 full_count=0

Compilation events (20 events):
Event: 49.424 Thread 0x00000212620436d0 nmethod 13143 0x000002124a455610 code [0x000002124a4557a0, 0x000002124a455878]
Event: 49.537 Thread 0x00000212620436d0 13144       4       java.util.ArrayDeque::getLast (33 bytes)
Event: 49.538 Thread 0x00000212620436d0 nmethod 13144 0x000002124a455990 code [0x000002124a455b20, 0x000002124a455bf8]
Event: 49.595 Thread 0x00000212620436d0 13145       4       java.nio.CharBuffer::<init> (24 bytes)
Event: 49.600 Thread 0x00000212620436d0 nmethod 13145 0x000002124a455d10 code [0x000002124a455ea0, 0x000002124a456278]
Event: 49.612 Thread 0x00000212620436d0 13146   !   4       sun.nio.fs.WindowsNativeDispatcher::FindFirstFile (38 bytes)
Event: 49.614 Thread 0x00000212620436d0 nmethod 13146 0x000002124a456510 code [0x000002124a4566c0, 0x000002124a456830]
Event: 49.614 Thread 0x00000212620436d0 13147   !   4       java.nio.CharBuffer::wrap (21 bytes)
Event: 49.618 Thread 0x00000212620436d0 nmethod 13147 0x000002124a456a90 code [0x000002124a456c20, 0x000002124a456ed8]
Event: 49.618 Thread 0x00000212620436d0 13148       4       java.nio.HeapCharBuffer::<init> (23 bytes)
Event: 49.623 Thread 0x00000212620436d0 nmethod 13148 0x000002124a457210 code [0x000002124a4573a0, 0x000002124a457798]
Event: 49.636 Thread 0x00000212620436d0 13149       4       sun.nio.fs.WindowsFileSystemProvider::newDirectoryStream (31 bytes)
Event: 49.696 Thread 0x00000212620436d0 nmethod 13149 0x000002124a457a90 code [0x000002124a457d20, 0x000002124a4595c0]
Event: 49.696 Thread 0x00000212620436d0 13150       4       org.gradle.internal.snapshot.DirectorySnapshot::<init> (41 bytes)
Event: 49.744 Thread 0x00000212620436d0 nmethod 13150 0x000002124a45a490 code [0x000002124a45a6e0, 0x000002124a45bc98]
Event: 49.829 Thread 0x00000212620436d0 13151   !   4       sun.nio.fs.WindowsDirectoryStream::iterator (66 bytes)
Event: 49.842 Thread 0x00000212620436d0 nmethod 13151 0x000002124a45c810 code [0x000002124a45c9c0, 0x000002124a45d238]
Event: 49.842 Thread 0x00000212620436d0 13152       4       org.gradle.internal.snapshot.MerkleDirectorySnapshotBuilder::enterDirectory (23 bytes)
Event: 49.849 Thread 0x00000212620436d0 nmethod 13152 0x000002124a45d690 code [0x000002124a45d840, 0x000002124a45dd68]
Event: 49.850 Thread 0x00000212620436d0 13153   !   4       java.nio.file.Files::walkFileTree (297 bytes)

GC Heap History (20 events):
Event: 44.445 GC heap before
{Heap before GC invocations=51 (full 0):
 garbage-first heap   total 206848K, used 170442K [0x0000000700000000, 0x0000000800000000)
  region size 2048K, 25 young (51200K), 4 survivors (8192K)
 Metaspace       used 95862K, committed 96832K, reserved 983040K
  class space    used 13425K, committed 13888K, reserved 851968K
}
Event: 44.454 GC heap after
{Heap after GC invocations=52 (full 0):
 garbage-first heap   total 206848K, used 134557K [0x0000000700000000, 0x0000000800000000)
  region size 2048K, 4 young (8192K), 4 survivors (8192K)
 Metaspace       used 95862K, committed 96832K, reserved 983040K
  class space    used 13425K, committed 13888K, reserved 851968K
}
Event: 45.260 GC heap before
{Heap before GC invocations=52 (full 0):
 garbage-first heap   total 206848K, used 173469K [0x0000000700000000, 0x0000000800000000)
  region size 2048K, 23 young (47104K), 4 survivors (8192K)
 Metaspace       used 95863K, committed 96832K, reserved 983040K
  class space    used 13426K, committed 13888K, reserved 851968K
}
Event: 45.267 GC heap after
{Heap after GC invocations=53 (full 0):
 garbage-first heap   total 206848K, used 137046K [0x0000000700000000, 0x0000000800000000)
  region size 2048K, 2 young (4096K), 2 survivors (4096K)
 Metaspace       used 95863K, committed 96832K, reserved 983040K
  class space    used 13426K, committed 13888K, reserved 851968K
}
Event: 46.075 GC heap before
{Heap before GC invocations=53 (full 0):
 garbage-first heap   total 206848K, used 171862K [0x0000000700000000, 0x0000000800000000)
  region size 2048K, 19 young (38912K), 2 survivors (4096K)
 Metaspace       used 95864K, committed 96832K, reserved 983040K
  class space    used 13426K, committed 13888K, reserved 851968K
}
Event: 46.079 GC heap after
{Heap after GC invocations=54 (full 0):
 garbage-first heap   total 206848K, used 137458K [0x0000000700000000, 0x0000000800000000)
  region size 2048K, 2 young (4096K), 2 survivors (4096K)
 Metaspace       used 95864K, committed 96832K, reserved 983040K
  class space    used 13426K, committed 13888K, reserved 851968K
}
Event: 46.677 GC heap before
{Heap before GC invocations=54 (full 0):
 garbage-first heap   total 206848K, used 170226K [0x0000000700000000, 0x0000000800000000)
  region size 2048K, 19 young (38912K), 2 survivors (4096K)
 Metaspace       used 96611K, committed 97600K, reserved 983040K
  class space    used 13534K, committed 14016K, reserved 851968K
}
Event: 46.682 GC heap after
{Heap after GC invocations=55 (full 0):
 garbage-first heap   total 206848K, used 144332K [0x0000000700000000, 0x0000000800000000)
  region size 2048K, 3 young (6144K), 3 survivors (6144K)
 Metaspace       used 96611K, committed 97600K, reserved 983040K
  class space    used 13534K, committed 14016K, reserved 851968K
}
Event: 47.368 GC heap before
{Heap before GC invocations=55 (full 0):
 garbage-first heap   total 206848K, used 168908K [0x0000000700000000, 0x0000000800000000)
  region size 2048K, 15 young (30720K), 3 survivors (6144K)
 Metaspace       used 97390K, committed 98432K, reserved 983040K
  class space    used 13673K, committed 14208K, reserved 851968K
}
Event: 47.374 GC heap after
{Heap after GC invocations=56 (full 0):
 garbage-first heap   total 206848K, used 149000K [0x0000000700000000, 0x0000000800000000)
  region size 2048K, 2 young (4096K), 2 survivors (4096K)
 Metaspace       used 97390K, committed 98432K, reserved 983040K
  class space    used 13673K, committed 14208K, reserved 851968K
}
Event: 48.061 GC heap before
{Heap before GC invocations=56 (full 0):
 garbage-first heap   total 206848K, used 171528K [0x0000000700000000, 0x0000000800000000)
  region size 2048K, 13 young (26624K), 2 survivors (4096K)
 Metaspace       used 97501K, committed 98560K, reserved 983040K
  class space    used 13676K, committed 14208K, reserved 851968K
}
Event: 48.068 GC heap after
{Heap after GC invocations=57 (full 0):
 garbage-first heap   total 206848K, used 152559K [0x0000000700000000, 0x0000000800000000)
  region size 2048K, 2 young (4096K), 2 survivors (4096K)
 Metaspace       used 97501K, committed 98560K, reserved 983040K
  class space    used 13676K, committed 14208K, reserved 851968K
}
Event: 48.631 GC heap before
{Heap before GC invocations=57 (full 0):
 garbage-first heap   total 206848K, used 168943K [0x0000000700000000, 0x0000000800000000)
  region size 2048K, 11 young (22528K), 2 survivors (4096K)
 Metaspace       used 97503K, committed 98560K, reserved 983040K
  class space    used 13676K, committed 14208K, reserved 851968K
}
Event: 48.636 GC heap after
{Heap after GC invocations=58 (full 0):
 garbage-first heap   total 206848K, used 153424K [0x0000000700000000, 0x0000000800000000)
  region size 2048K, 2 young (4096K), 2 survivors (4096K)
 Metaspace       used 97503K, committed 98560K, reserved 983040K
  class space    used 13676K, committed 14208K, reserved 851968K
}
Event: 49.082 GC heap before
{Heap before GC invocations=58 (full 0):
 garbage-first heap   total 206848K, used 171856K [0x0000000700000000, 0x0000000800000000)
  region size 2048K, 11 young (22528K), 2 survivors (4096K)
 Metaspace       used 97503K, committed 98560K, reserved 983040K
  class space    used 13676K, committed 14208K, reserved 851968K
}
Event: 49.085 GC heap after
{Heap after GC invocations=59 (full 0):
 garbage-first heap   total 206848K, used 153919K [0x0000000700000000, 0x0000000800000000)
  region size 2048K, 2 young (4096K), 2 survivors (4096K)
 Metaspace       used 97503K, committed 98560K, reserved 983040K
  class space    used 13676K, committed 14208K, reserved 851968K
}
Event: 49.493 GC heap before
{Heap before GC invocations=59 (full 0):
 garbage-first heap   total 206848K, used 172351K [0x0000000700000000, 0x0000000800000000)
  region size 2048K, 11 young (22528K), 2 survivors (4096K)
 Metaspace       used 97503K, committed 98560K, reserved 983040K
  class space    used 13676K, committed 14208K, reserved 851968K
}
Event: 49.496 GC heap after
{Heap after GC invocations=60 (full 0):
 garbage-first heap   total 206848K, used 154345K [0x0000000700000000, 0x0000000800000000)
  region size 2048K, 2 young (4096K), 2 survivors (4096K)
 Metaspace       used 97503K, committed 98560K, reserved 983040K
  class space    used 13676K, committed 14208K, reserved 851968K
}
Event: 49.880 GC heap before
{Heap before GC invocations=60 (full 0):
 garbage-first heap   total 206848K, used 170729K [0x0000000700000000, 0x0000000800000000)
  region size 2048K, 11 young (22528K), 2 survivors (4096K)
 Metaspace       used 97503K, committed 98560K, reserved 983040K
  class space    used 13676K, committed 14208K, reserved 851968K
}
Event: 49.882 GC heap after
{Heap after GC invocations=61 (full 0):
 garbage-first heap   total 206848K, used 154722K [0x0000000700000000, 0x0000000800000000)
  region size 2048K, 2 young (4096K), 2 survivors (4096K)
 Metaspace       used 97503K, committed 98560K, reserved 983040K
  class space    used 13676K, committed 14208K, reserved 851968K
}

Dll operation events (15 events):
Event: 0.009 Loaded shared library E:\JAVA\bin\java.dll
Event: 0.027 Loaded shared library E:\JAVA\bin\jsvml.dll
Event: 0.083 Loaded shared library E:\JAVA\bin\zip.dll
Event: 0.086 Loaded shared library E:\JAVA\bin\instrument.dll
Event: 0.090 Loaded shared library E:\JAVA\bin\net.dll
Event: 0.092 Loaded shared library E:\JAVA\bin\nio.dll
Event: 0.095 Loaded shared library E:\JAVA\bin\zip.dll
Event: 0.308 Loaded shared library E:\JAVA\bin\jimage.dll
Event: 0.491 Loaded shared library E:\JAVA\bin\verify.dll
Event: 0.807 Loaded shared library E:\gradle\native\c067742578af261105cb4f569cf0c3c89f3d7b1fecec35dd04571415982c5e48\windows-amd64\native-platform.dll
Event: 0.815 Loaded shared library E:\gradle\native\100fb08df4bc3b14c8652ba06237920a3bd2aa13389f12d3474272988ae205f9\windows-amd64\native-platform-file-events.dll
Event: 2.058 Loaded shared library E:\JAVA\bin\management.dll
Event: 2.063 Loaded shared library E:\JAVA\bin\management_ext.dll
Event: 4.601 Loaded shared library E:\JAVA\bin\extnet.dll
Event: 9.831 Loaded shared library E:\JAVA\bin\sunmscapi.dll

Deoptimization events (20 events):
Event: 47.239 Thread 0x0000021263605d70 Uncommon trap: trap_request=0xffffff45 fr.pc=0x000002124a1495c0 relative=0x00000000000015c0
Event: 47.239 Thread 0x0000021263605d70 Uncommon trap: reason=unstable_if action=reinterpret pc=0x000002124a1495c0 method=java.util.concurrent.locks.ReentrantLock$FairSync.tryAcquire(I)Z @ 4 c2
Event: 47.239 Thread 0x0000021263605d70 DEOPT PACKING pc=0x000002124a1495c0 sp=0x00000086c06f7bb0
Event: 47.239 Thread 0x0000021263605d70 DEOPT UNPACKING pc=0x00000212496869a3 sp=0x00000086c06f7b28 mode 2
Event: 47.403 Thread 0x0000021263605d70 Uncommon trap: trap_request=0xffffffde fr.pc=0x000002124a374328 relative=0x0000000000000448
Event: 47.403 Thread 0x0000021263605d70 Uncommon trap: reason=class_check action=maybe_recompile pc=0x000002124a374328 method=org.gradle.internal.component.model.GraphVariantSelector.containsImplicitCapability(Lorg/gradle/internal/component/external/model/ImmutableCapabilities;Lorg/gradle/api/i
Event: 47.403 Thread 0x0000021263605d70 DEOPT PACKING pc=0x000002124a374328 sp=0x00000086c06f7110
Event: 47.403 Thread 0x0000021263605d70 DEOPT UNPACKING pc=0x00000212496869a3 sp=0x00000086c06f70a0 mode 2
Event: 47.403 Thread 0x0000021263605d70 Uncommon trap: trap_request=0xffffffde fr.pc=0x000002124a374328 relative=0x0000000000000448
Event: 47.403 Thread 0x0000021263605d70 Uncommon trap: reason=class_check action=maybe_recompile pc=0x000002124a374328 method=org.gradle.internal.component.model.GraphVariantSelector.containsImplicitCapability(Lorg/gradle/internal/component/external/model/ImmutableCapabilities;Lorg/gradle/api/i
Event: 47.403 Thread 0x0000021263605d70 DEOPT PACKING pc=0x000002124a374328 sp=0x00000086c06f7110
Event: 47.403 Thread 0x0000021263605d70 DEOPT UNPACKING pc=0x00000212496869a3 sp=0x00000086c06f70a0 mode 2
Event: 47.403 Thread 0x0000021263605d70 Uncommon trap: trap_request=0xffffffde fr.pc=0x000002124a374328 relative=0x0000000000000448
Event: 47.403 Thread 0x0000021263605d70 Uncommon trap: reason=class_check action=maybe_recompile pc=0x000002124a374328 method=org.gradle.internal.component.model.GraphVariantSelector.containsImplicitCapability(Lorg/gradle/internal/component/external/model/ImmutableCapabilities;Lorg/gradle/api/i
Event: 47.403 Thread 0x0000021263605d70 DEOPT PACKING pc=0x000002124a374328 sp=0x00000086c06f7110
Event: 47.403 Thread 0x0000021263605d70 DEOPT UNPACKING pc=0x00000212496869a3 sp=0x00000086c06f70a0 mode 2
Event: 47.403 Thread 0x0000021263605d70 Uncommon trap: trap_request=0xffffffde fr.pc=0x000002124a374328 relative=0x0000000000000448
Event: 47.403 Thread 0x0000021263605d70 Uncommon trap: reason=class_check action=maybe_recompile pc=0x000002124a374328 method=org.gradle.internal.component.model.GraphVariantSelector.containsImplicitCapability(Lorg/gradle/internal/component/external/model/ImmutableCapabilities;Lorg/gradle/api/i
Event: 47.403 Thread 0x0000021263605d70 DEOPT PACKING pc=0x000002124a374328 sp=0x00000086c06f7110
Event: 47.403 Thread 0x0000021263605d70 DEOPT UNPACKING pc=0x00000212496869a3 sp=0x00000086c06f70a0 mode 2

Classes loaded (20 events):
Event: 41.178 Loading class jdk/internal/reflect/UnsafeQualifiedIntegerFieldAccessorImpl
Event: 41.179 Loading class jdk/internal/reflect/UnsafeQualifiedIntegerFieldAccessorImpl done
Event: 42.247 Loading class java/util/regex/Pattern$1
Event: 42.247 Loading class java/util/regex/Pattern$1 done
Event: 46.770 Loading class java/util/ArrayListBeanInfo
Event: 46.770 Loading class java/util/ArrayListBeanInfo done
Event: 46.770 Loading class java/util/ArrayListBeanInfo
Event: 46.770 Loading class java/util/ArrayListBeanInfo done
Event: 46.771 Loading class java/util/AbstractListBeanInfo
Event: 46.771 Loading class java/util/AbstractListBeanInfo done
Event: 46.771 Loading class java/util/AbstractListBeanInfo
Event: 46.771 Loading class java/util/AbstractListBeanInfo done
Event: 46.771 Loading class java/util/AbstractListCustomizer
Event: 46.771 Loading class java/util/AbstractListCustomizer done
Event: 46.772 Loading class java/util/AbstractListCustomizer
Event: 46.772 Loading class java/util/AbstractListCustomizer done
Event: 46.773 Loading class java/util/ArrayListCustomizer
Event: 46.773 Loading class java/util/ArrayListCustomizer done
Event: 46.774 Loading class java/util/ArrayListCustomizer
Event: 46.774 Loading class java/util/ArrayListCustomizer done

Classes unloaded (0 events):
No events

Classes redefined (0 events):
No events

Internal exceptions (20 events):
Event: 46.734 Thread 0x0000021263605d70 Exception <a 'java/lang/ClassNotFoundException'{0x000000070c71ef50}: org/gradle/api/internal/ConventionTaskCustomizer> (0x000000070c71ef50) 
thrown [s\src\hotspot\share\classfile\systemDictionary.cpp, line 256]
Event: 46.736 Thread 0x0000021263605d70 Exception <a 'java/lang/ClassNotFoundException'{0x000000070c73c6f8}: org/gradle/api/tasks/SourceTaskCustomizer> (0x000000070c73c6f8) 
thrown [s\src\hotspot\share\classfile\systemDictionary.cpp, line 256]
Event: 46.739 Thread 0x0000021263605d70 Exception <a 'java/lang/ClassNotFoundException'{0x000000070c771e68}: org/gradle/api/tasks/compile/AbstractCompileCustomizer> (0x000000070c771e68) 
thrown [s\src\hotspot\share\classfile\systemDictionary.cpp, line 256]
Event: 46.741 Thread 0x0000021263605d70 Exception <a 'java/lang/ClassNotFoundException'{0x000000070c79b628}: org/gradle/api/tasks/compile/JavaCompileCustomizer> (0x000000070c79b628) 
thrown [s\src\hotspot\share\classfile\systemDictionary.cpp, line 256]
Event: 46.743 Thread 0x0000021263605d70 Exception <a 'java/lang/ClassNotFoundException'{0x000000070c7c5bf0}: org/gradle/api/tasks/compile/JavaCompile_DecoratedCustomizer> (0x000000070c7c5bf0) 
thrown [s\src\hotspot\share\classfile\systemDictionary.cpp, line 256]
Event: 46.753 Thread 0x0000021263605d70 Exception <a 'java/lang/ClassNotFoundException'{0x000000070c481f98}: org/gradle/api/tasks/compile/CompileOptions_DecoratedBeanInfo> (0x000000070c481f98) 
thrown [s\src\hotspot\share\classfile\systemDictionary.cpp, line 256]
Event: 46.755 Thread 0x0000021263605d70 Exception <a 'java/lang/ClassNotFoundException'{0x000000070c493158}: org/gradle/api/tasks/compile/CompileOptionsBeanInfo> (0x000000070c493158) 
thrown [s\src\hotspot\share\classfile\systemDictionary.cpp, line 256]
Event: 46.757 Thread 0x0000021263605d70 Exception <a 'java/lang/ClassNotFoundException'{0x000000070c4a4310}: org/gradle/api/tasks/compile/AbstractOptionsBeanInfo> (0x000000070c4a4310) 
thrown [s\src\hotspot\share\classfile\systemDictionary.cpp, line 256]
Event: 46.758 Thread 0x0000021263605d70 Exception <a 'java/lang/ClassNotFoundException'{0x000000070c4b57b8}: org/gradle/api/tasks/compile/AbstractOptionsCustomizer> (0x000000070c4b57b8) 
thrown [s\src\hotspot\share\classfile\systemDictionary.cpp, line 256]
Event: 46.760 Thread 0x0000021263605d70 Exception <a 'java/lang/ClassNotFoundException'{0x000000070c4c9260}: org/gradle/api/tasks/compile/CompileOptionsCustomizer> (0x000000070c4c9260) 
thrown [s\src\hotspot\share\classfile\systemDictionary.cpp, line 256]
Event: 46.764 Thread 0x0000021263605d70 Exception <a 'java/lang/ClassNotFoundException'{0x000000070c5122a8}: org/gradle/api/tasks/compile/CompileOptions_DecoratedCustomizer> (0x000000070c5122a8) 
thrown [s\src\hotspot\share\classfile\systemDictionary.cpp, line 256]
Event: 46.771 Thread 0x0000021263605d70 Exception <a 'java/lang/ClassNotFoundException'{0x000000070c296808}: java/util/ArrayListBeanInfo> (0x000000070c296808) 
thrown [s\src\hotspot\share\classfile\systemDictionary.cpp, line 256]
Event: 46.771 Thread 0x0000021263605d70 Exception <a 'java/lang/ClassNotFoundException'{0x000000070c29e5f0}: java/util/AbstractListBeanInfo> (0x000000070c29e5f0) 
thrown [s\src\hotspot\share\classfile\systemDictionary.cpp, line 256]
Event: 46.772 Thread 0x0000021263605d70 Exception <a 'java/lang/ClassNotFoundException'{0x000000070c2a6400}: java/util/AbstractListCustomizer> (0x000000070c2a6400) 
thrown [s\src\hotspot\share\classfile\systemDictionary.cpp, line 256]
Event: 46.774 Thread 0x0000021263605d70 Exception <a 'java/lang/ClassNotFoundException'{0x000000070c2dce40}: java/util/ArrayListCustomizer> (0x000000070c2dce40) 
thrown [s\src\hotspot\share\classfile\systemDictionary.cpp, line 256]
Event: 46.987 Thread 0x0000021263605d70 Implicit null exception at 0x000002124a40a230 to 0x000002124a40a304
Event: 47.000 Thread 0x0000021263605d70 Exception <a 'java/lang/ClassNotFoundException'{0x000000070b838658}: com/android/build/gradle/internal/api/LibraryVariantOutputImpl_DecoratedBeanInfo> (0x000000070b838658) 
thrown [s\src\hotspot\share\classfile\systemDictionary.cpp, line 256]
Event: 47.001 Thread 0x0000021263605d70 Exception <a 'java/lang/ClassNotFoundException'{0x000000070b845d30}: com/android/build/gradle/internal/api/LibraryVariantOutputImplBeanInfo> (0x000000070b845d30) 
thrown [s\src\hotspot\share\classfile\systemDictionary.cpp, line 256]
Event: 47.002 Thread 0x0000021263605d70 Exception <a 'java/lang/ClassNotFoundException'{0x000000070b853490}: com/android/build/gradle/internal/api/LibraryVariantOutputImplCustomizer> (0x000000070b853490) 
thrown [s\src\hotspot\share\classfile\systemDictionary.cpp, line 256]
Event: 47.004 Thread 0x0000021263605d70 Exception <a 'java/lang/ClassNotFoundException'{0x000000070b869f28}: com/android/build/gradle/internal/api/LibraryVariantOutputImpl_DecoratedCustomizer> (0x000000070b869f28) 
thrown [s\src\hotspot\share\classfile\systemDictionary.cpp, line 256]

VM Operations (20 events):
Event: 44.445 Executing VM operation: G1CollectForAllocation
Event: 44.455 Executing VM operation: G1CollectForAllocation done
Event: 45.260 Executing VM operation: G1CollectForAllocation
Event: 45.267 Executing VM operation: G1CollectForAllocation done
Event: 46.075 Executing VM operation: G1CollectForAllocation
Event: 46.079 Executing VM operation: G1CollectForAllocation done
Event: 46.677 Executing VM operation: G1CollectForAllocation
Event: 46.682 Executing VM operation: G1CollectForAllocation done
Event: 47.367 Executing VM operation: G1CollectForAllocation
Event: 47.374 Executing VM operation: G1CollectForAllocation done
Event: 48.061 Executing VM operation: G1CollectForAllocation
Event: 48.068 Executing VM operation: G1CollectForAllocation done
Event: 48.631 Executing VM operation: G1CollectForAllocation
Event: 48.636 Executing VM operation: G1CollectForAllocation done
Event: 49.082 Executing VM operation: G1CollectForAllocation
Event: 49.085 Executing VM operation: G1CollectForAllocation done
Event: 49.493 Executing VM operation: G1CollectForAllocation
Event: 49.496 Executing VM operation: G1CollectForAllocation done
Event: 49.880 Executing VM operation: G1CollectForAllocation
Event: 49.883 Executing VM operation: G1CollectForAllocation done

Memory protections (0 events):
No events

Nmethod flushes (20 events):
Event: 29.455 Thread 0x0000021262058ff0 flushing  nmethod 0x0000021242f37190
Event: 29.455 Thread 0x0000021262058ff0 flushing  nmethod 0x0000021242f3ab10
Event: 29.455 Thread 0x0000021262058ff0 flushing  nmethod 0x0000021242f3b010
Event: 29.455 Thread 0x0000021262058ff0 flushing  nmethod 0x0000021242f3c590
Event: 29.455 Thread 0x0000021262058ff0 flushing  nmethod 0x0000021242f43290
Event: 29.455 Thread 0x0000021262058ff0 flushing  nmethod 0x0000021242f58690
Event: 29.456 Thread 0x0000021262058ff0 flushing  nmethod 0x0000021242fa3d90
Event: 29.456 Thread 0x0000021262058ff0 flushing  nmethod 0x0000021242fadc90
Event: 29.456 Thread 0x0000021262058ff0 flushing  nmethod 0x000002124305c510
Event: 29.456 Thread 0x0000021262058ff0 flushing  nmethod 0x000002124307af10
Event: 29.456 Thread 0x0000021262058ff0 flushing  nmethod 0x00000212430c2390
Event: 29.456 Thread 0x0000021262058ff0 flushing  nmethod 0x00000212430c2710
Event: 29.457 Thread 0x0000021262058ff0 flushing  nmethod 0x00000212430d2390
Event: 29.457 Thread 0x0000021262058ff0 flushing  nmethod 0x0000021243137810
Event: 29.457 Thread 0x0000021262058ff0 flushing  nmethod 0x0000021243159a90
Event: 29.457 Thread 0x0000021262058ff0 flushing  nmethod 0x00000212431cac10
Event: 38.835 Thread 0x0000021262058ff0 flushing  nmethod 0x000002124a15fa90
Event: 38.836 Thread 0x0000021262058ff0 flushing  nmethod 0x00000212421b4310
Event: 38.837 Thread 0x0000021262058ff0 flushing  nmethod 0x00000212422d1090
Event: 38.848 Thread 0x0000021262058ff0 flushing  nmethod 0x0000021242abeb90

Events (20 events):
Event: 36.080 Thread 0x00000212620462b0 Thread added: 0x00000212622783c0
Event: 36.513 Thread 0x0000021263605d70 Thread added: 0x0000021267fa4110
Event: 36.915 Thread 0x00000212647c2870 Thread added: 0x0000021267fa4620
Event: 37.122 Thread 0x00000212620462b0 Thread added: 0x0000021262277e70
Event: 38.327 Thread 0x0000021262277e70 Thread exited: 0x0000021262277e70
Event: 38.381 Thread 0x00000212622783c0 Thread exited: 0x00000212622783c0
Event: 38.504 Thread 0x00000212620462b0 Thread added: 0x000002126227b8e0
Event: 39.026 Thread 0x000002126227b8e0 Thread exited: 0x000002126227b8e0
Event: 41.362 Thread 0x00000212620462b0 Thread added: 0x0000021262278e60
Event: 41.984 Thread 0x00000212620436d0 Thread added: 0x00000212622783c0
Event: 42.705 Thread 0x00000212622783c0 Thread exited: 0x00000212622783c0
Event: 42.856 Thread 0x0000021262278e60 Thread added: 0x000002126227be30
Event: 43.103 Thread 0x0000021263605d70 Thread added: 0x000002126a60fb60
Event: 44.584 Thread 0x000002126227be30 Thread exited: 0x000002126227be30
Event: 45.566 Thread 0x0000021262278e60 Thread exited: 0x0000021262278e60
Event: 46.263 Thread 0x0000021263605d70 Thread added: 0x000002126a610fa0
Event: 46.342 Thread 0x00000212620462b0 Thread added: 0x000002126227be30
Event: 47.246 Thread 0x000002126227be30 Thread exited: 0x000002126227be30
Event: 47.681 Thread 0x00000212620462b0 Thread added: 0x000002126227c8d0
Event: 48.405 Thread 0x000002126227c8d0 Thread exited: 0x000002126227c8d0


Dynamic libraries:
0x00007ff6972c0000 - 0x00007ff6972ce000 	E:\JAVA\bin\java.exe
0x00007ffad2460000 - 0x00007ffad26c6000 	C:\WINDOWS\SYSTEM32\ntdll.dll
0x00007ffad12a0000 - 0x00007ffad1369000 	C:\WINDOWS\System32\KERNEL32.DLL
0x00007ffacfdd0000 - 0x00007ffad01ca000 	C:\WINDOWS\System32\KERNELBASE.dll
0x00007ffacfc80000 - 0x00007ffacfdcc000 	C:\WINDOWS\System32\ucrtbase.dll
0x00007ffab9050000 - 0x00007ffab9068000 	E:\JAVA\bin\jli.dll
0x00007ffaaf7e0000 - 0x00007ffaaf7fe000 	E:\JAVA\bin\VCRUNTIME140.dll
0x00007ffad2250000 - 0x00007ffad2417000 	C:\WINDOWS\System32\USER32.dll
0x00007ffacf910000 - 0x00007ffacf937000 	C:\WINDOWS\System32\win32u.dll
0x00007ffaba700000 - 0x00007ffaba992000 	C:\WINDOWS\WinSxS\amd64_microsoft.windows.common-controls_6595b64144ccf1df_6.0.26100.8521_none_3e08b75ce33403b3\COMCTL32.dll
0x00007ffad18d0000 - 0x00007ffad18fb000 	C:\WINDOWS\System32\GDI32.dll
0x00007ffad1820000 - 0x00007ffad18c9000 	C:\WINDOWS\System32\msvcrt.dll
0x00007ffacfac0000 - 0x00007ffacfbeb000 	C:\WINDOWS\System32\gdi32full.dll
0x00007ffacf7b0000 - 0x00007ffacf853000 	C:\WINDOWS\System32\msvcp_win.dll
0x00007ffad01d0000 - 0x00007ffad0202000 	C:\WINDOWS\System32\IMM32.DLL
0x00007ffabdba0000 - 0x00007ffabdbac000 	E:\JAVA\bin\vcruntime140_1.dll
0x00007ffa6fc50000 - 0x00007ffa6fcdd000 	E:\JAVA\bin\msvcp140.dll
0x00007ffa547d0000 - 0x00007ffa5543b000 	E:\JAVA\bin\server\jvm.dll
0x00007ffad0e60000 - 0x00007ffad0f16000 	C:\WINDOWS\System32\ADVAPI32.dll
0x00007ffad1900000 - 0x00007ffad19aa000 	C:\WINDOWS\System32\sechost.dll
0x00007ffad1700000 - 0x00007ffad1818000 	C:\WINDOWS\System32\RPCRT4.dll
0x00007ffad1a20000 - 0x00007ffad1aa0000 	C:\WINDOWS\System32\WS2_32.dll
0x00007ffacf550000 - 0x00007ffacf5ae000 	C:\WINDOWS\SYSTEM32\POWRPROF.dll
0x00007ffabefa0000 - 0x00007ffabefab000 	C:\WINDOWS\SYSTEM32\VERSION.dll
0x00007ffaba9a0000 - 0x00007ffaba9d6000 	C:\WINDOWS\SYSTEM32\WINMM.dll
0x00007ffacf530000 - 0x00007ffacf544000 	C:\WINDOWS\SYSTEM32\UMPDC.dll
0x00007fface440000 - 0x00007fface45b000 	C:\WINDOWS\SYSTEM32\kernel.appcore.dll
0x00007ffabdb10000 - 0x00007ffabdb1a000 	E:\JAVA\bin\jimage.dll
0x00007ffacce70000 - 0x00007ffacd0b2000 	C:\WINDOWS\SYSTEM32\DBGHELP.DLL
0x00007ffad0ad0000 - 0x00007ffad0e53000 	C:\WINDOWS\System32\combase.dll
0x00007ffad0fb0000 - 0x00007ffad1089000 	C:\WINDOWS\System32\OLEAUT32.dll
0x00007ffabb1d0000 - 0x00007ffabb20b000 	C:\WINDOWS\SYSTEM32\dbgcore.DLL
0x00007ffacf860000 - 0x00007ffacf908000 	C:\WINDOWS\System32\bcryptPrimitives.dll
0x00007ffabda90000 - 0x00007ffabda9e000 	E:\JAVA\bin\instrument.dll
0x00007ffaa66f0000 - 0x00007ffaa6715000 	E:\JAVA\bin\java.dll
0x00007ffa66e60000 - 0x00007ffa66f37000 	E:\JAVA\bin\jsvml.dll
0x00007ffad1ab0000 - 0x00007ffad2234000 	C:\WINDOWS\System32\SHELL32.dll
0x00007ffacd270000 - 0x00007ffacdaf0000 	C:\WINDOWS\SYSTEM32\windows.storage.dll
0x00007ffad0850000 - 0x00007ffad0946000 	C:\WINDOWS\System32\SHCORE.dll
0x00007ffad0720000 - 0x00007ffad0787000 	C:\WINDOWS\System32\shlwapi.dll
0x00007ffacf610000 - 0x00007ffacf639000 	C:\WINDOWS\SYSTEM32\profapi.dll
0x00007ffaa8ed0000 - 0x00007ffaa8ee8000 	E:\JAVA\bin\zip.dll
0x00007ffaac140000 - 0x00007ffaac15a000 	E:\JAVA\bin\net.dll
0x00007ffabfa20000 - 0x00007ffabfb49000 	C:\WINDOWS\SYSTEM32\WINHTTP.dll
0x00007fface990000 - 0x00007fface9fc000 	C:\WINDOWS\system32\mswsock.dll
0x00007ffaaa3c0000 - 0x00007ffaaa3d6000 	E:\JAVA\bin\nio.dll
0x00007ffabb4b0000 - 0x00007ffabb4c0000 	E:\JAVA\bin\verify.dll
0x00007ffab8d90000 - 0x00007ffab8db7000 	E:\gradle\native\c067742578af261105cb4f569cf0c3c89f3d7b1fecec35dd04571415982c5e48\windows-amd64\native-platform.dll
0x00007ffa94dc0000 - 0x00007ffa94f04000 	E:\gradle\native\100fb08df4bc3b14c8652ba06237920a3bd2aa13389f12d3474272988ae205f9\windows-amd64\native-platform-file-events.dll
0x00007ffabd970000 - 0x00007ffabd97a000 	E:\JAVA\bin\management.dll
0x00007ffabd830000 - 0x00007ffabd83c000 	E:\JAVA\bin\management_ext.dll
0x00007ffad2240000 - 0x00007ffad2248000 	C:\WINDOWS\System32\PSAPI.DLL
0x00007ffaced90000 - 0x00007ffacedab000 	C:\WINDOWS\SYSTEM32\CRYPTSP.dll
0x00007fface3a0000 - 0x00007fface3d9000 	C:\WINDOWS\system32\rsaenh.dll
0x00007ffacea40000 - 0x00007ffacea73000 	C:\WINDOWS\SYSTEM32\USERENV.dll
0x00007ffacf5e0000 - 0x00007ffacf60a000 	C:\WINDOWS\SYSTEM32\bcrypt.dll
0x00007ffacebf0000 - 0x00007ffacebfc000 	C:\WINDOWS\SYSTEM32\CRYPTBASE.dll
0x00007ffacde20000 - 0x00007ffacde53000 	C:\WINDOWS\SYSTEM32\IPHLPAPI.DLL
0x00007ffad19b0000 - 0x00007ffad19ba000 	C:\WINDOWS\System32\NSI.dll
0x00007ffac44d0000 - 0x00007ffac44ed000 	C:\WINDOWS\SYSTEM32\dhcpcsvc6.DLL
0x00007ffac44a0000 - 0x00007ffac44c5000 	C:\WINDOWS\SYSTEM32\dhcpcsvc.DLL
0x00007ffacdeb0000 - 0x00007ffacdffa000 	C:\WINDOWS\SYSTEM32\DNSAPI.dll
0x00007fface7d0000 - 0x00007fface7dd000 	C:\WINDOWS\SYSTEM32\DSPARSE.dll
0x00007ffabd7f0000 - 0x00007ffabd7f9000 	E:\JAVA\bin\extnet.dll
0x00007ffabdaa0000 - 0x00007ffabdaae000 	E:\JAVA\bin\sunmscapi.dll
0x00007ffacf940000 - 0x00007ffacfab8000 	C:\WINDOWS\System32\CRYPT32.dll
0x00007ffaceef0000 - 0x00007ffacef20000 	C:\WINDOWS\SYSTEM32\ncrypt.dll
0x00007ffaceea0000 - 0x00007ffaceedf000 	C:\WINDOWS\SYSTEM32\NTASN1.dll
0x00007ffab7250000 - 0x00007ffab7258000 	C:\WINDOWS\system32\wshunix.dll
0x00007ffabe350000 - 0x00007ffabe368000 	C:\WINDOWS\system32\napinsp.dll
0x00007ffabe310000 - 0x00007ffabe323000 	C:\WINDOWS\System32\winrnr.dll
0x00007ffa69ff0000 - 0x00007ffa6a012000 	C:\WINDOWS\system32\nlansp_c.dll
0x00007ffabd6b0000 - 0x00007ffabd6c6000 	C:\WINDOWS\system32\wshbth.dll
0x00007ffac0c80000 - 0x00007ffac0c8b000 	C:\Windows\System32\rasadhlp.dll
0x00007ffac5520000 - 0x00007ffac55a6000 	C:\WINDOWS\System32\fwpuclnt.dll

dbghelp: loaded successfully - version: 4.0.5 - missing functions: none
symbol engine: initialized successfully - sym options: 0x614 - pdb path: .;E:\JAVA\bin;C:\WINDOWS\SYSTEM32;C:\WINDOWS\WinSxS\amd64_microsoft.windows.common-controls_6595b64144ccf1df_6.0.26100.8521_none_3e08b75ce33403b3;E:\JAVA\bin\server;E:\gradle\native\c067742578af261105cb4f569cf0c3c89f3d7b1fecec35dd04571415982c5e48\windows-amd64;E:\gradle\native\100fb08df4bc3b14c8652ba06237920a3bd2aa13389f12d3474272988ae205f9\windows-amd64

VM Arguments:
jvm_args: --add-opens=java.base/java.lang=ALL-UNNAMED --add-opens=java.base/java.lang.invoke=ALL-UNNAMED --add-opens=java.base/java.util=ALL-UNNAMED --add-opens=java.prefs/java.util.prefs=ALL-UNNAMED --add-exports=jdk.compiler/com.sun.tools.javac.api=ALL-UNNAMED --add-exports=jdk.compiler/com.sun.tools.javac.util=ALL-UNNAMED --add-opens=java.base/java.util=ALL-UNNAMED --add-opens=java.prefs/java.util.prefs=ALL-UNNAMED --add-opens=java.base/java.nio.charset=ALL-UNNAMED --add-opens=java.base/java.net=ALL-UNNAMED --add-opens=java.base/java.util.concurrent.atomic=ALL-UNNAMED --add-opens=java.xml/javax.xml.namespace=ALL-UNNAMED -XX:MaxMetaspaceSize=1024m -Xmx4096m -Dfile.encoding=UTF-8 -Duser.country=US -Duser.language=en -Duser.variant -javaagent:E:\gradle\wrapper\dists\gradle-8.11.1-all\2qik7nd48slq1ooc2496ixf4i\gradle-8.11.1\lib\agents\gradle-instrumentation-agent-8.11.1.jar 
java_command: org.gradle.launcher.daemon.bootstrap.GradleDaemon 8.11.1
java_class_path (initial): E:\gradle\wrapper\dists\gradle-8.11.1-all\2qik7nd48slq1ooc2496ixf4i\gradle-8.11.1\lib\gradle-daemon-main-8.11.1.jar
Launcher Type: SUN_STANDARD

[Global flags]
     intx CICompilerCount                          = 4                                         {product} {ergonomic}
   size_t CompressedClassSpaceSize                 = 872415232                                 {product} {ergonomic}
     uint ConcGCThreads                            = 2                                         {product} {ergonomic}
     uint G1ConcRefinementThreads                  = 8                                         {product} {ergonomic}
   size_t G1HeapRegionSize                         = 2097152                                   {product} {ergonomic}
    uintx GCDrainStackTargetSize                   = 64                                        {product} {ergonomic}
   size_t InitialHeapSize                          = 264241152                                 {product} {ergonomic}
   size_t MarkStackSize                            = 4194304                                   {product} {ergonomic}
   size_t MaxHeapSize                              = 4294967296                                {product} {command line}
   size_t MaxMetaspaceSize                         = 1073741824                                {product} {command line}
   size_t MaxNewSize                               = 2575302656                                {product} {ergonomic}
   size_t MinHeapDeltaBytes                        = 2097152                                   {product} {ergonomic}
   size_t MinHeapSize                              = 8388608                                   {product} {ergonomic}
    uintx NonNMethodCodeHeapSize                   = 5839372                                {pd product} {ergonomic}
    uintx NonProfiledCodeHeapSize                  = 122909434                              {pd product} {ergonomic}
    uintx ProfiledCodeHeapSize                     = 122909434                              {pd product} {ergonomic}
    uintx ReservedCodeCacheSize                    = 251658240                              {pd product} {ergonomic}
     bool SegmentedCodeCache                       = true                                      {product} {ergonomic}
   size_t SoftMaxHeapSize                          = 4294967296                             {manageable} {ergonomic}
     bool UseCompressedClassPointers               = true                           {product lp64_product} {ergonomic}
     bool UseCompressedOops                        = true                           {product lp64_product} {ergonomic}
     bool UseG1GC                                  = true                                      {product} {ergonomic}
     bool UseLargePagesIndividualAllocation        = false                                  {pd product} {ergonomic}

Logging:
Log output configuration:
 #0: stdout all=warning uptime,level,tags
 #1: stderr all=off uptime,level,tags

Environment Variables:
JAVA_HOME=E:\JAVA
CLASSPATH=E:\voice_test\android\\gradle\wrapper\gradle-wrapper.jar
PATH=E:\JAVA\bin;C:\Program Files\Common Files\Oracle\Java\javapath;C:\WINDOWS\system32;C:\WINDOWS;C:\WINDOWS\System32\Wbem;C:\WINDOWS\System32\WindowsPowerShell\v1.0\;C:\WINDOWS\System32\OpenSSH\;C:\Program Files\Git\cmd;C:\Program Files\Microsoft SQL Server\170\Tools\Binn\;C:\Program Files\Microsoft SQL Server\Client SDK\ODBC\170\Tools\Binn\;C:\Program Files\Microsoft SQL Server\170\DTS\Binn\;C:\Program Files\dotnet\;D:\Basira\;C:\ProgramData\chocolatey\bin;E:\JAVA\bin;E:\DOWNLOAD\New folder (2)\bin;C:\Program Files\Common Files\Oracle\Java\javapath;C:\WINDOWS\system32;C:\WINDOWS;C:\WINDOWS\System32\Wbem;C:\WINDOWS\System32\WindowsPowerShell\v1.0\;C:\WINDOWS\System32\OpenSSH\;C:\Program Files\Git\cmd;C:\Program Files\Microsoft SQL Server\170\Tools\Binn\;C:\Program Files\Microsoft SQL Server\Client SDK\ODBC\170\Tools\Binn\;C:\Program Files\Microsoft SQL Server\170\DTS\Binn\;C:\Program Files\dotnet\;D:\Basira\;C:\ProgramData\chocolatey\bin;C:\WINDOWS\system32;C:\WINDOWS;C:\WINDOWS\System32\Wbem;C:\WINDOWS\System32\WindowsPowerShell\v1.0\;C:\WINDOWS\System32\OpenSSH\;C:\Program Files\Git\cmd;C:\Program Files\Microsoft SQL Server\170\Tools\Binn\;C:\Program Files\Microsoft SQL Server\Client SDK\ODBC\170\Tools\Binn\;C:\Program Files\Microsoft SQL Server\170\DTS\Binn\;C:\Program Files\dotnet\;D:\Basira\;C:\ProgramData\chocolatey\bin;C:\Users\DELL\AppData\Local\Programs\Python\Python310\Scripts\;C:\Users\DELL\AppData\Local\Programs\Python\Python310\;C:\Users\DELL\AppData\Local\Prog;E:\flutter\bin;D:\download\Antigravity\bin;;c:\Users\DELL\.antigravity\extensions\ms-python.debugpy-2026.6.0-win32-x64\bundled\scripts\noConfigScripts;E:\flutter\bin\mingit\cmd
USERNAME=DELL
LANG=en_US.UTF-8
OS=Windows_NT
PROCESSOR_IDENTIFIER=Intel64 Family 6 Model 142 Stepping 12, GenuineIntel
TMP=C:\Users\DELL\AppData\Local\Temp
TEMP=C:\Users\DELL\AppData\Local\Temp



Periodic native trim disabled


---------------  S Y S T E M  ---------------

OS:
 Windows 11 , 64 bit Build 26100 (10.0.26100.8521)
OS uptime: 1 days 8:11 hours
Hyper-V role detected

CPU: total 8 (initial active 8) (4 cores per cpu, 2 threads per core) family 6 model 142 stepping 12 microcode 0xf8, cx8, cmov, fxsr, ht, mmx, 3dnowpref, sse, sse2, sse3, ssse3, sse4.1, sse4.2, popcnt, lzcnt, tsc, tscinvbit, avx, avx2, aes, erms, clmul, bmi1, bmi2, adx, fma, vzeroupper, clflush, clflushopt, hv
Processor Information for all 8 processors :
  Max Mhz: 2304, Current Mhz: 1803, Mhz Limit: 1797

Memory: 4k page, system-wide physical 16043M (2983M free)
TotalPageFile size 19538M (AvailPageFile size 313M)
current process WorkingSet (physical memory assigned to process): 477M, peak: 482M
current process commit charge ("private bytes"): 521M, peak: 527M

vm_info: OpenJDK 64-Bit Server VM (17.0.18+8) for windows-amd64 JRE (17.0.18+8), built on Jan 20 2026 22:28:22 by "admin" with MS VC++ 17.12 (VS2022)

END.
