#
# There is insufficient memory for the Java Runtime Environment to continue.
# Native memory allocation (malloc) failed to allocate 1134688 bytes. Error detail: Chunk::new
# Possible reasons:
#   The system is out of physical RAM or swap space
#   This process is running with CompressedOops enabled, and the Java Heap may be blocking the growth of the native heap
# Possible solutions:
#   Reduce memory load on the system
#   Increase physical memory or swap space
#   Check if swap backing store is full
#   Decrease Java heap size (-Xmx/-Xms)
#   Decrease number of Java threads
#   Decrease Java thread stack sizes (-Xss)
#   Set larger code cache with -XX:ReservedCodeCacheSize=
#   JVM is running with Zero Based Compressed Oops mode in which the Java heap is
#     placed in the first 32GB address space. The Java Heap base address is the
#     maximum limit for the native heap growth. Please use -XX:HeapBaseMinAddress
#     to set the Java Heap base and to place the Java Heap above 32GB virtual address.
# This output file may be truncated or incomplete.
#
#  Out of Memory Error (arena.cpp:191), pid=2968, tid=4032
#
# JRE version: OpenJDK Runtime Environment Temurin-17.0.18+8 (17.0.18+8) (build 17.0.18+8)
# Java VM: OpenJDK 64-Bit Server VM Temurin-17.0.18+8 (17.0.18+8, mixed mode, sharing, tiered, compressed oops, compressed class ptrs, g1 gc, windows-amd64)
# No core dump will be written. Minidumps are not enabled by default on client versions of Windows
#

---------------  S U M M A R Y ------------

Command Line: -Dorg.gradle.appname=gradlew org.gradle.wrapper.GradleWrapperMain -q -Ptarget-platform=android-arm,android-arm64,android-x64 -Ptarget=lib\main.dart -Pbase-application-name=android.app.Application -Pdart-defines=RkxVVFRFUl9WRVJTSU9OPTMuNDEuOQ==,RkxVVFRFUl9DSEFOTkVMPXN0YWJsZQ==,RkxVVFRFUl9HSVRfVVJMPWh0dHBzOi8vZ2l0aHViLmNvbS9mbHV0dGVyL2ZsdXR0ZXIuZ2l0,RkxVVFRFUl9GUkFNRVdPUktfUkVWSVNJT049MDBiMGM5MWYwNg==,RkxVVFRFUl9FTkdJTkVfUkVWSVNJT049NDJkM2Q3NWE1Ng==,RkxVVFRFUl9EQVJUX1ZFUlNJT049My4xMS41 -Pdart-obfuscation=false -Ptrack-widget-creation=true -Ptree-shake-icons=true assembleRelease

Host: Intel(R) Core(TM) i7-10610U CPU @ 1.80GHz, 8 cores, 15G,  Windows 11 , 64 bit Build 26100 (10.0.26100.8521)
Time: Fri Jun 12 05:40:14 2026 Egypt Daylight Time elapsed time: 1.092408 seconds (0d 0h 0m 1s)

---------------  T H R E A D  ---------------

Current thread (0x0000025c5e3319f0):  JavaThread "C2 CompilerThread1" daemon [_thread_in_native, id=4032, stack(0x0000009838900000,0x0000009838a00000)]


Current CompileTask:
C2:1092  765       4       java.util.jar.JarFile::getEntry (35 bytes)

Stack: [0x0000009838900000,0x0000009838a00000]
Native frames: (J=compiled Java code, j=interpreted, Vv=VM code, C=native code)
V  [jvm.dll+0x6846f9]
V  [jvm.dll+0x839ea5]
V  [jvm.dll+0x83b91e]
V  [jvm.dll+0x83bfa3]
V  [jvm.dll+0x248eff]
V  [jvm.dll+0xad496]
V  [jvm.dll+0xadb3c]
V  [jvm.dll+0x368c1e]
V  [jvm.dll+0x1bc1ef]
V  [jvm.dll+0x219f10]
V  [jvm.dll+0x219200]
V  [jvm.dll+0x1a4920]
V  [jvm.dll+0x22989a]
V  [jvm.dll+0x227a4b]
V  [jvm.dll+0x7f0658]
V  [jvm.dll+0x7eaaec]
V  [jvm.dll+0x6835c7]
C  [ucrtbase.dll+0x2cd30]
C  [KERNEL32.DLL+0x2e957]
C  [ntdll.dll+0x87c1c]


---------------  P R O C E S S  ---------------

Threads class SMR info:
_java_thread_list=0x0000025c5e2e9b80, length=14, elements={
0x0000025c780fb920, 0x0000025c7fe950d0, 0x0000025c7fe96800, 0x0000025c7feb1540,
0x0000025c7feb3e20, 0x0000025c7feb5af0, 0x0000025c7feb9c50, 0x0000025c7febc480,
0x0000025c7fec8620, 0x0000025c7fed0c60, 0x0000025c5e188390, 0x0000025c5e190cd0,
0x0000025c5e3319f0, 0x0000025c5e6812d0
}

Java Threads: ( => current thread )
  0x0000025c780fb920 JavaThread "main" [_thread_in_Java, id=6540, stack(0x0000009837600000,0x0000009837700000)]
  0x0000025c7fe950d0 JavaThread "Reference Handler" daemon [_thread_blocked, id=10516, stack(0x0000009837d00000,0x0000009837e00000)]
  0x0000025c7fe96800 JavaThread "Finalizer" daemon [_thread_blocked, id=15808, stack(0x0000009837e00000,0x0000009837f00000)]
  0x0000025c7feb1540 JavaThread "Signal Dispatcher" daemon [_thread_blocked, id=1524, stack(0x0000009837f00000,0x0000009838000000)]
  0x0000025c7feb3e20 JavaThread "Attach Listener" daemon [_thread_blocked, id=6388, stack(0x0000009838000000,0x0000009838100000)]
  0x0000025c7feb5af0 JavaThread "Service Thread" daemon [_thread_blocked, id=1000, stack(0x0000009838100000,0x0000009838200000)]
  0x0000025c7feb9c50 JavaThread "Monitor Deflation Thread" daemon [_thread_blocked, id=8308, stack(0x0000009838200000,0x0000009838300000)]
  0x0000025c7febc480 JavaThread "C2 CompilerThread0" daemon [_thread_blocked, id=5116, stack(0x0000009838300000,0x0000009838400000)]
  0x0000025c7fec8620 JavaThread "C1 CompilerThread0" daemon [_thread_blocked, id=9420, stack(0x0000009838400000,0x0000009838500000)]
  0x0000025c7fed0c60 JavaThread "Sweeper thread" daemon [_thread_blocked, id=144, stack(0x0000009838500000,0x0000009838600000)]
  0x0000025c5e188390 JavaThread "Notification Thread" daemon [_thread_blocked, id=7904, stack(0x0000009838600000,0x0000009838700000)]
  0x0000025c5e190cd0 JavaThread "Common-Cleaner" daemon [_thread_blocked, id=16744, stack(0x0000009838800000,0x0000009838900000)]
=>0x0000025c5e3319f0 JavaThread "C2 CompilerThread1" daemon [_thread_in_native, id=4032, stack(0x0000009838900000,0x0000009838a00000)]
  0x0000025c5e6812d0 JavaThread "C2 CompilerThread2" daemon [_thread_blocked, id=1352, stack(0x0000009838a00000,0x0000009838b00000)]

Other Threads:
  0x0000025c7fe90980 VMThread "VM Thread" [stack: 0x0000009837c00000,0x0000009837d00000] [id=1568]
  0x0000025c5e190880 WatcherThread [stack: 0x0000009838700000,0x0000009838800000] [id=2448]
  0x0000025c7816a620 GCTaskThread "GC Thread#0" [stack: 0x0000009837700000,0x0000009837800000] [id=6392]
  0x0000025c5e5c5680 GCTaskThread "GC Thread#1" [stack: 0x0000009838b00000,0x0000009838c00000] [id=2864]
  0x0000025c5e3a0260 GCTaskThread "GC Thread#2" [stack: 0x0000009838c00000,0x0000009838d00000] [id=8176]
  0x0000025c5e3a0520 GCTaskThread "GC Thread#3" [stack: 0x0000009838d00000,0x0000009838e00000] [id=11500]
  0x0000025c5e90f8e0 GCTaskThread "GC Thread#4" [stack: 0x0000009838e00000,0x0000009838f00000] [id=14232]
  0x0000025c5e90fba0 GCTaskThread "GC Thread#5" [stack: 0x0000009838f00000,0x0000009839000000] [id=15520]
  0x0000025c7817b030 ConcurrentGCThread "G1 Main Marker" [stack: 0x0000009837800000,0x0000009837900000] [id=15660]
  0x0000025c7817ba50 ConcurrentGCThread "G1 Conc#0" [stack: 0x0000009837900000,0x0000009837a00000] [id=15868]
  0x0000025c781add20 ConcurrentGCThread "G1 Refine#0" [stack: 0x0000009837a00000,0x0000009837b00000] [id=16556]
  0x0000025c781ae750 ConcurrentGCThread "G1 Service" [stack: 0x0000009837b00000,0x0000009837c00000] [id=1308]

Threads with active compile tasks:
C2 CompilerThread1  1117  765       4       java.util.jar.JarFile::getEntry (35 bytes)

VM state: not at safepoint (normal execution)

VM Mutex/Monitor currently owned by a thread: None

Heap address: 0x0000000705400000, size: 4012 MB, Compressed Oops mode: Zero based, Oop shift amount: 3

CDS archive(s) mapped at: [0x0000025c1d000000-0x0000025c1dbb0000-0x0000025c1dbb0000), size 12255232, SharedBaseAddress: 0x0000025c1d000000, ArchiveRelocationMode: 1.
Compressed class space mapped at: 0x0000025c1e000000-0x0000025c5e000000, reserved size: 1073741824
Narrow klass base: 0x0000025c1d000000, Narrow klass shift: 0, Narrow klass range: 0x100000000

GC Precious Log:
 CPUs: 8 total, 8 available
 Memory: 16043M
 Large Page Support: Disabled
 NUMA Support: Disabled
 Compressed Oops: Enabled (Zero based)
 Heap Region Size: 2M
 Heap Min Capacity: 8M
 Heap Initial Capacity: 252M
 Heap Max Capacity: 4012M
 Pre-touch: Disabled
 Parallel Workers: 8
 Concurrent Workers: 2
 Concurrent Refinement Workers: 8
 Periodic GC: Disabled

Heap:
 garbage-first heap   total 258048K, used 17194K [0x0000000705400000, 0x0000000800000000)
  region size 2048K, 9 young (18432K), 2 survivors (4096K)
 Metaspace       used 3988K, committed 4096K, reserved 1114112K
  class space    used 469K, committed 512K, reserved 1048576K

Heap Regions: E=young(eden), S=young(survivor), O=old, HS=humongous(starts), HC=humongous(continues), CS=collection set, F=free, OA=open archive, CA=closed archive, TAMS=top-at-mark-start (previous, next)
|   0|0x0000000705400000, 0x0000000705600000, 0x0000000705600000|100%|HS|  |TAMS 0x0000000705400000, 0x0000000705400000| Complete 
|   1|0x0000000705600000, 0x0000000705800000, 0x0000000705800000|100%|HC|  |TAMS 0x0000000705600000, 0x0000000705600000| Complete 
|   2|0x0000000705800000, 0x0000000705800000, 0x0000000705a00000|  0%| F|  |TAMS 0x0000000705800000, 0x0000000705800000| Untracked 
|   3|0x0000000705a00000, 0x0000000705a00000, 0x0000000705c00000|  0%| F|  |TAMS 0x0000000705a00000, 0x0000000705a00000| Untracked 
|   4|0x0000000705c00000, 0x0000000705c00000, 0x0000000705e00000|  0%| F|  |TAMS 0x0000000705c00000, 0x0000000705c00000| Untracked 
|   5|0x0000000705e00000, 0x0000000705e00000, 0x0000000706000000|  0%| F|  |TAMS 0x0000000705e00000, 0x0000000705e00000| Untracked 
|   6|0x0000000706000000, 0x0000000706000000, 0x0000000706200000|  0%| F|  |TAMS 0x0000000706000000, 0x0000000706000000| Untracked 
|   7|0x0000000706200000, 0x0000000706200000, 0x0000000706400000|  0%| F|  |TAMS 0x0000000706200000, 0x0000000706200000| Untracked 
|   8|0x0000000706400000, 0x0000000706400000, 0x0000000706600000|  0%| F|  |TAMS 0x0000000706400000, 0x0000000706400000| Untracked 
|   9|0x0000000706600000, 0x0000000706600000, 0x0000000706800000|  0%| F|  |TAMS 0x0000000706600000, 0x0000000706600000| Untracked 
|  10|0x0000000706800000, 0x0000000706800000, 0x0000000706a00000|  0%| F|  |TAMS 0x0000000706800000, 0x0000000706800000| Untracked 
|  11|0x0000000706a00000, 0x0000000706a00000, 0x0000000706c00000|  0%| F|  |TAMS 0x0000000706a00000, 0x0000000706a00000| Untracked 
|  12|0x0000000706c00000, 0x0000000706c00000, 0x0000000706e00000|  0%| F|  |TAMS 0x0000000706c00000, 0x0000000706c00000| Untracked 
|  13|0x0000000706e00000, 0x0000000706e00000, 0x0000000707000000|  0%| F|  |TAMS 0x0000000706e00000, 0x0000000706e00000| Untracked 
|  14|0x0000000707000000, 0x0000000707000000, 0x0000000707200000|  0%| F|  |TAMS 0x0000000707000000, 0x0000000707000000| Untracked 
|  15|0x0000000707200000, 0x0000000707200000, 0x0000000707400000|  0%| F|  |TAMS 0x0000000707200000, 0x0000000707200000| Untracked 
|  16|0x0000000707400000, 0x0000000707400000, 0x0000000707600000|  0%| F|  |TAMS 0x0000000707400000, 0x0000000707400000| Untracked 
|  17|0x0000000707600000, 0x0000000707600000, 0x0000000707800000|  0%| F|  |TAMS 0x0000000707600000, 0x0000000707600000| Untracked 
|  18|0x0000000707800000, 0x0000000707800000, 0x0000000707a00000|  0%| F|  |TAMS 0x0000000707800000, 0x0000000707800000| Untracked 
|  19|0x0000000707a00000, 0x0000000707a00000, 0x0000000707c00000|  0%| F|  |TAMS 0x0000000707a00000, 0x0000000707a00000| Untracked 
|  20|0x0000000707c00000, 0x0000000707c00000, 0x0000000707e00000|  0%| F|  |TAMS 0x0000000707c00000, 0x0000000707c00000| Untracked 
|  21|0x0000000707e00000, 0x0000000707e00000, 0x0000000708000000|  0%| F|  |TAMS 0x0000000707e00000, 0x0000000707e00000| Untracked 
|  22|0x0000000708000000, 0x0000000708000000, 0x0000000708200000|  0%| F|  |TAMS 0x0000000708000000, 0x0000000708000000| Untracked 
|  23|0x0000000708200000, 0x0000000708200000, 0x0000000708400000|  0%| F|  |TAMS 0x0000000708200000, 0x0000000708200000| Untracked 
|  24|0x0000000708400000, 0x0000000708400000, 0x0000000708600000|  0%| F|  |TAMS 0x0000000708400000, 0x0000000708400000| Untracked 
|  25|0x0000000708600000, 0x0000000708600000, 0x0000000708800000|  0%| F|  |TAMS 0x0000000708600000, 0x0000000708600000| Untracked 
|  26|0x0000000708800000, 0x0000000708800000, 0x0000000708a00000|  0%| F|  |TAMS 0x0000000708800000, 0x0000000708800000| Untracked 
|  27|0x0000000708a00000, 0x0000000708a00000, 0x0000000708c00000|  0%| F|  |TAMS 0x0000000708a00000, 0x0000000708a00000| Untracked 
|  28|0x0000000708c00000, 0x0000000708c00000, 0x0000000708e00000|  0%| F|  |TAMS 0x0000000708c00000, 0x0000000708c00000| Untracked 
|  29|0x0000000708e00000, 0x0000000708e00000, 0x0000000709000000|  0%| F|  |TAMS 0x0000000708e00000, 0x0000000708e00000| Untracked 
|  30|0x0000000709000000, 0x0000000709000000, 0x0000000709200000|  0%| F|  |TAMS 0x0000000709000000, 0x0000000709000000| Untracked 
|  31|0x0000000709200000, 0x0000000709200000, 0x0000000709400000|  0%| F|  |TAMS 0x0000000709200000, 0x0000000709200000| Untracked 
|  32|0x0000000709400000, 0x0000000709400000, 0x0000000709600000|  0%| F|  |TAMS 0x0000000709400000, 0x0000000709400000| Untracked 
|  33|0x0000000709600000, 0x0000000709600000, 0x0000000709800000|  0%| F|  |TAMS 0x0000000709600000, 0x0000000709600000| Untracked 
|  34|0x0000000709800000, 0x0000000709800000, 0x0000000709a00000|  0%| F|  |TAMS 0x0000000709800000, 0x0000000709800000| Untracked 
|  35|0x0000000709a00000, 0x0000000709a00000, 0x0000000709c00000|  0%| F|  |TAMS 0x0000000709a00000, 0x0000000709a00000| Untracked 
|  36|0x0000000709c00000, 0x0000000709c00000, 0x0000000709e00000|  0%| F|  |TAMS 0x0000000709c00000, 0x0000000709c00000| Untracked 
|  37|0x0000000709e00000, 0x0000000709e00000, 0x000000070a000000|  0%| F|  |TAMS 0x0000000709e00000, 0x0000000709e00000| Untracked 
|  38|0x000000070a000000, 0x000000070a000000, 0x000000070a200000|  0%| F|  |TAMS 0x000000070a000000, 0x000000070a000000| Untracked 
|  39|0x000000070a200000, 0x000000070a200000, 0x000000070a400000|  0%| F|  |TAMS 0x000000070a200000, 0x000000070a200000| Untracked 
|  40|0x000000070a400000, 0x000000070a400000, 0x000000070a600000|  0%| F|  |TAMS 0x000000070a400000, 0x000000070a400000| Untracked 
|  41|0x000000070a600000, 0x000000070a600000, 0x000000070a800000|  0%| F|  |TAMS 0x000000070a600000, 0x000000070a600000| Untracked 
|  42|0x000000070a800000, 0x000000070a800000, 0x000000070aa00000|  0%| F|  |TAMS 0x000000070a800000, 0x000000070a800000| Untracked 
|  43|0x000000070aa00000, 0x000000070aa00000, 0x000000070ac00000|  0%| F|  |TAMS 0x000000070aa00000, 0x000000070aa00000| Untracked 
|  44|0x000000070ac00000, 0x000000070ac00000, 0x000000070ae00000|  0%| F|  |TAMS 0x000000070ac00000, 0x000000070ac00000| Untracked 
|  45|0x000000070ae00000, 0x000000070ae00000, 0x000000070b000000|  0%| F|  |TAMS 0x000000070ae00000, 0x000000070ae00000| Untracked 
|  46|0x000000070b000000, 0x000000070b000000, 0x000000070b200000|  0%| F|  |TAMS 0x000000070b000000, 0x000000070b000000| Untracked 
|  47|0x000000070b200000, 0x000000070b200000, 0x000000070b400000|  0%| F|  |TAMS 0x000000070b200000, 0x000000070b200000| Untracked 
|  48|0x000000070b400000, 0x000000070b400000, 0x000000070b600000|  0%| F|  |TAMS 0x000000070b400000, 0x000000070b400000| Untracked 
|  49|0x000000070b600000, 0x000000070b600000, 0x000000070b800000|  0%| F|  |TAMS 0x000000070b600000, 0x000000070b600000| Untracked 
|  50|0x000000070b800000, 0x000000070b800000, 0x000000070ba00000|  0%| F|  |TAMS 0x000000070b800000, 0x000000070b800000| Untracked 
|  51|0x000000070ba00000, 0x000000070ba00000, 0x000000070bc00000|  0%| F|  |TAMS 0x000000070ba00000, 0x000000070ba00000| Untracked 
|  52|0x000000070bc00000, 0x000000070bc00000, 0x000000070be00000|  0%| F|  |TAMS 0x000000070bc00000, 0x000000070bc00000| Untracked 
|  53|0x000000070be00000, 0x000000070be00000, 0x000000070c000000|  0%| F|  |TAMS 0x000000070be00000, 0x000000070be00000| Untracked 
|  54|0x000000070c000000, 0x000000070c000000, 0x000000070c200000|  0%| F|  |TAMS 0x000000070c000000, 0x000000070c000000| Untracked 
|  55|0x000000070c200000, 0x000000070c200000, 0x000000070c400000|  0%| F|  |TAMS 0x000000070c200000, 0x000000070c200000| Untracked 
|  56|0x000000070c400000, 0x000000070c400000, 0x000000070c600000|  0%| F|  |TAMS 0x000000070c400000, 0x000000070c400000| Untracked 
|  57|0x000000070c600000, 0x000000070c600000, 0x000000070c800000|  0%| F|  |TAMS 0x000000070c600000, 0x000000070c600000| Untracked 
|  58|0x000000070c800000, 0x000000070c800000, 0x000000070ca00000|  0%| F|  |TAMS 0x000000070c800000, 0x000000070c800000| Untracked 
|  59|0x000000070ca00000, 0x000000070ca00000, 0x000000070cc00000|  0%| F|  |TAMS 0x000000070ca00000, 0x000000070ca00000| Untracked 
|  60|0x000000070cc00000, 0x000000070cc00000, 0x000000070ce00000|  0%| F|  |TAMS 0x000000070cc00000, 0x000000070cc00000| Untracked 
|  61|0x000000070ce00000, 0x000000070ce00000, 0x000000070d000000|  0%| F|  |TAMS 0x000000070ce00000, 0x000000070ce00000| Untracked 
|  62|0x000000070d000000, 0x000000070d000000, 0x000000070d200000|  0%| F|  |TAMS 0x000000070d000000, 0x000000070d000000| Untracked 
|  63|0x000000070d200000, 0x000000070d200000, 0x000000070d400000|  0%| F|  |TAMS 0x000000070d200000, 0x000000070d200000| Untracked 
|  64|0x000000070d400000, 0x000000070d400000, 0x000000070d600000|  0%| F|  |TAMS 0x000000070d400000, 0x000000070d400000| Untracked 
|  65|0x000000070d600000, 0x000000070d600000, 0x000000070d800000|  0%| F|  |TAMS 0x000000070d600000, 0x000000070d600000| Untracked 
|  66|0x000000070d800000, 0x000000070d800000, 0x000000070da00000|  0%| F|  |TAMS 0x000000070d800000, 0x000000070d800000| Untracked 
|  67|0x000000070da00000, 0x000000070da00000, 0x000000070dc00000|  0%| F|  |TAMS 0x000000070da00000, 0x000000070da00000| Untracked 
|  68|0x000000070dc00000, 0x000000070dc00000, 0x000000070de00000|  0%| F|  |TAMS 0x000000070dc00000, 0x000000070dc00000| Untracked 
|  69|0x000000070de00000, 0x000000070de00000, 0x000000070e000000|  0%| F|  |TAMS 0x000000070de00000, 0x000000070de00000| Untracked 
|  70|0x000000070e000000, 0x000000070e000000, 0x000000070e200000|  0%| F|  |TAMS 0x000000070e000000, 0x000000070e000000| Untracked 
|  71|0x000000070e200000, 0x000000070e200000, 0x000000070e400000|  0%| F|  |TAMS 0x000000070e200000, 0x000000070e200000| Untracked 
|  72|0x000000070e400000, 0x000000070e400000, 0x000000070e600000|  0%| F|  |TAMS 0x000000070e400000, 0x000000070e400000| Untracked 
|  73|0x000000070e600000, 0x000000070e600000, 0x000000070e800000|  0%| F|  |TAMS 0x000000070e600000, 0x000000070e600000| Untracked 
|  74|0x000000070e800000, 0x000000070e800000, 0x000000070ea00000|  0%| F|  |TAMS 0x000000070e800000, 0x000000070e800000| Untracked 
|  75|0x000000070ea00000, 0x000000070ea00000, 0x000000070ec00000|  0%| F|  |TAMS 0x000000070ea00000, 0x000000070ea00000| Untracked 
|  76|0x000000070ec00000, 0x000000070ec00000, 0x000000070ee00000|  0%| F|  |TAMS 0x000000070ec00000, 0x000000070ec00000| Untracked 
|  77|0x000000070ee00000, 0x000000070ee00000, 0x000000070f000000|  0%| F|  |TAMS 0x000000070ee00000, 0x000000070ee00000| Untracked 
|  78|0x000000070f000000, 0x000000070f000000, 0x000000070f200000|  0%| F|  |TAMS 0x000000070f000000, 0x000000070f000000| Untracked 
|  79|0x000000070f200000, 0x000000070f200000, 0x000000070f400000|  0%| F|  |TAMS 0x000000070f200000, 0x000000070f200000| Untracked 
|  80|0x000000070f400000, 0x000000070f400000, 0x000000070f600000|  0%| F|  |TAMS 0x000000070f400000, 0x000000070f400000| Untracked 
|  81|0x000000070f600000, 0x000000070f600000, 0x000000070f800000|  0%| F|  |TAMS 0x000000070f600000, 0x000000070f600000| Untracked 
|  82|0x000000070f800000, 0x000000070f800000, 0x000000070fa00000|  0%| F|  |TAMS 0x000000070f800000, 0x000000070f800000| Untracked 
|  83|0x000000070fa00000, 0x000000070fa00000, 0x000000070fc00000|  0%| F|  |TAMS 0x000000070fa00000, 0x000000070fa00000| Untracked 
|  84|0x000000070fc00000, 0x000000070fc00000, 0x000000070fe00000|  0%| F|  |TAMS 0x000000070fc00000, 0x000000070fc00000| Untracked 
|  85|0x000000070fe00000, 0x000000070fe00000, 0x0000000710000000|  0%| F|  |TAMS 0x000000070fe00000, 0x000000070fe00000| Untracked 
|  86|0x0000000710000000, 0x0000000710000000, 0x0000000710200000|  0%| F|  |TAMS 0x0000000710000000, 0x0000000710000000| Untracked 
|  87|0x0000000710200000, 0x0000000710200000, 0x0000000710400000|  0%| F|  |TAMS 0x0000000710200000, 0x0000000710200000| Untracked 
|  88|0x0000000710400000, 0x0000000710400000, 0x0000000710600000|  0%| F|  |TAMS 0x0000000710400000, 0x0000000710400000| Untracked 
|  89|0x0000000710600000, 0x0000000710600000, 0x0000000710800000|  0%| F|  |TAMS 0x0000000710600000, 0x0000000710600000| Untracked 
|  90|0x0000000710800000, 0x0000000710800000, 0x0000000710a00000|  0%| F|  |TAMS 0x0000000710800000, 0x0000000710800000| Untracked 
|  91|0x0000000710a00000, 0x0000000710a00000, 0x0000000710c00000|  0%| F|  |TAMS 0x0000000710a00000, 0x0000000710a00000| Untracked 
|  92|0x0000000710c00000, 0x0000000710c00000, 0x0000000710e00000|  0%| F|  |TAMS 0x0000000710c00000, 0x0000000710c00000| Untracked 
|  93|0x0000000710e00000, 0x0000000710e00000, 0x0000000711000000|  0%| F|  |TAMS 0x0000000710e00000, 0x0000000710e00000| Untracked 
|  94|0x0000000711000000, 0x0000000711000000, 0x0000000711200000|  0%| F|  |TAMS 0x0000000711000000, 0x0000000711000000| Untracked 
|  95|0x0000000711200000, 0x0000000711200000, 0x0000000711400000|  0%| F|  |TAMS 0x0000000711200000, 0x0000000711200000| Untracked 
|  96|0x0000000711400000, 0x0000000711400000, 0x0000000711600000|  0%| F|  |TAMS 0x0000000711400000, 0x0000000711400000| Untracked 
|  97|0x0000000711600000, 0x0000000711600000, 0x0000000711800000|  0%| F|  |TAMS 0x0000000711600000, 0x0000000711600000| Untracked 
|  98|0x0000000711800000, 0x0000000711800000, 0x0000000711a00000|  0%| F|  |TAMS 0x0000000711800000, 0x0000000711800000| Untracked 
|  99|0x0000000711a00000, 0x0000000711a00000, 0x0000000711c00000|  0%| F|  |TAMS 0x0000000711a00000, 0x0000000711a00000| Untracked 
| 100|0x0000000711c00000, 0x0000000711c00000, 0x0000000711e00000|  0%| F|  |TAMS 0x0000000711c00000, 0x0000000711c00000| Untracked 
| 101|0x0000000711e00000, 0x0000000711e00000, 0x0000000712000000|  0%| F|  |TAMS 0x0000000711e00000, 0x0000000711e00000| Untracked 
| 102|0x0000000712000000, 0x0000000712000000, 0x0000000712200000|  0%| F|  |TAMS 0x0000000712000000, 0x0000000712000000| Untracked 
| 103|0x0000000712200000, 0x0000000712200000, 0x0000000712400000|  0%| F|  |TAMS 0x0000000712200000, 0x0000000712200000| Untracked 
| 104|0x0000000712400000, 0x0000000712400000, 0x0000000712600000|  0%| F|  |TAMS 0x0000000712400000, 0x0000000712400000| Untracked 
| 105|0x0000000712600000, 0x0000000712600000, 0x0000000712800000|  0%| F|  |TAMS 0x0000000712600000, 0x0000000712600000| Untracked 
| 106|0x0000000712800000, 0x0000000712800000, 0x0000000712a00000|  0%| F|  |TAMS 0x0000000712800000, 0x0000000712800000| Untracked 
| 107|0x0000000712a00000, 0x0000000712a00000, 0x0000000712c00000|  0%| F|  |TAMS 0x0000000712a00000, 0x0000000712a00000| Untracked 
| 108|0x0000000712c00000, 0x0000000712c00000, 0x0000000712e00000|  0%| F|  |TAMS 0x0000000712c00000, 0x0000000712c00000| Untracked 
| 109|0x0000000712e00000, 0x0000000712e00000, 0x0000000713000000|  0%| F|  |TAMS 0x0000000712e00000, 0x0000000712e00000| Untracked 
| 110|0x0000000713000000, 0x0000000713000000, 0x0000000713200000|  0%| F|  |TAMS 0x0000000713000000, 0x0000000713000000| Untracked 
| 111|0x0000000713200000, 0x0000000713200000, 0x0000000713400000|  0%| F|  |TAMS 0x0000000713200000, 0x0000000713200000| Untracked 
| 112|0x0000000713400000, 0x0000000713400000, 0x0000000713600000|  0%| F|  |TAMS 0x0000000713400000, 0x0000000713400000| Untracked 
| 113|0x0000000713600000, 0x00000007136caa78, 0x0000000713800000| 39%| S|CS|TAMS 0x0000000713600000, 0x0000000713600000| Complete 
| 114|0x0000000713800000, 0x0000000713a00000, 0x0000000713a00000|100%| S|CS|TAMS 0x0000000713800000, 0x0000000713800000| Complete 
| 115|0x0000000713a00000, 0x0000000713a00000, 0x0000000713c00000|  0%| F|  |TAMS 0x0000000713a00000, 0x0000000713a00000| Untracked 
| 116|0x0000000713c00000, 0x0000000713c00000, 0x0000000713e00000|  0%| F|  |TAMS 0x0000000713c00000, 0x0000000713c00000| Untracked 
| 117|0x0000000713e00000, 0x0000000713e00000, 0x0000000714000000|  0%| F|  |TAMS 0x0000000713e00000, 0x0000000713e00000| Untracked 
| 118|0x0000000714000000, 0x0000000714000000, 0x0000000714200000|  0%| F|  |TAMS 0x0000000714000000, 0x0000000714000000| Untracked 
| 119|0x0000000714200000, 0x0000000714350740, 0x0000000714400000| 65%| E|  |TAMS 0x0000000714200000, 0x0000000714200000| Complete 
| 120|0x0000000714400000, 0x0000000714600000, 0x0000000714600000|100%| E|CS|TAMS 0x0000000714400000, 0x0000000714400000| Complete 
| 121|0x0000000714600000, 0x0000000714800000, 0x0000000714800000|100%| E|CS|TAMS 0x0000000714600000, 0x0000000714600000| Complete 
| 122|0x0000000714800000, 0x0000000714a00000, 0x0000000714a00000|100%| E|CS|TAMS 0x0000000714800000, 0x0000000714800000| Complete 
| 123|0x0000000714a00000, 0x0000000714c00000, 0x0000000714c00000|100%| E|CS|TAMS 0x0000000714a00000, 0x0000000714a00000| Complete 
| 124|0x0000000714c00000, 0x0000000714e00000, 0x0000000714e00000|100%| E|  |TAMS 0x0000000714c00000, 0x0000000714c00000| Complete 
| 125|0x0000000714e00000, 0x0000000715000000, 0x0000000715000000|100%| E|CS|TAMS 0x0000000714e00000, 0x0000000714e00000| Complete 

Card table byte_map: [0x0000025c7abe0000,0x0000025c7b3c0000] _byte_map_base: 0x0000025c773b6000

Marking Bits (Prev, Next): (CMBitMap*) 0x0000025c7816ac40, (CMBitMap*) 0x0000025c7816ac80
 Prev Bits: [0x0000025c7bba0000, 0x0000025c7fa50000)
 Next Bits: [0x0000025c16ab0000, 0x0000025c1a960000)

Polling page: 0x0000025c781b0000

Metaspace:

Usage:
  Non-class:      3.47 MB used.
      Class:    472.43 KB used.
       Both:      3.93 MB used.

Virtual space:
  Non-class space:       64.00 MB reserved,       3.56 MB (  6%) committed,  1 nodes.
      Class space:        1.00 GB reserved,     512.00 KB ( <1%) committed,  1 nodes.
             Both:        1.06 GB reserved,       4.06 MB ( <1%) committed. 

Chunk freelists:
   Non-Class:  10.42 MB
       Class:  15.44 MB
        Both:  25.86 MB

MaxMetaspaceSize: unlimited
CompressedClassSpaceSize: 1.00 GB
Initial GC threshold: 21.00 MB
Current GC threshold: 21.00 MB
CDS: on
MetaspaceReclaimPolicy: balanced
 - commit_granule_bytes: 65536.
 - commit_granule_words: 8192.
 - virtual_space_node_default_size: 8388608.
 - enlarge_chunks_in_place: 1.
 - new_chunks_are_fully_committed: 0.
 - uncommit_free_chunks: 1.
 - use_allocation_guard: 0.
 - handle_deallocations: 1.


Internal statistics:

num_allocs_failed_limit: 0.
num_arena_births: 16.
num_arena_deaths: 0.
num_vsnodes_births: 2.
num_vsnodes_deaths: 0.
num_space_committed: 65.
num_space_uncommitted: 0.
num_chunks_returned_to_freelist: 0.
num_chunks_taken_from_freelist: 106.
num_chunk_merges: 0.
num_chunk_splits: 74.
num_chunks_enlarged: 69.
num_inconsistent_stats: 0.

CodeHeap 'non-profiled nmethods': size=120000Kb used=448Kb max_used=448Kb free=119551Kb
 bounds [0x0000025c0f580000, 0x0000025c0f7f0000, 0x0000025c16ab0000]
CodeHeap 'profiled nmethods': size=120000Kb used=1709Kb max_used=1709Kb free=118290Kb
 bounds [0x0000025c07ab0000, 0x0000025c07d20000, 0x0000025c0efe0000]
CodeHeap 'non-nmethods': size=5760Kb used=1132Kb max_used=1158Kb free=4627Kb
 bounds [0x0000025c0efe0000, 0x0000025c0f250000, 0x0000025c0f580000]
 total_blobs=1317 nmethods=901 adapters=329
 compilation: enabled
              stopped_count=0, restarted_count=0
 full_count=0

Compilation events (20 events):
Event: 1.067 Thread 0x0000025c7fec8620  889       3       java.util.jar.Attributes::putValue (13 bytes)
Event: 1.067 Thread 0x0000025c7fec8620 nmethod 889 0x0000025c07c57710 code [0x0000025c07c57940, 0x0000025c07c58178]
Event: 1.067 Thread 0x0000025c7fec8620  890       3       java.util.jar.Attributes::put (18 bytes)
Event: 1.068 Thread 0x0000025c7fec8620 nmethod 890 0x0000025c07c58410 code [0x0000025c07c585c0, 0x0000025c07c58988]
Event: 1.068 Thread 0x0000025c7febc480  892       4       jdk.internal.loader.URLClassPath::getResource (74 bytes)
Event: 1.071 Thread 0x0000025c7febc480 nmethod 892 0x0000025c0f5ef110 code [0x0000025c0f5ef2c0, 0x0000025c0f5ef408]
Event: 1.072 Thread 0x0000025c7fec8620  893       3       jdk.internal.jimage.ImageStringsReader::hashCode (33 bytes)
Event: 1.073 Thread 0x0000025c7fec8620 nmethod 893 0x0000025c07c58a90 code [0x0000025c07c58c40, 0x0000025c07c58db8]
Event: 1.073 Thread 0x0000025c7fec8620  895   !   3       java.nio.DirectIntBufferU::get (34 bytes)
Event: 1.074 Thread 0x0000025c7fec8620 nmethod 895 0x0000025c07c58e90 code [0x0000025c07c590e0, 0x0000025c07c59938]
Event: 1.074 Thread 0x0000025c7fec8620  894       3       java.util.concurrent.ConcurrentHashMap$ValueIterator::next (34 bytes)
Event: 1.074 Thread 0x0000025c7fec8620 nmethod 894 0x0000025c07c59d90 code [0x0000025c07c59f60, 0x0000025c07c5a218]
Event: 1.074 Thread 0x0000025c7fec8620  896       3       java.nio.DirectIntBufferU::ix (10 bytes)
Event: 1.074 Thread 0x0000025c7fec8620 nmethod 896 0x0000025c07c5a390 code [0x0000025c07c5a520, 0x0000025c07c5a638]
Event: 1.074 Thread 0x0000025c7fec8620  897   !   3       jdk.internal.misc.ScopedMemoryAccess::getInt (20 bytes)
Event: 1.074 Thread 0x0000025c7fec8620 nmethod 897 0x0000025c07c5a710 code [0x0000025c07c5a900, 0x0000025c07c5ad98]
Event: 1.074 Thread 0x0000025c7fec8620  898   !   3       jdk.internal.misc.ScopedMemoryAccess::getIntInternal (36 bytes)
Event: 1.075 Thread 0x0000025c7fec8620 nmethod 898 0x0000025c07c5af90 code [0x0000025c07c5b140, 0x0000025c07c5b388]
Event: 1.087 Thread 0x0000025c7febc480  899       4       java.lang.CharacterData::of (136 bytes)
Event: 1.088 Thread 0x0000025c7febc480 nmethod 899 0x0000025c0f5ef590 code [0x0000025c0f5ef720, 0x0000025c0f5ef798]

GC Heap History (2 events):
Event: 0.554 GC heap before
{Heap before GC invocations=0 (full 0):
 garbage-first heap   total 258048K, used 20480K [0x0000000705400000, 0x0000000800000000)
  region size 2048K, 11 young (22528K), 0 survivors (0K)
 Metaspace       used 1891K, committed 2048K, reserved 1114112K
  class space    used 169K, committed 192K, reserved 1048576K
}
Event: 0.558 GC heap after
{Heap after GC invocations=1 (full 0):
 garbage-first heap   total 258048K, used 2858K [0x0000000705400000, 0x0000000800000000)
  region size 2048K, 2 young (4096K), 2 survivors (4096K)
 Metaspace       used 1891K, committed 2048K, reserved 1114112K
  class space    used 169K, committed 192K, reserved 1048576K
}

Dll operation events (7 events):
Event: 0.025 Loaded shared library E:\JAVA\bin\java.dll
Event: 0.052 Loaded shared library E:\JAVA\bin\jsvml.dll
Event: 0.103 Loaded shared library E:\JAVA\bin\net.dll
Event: 0.107 Loaded shared library E:\JAVA\bin\nio.dll
Event: 0.114 Loaded shared library E:\JAVA\bin\zip.dll
Event: 0.120 Loaded shared library E:\JAVA\bin\verify.dll
Event: 0.171 Loaded shared library E:\JAVA\bin\jimage.dll

Deoptimization events (20 events):
Event: 1.044 Thread 0x0000025c780fb920 Uncommon trap: trap_request=0xffffff45 fr.pc=0x0000025c0f59fc78 relative=0x00000000000001d8
Event: 1.044 Thread 0x0000025c780fb920 Uncommon trap: reason=unstable_if action=reinterpret pc=0x0000025c0f59fc78 method=java.util.regex.Matcher.reset()Ljava/util/regex/Matcher; @ 47 c2
Event: 1.044 Thread 0x0000025c780fb920 DEOPT PACKING pc=0x0000025c0f59fc78 sp=0x00000098376fdcd0
Event: 1.044 Thread 0x0000025c780fb920 DEOPT UNPACKING pc=0x0000025c0f0369a3 sp=0x00000098376fdc58 mode 2
Event: 1.044 Thread 0x0000025c780fb920 Uncommon trap: trap_request=0xffffffde fr.pc=0x0000025c0f5a0778 relative=0x0000000000000418
Event: 1.044 Thread 0x0000025c780fb920 Uncommon trap: reason=class_check action=maybe_recompile pc=0x0000025c0f5a0778 method=java.util.regex.Matcher.match(II)Z @ 121 c2
Event: 1.044 Thread 0x0000025c780fb920 DEOPT PACKING pc=0x0000025c0f5a0778 sp=0x00000098376fdd20
Event: 1.044 Thread 0x0000025c780fb920 DEOPT UNPACKING pc=0x0000025c0f0369a3 sp=0x00000098376fdcc8 mode 2
Event: 1.044 Thread 0x0000025c780fb920 Uncommon trap: trap_request=0xffffffde fr.pc=0x0000025c0f5a0778 relative=0x0000000000000418
Event: 1.044 Thread 0x0000025c780fb920 Uncommon trap: reason=class_check action=maybe_recompile pc=0x0000025c0f5a0778 method=java.util.regex.Matcher.match(II)Z @ 121 c2
Event: 1.044 Thread 0x0000025c780fb920 DEOPT PACKING pc=0x0000025c0f5a0778 sp=0x00000098376fdd20
Event: 1.044 Thread 0x0000025c780fb920 DEOPT UNPACKING pc=0x0000025c0f0369a3 sp=0x00000098376fdcc8 mode 2
Event: 1.045 Thread 0x0000025c780fb920 Uncommon trap: trap_request=0xffffffde fr.pc=0x0000025c0f5a0778 relative=0x0000000000000418
Event: 1.045 Thread 0x0000025c780fb920 Uncommon trap: reason=class_check action=maybe_recompile pc=0x0000025c0f5a0778 method=java.util.regex.Matcher.match(II)Z @ 121 c2
Event: 1.045 Thread 0x0000025c780fb920 DEOPT PACKING pc=0x0000025c0f5a0778 sp=0x00000098376fdba0
Event: 1.045 Thread 0x0000025c780fb920 DEOPT UNPACKING pc=0x0000025c0f0369a3 sp=0x00000098376fdb48 mode 2
Event: 1.045 Thread 0x0000025c780fb920 Uncommon trap: trap_request=0xffffffde fr.pc=0x0000025c0f5a0778 relative=0x0000000000000418
Event: 1.045 Thread 0x0000025c780fb920 Uncommon trap: reason=class_check action=maybe_recompile pc=0x0000025c0f5a0778 method=java.util.regex.Matcher.match(II)Z @ 121 c2
Event: 1.045 Thread 0x0000025c780fb920 DEOPT PACKING pc=0x0000025c0f5a0778 sp=0x00000098376fdba0
Event: 1.045 Thread 0x0000025c780fb920 DEOPT UNPACKING pc=0x0000025c0f0369a3 sp=0x00000098376fdb48 mode 2

Classes loaded (20 events):
Event: 1.011 Loading class java/lang/NumberFormatException
Event: 1.012 Loading class java/lang/NumberFormatException done
Event: 1.066 Loading class java/lang/NoSuchFieldError
Event: 1.066 Loading class java/lang/NoSuchFieldError done
Event: 1.069 Loading class java/util/concurrent/LinkedBlockingQueue
Event: 1.069 Loading class java/util/concurrent/BlockingQueue
Event: 1.070 Loading class java/util/concurrent/BlockingQueue done
Event: 1.070 Loading class java/util/concurrent/LinkedBlockingQueue done
Event: 1.070 Loading class java/util/concurrent/locks/AbstractQueuedSynchronizer$ConditionObject
Event: 1.071 Loading class java/util/concurrent/locks/Condition
Event: 1.071 Loading class java/util/concurrent/locks/Condition done
Event: 1.071 Loading class java/util/concurrent/locks/AbstractQueuedSynchronizer$ConditionObject done
Event: 1.071 Loading class java/util/concurrent/LinkedBlockingQueue$Node
Event: 1.071 Loading class java/util/concurrent/LinkedBlockingQueue$Node done
Event: 1.072 Loading class java/lang/SecurityException
Event: 1.072 Loading class java/lang/SecurityException done
Event: 1.073 Loading class java/net/URLClassLoader$3
Event: 1.073 Loading class java/net/URLClassLoader$3 done
Event: 1.073 Loading class java/net/URLClassLoader$3$1
Event: 1.073 Loading class java/net/URLClassLoader$3$1 done

Classes unloaded (0 events):
No events

Classes redefined (0 events):
No events

Internal exceptions (1 events):
Event: 0.265 Thread 0x0000025c780fb920 Exception <a 'java/lang/NoSuchMethodError'{0x0000000714d243b8}: 'int java.lang.invoke.DirectMethodHandle$Holder.invokeStaticInit(java.lang.Object, java.lang.Object)'> (0x0000000714d243b8) 
thrown [s\src\hotspot\share\interpreter\linkResolver.cpp, line 759]

VM Operations (4 events):
Event: 0.116 Executing VM operation: HandshakeAllThreads
Event: 0.116 Executing VM operation: HandshakeAllThreads done
Event: 0.554 Executing VM operation: G1CollectForAllocation
Event: 0.558 Executing VM operation: G1CollectForAllocation done

Memory protections (0 events):
No events

Nmethod flushes (0 events):
No events

Events (14 events):
Event: 0.052 Thread 0x0000025c780fb920 Thread added: 0x0000025c780fb920
Event: 0.056 Thread 0x0000025c780fb920 Thread added: 0x0000025c7fe950d0
Event: 0.056 Thread 0x0000025c780fb920 Thread added: 0x0000025c7fe96800
Event: 0.071 Thread 0x0000025c780fb920 Thread added: 0x0000025c7feb1540
Event: 0.071 Thread 0x0000025c780fb920 Thread added: 0x0000025c7feb3e20
Event: 0.072 Thread 0x0000025c780fb920 Thread added: 0x0000025c7feb5af0
Event: 0.072 Thread 0x0000025c780fb920 Thread added: 0x0000025c7feb9c50
Event: 0.072 Thread 0x0000025c780fb920 Thread added: 0x0000025c7febc480
Event: 0.072 Thread 0x0000025c780fb920 Thread added: 0x0000025c7fec8620
Event: 0.072 Thread 0x0000025c780fb920 Thread added: 0x0000025c7fed0c60
Event: 0.096 Thread 0x0000025c780fb920 Thread added: 0x0000025c5e188390
Event: 0.098 Thread 0x0000025c780fb920 Thread added: 0x0000025c5e190cd0
Event: 0.396 Thread 0x0000025c7fec8620 Thread added: 0x0000025c5e3319f0
Event: 0.480 Thread 0x0000025c7fec8620 Thread added: 0x0000025c5e6812d0


Dynamic libraries:
0x00007ff7ceb00000 - 0x00007ff7ceb0e000 	E:\JAVA\bin\java.exe
0x00007ff93c640000 - 0x00007ff93c8a6000 	C:\WINDOWS\SYSTEM32\ntdll.dll
0x00007ff93b7f0000 - 0x00007ff93b8b9000 	C:\WINDOWS\System32\KERNEL32.DLL
0x00007ff939f00000 - 0x00007ff93a2fa000 	C:\WINDOWS\System32\KERNELBASE.dll
0x00007ff939db0000 - 0x00007ff939efc000 	C:\WINDOWS\System32\ucrtbase.dll
0x00007ff905c70000 - 0x00007ff905c8e000 	E:\JAVA\bin\VCRUNTIME140.dll
0x00007ff905c50000 - 0x00007ff905c68000 	E:\JAVA\bin\jli.dll
0x00007ff93acb0000 - 0x00007ff93ae77000 	C:\WINDOWS\System32\USER32.dll
0x00007ff924e00000 - 0x00007ff925092000 	C:\WINDOWS\WinSxS\amd64_microsoft.windows.common-controls_6595b64144ccf1df_6.0.26100.8521_none_3e08b75ce33403b3\COMCTL32.dll
0x00007ff9398d0000 - 0x00007ff9398f7000 	C:\WINDOWS\System32\win32u.dll
0x00007ff93a420000 - 0x00007ff93a4c9000 	C:\WINDOWS\System32\msvcrt.dll
0x00007ff93b7c0000 - 0x00007ff93b7eb000 	C:\WINDOWS\System32\GDI32.dll
0x00007ff939bf0000 - 0x00007ff939d1b000 	C:\WINDOWS\System32\gdi32full.dll
0x00007ff93a300000 - 0x00007ff93a3a3000 	C:\WINDOWS\System32\msvcp_win.dll
0x00007ff93bba0000 - 0x00007ff93bbd2000 	C:\WINDOWS\System32\IMM32.DLL
0x00007ff9265d0000 - 0x00007ff9265dc000 	E:\JAVA\bin\vcruntime140_1.dll
0x00007ff9022f0000 - 0x00007ff90237d000 	E:\JAVA\bin\msvcp140.dll
0x00007ff88a4e0000 - 0x00007ff88b14b000 	E:\JAVA\bin\server\jvm.dll
0x00007ff93a760000 - 0x00007ff93a816000 	C:\WINDOWS\System32\ADVAPI32.dll
0x00007ff93b0a0000 - 0x00007ff93b14a000 	C:\WINDOWS\System32\sechost.dll
0x00007ff93bbe0000 - 0x00007ff93bcf8000 	C:\WINDOWS\System32\RPCRT4.dll
0x00007ff93b000000 - 0x00007ff93b080000 	C:\WINDOWS\System32\WS2_32.dll
0x00007ff939730000 - 0x00007ff93978e000 	C:\WINDOWS\SYSTEM32\POWRPROF.dll
0x00007ff92b110000 - 0x00007ff92b11b000 	C:\WINDOWS\SYSTEM32\VERSION.dll
0x00007ff9250a0000 - 0x00007ff9250d6000 	C:\WINDOWS\SYSTEM32\WINMM.dll
0x00007ff939710000 - 0x00007ff939724000 	C:\WINDOWS\SYSTEM32\UMPDC.dll
0x00007ff938620000 - 0x00007ff93863b000 	C:\WINDOWS\SYSTEM32\kernel.appcore.dll
0x00007ff916750000 - 0x00007ff91675a000 	E:\JAVA\bin\jimage.dll
0x00007ff937060000 - 0x00007ff9372a2000 	C:\WINDOWS\SYSTEM32\DBGHELP.DLL
0x00007ff93b230000 - 0x00007ff93b5b3000 	C:\WINDOWS\System32\combase.dll
0x00007ff93b150000 - 0x00007ff93b229000 	C:\WINDOWS\System32\OLEAUT32.dll
0x00007ff912d00000 - 0x00007ff912d3b000 	C:\WINDOWS\SYSTEM32\dbgcore.DLL
0x00007ff939900000 - 0x00007ff9399a8000 	C:\WINDOWS\System32\bcryptPrimitives.dll
0x00007ff905ce0000 - 0x00007ff905d05000 	E:\JAVA\bin\java.dll
0x00007ff902480000 - 0x00007ff902557000 	E:\JAVA\bin\jsvml.dll
0x00007ff93be00000 - 0x00007ff93c584000 	C:\WINDOWS\System32\SHELL32.dll
0x00007ff937440000 - 0x00007ff937cc0000 	C:\WINDOWS\SYSTEM32\windows.storage.dll
0x00007ff93bd00000 - 0x00007ff93bdf6000 	C:\WINDOWS\System32\SHCORE.dll
0x00007ff93c590000 - 0x00007ff93c5f7000 	C:\WINDOWS\System32\shlwapi.dll
0x00007ff9397f0000 - 0x00007ff939819000 	C:\WINDOWS\SYSTEM32\profapi.dll
0x00007ff906e70000 - 0x00007ff906e8a000 	E:\JAVA\bin\net.dll
0x00007ff92bab0000 - 0x00007ff92bbd9000 	C:\WINDOWS\SYSTEM32\WINHTTP.dll
0x00007ff938b70000 - 0x00007ff938bdc000 	C:\WINDOWS\system32\mswsock.dll
0x00007ff905cc0000 - 0x00007ff905cd6000 	E:\JAVA\bin\nio.dll
0x00007ff905ca0000 - 0x00007ff905cb8000 	E:\JAVA\bin\zip.dll
0x00007ff905c40000 - 0x00007ff905c50000 	E:\JAVA\bin\verify.dll
0x00007ff925ca0000 - 0x00007ff925caa000 	E:\JAVA\bin\management.dll

dbghelp: loaded successfully - version: 4.0.5 - missing functions: none
symbol engine: initialized successfully - sym options: 0x614 - pdb path: .;E:\JAVA\bin;C:\WINDOWS\SYSTEM32;C:\WINDOWS\WinSxS\amd64_microsoft.windows.common-controls_6595b64144ccf1df_6.0.26100.8521_none_3e08b75ce33403b3;E:\JAVA\bin\server

VM Arguments:
jvm_args: -Dorg.gradle.appname=gradlew 
java_command: org.gradle.wrapper.GradleWrapperMain -q -Ptarget-platform=android-arm,android-arm64,android-x64 -Ptarget=lib\main.dart -Pbase-application-name=android.app.Application -Pdart-defines=RkxVVFRFUl9WRVJTSU9OPTMuNDEuOQ==,RkxVVFRFUl9DSEFOTkVMPXN0YWJsZQ==,RkxVVFRFUl9HSVRfVVJMPWh0dHBzOi8vZ2l0aHViLmNvbS9mbHV0dGVyL2ZsdXR0ZXIuZ2l0,RkxVVFRFUl9GUkFNRVdPUktfUkVWSVNJT049MDBiMGM5MWYwNg==,RkxVVFRFUl9FTkdJTkVfUkVWSVNJT049NDJkM2Q3NWE1Ng==,RkxVVFRFUl9EQVJUX1ZFUlNJT049My4xMS41 -Pdart-obfuscation=false -Ptrack-widget-creation=true -Ptree-shake-icons=true assembleRelease
java_class_path (initial): E:\voice_test\android\\gradle\wrapper\gradle-wrapper.jar
Launcher Type: SUN_STANDARD

[Global flags]
     intx CICompilerCount                          = 4                                         {product} {ergonomic}
     uint ConcGCThreads                            = 2                                         {product} {ergonomic}
     uint G1ConcRefinementThreads                  = 8                                         {product} {ergonomic}
   size_t G1HeapRegionSize                         = 2097152                                   {product} {ergonomic}
    uintx GCDrainStackTargetSize                   = 64                                        {product} {ergonomic}
   size_t InitialHeapSize                          = 264241152                                 {product} {ergonomic}
   size_t MarkStackSize                            = 4194304                                   {product} {ergonomic}
   size_t MaxHeapSize                              = 4206886912                                {product} {ergonomic}
   size_t MaxNewSize                               = 2522873856                                {product} {ergonomic}
   size_t MinHeapDeltaBytes                        = 2097152                                   {product} {ergonomic}
   size_t MinHeapSize                              = 8388608                                   {product} {ergonomic}
    uintx NonNMethodCodeHeapSize                   = 5839372                                {pd product} {ergonomic}
    uintx NonProfiledCodeHeapSize                  = 122909434                              {pd product} {ergonomic}
    uintx ProfiledCodeHeapSize                     = 122909434                              {pd product} {ergonomic}
    uintx ReservedCodeCacheSize                    = 251658240                              {pd product} {ergonomic}
     bool SegmentedCodeCache                       = true                                      {product} {ergonomic}
   size_t SoftMaxHeapSize                          = 4206886912                             {manageable} {ergonomic}
     bool UseCompressedClassPointers               = true                           {product lp64_product} {ergonomic}
     bool UseCompressedOops                        = true                           {product lp64_product} {ergonomic}
     bool UseG1GC                                  = true                                      {product} {ergonomic}
     bool UseLargePagesIndividualAllocation        = false                                  {pd product} {ergonomic}

Logging:
Log output configuration:
 #0: stdout all=warning uptime,level,tags
 #1: stderr all=off uptime,level,tags

Environment Variables:
JAVA_HOME=E:\JAVA
CLASSPATH=E:\voice_test\android\\gradle\wrapper\gradle-wrapper.jar
PATH=E:\JAVA\bin;C:\Program Files\Common Files\Oracle\Java\javapath;C:\WINDOWS\system32;C:\WINDOWS;C:\WINDOWS\System32\Wbem;C:\WINDOWS\System32\WindowsPowerShell\v1.0\;C:\WINDOWS\System32\OpenSSH\;C:\Program Files\Git\cmd;C:\Program Files\Microsoft SQL Server\170\Tools\Binn\;C:\Program Files\Microsoft SQL Server\Client SDK\ODBC\170\Tools\Binn\;C:\Program Files\Microsoft SQL Server\170\DTS\Binn\;C:\Program Files\dotnet\;D:\Basira\;C:\ProgramData\chocolatey\bin;E:\JAVA\bin;E:\DOWNLOAD\New folder (2)\bin;C:\Program Files\Common Files\Oracle\Java\javapath;C:\WINDOWS\system32;C:\WINDOWS;C:\WINDOWS\System32\Wbem;C:\WINDOWS\System32\WindowsPowerShell\v1.0\;C:\WINDOWS\System32\OpenSSH\;C:\Program Files\Git\cmd;C:\Program Files\Microsoft SQL Server\170\Tools\Binn\;C:\Program Files\Microsoft SQL Server\Client SDK\ODBC\170\Tools\Binn\;C:\Program Files\Microsoft SQL Server\170\DTS\Binn\;C:\Program Files\dotnet\;D:\Basira\;C:\ProgramData\chocolatey\bin;C:\WINDOWS\system32;C:\WINDOWS;C:\WINDOWS\System32\Wbem;C:\WINDOWS\System32\WindowsPowerShell\v1.0\;C:\WINDOWS\System32\OpenSSH\;C:\Program Files\Git\cmd;C:\Program Files\Microsoft SQL Server\170\Tools\Binn\;C:\Program Files\Microsoft SQL Server\Client SDK\ODBC\170\Tools\Binn\;C:\Program Files\Microsoft SQL Server\170\DTS\Binn\;C:\Program Files\dotnet\;D:\Basira\;C:\ProgramData\chocolatey\bin;C:\Users\DELL\AppData\Local\Programs\Python\Python310\Scripts\;C:\Users\DELL\AppData\Local\Programs\Python\Python310\;C:\Users\DELL\AppData\Local\Prog;E:\flutter\bin;D:\download\Antigravity\bin;;E:\flutter\bin\mingit\cmd
USERNAME=DELL
OS=Windows_NT
PROCESSOR_IDENTIFIER=Intel64 Family 6 Model 142 Stepping 12, GenuineIntel
TMP=C:\Users\DELL\AppData\Local\Temp
TEMP=C:\Users\DELL\AppData\Local\Temp



Periodic native trim disabled


---------------  S Y S T E M  ---------------

OS:
 Windows 11 , 64 bit Build 26100 (10.0.26100.8521)
OS uptime: 0 days 1:12 hours
Hyper-V role detected

CPU: total 8 (initial active 8) (4 cores per cpu, 2 threads per core) family 6 model 142 stepping 12 microcode 0xf8, cx8, cmov, fxsr, ht, mmx, 3dnowpref, sse, sse2, sse3, ssse3, sse4.1, sse4.2, popcnt, lzcnt, tsc, tscinvbit, avx, avx2, aes, erms, clmul, bmi1, bmi2, adx, fma, vzeroupper, clflush, clflushopt, hv
Processor Information for all 8 processors :
  Max Mhz: 2304, Current Mhz: 1803, Mhz Limit: 1797

Memory: 4k page, system-wide physical 16043M (2844M free)
TotalPageFile size 18268M (AvailPageFile size 5M)
current process WorkingSet (physical memory assigned to process): 99M, peak: 99M
current process commit charge ("private bytes"): 372M, peak: 373M

vm_info: OpenJDK 64-Bit Server VM (17.0.18+8) for windows-amd64 JRE (17.0.18+8), built on Jan 20 2026 22:28:22 by "admin" with MS VC++ 17.12 (VS2022)

END.
