#
# There is insufficient memory for the Java Runtime Environment to continue.
# Native memory allocation (malloc) failed to allocate 32744 bytes. Error detail: ChunkPool::allocate
# Possible reasons:
#   The system is out of physical RAM or swap space
#   This process is running with CompressedOops enabled, and the Java Heap may be blocking the growth of the native heap
# Possible solutions:
#   Reduce memory load on the system
#   Increase physical memory or swap space
#   Check if swap backing store is full
#   Decrease Java heap size (-Xmx/-Xms)
#   Decrease number of Java threads
#   Decrease Java thread stack sizes (-Xss)
#   Set larger code cache with -XX:ReservedCodeCacheSize=
#   JVM is running with Zero Based Compressed Oops mode in which the Java heap is
#     placed in the first 32GB address space. The Java Heap base address is the
#     maximum limit for the native heap growth. Please use -XX:HeapBaseMinAddress
#     to set the Java Heap base and to place the Java Heap above 32GB virtual address.
# This output file may be truncated or incomplete.
#
#  Out of Memory Error (arena.cpp:79), pid=19184, tid=9080
#
# JRE version: OpenJDK Runtime Environment Temurin-17.0.18+8 (17.0.18+8) (build 17.0.18+8)
# Java VM: OpenJDK 64-Bit Server VM Temurin-17.0.18+8 (17.0.18+8, mixed mode, sharing, tiered, compressed oops, compressed class ptrs, g1 gc, windows-amd64)
# No core dump will be written. Minidumps are not enabled by default on client versions of Windows
#

---------------  S U M M A R Y ------------

Command Line: -Dorg.gradle.appname=gradlew org.gradle.wrapper.GradleWrapperMain -q -Ptarget-platform=android-arm,android-arm64,android-x64 -Ptarget=lib\main.dart -Pbase-application-name=android.app.Application -Pdart-defines=RkxVVFRFUl9WRVJTSU9OPTMuNDEuOQ==,RkxVVFRFUl9DSEFOTkVMPXN0YWJsZQ==,RkxVVFRFUl9HSVRfVVJMPWh0dHBzOi8vZ2l0aHViLmNvbS9mbHV0dGVyL2ZsdXR0ZXIuZ2l0,RkxVVFRFUl9GUkFNRVdPUktfUkVWSVNJT049MDBiMGM5MWYwNg==,RkxVVFRFUl9FTkdJTkVfUkVWSVNJT049NDJkM2Q3NWE1Ng==,RkxVVFRFUl9EQVJUX1ZFUlNJT049My4xMS41 -Pdart-obfuscation=false -Ptrack-widget-creation=true -Ptree-shake-icons=false assembleDebug

Host: Intel(R) Core(TM) i7-10610U CPU @ 1.80GHz, 8 cores, 15G,  Windows 11 , 64 bit Build 26100 (10.0.26100.8521)
Time: Thu Jun 11 23:51:36 2026 Egypt Daylight Time elapsed time: 72.126002 seconds (0d 0h 1m 12s)

---------------  T H R E A D  ---------------

Current thread (0x000001b4f5b170c0):  JavaThread "C1 CompilerThread0" daemon [_thread_in_native, id=9080, stack(0x000000868b600000,0x000000868b700000)]


Current CompileTask:
C1:72126 1805       3       jdk.internal.org.objectweb.asm.MethodWriter::putMethodInfo (1274 bytes)

Stack: [0x000000868b600000,0x000000868b700000]
Native frames: (J=compiled Java code, j=interpreted, Vv=VM code, C=native code)
V  [jvm.dll+0x6846f9]
V  [jvm.dll+0x839ea5]
V  [jvm.dll+0x83b91e]
V  [jvm.dll+0x83bfa3]
V  [jvm.dll+0x248eff]
V  [jvm.dll+0xad69e]
V  [jvm.dll+0xadb3c]
V  [jvm.dll+0x177333]
V  [jvm.dll+0x1773fe]
V  [jvm.dll+0x179ab6]
V  [jvm.dll+0x17b2c1]
V  [jvm.dll+0x136905]
V  [jvm.dll+0x1361bf]
V  [jvm.dll+0x13640e]
V  [jvm.dll+0x135857]
V  [jvm.dll+0x13757d]
V  [jvm.dll+0x22989a]
V  [jvm.dll+0x227a4b]
V  [jvm.dll+0x7f0658]
V  [jvm.dll+0x7eaaec]
V  [jvm.dll+0x6835c7]
C  [ucrtbase.dll+0x2cd30]
C  [KERNEL32.DLL+0x2e957]
C  [ntdll.dll+0x87c1c]


---------------  P R O C E S S  ---------------

Threads class SMR info:
_java_thread_list=0x000001b4fa022480, length=12, elements={
0x000001b4d2ccd4a0, 0x000001b4f5ad9480, 0x000001b4f5addd70, 0x000001b4f5af5b50,
0x000001b4f5af6420, 0x000001b4f5af7d00, 0x000001b4f5af85d0, 0x000001b4f5af91d0,
0x000001b4f5b170c0, 0x000001b4f5b19de0, 0x000001b4f5c52030, 0x000001b4f5c599c0
}

Java Threads: ( => current thread )
  0x000001b4d2ccd4a0 JavaThread "main" [_thread_blocked, id=16924, stack(0x000000868a800000,0x000000868a900000)]
  0x000001b4f5ad9480 JavaThread "Reference Handler" daemon [_thread_blocked, id=18680, stack(0x000000868af00000,0x000000868b000000)]
  0x000001b4f5addd70 JavaThread "Finalizer" daemon [_thread_blocked, id=24188, stack(0x000000868b000000,0x000000868b100000)]
  0x000001b4f5af5b50 JavaThread "Signal Dispatcher" daemon [_thread_blocked, id=27252, stack(0x000000868b100000,0x000000868b200000)]
  0x000001b4f5af6420 JavaThread "Attach Listener" daemon [_thread_blocked, id=23232, stack(0x000000868b200000,0x000000868b300000)]
  0x000001b4f5af7d00 JavaThread "Service Thread" daemon [_thread_blocked, id=5688, stack(0x000000868b300000,0x000000868b400000)]
  0x000001b4f5af85d0 JavaThread "Monitor Deflation Thread" daemon [_thread_blocked, id=15580, stack(0x000000868b400000,0x000000868b500000)]
  0x000001b4f5af91d0 JavaThread "C2 CompilerThread0" daemon [_thread_in_native, id=6212, stack(0x000000868b500000,0x000000868b600000)]
=>0x000001b4f5b170c0 JavaThread "C1 CompilerThread0" daemon [_thread_in_native, id=9080, stack(0x000000868b600000,0x000000868b700000)]
  0x000001b4f5b19de0 JavaThread "Sweeper thread" daemon [_thread_blocked, id=23780, stack(0x000000868b700000,0x000000868b800000)]
  0x000001b4f5c52030 JavaThread "Notification Thread" daemon [_thread_blocked, id=1688, stack(0x000000868b800000,0x000000868b900000)]
  0x000001b4f5c599c0 JavaThread "Common-Cleaner" daemon [_thread_blocked, id=16864, stack(0x000000868ba00000,0x000000868bb00000)]

Other Threads:
  0x000001b4f5ad4c20 VMThread "VM Thread" [stack: 0x000000868ae00000,0x000000868af00000] [id=22196]
  0x000001b4f5c56930 WatcherThread [stack: 0x000000868b900000,0x000000868ba00000] [id=18520]
  0x000001b4d2d38280 GCTaskThread "GC Thread#0" [stack: 0x000000868a900000,0x000000868aa00000] [id=15068]
  0x000001b4fa1cb300 GCTaskThread "GC Thread#1" [stack: 0x000000868bd00000,0x000000868be00000] [id=26832]
  0x000001b4f5e08e80 GCTaskThread "GC Thread#2" [stack: 0x000000868be00000,0x000000868bf00000] [id=13560]
  0x000001b4f5e07520 GCTaskThread "GC Thread#3" [stack: 0x000000868bf00000,0x000000868c000000] [id=25392]
  0x000001b4f5e077e0 GCTaskThread "GC Thread#4" [stack: 0x000000868c000000,0x000000868c100000] [id=5932]
  0x000001b4f5e07aa0 GCTaskThread "GC Thread#5" [stack: 0x000000868c100000,0x000000868c200000] [id=21016]
  0x000001b4f5ca9530 GCTaskThread "GC Thread#6" [stack: 0x000000868bc00000,0x000000868bd00000] [id=14856]
  0x000001b4fb479330 GCTaskThread "GC Thread#7" [stack: 0x000000868c300000,0x000000868c400000] [id=13920]
  0x000001b4d2d48d00 ConcurrentGCThread "G1 Main Marker" [stack: 0x000000868aa00000,0x000000868ab00000] [id=11556]
  0x000001b4d2d4b050 ConcurrentGCThread "G1 Conc#0" [stack: 0x000000868ab00000,0x000000868ac00000] [id=1956]
  0x000001b4f598ffe0 ConcurrentGCThread "G1 Refine#0" [stack: 0x000000868ac00000,0x000000868ad00000] [id=14328]
  0x000001b4f5e6c030 ConcurrentGCThread "G1 Refine#1" [stack: 0x000000868c400000,0x000000868c500000] [id=17828]
  0x000001b4f59907c0 ConcurrentGCThread "G1 Service" [stack: 0x000000868ad00000,0x000000868ae00000] [id=2644]

Threads with active compile tasks:
C2 CompilerThread0  72153 1807       4       org.gradle.internal.logging.text.AbstractLineChoppingStyledTextOutput$StateContext::setState (10 bytes)
C1 CompilerThread0  72153 1805       3       jdk.internal.org.objectweb.asm.MethodWriter::putMethodInfo (1274 bytes)

VM state: not at safepoint (normal execution)

VM Mutex/Monitor currently owned by a thread: None

Heap address: 0x0000000705400000, size: 4012 MB, Compressed Oops mode: Zero based, Oop shift amount: 3

CDS archive(s) mapped at: [0x000001b480000000-0x000001b480bb0000-0x000001b480bb0000), size 12255232, SharedBaseAddress: 0x000001b480000000, ArchiveRelocationMode: 1.
Compressed class space mapped at: 0x000001b481000000-0x000001b4c1000000, reserved size: 1073741824
Narrow klass base: 0x000001b480000000, Narrow klass shift: 0, Narrow klass range: 0x100000000

GC Precious Log:
 CPUs: 8 total, 8 available
 Memory: 16043M
 Large Page Support: Disabled
 NUMA Support: Disabled
 Compressed Oops: Enabled (Zero based)
 Heap Region Size: 2M
 Heap Min Capacity: 8M
 Heap Initial Capacity: 252M
 Heap Max Capacity: 4012M
 Pre-touch: Disabled
 Parallel Workers: 8
 Concurrent Workers: 2
 Concurrent Refinement Workers: 8
 Periodic GC: Disabled

Heap:
 garbage-first heap   total 258048K, used 19019K [0x0000000705400000, 0x0000000800000000)
  region size 2048K, 7 young (14336K), 3 survivors (6144K)
 Metaspace       used 10641K, committed 10880K, reserved 1114112K
  class space    used 1393K, committed 1472K, reserved 1048576K

Heap Regions: E=young(eden), S=young(survivor), O=old, HS=humongous(starts), HC=humongous(continues), CS=collection set, F=free, OA=open archive, CA=closed archive, TAMS=top-at-mark-start (previous, next)
|   0|0x0000000705400000, 0x0000000705600000, 0x0000000705600000|100%|HS|  |TAMS 0x0000000705400000, 0x0000000705400000| Complete 
|   1|0x0000000705600000, 0x0000000705800000, 0x0000000705800000|100%|HC|  |TAMS 0x0000000705600000, 0x0000000705600000| Complete 
|   2|0x0000000705800000, 0x0000000705a00000, 0x0000000705a00000|100%| O|  |TAMS 0x0000000705800000, 0x0000000705800000| Untracked 
|   3|0x0000000705a00000, 0x0000000705a92e00, 0x0000000705c00000| 28%| O|  |TAMS 0x0000000705a00000, 0x0000000705a00000| Untracked 
|   4|0x0000000705c00000, 0x0000000705c00000, 0x0000000705e00000|  0%| F|  |TAMS 0x0000000705c00000, 0x0000000705c00000| Untracked 
|   5|0x0000000705e00000, 0x0000000705e00000, 0x0000000706000000|  0%| F|  |TAMS 0x0000000705e00000, 0x0000000705e00000| Untracked 
|   6|0x0000000706000000, 0x0000000706000000, 0x0000000706200000|  0%| F|  |TAMS 0x0000000706000000, 0x0000000706000000| Untracked 
|   7|0x0000000706200000, 0x0000000706200000, 0x0000000706400000|  0%| F|  |TAMS 0x0000000706200000, 0x0000000706200000| Untracked 
|   8|0x0000000706400000, 0x0000000706400000, 0x0000000706600000|  0%| F|  |TAMS 0x0000000706400000, 0x0000000706400000| Untracked 
|   9|0x0000000706600000, 0x0000000706600000, 0x0000000706800000|  0%| F|  |TAMS 0x0000000706600000, 0x0000000706600000| Untracked 
|  10|0x0000000706800000, 0x0000000706800000, 0x0000000706a00000|  0%| F|  |TAMS 0x0000000706800000, 0x0000000706800000| Untracked 
|  11|0x0000000706a00000, 0x0000000706a00000, 0x0000000706c00000|  0%| F|  |TAMS 0x0000000706a00000, 0x0000000706a00000| Untracked 
|  12|0x0000000706c00000, 0x0000000706c00000, 0x0000000706e00000|  0%| F|  |TAMS 0x0000000706c00000, 0x0000000706c00000| Untracked 
|  13|0x0000000706e00000, 0x0000000706e00000, 0x0000000707000000|  0%| F|  |TAMS 0x0000000706e00000, 0x0000000706e00000| Untracked 
|  14|0x0000000707000000, 0x0000000707000000, 0x0000000707200000|  0%| F|  |TAMS 0x0000000707000000, 0x0000000707000000| Untracked 
|  15|0x0000000707200000, 0x0000000707200000, 0x0000000707400000|  0%| F|  |TAMS 0x0000000707200000, 0x0000000707200000| Untracked 
|  16|0x0000000707400000, 0x0000000707400000, 0x0000000707600000|  0%| F|  |TAMS 0x0000000707400000, 0x0000000707400000| Untracked 
|  17|0x0000000707600000, 0x0000000707600000, 0x0000000707800000|  0%| F|  |TAMS 0x0000000707600000, 0x0000000707600000| Untracked 
|  18|0x0000000707800000, 0x0000000707800000, 0x0000000707a00000|  0%| F|  |TAMS 0x0000000707800000, 0x0000000707800000| Untracked 
|  19|0x0000000707a00000, 0x0000000707a00000, 0x0000000707c00000|  0%| F|  |TAMS 0x0000000707a00000, 0x0000000707a00000| Untracked 
|  20|0x0000000707c00000, 0x0000000707c00000, 0x0000000707e00000|  0%| F|  |TAMS 0x0000000707c00000, 0x0000000707c00000| Untracked 
|  21|0x0000000707e00000, 0x0000000707e00000, 0x0000000708000000|  0%| F|  |TAMS 0x0000000707e00000, 0x0000000707e00000| Untracked 
|  22|0x0000000708000000, 0x0000000708000000, 0x0000000708200000|  0%| F|  |TAMS 0x0000000708000000, 0x0000000708000000| Untracked 
|  23|0x0000000708200000, 0x0000000708200000, 0x0000000708400000|  0%| F|  |TAMS 0x0000000708200000, 0x0000000708200000| Untracked 
|  24|0x0000000708400000, 0x0000000708400000, 0x0000000708600000|  0%| F|  |TAMS 0x0000000708400000, 0x0000000708400000| Untracked 
|  25|0x0000000708600000, 0x0000000708600000, 0x0000000708800000|  0%| F|  |TAMS 0x0000000708600000, 0x0000000708600000| Untracked 
|  26|0x0000000708800000, 0x0000000708800000, 0x0000000708a00000|  0%| F|  |TAMS 0x0000000708800000, 0x0000000708800000| Untracked 
|  27|0x0000000708a00000, 0x0000000708a00000, 0x0000000708c00000|  0%| F|  |TAMS 0x0000000708a00000, 0x0000000708a00000| Untracked 
|  28|0x0000000708c00000, 0x0000000708c00000, 0x0000000708e00000|  0%| F|  |TAMS 0x0000000708c00000, 0x0000000708c00000| Untracked 
|  29|0x0000000708e00000, 0x0000000708e00000, 0x0000000709000000|  0%| F|  |TAMS 0x0000000708e00000, 0x0000000708e00000| Untracked 
|  30|0x0000000709000000, 0x0000000709000000, 0x0000000709200000|  0%| F|  |TAMS 0x0000000709000000, 0x0000000709000000| Untracked 
|  31|0x0000000709200000, 0x0000000709200000, 0x0000000709400000|  0%| F|  |TAMS 0x0000000709200000, 0x0000000709200000| Untracked 
|  32|0x0000000709400000, 0x0000000709400000, 0x0000000709600000|  0%| F|  |TAMS 0x0000000709400000, 0x0000000709400000| Untracked 
|  33|0x0000000709600000, 0x0000000709600000, 0x0000000709800000|  0%| F|  |TAMS 0x0000000709600000, 0x0000000709600000| Untracked 
|  34|0x0000000709800000, 0x0000000709800000, 0x0000000709a00000|  0%| F|  |TAMS 0x0000000709800000, 0x0000000709800000| Untracked 
|  35|0x0000000709a00000, 0x0000000709a00000, 0x0000000709c00000|  0%| F|  |TAMS 0x0000000709a00000, 0x0000000709a00000| Untracked 
|  36|0x0000000709c00000, 0x0000000709c00000, 0x0000000709e00000|  0%| F|  |TAMS 0x0000000709c00000, 0x0000000709c00000| Untracked 
|  37|0x0000000709e00000, 0x0000000709e00000, 0x000000070a000000|  0%| F|  |TAMS 0x0000000709e00000, 0x0000000709e00000| Untracked 
|  38|0x000000070a000000, 0x000000070a000000, 0x000000070a200000|  0%| F|  |TAMS 0x000000070a000000, 0x000000070a000000| Untracked 
|  39|0x000000070a200000, 0x000000070a200000, 0x000000070a400000|  0%| F|  |TAMS 0x000000070a200000, 0x000000070a200000| Untracked 
|  40|0x000000070a400000, 0x000000070a400000, 0x000000070a600000|  0%| F|  |TAMS 0x000000070a400000, 0x000000070a400000| Untracked 
|  41|0x000000070a600000, 0x000000070a600000, 0x000000070a800000|  0%| F|  |TAMS 0x000000070a600000, 0x000000070a600000| Untracked 
|  42|0x000000070a800000, 0x000000070a800000, 0x000000070aa00000|  0%| F|  |TAMS 0x000000070a800000, 0x000000070a800000| Untracked 
|  43|0x000000070aa00000, 0x000000070aa00000, 0x000000070ac00000|  0%| F|  |TAMS 0x000000070aa00000, 0x000000070aa00000| Untracked 
|  44|0x000000070ac00000, 0x000000070ac00000, 0x000000070ae00000|  0%| F|  |TAMS 0x000000070ac00000, 0x000000070ac00000| Untracked 
|  45|0x000000070ae00000, 0x000000070ae00000, 0x000000070b000000|  0%| F|  |TAMS 0x000000070ae00000, 0x000000070ae00000| Untracked 
|  46|0x000000070b000000, 0x000000070b000000, 0x000000070b200000|  0%| F|  |TAMS 0x000000070b000000, 0x000000070b000000| Untracked 
|  47|0x000000070b200000, 0x000000070b200000, 0x000000070b400000|  0%| F|  |TAMS 0x000000070b200000, 0x000000070b200000| Untracked 
|  48|0x000000070b400000, 0x000000070b400000, 0x000000070b600000|  0%| F|  |TAMS 0x000000070b400000, 0x000000070b400000| Untracked 
|  49|0x000000070b600000, 0x000000070b600000, 0x000000070b800000|  0%| F|  |TAMS 0x000000070b600000, 0x000000070b600000| Untracked 
|  50|0x000000070b800000, 0x000000070b800000, 0x000000070ba00000|  0%| F|  |TAMS 0x000000070b800000, 0x000000070b800000| Untracked 
|  51|0x000000070ba00000, 0x000000070ba00000, 0x000000070bc00000|  0%| F|  |TAMS 0x000000070ba00000, 0x000000070ba00000| Untracked 
|  52|0x000000070bc00000, 0x000000070bc00000, 0x000000070be00000|  0%| F|  |TAMS 0x000000070bc00000, 0x000000070bc00000| Untracked 
|  53|0x000000070be00000, 0x000000070be00000, 0x000000070c000000|  0%| F|  |TAMS 0x000000070be00000, 0x000000070be00000| Untracked 
|  54|0x000000070c000000, 0x000000070c000000, 0x000000070c200000|  0%| F|  |TAMS 0x000000070c000000, 0x000000070c000000| Untracked 
|  55|0x000000070c200000, 0x000000070c200000, 0x000000070c400000|  0%| F|  |TAMS 0x000000070c200000, 0x000000070c200000| Untracked 
|  56|0x000000070c400000, 0x000000070c400000, 0x000000070c600000|  0%| F|  |TAMS 0x000000070c400000, 0x000000070c400000| Untracked 
|  57|0x000000070c600000, 0x000000070c600000, 0x000000070c800000|  0%| F|  |TAMS 0x000000070c600000, 0x000000070c600000| Untracked 
|  58|0x000000070c800000, 0x000000070c800000, 0x000000070ca00000|  0%| F|  |TAMS 0x000000070c800000, 0x000000070c800000| Untracked 
|  59|0x000000070ca00000, 0x000000070ca00000, 0x000000070cc00000|  0%| F|  |TAMS 0x000000070ca00000, 0x000000070ca00000| Untracked 
|  60|0x000000070cc00000, 0x000000070cc00000, 0x000000070ce00000|  0%| F|  |TAMS 0x000000070cc00000, 0x000000070cc00000| Untracked 
|  61|0x000000070ce00000, 0x000000070ce00000, 0x000000070d000000|  0%| F|  |TAMS 0x000000070ce00000, 0x000000070ce00000| Untracked 
|  62|0x000000070d000000, 0x000000070d000000, 0x000000070d200000|  0%| F|  |TAMS 0x000000070d000000, 0x000000070d000000| Untracked 
|  63|0x000000070d200000, 0x000000070d200000, 0x000000070d400000|  0%| F|  |TAMS 0x000000070d200000, 0x000000070d200000| Untracked 
|  64|0x000000070d400000, 0x000000070d400000, 0x000000070d600000|  0%| F|  |TAMS 0x000000070d400000, 0x000000070d400000| Untracked 
|  65|0x000000070d600000, 0x000000070d600000, 0x000000070d800000|  0%| F|  |TAMS 0x000000070d600000, 0x000000070d600000| Untracked 
|  66|0x000000070d800000, 0x000000070d800000, 0x000000070da00000|  0%| F|  |TAMS 0x000000070d800000, 0x000000070d800000| Untracked 
|  67|0x000000070da00000, 0x000000070da00000, 0x000000070dc00000|  0%| F|  |TAMS 0x000000070da00000, 0x000000070da00000| Untracked 
|  68|0x000000070dc00000, 0x000000070dc00000, 0x000000070de00000|  0%| F|  |TAMS 0x000000070dc00000, 0x000000070dc00000| Untracked 
|  69|0x000000070de00000, 0x000000070de00000, 0x000000070e000000|  0%| F|  |TAMS 0x000000070de00000, 0x000000070de00000| Untracked 
|  70|0x000000070e000000, 0x000000070e000000, 0x000000070e200000|  0%| F|  |TAMS 0x000000070e000000, 0x000000070e000000| Untracked 
|  71|0x000000070e200000, 0x000000070e200000, 0x000000070e400000|  0%| F|  |TAMS 0x000000070e200000, 0x000000070e200000| Untracked 
|  72|0x000000070e400000, 0x000000070e400000, 0x000000070e600000|  0%| F|  |TAMS 0x000000070e400000, 0x000000070e400000| Untracked 
|  73|0x000000070e600000, 0x000000070e600000, 0x000000070e800000|  0%| F|  |TAMS 0x000000070e600000, 0x000000070e600000| Untracked 
|  74|0x000000070e800000, 0x000000070e800000, 0x000000070ea00000|  0%| F|  |TAMS 0x000000070e800000, 0x000000070e800000| Untracked 
|  75|0x000000070ea00000, 0x000000070ea00000, 0x000000070ec00000|  0%| F|  |TAMS 0x000000070ea00000, 0x000000070ea00000| Untracked 
|  76|0x000000070ec00000, 0x000000070ec00000, 0x000000070ee00000|  0%| F|  |TAMS 0x000000070ec00000, 0x000000070ec00000| Untracked 
|  77|0x000000070ee00000, 0x000000070ee00000, 0x000000070f000000|  0%| F|  |TAMS 0x000000070ee00000, 0x000000070ee00000| Untracked 
|  78|0x000000070f000000, 0x000000070f000000, 0x000000070f200000|  0%| F|  |TAMS 0x000000070f000000, 0x000000070f000000| Untracked 
|  79|0x000000070f200000, 0x000000070f200000, 0x000000070f400000|  0%| F|  |TAMS 0x000000070f200000, 0x000000070f200000| Untracked 
|  80|0x000000070f400000, 0x000000070f400000, 0x000000070f600000|  0%| F|  |TAMS 0x000000070f400000, 0x000000070f400000| Untracked 
|  81|0x000000070f600000, 0x000000070f600000, 0x000000070f800000|  0%| F|  |TAMS 0x000000070f600000, 0x000000070f600000| Untracked 
|  82|0x000000070f800000, 0x000000070f800000, 0x000000070fa00000|  0%| F|  |TAMS 0x000000070f800000, 0x000000070f800000| Untracked 
|  83|0x000000070fa00000, 0x000000070fa00000, 0x000000070fc00000|  0%| F|  |TAMS 0x000000070fa00000, 0x000000070fa00000| Untracked 
|  84|0x000000070fc00000, 0x000000070fc00000, 0x000000070fe00000|  0%| F|  |TAMS 0x000000070fc00000, 0x000000070fc00000| Untracked 
|  85|0x000000070fe00000, 0x000000070fe00000, 0x0000000710000000|  0%| F|  |TAMS 0x000000070fe00000, 0x000000070fe00000| Untracked 
|  86|0x0000000710000000, 0x0000000710000000, 0x0000000710200000|  0%| F|  |TAMS 0x0000000710000000, 0x0000000710000000| Untracked 
|  87|0x0000000710200000, 0x0000000710200000, 0x0000000710400000|  0%| F|  |TAMS 0x0000000710200000, 0x0000000710200000| Untracked 
|  88|0x0000000710400000, 0x0000000710400000, 0x0000000710600000|  0%| F|  |TAMS 0x0000000710400000, 0x0000000710400000| Untracked 
|  89|0x0000000710600000, 0x0000000710600000, 0x0000000710800000|  0%| F|  |TAMS 0x0000000710600000, 0x0000000710600000| Untracked 
|  90|0x0000000710800000, 0x0000000710800000, 0x0000000710a00000|  0%| F|  |TAMS 0x0000000710800000, 0x0000000710800000| Untracked 
|  91|0x0000000710a00000, 0x0000000710a00000, 0x0000000710c00000|  0%| F|  |TAMS 0x0000000710a00000, 0x0000000710a00000| Untracked 
|  92|0x0000000710c00000, 0x0000000710c00000, 0x0000000710e00000|  0%| F|  |TAMS 0x0000000710c00000, 0x0000000710c00000| Untracked 
|  93|0x0000000710e00000, 0x0000000710e00000, 0x0000000711000000|  0%| F|  |TAMS 0x0000000710e00000, 0x0000000710e00000| Untracked 
|  94|0x0000000711000000, 0x0000000711000000, 0x0000000711200000|  0%| F|  |TAMS 0x0000000711000000, 0x0000000711000000| Untracked 
|  95|0x0000000711200000, 0x0000000711200000, 0x0000000711400000|  0%| F|  |TAMS 0x0000000711200000, 0x0000000711200000| Untracked 
|  96|0x0000000711400000, 0x0000000711400000, 0x0000000711600000|  0%| F|  |TAMS 0x0000000711400000, 0x0000000711400000| Untracked 
|  97|0x0000000711600000, 0x0000000711600000, 0x0000000711800000|  0%| F|  |TAMS 0x0000000711600000, 0x0000000711600000| Untracked 
|  98|0x0000000711800000, 0x0000000711800000, 0x0000000711a00000|  0%| F|  |TAMS 0x0000000711800000, 0x0000000711800000| Untracked 
|  99|0x0000000711a00000, 0x0000000711a00000, 0x0000000711c00000|  0%| F|  |TAMS 0x0000000711a00000, 0x0000000711a00000| Untracked 
| 100|0x0000000711c00000, 0x0000000711c00000, 0x0000000711e00000|  0%| F|  |TAMS 0x0000000711c00000, 0x0000000711c00000| Untracked 
| 101|0x0000000711e00000, 0x0000000711e00000, 0x0000000712000000|  0%| F|  |TAMS 0x0000000711e00000, 0x0000000711e00000| Untracked 
| 102|0x0000000712000000, 0x0000000712000000, 0x0000000712200000|  0%| F|  |TAMS 0x0000000712000000, 0x0000000712000000| Untracked 
| 103|0x0000000712200000, 0x0000000712200000, 0x0000000712400000|  0%| F|  |TAMS 0x0000000712200000, 0x0000000712200000| Untracked 
| 104|0x0000000712400000, 0x0000000712600000, 0x0000000712600000|100%| S|CS|TAMS 0x0000000712400000, 0x0000000712400000| Complete 
| 105|0x0000000712600000, 0x0000000712800000, 0x0000000712800000|100%| S|CS|TAMS 0x0000000712600000, 0x0000000712600000| Complete 
| 106|0x0000000712800000, 0x0000000712a00000, 0x0000000712a00000|100%| S|CS|TAMS 0x0000000712800000, 0x0000000712800000| Complete 
| 107|0x0000000712a00000, 0x0000000712a00000, 0x0000000712c00000|  0%| F|  |TAMS 0x0000000712a00000, 0x0000000712a00000| Untracked 
| 108|0x0000000712c00000, 0x0000000712c00000, 0x0000000712e00000|  0%| F|  |TAMS 0x0000000712c00000, 0x0000000712c00000| Untracked 
| 109|0x0000000712e00000, 0x0000000712e00000, 0x0000000713000000|  0%| F|  |TAMS 0x0000000712e00000, 0x0000000712e00000| Untracked 
| 110|0x0000000713000000, 0x0000000713000000, 0x0000000713200000|  0%| F|  |TAMS 0x0000000713000000, 0x0000000713000000| Untracked 
| 111|0x0000000713200000, 0x0000000713200000, 0x0000000713400000|  0%| F|  |TAMS 0x0000000713200000, 0x0000000713200000| Untracked 
| 112|0x0000000713400000, 0x0000000713400000, 0x0000000713600000|  0%| F|  |TAMS 0x0000000713400000, 0x0000000713400000| Untracked 
| 113|0x0000000713600000, 0x0000000713600000, 0x0000000713800000|  0%| F|  |TAMS 0x0000000713600000, 0x0000000713600000| Untracked 
| 114|0x0000000713800000, 0x0000000713800000, 0x0000000713a00000|  0%| F|  |TAMS 0x0000000713800000, 0x0000000713800000| Untracked 
| 115|0x0000000713a00000, 0x0000000713a00000, 0x0000000713c00000|  0%| F|  |TAMS 0x0000000713a00000, 0x0000000713a00000| Untracked 
| 116|0x0000000713c00000, 0x0000000713c00000, 0x0000000713e00000|  0%| F|  |TAMS 0x0000000713c00000, 0x0000000713c00000| Untracked 
| 117|0x0000000713e00000, 0x0000000713e00000, 0x0000000714000000|  0%| F|  |TAMS 0x0000000713e00000, 0x0000000713e00000| Untracked 
| 118|0x0000000714000000, 0x0000000714000000, 0x0000000714200000|  0%| F|  |TAMS 0x0000000714000000, 0x0000000714000000| Untracked 
| 119|0x0000000714200000, 0x0000000714200000, 0x0000000714400000|  0%| F|  |TAMS 0x0000000714200000, 0x0000000714200000| Untracked 
| 120|0x0000000714400000, 0x0000000714400000, 0x0000000714600000|  0%| F|  |TAMS 0x0000000714400000, 0x0000000714400000| Untracked 
| 121|0x0000000714600000, 0x0000000714600000, 0x0000000714800000|  0%| F|  |TAMS 0x0000000714600000, 0x0000000714600000| Untracked 
| 122|0x0000000714800000, 0x0000000714a00000, 0x0000000714a00000|100%| E|  |TAMS 0x0000000714800000, 0x0000000714800000| Complete 
| 123|0x0000000714a00000, 0x0000000714c00000, 0x0000000714c00000|100%| E|CS|TAMS 0x0000000714a00000, 0x0000000714a00000| Complete 
| 124|0x0000000714c00000, 0x0000000714e00000, 0x0000000714e00000|100%| E|CS|TAMS 0x0000000714c00000, 0x0000000714c00000| Complete 
| 125|0x0000000714e00000, 0x0000000715000000, 0x0000000715000000|100%| E|CS|TAMS 0x0000000714e00000, 0x0000000714e00000| Complete 

Card table byte_map: [0x000001b4ea340000,0x000001b4eab20000] _byte_map_base: 0x000001b4e6b16000

Marking Bits (Prev, Next): (CMBitMap*) 0x000001b4d2d387b0, (CMBitMap*) 0x000001b4d2d387f0
 Prev Bits: [0x000001b4eb300000, 0x000001b4ef1b0000)
 Next Bits: [0x000001b4ef1b0000, 0x000001b4f3060000)

Polling page: 0x000001b4d1020000

Metaspace:

Usage:
  Non-class:      9.03 MB used.
      Class:      1.36 MB used.
       Both:     10.39 MB used.

Virtual space:
  Non-class space:       64.00 MB reserved,       9.19 MB ( 14%) committed,  1 nodes.
      Class space:        1.00 GB reserved,       1.44 MB ( <1%) committed,  1 nodes.
             Both:        1.06 GB reserved,      10.62 MB ( <1%) committed. 

Chunk freelists:
   Non-Class:  6.29 MB
       Class:  14.44 MB
        Both:  20.74 MB

MaxMetaspaceSize: unlimited
CompressedClassSpaceSize: 1.00 GB
Initial GC threshold: 21.00 MB
Current GC threshold: 21.00 MB
CDS: on
MetaspaceReclaimPolicy: balanced
 - commit_granule_bytes: 65536.
 - commit_granule_words: 8192.
 - virtual_space_node_default_size: 8388608.
 - enlarge_chunks_in_place: 1.
 - new_chunks_are_fully_committed: 0.
 - uncommit_free_chunks: 1.
 - use_allocation_guard: 0.
 - handle_deallocations: 1.


Internal statistics:

num_allocs_failed_limit: 0.
num_arena_births: 92.
num_arena_deaths: 0.
num_vsnodes_births: 2.
num_vsnodes_deaths: 0.
num_space_committed: 170.
num_space_uncommitted: 0.
num_chunks_returned_to_freelist: 0.
num_chunks_taken_from_freelist: 376.
num_chunk_merges: 0.
num_chunk_splits: 242.
num_chunks_enlarged: 199.
num_inconsistent_stats: 0.

CodeHeap 'non-profiled nmethods': size=120000Kb used=857Kb max_used=857Kb free=119142Kb
 bounds [0x000001b4e2300000, 0x000001b4e2570000, 0x000001b4e9830000]
CodeHeap 'profiled nmethods': size=120000Kb used=3436Kb max_used=3436Kb free=116563Kb
 bounds [0x000001b4da830000, 0x000001b4dab90000, 0x000001b4e1d60000]
CodeHeap 'non-nmethods': size=5760Kb used=1186Kb max_used=1217Kb free=4573Kb
 bounds [0x000001b4e1d60000, 0x000001b4e1fd0000, 0x000001b4e2300000]
 total_blobs=2292 nmethods=1803 adapters=402
 compilation: enabled
              stopped_count=0, restarted_count=0
 full_count=0

Compilation events (20 events):
Event: 72.110 Thread 0x000001b4f5b170c0 1793       3       java.nio.charset.CoderResult::isUnderflow (13 bytes)
Event: 72.111 Thread 0x000001b4f5b170c0 nmethod 1793 0x000001b4dab86910 code [0x000001b4dab86aa0, 0x000001b4dab86bf8]
Event: 72.111 Thread 0x000001b4f5b170c0 1794       3       java.nio.ByteBuffer::flip (7 bytes)
Event: 72.111 Thread 0x000001b4f5b170c0 nmethod 1794 0x000001b4dab86c90 code [0x000001b4dab86e40, 0x000001b4dab86fb8]
Event: 72.111 Thread 0x000001b4f5af91d0 nmethod 1792 0x000001b4e23d5710 code [0x000001b4e23d58a0, 0x000001b4e23d5958]
Event: 72.111 Thread 0x000001b4f5af91d0 1795       4       org.gradle.internal.logging.text.AbstractLineChoppingStyledTextOutput$StateContext::setState (10 bytes)
Event: 72.112 Thread 0x000001b4f5b170c0 1796       3       java.nio.CharBuffer::position (8 bytes)
Event: 72.112 Thread 0x000001b4f5b170c0 nmethod 1796 0x000001b4dab87090 code [0x000001b4dab87240, 0x000001b4dab87388]
Event: 72.113 Thread 0x000001b4f5af91d0 nmethod 1795 0x000001b4e23d5e10 code [0x000001b4e23d5fa0, 0x000001b4e23d6118]
Event: 72.118 Thread 0x000001b4f5b170c0 1798       3       jdk.internal.org.objectweb.asm.SymbolTable::addConstantFieldref (10 bytes)
Event: 72.118 Thread 0x000001b4f5b170c0 nmethod 1798 0x000001b4dab87410 code [0x000001b4dab875c0, 0x000001b4dab87708]
Event: 72.119 Thread 0x000001b4f5b170c0 1799       3       java.lang.Class::descriptorString (170 bytes)
Event: 72.121 Thread 0x000001b4f5b170c0 nmethod 1799 0x000001b4dab87790 code [0x000001b4dab87c60, 0x000001b4dab89858]
Event: 72.121 Thread 0x000001b4f5b170c0 1800       3       jdk.internal.reflect.ReflectionFactory::inflationThreshold (4 bytes)
Event: 72.121 Thread 0x000001b4f5b170c0 nmethod 1800 0x000001b4dab8a210 code [0x000001b4dab8a3a0, 0x000001b4dab8a498]
Event: 72.121 Thread 0x000001b4f5b170c0 1802       3       jdk.internal.org.objectweb.asm.MethodWriter::visitEnd (1 bytes)
Event: 72.121 Thread 0x000001b4f5b170c0 nmethod 1802 0x000001b4dab8a510 code [0x000001b4dab8a6a0, 0x000001b4dab8a7b8]
Event: 72.121 Thread 0x000001b4f5b170c0 1806       3       jdk.internal.org.objectweb.asm.Handler::putExceptionTable (63 bytes)
Event: 72.122 Thread 0x000001b4f5b170c0 nmethod 1806 0x000001b4dab8a890 code [0x000001b4dab8aaa0, 0x000001b4dab8af28]
Event: 72.122 Thread 0x000001b4f5b170c0 1805       3       jdk.internal.org.objectweb.asm.MethodWriter::putMethodInfo (1274 bytes)

GC Heap History (4 events):
Event: 0.382 GC heap before
{Heap before GC invocations=0 (full 0):
 garbage-first heap   total 258048K, used 20480K [0x0000000705400000, 0x0000000800000000)
  region size 2048K, 11 young (22528K), 0 survivors (0K)
 Metaspace       used 1913K, committed 2048K, reserved 1114112K
  class space    used 169K, committed 192K, reserved 1048576K
}
Event: 0.385 GC heap after
{Heap after GC invocations=1 (full 0):
 garbage-first heap   total 258048K, used 2909K [0x0000000705400000, 0x0000000800000000)
  region size 2048K, 2 young (4096K), 2 survivors (4096K)
 Metaspace       used 1913K, committed 2048K, reserved 1114112K
  class space    used 169K, committed 192K, reserved 1048576K
}
Event: 7.539 GC heap before
{Heap before GC invocations=1 (full 0):
 garbage-first heap   total 258048K, used 41821K [0x0000000705400000, 0x0000000800000000)
  region size 2048K, 19 young (38912K), 2 survivors (4096K)
 Metaspace       used 8680K, committed 8832K, reserved 1114112K
  class space    used 1152K, committed 1216K, reserved 1048576K
}
Event: 7.545 GC heap after
{Heap after GC invocations=2 (full 0):
 garbage-first heap   total 258048K, used 12875K [0x0000000705400000, 0x0000000800000000)
  region size 2048K, 3 young (6144K), 3 survivors (6144K)
 Metaspace       used 8680K, committed 8832K, reserved 1114112K
  class space    used 1152K, committed 1216K, reserved 1048576K
}

Dll operation events (12 events):
Event: 0.009 Loaded shared library E:\JAVA\bin\java.dll
Event: 0.026 Loaded shared library E:\JAVA\bin\jsvml.dll
Event: 0.059 Loaded shared library E:\JAVA\bin\net.dll
Event: 0.061 Loaded shared library E:\JAVA\bin\nio.dll
Event: 0.063 Loaded shared library E:\JAVA\bin\zip.dll
Event: 0.067 Loaded shared library E:\JAVA\bin\verify.dll
Event: 0.105 Loaded shared library E:\JAVA\bin\jimage.dll
Event: 0.727 Loaded shared library E:\JAVA\bin\management.dll
Event: 0.728 Loaded shared library E:\JAVA\bin\management_ext.dll
Event: 0.889 Loaded shared library E:\gradle\native\c067742578af261105cb4f569cf0c3c89f3d7b1fecec35dd04571415982c5e48\windows-amd64\native-platform.dll
Event: 7.292 Loaded shared library E:\JAVA\bin\extnet.dll
Event: 17.747 Loaded shared library E:\JAVA\bin\sunmscapi.dll

Deoptimization events (20 events):
Event: 17.664 Thread 0x000001b4d2ccd4a0 Uncommon trap: trap_request=0xffffffc6 fr.pc=0x000001b4e23a6788 relative=0x0000000000000b48
Event: 17.664 Thread 0x000001b4d2ccd4a0 Uncommon trap: reason=bimorphic_or_optimized_type_check action=maybe_recompile pc=0x000001b4e23a6788 method=java.util.HashMap.putVal(ILjava/lang/Object;Ljava/lang/Object;ZZ)Ljava/lang/Object; @ 203 c2
Event: 17.664 Thread 0x000001b4d2ccd4a0 DEOPT PACKING pc=0x000001b4e23a6788 sp=0x000000868a8faa90
Event: 17.664 Thread 0x000001b4d2ccd4a0 DEOPT UNPACKING pc=0x000001b4e1db69a3 sp=0x000000868a8faa20 mode 2
Event: 17.666 Thread 0x000001b4d2ccd4a0 Uncommon trap: trap_request=0xffffffc6 fr.pc=0x000001b4e23b74ac relative=0x000000000000046c
Event: 17.666 Thread 0x000001b4d2ccd4a0 Uncommon trap: reason=bimorphic_or_optimized_type_check action=maybe_recompile pc=0x000001b4e23b74ac method=java.util.HashMap.getNode(Ljava/lang/Object;)Ljava/util/HashMap$Node; @ 128 c2
Event: 17.666 Thread 0x000001b4d2ccd4a0 DEOPT PACKING pc=0x000001b4e23b74ac sp=0x000000868a8fab20
Event: 17.666 Thread 0x000001b4d2ccd4a0 DEOPT UNPACKING pc=0x000001b4e1db69a3 sp=0x000000868a8faa98 mode 2
Event: 17.668 Thread 0x000001b4d2ccd4a0 Uncommon trap: trap_request=0xffffffc6 fr.pc=0x000001b4e23a6788 relative=0x0000000000000b48
Event: 17.668 Thread 0x000001b4d2ccd4a0 Uncommon trap: reason=bimorphic_or_optimized_type_check action=maybe_recompile pc=0x000001b4e23a6788 method=java.util.HashMap.putVal(ILjava/lang/Object;Ljava/lang/Object;ZZ)Ljava/lang/Object; @ 203 c2
Event: 17.668 Thread 0x000001b4d2ccd4a0 DEOPT PACKING pc=0x000001b4e23a6788 sp=0x000000868a8faa90
Event: 17.668 Thread 0x000001b4d2ccd4a0 DEOPT UNPACKING pc=0x000001b4e1db69a3 sp=0x000000868a8faa20 mode 2
Event: 17.730 Thread 0x000001b4d2ccd4a0 Uncommon trap: trap_request=0xffffff45 fr.pc=0x000001b4e23c8a54 relative=0x0000000000000f94
Event: 17.730 Thread 0x000001b4d2ccd4a0 Uncommon trap: reason=unstable_if action=reinterpret pc=0x000001b4e23c8a54 method=java.util.HashMap.putVal(ILjava/lang/Object;Ljava/lang/Object;ZZ)Ljava/lang/Object; @ 162 c2
Event: 17.730 Thread 0x000001b4d2ccd4a0 DEOPT PACKING pc=0x000001b4e23c8a54 sp=0x000000868a8fb6a0
Event: 17.730 Thread 0x000001b4d2ccd4a0 DEOPT UNPACKING pc=0x000001b4e1db69a3 sp=0x000000868a8fb5d8 mode 2
Event: 72.101 Thread 0x000001b4d2ccd4a0 Uncommon trap: trap_request=0xffffff45 fr.pc=0x000001b4e23ac490 relative=0x00000000000001f0
Event: 72.101 Thread 0x000001b4d2ccd4a0 Uncommon trap: reason=unstable_if action=reinterpret pc=0x000001b4e23ac490 method=java.net.URI$Parser.scan(IILjava/lang/String;)I @ 26 c2
Event: 72.101 Thread 0x000001b4d2ccd4a0 DEOPT PACKING pc=0x000001b4e23ac490 sp=0x000000868a8fd450
Event: 72.101 Thread 0x000001b4d2ccd4a0 DEOPT UNPACKING pc=0x000001b4e1db69a3 sp=0x000000868a8fd3e0 mode 2

Classes loaded (20 events):
Event: 72.089 Loading class sun/nio/fs/WindowsChannelFactory
Event: 72.089 Loading class sun/nio/fs/WindowsChannelFactory done
Event: 72.090 Loading class sun/nio/fs/WindowsChannelFactory$1
Event: 72.090 Loading class sun/nio/fs/WindowsChannelFactory$1 done
Event: 72.090 Loading class sun/nio/fs/WindowsChannelFactory$Flags
Event: 72.090 Loading class sun/nio/fs/WindowsChannelFactory$Flags done
Event: 72.090 Loading class sun/nio/fs/WindowsChannelFactory$2
Event: 72.090 Loading class sun/nio/fs/WindowsChannelFactory$2 done
Event: 72.090 Loading class sun/nio/ch/FileChannelImpl$Closer
Event: 72.090 Loading class sun/nio/ch/FileChannelImpl$Closer done
Event: 72.091 Loading class java/util/stream/Streams$1
Event: 72.091 Loading class java/util/stream/Streams$1 done
Event: 72.096 Loading class java/nio/file/FileChannelLinesSpliterator$1
Event: 72.096 Loading class java/nio/file/FileChannelLinesSpliterator$1 done
Event: 72.096 Loading class java/nio/channels/Channels
Event: 72.096 Loading class java/nio/channels/Channels done
Event: 72.098 Loading class java/lang/invoke/MethodHandle$1
Event: 72.098 Loading class java/lang/invoke/MethodHandle$1 done
Event: 72.103 Loading class java/util/concurrent/ConcurrentLinkedQueue$Itr
Event: 72.104 Loading class java/util/concurrent/ConcurrentLinkedQueue$Itr done

Classes unloaded (0 events):
No events

Classes redefined (0 events):
No events

Internal exceptions (20 events):
Event: 72.111 Thread 0x000001b4d2ccd4a0 Exception <a 'java/io/IOException'{0x00000007148f1880}> (0x00000007148f1880) 
thrown [s\src\hotspot\share\prims\jni.cpp, line 516]
Event: 72.111 Thread 0x000001b4d2ccd4a0 Exception <a 'java/io/IOException'{0x00000007148f23d0}> (0x00000007148f23d0) 
thrown [s\src\hotspot\share\prims\jni.cpp, line 516]
Event: 72.111 Thread 0x000001b4d2ccd4a0 Exception <a 'java/io/IOException'{0x00000007148f2c30}> (0x00000007148f2c30) 
thrown [s\src\hotspot\share\prims\jni.cpp, line 516]
Event: 72.111 Thread 0x000001b4d2ccd4a0 Exception <a 'java/io/IOException'{0x00000007148f34e0}> (0x00000007148f34e0) 
thrown [s\src\hotspot\share\prims\jni.cpp, line 516]
Event: 72.111 Thread 0x000001b4d2ccd4a0 Exception <a 'java/io/IOException'{0x00000007148f3d40}> (0x00000007148f3d40) 
thrown [s\src\hotspot\share\prims\jni.cpp, line 516]
Event: 72.111 Thread 0x000001b4d2ccd4a0 Exception <a 'java/io/IOException'{0x00000007148f48f8}> (0x00000007148f48f8) 
thrown [s\src\hotspot\share\prims\jni.cpp, line 516]
Event: 72.111 Thread 0x000001b4d2ccd4a0 Exception <a 'java/io/IOException'{0x00000007148f5158}> (0x00000007148f5158) 
thrown [s\src\hotspot\share\prims\jni.cpp, line 516]
Event: 72.112 Thread 0x000001b4d2ccd4a0 Exception <a 'java/io/IOException'{0x00000007148f5a08}> (0x00000007148f5a08) 
thrown [s\src\hotspot\share\prims\jni.cpp, line 516]
Event: 72.112 Thread 0x000001b4d2ccd4a0 Exception <a 'java/io/IOException'{0x00000007148f6268}> (0x00000007148f6268) 
thrown [s\src\hotspot\share\prims\jni.cpp, line 516]
Event: 72.112 Thread 0x000001b4d2ccd4a0 Exception <a 'java/io/IOException'{0x00000007148f6ba8}> (0x00000007148f6ba8) 
thrown [s\src\hotspot\share\prims\jni.cpp, line 516]
Event: 72.112 Thread 0x000001b4d2ccd4a0 Exception <a 'java/io/IOException'{0x00000007148f7408}> (0x00000007148f7408) 
thrown [s\src\hotspot\share\prims\jni.cpp, line 516]
Event: 72.112 Thread 0x000001b4d2ccd4a0 Exception <a 'java/io/IOException'{0x00000007148f7cb8}> (0x00000007148f7cb8) 
thrown [s\src\hotspot\share\prims\jni.cpp, line 516]
Event: 72.112 Thread 0x000001b4d2ccd4a0 Exception <a 'java/io/IOException'{0x00000007148f8518}> (0x00000007148f8518) 
thrown [s\src\hotspot\share\prims\jni.cpp, line 516]
Event: 72.112 Thread 0x000001b4d2ccd4a0 Exception <a 'java/io/IOException'{0x00000007148f8e28}> (0x00000007148f8e28) 
thrown [s\src\hotspot\share\prims\jni.cpp, line 516]
Event: 72.112 Thread 0x000001b4d2ccd4a0 Exception <a 'java/io/IOException'{0x00000007148f9688}> (0x00000007148f9688) 
thrown [s\src\hotspot\share\prims\jni.cpp, line 516]
Event: 72.112 Thread 0x000001b4d2ccd4a0 Exception <a 'java/io/IOException'{0x00000007148fa020}> (0x00000007148fa020) 
thrown [s\src\hotspot\share\prims\jni.cpp, line 516]
Event: 72.112 Thread 0x000001b4d2ccd4a0 Exception <a 'java/io/IOException'{0x00000007148fa5d8}> (0x00000007148fa5d8) 
thrown [s\src\hotspot\share\prims\jni.cpp, line 516]
Event: 72.112 Thread 0x000001b4d2ccd4a0 Exception <a 'java/io/IOException'{0x00000007148fac40}> (0x00000007148fac40) 
thrown [s\src\hotspot\share\prims\jni.cpp, line 516]
Event: 72.112 Thread 0x000001b4d2ccd4a0 Exception <a 'java/io/IOException'{0x00000007148fb4a0}> (0x00000007148fb4a0) 
thrown [s\src\hotspot\share\prims\jni.cpp, line 516]
Event: 72.121 Thread 0x000001b4d2ccd4a0 Exception <a 'java/lang/NoSuchMethodError'{0x0000000714929c68}: 'void java.lang.invoke.DirectMethodHandle$Holder.invokeStatic(java.lang.Object, int, java.lang.Object)'> (0x0000000714929c68) 
thrown [s\src\hotspot\share\interpreter\linkResolver.cpp, line 759]

VM Operations (20 events):
Event: 40.082 Executing VM operation: Cleanup
Event: 40.082 Executing VM operation: Cleanup done
Event: 51.163 Executing VM operation: Cleanup
Event: 51.163 Executing VM operation: Cleanup done
Event: 52.178 Executing VM operation: Cleanup
Event: 52.178 Executing VM operation: Cleanup done
Event: 60.200 Executing VM operation: HandshakeAllThreads
Event: 60.200 Executing VM operation: HandshakeAllThreads done
Event: 62.221 Executing VM operation: Cleanup
Event: 62.221 Executing VM operation: Cleanup done
Event: 65.234 Executing VM operation: Cleanup
Event: 65.235 Executing VM operation: Cleanup done
Event: 67.243 Executing VM operation: Cleanup
Event: 67.243 Executing VM operation: Cleanup done
Event: 72.114 Executing VM operation: HandshakeAllThreads
Event: 72.114 Executing VM operation: HandshakeAllThreads done
Event: 72.114 Executing VM operation: Cleanup
Event: 72.114 Executing VM operation: Cleanup done
Event: 72.114 Executing VM operation: HandshakeAllThreads
Event: 72.114 Executing VM operation: HandshakeAllThreads done

Memory protections (0 events):
No events

Nmethod flushes (0 events):
No events

Events (20 events):
Event: 0.039 Thread 0x000001b4d2ccd4a0 Thread added: 0x000001b4f5b19de0
Event: 0.054 Thread 0x000001b4d2ccd4a0 Thread added: 0x000001b4f5c52030
Event: 0.056 Thread 0x000001b4d2ccd4a0 Thread added: 0x000001b4f5c599c0
Event: 0.256 Thread 0x000001b4f5af91d0 Thread added: 0x000001b4fa1a0980
Event: 0.327 Thread 0x000001b4f5b170c0 Thread added: 0x000001b4fa1a0430
Event: 0.918 Thread 0x000001b4d2ccd4a0 Thread added: 0x000001b4faa83030
Event: 2.072 Thread 0x000001b4fa1a0430 Thread exited: 0x000001b4fa1a0430
Event: 2.072 Thread 0x000001b4fa1a0980 Thread exited: 0x000001b4fa1a0980
Event: 7.356 Thread 0x000001b4f5b170c0 Thread added: 0x000001b4fa19fee0
Event: 7.608 Thread 0x000001b4d2ccd4a0 Thread added: 0x000001b4f5d55470
Event: 7.630 Thread 0x000001b4f5d55470 Thread added: 0x000001b4fa54b780
Event: 7.632 Thread 0x000001b4f5d55470 Thread added: 0x000001b4fa46d1a0
Event: 7.669 Thread 0x000001b4fa54b780 Thread exited: 0x000001b4fa54b780
Event: 9.417 Thread 0x000001b4fa19fee0 Thread exited: 0x000001b4fa19fee0
Event: 17.591 Thread 0x000001b4fa46d1a0 Thread exited: 0x000001b4fa46d1a0
Event: 17.591 Thread 0x000001b4f5d55470 Thread exited: 0x000001b4f5d55470
Event: 17.669 Thread 0x000001b4f5af91d0 Thread added: 0x000001b4fa1a2eb0
Event: 17.669 Thread 0x000001b4f5af91d0 Thread added: 0x000001b4fa19f990
Event: 17.843 Thread 0x000001b4fa19f990 Thread exited: 0x000001b4fa19f990
Event: 17.843 Thread 0x000001b4fa1a2eb0 Thread exited: 0x000001b4fa1a2eb0


Dynamic libraries:
0x00007ff6972c0000 - 0x00007ff6972ce000 	E:\JAVA\bin\java.exe
0x00007ffad2460000 - 0x00007ffad26c6000 	C:\WINDOWS\SYSTEM32\ntdll.dll
0x00007ffad12a0000 - 0x00007ffad1369000 	C:\WINDOWS\System32\KERNEL32.DLL
0x00007ffacfdd0000 - 0x00007ffad01ca000 	C:\WINDOWS\System32\KERNELBASE.dll
0x00007ffacfc80000 - 0x00007ffacfdcc000 	C:\WINDOWS\System32\ucrtbase.dll
0x00007ffab9050000 - 0x00007ffab9068000 	E:\JAVA\bin\jli.dll
0x00007ffaaf7e0000 - 0x00007ffaaf7fe000 	E:\JAVA\bin\VCRUNTIME140.dll
0x00007ffad2250000 - 0x00007ffad2417000 	C:\WINDOWS\System32\USER32.dll
0x00007ffacf910000 - 0x00007ffacf937000 	C:\WINDOWS\System32\win32u.dll
0x00007ffaba700000 - 0x00007ffaba992000 	C:\WINDOWS\WinSxS\amd64_microsoft.windows.common-controls_6595b64144ccf1df_6.0.26100.8521_none_3e08b75ce33403b3\COMCTL32.dll
0x00007ffad18d0000 - 0x00007ffad18fb000 	C:\WINDOWS\System32\GDI32.dll
0x00007ffad1820000 - 0x00007ffad18c9000 	C:\WINDOWS\System32\msvcrt.dll
0x00007ffacfac0000 - 0x00007ffacfbeb000 	C:\WINDOWS\System32\gdi32full.dll
0x00007ffacf7b0000 - 0x00007ffacf853000 	C:\WINDOWS\System32\msvcp_win.dll
0x00007ffad01d0000 - 0x00007ffad0202000 	C:\WINDOWS\System32\IMM32.DLL
0x00007ffabdba0000 - 0x00007ffabdbac000 	E:\JAVA\bin\vcruntime140_1.dll
0x00007ffa6fc50000 - 0x00007ffa6fcdd000 	E:\JAVA\bin\msvcp140.dll
0x00007ffa547d0000 - 0x00007ffa5543b000 	E:\JAVA\bin\server\jvm.dll
0x00007ffad0e60000 - 0x00007ffad0f16000 	C:\WINDOWS\System32\ADVAPI32.dll
0x00007ffad1900000 - 0x00007ffad19aa000 	C:\WINDOWS\System32\sechost.dll
0x00007ffad1700000 - 0x00007ffad1818000 	C:\WINDOWS\System32\RPCRT4.dll
0x00007ffad1a20000 - 0x00007ffad1aa0000 	C:\WINDOWS\System32\WS2_32.dll
0x00007ffacf550000 - 0x00007ffacf5ae000 	C:\WINDOWS\SYSTEM32\POWRPROF.dll
0x00007ffaba9a0000 - 0x00007ffaba9d6000 	C:\WINDOWS\SYSTEM32\WINMM.dll
0x00007ffabefa0000 - 0x00007ffabefab000 	C:\WINDOWS\SYSTEM32\VERSION.dll
0x00007ffacf530000 - 0x00007ffacf544000 	C:\WINDOWS\SYSTEM32\UMPDC.dll
0x00007fface440000 - 0x00007fface45b000 	C:\WINDOWS\SYSTEM32\kernel.appcore.dll
0x00007ffabdb10000 - 0x00007ffabdb1a000 	E:\JAVA\bin\jimage.dll
0x00007ffacce70000 - 0x00007ffacd0b2000 	C:\WINDOWS\SYSTEM32\DBGHELP.DLL
0x00007ffad0ad0000 - 0x00007ffad0e53000 	C:\WINDOWS\System32\combase.dll
0x00007ffad0fb0000 - 0x00007ffad1089000 	C:\WINDOWS\System32\OLEAUT32.dll
0x00007ffabb1d0000 - 0x00007ffabb20b000 	C:\WINDOWS\SYSTEM32\dbgcore.DLL
0x00007ffacf860000 - 0x00007ffacf908000 	C:\WINDOWS\System32\bcryptPrimitives.dll
0x00007ffaa66f0000 - 0x00007ffaa6715000 	E:\JAVA\bin\java.dll
0x00007ffa66e60000 - 0x00007ffa66f37000 	E:\JAVA\bin\jsvml.dll
0x00007ffad1ab0000 - 0x00007ffad2234000 	C:\WINDOWS\System32\SHELL32.dll
0x00007ffacd270000 - 0x00007ffacdaf0000 	C:\WINDOWS\SYSTEM32\windows.storage.dll
0x00007ffad0850000 - 0x00007ffad0946000 	C:\WINDOWS\System32\SHCORE.dll
0x00007ffad0720000 - 0x00007ffad0787000 	C:\WINDOWS\System32\shlwapi.dll
0x00007ffacf610000 - 0x00007ffacf639000 	C:\WINDOWS\SYSTEM32\profapi.dll
0x00007ffaac140000 - 0x00007ffaac15a000 	E:\JAVA\bin\net.dll
0x00007ffabfa20000 - 0x00007ffabfb49000 	C:\WINDOWS\SYSTEM32\WINHTTP.dll
0x00007fface990000 - 0x00007fface9fc000 	C:\WINDOWS\system32\mswsock.dll
0x00007ffaaa3c0000 - 0x00007ffaaa3d6000 	E:\JAVA\bin\nio.dll
0x00007ffaa8ed0000 - 0x00007ffaa8ee8000 	E:\JAVA\bin\zip.dll
0x00007ffabb4b0000 - 0x00007ffabb4c0000 	E:\JAVA\bin\verify.dll
0x00007ffabd970000 - 0x00007ffabd97a000 	E:\JAVA\bin\management.dll
0x00007ffabd830000 - 0x00007ffabd83c000 	E:\JAVA\bin\management_ext.dll
0x00007ffad2240000 - 0x00007ffad2248000 	C:\WINDOWS\System32\PSAPI.DLL
0x00007ffab8d90000 - 0x00007ffab8db7000 	E:\gradle\native\c067742578af261105cb4f569cf0c3c89f3d7b1fecec35dd04571415982c5e48\windows-amd64\native-platform.dll
0x00007ffaced90000 - 0x00007ffacedab000 	C:\WINDOWS\SYSTEM32\CRYPTSP.dll
0x00007fface3a0000 - 0x00007fface3d9000 	C:\WINDOWS\system32\rsaenh.dll
0x00007ffacea40000 - 0x00007ffacea73000 	C:\WINDOWS\SYSTEM32\USERENV.dll
0x00007ffacf5e0000 - 0x00007ffacf60a000 	C:\WINDOWS\SYSTEM32\bcrypt.dll
0x00007ffacebf0000 - 0x00007ffacebfc000 	C:\WINDOWS\SYSTEM32\CRYPTBASE.dll
0x00007ffacde20000 - 0x00007ffacde53000 	C:\WINDOWS\SYSTEM32\IPHLPAPI.DLL
0x00007ffad19b0000 - 0x00007ffad19ba000 	C:\WINDOWS\System32\NSI.dll
0x00007ffac44d0000 - 0x00007ffac44ed000 	C:\WINDOWS\SYSTEM32\dhcpcsvc6.DLL
0x00007ffac44a0000 - 0x00007ffac44c5000 	C:\WINDOWS\SYSTEM32\dhcpcsvc.DLL
0x00007ffacdeb0000 - 0x00007ffacdffa000 	C:\WINDOWS\SYSTEM32\DNSAPI.dll
0x00007fface7d0000 - 0x00007fface7dd000 	C:\WINDOWS\SYSTEM32\DSPARSE.dll
0x00007ffabd7f0000 - 0x00007ffabd7f9000 	E:\JAVA\bin\extnet.dll
0x00007ffabdaa0000 - 0x00007ffabdaae000 	E:\JAVA\bin\sunmscapi.dll
0x00007ffacf940000 - 0x00007ffacfab8000 	C:\WINDOWS\System32\CRYPT32.dll
0x00007ffaceef0000 - 0x00007ffacef20000 	C:\WINDOWS\SYSTEM32\ncrypt.dll
0x00007ffaceea0000 - 0x00007ffaceedf000 	C:\WINDOWS\SYSTEM32\NTASN1.dll
0x00007ffab7250000 - 0x00007ffab7258000 	C:\WINDOWS\system32\wshunix.dll

dbghelp: loaded successfully - version: 4.0.5 - missing functions: none
symbol engine: initialized successfully - sym options: 0x614 - pdb path: .;E:\JAVA\bin;C:\WINDOWS\SYSTEM32;C:\WINDOWS\WinSxS\amd64_microsoft.windows.common-controls_6595b64144ccf1df_6.0.26100.8521_none_3e08b75ce33403b3;E:\JAVA\bin\server;E:\gradle\native\c067742578af261105cb4f569cf0c3c89f3d7b1fecec35dd04571415982c5e48\windows-amd64

VM Arguments:
jvm_args: -Dorg.gradle.appname=gradlew 
java_command: org.gradle.wrapper.GradleWrapperMain -q -Ptarget-platform=android-arm,android-arm64,android-x64 -Ptarget=lib\main.dart -Pbase-application-name=android.app.Application -Pdart-defines=RkxVVFRFUl9WRVJTSU9OPTMuNDEuOQ==,RkxVVFRFUl9DSEFOTkVMPXN0YWJsZQ==,RkxVVFRFUl9HSVRfVVJMPWh0dHBzOi8vZ2l0aHViLmNvbS9mbHV0dGVyL2ZsdXR0ZXIuZ2l0,RkxVVFRFUl9GUkFNRVdPUktfUkVWSVNJT049MDBiMGM5MWYwNg==,RkxVVFRFUl9FTkdJTkVfUkVWSVNJT049NDJkM2Q3NWE1Ng==,RkxVVFRFUl9EQVJUX1ZFUlNJT049My4xMS41 -Pdart-obfuscation=false -Ptrack-widget-creation=true -Ptree-shake-icons=false assembleDebug
java_class_path (initial): E:\voice_test\android\\gradle\wrapper\gradle-wrapper.jar
Launcher Type: SUN_STANDARD

[Global flags]
     intx CICompilerCount                          = 4                                         {product} {ergonomic}
     uint ConcGCThreads                            = 2                                         {product} {ergonomic}
     uint G1ConcRefinementThreads                  = 8                                         {product} {ergonomic}
   size_t G1HeapRegionSize                         = 2097152                                   {product} {ergonomic}
    uintx GCDrainStackTargetSize                   = 64                                        {product} {ergonomic}
   size_t InitialHeapSize                          = 264241152                                 {product} {ergonomic}
   size_t MarkStackSize                            = 4194304                                   {product} {ergonomic}
   size_t MaxHeapSize                              = 4206886912                                {product} {ergonomic}
   size_t MaxNewSize                               = 2522873856                                {product} {ergonomic}
   size_t MinHeapDeltaBytes                        = 2097152                                   {product} {ergonomic}
   size_t MinHeapSize                              = 8388608                                   {product} {ergonomic}
    uintx NonNMethodCodeHeapSize                   = 5839372                                {pd product} {ergonomic}
    uintx NonProfiledCodeHeapSize                  = 122909434                              {pd product} {ergonomic}
    uintx ProfiledCodeHeapSize                     = 122909434                              {pd product} {ergonomic}
    uintx ReservedCodeCacheSize                    = 251658240                              {pd product} {ergonomic}
     bool SegmentedCodeCache                       = true                                      {product} {ergonomic}
   size_t SoftMaxHeapSize                          = 4206886912                             {manageable} {ergonomic}
     bool UseCompressedClassPointers               = true                           {product lp64_product} {ergonomic}
     bool UseCompressedOops                        = true                           {product lp64_product} {ergonomic}
     bool UseG1GC                                  = true                                      {product} {ergonomic}
     bool UseLargePagesIndividualAllocation        = false                                  {pd product} {ergonomic}

Logging:
Log output configuration:
 #0: stdout all=warning uptime,level,tags
 #1: stderr all=off uptime,level,tags

Environment Variables:
JAVA_HOME=E:\JAVA
CLASSPATH=E:\voice_test\android\\gradle\wrapper\gradle-wrapper.jar
PATH=E:\JAVA\bin;C:\Program Files\Common Files\Oracle\Java\javapath;C:\WINDOWS\system32;C:\WINDOWS;C:\WINDOWS\System32\Wbem;C:\WINDOWS\System32\WindowsPowerShell\v1.0\;C:\WINDOWS\System32\OpenSSH\;C:\Program Files\Git\cmd;C:\Program Files\Microsoft SQL Server\170\Tools\Binn\;C:\Program Files\Microsoft SQL Server\Client SDK\ODBC\170\Tools\Binn\;C:\Program Files\Microsoft SQL Server\170\DTS\Binn\;C:\Program Files\dotnet\;D:\Basira\;C:\ProgramData\chocolatey\bin;E:\JAVA\bin;E:\DOWNLOAD\New folder (2)\bin;C:\Program Files\Common Files\Oracle\Java\javapath;C:\WINDOWS\system32;C:\WINDOWS;C:\WINDOWS\System32\Wbem;C:\WINDOWS\System32\WindowsPowerShell\v1.0\;C:\WINDOWS\System32\OpenSSH\;C:\Program Files\Git\cmd;C:\Program Files\Microsoft SQL Server\170\Tools\Binn\;C:\Program Files\Microsoft SQL Server\Client SDK\ODBC\170\Tools\Binn\;C:\Program Files\Microsoft SQL Server\170\DTS\Binn\;C:\Program Files\dotnet\;D:\Basira\;C:\ProgramData\chocolatey\bin;C:\WINDOWS\system32;C:\WINDOWS;C:\WINDOWS\System32\Wbem;C:\WINDOWS\System32\WindowsPowerShell\v1.0\;C:\WINDOWS\System32\OpenSSH\;C:\Program Files\Git\cmd;C:\Program Files\Microsoft SQL Server\170\Tools\Binn\;C:\Program Files\Microsoft SQL Server\Client SDK\ODBC\170\Tools\Binn\;C:\Program Files\Microsoft SQL Server\170\DTS\Binn\;C:\Program Files\dotnet\;D:\Basira\;C:\ProgramData\chocolatey\bin;C:\Users\DELL\AppData\Local\Programs\Python\Python310\Scripts\;C:\Users\DELL\AppData\Local\Programs\Python\Python310\;C:\Users\DELL\AppData\Local\Prog;E:\flutter\bin;D:\download\Antigravity\bin;;c:\Users\DELL\.antigravity\extensions\ms-python.debugpy-2026.6.0-win32-x64\bundled\scripts\noConfigScripts;E:\flutter\bin\mingit\cmd
USERNAME=DELL
LANG=en_US.UTF-8
OS=Windows_NT
PROCESSOR_IDENTIFIER=Intel64 Family 6 Model 142 Stepping 12, GenuineIntel
TMP=C:\Users\DELL\AppData\Local\Temp
TEMP=C:\Users\DELL\AppData\Local\Temp



Periodic native trim disabled


---------------  S Y S T E M  ---------------

OS:
 Windows 11 , 64 bit Build 26100 (10.0.26100.8521)
OS uptime: 1 days 8:11 hours
Hyper-V role detected

CPU: total 8 (initial active 8) (4 cores per cpu, 2 threads per core) family 6 model 142 stepping 12 microcode 0xf8, cx8, cmov, fxsr, ht, mmx, 3dnowpref, sse, sse2, sse3, ssse3, sse4.1, sse4.2, popcnt, lzcnt, tsc, tscinvbit, avx, avx2, aes, erms, clmul, bmi1, bmi2, adx, fma, vzeroupper, clflush, clflushopt, hv
Processor Information for all 8 processors :
  Max Mhz: 2304, Current Mhz: 1803, Mhz Limit: 1797

Memory: 4k page, system-wide physical 16043M (2964M free)
TotalPageFile size 19538M (AvailPageFile size 531M)
current process WorkingSet (physical memory assigned to process): 117M, peak: 121M
current process commit charge ("private bytes"): 367M, peak: 378M

vm_info: OpenJDK 64-Bit Server VM (17.0.18+8) for windows-amd64 JRE (17.0.18+8), built on Jan 20 2026 22:28:22 by "admin" with MS VC++ 17.12 (VS2022)

END.
