#
# There is insufficient memory for the Java Runtime Environment to continue.
# Native memory allocation (malloc) failed to allocate 117936 bytes. Error detail: Chunk::new
# Possible reasons:
#   The system is out of physical RAM or swap space
#   This process is running with CompressedOops enabled, and the Java Heap may be blocking the growth of the native heap
# Possible solutions:
#   Reduce memory load on the system
#   Increase physical memory or swap space
#   Check if swap backing store is full
#   Decrease Java heap size (-Xmx/-Xms)
#   Decrease number of Java threads
#   Decrease Java thread stack sizes (-Xss)
#   Set larger code cache with -XX:ReservedCodeCacheSize=
#   JVM is running with Zero Based Compressed Oops mode in which the Java heap is
#     placed in the first 32GB address space. The Java Heap base address is the
#     maximum limit for the native heap growth. Please use -XX:HeapBaseMinAddress
#     to set the Java Heap base and to place the Java Heap above 32GB virtual address.
# This output file may be truncated or incomplete.
#
#  Out of Memory Error (arena.cpp:191), pid=19572, tid=23232
#
# JRE version: OpenJDK Runtime Environment Temurin-17.0.18+8 (17.0.18+8) (build 17.0.18+8)
# Java VM: OpenJDK 64-Bit Server VM Temurin-17.0.18+8 (17.0.18+8, mixed mode, sharing, tiered, compressed oops, compressed class ptrs, g1 gc, windows-amd64)
# No core dump will be written. Minidumps are not enabled by default on client versions of Windows
#

---------------  S U M M A R Y ------------

Command Line: -Dorg.gradle.appname=gradlew org.gradle.wrapper.GradleWrapperMain -q -Ptarget-platform=android-arm64 -Ptarget=E:\voice_test\lib\main.dart -Pbase-application-name=android.app.Application -Pdart-defines=RkxVVFRFUl9WRVJTSU9OPTMuNDEuOQ==,RkxVVFRFUl9DSEFOTkVMPXN0YWJsZQ==,RkxVVFRFUl9HSVRfVVJMPWh0dHBzOi8vZ2l0aHViLmNvbS9mbHV0dGVyL2ZsdXR0ZXIuZ2l0,RkxVVFRFUl9GUkFNRVdPUktfUkVWSVNJT049MDBiMGM5MWYwNg==,RkxVVFRFUl9FTkdJTkVfUkVWSVNJT049NDJkM2Q3NWE1Ng==,RkxVVFRFUl9EQVJUX1ZFUlNJT049My4xMS41 -Pdart-obfuscation=false -Ptrack-widget-creation=true -Ptree-shake-icons=false -Pfilesystem-scheme=org-dartlang-root assembleDebug

Host: Intel(R) Core(TM) i7-10610U CPU @ 1.80GHz, 8 cores, 15G,  Windows 11 , 64 bit Build 26100 (10.0.26100.8328)
Time: Tue May  5 05:57:38 2026 Egypt Daylight Time elapsed time: 118.256929 seconds (0d 0h 1m 58s)

---------------  T H R E A D  ---------------

Current thread (0x000002374901dcb0):  JavaThread "C2 CompilerThread0" daemon [_thread_in_native, id=23232, stack(0x000000c124d00000,0x000000c124e00000)]


Current CompileTask:
C2:118257 1821       4       java.lang.AbstractStringBuilder::append (45 bytes)

Stack: [0x000000c124d00000,0x000000c124e00000]
Native frames: (J=compiled Java code, j=interpreted, Vv=VM code, C=native code)
V  [jvm.dll+0x6846f9]
V  [jvm.dll+0x839ea5]
V  [jvm.dll+0x83b91e]
V  [jvm.dll+0x83bfa3]
V  [jvm.dll+0x248eff]
V  [jvm.dll+0xad496]
V  [jvm.dll+0xadb3c]
V  [jvm.dll+0x368c1e]
V  [jvm.dll+0x333055]
V  [jvm.dll+0x3324ba]
V  [jvm.dll+0x219db9]
V  [jvm.dll+0x219200]
V  [jvm.dll+0x1a4920]
V  [jvm.dll+0x22989a]
V  [jvm.dll+0x227a4b]
V  [jvm.dll+0x7f0658]
V  [jvm.dll+0x7eaaec]
V  [jvm.dll+0x6835c7]
C  [ucrtbase.dll+0x37b0]
C  [KERNEL32.DLL+0x2e957]
C  [ntdll.dll+0x427c]


---------------  P R O C E S S  ---------------

Threads class SMR info:
_java_thread_list=0x000002374a6d7860, length=15, elements={
0x000002375fedb500, 0x000002377ee4d8f0, 0x000002377ee4e2c0, 0x0000023749018570,
0x0000023749018e40, 0x000002374901a720, 0x000002374901d000, 0x000002374901dcb0,
0x0000023749020680, 0x000002374902c890, 0x00000237491728d0, 0x0000023749175060,
0x0000023749d4ff90, 0x0000023749d504e0, 0x000002374a43f040
}

Java Threads: ( => current thread )
  0x000002375fedb500 JavaThread "main" [_thread_blocked, id=18332, stack(0x000000c124000000,0x000000c124100000)]
  0x000002377ee4d8f0 JavaThread "Reference Handler" daemon [_thread_blocked, id=23448, stack(0x000000c124700000,0x000000c124800000)]
  0x000002377ee4e2c0 JavaThread "Finalizer" daemon [_thread_blocked, id=17640, stack(0x000000c124800000,0x000000c124900000)]
  0x0000023749018570 JavaThread "Signal Dispatcher" daemon [_thread_blocked, id=16820, stack(0x000000c124900000,0x000000c124a00000)]
  0x0000023749018e40 JavaThread "Attach Listener" daemon [_thread_blocked, id=21928, stack(0x000000c124a00000,0x000000c124b00000)]
  0x000002374901a720 JavaThread "Service Thread" daemon [_thread_blocked, id=24468, stack(0x000000c124b00000,0x000000c124c00000)]
  0x000002374901d000 JavaThread "Monitor Deflation Thread" daemon [_thread_blocked, id=24172, stack(0x000000c124c00000,0x000000c124d00000)]
=>0x000002374901dcb0 JavaThread "C2 CompilerThread0" daemon [_thread_in_native, id=23232, stack(0x000000c124d00000,0x000000c124e00000)]
  0x0000023749020680 JavaThread "C1 CompilerThread0" daemon [_thread_blocked, id=23656, stack(0x000000c124e00000,0x000000c124f00000)]
  0x000002374902c890 JavaThread "Sweeper thread" daemon [_thread_blocked, id=22364, stack(0x000000c124f00000,0x000000c125000000)]
  0x00000237491728d0 JavaThread "Notification Thread" daemon [_thread_blocked, id=7616, stack(0x000000c125000000,0x000000c125100000)]
  0x0000023749175060 JavaThread "Common-Cleaner" daemon [_thread_blocked, id=23240, stack(0x000000c125200000,0x000000c125300000)]
  0x0000023749d4ff90 JavaThread "C2 CompilerThread1" daemon [_thread_in_native, id=21148, stack(0x000000c123d00000,0x000000c123e00000)]
  0x0000023749d504e0 JavaThread "C2 CompilerThread2" daemon [_thread_in_native, id=21652, stack(0x000000c123e00000,0x000000c123f00000)]
  0x000002374a43f040 JavaThread "Logging-Cleaner" [_thread_new, id=18124, stack(0x0000000000000000,0x0000000000000000)]

Other Threads:
  0x000002377ee49070 VMThread "VM Thread" [stack: 0x000000c124600000,0x000000c124700000] [id=18592]
  0x0000023749172db0 WatcherThread [stack: 0x000000c125100000,0x000000c125200000] [id=7608]
  0x000002375ff49b00 GCTaskThread "GC Thread#0" [stack: 0x000000c124100000,0x000000c124200000] [id=10928]
  0x00000237497d5030 GCTaskThread "GC Thread#1" [stack: 0x000000c125500000,0x000000c125600000] [id=17840]
  0x0000023749874300 GCTaskThread "GC Thread#2" [stack: 0x000000c125600000,0x000000c125700000] [id=19452]
  0x000002374980da00 GCTaskThread "GC Thread#3" [stack: 0x000000c125700000,0x000000c125800000] [id=18552]
  0x000002374980dcc0 GCTaskThread "GC Thread#4" [stack: 0x000000c125800000,0x000000c125900000] [id=14184]
  0x000002374980df80 GCTaskThread "GC Thread#5" [stack: 0x000000c125900000,0x000000c125a00000] [id=2516]
  0x00000237495ac300 GCTaskThread "GC Thread#6" [stack: 0x000000c125a00000,0x000000c125b00000] [id=23344]
  0x000002375ff5b0f0 ConcurrentGCThread "G1 Main Marker" [stack: 0x000000c124200000,0x000000c124300000] [id=20408]
  0x000002375ff5c1c0 ConcurrentGCThread "G1 Conc#0" [stack: 0x000000c124300000,0x000000c124400000] [id=15896]
  0x000002375ff8e950 ConcurrentGCThread "G1 Refine#0" [stack: 0x000000c124400000,0x000000c124500000] [id=11160]
  0x000002377ecf65a0 ConcurrentGCThread "G1 Service" [stack: 0x000000c124500000,0x000000c124600000] [id=12136]

Threads with active compile tasks:
C2 CompilerThread0  118285 1821       4       java.lang.AbstractStringBuilder::append (45 bytes)
C2 CompilerThread1  118285 1825       4       org.gradle.internal.logging.text.AbstractLineChoppingStyledTextOutput$2::execute (77 bytes)
C2 CompilerThread2  118285 1824       4       org.gradle.internal.logging.text.AbstractLineChoppingStyledTextOutput$1::execute (140 bytes)

VM state: not at safepoint (normal execution)

VM Mutex/Monitor currently owned by a thread: None

Heap address: 0x0000000705400000, size: 4012 MB, Compressed Oops mode: Zero based, Oop shift amount: 3

CDS archive(s) mapped at: [0x0000023704000000-0x0000023704bb0000-0x0000023704bb0000), size 12255232, SharedBaseAddress: 0x0000023704000000, ArchiveRelocationMode: 1.
Compressed class space mapped at: 0x0000023705000000-0x0000023745000000, reserved size: 1073741824
Narrow klass base: 0x0000023704000000, Narrow klass shift: 0, Narrow klass range: 0x100000000

GC Precious Log:
 CPUs: 8 total, 8 available
 Memory: 16043M
 Large Page Support: Disabled
 NUMA Support: Disabled
 Compressed Oops: Enabled (Zero based)
 Heap Region Size: 2M
 Heap Min Capacity: 8M
 Heap Initial Capacity: 252M
 Heap Max Capacity: 4012M
 Pre-touch: Disabled
 Parallel Workers: 8
 Concurrent Workers: 2
 Concurrent Refinement Workers: 8
 Periodic GC: Disabled

Heap:
 garbage-first heap   total 258048K, used 24295K [0x0000000705400000, 0x0000000800000000)
  region size 2048K, 10 young (20480K), 3 survivors (6144K)
 Metaspace       used 10243K, committed 10368K, reserved 1114112K
  class space    used 1349K, committed 1408K, reserved 1048576K

Heap Regions: E=young(eden), S=young(survivor), O=old, HS=humongous(starts), HC=humongous(continues), CS=collection set, F=free, OA=open archive, CA=closed archive, TAMS=top-at-mark-start (previous, next)
|   0|0x0000000705400000, 0x0000000705600000, 0x0000000705600000|100%| O|  |TAMS 0x0000000705400000, 0x0000000705400000| Untracked 
|   1|0x0000000705600000, 0x0000000705800000, 0x0000000705800000|100%|HS|  |TAMS 0x0000000705600000, 0x0000000705600000| Complete 
|   2|0x0000000705800000, 0x0000000705a00000, 0x0000000705a00000|100%|HC|  |TAMS 0x0000000705800000, 0x0000000705800000| Complete 
|   3|0x0000000705a00000, 0x0000000705ba8400, 0x0000000705c00000| 82%| O|  |TAMS 0x0000000705a00000, 0x0000000705a00000| Untracked 
|   4|0x0000000705c00000, 0x0000000705c00000, 0x0000000705e00000|  0%| F|  |TAMS 0x0000000705c00000, 0x0000000705c00000| Untracked 
|   5|0x0000000705e00000, 0x0000000705e00000, 0x0000000706000000|  0%| F|  |TAMS 0x0000000705e00000, 0x0000000705e00000| Untracked 
|   6|0x0000000706000000, 0x0000000706000000, 0x0000000706200000|  0%| F|  |TAMS 0x0000000706000000, 0x0000000706000000| Untracked 
|   7|0x0000000706200000, 0x0000000706200000, 0x0000000706400000|  0%| F|  |TAMS 0x0000000706200000, 0x0000000706200000| Untracked 
|   8|0x0000000706400000, 0x0000000706400000, 0x0000000706600000|  0%| F|  |TAMS 0x0000000706400000, 0x0000000706400000| Untracked 
|   9|0x0000000706600000, 0x0000000706600000, 0x0000000706800000|  0%| F|  |TAMS 0x0000000706600000, 0x0000000706600000| Untracked 
|  10|0x0000000706800000, 0x0000000706800000, 0x0000000706a00000|  0%| F|  |TAMS 0x0000000706800000, 0x0000000706800000| Untracked 
|  11|0x0000000706a00000, 0x0000000706a00000, 0x0000000706c00000|  0%| F|  |TAMS 0x0000000706a00000, 0x0000000706a00000| Untracked 
|  12|0x0000000706c00000, 0x0000000706c00000, 0x0000000706e00000|  0%| F|  |TAMS 0x0000000706c00000, 0x0000000706c00000| Untracked 
|  13|0x0000000706e00000, 0x0000000706e00000, 0x0000000707000000|  0%| F|  |TAMS 0x0000000706e00000, 0x0000000706e00000| Untracked 
|  14|0x0000000707000000, 0x0000000707000000, 0x0000000707200000|  0%| F|  |TAMS 0x0000000707000000, 0x0000000707000000| Untracked 
|  15|0x0000000707200000, 0x0000000707200000, 0x0000000707400000|  0%| F|  |TAMS 0x0000000707200000, 0x0000000707200000| Untracked 
|  16|0x0000000707400000, 0x0000000707400000, 0x0000000707600000|  0%| F|  |TAMS 0x0000000707400000, 0x0000000707400000| Untracked 
|  17|0x0000000707600000, 0x0000000707600000, 0x0000000707800000|  0%| F|  |TAMS 0x0000000707600000, 0x0000000707600000| Untracked 
|  18|0x0000000707800000, 0x0000000707800000, 0x0000000707a00000|  0%| F|  |TAMS 0x0000000707800000, 0x0000000707800000| Untracked 
|  19|0x0000000707a00000, 0x0000000707a00000, 0x0000000707c00000|  0%| F|  |TAMS 0x0000000707a00000, 0x0000000707a00000| Untracked 
|  20|0x0000000707c00000, 0x0000000707c00000, 0x0000000707e00000|  0%| F|  |TAMS 0x0000000707c00000, 0x0000000707c00000| Untracked 
|  21|0x0000000707e00000, 0x0000000707e00000, 0x0000000708000000|  0%| F|  |TAMS 0x0000000707e00000, 0x0000000707e00000| Untracked 
|  22|0x0000000708000000, 0x0000000708000000, 0x0000000708200000|  0%| F|  |TAMS 0x0000000708000000, 0x0000000708000000| Untracked 
|  23|0x0000000708200000, 0x0000000708200000, 0x0000000708400000|  0%| F|  |TAMS 0x0000000708200000, 0x0000000708200000| Untracked 
|  24|0x0000000708400000, 0x0000000708400000, 0x0000000708600000|  0%| F|  |TAMS 0x0000000708400000, 0x0000000708400000| Untracked 
|  25|0x0000000708600000, 0x0000000708600000, 0x0000000708800000|  0%| F|  |TAMS 0x0000000708600000, 0x0000000708600000| Untracked 
|  26|0x0000000708800000, 0x0000000708800000, 0x0000000708a00000|  0%| F|  |TAMS 0x0000000708800000, 0x0000000708800000| Untracked 
|  27|0x0000000708a00000, 0x0000000708a00000, 0x0000000708c00000|  0%| F|  |TAMS 0x0000000708a00000, 0x0000000708a00000| Untracked 
|  28|0x0000000708c00000, 0x0000000708c00000, 0x0000000708e00000|  0%| F|  |TAMS 0x0000000708c00000, 0x0000000708c00000| Untracked 
|  29|0x0000000708e00000, 0x0000000708e00000, 0x0000000709000000|  0%| F|  |TAMS 0x0000000708e00000, 0x0000000708e00000| Untracked 
|  30|0x0000000709000000, 0x0000000709000000, 0x0000000709200000|  0%| F|  |TAMS 0x0000000709000000, 0x0000000709000000| Untracked 
|  31|0x0000000709200000, 0x0000000709200000, 0x0000000709400000|  0%| F|  |TAMS 0x0000000709200000, 0x0000000709200000| Untracked 
|  32|0x0000000709400000, 0x0000000709400000, 0x0000000709600000|  0%| F|  |TAMS 0x0000000709400000, 0x0000000709400000| Untracked 
|  33|0x0000000709600000, 0x0000000709600000, 0x0000000709800000|  0%| F|  |TAMS 0x0000000709600000, 0x0000000709600000| Untracked 
|  34|0x0000000709800000, 0x0000000709800000, 0x0000000709a00000|  0%| F|  |TAMS 0x0000000709800000, 0x0000000709800000| Untracked 
|  35|0x0000000709a00000, 0x0000000709a00000, 0x0000000709c00000|  0%| F|  |TAMS 0x0000000709a00000, 0x0000000709a00000| Untracked 
|  36|0x0000000709c00000, 0x0000000709c00000, 0x0000000709e00000|  0%| F|  |TAMS 0x0000000709c00000, 0x0000000709c00000| Untracked 
|  37|0x0000000709e00000, 0x0000000709e00000, 0x000000070a000000|  0%| F|  |TAMS 0x0000000709e00000, 0x0000000709e00000| Untracked 
|  38|0x000000070a000000, 0x000000070a000000, 0x000000070a200000|  0%| F|  |TAMS 0x000000070a000000, 0x000000070a000000| Untracked 
|  39|0x000000070a200000, 0x000000070a200000, 0x000000070a400000|  0%| F|  |TAMS 0x000000070a200000, 0x000000070a200000| Untracked 
|  40|0x000000070a400000, 0x000000070a400000, 0x000000070a600000|  0%| F|  |TAMS 0x000000070a400000, 0x000000070a400000| Untracked 
|  41|0x000000070a600000, 0x000000070a600000, 0x000000070a800000|  0%| F|  |TAMS 0x000000070a600000, 0x000000070a600000| Untracked 
|  42|0x000000070a800000, 0x000000070a800000, 0x000000070aa00000|  0%| F|  |TAMS 0x000000070a800000, 0x000000070a800000| Untracked 
|  43|0x000000070aa00000, 0x000000070aa00000, 0x000000070ac00000|  0%| F|  |TAMS 0x000000070aa00000, 0x000000070aa00000| Untracked 
|  44|0x000000070ac00000, 0x000000070ac00000, 0x000000070ae00000|  0%| F|  |TAMS 0x000000070ac00000, 0x000000070ac00000| Untracked 
|  45|0x000000070ae00000, 0x000000070ae00000, 0x000000070b000000|  0%| F|  |TAMS 0x000000070ae00000, 0x000000070ae00000| Untracked 
|  46|0x000000070b000000, 0x000000070b000000, 0x000000070b200000|  0%| F|  |TAMS 0x000000070b000000, 0x000000070b000000| Untracked 
|  47|0x000000070b200000, 0x000000070b200000, 0x000000070b400000|  0%| F|  |TAMS 0x000000070b200000, 0x000000070b200000| Untracked 
|  48|0x000000070b400000, 0x000000070b400000, 0x000000070b600000|  0%| F|  |TAMS 0x000000070b400000, 0x000000070b400000| Untracked 
|  49|0x000000070b600000, 0x000000070b600000, 0x000000070b800000|  0%| F|  |TAMS 0x000000070b600000, 0x000000070b600000| Untracked 
|  50|0x000000070b800000, 0x000000070b800000, 0x000000070ba00000|  0%| F|  |TAMS 0x000000070b800000, 0x000000070b800000| Untracked 
|  51|0x000000070ba00000, 0x000000070ba00000, 0x000000070bc00000|  0%| F|  |TAMS 0x000000070ba00000, 0x000000070ba00000| Untracked 
|  52|0x000000070bc00000, 0x000000070bc00000, 0x000000070be00000|  0%| F|  |TAMS 0x000000070bc00000, 0x000000070bc00000| Untracked 
|  53|0x000000070be00000, 0x000000070be00000, 0x000000070c000000|  0%| F|  |TAMS 0x000000070be00000, 0x000000070be00000| Untracked 
|  54|0x000000070c000000, 0x000000070c000000, 0x000000070c200000|  0%| F|  |TAMS 0x000000070c000000, 0x000000070c000000| Untracked 
|  55|0x000000070c200000, 0x000000070c200000, 0x000000070c400000|  0%| F|  |TAMS 0x000000070c200000, 0x000000070c200000| Untracked 
|  56|0x000000070c400000, 0x000000070c400000, 0x000000070c600000|  0%| F|  |TAMS 0x000000070c400000, 0x000000070c400000| Untracked 
|  57|0x000000070c600000, 0x000000070c600000, 0x000000070c800000|  0%| F|  |TAMS 0x000000070c600000, 0x000000070c600000| Untracked 
|  58|0x000000070c800000, 0x000000070c800000, 0x000000070ca00000|  0%| F|  |TAMS 0x000000070c800000, 0x000000070c800000| Untracked 
|  59|0x000000070ca00000, 0x000000070ca00000, 0x000000070cc00000|  0%| F|  |TAMS 0x000000070ca00000, 0x000000070ca00000| Untracked 
|  60|0x000000070cc00000, 0x000000070cc00000, 0x000000070ce00000|  0%| F|  |TAMS 0x000000070cc00000, 0x000000070cc00000| Untracked 
|  61|0x000000070ce00000, 0x000000070ce00000, 0x000000070d000000|  0%| F|  |TAMS 0x000000070ce00000, 0x000000070ce00000| Untracked 
|  62|0x000000070d000000, 0x000000070d000000, 0x000000070d200000|  0%| F|  |TAMS 0x000000070d000000, 0x000000070d000000| Untracked 
|  63|0x000000070d200000, 0x000000070d200000, 0x000000070d400000|  0%| F|  |TAMS 0x000000070d200000, 0x000000070d200000| Untracked 
|  64|0x000000070d400000, 0x000000070d400000, 0x000000070d600000|  0%| F|  |TAMS 0x000000070d400000, 0x000000070d400000| Untracked 
|  65|0x000000070d600000, 0x000000070d600000, 0x000000070d800000|  0%| F|  |TAMS 0x000000070d600000, 0x000000070d600000| Untracked 
|  66|0x000000070d800000, 0x000000070d800000, 0x000000070da00000|  0%| F|  |TAMS 0x000000070d800000, 0x000000070d800000| Untracked 
|  67|0x000000070da00000, 0x000000070da00000, 0x000000070dc00000|  0%| F|  |TAMS 0x000000070da00000, 0x000000070da00000| Untracked 
|  68|0x000000070dc00000, 0x000000070dc00000, 0x000000070de00000|  0%| F|  |TAMS 0x000000070dc00000, 0x000000070dc00000| Untracked 
|  69|0x000000070de00000, 0x000000070de00000, 0x000000070e000000|  0%| F|  |TAMS 0x000000070de00000, 0x000000070de00000| Untracked 
|  70|0x000000070e000000, 0x000000070e000000, 0x000000070e200000|  0%| F|  |TAMS 0x000000070e000000, 0x000000070e000000| Untracked 
|  71|0x000000070e200000, 0x000000070e200000, 0x000000070e400000|  0%| F|  |TAMS 0x000000070e200000, 0x000000070e200000| Untracked 
|  72|0x000000070e400000, 0x000000070e400000, 0x000000070e600000|  0%| F|  |TAMS 0x000000070e400000, 0x000000070e400000| Untracked 
|  73|0x000000070e600000, 0x000000070e600000, 0x000000070e800000|  0%| F|  |TAMS 0x000000070e600000, 0x000000070e600000| Untracked 
|  74|0x000000070e800000, 0x000000070e800000, 0x000000070ea00000|  0%| F|  |TAMS 0x000000070e800000, 0x000000070e800000| Untracked 
|  75|0x000000070ea00000, 0x000000070ea00000, 0x000000070ec00000|  0%| F|  |TAMS 0x000000070ea00000, 0x000000070ea00000| Untracked 
|  76|0x000000070ec00000, 0x000000070ec00000, 0x000000070ee00000|  0%| F|  |TAMS 0x000000070ec00000, 0x000000070ec00000| Untracked 
|  77|0x000000070ee00000, 0x000000070ee00000, 0x000000070f000000|  0%| F|  |TAMS 0x000000070ee00000, 0x000000070ee00000| Untracked 
|  78|0x000000070f000000, 0x000000070f000000, 0x000000070f200000|  0%| F|  |TAMS 0x000000070f000000, 0x000000070f000000| Untracked 
|  79|0x000000070f200000, 0x000000070f200000, 0x000000070f400000|  0%| F|  |TAMS 0x000000070f200000, 0x000000070f200000| Untracked 
|  80|0x000000070f400000, 0x000000070f400000, 0x000000070f600000|  0%| F|  |TAMS 0x000000070f400000, 0x000000070f400000| Untracked 
|  81|0x000000070f600000, 0x000000070f600000, 0x000000070f800000|  0%| F|  |TAMS 0x000000070f600000, 0x000000070f600000| Untracked 
|  82|0x000000070f800000, 0x000000070f800000, 0x000000070fa00000|  0%| F|  |TAMS 0x000000070f800000, 0x000000070f800000| Untracked 
|  83|0x000000070fa00000, 0x000000070fa00000, 0x000000070fc00000|  0%| F|  |TAMS 0x000000070fa00000, 0x000000070fa00000| Untracked 
|  84|0x000000070fc00000, 0x000000070fc00000, 0x000000070fe00000|  0%| F|  |TAMS 0x000000070fc00000, 0x000000070fc00000| Untracked 
|  85|0x000000070fe00000, 0x000000070fe00000, 0x0000000710000000|  0%| F|  |TAMS 0x000000070fe00000, 0x000000070fe00000| Untracked 
|  86|0x0000000710000000, 0x0000000710000000, 0x0000000710200000|  0%| F|  |TAMS 0x0000000710000000, 0x0000000710000000| Untracked 
|  87|0x0000000710200000, 0x0000000710200000, 0x0000000710400000|  0%| F|  |TAMS 0x0000000710200000, 0x0000000710200000| Untracked 
|  88|0x0000000710400000, 0x0000000710400000, 0x0000000710600000|  0%| F|  |TAMS 0x0000000710400000, 0x0000000710400000| Untracked 
|  89|0x0000000710600000, 0x0000000710600000, 0x0000000710800000|  0%| F|  |TAMS 0x0000000710600000, 0x0000000710600000| Untracked 
|  90|0x0000000710800000, 0x0000000710800000, 0x0000000710a00000|  0%| F|  |TAMS 0x0000000710800000, 0x0000000710800000| Untracked 
|  91|0x0000000710a00000, 0x0000000710a00000, 0x0000000710c00000|  0%| F|  |TAMS 0x0000000710a00000, 0x0000000710a00000| Untracked 
|  92|0x0000000710c00000, 0x0000000710c00000, 0x0000000710e00000|  0%| F|  |TAMS 0x0000000710c00000, 0x0000000710c00000| Untracked 
|  93|0x0000000710e00000, 0x0000000710e00000, 0x0000000711000000|  0%| F|  |TAMS 0x0000000710e00000, 0x0000000710e00000| Untracked 
|  94|0x0000000711000000, 0x0000000711000000, 0x0000000711200000|  0%| F|  |TAMS 0x0000000711000000, 0x0000000711000000| Untracked 
|  95|0x0000000711200000, 0x0000000711200000, 0x0000000711400000|  0%| F|  |TAMS 0x0000000711200000, 0x0000000711200000| Untracked 
|  96|0x0000000711400000, 0x0000000711400000, 0x0000000711600000|  0%| F|  |TAMS 0x0000000711400000, 0x0000000711400000| Untracked 
|  97|0x0000000711600000, 0x0000000711600000, 0x0000000711800000|  0%| F|  |TAMS 0x0000000711600000, 0x0000000711600000| Untracked 
|  98|0x0000000711800000, 0x0000000711800000, 0x0000000711a00000|  0%| F|  |TAMS 0x0000000711800000, 0x0000000711800000| Untracked 
|  99|0x0000000711a00000, 0x0000000711a00000, 0x0000000711c00000|  0%| F|  |TAMS 0x0000000711a00000, 0x0000000711a00000| Untracked 
| 100|0x0000000711c00000, 0x0000000711c00000, 0x0000000711e00000|  0%| F|  |TAMS 0x0000000711c00000, 0x0000000711c00000| Untracked 
| 101|0x0000000711e00000, 0x0000000711e00000, 0x0000000712000000|  0%| F|  |TAMS 0x0000000711e00000, 0x0000000711e00000| Untracked 
| 102|0x0000000712000000, 0x0000000712000000, 0x0000000712200000|  0%| F|  |TAMS 0x0000000712000000, 0x0000000712000000| Untracked 
| 103|0x0000000712200000, 0x0000000712200000, 0x0000000712400000|  0%| F|  |TAMS 0x0000000712200000, 0x0000000712200000| Untracked 
| 104|0x0000000712400000, 0x0000000712400000, 0x0000000712600000|  0%| F|  |TAMS 0x0000000712400000, 0x0000000712400000| Untracked 
| 105|0x0000000712600000, 0x0000000712611b08, 0x0000000712800000|  3%| S|CS|TAMS 0x0000000712600000, 0x0000000712600000| Complete 
| 106|0x0000000712800000, 0x0000000712a00000, 0x0000000712a00000|100%| S|CS|TAMS 0x0000000712800000, 0x0000000712800000| Complete 
| 107|0x0000000712a00000, 0x0000000712c00000, 0x0000000712c00000|100%| S|CS|TAMS 0x0000000712a00000, 0x0000000712a00000| Complete 
| 108|0x0000000712c00000, 0x0000000712c00000, 0x0000000712e00000|  0%| F|  |TAMS 0x0000000712c00000, 0x0000000712c00000| Untracked 
| 109|0x0000000712e00000, 0x0000000712e00000, 0x0000000713000000|  0%| F|  |TAMS 0x0000000712e00000, 0x0000000712e00000| Untracked 
| 110|0x0000000713000000, 0x0000000713000000, 0x0000000713200000|  0%| F|  |TAMS 0x0000000713000000, 0x0000000713000000| Untracked 
| 111|0x0000000713200000, 0x0000000713200000, 0x0000000713400000|  0%| F|  |TAMS 0x0000000713200000, 0x0000000713200000| Untracked 
| 112|0x0000000713400000, 0x0000000713400000, 0x0000000713600000|  0%| F|  |TAMS 0x0000000713400000, 0x0000000713400000| Untracked 
| 113|0x0000000713600000, 0x0000000713600000, 0x0000000713800000|  0%| F|  |TAMS 0x0000000713600000, 0x0000000713600000| Untracked 
| 114|0x0000000713800000, 0x0000000713800000, 0x0000000713a00000|  0%| F|  |TAMS 0x0000000713800000, 0x0000000713800000| Untracked 
| 115|0x0000000713a00000, 0x0000000713a00000, 0x0000000713c00000|  0%| F|  |TAMS 0x0000000713a00000, 0x0000000713a00000| Untracked 
| 116|0x0000000713c00000, 0x0000000713c00000, 0x0000000713e00000|  0%| F|  |TAMS 0x0000000713c00000, 0x0000000713c00000| Untracked 
| 117|0x0000000713e00000, 0x0000000713e00000, 0x0000000714000000|  0%| F|  |TAMS 0x0000000713e00000, 0x0000000713e00000| Untracked 
| 118|0x0000000714000000, 0x0000000714000000, 0x0000000714200000|  0%| F|  |TAMS 0x0000000714000000, 0x0000000714000000| Untracked 
| 119|0x0000000714200000, 0x00000007143bcc18, 0x0000000714400000| 86%| E|  |TAMS 0x0000000714200000, 0x0000000714200000| Complete 
| 120|0x0000000714400000, 0x0000000714600000, 0x0000000714600000|100%| E|CS|TAMS 0x0000000714400000, 0x0000000714400000| Complete 
| 121|0x0000000714600000, 0x0000000714800000, 0x0000000714800000|100%| E|CS|TAMS 0x0000000714600000, 0x0000000714600000| Complete 
| 122|0x0000000714800000, 0x0000000714a00000, 0x0000000714a00000|100%| E|CS|TAMS 0x0000000714800000, 0x0000000714800000| Complete 
| 123|0x0000000714a00000, 0x0000000714c00000, 0x0000000714c00000|100%| E|CS|TAMS 0x0000000714a00000, 0x0000000714a00000| Complete 
| 124|0x0000000714c00000, 0x0000000714e00000, 0x0000000714e00000|100%| E|CS|TAMS 0x0000000714c00000, 0x0000000714c00000| Complete 
| 125|0x0000000714e00000, 0x0000000715000000, 0x0000000715000000|100%| E|CS|TAMS 0x0000000714e00000, 0x0000000714e00000| Complete 

Card table byte_map: [0x0000023777560000,0x0000023777d40000] _byte_map_base: 0x0000023773d36000

Marking Bits (Prev, Next): (CMBitMap*) 0x000002375ff4a030, (CMBitMap*) 0x000002375ff4a070
 Prev Bits: [0x0000023778520000, 0x000002377c3d0000)
 Next Bits: [0x0000023700000000, 0x0000023703eb0000)

Polling page: 0x000002375de60000

Metaspace:

Usage:
  Non-class:      8.69 MB used.
      Class:      1.32 MB used.
       Both:     10.00 MB used.

Virtual space:
  Non-class space:       64.00 MB reserved,       8.75 MB ( 14%) committed,  1 nodes.
      Class space:        1.00 GB reserved,       1.38 MB ( <1%) committed,  1 nodes.
             Both:        1.06 GB reserved,      10.12 MB ( <1%) committed. 

Chunk freelists:
   Non-Class:  7.26 MB
       Class:  14.56 MB
        Both:  21.82 MB

MaxMetaspaceSize: unlimited
CompressedClassSpaceSize: 1.00 GB
Initial GC threshold: 21.00 MB
Current GC threshold: 21.00 MB
CDS: on
MetaspaceReclaimPolicy: balanced
 - commit_granule_bytes: 65536.
 - commit_granule_words: 8192.
 - virtual_space_node_default_size: 8388608.
 - enlarge_chunks_in_place: 1.
 - new_chunks_are_fully_committed: 0.
 - uncommit_free_chunks: 1.
 - use_allocation_guard: 0.
 - handle_deallocations: 1.


Internal statistics:

num_allocs_failed_limit: 0.
num_arena_births: 90.
num_arena_deaths: 0.
num_vsnodes_births: 2.
num_vsnodes_deaths: 0.
num_space_committed: 162.
num_space_uncommitted: 0.
num_chunks_returned_to_freelist: 0.
num_chunks_taken_from_freelist: 376.
num_chunk_merges: 0.
num_chunk_splits: 244.
num_chunks_enlarged: 199.
num_inconsistent_stats: 0.

CodeHeap 'non-profiled nmethods': size=120000Kb used=952Kb max_used=952Kb free=119047Kb
 bounds [0x000002376f510000, 0x000002376f780000, 0x0000023776a40000]
CodeHeap 'profiled nmethods': size=120000Kb used=3369Kb max_used=3369Kb free=116630Kb
 bounds [0x0000023767a40000, 0x0000023767d90000, 0x000002376ef70000]
CodeHeap 'non-nmethods': size=5760Kb used=1178Kb max_used=1216Kb free=4581Kb
 bounds [0x000002376ef70000, 0x000002376f1e0000, 0x000002376f510000]
 total_blobs=2303 nmethods=1826 adapters=390
 compilation: enabled
              stopped_count=0, restarted_count=0
 full_count=0

Compilation events (20 events):
Event: 118.214 Thread 0x000002374901dcb0 nmethod 1814 0x000002376f5fd190 code [0x000002376f5fd300, 0x000002376f5fd398]
Event: 118.214 Thread 0x000002374901dcb0 1815       4       java.nio.Buffer::clear (20 bytes)
Event: 118.215 Thread 0x000002374901dcb0 nmethod 1815 0x000002376f5fd490 code [0x000002376f5fd600, 0x000002376f5fd698]
Event: 118.241 Thread 0x0000023749020680 1819       3       sun.invoke.util.VerifyAccess::isMemberAccessible (338 bytes)
Event: 118.244 Thread 0x0000023749020680 nmethod 1819 0x0000023767d87910 code [0x0000023767d87ca0, 0x0000023767d88fa8]
Event: 118.248 Thread 0x000002374901dcb0 1821       4       java.lang.AbstractStringBuilder::append (45 bytes)
Event: 118.248 Thread 0x0000023749020680 1822       1       java.lang.invoke.DirectMethodHandle::isCrackable (5 bytes)
Event: 118.248 Thread 0x0000023749020680 nmethod 1822 0x000002376f5fda90 code [0x000002376f5fdc20, 0x000002376f5fdcf8]
Event: 118.248 Thread 0x0000023749020680 1823       3       jdk.internal.misc.CDS::isDumpingArchive (4 bytes)
Event: 118.248 Thread 0x0000023749020680 nmethod 1823 0x0000023767d89510 code [0x0000023767d896a0, 0x0000023767d89798]
Event: 118.253 Thread 0x0000023749020680 1830       1       java.util.concurrent.CopyOnWriteArrayList::setArray (6 bytes)
Event: 118.253 Thread 0x0000023749020680 nmethod 1830 0x000002376f5fdd90 code [0x000002376f5fdf20, 0x000002376f5fe038]
Event: 118.253 Thread 0x0000023749020680 1831       3       java.nio.CharBuffer::position (8 bytes)
Event: 118.253 Thread 0x0000023749d4ff90 1826       4       org.gradle.internal.logging.text.AbstractLineChoppingStyledTextOutput$StateContext::hasChar (25 bytes)
Event: 118.254 Thread 0x0000023749020680 nmethod 1831 0x0000023767d89810 code [0x0000023767d899c0, 0x0000023767d89b08]
Event: 118.254 Thread 0x0000023749020680 1832       3       java.nio.CharBuffer::position (6 bytes)
Event: 118.254 Thread 0x0000023749020680 nmethod 1832 0x0000023767d89b90 code [0x0000023767d89d40, 0x0000023767d89ee8]
Event: 118.254 Thread 0x0000023749020680 1833       3       java.nio.ByteBuffer::array (35 bytes)
Event: 118.254 Thread 0x0000023749d504e0 1824       4       org.gradle.internal.logging.text.AbstractLineChoppingStyledTextOutput$1::execute (140 bytes)
Event: 118.254 Thread 0x0000023749020680 nmethod 1833 0x0000023767d89f90 code [0x0000023767d8a160, 0x0000023767d8a438]

GC Heap History (4 events):
Event: 0.567 GC heap before
{Heap before GC invocations=0 (full 0):
 garbage-first heap   total 258048K, used 22528K [0x0000000705400000, 0x0000000800000000)
  region size 2048K, 11 young (22528K), 0 survivors (0K)
 Metaspace       used 1937K, committed 2048K, reserved 1114112K
  class space    used 169K, committed 192K, reserved 1048576K
}
Event: 0.570 GC heap after
{Heap after GC invocations=1 (full 0):
 garbage-first heap   total 258048K, used 4117K [0x0000000705400000, 0x0000000800000000)
  region size 2048K, 2 young (4096K), 2 survivors (4096K)
 Metaspace       used 1937K, committed 2048K, reserved 1114112K
  class space    used 169K, committed 192K, reserved 1048576K
}
Event: 1.920 GC heap before
{Heap before GC invocations=1 (full 0):
 garbage-first heap   total 258048K, used 40981K [0x0000000705400000, 0x0000000800000000)
  region size 2048K, 18 young (36864K), 2 survivors (4096K)
 Metaspace       used 8543K, committed 8832K, reserved 1114112K
  class space    used 1154K, committed 1280K, reserved 1048576K
}
Event: 1.924 GC heap after
{Heap after GC invocations=2 (full 0):
 garbage-first heap   total 258048K, used 12007K [0x0000000705400000, 0x0000000800000000)
  region size 2048K, 3 young (6144K), 3 survivors (6144K)
 Metaspace       used 8543K, committed 8832K, reserved 1114112K
  class space    used 1154K, committed 1280K, reserved 1048576K
}

Dll operation events (12 events):
Event: 0.008 Loaded shared library E:\JAVA\bin\java.dll
Event: 0.023 Loaded shared library E:\JAVA\bin\jsvml.dll
Event: 0.050 Loaded shared library E:\JAVA\bin\net.dll
Event: 0.052 Loaded shared library E:\JAVA\bin\nio.dll
Event: 0.055 Loaded shared library E:\JAVA\bin\zip.dll
Event: 0.059 Loaded shared library E:\JAVA\bin\verify.dll
Event: 0.092 Loaded shared library E:\JAVA\bin\jimage.dll
Event: 1.093 Loaded shared library E:\gradle\native\c067742578af261105cb4f569cf0c3c89f3d7b1fecec35dd04571415982c5e48\windows-amd64\native-platform.dll
Event: 1.319 Loaded shared library E:\JAVA\bin\management.dll
Event: 1.321 Loaded shared library E:\JAVA\bin\management_ext.dll
Event: 1.784 Loaded shared library E:\JAVA\bin\extnet.dll
Event: 4.357 Loaded shared library E:\JAVA\bin\sunmscapi.dll

Deoptimization events (20 events):
Event: 118.167 Thread 0x000002375fedb500 Uncommon trap: trap_request=0xffffff45 fr.pc=0x000002376f5d452c relative=0x000000000000008c
Event: 118.167 Thread 0x000002375fedb500 Uncommon trap: reason=unstable_if action=reinterpret pc=0x000002376f5d452c method=java.lang.reflect.AccessibleObject.checkCanSetAccessible(Ljava/lang/Class;Ljava/lang/Class;Z)Z @ 30 c2
Event: 118.167 Thread 0x000002375fedb500 DEOPT PACKING pc=0x000002376f5d452c sp=0x000000c1240fc480
Event: 118.167 Thread 0x000002375fedb500 DEOPT UNPACKING pc=0x000002376efc69a3 sp=0x000000c1240fc3e0 mode 2
Event: 118.169 Thread 0x000002375fedb500 Uncommon trap: trap_request=0xffffff45 fr.pc=0x000002376f5aaf90 relative=0x00000000000001f0
Event: 118.169 Thread 0x000002375fedb500 Uncommon trap: reason=unstable_if action=reinterpret pc=0x000002376f5aaf90 method=java.net.URI$Parser.scan(IILjava/lang/String;)I @ 26 c2
Event: 118.169 Thread 0x000002375fedb500 DEOPT PACKING pc=0x000002376f5aaf90 sp=0x000000c1240fcfd0
Event: 118.169 Thread 0x000002375fedb500 DEOPT UNPACKING pc=0x000002376efc69a3 sp=0x000000c1240fcf60 mode 2
Event: 118.170 Thread 0x000002375fedb500 Uncommon trap: trap_request=0xffffff45 fr.pc=0x000002376f5e8c8c relative=0x000000000000016c
Event: 118.170 Thread 0x000002375fedb500 Uncommon trap: reason=unstable_if action=reinterpret pc=0x000002376f5e8c8c method=java.util.concurrent.locks.ReentrantLock$NonfairSync.initialTryLock()Z @ 10 c2
Event: 118.170 Thread 0x000002375fedb500 DEOPT PACKING pc=0x000002376f5e8c8c sp=0x000000c1240fd200
Event: 118.170 Thread 0x000002375fedb500 DEOPT UNPACKING pc=0x000002376efc69a3 sp=0x000000c1240fd1a8 mode 2
Event: 118.170 Thread 0x000002375fedb500 Uncommon trap: trap_request=0xffffff45 fr.pc=0x000002376f5e6e74 relative=0x00000000000000d4
Event: 118.170 Thread 0x000002375fedb500 Uncommon trap: reason=unstable_if action=reinterpret pc=0x000002376f5e6e74 method=java.util.concurrent.locks.ReentrantLock$Sync.tryRelease(I)Z @ 26 c2
Event: 118.170 Thread 0x000002375fedb500 DEOPT PACKING pc=0x000002376f5e6e74 sp=0x000000c1240fd200
Event: 118.170 Thread 0x000002375fedb500 DEOPT UNPACKING pc=0x000002376efc69a3 sp=0x000000c1240fd1a0 mode 2
Event: 118.174 Thread 0x000002375fedb500 Uncommon trap: trap_request=0xffffff45 fr.pc=0x000002376f5d2c5c relative=0x0000000000000a5c
Event: 118.174 Thread 0x000002375fedb500 Uncommon trap: reason=unstable_if action=reinterpret pc=0x000002376f5d2c5c method=org.gradle.internal.logging.console.BuildLogLevelFilterRenderer.onOutput(Lorg/gradle/internal/logging/events/OutputEvent;)V @ 18 c2
Event: 118.174 Thread 0x000002375fedb500 DEOPT PACKING pc=0x000002376f5d2c5c sp=0x000000c1240fd920
Event: 118.174 Thread 0x000002375fedb500 DEOPT UNPACKING pc=0x000002376efc69a3 sp=0x000000c1240fd7a0 mode 2

Classes loaded (20 events):
Event: 118.152 Loading class sun/nio/fs/WindowsChannelFactory
Event: 118.152 Loading class sun/nio/fs/WindowsChannelFactory done
Event: 118.152 Loading class sun/nio/fs/WindowsChannelFactory$1
Event: 118.153 Loading class sun/nio/fs/WindowsChannelFactory$1 done
Event: 118.153 Loading class sun/nio/fs/WindowsChannelFactory$Flags
Event: 118.153 Loading class sun/nio/fs/WindowsChannelFactory$Flags done
Event: 118.153 Loading class sun/nio/fs/WindowsChannelFactory$2
Event: 118.153 Loading class sun/nio/fs/WindowsChannelFactory$2 done
Event: 118.153 Loading class sun/nio/ch/FileChannelImpl$Closer
Event: 118.154 Loading class sun/nio/ch/FileChannelImpl$Closer done
Event: 118.155 Loading class java/util/stream/Streams$1
Event: 118.156 Loading class java/util/stream/Streams$1 done
Event: 118.163 Loading class java/nio/file/FileChannelLinesSpliterator$1
Event: 118.163 Loading class java/nio/file/FileChannelLinesSpliterator$1 done
Event: 118.163 Loading class java/nio/channels/Channels
Event: 118.163 Loading class java/nio/channels/Channels done
Event: 118.172 Loading class java/util/concurrent/ConcurrentLinkedQueue$Itr
Event: 118.173 Loading class java/util/concurrent/ConcurrentLinkedQueue$Itr done
Event: 118.247 Loading class java/lang/invoke/MethodHandle$1
Event: 118.247 Loading class java/lang/invoke/MethodHandle$1 done

Classes unloaded (0 events):
No events

Classes redefined (0 events):
No events

Internal exceptions (20 events):
Event: 1.041 Thread 0x000002375fedb500 Exception <a 'java/lang/NoSuchMethodError'{0x0000000714212b48}: 'java.lang.Object java.lang.invoke.DirectMethodHandle$Holder.invokeVirtual(java.lang.Object, java.lang.Object, java.lang.Object)'> (0x0000000714212b48) 
thrown [s\src\hotspot\share\interpreter\linkResolver.cpp, line 759]
Event: 1.190 Thread 0x000002375fedb500 Exception <a 'java/lang/NoSuchMethodError'{0x000000071414ad50}: 'java.lang.Object java.lang.invoke.DirectMethodHandle$Holder.newInvokeSpecial(java.lang.Object, java.lang.Object, java.lang.Object, java.lang.Object, java.lang.Object)'> (0x000000071414ad50) 
thrown [s\src\hotspot\share\interpreter\linkResolver.cpp, line 759]
Event: 1.273 Thread 0x000002375fedb500 Exception <a 'java/lang/NoSuchMethodError'{0x0000000713c1caa0}: 'void java.lang.invoke.DirectMethodHandle$Holder.invokeSpecial(java.lang.Object, java.lang.Object, java.lang.Object)'> (0x0000000713c1caa0) 
thrown [s\src\hotspot\share\interpreter\linkResolver.cpp, line 759]
Event: 1.285 Thread 0x000002375fedb500 Implicit null exception at 0x000002376f572690 to 0x000002376f572c24
Event: 1.285 Thread 0x000002375fedb500 Implicit null exception at 0x000002376f55c110 to 0x000002376f55c6b8
Event: 1.318 Thread 0x000002375fedb500 Exception <a 'java/lang/NoSuchMethodError'{0x0000000713da4100}: 'java.lang.Object java.lang.invoke.DirectMethodHandle$Holder.invokeStaticInit(java.lang.Object)'> (0x0000000713da4100) 
thrown [s\src\hotspot\share\interpreter\linkResolver.cpp, line 759]
Event: 1.347 Thread 0x000002375fedb500 Exception <a 'java/lang/NoSuchMethodError'{0x0000000713a3ca68}: 'int java.lang.invoke.DirectMethodHandle$Holder.invokeVirtual(java.lang.Object, java.lang.Object, java.lang.Object)'> (0x0000000713a3ca68) 
thrown [s\src\hotspot\share\interpreter\linkResolver.cpp, line 759]
Event: 1.420 Thread 0x000002375fedb500 Exception <a 'java/lang/NoSuchMethodError'{0x000000071348f358}: 'java.lang.Object java.lang.invoke.DirectMethodHandle$Holder.invokeSpecialIFC(java.lang.Object, java.lang.Object, java.lang.Object, java.lang.Object)'> (0x000000071348f358) 
thrown [s\src\hotspot\share\interpreter\linkResolver.cpp, line 759]
Event: 1.504 Thread 0x000002375fedb500 Exception <a 'java/lang/NoSuchMethodError'{0x00000007133574f8}: 'java.lang.Object java.lang.invoke.DirectMethodHandle$Holder.invokeStaticInit(java.lang.Object, int, int, int, int)'> (0x00000007133574f8) 
thrown [s\src\hotspot\share\interpreter\linkResolver.cpp, line 759]
Event: 1.602 Thread 0x000002375fedb500 Exception <a 'java/lang/NoSuchMethodError'{0x00000007133f0168}: 'java.lang.Object java.lang.invoke.DirectMethodHandle$Holder.invokeStaticInit(java.lang.Object, java.lang.Object, int, int, int, int)'> (0x00000007133f0168) 
thrown [s\src\hotspot\share\interpreter\linkResolver.cpp, line 759]
Event: 1.788 Thread 0x000002375fedb500 Exception <a 'java/lang/NoSuchMethodError'{0x00000007130235d0}: 'void java.lang.invoke.DirectMethodHandle$Holder.invokeStatic(java.lang.Object, java.lang.Object, java.lang.Object)'> (0x00000007130235d0) 
thrown [s\src\hotspot\share\interpreter\linkResolver.cpp, line 759]
Event: 1.945 Thread 0x000002374a1ed030 Exception <a 'java/lang/NoSuchMethodError'{0x0000000714eb03e0}: 'void java.lang.invoke.DirectMethodHandle$Holder.invokeStatic(java.lang.Object, long)'> (0x0000000714eb03e0) 
thrown [s\src\hotspot\share\interpreter\linkResolver.cpp, line 759]
Event: 1.946 Thread 0x000002374a1ed030 Exception <a 'java/lang/NoSuchMethodError'{0x0000000714eb5d38}: 'java.lang.Object java.lang.invoke.DirectMethodHandle$Holder.newInvokeSpecial(java.lang.Object, long)'> (0x0000000714eb5d38) 
thrown [s\src\hotspot\share\interpreter\linkResolver.cpp, line 759]
Event: 1.949 Thread 0x000002374a1ed030 Exception <a 'java/lang/NoSuchMethodError'{0x0000000714ec0e00}: 'java.lang.Object java.lang.invoke.DirectMethodHandle$Holder.invokeStaticInit(java.lang.Object, java.lang.Object, long, java.lang.Object)'> (0x0000000714ec0e00) 
thrown [s\src\hotspot\share\interpreter\linkResolver.cpp, line 759]
Event: 1.949 Thread 0x000002374a1ed030 Exception <a 'java/lang/NoSuchMethodError'{0x0000000714ec7488}: 'java.lang.Object java.lang.invoke.DirectMethodHandle$Holder.newInvokeSpecial(java.lang.Object, java.lang.Object, long)'> (0x0000000714ec7488) 
thrown [s\src\hotspot\share\interpreter\linkResolver.cpp, line 759]
Event: 1.951 Thread 0x000002374a1ed030 Exception <a 'java/lang/NoSuchMethodError'{0x0000000714ecb778}: 'java.lang.Object java.lang.invoke.Invokers$Holder.linkToTargetMethod(java.lang.Object, long, java.lang.Object)'> (0x0000000714ecb778) 
thrown [s\src\hotspot\share\interpreter\linkResolver.cpp, line 759]
Event: 118.143 Thread 0x000002375fedb500 Exception <a 'sun/net/ConnectionResetException'{0x0000000714266df0}: Connection reset> (0x0000000714266df0) 
thrown [s\src\hotspot\share\prims\jni.cpp, line 535]
Event: 118.167 Thread 0x000002375fedb500 Exception <a 'java/lang/NoSuchMethodError'{0x00000007142c4578}: 'int java.lang.invoke.DirectMethodHandle$Holder.invokeVirtual(java.lang.Object, java.lang.Object)'> (0x00000007142c4578) 
thrown [s\src\hotspot\share\interpreter\linkResolver.cpp, line 759]
Event: 118.170 Thread 0x000002375fedb500 Exception <a 'java/io/IOException'{0x00000007142d00d0}: Connection reset by peer> (0x00000007142d00d0) 
thrown [s\src\hotspot\share\prims\jni.cpp, line 535]
Event: 118.245 Thread 0x000002375fedb500 Exception <a 'java/lang/NoSuchMethodError'{0x00000007143137a0}: 'void java.lang.invoke.DirectMethodHandle$Holder.invokeStatic(java.lang.Object, int, java.lang.Object)'> (0x00000007143137a0) 
thrown [s\src\hotspot\share\interpreter\linkResolver.cpp, line 759]

VM Operations (20 events):
Event: 43.784 Executing VM operation: Cleanup
Event: 43.784 Executing VM operation: Cleanup done
Event: 44.793 Executing VM operation: Cleanup
Event: 44.793 Executing VM operation: Cleanup done
Event: 45.800 Executing VM operation: Cleanup
Event: 45.801 Executing VM operation: Cleanup done
Event: 46.803 Executing VM operation: Cleanup
Event: 46.803 Executing VM operation: Cleanup done
Event: 47.815 Executing VM operation: Cleanup
Event: 47.815 Executing VM operation: Cleanup done
Event: 60.042 Executing VM operation: HandshakeAllThreads
Event: 60.042 Executing VM operation: HandshakeAllThreads done
Event: 73.176 Executing VM operation: Cleanup
Event: 73.176 Executing VM operation: Cleanup done
Event: 74.189 Executing VM operation: Cleanup
Event: 74.189 Executing VM operation: Cleanup done
Event: 118.235 Executing VM operation: HandshakeAllThreads
Event: 118.235 Executing VM operation: HandshakeAllThreads done
Event: 118.235 Executing VM operation: Cleanup
Event: 118.235 Executing VM operation: Cleanup done

Memory protections (0 events):
No events

Nmethod flushes (0 events):
No events

Events (20 events):
Event: 0.033 Thread 0x000002375fedb500 Thread added: 0x000002374902c890
Event: 0.046 Thread 0x000002375fedb500 Thread added: 0x00000237491728d0
Event: 0.048 Thread 0x000002375fedb500 Thread added: 0x0000023749175060
Event: 0.312 Thread 0x0000023749020680 Thread added: 0x0000023749309fb0
Event: 0.431 Thread 0x0000023749309fb0 Thread added: 0x000002374939ec10
Event: 1.107 Thread 0x000002374939ec10 Thread exited: 0x000002374939ec10
Event: 1.132 Thread 0x000002375fedb500 Thread added: 0x000002374939eb40
Event: 1.134 Thread 0x0000023749309fb0 Thread exited: 0x0000023749309fb0
Event: 1.597 Thread 0x0000023749020680 Thread added: 0x0000023749d4efa0
Event: 1.781 Thread 0x0000023749d4efa0 Thread exited: 0x0000023749d4efa0
Event: 1.850 Thread 0x0000023749020680 Thread added: 0x0000023749d504e0
Event: 1.936 Thread 0x000002375fedb500 Thread added: 0x000002374a1ed030
Event: 1.955 Thread 0x000002374a1ed030 Thread added: 0x000002374a462cf0
Event: 1.958 Thread 0x000002374a1ed030 Thread added: 0x000002374a45cb40
Event: 1.958 Thread 0x000002374a462cf0 Thread exited: 0x000002374a462cf0
Event: 2.232 Thread 0x0000023749d504e0 Thread exited: 0x0000023749d504e0
Event: 4.314 Thread 0x000002374a1ed030 Thread exited: 0x000002374a1ed030
Event: 4.314 Thread 0x000002374a45cb40 Thread exited: 0x000002374a45cb40
Event: 118.253 Thread 0x0000023749020680 Thread added: 0x0000023749d4ff90
Event: 118.253 Thread 0x0000023749020680 Thread added: 0x0000023749d504e0


Dynamic libraries:
0x00007ff6fdb40000 - 0x00007ff6fdb4e000 	E:\JAVA\bin\java.exe
0x00007fff010a0000 - 0x00007fff01307000 	C:\WINDOWS\SYSTEM32\ntdll.dll
0x00007fff00360000 - 0x00007fff00429000 	C:\WINDOWS\System32\KERNEL32.DLL
0x00007ffefe3f0000 - 0x00007ffefe7e7000 	C:\WINDOWS\System32\KERNELBASE.dll
0x00007ffefec10000 - 0x00007ffefed5b000 	C:\WINDOWS\System32\ucrtbase.dll
0x00007ffeea500000 - 0x00007ffeea518000 	E:\JAVA\bin\jli.dll
0x00007ffee52f0000 - 0x00007ffee530e000 	E:\JAVA\bin\VCRUNTIME140.dll
0x00007ffeff8c0000 - 0x00007ffeffa86000 	C:\WINDOWS\System32\USER32.dll
0x00007ffefe920000 - 0x00007ffefe947000 	C:\WINDOWS\System32\win32u.dll
0x00007ffeea590000 - 0x00007ffeea822000 	C:\WINDOWS\WinSxS\amd64_microsoft.windows.common-controls_6595b64144ccf1df_6.0.26100.8328_none_3e08182ce334b678\COMCTL32.dll
0x00007fff00780000 - 0x00007fff007ab000 	C:\WINDOWS\System32\GDI32.dll
0x00007ffefffa0000 - 0x00007fff00049000 	C:\WINDOWS\System32\msvcrt.dll
0x00007ffefe7f0000 - 0x00007ffefe91c000 	C:\WINDOWS\System32\gdi32full.dll
0x00007ffefdad0000 - 0x00007ffefdb73000 	C:\WINDOWS\System32\msvcp_win.dll
0x00007fff00160000 - 0x00007fff00192000 	C:\WINDOWS\System32\IMM32.DLL
0x00007ffeedbb0000 - 0x00007ffeedbbc000 	E:\JAVA\bin\vcruntime140_1.dll
0x00007ffed3460000 - 0x00007ffed34ed000 	E:\JAVA\bin\msvcp140.dll
0x00007ffe77b60000 - 0x00007ffe787cb000 	E:\JAVA\bin\server\jvm.dll
0x00007fff002a0000 - 0x00007fff00356000 	C:\WINDOWS\System32\ADVAPI32.dll
0x00007fff00430000 - 0x00007fff004d7000 	C:\WINDOWS\System32\sechost.dll
0x00007fff007b0000 - 0x00007fff008c8000 	C:\WINDOWS\System32\RPCRT4.dll
0x00007fff006f0000 - 0x00007fff00770000 	C:\WINDOWS\System32\WS2_32.dll
0x00007ffefd930000 - 0x00007ffefd98e000 	C:\WINDOWS\SYSTEM32\POWRPROF.dll
0x00007ffeea830000 - 0x00007ffeea866000 	C:\WINDOWS\SYSTEM32\WINMM.dll
0x00007ffeed3a0000 - 0x00007ffeed3ab000 	C:\WINDOWS\SYSTEM32\VERSION.dll
0x00007ffefd910000 - 0x00007ffefd924000 	C:\WINDOWS\SYSTEM32\UMPDC.dll
0x00007ffefc820000 - 0x00007ffefc83b000 	C:\WINDOWS\SYSTEM32\kernel.appcore.dll
0x00007ffeeb410000 - 0x00007ffeeb41a000 	E:\JAVA\bin\jimage.dll
0x00007ffefb950000 - 0x00007ffefbb92000 	C:\WINDOWS\SYSTEM32\DBGHELP.DLL
0x00007ffeffa90000 - 0x00007ffeffe13000 	C:\WINDOWS\System32\combase.dll
0x00007fff00060000 - 0x00007fff00139000 	C:\WINDOWS\System32\OLEAUT32.dll
0x00007ffeeb880000 - 0x00007ffeeb8bb000 	C:\WINDOWS\SYSTEM32\dbgcore.DLL
0x00007ffefe950000 - 0x00007ffefe9f8000 	C:\WINDOWS\System32\bcryptPrimitives.dll
0x00007ffed7a40000 - 0x00007ffed7a65000 	E:\JAVA\bin\java.dll
0x00007ffe9ea10000 - 0x00007ffe9eae7000 	E:\JAVA\bin\jsvml.dll
0x00007ffefef20000 - 0x00007ffeff68e000 	C:\WINDOWS\System32\SHELL32.dll
0x00007ffefdb80000 - 0x00007ffefe3ec000 	C:\WINDOWS\System32\windows.storage.dll
0x00007ffeffe20000 - 0x00007ffefff16000 	C:\WINDOWS\System32\SHCORE.dll
0x00007fff00230000 - 0x00007fff00296000 	C:\WINDOWS\System32\shlwapi.dll
0x00007ffefd9f0000 - 0x00007ffefda19000 	C:\WINDOWS\SYSTEM32\profapi.dll
0x00007ffed8e40000 - 0x00007ffed8e5a000 	E:\JAVA\bin\net.dll
0x00007ffeef7c0000 - 0x00007ffeef8e9000 	C:\WINDOWS\SYSTEM32\WINHTTP.dll
0x00007ffefcd70000 - 0x00007ffefcddc000 	C:\WINDOWS\system32\mswsock.dll
0x00007ffed8d40000 - 0x00007ffed8d56000 	E:\JAVA\bin\nio.dll
0x00007ffed8bb0000 - 0x00007ffed8bc8000 	E:\JAVA\bin\zip.dll
0x00007ffee14f0000 - 0x00007ffee1500000 	E:\JAVA\bin\verify.dll
0x00007ffef5840000 - 0x00007ffef5867000 	E:\gradle\native\c067742578af261105cb4f569cf0c3c89f3d7b1fecec35dd04571415982c5e48\windows-amd64\native-platform.dll
0x00007ffef5830000 - 0x00007ffef583a000 	E:\JAVA\bin\management.dll
0x00007ffef5820000 - 0x00007ffef582c000 	E:\JAVA\bin\management_ext.dll
0x00007fff001f0000 - 0x00007fff001f8000 	C:\WINDOWS\System32\PSAPI.DLL
0x00007ffefd170000 - 0x00007ffefd18b000 	C:\WINDOWS\SYSTEM32\CRYPTSP.dll
0x00007ffefc780000 - 0x00007ffefc7b9000 	C:\WINDOWS\system32\rsaenh.dll
0x00007ffefce20000 - 0x00007ffefce53000 	C:\WINDOWS\SYSTEM32\USERENV.dll
0x00007ffefd9c0000 - 0x00007ffefd9ea000 	C:\WINDOWS\SYSTEM32\bcrypt.dll
0x00007ffefcfd0000 - 0x00007ffefcfdc000 	C:\WINDOWS\SYSTEM32\CRYPTBASE.dll
0x00007ffefc200000 - 0x00007ffefc232000 	C:\WINDOWS\SYSTEM32\IPHLPAPI.DLL
0x00007fff006e0000 - 0x00007fff006ea000 	C:\WINDOWS\System32\NSI.dll
0x00007ffef4b20000 - 0x00007ffef4b3d000 	C:\WINDOWS\SYSTEM32\dhcpcsvc6.DLL
0x00007ffef4af0000 - 0x00007ffef4b15000 	C:\WINDOWS\SYSTEM32\dhcpcsvc.DLL
0x00007ffefc2f0000 - 0x00007ffefc422000 	C:\WINDOWS\SYSTEM32\DNSAPI.dll
0x00007ffee4e40000 - 0x00007ffee4e49000 	E:\JAVA\bin\extnet.dll
0x00007ffee7470000 - 0x00007ffee747e000 	E:\JAVA\bin\sunmscapi.dll
0x00007ffefea90000 - 0x00007ffefec08000 	C:\WINDOWS\System32\CRYPT32.dll
0x00007ffefd2d0000 - 0x00007ffefd300000 	C:\WINDOWS\SYSTEM32\ncrypt.dll
0x00007ffefd280000 - 0x00007ffefd2bf000 	C:\WINDOWS\SYSTEM32\NTASN1.dll
0x00007ffef8bd0000 - 0x00007ffef8bd8000 	C:\WINDOWS\system32\wshunix.dll

dbghelp: loaded successfully - version: 4.0.5 - missing functions: none
symbol engine: initialized successfully - sym options: 0x614 - pdb path: .;E:\JAVA\bin;C:\WINDOWS\SYSTEM32;C:\WINDOWS\WinSxS\amd64_microsoft.windows.common-controls_6595b64144ccf1df_6.0.26100.8328_none_3e08182ce334b678;E:\JAVA\bin\server;E:\gradle\native\c067742578af261105cb4f569cf0c3c89f3d7b1fecec35dd04571415982c5e48\windows-amd64

VM Arguments:
jvm_args: -Dorg.gradle.appname=gradlew 
java_command: org.gradle.wrapper.GradleWrapperMain -q -Ptarget-platform=android-arm64 -Ptarget=E:\voice_test\lib\main.dart -Pbase-application-name=android.app.Application -Pdart-defines=RkxVVFRFUl9WRVJTSU9OPTMuNDEuOQ==,RkxVVFRFUl9DSEFOTkVMPXN0YWJsZQ==,RkxVVFRFUl9HSVRfVVJMPWh0dHBzOi8vZ2l0aHViLmNvbS9mbHV0dGVyL2ZsdXR0ZXIuZ2l0,RkxVVFRFUl9GUkFNRVdPUktfUkVWSVNJT049MDBiMGM5MWYwNg==,RkxVVFRFUl9FTkdJTkVfUkVWSVNJT049NDJkM2Q3NWE1Ng==,RkxVVFRFUl9EQVJUX1ZFUlNJT049My4xMS41 -Pdart-obfuscation=false -Ptrack-widget-creation=true -Ptree-shake-icons=false -Pfilesystem-scheme=org-dartlang-root assembleDebug
java_class_path (initial): E:\voice_test\android\\gradle\wrapper\gradle-wrapper.jar
Launcher Type: SUN_STANDARD

[Global flags]
     intx CICompilerCount                          = 4                                         {product} {ergonomic}
     uint ConcGCThreads                            = 2                                         {product} {ergonomic}
     uint G1ConcRefinementThreads                  = 8                                         {product} {ergonomic}
   size_t G1HeapRegionSize                         = 2097152                                   {product} {ergonomic}
    uintx GCDrainStackTargetSize                   = 64                                        {product} {ergonomic}
   size_t InitialHeapSize                          = 264241152                                 {product} {ergonomic}
   size_t MarkStackSize                            = 4194304                                   {product} {ergonomic}
   size_t MaxHeapSize                              = 4206886912                                {product} {ergonomic}
   size_t MaxNewSize                               = 2522873856                                {product} {ergonomic}
   size_t MinHeapDeltaBytes                        = 2097152                                   {product} {ergonomic}
   size_t MinHeapSize                              = 8388608                                   {product} {ergonomic}
    uintx NonNMethodCodeHeapSize                   = 5839372                                {pd product} {ergonomic}
    uintx NonProfiledCodeHeapSize                  = 122909434                              {pd product} {ergonomic}
    uintx ProfiledCodeHeapSize                     = 122909434                              {pd product} {ergonomic}
    uintx ReservedCodeCacheSize                    = 251658240                              {pd product} {ergonomic}
     bool SegmentedCodeCache                       = true                                      {product} {ergonomic}
   size_t SoftMaxHeapSize                          = 4206886912                             {manageable} {ergonomic}
     bool UseCompressedClassPointers               = true                           {product lp64_product} {ergonomic}
     bool UseCompressedOops                        = true                           {product lp64_product} {ergonomic}
     bool UseG1GC                                  = true                                      {product} {ergonomic}
     bool UseLargePagesIndividualAllocation        = false                                  {pd product} {ergonomic}

Logging:
Log output configuration:
 #0: stdout all=warning uptime,level,tags
 #1: stderr all=off uptime,level,tags

Environment Variables:
JAVA_HOME=E:\JAVA
CLASSPATH=E:\voice_test\android\\gradle\wrapper\gradle-wrapper.jar
PATH=E:\JAVA\bin;C:\Program Files\Common Files\Oracle\Java\javapath;C:\WINDOWS\system32;C:\WINDOWS;C:\WINDOWS\System32\Wbem;C:\WINDOWS\System32\WindowsPowerShell\v1.0\;C:\WINDOWS\System32\OpenSSH\;C:\Program Files\Git\cmd;C:\Program Files\Microsoft SQL Server\170\Tools\Binn\;C:\Program Files\Microsoft SQL Server\Client SDK\ODBC\170\Tools\Binn\;C:\Program Files\Microsoft SQL Server\170\DTS\Binn\;C:\Program Files\dotnet\;D:\Basira\;C:\ProgramData\chocolatey\bin;E:\JAVA\bin;E:\DOWNLOAD\New folder (2)\bin;C:\Program Files\Common Files\Oracle\Java\javapath;C:\WINDOWS\system32;C:\WINDOWS;C:\WINDOWS\System32\Wbem;C:\WINDOWS\System32\WindowsPowerShell\v1.0\;C:\WINDOWS\System32\OpenSSH\;C:\Program Files\Git\cmd;C:\Program Files\Microsoft SQL Server\170\Tools\Binn\;C:\Program Files\Microsoft SQL Server\Client SDK\ODBC\170\Tools\Binn\;C:\Program Files\Microsoft SQL Server\170\DTS\Binn\;C:\Program Files\dotnet\;D:\Basira\;C:\ProgramData\chocolatey\bin;C:\WINDOWS\system32;C:\WINDOWS;C:\WINDOWS\System32\Wbem;C:\WINDOWS\System32\WindowsPowerShell\v1.0\;C:\WINDOWS\System32\OpenSSH\;C:\Program Files\Git\cmd;C:\Program Files\Microsoft SQL Server\170\Tools\Binn\;C:\Program Files\Microsoft SQL Server\Client SDK\ODBC\170\Tools\Binn\;C:\Program Files\Microsoft SQL Server\170\DTS\Binn\;C:\Program Files\dotnet\;D:\Basira\;C:\ProgramData\chocolatey\bin;C:\Users\DELL\AppData\Local\Programs\Python\Python310\Scripts\;C:\Users\DELL\AppData\Local\Programs\Python\Python310\;C:\Users\DELL\AppData\Local\Prog;D:\download\Microsoft VS Code\bin;D:\flutter\bin;D:\download\Antigravity\bin;D:\flutter\bin\mingit\cmd
USERNAME=DELL
LANG=en_US.UTF-8
OS=Windows_NT
PROCESSOR_IDENTIFIER=Intel64 Family 6 Model 142 Stepping 12, GenuineIntel
TMP=C:\Users\DELL\AppData\Local\Temp
TEMP=C:\Users\DELL\AppData\Local\Temp



Periodic native trim disabled


---------------  S Y S T E M  ---------------

OS:
 Windows 11 , 64 bit Build 26100 (10.0.26100.8328)
OS uptime: 0 days 4:14 hours
Hyper-V role detected

CPU: total 8 (initial active 8) (4 cores per cpu, 2 threads per core) family 6 model 142 stepping 12 microcode 0xf8, cx8, cmov, fxsr, ht, mmx, 3dnowpref, sse, sse2, sse3, ssse3, sse4.1, sse4.2, popcnt, lzcnt, tsc, tscinvbit, avx, avx2, aes, erms, clmul, bmi1, bmi2, adx, fma, vzeroupper, clflush, clflushopt, hv
Processor Information for all 8 processors :
  Max Mhz: 2304, Current Mhz: 1803, Mhz Limit: 1797

Memory: 4k page, system-wide physical 16043M (2211M free)
TotalPageFile size 24972M (AvailPageFile size 513M)
current process WorkingSet (physical memory assigned to process): 115M, peak: 121M
current process commit charge ("private bytes"): 366M, peak: 372M

vm_info: OpenJDK 64-Bit Server VM (17.0.18+8) for windows-amd64 JRE (17.0.18+8), built on Jan 20 2026 22:28:22 by "admin" with MS VC++ 17.12 (VS2022)

END.
