#
# A fatal error has been detected by the Java Runtime Environment:
#
#  EXCEPTION_ACCESS_VIOLATION (0xc0000005) at pc=0x00007ff863e01b91, pid=22624, tid=19892
#
# JRE version:  (17.0.18+8) (build )
# Java VM: OpenJDK 64-Bit Server VM (17.0.18+8, mixed mode, sharing, tiered, unknown gc, windows-amd64)
# Problematic frame:
# C  [jimage.dll+0x1b91]
#
# No core dump will be written. Minidumps are not enabled by default on client versions of Windows
#
#

---------------  S U M M A R Y ------------

Command Line: 

Host: Intel(R) Core(TM) i7-10610U CPU @ 1.80GHz, 8 cores, 15G,  Windows 11 , 64 bit Build 26100 (10.0.26100.8328)
Time: Mon May  4 23:39:06 2026 Egypt Daylight Time elapsed time: 0.072269 seconds (0d 0h 0m 0s)

---------------  T H R E A D  ---------------

Current thread is native thread

Stack: [0x000000ea32e00000,0x000000ea32f00000],  sp=0x000000ea32efe020,  free space=1016k
Native frames: (J=compiled Java code, j=interpreted, Vv=VM code, C=native code)
C  [jimage.dll+0x1b91]


siginfo: EXCEPTION_ACCESS_VIOLATION (0xc0000005), reading address 0x000000000001c288


Registers:
RAX=0x00000000000007e1, RBX=0x000000ea32efe111, RCX=0x00007ff863e06000, RDX=0x000000000000709b
RSP=0x000000ea32efe020, RBP=0x000000ea32efe110, RSI=0x0000000000007381, RDI=0x000000ea32efe110
R8 =0x00007ff863e04298, R9 =0x000000000000001c, R10=0x00007ff8742a0000, R11=0x00007ff863e06000
R12=0x0000000000000001, R13=0x000002d5cc7a4900, R14=0x000000ea32eff180, R15=0x00007fffbc51cd68
RIP=0x00007ff863e01b91, EFLAGS=0x0000000000010247

XMM[0]=0x0000000000000000 0x0000000000000000
XMM[1]=0x2f6d762f6c616e72 0x65746e692f6b646a
XMM[2]=0x736e6f6974706f2f 0x6d762f6c616e7265
XMM[3]=0x0000000000000000 0x0000000000000000
XMM[4]=0x0000000000000000 0x0000000000000000
XMM[5]=0x0000000000000000 0x0000000000000000
XMM[6]=0x0000000000000000 0x0000000000000000
XMM[7]=0x0000000000000000 0x0000000000000000
XMM[8]=0x0000000000000000 0x0000000000000000
XMM[9]=0x0000000000000000 0x0000000000000000
XMM[10]=0x0000000000000000 0x0000000000000000
XMM[11]=0x0000000000000000 0x0000000000000000
XMM[12]=0x0000000000000000 0x0000000000000000
XMM[13]=0x0000000000000000 0x0000000000000000
XMM[14]=0x0000000000000000 0x0000000000000000
XMM[15]=0x0000000000000000 0x0000000000000000
  MXCSR=0x00001f80


Top of Stack: (sp=0x000000ea32efe020)
0x000000ea32efe020:   0000000000000000 000000ea32efe4e8
0x000000ea32efe030:   0000000000000000 0000000000000000
0x000000ea32efe040:   000002d5cc7ce300 00007ff863e01d1b
0x000000ea32efe050:   000000000000000b 000002d5cc7ce300
0x000000ea32efe060:   0000000000000000 0000000000000000
0x000000ea32efe070:   0000000000000000 0000000000000000
0x000000ea32efe080:   0000000000000000 0000000000000000
0x000000ea32efe090:   0000001400000000 0000000000000000
0x000000ea32efe0a0:   0000000000000000 0000000000000000
0x000000ea32efe0b0:   0000750d5370b55a 0000000000000000
0x000000ea32efe0c0:   00007fffbc4fb830 0000000000000017
0x000000ea32efe0d0:   000002d5cc7ce300 000000ea32eff180
0x000000ea32efe0e0:   000000000000000b 00007ff863e025f1
0x000000ea32efe0f0:   0000000000000000 0000000000000000
0x000000ea32efe100:   000002d5cc7cdcd0 0000000000000000
0x000000ea32efe110:   61622e6176616a2f 692f6b646a2f6573
0x000000ea32efe120:   2f6c616e7265746e 6f6974706f2f6d76
0x000000ea32efe130:   000000000000736e 0000000000000000
0x000000ea32efe140:   0000000000000000 0000000000000000
0x000000ea32efe150:   000002d5cc7cd910 0000000000000000
0x000000ea32efe160:   0000000000000000 0000000000000000
0x000000ea32efe170:   0000000000000000 0000000000000000
0x000000ea32efe180:   0000000000000000 0000000000000000
0x000000ea32efe190:   0000000000000000 0000000000000000
0x000000ea32efe1a0:   0000000000000000 0000000000000000
0x000000ea32efe1b0:   0000000000000000 0000000000000000
0x000000ea32efe1c0:   0000000000000000 0000000000000000
0x000000ea32efe1d0:   0000000000000000 0000000000000000
0x000000ea32efe1e0:   000002d5ceb0da30 0000000000000018
0x000000ea32efe1f0:   0000000000008210 00000000000081fe
0x000000ea32efe200:   0000000000008210 00007ff87aa3deb4
0x000000ea32efe210:   000002d5cc790000 0000000000000000 

Instructions: (pc=0x00007ff863e01b91)
0x00007ff863e01a91:   48 85 c9 74 1d 80 3d 73 45 00 00 00 74 06 48 8b
0x00007ff863e01aa1:   53 18 eb 04 48 8b 53 40 e8 9e 0e 00 00 48 83 63
0x00007ff863e01ab1:   48 00 8b 4b 0c 83 f9 ff 74 09 e8 d4 0c 00 00 83
0x00007ff863e01ac1:   4b 0c ff 48 8b 4b 70 48 85 c9 74 0f ba 10 00 00
0x00007ff863e01ad1:   00 e8 ed 0e 00 00 48 83 63 70 00 48 83 c4 20 5b
0x00007ff863e01ae1:   c3 cc cc 40 53 48 83 ec 20 48 8b d9 48 8d 0d 8c
0x00007ff863e01af1:   47 00 00 e8 a3 0c 00 00 83 6b 08 01 75 24 48 8b
0x00007ff863e01b01:   d3 48 8d 0d 0f 45 00 00 e8 1a 08 00 00 48 8b cb
0x00007ff863e01b11:   e8 d6 fe ff ff ba 78 00 00 00 48 8b cb e8 a1 0e
0x00007ff863e01b21:   00 00 48 8d 0d 56 47 00 00 48 83 c4 20 5b e9 70
0x00007ff863e01b31:   0c 00 00 48 89 5c 24 08 48 89 74 24 10 57 48 83
0x00007ff863e01b41:   ec 20 41 8b f1 4d 8b c8 48 8b fa 4c 8b d9 4d 85
0x00007ff863e01b51:   c0 74 73 85 f6 74 6f 44 8a 12 48 8d 5a 01 48 8b
0x00007ff863e01b61:   d3 b8 93 01 00 01 eb 12 69 c0 93 01 00 01 41 0f
0x00007ff863e01b71:   b6 ca 44 8a 12 33 c1 48 ff c2 45 84 d2 75 e9 4d
0x00007ff863e01b81:   8b 03 33 d2 0f ba f0 1f 49 8b cb f7 f6 48 63 d2
0x00007ff863e01b91:   41 8b 14 91 41 ff 50 08 85 c0 7e 24 8a 0f eb 10
0x00007ff863e01ba1:   69 c0 93 01 00 01 0f b6 c9 33 c1 8a 0b 48 ff c3
0x00007ff863e01bb1:   84 c9 75 ec 0f ba f0 1f 33 d2 f7 f6 8b c2 eb 09
0x00007ff863e01bc1:   79 04 f7 d0 eb 03 83 c8 ff 48 8b 5c 24 30 48 8b
0x00007ff863e01bd1:   74 24 38 48 83 c4 20 5f c3 cc cc 48 89 5c 24 08
0x00007ff863e01be1:   48 89 74 24 10 57 48 83 ec 20 48 8b f1 48 8d 0d
0x00007ff863e01bf1:   8b 46 00 00 e8 a2 0b 00 00 33 ff 39 3d 16 44 00
0x00007ff863e01c01:   00 76 24 48 8b 05 15 44 00 00 48 8b d6 48 8b 1c
0x00007ff863e01c11:   f8 48 8b 0b e8 60 1f 00 00 85 c0 74 2b ff c7 3b
0x00007ff863e01c21:   3d f2 43 00 00 72 dc 33 db 48 8d 0d 4f 46 00 00
0x00007ff863e01c31:   e8 6e 0b 00 00 48 8b 74 24 38 48 8b c3 48 8b 5c
0x00007ff863e01c41:   24 30 48 83 c4 20 5f c3 ff 43 08 eb dc cc cc 48
0x00007ff863e01c51:   89 5c 24 08 48 89 74 24 10 57 48 83 ec 20 48 8b
0x00007ff863e01c61:   d9 48 8b f2 48 8b 49 10 49 8b f8 8b 53 30 48 8b
0x00007ff863e01c71:   01 ff 50 20 4c 8b 43 50 48 8b d6 48 8b 4b 10 44
0x00007ff863e01c81:   8b c8 e8 ac fe ff ff 83 f8 ff 74 38 48 8b 4b 10 



---------------  P R O C E S S  ---------------

VM state: not at safepoint (not fully initialized)

VM Mutex/Monitor currently owned by a thread: None

GC Precious Log:
<Not initialized>


Dynamic libraries:
0x00007ff754820000 - 0x00007ff75482e000 	E:\JAVA\bin\java.exe
0x00007ff87a9a0000 - 0x00007ff87ac07000 	C:\WINDOWS\SYSTEM32\ntdll.dll
0x00007ff879a30000 - 0x00007ff879af9000 	C:\WINDOWS\System32\KERNEL32.DLL
0x00007ff878110000 - 0x00007ff878507000 	C:\WINDOWS\System32\KERNELBASE.dll
0x00007ff877c40000 - 0x00007ff877d8b000 	C:\WINDOWS\System32\ucrtbase.dll
0x00007ff84d8e0000 - 0x00007ff84d8f8000 	E:\JAVA\bin\jli.dll
0x00007ff878db0000 - 0x00007ff878f76000 	C:\WINDOWS\System32\USER32.dll
0x00007ff878640000 - 0x00007ff878667000 	C:\WINDOWS\System32\win32u.dll
0x00007ff879d10000 - 0x00007ff879d3b000 	C:\WINDOWS\System32\GDI32.dll
0x00007ff878510000 - 0x00007ff87863c000 	C:\WINDOWS\System32\gdi32full.dll
0x00007ff878670000 - 0x00007ff878713000 	C:\WINDOWS\System32\msvcp_win.dll
0x00007ff8742a0000 - 0x00007ff8742be000 	E:\JAVA\bin\VCRUNTIME140.dll
0x00007ff860f50000 - 0x00007ff8611e2000 	C:\WINDOWS\WinSxS\amd64_microsoft.windows.common-controls_6595b64144ccf1df_6.0.26100.8328_none_3e08182ce334b678\COMCTL32.dll
0x00007ff8790e0000 - 0x00007ff879189000 	C:\WINDOWS\System32\msvcrt.dll
0x00007ff879970000 - 0x00007ff8799a2000 	C:\WINDOWS\System32\IMM32.DLL
0x00007ff865fb0000 - 0x00007ff865fbc000 	E:\JAVA\bin\vcruntime140_1.dll
0x00007ff84d750000 - 0x00007ff84d7dd000 	E:\JAVA\bin\msvcp140.dll
0x00007fffbbbe0000 - 0x00007fffbc84b000 	E:\JAVA\bin\server\jvm.dll
0x00007ff87a5f0000 - 0x00007ff87a6a6000 	C:\WINDOWS\System32\ADVAPI32.dll
0x00007ff879390000 - 0x00007ff879437000 	C:\WINDOWS\System32\sechost.dll
0x00007ff878720000 - 0x00007ff878838000 	C:\WINDOWS\System32\RPCRT4.dll
0x00007ff87a6d0000 - 0x00007ff87a750000 	C:\WINDOWS\System32\WS2_32.dll
0x00007ff877230000 - 0x00007ff87728e000 	C:\WINDOWS\SYSTEM32\POWRPROF.dll
0x00007ff8613d0000 - 0x00007ff861406000 	C:\WINDOWS\SYSTEM32\WINMM.dll
0x00007ff8689e0000 - 0x00007ff8689eb000 	C:\WINDOWS\SYSTEM32\VERSION.dll
0x00007ff877210000 - 0x00007ff877224000 	C:\WINDOWS\SYSTEM32\UMPDC.dll
0x00007ff876120000 - 0x00007ff87613b000 	C:\WINDOWS\SYSTEM32\kernel.appcore.dll
0x00007ff863e00000 - 0x00007ff863e0a000 	E:\JAVA\bin\jimage.dll
0x00007ff8753f0000 - 0x00007ff875632000 	C:\WINDOWS\SYSTEM32\DBGHELP.DLL
0x00007ff878840000 - 0x00007ff878bc3000 	C:\WINDOWS\System32\combase.dll
0x00007ff87a4c0000 - 0x00007ff87a599000 	C:\WINDOWS\System32\OLEAUT32.dll
0x00007ff8636f0000 - 0x00007ff86372b000 	C:\WINDOWS\SYSTEM32\dbgcore.DLL
0x00007ff877fa0000 - 0x00007ff878048000 	C:\WINDOWS\System32\bcryptPrimitives.dll

dbghelp: loaded successfully - version: 4.0.5 - missing functions: none
symbol engine: initialized successfully - sym options: 0x614 - pdb path: .;E:\JAVA\bin;C:\WINDOWS\SYSTEM32;C:\WINDOWS\WinSxS\amd64_microsoft.windows.common-controls_6595b64144ccf1df_6.0.26100.8328_none_3e08182ce334b678;E:\JAVA\bin\server

VM Arguments:
java_command: <unknown>
java_class_path (initial): <not set>
Launcher Type: SUN_STANDARD

[Global flags]
     bool UseLargePagesIndividualAllocation        = false                                  {pd product} {ergonomic}

Logging:
Log output configuration:
 #0: stdout all=warning uptime,level,tags
 #1: stderr all=off uptime,level,tags

Environment Variables:
JAVA_HOME=E:\JAVA
CLASSPATH=E:\voice_test\android\\gradle\wrapper\gradle-wrapper.jar
PATH=E:\JAVA\bin;C:\Program Files\Google\Chrome\Application;C:\Program Files\Common Files\Oracle\Java\javapath;C:\WINDOWS\system32;C:\WINDOWS;C:\WINDOWS\System32\Wbem;C:\WINDOWS\System32\WindowsPowerShell\v1.0\;C:\WINDOWS\System32\OpenSSH\;C:\Program Files\Git\cmd;C:\Program Files\Microsoft SQL Server\170\Tools\Binn\;C:\Program Files\Microsoft SQL Server\Client SDK\ODBC\170\Tools\Binn\;C:\Program Files\Microsoft SQL Server\170\DTS\Binn\;C:\Program Files\dotnet\;D:\Basira\;C:\ProgramData\chocolatey\bin;E:\JAVA\bin;E:\DOWNLOAD\New folder (2)\bin;C:\Program Files\Common Files\Oracle\Java\javapath;C:\WINDOWS\system32;C:\WINDOWS;C:\WINDOWS\System32\Wbem;C:\WINDOWS\System32\WindowsPowerShell\v1.0\;C:\WINDOWS\System32\OpenSSH\;C:\Program Files\Git\cmd;C:\Program Files\Microsoft SQL Server\170\Tools\Binn\;C:\Program Files\Microsoft SQL Server\Client SDK\ODBC\170\Tools\Binn\;C:\Program Files\Microsoft SQL Server\170\DTS\Binn\;C:\Program Files\dotnet\;D:\Basira\;C:\ProgramData\chocolatey\bin;C:\WINDOWS\system32;C:\WINDOWS;C:\WINDOWS\System32\Wbem;C:\WINDOWS\System32\WindowsPowerShell\v1.0\;C:\WINDOWS\System32\OpenSSH\;C:\Program Files\Git\cmd;C:\Program Files\Microsoft SQL Server\170\Tools\Binn\;C:\Program Files\Microsoft SQL Server\Client SDK\ODBC\170\Tools\Binn\;C:\Program Files\Microsoft SQL Server\170\DTS\Binn\;C:\Program Files\dotnet\;D:\Basira\;C:\ProgramData\chocolatey\bin;C:\Users\DELL\AppData\Local\Programs\Python\Python310\Scripts\;C:\Users\DELL\AppData\Local\Programs\Python\Python310\;C:\Users\DELL\AppData\Local\Prog;D:\download\Microsoft VS Code\bin;D:\flutter\bin;;D:\flutter\bin\mingit\cmd
USERNAME=DELL
OS=Windows_NT
PROCESSOR_IDENTIFIER=Intel64 Family 6 Model 142 Stepping 12, GenuineIntel
TMP=C:\Users\DELL\AppData\Local\Temp
TEMP=C:\Users\DELL\AppData\Local\Temp



Periodic native trim disabled


---------------  S Y S T E M  ---------------

OS:
 Windows 11 , 64 bit Build 26100 (10.0.26100.8328)
OS uptime: 1 days 23:35 hours

CPU: total 8 (initial active 0) 
Processor Information for all 8 processors :
  Max Mhz: 2304, Current Mhz: 1803, Mhz Limit: 1797

Memory: 4k page, system-wide physical 16043M (1826M free)
TotalPageFile size 26533M (AvailPageFile size 4M)
current process WorkingSet (physical memory assigned to process): 9M, peak: 9M
current process commit charge ("private bytes"): 3M, peak: 3M

vm_info: OpenJDK 64-Bit Server VM (17.0.18+8) for windows-amd64 JRE (17.0.18+8), built on Jan 20 2026 22:28:22 by "admin" with MS VC++ 17.12 (VS2022)

END.
