#
# There is insufficient memory for the Java Runtime Environment to continue.
# Native memory allocation (malloc) failed to allocate 2222896 bytes. Error detail: Chunk::new
# Possible reasons:
#   The system is out of physical RAM or swap space
#   This process is running with CompressedOops enabled, and the Java Heap may be blocking the growth of the native heap
# Possible solutions:
#   Reduce memory load on the system
#   Increase physical memory or swap space
#   Check if swap backing store is full
#   Decrease Java heap size (-Xmx/-Xms)
#   Decrease number of Java threads
#   Decrease Java thread stack sizes (-Xss)
#   Set larger code cache with -XX:ReservedCodeCacheSize=
#   JVM is running with Zero Based Compressed Oops mode in which the Java heap is
#     placed in the first 32GB address space. The Java Heap base address is the
#     maximum limit for the native heap growth. Please use -XX:HeapBaseMinAddress
#     to set the Java Heap base and to place the Java Heap above 32GB virtual address.
# This output file may be truncated or incomplete.
#
#  Out of Memory Error (arena.cpp:191), pid=22136, tid=13228
#
# JRE version: OpenJDK Runtime Environment Temurin-17.0.18+8 (17.0.18+8) (build 17.0.18+8)
# Java VM: OpenJDK 64-Bit Server VM Temurin-17.0.18+8 (17.0.18+8, mixed mode, sharing, tiered, compressed oops, compressed class ptrs, g1 gc, windows-amd64)
# No core dump will be written. Minidumps are not enabled by default on client versions of Windows
#

---------------  S U M M A R Y ------------

Command Line: --add-opens=java.base/java.lang=ALL-UNNAMED --add-opens=java.base/java.lang.invoke=ALL-UNNAMED --add-opens=java.base/java.util=ALL-UNNAMED --add-opens=java.prefs/java.util.prefs=ALL-UNNAMED --add-exports=jdk.compiler/com.sun.tools.javac.api=ALL-UNNAMED --add-exports=jdk.compiler/com.sun.tools.javac.util=ALL-UNNAMED --add-opens=java.base/java.util=ALL-UNNAMED --add-opens=java.prefs/java.util.prefs=ALL-UNNAMED --add-opens=java.base/java.nio.charset=ALL-UNNAMED --add-opens=java.base/java.net=ALL-UNNAMED --add-opens=java.base/java.util.concurrent.atomic=ALL-UNNAMED --add-opens=java.xml/javax.xml.namespace=ALL-UNNAMED -XX:MaxMetaspaceSize=1024m -Xmx4096m -Dfile.encoding=UTF-8 -Duser.country=US -Duser.language=en -Duser.variant -javaagent:E:\gradle\wrapper\dists\gradle-8.11.1-all\2qik7nd48slq1ooc2496ixf4i\gradle-8.11.1\lib\agents\gradle-instrumentation-agent-8.11.1.jar org.gradle.launcher.daemon.bootstrap.GradleDaemon 8.11.1

Host: Intel(R) Core(TM) i7-10610U CPU @ 1.80GHz, 8 cores, 15G,  Windows 11 , 64 bit Build 26100 (10.0.26100.8521)
Time: Thu Jun 11 22:33:31 2026 Egypt Daylight Time elapsed time: 11.898073 seconds (0d 0h 0m 11s)

---------------  T H R E A D  ---------------

Current thread (0x000001e341c19440):  JavaThread "C2 CompilerThread0" daemon [_thread_in_native, id=13228, stack(0x0000006d26b00000,0x0000006d26c00000)]


Current CompileTask:
C2:11898 2400   !   4       java.lang.ClassLoader::loadClass (121 bytes)

Stack: [0x0000006d26b00000,0x0000006d26c00000]
Native frames: (J=compiled Java code, j=interpreted, Vv=VM code, C=native code)
V  [jvm.dll+0x6846f9]
V  [jvm.dll+0x839ea5]
V  [jvm.dll+0x83b91e]
V  [jvm.dll+0x83bfa3]
V  [jvm.dll+0x248eff]
V  [jvm.dll+0xad496]
V  [jvm.dll+0xadb3c]
V  [jvm.dll+0x368c1e]
V  [jvm.dll+0x333055]
V  [jvm.dll+0x3324ba]
V  [jvm.dll+0x219db9]
V  [jvm.dll+0x219200]
V  [jvm.dll+0x1a4920]
V  [jvm.dll+0x22989a]
V  [jvm.dll+0x227a4b]
V  [jvm.dll+0x7f0658]
V  [jvm.dll+0x7eaaec]
V  [jvm.dll+0x6835c7]
C  [ucrtbase.dll+0x2cd30]
C  [KERNEL32.DLL+0x2e957]
C  [ntdll.dll+0x87c1c]


---------------  P R O C E S S  ---------------

Threads class SMR info:
_java_thread_list=0x000001e37c4c26a0, length=26, elements={
0x000001e31f2ae320, 0x000001e341bffa90, 0x000001e341c00560, 0x000001e341c13db0,
0x000001e341c14680, 0x000001e341c15f60, 0x000001e341c16830, 0x000001e341c19440,
0x000001e341c2bd70, 0x000001e341c36aa0, 0x000001e342507bc0, 0x000001e342681420,
0x000001e37d6d0090, 0x000001e37de6b390, 0x000001e37c8d1f00, 0x000001e37cacad30,
0x000001e37d7c6a90, 0x000001e37d7c7ed0, 0x000001e37d7c79c0, 0x000001e37d7c74b0,
0x000001e37d7c88f0, 0x000001e37d7c6070, 0x000001e37d7c9310, 0x000001e37d7c83e0,
0x000001e37d7c6fa0, 0x000001e37c8875d0
}

Java Threads: ( => current thread )
  0x000001e31f2ae320 JavaThread "main" [_thread_blocked, id=20928, stack(0x0000006d25e00000,0x0000006d25f00000)]
  0x000001e341bffa90 JavaThread "Reference Handler" daemon [_thread_blocked, id=13564, stack(0x0000006d26500000,0x0000006d26600000)]
  0x000001e341c00560 JavaThread "Finalizer" daemon [_thread_blocked, id=19104, stack(0x0000006d26600000,0x0000006d26700000)]
  0x000001e341c13db0 JavaThread "Signal Dispatcher" daemon [_thread_blocked, id=23500, stack(0x0000006d26700000,0x0000006d26800000)]
  0x000001e341c14680 JavaThread "Attach Listener" daemon [_thread_blocked, id=12784, stack(0x0000006d26800000,0x0000006d26900000)]
  0x000001e341c15f60 JavaThread "Service Thread" daemon [_thread_blocked, id=2348, stack(0x0000006d26900000,0x0000006d26a00000)]
  0x000001e341c16830 JavaThread "Monitor Deflation Thread" daemon [_thread_blocked, id=19500, stack(0x0000006d26a00000,0x0000006d26b00000)]
=>0x000001e341c19440 JavaThread "C2 CompilerThread0" daemon [_thread_in_native, id=13228, stack(0x0000006d26b00000,0x0000006d26c00000)]
  0x000001e341c2bd70 JavaThread "C1 CompilerThread0" daemon [_thread_blocked, id=26728, stack(0x0000006d26c00000,0x0000006d26d00000)]
  0x000001e341c36aa0 JavaThread "Sweeper thread" daemon [_thread_blocked, id=14236, stack(0x0000006d26d00000,0x0000006d26e00000)]
  0x000001e342507bc0 JavaThread "Common-Cleaner" daemon [_thread_blocked, id=27252, stack(0x0000006d26e00000,0x0000006d26f00000)]
  0x000001e342681420 JavaThread "Notification Thread" daemon [_thread_blocked, id=22032, stack(0x0000006d26f00000,0x0000006d27000000)]
  0x000001e37d6d0090 JavaThread "Daemon health stats" [_thread_blocked, id=27456, stack(0x0000006d27900000,0x0000006d27a00000)]
  0x000001e37de6b390 JavaThread "Incoming local TCP Connector on port 64406" [_thread_in_native, id=25320, stack(0x0000006d27100000,0x0000006d27200000)]
  0x000001e37c8d1f00 JavaThread "Daemon periodic checks" [_thread_blocked, id=13192, stack(0x0000006d27200000,0x0000006d27300000)]
  0x000001e37cacad30 JavaThread "Daemon" [_thread_blocked, id=25788, stack(0x0000006d27a00000,0x0000006d27b00000)]
  0x000001e37d7c6a90 JavaThread "Handler for socket connection from /127.0.0.1:64406 to /127.0.0.1:64407" [_thread_in_native, id=5548, stack(0x0000006d27b00000,0x0000006d27c00000)]
  0x000001e37d7c7ed0 JavaThread "Cancel handler" [_thread_blocked, id=25836, stack(0x0000006d27c00000,0x0000006d27d00000)]
  0x000001e37d7c79c0 JavaThread "Daemon worker" [_thread_in_Java, id=23408, stack(0x0000006d27d00000,0x0000006d27e00000)]
  0x000001e37d7c74b0 JavaThread "Asynchronous log dispatcher for DefaultDaemonConnection: socket connection from /127.0.0.1:64406 to /127.0.0.1:64407" [_thread_blocked, id=14436, stack(0x0000006d27e00000,0x0000006d27f00000)]
  0x000001e37d7c88f0 JavaThread "Stdin handler" [_thread_blocked, id=27400, stack(0x0000006d27f00000,0x0000006d28000000)]
  0x000001e37d7c6070 JavaThread "Daemon client event forwarder" [_thread_blocked, id=25512, stack(0x0000006d28000000,0x0000006d28100000)]
  0x000001e37d7c9310 JavaThread "Cache worker for journal cache (E:\gradle\caches\journal-1)" [_thread_blocked, id=1340, stack(0x0000006d28200000,0x0000006d28300000)]
  0x000001e37d7c83e0 JavaThread "File lock request listener" [_thread_in_native, id=26040, stack(0x0000006d28300000,0x0000006d28400000)]
  0x000001e37d7c6fa0 JavaThread "Cache worker for file hash cache (E:\gradle\caches\8.11.1\fileHashes)" [_thread_blocked, id=17064, stack(0x0000006d28100000,0x0000006d28200000)]
  0x000001e37c8875d0 JavaThread "C2 CompilerThread1" daemon [_thread_blocked, id=23124, stack(0x0000006d28400000,0x0000006d28500000)]

Other Threads:
  0x000001e341bfa640 VMThread "VM Thread" [stack: 0x0000006d26400000,0x0000006d26500000] [id=12796]
  0x000001e31f2af0b0 WatcherThread [stack: 0x0000006d27000000,0x0000006d27100000] [id=14196]
  0x000001e31f31da70 GCTaskThread "GC Thread#0" [stack: 0x0000006d25f00000,0x0000006d26000000] [id=8828]
  0x000001e37c770870 GCTaskThread "GC Thread#1" [stack: 0x0000006d27300000,0x0000006d27400000] [id=4660]
  0x000001e37c79ab70 GCTaskThread "GC Thread#2" [stack: 0x0000006d27400000,0x0000006d27500000] [id=5072]
  0x000001e37c7f9750 GCTaskThread "GC Thread#3" [stack: 0x0000006d27500000,0x0000006d27600000] [id=1092]
  0x000001e37c3135e0 GCTaskThread "GC Thread#4" [stack: 0x0000006d27600000,0x0000006d27700000] [id=7764]
  0x000001e37c3138a0 GCTaskThread "GC Thread#5" [stack: 0x0000006d27700000,0x0000006d27800000] [id=6024]
  0x000001e37de20320 GCTaskThread "GC Thread#6" [stack: 0x0000006d27800000,0x0000006d27900000] [id=24440]
  0x000001e31f32f5a0 ConcurrentGCThread "G1 Main Marker" [stack: 0x0000006d26000000,0x0000006d26100000] [id=19932]
  0x000001e31f32fed0 ConcurrentGCThread "G1 Conc#0" [stack: 0x0000006d26100000,0x0000006d26200000] [id=22616]
  0x000001e31f35e4d0 ConcurrentGCThread "G1 Refine#0" [stack: 0x0000006d26200000,0x0000006d26300000] [id=14396]
  0x000001e341b34090 ConcurrentGCThread "G1 Service" [stack: 0x0000006d26300000,0x0000006d26400000] [id=22608]

Threads with active compile tasks:
C2 CompilerThread0  11925 2400   !   4       java.lang.ClassLoader::loadClass (121 bytes)

VM state: not at safepoint (normal execution)

VM Mutex/Monitor currently owned by a thread: None

Heap address: 0x0000000700000000, size: 4096 MB, Compressed Oops mode: Zero based, Oop shift amount: 3

CDS archive(s) mapped at: [0x000001e343000000-0x000001e343bb0000-0x000001e343bb0000), size 12255232, SharedBaseAddress: 0x000001e343000000, ArchiveRelocationMode: 1.
Compressed class space mapped at: 0x000001e344000000-0x000001e378000000, reserved size: 872415232
Narrow klass base: 0x000001e343000000, Narrow klass shift: 0, Narrow klass range: 0x100000000

GC Precious Log:
 CPUs: 8 total, 8 available
 Memory: 16043M
 Large Page Support: Disabled
 NUMA Support: Disabled
 Compressed Oops: Enabled (Zero based)
 Heap Region Size: 2M
 Heap Min Capacity: 8M
 Heap Initial Capacity: 252M
 Heap Max Capacity: 4G
 Pre-touch: Disabled
 Parallel Workers: 8
 Concurrent Workers: 2
 Concurrent Refinement Workers: 8
 Periodic GC: Disabled

Heap:
 garbage-first heap   total 258048K, used 83723K [0x0000000700000000, 0x0000000800000000)
  region size 2048K, 37 young (75776K), 4 survivors (8192K)
 Metaspace       used 16427K, committed 16704K, reserved 917504K
  class space    used 2308K, committed 2432K, reserved 851968K

Heap Regions: E=young(eden), S=young(survivor), O=old, HS=humongous(starts), HC=humongous(continues), CS=collection set, F=free, OA=open archive, CA=closed archive, TAMS=top-at-mark-start (previous, next)
|   0|0x0000000700000000, 0x0000000700200000, 0x0000000700200000|100%|HS|  |TAMS 0x0000000700000000, 0x0000000700000000| Complete 
|   1|0x0000000700200000, 0x0000000700400000, 0x0000000700400000|100%|HC|  |TAMS 0x0000000700200000, 0x0000000700200000| Complete 
|   2|0x0000000700400000, 0x0000000700600000, 0x0000000700600000|100%| O|  |TAMS 0x0000000700400000, 0x0000000700400000| Untracked 
|   3|0x0000000700600000, 0x0000000700800000, 0x0000000700800000|100%| O|  |TAMS 0x0000000700600000, 0x0000000700600000| Untracked 
|   4|0x0000000700800000, 0x0000000700a00000, 0x0000000700a00000|100%| O|  |TAMS 0x0000000700800000, 0x0000000700800000| Untracked 
|   5|0x0000000700a00000, 0x0000000700b9e200, 0x0000000700c00000| 80%| O|  |TAMS 0x0000000700a00000, 0x0000000700a00000| Untracked 
|   6|0x0000000700c00000, 0x0000000700c00000, 0x0000000700e00000|  0%| F|  |TAMS 0x0000000700c00000, 0x0000000700c00000| Untracked 
|   7|0x0000000700e00000, 0x0000000700e00000, 0x0000000701000000|  0%| F|  |TAMS 0x0000000700e00000, 0x0000000700e00000| Untracked 
|   8|0x0000000701000000, 0x0000000701000000, 0x0000000701200000|  0%| F|  |TAMS 0x0000000701000000, 0x0000000701000000| Untracked 
|   9|0x0000000701200000, 0x0000000701200000, 0x0000000701400000|  0%| F|  |TAMS 0x0000000701200000, 0x0000000701200000| Untracked 
|  10|0x0000000701400000, 0x0000000701400000, 0x0000000701600000|  0%| F|  |TAMS 0x0000000701400000, 0x0000000701400000| Untracked 
|  11|0x0000000701600000, 0x0000000701600000, 0x0000000701800000|  0%| F|  |TAMS 0x0000000701600000, 0x0000000701600000| Untracked 
|  12|0x0000000701800000, 0x0000000701800000, 0x0000000701a00000|  0%| F|  |TAMS 0x0000000701800000, 0x0000000701800000| Untracked 
|  13|0x0000000701a00000, 0x0000000701a00000, 0x0000000701c00000|  0%| F|  |TAMS 0x0000000701a00000, 0x0000000701a00000| Untracked 
|  14|0x0000000701c00000, 0x0000000701c00000, 0x0000000701e00000|  0%| F|  |TAMS 0x0000000701c00000, 0x0000000701c00000| Untracked 
|  15|0x0000000701e00000, 0x0000000701e00000, 0x0000000702000000|  0%| F|  |TAMS 0x0000000701e00000, 0x0000000701e00000| Untracked 
|  16|0x0000000702000000, 0x0000000702000000, 0x0000000702200000|  0%| F|  |TAMS 0x0000000702000000, 0x0000000702000000| Untracked 
|  17|0x0000000702200000, 0x0000000702200000, 0x0000000702400000|  0%| F|  |TAMS 0x0000000702200000, 0x0000000702200000| Untracked 
|  18|0x0000000702400000, 0x0000000702400000, 0x0000000702600000|  0%| F|  |TAMS 0x0000000702400000, 0x0000000702400000| Untracked 
|  19|0x0000000702600000, 0x0000000702600000, 0x0000000702800000|  0%| F|  |TAMS 0x0000000702600000, 0x0000000702600000| Untracked 
|  20|0x0000000702800000, 0x0000000702800000, 0x0000000702a00000|  0%| F|  |TAMS 0x0000000702800000, 0x0000000702800000| Untracked 
|  21|0x0000000702a00000, 0x0000000702a00000, 0x0000000702c00000|  0%| F|  |TAMS 0x0000000702a00000, 0x0000000702a00000| Untracked 
|  22|0x0000000702c00000, 0x0000000702c00000, 0x0000000702e00000|  0%| F|  |TAMS 0x0000000702c00000, 0x0000000702c00000| Untracked 
|  23|0x0000000702e00000, 0x0000000702e00000, 0x0000000703000000|  0%| F|  |TAMS 0x0000000702e00000, 0x0000000702e00000| Untracked 
|  24|0x0000000703000000, 0x0000000703000000, 0x0000000703200000|  0%| F|  |TAMS 0x0000000703000000, 0x0000000703000000| Untracked 
|  25|0x0000000703200000, 0x0000000703200000, 0x0000000703400000|  0%| F|  |TAMS 0x0000000703200000, 0x0000000703200000| Untracked 
|  26|0x0000000703400000, 0x0000000703400000, 0x0000000703600000|  0%| F|  |TAMS 0x0000000703400000, 0x0000000703400000| Untracked 
|  27|0x0000000703600000, 0x0000000703600000, 0x0000000703800000|  0%| F|  |TAMS 0x0000000703600000, 0x0000000703600000| Untracked 
|  28|0x0000000703800000, 0x0000000703800000, 0x0000000703a00000|  0%| F|  |TAMS 0x0000000703800000, 0x0000000703800000| Untracked 
|  29|0x0000000703a00000, 0x0000000703a00000, 0x0000000703c00000|  0%| F|  |TAMS 0x0000000703a00000, 0x0000000703a00000| Untracked 
|  30|0x0000000703c00000, 0x0000000703c00000, 0x0000000703e00000|  0%| F|  |TAMS 0x0000000703c00000, 0x0000000703c00000| Untracked 
|  31|0x0000000703e00000, 0x0000000703e00000, 0x0000000704000000|  0%| F|  |TAMS 0x0000000703e00000, 0x0000000703e00000| Untracked 
|  32|0x0000000704000000, 0x0000000704000000, 0x0000000704200000|  0%| F|  |TAMS 0x0000000704000000, 0x0000000704000000| Untracked 
|  33|0x0000000704200000, 0x0000000704200000, 0x0000000704400000|  0%| F|  |TAMS 0x0000000704200000, 0x0000000704200000| Untracked 
|  34|0x0000000704400000, 0x0000000704400000, 0x0000000704600000|  0%| F|  |TAMS 0x0000000704400000, 0x0000000704400000| Untracked 
|  35|0x0000000704600000, 0x0000000704600000, 0x0000000704800000|  0%| F|  |TAMS 0x0000000704600000, 0x0000000704600000| Untracked 
|  36|0x0000000704800000, 0x0000000704800000, 0x0000000704a00000|  0%| F|  |TAMS 0x0000000704800000, 0x0000000704800000| Untracked 
|  37|0x0000000704a00000, 0x0000000704a00000, 0x0000000704c00000|  0%| F|  |TAMS 0x0000000704a00000, 0x0000000704a00000| Untracked 
|  38|0x0000000704c00000, 0x0000000704c00000, 0x0000000704e00000|  0%| F|  |TAMS 0x0000000704c00000, 0x0000000704c00000| Untracked 
|  39|0x0000000704e00000, 0x0000000704e00000, 0x0000000705000000|  0%| F|  |TAMS 0x0000000704e00000, 0x0000000704e00000| Untracked 
|  40|0x0000000705000000, 0x0000000705000000, 0x0000000705200000|  0%| F|  |TAMS 0x0000000705000000, 0x0000000705000000| Untracked 
|  41|0x0000000705200000, 0x0000000705200000, 0x0000000705400000|  0%| F|  |TAMS 0x0000000705200000, 0x0000000705200000| Untracked 
|  42|0x0000000705400000, 0x0000000705400000, 0x0000000705600000|  0%| F|  |TAMS 0x0000000705400000, 0x0000000705400000| Untracked 
|  43|0x0000000705600000, 0x0000000705600000, 0x0000000705800000|  0%| F|  |TAMS 0x0000000705600000, 0x0000000705600000| Untracked 
|  44|0x0000000705800000, 0x0000000705800000, 0x0000000705a00000|  0%| F|  |TAMS 0x0000000705800000, 0x0000000705800000| Untracked 
|  45|0x0000000705a00000, 0x0000000705a00000, 0x0000000705c00000|  0%| F|  |TAMS 0x0000000705a00000, 0x0000000705a00000| Untracked 
|  46|0x0000000705c00000, 0x0000000705c00000, 0x0000000705e00000|  0%| F|  |TAMS 0x0000000705c00000, 0x0000000705c00000| Untracked 
|  47|0x0000000705e00000, 0x0000000705e00000, 0x0000000706000000|  0%| F|  |TAMS 0x0000000705e00000, 0x0000000705e00000| Untracked 
|  48|0x0000000706000000, 0x0000000706000000, 0x0000000706200000|  0%| F|  |TAMS 0x0000000706000000, 0x0000000706000000| Untracked 
|  49|0x0000000706200000, 0x0000000706200000, 0x0000000706400000|  0%| F|  |TAMS 0x0000000706200000, 0x0000000706200000| Untracked 
|  50|0x0000000706400000, 0x0000000706400000, 0x0000000706600000|  0%| F|  |TAMS 0x0000000706400000, 0x0000000706400000| Untracked 
|  51|0x0000000706600000, 0x0000000706600000, 0x0000000706800000|  0%| F|  |TAMS 0x0000000706600000, 0x0000000706600000| Untracked 
|  52|0x0000000706800000, 0x0000000706800000, 0x0000000706a00000|  0%| F|  |TAMS 0x0000000706800000, 0x0000000706800000| Untracked 
|  53|0x0000000706a00000, 0x0000000706a00000, 0x0000000706c00000|  0%| F|  |TAMS 0x0000000706a00000, 0x0000000706a00000| Untracked 
|  54|0x0000000706c00000, 0x0000000706c00000, 0x0000000706e00000|  0%| F|  |TAMS 0x0000000706c00000, 0x0000000706c00000| Untracked 
|  55|0x0000000706e00000, 0x0000000706e00000, 0x0000000707000000|  0%| F|  |TAMS 0x0000000706e00000, 0x0000000706e00000| Untracked 
|  56|0x0000000707000000, 0x0000000707000000, 0x0000000707200000|  0%| F|  |TAMS 0x0000000707000000, 0x0000000707000000| Untracked 
|  57|0x0000000707200000, 0x0000000707200000, 0x0000000707400000|  0%| F|  |TAMS 0x0000000707200000, 0x0000000707200000| Untracked 
|  58|0x0000000707400000, 0x0000000707400000, 0x0000000707600000|  0%| F|  |TAMS 0x0000000707400000, 0x0000000707400000| Untracked 
|  59|0x0000000707600000, 0x0000000707600000, 0x0000000707800000|  0%| F|  |TAMS 0x0000000707600000, 0x0000000707600000| Untracked 
|  60|0x0000000707800000, 0x0000000707800000, 0x0000000707a00000|  0%| F|  |TAMS 0x0000000707800000, 0x0000000707800000| Untracked 
|  61|0x0000000707a00000, 0x0000000707a00000, 0x0000000707c00000|  0%| F|  |TAMS 0x0000000707a00000, 0x0000000707a00000| Untracked 
|  62|0x0000000707c00000, 0x0000000707c00000, 0x0000000707e00000|  0%| F|  |TAMS 0x0000000707c00000, 0x0000000707c00000| Untracked 
|  63|0x0000000707e00000, 0x0000000707e00000, 0x0000000708000000|  0%| F|  |TAMS 0x0000000707e00000, 0x0000000707e00000| Untracked 
|  64|0x0000000708000000, 0x0000000708000000, 0x0000000708200000|  0%| F|  |TAMS 0x0000000708000000, 0x0000000708000000| Untracked 
|  65|0x0000000708200000, 0x0000000708200000, 0x0000000708400000|  0%| F|  |TAMS 0x0000000708200000, 0x0000000708200000| Untracked 
|  66|0x0000000708400000, 0x0000000708400000, 0x0000000708600000|  0%| F|  |TAMS 0x0000000708400000, 0x0000000708400000| Untracked 
|  67|0x0000000708600000, 0x0000000708600000, 0x0000000708800000|  0%| F|  |TAMS 0x0000000708600000, 0x0000000708600000| Untracked 
|  68|0x0000000708800000, 0x0000000708800000, 0x0000000708a00000|  0%| F|  |TAMS 0x0000000708800000, 0x0000000708800000| Untracked 
|  69|0x0000000708a00000, 0x0000000708a00000, 0x0000000708c00000|  0%| F|  |TAMS 0x0000000708a00000, 0x0000000708a00000| Untracked 
|  70|0x0000000708c00000, 0x0000000708c00000, 0x0000000708e00000|  0%| F|  |TAMS 0x0000000708c00000, 0x0000000708c00000| Untracked 
|  71|0x0000000708e00000, 0x0000000708e00000, 0x0000000709000000|  0%| F|  |TAMS 0x0000000708e00000, 0x0000000708e00000| Untracked 
|  72|0x0000000709000000, 0x0000000709000000, 0x0000000709200000|  0%| F|  |TAMS 0x0000000709000000, 0x0000000709000000| Untracked 
|  73|0x0000000709200000, 0x0000000709200000, 0x0000000709400000|  0%| F|  |TAMS 0x0000000709200000, 0x0000000709200000| Untracked 
|  74|0x0000000709400000, 0x0000000709400000, 0x0000000709600000|  0%| F|  |TAMS 0x0000000709400000, 0x0000000709400000| Untracked 
|  75|0x0000000709600000, 0x0000000709600000, 0x0000000709800000|  0%| F|  |TAMS 0x0000000709600000, 0x0000000709600000| Untracked 
|  76|0x0000000709800000, 0x0000000709800000, 0x0000000709a00000|  0%| F|  |TAMS 0x0000000709800000, 0x0000000709800000| Untracked 
|  77|0x0000000709a00000, 0x0000000709a00000, 0x0000000709c00000|  0%| F|  |TAMS 0x0000000709a00000, 0x0000000709a00000| Untracked 
|  78|0x0000000709c00000, 0x0000000709c00000, 0x0000000709e00000|  0%| F|  |TAMS 0x0000000709c00000, 0x0000000709c00000| Untracked 
|  79|0x0000000709e00000, 0x0000000709e00000, 0x000000070a000000|  0%| F|  |TAMS 0x0000000709e00000, 0x0000000709e00000| Untracked 
|  80|0x000000070a000000, 0x000000070a000000, 0x000000070a200000|  0%| F|  |TAMS 0x000000070a000000, 0x000000070a000000| Untracked 
|  81|0x000000070a200000, 0x000000070a200000, 0x000000070a400000|  0%| F|  |TAMS 0x000000070a200000, 0x000000070a200000| Untracked 
|  82|0x000000070a400000, 0x000000070a400000, 0x000000070a600000|  0%| F|  |TAMS 0x000000070a400000, 0x000000070a400000| Untracked 
|  83|0x000000070a600000, 0x000000070a600000, 0x000000070a800000|  0%| F|  |TAMS 0x000000070a600000, 0x000000070a600000| Untracked 
|  84|0x000000070a800000, 0x000000070a800000, 0x000000070aa00000|  0%| F|  |TAMS 0x000000070a800000, 0x000000070a800000| Untracked 
|  85|0x000000070aa00000, 0x000000070aa00000, 0x000000070ac00000|  0%| F|  |TAMS 0x000000070aa00000, 0x000000070aa00000| Untracked 
|  86|0x000000070ac00000, 0x000000070ac00000, 0x000000070ae00000|  0%| F|  |TAMS 0x000000070ac00000, 0x000000070ac00000| Untracked 
|  87|0x000000070ae00000, 0x000000070ae00000, 0x000000070b000000|  0%| F|  |TAMS 0x000000070ae00000, 0x000000070ae00000| Untracked 
|  88|0x000000070b000000, 0x000000070b000000, 0x000000070b200000|  0%| F|  |TAMS 0x000000070b000000, 0x000000070b000000| Untracked 
|  89|0x000000070b200000, 0x000000070b300000, 0x000000070b400000| 50%| E|  |TAMS 0x000000070b200000, 0x000000070b200000| Complete 
|  90|0x000000070b400000, 0x000000070b600000, 0x000000070b600000|100%| E|CS|TAMS 0x000000070b400000, 0x000000070b400000| Complete 
|  91|0x000000070b600000, 0x000000070b800000, 0x000000070b800000|100%| E|CS|TAMS 0x000000070b600000, 0x000000070b600000| Complete 
|  92|0x000000070b800000, 0x000000070ba00000, 0x000000070ba00000|100%| E|CS|TAMS 0x000000070b800000, 0x000000070b800000| Complete 
|  93|0x000000070ba00000, 0x000000070bc00000, 0x000000070bc00000|100%| E|CS|TAMS 0x000000070ba00000, 0x000000070ba00000| Complete 
|  94|0x000000070bc00000, 0x000000070be00000, 0x000000070be00000|100%| E|CS|TAMS 0x000000070bc00000, 0x000000070bc00000| Complete 
|  95|0x000000070be00000, 0x000000070be24a60, 0x000000070c000000|  7%| S|CS|TAMS 0x000000070be00000, 0x000000070be00000| Complete 
|  96|0x000000070c000000, 0x000000070c200000, 0x000000070c200000|100%| S|CS|TAMS 0x000000070c000000, 0x000000070c000000| Complete 
|  97|0x000000070c200000, 0x000000070c400000, 0x000000070c400000|100%| S|CS|TAMS 0x000000070c200000, 0x000000070c200000| Complete 
|  98|0x000000070c400000, 0x000000070c600000, 0x000000070c600000|100%| S|CS|TAMS 0x000000070c400000, 0x000000070c400000| Complete 
|  99|0x000000070c600000, 0x000000070c800000, 0x000000070c800000|100%| E|CS|TAMS 0x000000070c600000, 0x000000070c600000| Complete 
| 100|0x000000070c800000, 0x000000070ca00000, 0x000000070ca00000|100%| E|CS|TAMS 0x000000070c800000, 0x000000070c800000| Complete 
| 101|0x000000070ca00000, 0x000000070cc00000, 0x000000070cc00000|100%| E|CS|TAMS 0x000000070ca00000, 0x000000070ca00000| Complete 
| 102|0x000000070cc00000, 0x000000070ce00000, 0x000000070ce00000|100%| E|CS|TAMS 0x000000070cc00000, 0x000000070cc00000| Complete 
| 103|0x000000070ce00000, 0x000000070d000000, 0x000000070d000000|100%| E|CS|TAMS 0x000000070ce00000, 0x000000070ce00000| Complete 
| 104|0x000000070d000000, 0x000000070d200000, 0x000000070d200000|100%| E|CS|TAMS 0x000000070d000000, 0x000000070d000000| Complete 
| 105|0x000000070d200000, 0x000000070d400000, 0x000000070d400000|100%| E|CS|TAMS 0x000000070d200000, 0x000000070d200000| Complete 
| 106|0x000000070d400000, 0x000000070d600000, 0x000000070d600000|100%| E|CS|TAMS 0x000000070d400000, 0x000000070d400000| Complete 
| 107|0x000000070d600000, 0x000000070d800000, 0x000000070d800000|100%| E|CS|TAMS 0x000000070d600000, 0x000000070d600000| Complete 
| 108|0x000000070d800000, 0x000000070da00000, 0x000000070da00000|100%| E|CS|TAMS 0x000000070d800000, 0x000000070d800000| Complete 
| 109|0x000000070da00000, 0x000000070dc00000, 0x000000070dc00000|100%| E|CS|TAMS 0x000000070da00000, 0x000000070da00000| Complete 
| 110|0x000000070dc00000, 0x000000070de00000, 0x000000070de00000|100%| E|CS|TAMS 0x000000070dc00000, 0x000000070dc00000| Complete 
| 111|0x000000070de00000, 0x000000070e000000, 0x000000070e000000|100%| E|CS|TAMS 0x000000070de00000, 0x000000070de00000| Complete 
| 112|0x000000070e000000, 0x000000070e200000, 0x000000070e200000|100%| E|CS|TAMS 0x000000070e000000, 0x000000070e000000| Complete 
| 113|0x000000070e200000, 0x000000070e400000, 0x000000070e400000|100%| E|CS|TAMS 0x000000070e200000, 0x000000070e200000| Complete 
| 114|0x000000070e400000, 0x000000070e600000, 0x000000070e600000|100%| E|CS|TAMS 0x000000070e400000, 0x000000070e400000| Complete 
| 115|0x000000070e600000, 0x000000070e800000, 0x000000070e800000|100%| E|CS|TAMS 0x000000070e600000, 0x000000070e600000| Complete 
| 116|0x000000070e800000, 0x000000070ea00000, 0x000000070ea00000|100%| E|CS|TAMS 0x000000070e800000, 0x000000070e800000| Complete 
| 117|0x000000070ea00000, 0x000000070ec00000, 0x000000070ec00000|100%| E|CS|TAMS 0x000000070ea00000, 0x000000070ea00000| Complete 
| 118|0x000000070ec00000, 0x000000070ee00000, 0x000000070ee00000|100%| E|CS|TAMS 0x000000070ec00000, 0x000000070ec00000| Complete 
| 119|0x000000070ee00000, 0x000000070f000000, 0x000000070f000000|100%| E|CS|TAMS 0x000000070ee00000, 0x000000070ee00000| Complete 
| 120|0x000000070f000000, 0x000000070f200000, 0x000000070f200000|100%| E|CS|TAMS 0x000000070f000000, 0x000000070f000000| Complete 
| 121|0x000000070f200000, 0x000000070f400000, 0x000000070f400000|100%| E|CS|TAMS 0x000000070f200000, 0x000000070f200000| Complete 
| 122|0x000000070f400000, 0x000000070f600000, 0x000000070f600000|100%| E|CS|TAMS 0x000000070f400000, 0x000000070f400000| Complete 
| 123|0x000000070f600000, 0x000000070f800000, 0x000000070f800000|100%| E|CS|TAMS 0x000000070f600000, 0x000000070f600000| Complete 
| 124|0x000000070f800000, 0x000000070fa00000, 0x000000070fa00000|100%| E|CS|TAMS 0x000000070f800000, 0x000000070f800000| Complete 
| 125|0x000000070fa00000, 0x000000070fc00000, 0x000000070fc00000|100%| E|CS|TAMS 0x000000070fa00000, 0x000000070fa00000| Complete 

Card table byte_map: [0x000001e336950000,0x000001e337150000] _byte_map_base: 0x000001e333150000

Marking Bits (Prev, Next): (CMBitMap*) 0x000001e31f31dfa0, (CMBitMap*) 0x000001e31f31dfe0
 Prev Bits: [0x000001e337950000, 0x000001e33b950000)
 Next Bits: [0x000001e33b950000, 0x000001e33f950000)

Polling page: 0x000001e31d230000

Metaspace:

Usage:
  Non-class:     13.81 MB used.
      Class:      2.26 MB used.
       Both:     16.07 MB used.

Virtual space:
  Non-class space:       64.00 MB reserved,      13.94 MB ( 22%) committed,  1 nodes.
      Class space:      832.00 MB reserved,       2.38 MB ( <1%) committed,  1 nodes.
             Both:      896.00 MB reserved,      16.31 MB (  2%) committed. 

Chunk freelists:
   Non-Class:  1.83 MB
       Class:  13.63 MB
        Both:  15.46 MB

MaxMetaspaceSize: 1.00 GB
CompressedClassSpaceSize: 832.00 MB
Initial GC threshold: 21.00 MB
Current GC threshold: 21.00 MB
CDS: on
MetaspaceReclaimPolicy: balanced
 - commit_granule_bytes: 65536.
 - commit_granule_words: 8192.
 - virtual_space_node_default_size: 8388608.
 - enlarge_chunks_in_place: 1.
 - new_chunks_are_fully_committed: 0.
 - uncommit_free_chunks: 1.
 - use_allocation_guard: 0.
 - handle_deallocations: 1.


Internal statistics:

num_allocs_failed_limit: 0.
num_arena_births: 186.
num_arena_deaths: 0.
num_vsnodes_births: 2.
num_vsnodes_deaths: 0.
num_space_committed: 261.
num_space_uncommitted: 0.
num_chunks_returned_to_freelist: 0.
num_chunks_taken_from_freelist: 704.
num_chunk_merges: 0.
num_chunk_splits: 486.
num_chunks_enlarged: 370.
num_inconsistent_stats: 0.

CodeHeap 'non-profiled nmethods': size=120000Kb used=1272Kb max_used=1272Kb free=118727Kb
 bounds [0x000001e32e8e0000, 0x000001e32eb50000, 0x000001e335e10000]
CodeHeap 'profiled nmethods': size=120000Kb used=4917Kb max_used=4917Kb free=115082Kb
 bounds [0x000001e326e10000, 0x000001e3272e0000, 0x000001e32e340000]
CodeHeap 'non-nmethods': size=5760Kb used=1233Kb max_used=1292Kb free=4526Kb
 bounds [0x000001e32e340000, 0x000001e32e5b0000, 0x000001e32e8e0000]
 total_blobs=3014 nmethods=2473 adapters=453
 compilation: enabled
              stopped_count=0, restarted_count=0
 full_count=0

Compilation events (20 events):
Event: 11.839 Thread 0x000001e341c2bd70 nmethod 2457 0x000001e3272d3690 code [0x000001e3272d3840, 0x000001e3272d3948]
Event: 11.839 Thread 0x000001e341c2bd70 2459       3       org.gradle.internal.service.DefaultServiceRegistry$CollectingVisitor::visit (25 bytes)
Event: 11.839 Thread 0x000001e341c2bd70 nmethod 2459 0x000001e3272d3a10 code [0x000001e3272d3bc0, 0x000001e3272d3eb8]
Event: 11.858 Thread 0x000001e341c2bd70 2460   !   3       org.gradle.internal.classloader.TransformingClassLoader::findClass (203 bytes)
Event: 11.860 Thread 0x000001e341c2bd70 nmethod 2460 0x000001e3272d4010 code [0x000001e3272d44e0, 0x000001e3272d68d8]
Event: 11.860 Thread 0x000001e341c2bd70 2461       3       org.gradle.initialization.MixInLegacyTypesClassLoader::shouldTransform (42 bytes)
Event: 11.860 Thread 0x000001e341c2bd70 nmethod 2461 0x000001e3272d7890 code [0x000001e3272d7a60, 0x000001e3272d7e78]
Event: 11.867 Thread 0x000001e341c2bd70 2463       3       sun.reflect.annotation.AnnotationParser$$Lambda$31/0x000001e3440534e8::get (16 bytes)
Event: 11.867 Thread 0x000001e341c2bd70 nmethod 2463 0x000001e3272d8010 code [0x000001e3272d81c0, 0x000001e3272d8368]
Event: 11.867 Thread 0x000001e341c2bd70 2464       3       sun.reflect.annotation.AnnotationParser::lambda$parseClassArray$0 (7 bytes)
Event: 11.867 Thread 0x000001e341c2bd70 nmethod 2464 0x000001e3272d8410 code [0x000001e3272d85c0, 0x000001e3272d86c8]
Event: 11.867 Thread 0x000001e341c2bd70 2465       3       org.gradle.internal.service.DefaultServiceRegistry$SingletonService::<init> (58 bytes)
Event: 11.868 Thread 0x000001e341c2bd70 nmethod 2465 0x000001e3272d8790 code [0x000001e3272d89e0, 0x000001e3272d9588]
Event: 11.877 Thread 0x000001e341c2bd70 2467       3       org.gradle.internal.service.DefaultServiceRegistry::validateImplementationForServiceTypes (84 bytes)
Event: 11.878 Thread 0x000001e341c2bd70 nmethod 2467 0x000001e3272d9910 code [0x000001e3272d9c20, 0x000001e3272dae78]
Event: 11.878 Thread 0x000001e37c8875d0 2466       4       java.util.concurrent.ConcurrentHashMap::get (162 bytes)
Event: 11.883 Thread 0x000001e37c8875d0 nmethod 2466 0x000001e32ea1c390 code [0x000001e32ea1c520, 0x000001e32ea1c818]
Event: 11.883 Thread 0x000001e37c8875d0 2430       4       java.lang.invoke.VarHandleByteArrayAsInts$ArrayHandle::get (36 bytes)
Event: 11.884 Thread 0x000001e37c8875d0 nmethod 2430 0x000001e32ea1ca90 code [0x000001e32ea1cc20, 0x000001e32ea1cd58]
Event: 11.884 Thread 0x000001e37c8875d0 2437       4       java.util.HashMap$KeyIterator::next (8 bytes)

GC Heap History (6 events):
Event: 0.318 GC heap before
{Heap before GC invocations=0 (full 0):
 garbage-first heap   total 258048K, used 22528K [0x0000000700000000, 0x0000000800000000)
  region size 2048K, 11 young (22528K), 0 survivors (0K)
 Metaspace       used 1048K, committed 1216K, reserved 917504K
  class space    used 73K, committed 128K, reserved 851968K
}
Event: 0.322 GC heap after
{Heap after GC invocations=1 (full 0):
 garbage-first heap   total 258048K, used 3343K [0x0000000700000000, 0x0000000800000000)
  region size 2048K, 2 young (4096K), 2 survivors (4096K)
 Metaspace       used 1048K, committed 1216K, reserved 917504K
  class space    used 73K, committed 128K, reserved 851968K
}
Event: 0.972 GC heap before
{Heap before GC invocations=1 (full 0):
 garbage-first heap   total 258048K, used 44303K [0x0000000700000000, 0x0000000800000000)
  region size 2048K, 20 young (40960K), 2 survivors (4096K)
 Metaspace       used 4359K, committed 4544K, reserved 917504K
  class space    used 541K, committed 640K, reserved 851968K
}
Event: 0.977 GC heap after
{Heap after GC invocations=2 (full 0):
 garbage-first heap   total 258048K, used 11948K [0x0000000700000000, 0x0000000800000000)
  region size 2048K, 3 young (6144K), 3 survivors (6144K)
 Metaspace       used 4359K, committed 4544K, reserved 917504K
  class space    used 541K, committed 640K, reserved 851968K
}
Event: 1.413 GC heap before
{Heap before GC invocations=2 (full 0):
 garbage-first heap   total 258048K, used 61100K [0x0000000700000000, 0x0000000800000000)
  region size 2048K, 27 young (55296K), 3 survivors (6144K)
 Metaspace       used 5733K, committed 5952K, reserved 917504K
  class space    used 747K, committed 832K, reserved 851968K
}
Event: 1.418 GC heap after
{Heap after GC invocations=3 (full 0):
 garbage-first heap   total 258048K, used 18187K [0x0000000700000000, 0x0000000800000000)
  region size 2048K, 4 young (8192K), 4 survivors (8192K)
 Metaspace       used 5733K, committed 5952K, reserved 917504K
  class space    used 747K, committed 832K, reserved 851968K
}

Dll operation events (15 events):
Event: 0.009 Loaded shared library E:\JAVA\bin\java.dll
Event: 0.028 Loaded shared library E:\JAVA\bin\jsvml.dll
Event: 0.067 Loaded shared library E:\JAVA\bin\zip.dll
Event: 0.068 Loaded shared library E:\JAVA\bin\instrument.dll
Event: 0.073 Loaded shared library E:\JAVA\bin\net.dll
Event: 0.075 Loaded shared library E:\JAVA\bin\nio.dll
Event: 0.077 Loaded shared library E:\JAVA\bin\zip.dll
Event: 0.255 Loaded shared library E:\JAVA\bin\jimage.dll
Event: 0.389 Loaded shared library E:\JAVA\bin\verify.dll
Event: 0.591 Loaded shared library E:\gradle\native\c067742578af261105cb4f569cf0c3c89f3d7b1fecec35dd04571415982c5e48\windows-amd64\native-platform.dll
Event: 0.597 Loaded shared library E:\gradle\native\100fb08df4bc3b14c8652ba06237920a3bd2aa13389f12d3474272988ae205f9\windows-amd64\native-platform-file-events.dll
Event: 1.452 Loaded shared library E:\JAVA\bin\management.dll
Event: 1.456 Loaded shared library E:\JAVA\bin\management_ext.dll
Event: 4.724 Loaded shared library E:\JAVA\bin\extnet.dll
Event: 9.977 Loaded shared library E:\JAVA\bin\sunmscapi.dll

Deoptimization events (20 events):
Event: 10.250 Thread 0x000001e37d7c79c0 Uncommon trap: trap_request=0xffffff45 fr.pc=0x000001e32e9a859c relative=0x000000000000027c
Event: 10.250 Thread 0x000001e37d7c79c0 Uncommon trap: reason=unstable_if action=reinterpret pc=0x000001e32e9a859c method=java.util.concurrent.ConcurrentHashMap.get(Ljava/lang/Object;)Ljava/lang/Object; @ 76 c2
Event: 10.250 Thread 0x000001e37d7c79c0 DEOPT PACKING pc=0x000001e32e9a859c sp=0x0000006d27dfba90
Event: 10.250 Thread 0x000001e37d7c79c0 DEOPT UNPACKING pc=0x000001e32e3969a3 sp=0x0000006d27dfb9f8 mode 2
Event: 11.643 Thread 0x000001e37d7c79c0 Uncommon trap: trap_request=0xffffff45 fr.pc=0x000001e32e900a78 relative=0x00000000000001d8
Event: 11.643 Thread 0x000001e37d7c79c0 Uncommon trap: reason=unstable_if action=reinterpret pc=0x000001e32e900a78 method=java.util.regex.Matcher.reset()Ljava/util/regex/Matcher; @ 47 c2
Event: 11.643 Thread 0x000001e37d7c79c0 DEOPT PACKING pc=0x000001e32e900a78 sp=0x0000006d27dfae80
Event: 11.643 Thread 0x000001e37d7c79c0 DEOPT UNPACKING pc=0x000001e32e3969a3 sp=0x0000006d27dfae08 mode 2
Event: 11.672 Thread 0x000001e37d7c79c0 Uncommon trap: trap_request=0xffffff45 fr.pc=0x000001e32e9d43f0 relative=0x00000000000003b0
Event: 11.672 Thread 0x000001e37d7c79c0 Uncommon trap: reason=unstable_if action=reinterpret pc=0x000001e32e9d43f0 method=java.lang.invoke.VarHandle.getTypesAndInvokers()Ljava/lang/invoke/VarHandle$TypesAndInvokers; @ 6 c2
Event: 11.672 Thread 0x000001e37d7c79c0 DEOPT PACKING pc=0x000001e32e9d43f0 sp=0x0000006d27dfb190
Event: 11.672 Thread 0x000001e37d7c79c0 DEOPT UNPACKING pc=0x000001e32e3969a3 sp=0x0000006d27dfb020 mode 2
Event: 11.672 Thread 0x000001e37d7c79c0 Uncommon trap: trap_request=0xffffff45 fr.pc=0x000001e32e9d3d94 relative=0x0000000000000074
Event: 11.672 Thread 0x000001e37d7c79c0 Uncommon trap: reason=unstable_if action=reinterpret pc=0x000001e32e9d3d94 method=jdk.internal.misc.Unsafe.convEndian(ZI)I @ 4 c2
Event: 11.672 Thread 0x000001e37d7c79c0 DEOPT PACKING pc=0x000001e32e9d3d94 sp=0x0000006d27dfb0b0
Event: 11.672 Thread 0x000001e37d7c79c0 DEOPT UNPACKING pc=0x000001e32e3969a3 sp=0x0000006d27dfafb8 mode 2
Event: 11.697 Thread 0x000001e37d7c79c0 Uncommon trap: trap_request=0xffffff45 fr.pc=0x000001e32e903368 relative=0x0000000000000b48
Event: 11.697 Thread 0x000001e37d7c79c0 Uncommon trap: reason=unstable_if action=reinterpret pc=0x000001e32e903368 method=java.io.WinNTFileSystem.resolve(Ljava/lang/String;Ljava/lang/String;)Ljava/lang/String; @ 19 c2
Event: 11.697 Thread 0x000001e37d7c79c0 DEOPT PACKING pc=0x000001e32e903368 sp=0x0000006d27dfb540
Event: 11.697 Thread 0x000001e37d7c79c0 DEOPT UNPACKING pc=0x000001e32e3969a3 sp=0x0000006d27dfb4e8 mode 2

Classes loaded (20 events):
Event: 11.670 Loading class sun/security/provider/SHA5$SHA512
Event: 11.670 Loading class sun/security/provider/SHA5
Event: 11.671 Loading class sun/security/provider/SHA5 done
Event: 11.671 Loading class sun/security/provider/SHA5$SHA512 done
Event: 11.672 Loading class sun/security/provider/ByteArrayAccess$LE
Event: 11.672 Loading class sun/security/provider/ByteArrayAccess$LE done
Event: 11.698 Loading class java/io/File$TempDirectory
Event: 11.698 Loading class java/io/File$TempDirectory done
Event: 11.702 Loading class java/io/PrintWriter
Event: 11.703 Loading class java/io/PrintWriter done
Event: 11.723 Loading class java/util/concurrent/Semaphore
Event: 11.724 Loading class java/util/concurrent/Semaphore done
Event: 11.725 Loading class java/nio/file/FileVisitOption
Event: 11.725 Loading class java/nio/file/FileVisitOption done
Event: 11.728 Loading class java/util/stream/ReduceOps$1
Event: 11.729 Loading class java/util/stream/ReduceOps$1 done
Event: 11.729 Loading class java/util/stream/ReduceOps$1ReducingSink
Event: 11.729 Loading class java/util/stream/ReduceOps$1ReducingSink done
Event: 11.879 Loading class java/util/function/LongFunction
Event: 11.879 Loading class java/util/function/LongFunction done

Classes unloaded (0 events):
No events

Classes redefined (0 events):
No events

Internal exceptions (20 events):
Event: 9.889 Thread 0x000001e31f2ae320 Exception <a 'java/lang/NoSuchMethodError'{0x000000070eec9c78}: 'void java.lang.invoke.DirectMethodHandle$Holder.invokeStatic(java.lang.Object, java.lang.Object, java.lang.Object)'> (0x000000070eec9c78) 
thrown [s\src\hotspot\share\interpreter\linkResolver.cpp, line 759]
Event: 9.918 Thread 0x000001e31f2ae320 Exception <a 'java/io/IOException'{0x000000070efe8538}> (0x000000070efe8538) 
thrown [s\src\hotspot\share\prims\jni.cpp, line 516]
Event: 9.927 Thread 0x000001e31f2ae320 Implicit null exception at 0x000001e32e92e855 to 0x000001e32e92ee60
Event: 9.934 Thread 0x000001e31f2ae320 Exception <a 'java/lang/NoSuchMethodError'{0x000000070ec47ce0}: 'java.lang.Object java.lang.invoke.DirectMethodHandle$Holder.newInvokeSpecial(java.lang.Object, java.lang.Object, java.lang.Object, java.lang.Object, java.lang.Object)'> (0x000000070ec47ce0) 
thrown [s\src\hotspot\share\interpreter\linkResolver.cpp, line 759]
Event: 10.062 Thread 0x000001e37cacad30 Exception <a 'java/lang/NoSuchMethodError'{0x000000070eb75e58}: 'void java.lang.invoke.DirectMethodHandle$Holder.invokeSpecial(java.lang.Object, java.lang.Object, java.lang.Object)'> (0x000000070eb75e58) 
thrown [s\src\hotspot\share\interpreter\linkResolver.cpp, line 759]
Event: 10.128 Thread 0x000001e37d7c79c0 Exception <a 'java/lang/NoSuchMethodError'{0x000000070e360510}: 'long java.lang.invoke.DirectMethodHandle$Holder.invokeInterface(java.lang.Object, java.lang.Object)'> (0x000000070e360510) 
thrown [s\src\hotspot\share\interpreter\linkResolver.cpp, line 759]
Event: 10.208 Thread 0x000001e37d7c79c0 Exception <a 'java/lang/NoSuchMethodError'{0x000000070dfca210}: 'void java.lang.invoke.DirectMethodHandle$Holder.invokeStatic(java.lang.Object, java.lang.Object)'> (0x000000070dfca210) 
thrown [s\src\hotspot\share\interpreter\linkResolver.cpp, line 759]
Event: 10.259 Thread 0x000001e37d7c79c0 Exception <a 'java/lang/NoSuchMethodError'{0x000000070dddffd8}: 'int java.lang.invoke.DirectMethodHandle$Holder.invokeVirtual(java.lang.Object, java.lang.Object, java.lang.Object)'> (0x000000070dddffd8) 
thrown [s\src\hotspot\share\interpreter\linkResolver.cpp, line 759]
Event: 10.379 Thread 0x000001e37d7c79c0 Exception <a 'java/lang/NoSuchMethodError'{0x000000070d86a2a8}: 'java.lang.Object java.lang.invoke.DirectMethodHandle$Holder.newInvokeSpecial(java.lang.Object, java.lang.Object, java.lang.Object, java.lang.Object, java.lang.Object, java.lang.Object)'> (0x000000070d86a2a8) 
thrown [s\src\hotspot\share\interpreter\linkResolver.cpp, line 759]
Event: 10.466 Thread 0x000001e37d7c79c0 Exception <a 'java/lang/NoSuchMethodError'{0x000000070d768020}: 'void java.lang.invoke.DelegatingMethodHandle$Holder.reinvoke_L(java.lang.Object, java.lang.Object, java.lang.Object, java.lang.Object, java.lang.Object, java.lang.Object, java.lang.Object, java.lang.Object, java.lang.Object, java.lang.Object)'> (0x000000070d768020) 
thrown [s\src\hotspot\share\interpreter\linkResolver.cpp, line 759]
Event: 10.467 Thread 0x000001e37d7c79c0 Exception <a 'java/lang/NoSuchMethodError'{0x000000070d770490}: 'java.lang.Object java.lang.invoke.DirectMethodHandle$Holder.invokeSpecial(java.lang.Object, java.lang.Object, java.lang.Object, java.lang.Object, java.lang.Object, java.lang.Object, java.lang.Object, java.lang.Object, java.lang.Object, java.lang.Object)'> (0x000000070d770490) 
thrown [s\src\hotspot\share\interpreter\linkResolver.cpp, line 759]
Event: 10.467 Thread 0x000001e37d7c79c0 Exception <a 'java/lang/NoSuchMethodError'{0x000000070d774d60}: 'java.lang.Object java.lang.invoke.Invokers$Holder.invoker(java.lang.Object, java.lang.Object, java.lang.Object, java.lang.Object, java.lang.Object, java.lang.Object, java.lang.Object, java.lang.Object, java.lang.Object, java.lang.Object)'> (0x000000070d774d60) 
thrown [s\src\hotspot\share\interpreter\linkResolver.cpp, line 759]
Event: 10.468 Thread 0x000001e37d7c79c0 Exception <a 'java/lang/NoSuchMethodError'{0x000000070d77a968}: 'java.lang.Object java.lang.invoke.DirectMethodHandle$Holder.invokeSpecial(java.lang.Object, java.lang.Object, java.lang.Object, java.lang.Object, java.lang.Object, java.lang.Object, java.lang.Object, java.lang.Object, java.lang.Object, java.lang.Object, java.lang.Object)'> (0x000000070d77a968) 
thrown [s\src\hotspot\share\interpreter\linkResolver.cpp, line 759]
Event: 10.666 Thread 0x000001e37d7c79c0 Exception <a 'java/lang/NoSuchMethodError'{0x000000070cee9e30}: 'java.lang.Object java.lang.invoke.DirectMethodHandle$Holder.newInvokeSpecial(java.lang.Object, java.lang.Object, int)'> (0x000000070cee9e30) 
thrown [s\src\hotspot\share\interpreter\linkResolver.cpp, line 759]
Event: 11.672 Thread 0x000001e37d7c79c0 Implicit null exception at 0x000001e32e9d4080 to 0x000001e32e9d43c0
Event: 11.726 Thread 0x000001e37d7c79c0 Exception <a 'java/lang/NoSuchMethodError'{0x000000070c714c40}: 'int java.lang.invoke.DirectMethodHandle$Holder.invokeSpecialIFC(java.lang.Object, java.lang.Object, java.lang.Object, java.lang.Object)'> (0x000000070c714c40) 
thrown [s\src\hotspot\share\interpreter\linkResolver.cpp, line 759]
Event: 11.728 Thread 0x000001e37d7c79c0 Exception <a 'java/lang/NoSuchMethodError'{0x000000070c723d28}: 'java.lang.Object java.lang.invoke.DirectMethodHandle$Holder.invokeInterface(java.lang.Object, java.lang.Object, java.lang.Object)'> (0x000000070c723d28) 
thrown [s\src\hotspot\share\interpreter\linkResolver.cpp, line 759]
Event: 11.728 Thread 0x000001e37d7c79c0 Exception <a 'java/lang/IncompatibleClassChangeError'{0x000000070c727be8}: Found class java.lang.Object, but interface was expected> (0x000000070c727be8) 
thrown [s\src\hotspot\share\interpreter\linkResolver.cpp, line 826]
Event: 11.764 Thread 0x000001e37d7c79c0 Exception <a 'java/lang/NoSuchMethodError'{0x000000070bd19e90}: 'int java.lang.invoke.DirectMethodHandle$Holder.invokeStatic(java.lang.Object, java.lang.Object, java.lang.Object, java.lang.Object)'> (0x000000070bd19e90) 
thrown [s\src\hotspot\share\interpreter\linkResolver.cpp, line 759]
Event: 11.764 Thread 0x000001e37d7c79c0 Exception <a 'java/lang/NoSuchMethodError'{0x000000070bd1dd60}: 'java.lang.Object java.lang.invoke.Invokers$Holder.invokeExact_MT(java.lang.Object, java.lang.Object, java.lang.Object, java.lang.Object, java.lang.Object, java.lang.Object)'> (0x000000070bd1dd60) 
thrown [s\src\hotspot\share\interpreter\linkResolver.cpp, line 759]

VM Operations (20 events):
Event: 1.567 Executing VM operation: HandshakeAllThreads
Event: 1.567 Executing VM operation: HandshakeAllThreads done
Event: 2.568 Executing VM operation: Cleanup
Event: 2.568 Executing VM operation: Cleanup done
Event: 4.689 Executing VM operation: HandshakeAllThreads
Event: 4.689 Executing VM operation: HandshakeAllThreads done
Event: 5.701 Executing VM operation: Cleanup
Event: 5.701 Executing VM operation: Cleanup done
Event: 9.720 Executing VM operation: Cleanup
Event: 9.720 Executing VM operation: Cleanup done
Event: 9.887 Executing VM operation: HandshakeAllThreads
Event: 9.887 Executing VM operation: HandshakeAllThreads done
Event: 9.959 Executing VM operation: HandshakeAllThreads
Event: 9.959 Executing VM operation: HandshakeAllThreads done
Event: 10.965 Executing VM operation: Cleanup
Event: 10.965 Executing VM operation: Cleanup done
Event: 11.805 Executing VM operation: HandshakeAllThreads
Event: 11.805 Executing VM operation: HandshakeAllThreads done
Event: 11.805 Executing VM operation: HandshakeAllThreads
Event: 11.805 Executing VM operation: HandshakeAllThreads done

Memory protections (0 events):
No events

Nmethod flushes (0 events):
No events

Events (20 events):
Event: 1.486 Thread 0x000001e31f2ae320 Thread added: 0x000001e37d6d0090
Event: 2.504 Thread 0x000001e37c211bd0 Thread exited: 0x000001e37c211bd0
Event: 2.504 Thread 0x000001e3426ac4b0 Thread exited: 0x000001e3426ac4b0
Event: 9.860 Thread 0x000001e31f2ae320 Thread added: 0x000001e37de6b390
Event: 9.941 Thread 0x000001e31f2ae320 Thread added: 0x000001e37c8d1f00
Event: 10.016 Thread 0x000001e37de6b390 Thread added: 0x000001e37cacad30
Event: 10.023 Thread 0x000001e37cacad30 Thread added: 0x000001e37d7c6a90
Event: 10.057 Thread 0x000001e37cacad30 Thread added: 0x000001e37d7c7ed0
Event: 10.063 Thread 0x000001e37cacad30 Thread added: 0x000001e37d7c79c0
Event: 10.076 Thread 0x000001e37d7c79c0 Thread added: 0x000001e37d7c74b0
Event: 10.079 Thread 0x000001e37d7c79c0 Thread added: 0x000001e37d7c88f0
Event: 10.082 Thread 0x000001e37d7c79c0 Thread added: 0x000001e37d7c6070
Event: 10.140 Thread 0x000001e341c2bd70 Thread added: 0x000001e37c886b30
Event: 10.378 Thread 0x000001e37c886b30 Thread exited: 0x000001e37c886b30
Event: 10.617 Thread 0x000001e341c2bd70 Thread added: 0x000001e37c886b30
Event: 10.662 Thread 0x000001e37d7c79c0 Thread added: 0x000001e37d7c9310
Event: 10.684 Thread 0x000001e37d7c79c0 Thread added: 0x000001e37d7c83e0
Event: 11.420 Thread 0x000001e37c886b30 Thread exited: 0x000001e37c886b30
Event: 11.661 Thread 0x000001e37d7c79c0 Thread added: 0x000001e37d7c6fa0
Event: 11.878 Thread 0x000001e341c2bd70 Thread added: 0x000001e37c8875d0


Dynamic libraries:
0x00007ff6972c0000 - 0x00007ff6972ce000 	E:\JAVA\bin\java.exe
0x00007ffad2460000 - 0x00007ffad26c6000 	C:\WINDOWS\SYSTEM32\ntdll.dll
0x00007ffad12a0000 - 0x00007ffad1369000 	C:\WINDOWS\System32\KERNEL32.DLL
0x00007ffacfdd0000 - 0x00007ffad01ca000 	C:\WINDOWS\System32\KERNELBASE.dll
0x00007ffacfc80000 - 0x00007ffacfdcc000 	C:\WINDOWS\System32\ucrtbase.dll
0x00007ffab9050000 - 0x00007ffab9068000 	E:\JAVA\bin\jli.dll
0x00007ffaaf7e0000 - 0x00007ffaaf7fe000 	E:\JAVA\bin\VCRUNTIME140.dll
0x00007ffad2250000 - 0x00007ffad2417000 	C:\WINDOWS\System32\USER32.dll
0x00007ffacf910000 - 0x00007ffacf937000 	C:\WINDOWS\System32\win32u.dll
0x00007ffaba700000 - 0x00007ffaba992000 	C:\WINDOWS\WinSxS\amd64_microsoft.windows.common-controls_6595b64144ccf1df_6.0.26100.8521_none_3e08b75ce33403b3\COMCTL32.dll
0x00007ffad1820000 - 0x00007ffad18c9000 	C:\WINDOWS\System32\msvcrt.dll
0x00007ffad18d0000 - 0x00007ffad18fb000 	C:\WINDOWS\System32\GDI32.dll
0x00007ffacfac0000 - 0x00007ffacfbeb000 	C:\WINDOWS\System32\gdi32full.dll
0x00007ffacf7b0000 - 0x00007ffacf853000 	C:\WINDOWS\System32\msvcp_win.dll
0x00007ffad01d0000 - 0x00007ffad0202000 	C:\WINDOWS\System32\IMM32.DLL
0x00007ffabdba0000 - 0x00007ffabdbac000 	E:\JAVA\bin\vcruntime140_1.dll
0x00007ffa6fc50000 - 0x00007ffa6fcdd000 	E:\JAVA\bin\msvcp140.dll
0x00007ffa547d0000 - 0x00007ffa5543b000 	E:\JAVA\bin\server\jvm.dll
0x00007ffad0e60000 - 0x00007ffad0f16000 	C:\WINDOWS\System32\ADVAPI32.dll
0x00007ffad1900000 - 0x00007ffad19aa000 	C:\WINDOWS\System32\sechost.dll
0x00007ffad1700000 - 0x00007ffad1818000 	C:\WINDOWS\System32\RPCRT4.dll
0x00007ffad1a20000 - 0x00007ffad1aa0000 	C:\WINDOWS\System32\WS2_32.dll
0x00007ffacf550000 - 0x00007ffacf5ae000 	C:\WINDOWS\SYSTEM32\POWRPROF.dll
0x00007ffaba9a0000 - 0x00007ffaba9d6000 	C:\WINDOWS\SYSTEM32\WINMM.dll
0x00007ffabefa0000 - 0x00007ffabefab000 	C:\WINDOWS\SYSTEM32\VERSION.dll
0x00007ffacf530000 - 0x00007ffacf544000 	C:\WINDOWS\SYSTEM32\UMPDC.dll
0x00007fface440000 - 0x00007fface45b000 	C:\WINDOWS\SYSTEM32\kernel.appcore.dll
0x00007ffabdb10000 - 0x00007ffabdb1a000 	E:\JAVA\bin\jimage.dll
0x00007ffacce70000 - 0x00007ffacd0b2000 	C:\WINDOWS\SYSTEM32\DBGHELP.DLL
0x00007ffad0ad0000 - 0x00007ffad0e53000 	C:\WINDOWS\System32\combase.dll
0x00007ffad0fb0000 - 0x00007ffad1089000 	C:\WINDOWS\System32\OLEAUT32.dll
0x00007ffabb1d0000 - 0x00007ffabb20b000 	C:\WINDOWS\SYSTEM32\dbgcore.DLL
0x00007ffacf860000 - 0x00007ffacf908000 	C:\WINDOWS\System32\bcryptPrimitives.dll
0x00007ffabd980000 - 0x00007ffabd98e000 	E:\JAVA\bin\instrument.dll
0x00007ffaa66f0000 - 0x00007ffaa6715000 	E:\JAVA\bin\java.dll
0x00007ffa66e60000 - 0x00007ffa66f37000 	E:\JAVA\bin\jsvml.dll
0x00007ffad1ab0000 - 0x00007ffad2234000 	C:\WINDOWS\System32\SHELL32.dll
0x00007ffacd270000 - 0x00007ffacdaf0000 	C:\WINDOWS\SYSTEM32\windows.storage.dll
0x00007ffad0850000 - 0x00007ffad0946000 	C:\WINDOWS\System32\SHCORE.dll
0x00007ffad0720000 - 0x00007ffad0787000 	C:\WINDOWS\System32\shlwapi.dll
0x00007ffacf610000 - 0x00007ffacf639000 	C:\WINDOWS\SYSTEM32\profapi.dll
0x00007ffaa8ed0000 - 0x00007ffaa8ee8000 	E:\JAVA\bin\zip.dll
0x00007ffaac140000 - 0x00007ffaac15a000 	E:\JAVA\bin\net.dll
0x00007ffabfa20000 - 0x00007ffabfb49000 	C:\WINDOWS\SYSTEM32\WINHTTP.dll
0x00007fface990000 - 0x00007fface9fc000 	C:\WINDOWS\system32\mswsock.dll
0x00007ffaaa3c0000 - 0x00007ffaaa3d6000 	E:\JAVA\bin\nio.dll
0x00007ffabb4b0000 - 0x00007ffabb4c0000 	E:\JAVA\bin\verify.dll
0x00007ffab9210000 - 0x00007ffab9237000 	E:\gradle\native\c067742578af261105cb4f569cf0c3c89f3d7b1fecec35dd04571415982c5e48\windows-amd64\native-platform.dll
0x00007ffa94160000 - 0x00007ffa942a4000 	E:\gradle\native\100fb08df4bc3b14c8652ba06237920a3bd2aa13389f12d3474272988ae205f9\windows-amd64\native-platform-file-events.dll
0x00007ffabda90000 - 0x00007ffabda9a000 	E:\JAVA\bin\management.dll
0x00007ffabd990000 - 0x00007ffabd99c000 	E:\JAVA\bin\management_ext.dll
0x00007ffad2240000 - 0x00007ffad2248000 	C:\WINDOWS\System32\PSAPI.DLL
0x00007ffaced90000 - 0x00007ffacedab000 	C:\WINDOWS\SYSTEM32\CRYPTSP.dll
0x00007fface3a0000 - 0x00007fface3d9000 	C:\WINDOWS\system32\rsaenh.dll
0x00007ffacea40000 - 0x00007ffacea73000 	C:\WINDOWS\SYSTEM32\USERENV.dll
0x00007ffacf5e0000 - 0x00007ffacf60a000 	C:\WINDOWS\SYSTEM32\bcrypt.dll
0x00007ffacebf0000 - 0x00007ffacebfc000 	C:\WINDOWS\SYSTEM32\CRYPTBASE.dll
0x00007ffacde20000 - 0x00007ffacde53000 	C:\WINDOWS\SYSTEM32\IPHLPAPI.DLL
0x00007ffad19b0000 - 0x00007ffad19ba000 	C:\WINDOWS\System32\NSI.dll
0x00007ffac44d0000 - 0x00007ffac44ed000 	C:\WINDOWS\SYSTEM32\dhcpcsvc6.DLL
0x00007ffac44a0000 - 0x00007ffac44c5000 	C:\WINDOWS\SYSTEM32\dhcpcsvc.DLL
0x00007ffacdeb0000 - 0x00007ffacdffa000 	C:\WINDOWS\SYSTEM32\DNSAPI.dll
0x00007fface7d0000 - 0x00007fface7dd000 	C:\WINDOWS\SYSTEM32\DSPARSE.dll
0x00007ffabd7f0000 - 0x00007ffabd7f9000 	E:\JAVA\bin\extnet.dll
0x00007ffabdaa0000 - 0x00007ffabdaae000 	E:\JAVA\bin\sunmscapi.dll
0x00007ffacf940000 - 0x00007ffacfab8000 	C:\WINDOWS\System32\CRYPT32.dll
0x00007ffaceef0000 - 0x00007ffacef20000 	C:\WINDOWS\SYSTEM32\ncrypt.dll
0x00007ffaceea0000 - 0x00007ffaceedf000 	C:\WINDOWS\SYSTEM32\NTASN1.dll
0x00007ffab7250000 - 0x00007ffab7258000 	C:\WINDOWS\system32\wshunix.dll

dbghelp: loaded successfully - version: 4.0.5 - missing functions: none
symbol engine: initialized successfully - sym options: 0x614 - pdb path: .;E:\JAVA\bin;C:\WINDOWS\SYSTEM32;C:\WINDOWS\WinSxS\amd64_microsoft.windows.common-controls_6595b64144ccf1df_6.0.26100.8521_none_3e08b75ce33403b3;E:\JAVA\bin\server;E:\gradle\native\c067742578af261105cb4f569cf0c3c89f3d7b1fecec35dd04571415982c5e48\windows-amd64;E:\gradle\native\100fb08df4bc3b14c8652ba06237920a3bd2aa13389f12d3474272988ae205f9\windows-amd64

VM Arguments:
jvm_args: --add-opens=java.base/java.lang=ALL-UNNAMED --add-opens=java.base/java.lang.invoke=ALL-UNNAMED --add-opens=java.base/java.util=ALL-UNNAMED --add-opens=java.prefs/java.util.prefs=ALL-UNNAMED --add-exports=jdk.compiler/com.sun.tools.javac.api=ALL-UNNAMED --add-exports=jdk.compiler/com.sun.tools.javac.util=ALL-UNNAMED --add-opens=java.base/java.util=ALL-UNNAMED --add-opens=java.prefs/java.util.prefs=ALL-UNNAMED --add-opens=java.base/java.nio.charset=ALL-UNNAMED --add-opens=java.base/java.net=ALL-UNNAMED --add-opens=java.base/java.util.concurrent.atomic=ALL-UNNAMED --add-opens=java.xml/javax.xml.namespace=ALL-UNNAMED -XX:MaxMetaspaceSize=1024m -Xmx4096m -Dfile.encoding=UTF-8 -Duser.country=US -Duser.language=en -Duser.variant -javaagent:E:\gradle\wrapper\dists\gradle-8.11.1-all\2qik7nd48slq1ooc2496ixf4i\gradle-8.11.1\lib\agents\gradle-instrumentation-agent-8.11.1.jar 
java_command: org.gradle.launcher.daemon.bootstrap.GradleDaemon 8.11.1
java_class_path (initial): E:\gradle\wrapper\dists\gradle-8.11.1-all\2qik7nd48slq1ooc2496ixf4i\gradle-8.11.1\lib\gradle-daemon-main-8.11.1.jar
Launcher Type: SUN_STANDARD

[Global flags]
     intx CICompilerCount                          = 4                                         {product} {ergonomic}
   size_t CompressedClassSpaceSize                 = 872415232                                 {product} {ergonomic}
     uint ConcGCThreads                            = 2                                         {product} {ergonomic}
     uint G1ConcRefinementThreads                  = 8                                         {product} {ergonomic}
   size_t G1HeapRegionSize                         = 2097152                                   {product} {ergonomic}
    uintx GCDrainStackTargetSize                   = 64                                        {product} {ergonomic}
   size_t InitialHeapSize                          = 264241152                                 {product} {ergonomic}
   size_t MarkStackSize                            = 4194304                                   {product} {ergonomic}
   size_t MaxHeapSize                              = 4294967296                                {product} {command line}
   size_t MaxMetaspaceSize                         = 1073741824                                {product} {command line}
   size_t MaxNewSize                               = 2575302656                                {product} {ergonomic}
   size_t MinHeapDeltaBytes                        = 2097152                                   {product} {ergonomic}
   size_t MinHeapSize                              = 8388608                                   {product} {ergonomic}
    uintx NonNMethodCodeHeapSize                   = 5839372                                {pd product} {ergonomic}
    uintx NonProfiledCodeHeapSize                  = 122909434                              {pd product} {ergonomic}
    uintx ProfiledCodeHeapSize                     = 122909434                              {pd product} {ergonomic}
    uintx ReservedCodeCacheSize                    = 251658240                              {pd product} {ergonomic}
     bool SegmentedCodeCache                       = true                                      {product} {ergonomic}
   size_t SoftMaxHeapSize                          = 4294967296                             {manageable} {ergonomic}
     bool UseCompressedClassPointers               = true                           {product lp64_product} {ergonomic}
     bool UseCompressedOops                        = true                           {product lp64_product} {ergonomic}
     bool UseG1GC                                  = true                                      {product} {ergonomic}
     bool UseLargePagesIndividualAllocation        = false                                  {pd product} {ergonomic}

Logging:
Log output configuration:
 #0: stdout all=warning uptime,level,tags
 #1: stderr all=off uptime,level,tags

Environment Variables:
JAVA_HOME=E:\JAVA
CLASSPATH=E:\voice_test\android\\gradle\wrapper\gradle-wrapper.jar
PATH=E:\JAVA\bin;C:\Program Files\Common Files\Oracle\Java\javapath;C:\WINDOWS\system32;C:\WINDOWS;C:\WINDOWS\System32\Wbem;C:\WINDOWS\System32\WindowsPowerShell\v1.0\;C:\WINDOWS\System32\OpenSSH\;C:\Program Files\Git\cmd;C:\Program Files\Microsoft SQL Server\170\Tools\Binn\;C:\Program Files\Microsoft SQL Server\Client SDK\ODBC\170\Tools\Binn\;C:\Program Files\Microsoft SQL Server\170\DTS\Binn\;C:\Program Files\dotnet\;D:\Basira\;C:\ProgramData\chocolatey\bin;E:\JAVA\bin;E:\DOWNLOAD\New folder (2)\bin;C:\Program Files\Common Files\Oracle\Java\javapath;C:\WINDOWS\system32;C:\WINDOWS;C:\WINDOWS\System32\Wbem;C:\WINDOWS\System32\WindowsPowerShell\v1.0\;C:\WINDOWS\System32\OpenSSH\;C:\Program Files\Git\cmd;C:\Program Files\Microsoft SQL Server\170\Tools\Binn\;C:\Program Files\Microsoft SQL Server\Client SDK\ODBC\170\Tools\Binn\;C:\Program Files\Microsoft SQL Server\170\DTS\Binn\;C:\Program Files\dotnet\;D:\Basira\;C:\ProgramData\chocolatey\bin;C:\WINDOWS\system32;C:\WINDOWS;C:\WINDOWS\System32\Wbem;C:\WINDOWS\System32\WindowsPowerShell\v1.0\;C:\WINDOWS\System32\OpenSSH\;C:\Program Files\Git\cmd;C:\Program Files\Microsoft SQL Server\170\Tools\Binn\;C:\Program Files\Microsoft SQL Server\Client SDK\ODBC\170\Tools\Binn\;C:\Program Files\Microsoft SQL Server\170\DTS\Binn\;C:\Program Files\dotnet\;D:\Basira\;C:\ProgramData\chocolatey\bin;C:\Users\DELL\AppData\Local\Programs\Python\Python310\Scripts\;C:\Users\DELL\AppData\Local\Programs\Python\Python310\;C:\Users\DELL\AppData\Local\Prog;E:\flutter\bin;D:\download\Antigravity\bin;;c:\Users\DELL\.antigravity\extensions\ms-python.debugpy-2026.6.0-win32-x64\bundled\scripts\noConfigScripts;E:\flutter\bin\mingit\cmd
USERNAME=DELL
LANG=en_US.UTF-8
OS=Windows_NT
PROCESSOR_IDENTIFIER=Intel64 Family 6 Model 142 Stepping 12, GenuineIntel
TMP=C:\Users\DELL\AppData\Local\Temp
TEMP=C:\Users\DELL\AppData\Local\Temp



Periodic native trim disabled


---------------  S Y S T E M  ---------------

OS:
 Windows 11 , 64 bit Build 26100 (10.0.26100.8521)
OS uptime: 1 days 6:53 hours
Hyper-V role detected

CPU: total 8 (initial active 8) (4 cores per cpu, 2 threads per core) family 6 model 142 stepping 12 microcode 0xf8, cx8, cmov, fxsr, ht, mmx, 3dnowpref, sse, sse2, sse3, ssse3, sse4.1, sse4.2, popcnt, lzcnt, tsc, tscinvbit, avx, avx2, aes, erms, clmul, bmi1, bmi2, adx, fma, vzeroupper, clflush, clflushopt, hv
Processor Information for all 8 processors :
  Max Mhz: 2304, Current Mhz: 1803, Mhz Limit: 1797

Memory: 4k page, system-wide physical 16043M (2885M free)
TotalPageFile size 19121M (AvailPageFile size 5M)
current process WorkingSet (physical memory assigned to process): 187M, peak: 187M
current process commit charge ("private bytes"): 406M, peak: 408M

vm_info: OpenJDK 64-Bit Server VM (17.0.18+8) for windows-amd64 JRE (17.0.18+8), built on Jan 20 2026 22:28:22 by "admin" with MS VC++ 17.12 (VS2022)

END.
