#
# There is insufficient memory for the Java Runtime Environment to continue.
# Native memory allocation (malloc) failed to allocate 1187376 bytes. Error detail: Chunk::new
# Possible reasons:
#   The system is out of physical RAM or swap space
#   This process is running with CompressedOops enabled, and the Java Heap may be blocking the growth of the native heap
# Possible solutions:
#   Reduce memory load on the system
#   Increase physical memory or swap space
#   Check if swap backing store is full
#   Decrease Java heap size (-Xmx/-Xms)
#   Decrease number of Java threads
#   Decrease Java thread stack sizes (-Xss)
#   Set larger code cache with -XX:ReservedCodeCacheSize=
#   JVM is running with Unscaled Compressed Oops mode in which the Java heap is
#     placed in the first 4GB address space. The Java Heap base address is the
#     maximum limit for the native heap growth. Please use -XX:HeapBaseMinAddress
#     to set the Java Heap base and to place the Java Heap above 4GB virtual address.
# This output file may be truncated or incomplete.
#
#  Out of Memory Error (arena.cpp:191), pid=5072, tid=13580
#
# JRE version: OpenJDK Runtime Environment Temurin-17.0.18+8 (17.0.18+8) (build 17.0.18+8)
# Java VM: OpenJDK 64-Bit Server VM Temurin-17.0.18+8 (17.0.18+8, mixed mode, sharing, tiered, compressed oops, compressed class ptrs, g1 gc, windows-amd64)
# No core dump will be written. Minidumps are not enabled by default on client versions of Windows
#

---------------  S U M M A R Y ------------

Command Line: --add-opens=java.base/java.lang=ALL-UNNAMED --add-opens=java.base/java.lang.invoke=ALL-UNNAMED --add-opens=java.base/java.util=ALL-UNNAMED --add-opens=java.prefs/java.util.prefs=ALL-UNNAMED --add-exports=jdk.compiler/com.sun.tools.javac.api=ALL-UNNAMED --add-exports=jdk.compiler/com.sun.tools.javac.util=ALL-UNNAMED --add-opens=java.base/java.util=ALL-UNNAMED --add-opens=java.prefs/java.util.prefs=ALL-UNNAMED --add-opens=java.base/java.nio.charset=ALL-UNNAMED --add-opens=java.base/java.net=ALL-UNNAMED --add-opens=java.base/java.util.concurrent.atomic=ALL-UNNAMED --add-opens=java.xml/javax.xml.namespace=ALL-UNNAMED -XX:MaxMetaspaceSize=256m -Xss256k -Xmx1024M -Dfile.encoding=windows-1252 -Duser.country=US -Duser.language=en -Duser.variant -javaagent:E:\gradle\wrapper\dists\gradle-8.11.1-all\2qik7nd48slq1ooc2496ixf4i\gradle-8.11.1\lib\agents\gradle-instrumentation-agent-8.11.1.jar org.gradle.launcher.daemon.bootstrap.GradleDaemon 8.11.1

Host: Intel(R) Core(TM) i7-10610U CPU @ 1.80GHz, 8 cores, 15G,  Windows 11 , 64 bit Build 26100 (10.0.26100.8521)
Time: Wed Jun 10 18:46:11 2026 Egypt Daylight Time elapsed time: 25.342965 seconds (0d 0h 0m 25s)

---------------  T H R E A D  ---------------

Current thread (0x000001e4dc2bdf70):  JavaThread "C2 CompilerThread2" daemon [_thread_in_native, id=13580, stack(0x000000af809c0000,0x000000af80ac0000)]


Current CompileTask:
C2:25343 11370       4       com.sun.beans.TypeResolver::resolve (37 bytes)

Stack: [0x000000af809c0000,0x000000af80ac0000]
Native frames: (J=compiled Java code, j=interpreted, Vv=VM code, C=native code)
V  [jvm.dll+0x6846f9]
V  [jvm.dll+0x839ea5]
V  [jvm.dll+0x83b91e]
V  [jvm.dll+0x83bfa3]
V  [jvm.dll+0x248eff]
V  [jvm.dll+0xad496]
V  [jvm.dll+0xadb3c]
V  [jvm.dll+0x2b05df]
V  [jvm.dll+0x58acf5]
V  [jvm.dll+0x222e84]
V  [jvm.dll+0x22327d]
V  [jvm.dll+0x21bfdb]
V  [jvm.dll+0x2190fe]
V  [jvm.dll+0x1a4920]
V  [jvm.dll+0x22989a]
V  [jvm.dll+0x227a4b]
V  [jvm.dll+0x7f0658]
V  [jvm.dll+0x7eaaec]
V  [jvm.dll+0x6835c7]
C  [ucrtbase.dll+0x2cd30]
C  [KERNEL32.DLL+0x2e957]
C  [ntdll.dll+0x87c1c]


---------------  P R O C E S S  ---------------

Threads class SMR info:
_java_thread_list=0x000001e4de39e5e0, length=57, elements={
0x000001e4a62bff80, 0x000001e4c3f32270, 0x000001e4c3f32d40, 0x000001e4d61186c0,
0x000001e4d6118f90, 0x000001e4d6119860, 0x000001e4d611a130, 0x000001e4d6127250,
0x000001e4d612d3b0, 0x000001e4d612ded0, 0x000001e4c3f16090, 0x000001e4d6326f10,
0x000001e4d7ecf6d0, 0x000001e4d699ae70, 0x000001e4d7d63620, 0x000001e4d650be30,
0x000001e4d8099040, 0x000001e4d7a5f430, 0x000001e4d7a5f940, 0x000001e4d7a5dff0,
0x000001e4d7a5dae0, 0x000001e4d7a5e500, 0x000001e4d7a5ea10, 0x000001e4d7a60360,
0x000001e4d7a5ef20, 0x000001e4d7a5d0c0, 0x000001e4d7a5d5d0, 0x000001e4d84ca1d0,
0x000001e4d84ca6e0, 0x000001e4d84cabf0, 0x000001e4d84cb100, 0x000001e4d84c97b0,
0x000001e4d84cd470, 0x000001e4d84cd980, 0x000001e4d84cbb20, 0x000001e4d84cde90,
0x000001e4d84ce3a0, 0x000001e4d84cedc0, 0x000001e4d84cf7e0, 0x000001e4d84cc030,
0x000001e4d84d1130, 0x000001e4d97b6db0, 0x000001e4d97b72c0, 0x000001e4d97b9120,
0x000001e4d97b8c10, 0x000001e4d97b5970, 0x000001e4d97b77d0, 0x000001e4d97b7ce0,
0x000001e4d97b5e80, 0x000001e4d97b6390, 0x000001e4d97baa70, 0x000001e4d97bbeb0,
0x000001e4d97baf80, 0x000001e4dc2bfa00, 0x000001e4dc2bdf70, 0x000001e4d97bcde0,
0x000001e4d97ba560
}

Java Threads: ( => current thread )
  0x000001e4a62bff80 JavaThread "main" [_thread_blocked, id=4748, stack(0x000000affe3c0000,0x000000affe400000)]
  0x000001e4c3f32270 JavaThread "Reference Handler" daemon [_thread_blocked, id=11388, stack(0x000000afff000000,0x000000afff040000)]
  0x000001e4c3f32d40 JavaThread "Finalizer" daemon [_thread_blocked, id=18956, stack(0x000000afff040000,0x000000afff080000)]
  0x000001e4d61186c0 JavaThread "Signal Dispatcher" daemon [_thread_blocked, id=5028, stack(0x000000afff080000,0x000000afff0c0000)]
  0x000001e4d6118f90 JavaThread "Attach Listener" daemon [_thread_blocked, id=18656, stack(0x000000afff0c0000,0x000000afff100000)]
  0x000001e4d6119860 JavaThread "Service Thread" daemon [_thread_blocked, id=9396, stack(0x000000afff100000,0x000000afff140000)]
  0x000001e4d611a130 JavaThread "Monitor Deflation Thread" daemon [_thread_blocked, id=5432, stack(0x000000afff140000,0x000000afff180000)]
  0x000001e4d6127250 JavaThread "C2 CompilerThread0" daemon [_thread_in_native, id=8592, stack(0x000000afff180000,0x000000afff280000)]
  0x000001e4d612d3b0 JavaThread "C1 CompilerThread0" daemon [_thread_in_native, id=3472, stack(0x000000afff280000,0x000000afff380000)]
  0x000001e4d612ded0 JavaThread "Sweeper thread" daemon [_thread_blocked, id=19888, stack(0x000000afff380000,0x000000afff3c0000)]
  0x000001e4c3f16090 JavaThread "Common-Cleaner" daemon [_thread_blocked, id=18712, stack(0x000000afff3c0000,0x000000afff400000)]
  0x000001e4d6326f10 JavaThread "Notification Thread" daemon [_thread_blocked, id=1976, stack(0x000000afff400000,0x000000afff440000)]
  0x000001e4d7ecf6d0 JavaThread "Daemon health stats" [_thread_blocked, id=2416, stack(0x000000afffc40000,0x000000afffc80000)]
  0x000001e4d699ae70 JavaThread "Incoming local TCP Connector on port 60167" [_thread_in_native, id=11444, stack(0x000000afff540000,0x000000afff580000)]
  0x000001e4d7d63620 JavaThread "Daemon periodic checks" [_thread_blocked, id=16044, stack(0x000000afff580000,0x000000afff5c0000)]
  0x000001e4d650be30 JavaThread "Daemon" [_thread_blocked, id=13640, stack(0x000000afff5c0000,0x000000afff600000)]
  0x000001e4d8099040 JavaThread "Handler for socket connection from /127.0.0.1:60167 to /127.0.0.1:60168" [_thread_in_native, id=2728, stack(0x000000afff600000,0x000000afff640000)]
  0x000001e4d7a5f430 JavaThread "Cancel handler" [_thread_blocked, id=18796, stack(0x000000afff640000,0x000000afff680000)]
  0x000001e4d7a5f940 JavaThread "Daemon worker" [_thread_in_Java, id=2752, stack(0x000000afff680000,0x000000afff6c0000)]
  0x000001e4d7a5dff0 JavaThread "Asynchronous log dispatcher for DefaultDaemonConnection: socket connection from /127.0.0.1:60167 to /127.0.0.1:60168" [_thread_blocked, id=2116, stack(0x000000afff6c0000,0x000000afff700000)]
  0x000001e4d7a5dae0 JavaThread "Stdin handler" [_thread_blocked, id=18868, stack(0x000000afff700000,0x000000afff740000)]
  0x000001e4d7a5e500 JavaThread "Daemon client event forwarder" [_thread_blocked, id=14456, stack(0x000000afffc80000,0x000000afffcc0000)]
  0x000001e4d7a5ea10 JavaThread "Cache worker for journal cache (E:\gradle\caches\journal-1)" [_thread_blocked, id=8040, stack(0x000000afffdc0000,0x000000afffe00000)]
  0x000001e4d7a60360 JavaThread "File lock request listener" [_thread_in_native, id=10500, stack(0x000000afffe00000,0x000000afffe40000)]
  0x000001e4d7a5ef20 JavaThread "Cache worker for file hash cache (E:\gradle\caches\8.11.1\fileHashes)" [_thread_blocked, id=5752, stack(0x000000afffe40000,0x000000afffe80000)]
  0x000001e4d7a5d0c0 JavaThread "Cache worker for file content cache (E:\gradle\caches\8.11.1\fileContent)" [_thread_blocked, id=4524, stack(0x000000afffe80000,0x000000afffec0000)]
  0x000001e4d7a5d5d0 JavaThread "Cache worker for file hash cache (E:\voice_test\android\.gradle\8.11.1\fileHashes)" [_thread_blocked, id=8684, stack(0x000000affffc0000,0x000000b000000000)]
  0x000001e4d84ca1d0 JavaThread "Cache worker for Build Output Cleanup Cache (E:\voice_test\android\.gradle\buildOutputCleanup)" [_thread_blocked, id=9876, stack(0x000000af80000000,0x000000af80040000)]
  0x000001e4d84ca6e0 JavaThread "File watcher server" daemon [_thread_in_native, id=19288, stack(0x000000af80340000,0x000000af80380000)]
  0x000001e4d84cabf0 JavaThread "File watcher consumer" daemon [_thread_blocked, id=12860, stack(0x000000af80380000,0x000000af803c0000)]
  0x000001e4d84cb100 JavaThread "Cache worker for checksums cache (E:\voice_test\android\.gradle\8.11.1\checksums)" [_thread_blocked, id=20144, stack(0x000000af803c0000,0x000000af80400000)]
  0x000001e4d84c97b0 JavaThread "Cache worker for cache directory md-rule (E:\gradle\caches\8.11.1\md-rule)" [_thread_blocked, id=19060, stack(0x000000af80400000,0x000000af80440000)]
  0x000001e4d84cd470 JavaThread "Cache worker for cache directory md-supplier (E:\gradle\caches\8.11.1\md-supplier)" [_thread_blocked, id=1928, stack(0x000000af80440000,0x000000af80480000)]
  0x000001e4d84cd980 JavaThread "jar transforms" [_thread_blocked, id=19820, stack(0x000000af80680000,0x000000af806c0000)]
  0x000001e4d84cbb20 JavaThread "Cache worker for Build Output Cleanup Cache (D:\flutter\packages\flutter_tools\gradle\.gradle\buildOutputCleanup)" [_thread_blocked, id=8596, stack(0x000000af806c0000,0x000000af80700000)]
  0x000001e4d84cde90 JavaThread "Unconstrained build operations" [_thread_blocked, id=6932, stack(0x000000af80700000,0x000000af80740000)]
  0x000001e4d84ce3a0 JavaThread "Unconstrained build operations Thread 2" [_thread_blocked, id=19416, stack(0x000000af80740000,0x000000af80780000)]
  0x000001e4d84cedc0 JavaThread "Unconstrained build operations Thread 3" [_thread_blocked, id=10496, stack(0x000000af80580000,0x000000af805c0000)]
  0x000001e4d84cf7e0 JavaThread "Memory manager" [_thread_blocked, id=14068, stack(0x000000af805c0000,0x000000af80600000)]
  0x000001e4d84cc030 JavaThread "build event listener" [_thread_blocked, id=1732, stack(0x000000af80480000,0x000000af804c0000)]
  0x000001e4d84d1130 JavaThread "included builds" [_thread_blocked, id=19228, stack(0x000000af804c0000,0x000000af80500000)]
  0x000001e4d97b6db0 JavaThread "Cache worker for execution history cache (D:\flutter\packages\flutter_tools\gradle\.gradle\8.11.1\executionHistory)" [_thread_blocked, id=19284, stack(0x000000af80500000,0x000000af80540000)]
  0x000001e4d97b72c0 JavaThread "Unconstrained build operations Thread 4" [_thread_blocked, id=7360, stack(0x000000af80540000,0x000000af80580000)]
  0x000001e4d97b9120 JavaThread "Unconstrained build operations Thread 5" [_thread_blocked, id=12216, stack(0x000000af80600000,0x000000af80640000)]
  0x000001e4d97b8c10 JavaThread "Unconstrained build operations Thread 6" [_thread_blocked, id=1816, stack(0x000000af80640000,0x000000af80680000)]
  0x000001e4d97b5970 JavaThread "Unconstrained build operations Thread 7" [_thread_blocked, id=5056, stack(0x000000af80980000,0x000000af809c0000)]
  0x000001e4d97b77d0 JavaThread "Unconstrained build operations Thread 8" [_thread_blocked, id=17860, stack(0x000000af80880000,0x000000af808c0000)]
  0x000001e4d97b7ce0 JavaThread "Unconstrained build operations Thread 9" [_thread_blocked, id=11920, stack(0x000000af808c0000,0x000000af80900000)]
  0x000001e4d97b5e80 JavaThread "Unconstrained build operations Thread 10" [_thread_blocked, id=14468, stack(0x000000af80900000,0x000000af80940000)]
  0x000001e4d97b6390 JavaThread "jar transforms Thread 2" [_thread_blocked, id=17740, stack(0x000000af80940000,0x000000af80980000)]
  0x000001e4d97baa70 JavaThread "jar transforms Thread 3" [_thread_blocked, id=2108, stack(0x000000af80ac0000,0x000000af80b00000)]
  0x000001e4d97bbeb0 JavaThread "jar transforms Thread 4" [_thread_blocked, id=18780, stack(0x000000af80b00000,0x000000af80b40000)]
  0x000001e4d97baf80 JavaThread "jar transforms Thread 5" [_thread_blocked, id=8452, stack(0x000000af80b40000,0x000000af80b80000)]
  0x000001e4dc2bfa00 JavaThread "C2 CompilerThread1" daemon [_thread_in_native, id=1368, stack(0x000000af80780000,0x000000af80880000)]
=>0x000001e4dc2bdf70 JavaThread "C2 CompilerThread2" daemon [_thread_in_native, id=13580, stack(0x000000af809c0000,0x000000af80ac0000)]
  0x000001e4d97bcde0 JavaThread "build event listener" [_thread_blocked, id=10188, stack(0x000000af80b80000,0x000000af80bc0000)]
  0x000001e4d97ba560 JavaThread "jar transforms Thread 6" [_thread_blocked, id=19852, stack(0x000000af80bc0000,0x000000af80c00000)]

Other Threads:
  0x000001e4c3f27e40 VMThread "VM Thread" [stack: 0x000000affef00000,0x000000afff000000] [id=12000]
  0x000001e4d63277b0 WatcherThread [stack: 0x000000afff440000,0x000000afff540000] [id=18412]
  0x000001e4a62fea60 GCTaskThread "GC Thread#0" [stack: 0x000000affea00000,0x000000affeb00000] [id=6672]
  0x000001e4d6b7a510 GCTaskThread "GC Thread#1" [stack: 0x000000afff740000,0x000000afff840000] [id=11600]
  0x000001e4d6ddedc0 GCTaskThread "GC Thread#2" [stack: 0x000000afff840000,0x000000afff940000] [id=11720]
  0x000001e4d6b7a7d0 GCTaskThread "GC Thread#3" [stack: 0x000000afff940000,0x000000afffa40000] [id=13812]
  0x000001e4d6b7aa90 GCTaskThread "GC Thread#4" [stack: 0x000000afffa40000,0x000000afffb40000] [id=14032]
  0x000001e4d6dbf650 GCTaskThread "GC Thread#5" [stack: 0x000000afffb40000,0x000000afffc40000] [id=4564]
  0x000001e4d850dc00 GCTaskThread "GC Thread#6" [stack: 0x000000af80040000,0x000000af80140000] [id=18760]
  0x000001e4d850ce40 GCTaskThread "GC Thread#7" [stack: 0x000000af80140000,0x000000af80240000] [id=4268]
  0x000001e4a63078c0 ConcurrentGCThread "G1 Main Marker" [stack: 0x000000affeb00000,0x000000affec00000] [id=19436]
  0x000001e4a6308ec0 ConcurrentGCThread "G1 Conc#0" [stack: 0x000000affec00000,0x000000affed00000] [id=15656]
  0x000001e4d850d100 ConcurrentGCThread "G1 Conc#1" [stack: 0x000000af80240000,0x000000af80340000] [id=2156]
  0x000001e4c3de41e0 ConcurrentGCThread "G1 Refine#0" [stack: 0x000000affed00000,0x000000affee00000] [id=3772]
  0x000001e4c3de59d0 ConcurrentGCThread "G1 Service" [stack: 0x000000affee00000,0x000000affef00000] [id=2068]

Threads with active compile tasks:
C2 CompilerThread0  25375 11353       4       groovy.lang.MetaClassImpl$1MOPIter::methodNameAction (325 bytes)
C2 CompilerThread1  25375 11383       4       java.lang.Class::getMethod (59 bytes)
C2 CompilerThread2  25375 11370       4       com.sun.beans.TypeResolver::resolve (37 bytes)

VM state: not at safepoint (normal execution)

VM Mutex/Monitor currently owned by a thread: None

Heap address: 0x00000000c0000000, size: 1024 MB, Compressed Oops mode: 32-bit

CDS archive(s) mapped at: [0x000001e4c4000000-0x000001e4c4bb0000-0x000001e4c4bb0000), size 12255232, SharedBaseAddress: 0x000001e4c4000000, ArchiveRelocationMode: 1.
Compressed class space mapped at: 0x000001e4c5000000-0x000001e4d2000000, reserved size: 218103808
Narrow klass base: 0x000001e4c4000000, Narrow klass shift: 0, Narrow klass range: 0x100000000

GC Precious Log:
 CPUs: 8 total, 8 available
 Memory: 16043M
 Large Page Support: Disabled
 NUMA Support: Disabled
 Compressed Oops: Enabled (32-bit)
 Heap Region Size: 1M
 Heap Min Capacity: 8M
 Heap Initial Capacity: 252M
 Heap Max Capacity: 1G
 Pre-touch: Disabled
 Parallel Workers: 8
 Concurrent Workers: 2
 Concurrent Refinement Workers: 8
 Periodic GC: Disabled

Heap:
 garbage-first heap   total 208896K, used 144403K [0x00000000c0000000, 0x0000000100000000)
  region size 1024K, 26 young (26624K), 7 survivors (7168K)
 Metaspace       used 85499K, committed 86464K, reserved 344064K
  class space    used 11877K, committed 12352K, reserved 212992K

Heap Regions: E=young(eden), S=young(survivor), O=old, HS=humongous(starts), HC=humongous(continues), CS=collection set, F=free, OA=open archive, CA=closed archive, TAMS=top-at-mark-start (previous, next)
|   0|0x00000000c0000000, 0x00000000c0100000, 0x00000000c0100000|100%| O|  |TAMS 0x00000000c0100000, 0x00000000c0000000| Untracked 
|   1|0x00000000c0100000, 0x00000000c0200000, 0x00000000c0200000|100%|HS|  |TAMS 0x00000000c0200000, 0x00000000c0100000| Complete 
|   2|0x00000000c0200000, 0x00000000c0300000, 0x00000000c0300000|100%|HC|  |TAMS 0x00000000c0300000, 0x00000000c0200000| Complete 
|   3|0x00000000c0300000, 0x00000000c0400000, 0x00000000c0400000|100%|HC|  |TAMS 0x00000000c0400000, 0x00000000c0300000| Complete 
|   4|0x00000000c0400000, 0x00000000c0500000, 0x00000000c0500000|100%| O|  |TAMS 0x00000000c0500000, 0x00000000c0400000| Untracked 
|   5|0x00000000c0500000, 0x00000000c0600000, 0x00000000c0600000|100%| O|  |TAMS 0x00000000c0600000, 0x00000000c0500000| Untracked 
|   6|0x00000000c0600000, 0x00000000c0700000, 0x00000000c0700000|100%| O|  |TAMS 0x00000000c0700000, 0x00000000c0600000| Untracked 
|   7|0x00000000c0700000, 0x00000000c0800000, 0x00000000c0800000|100%| O|  |TAMS 0x00000000c0800000, 0x00000000c0700000| Untracked 
|   8|0x00000000c0800000, 0x00000000c0900000, 0x00000000c0900000|100%|HS|  |TAMS 0x00000000c0900000, 0x00000000c0800000| Complete 
|   9|0x00000000c0900000, 0x00000000c0a00000, 0x00000000c0a00000|100%| O|  |TAMS 0x00000000c0a00000, 0x00000000c0900000| Untracked 
|  10|0x00000000c0a00000, 0x00000000c0b00000, 0x00000000c0b00000|100%| O|  |TAMS 0x00000000c0b00000, 0x00000000c0a00000| Untracked 
|  11|0x00000000c0b00000, 0x00000000c0c00000, 0x00000000c0c00000|100%| O|  |TAMS 0x00000000c0c00000, 0x00000000c0b00000| Untracked 
|  12|0x00000000c0c00000, 0x00000000c0d00000, 0x00000000c0d00000|100%| O|  |TAMS 0x00000000c0d00000, 0x00000000c0c00000| Untracked 
|  13|0x00000000c0d00000, 0x00000000c0e00000, 0x00000000c0e00000|100%| O|  |TAMS 0x00000000c0e00000, 0x00000000c0d00000| Untracked 
|  14|0x00000000c0e00000, 0x00000000c0f00000, 0x00000000c0f00000|100%| O|  |TAMS 0x00000000c0f00000, 0x00000000c0e00000| Untracked 
|  15|0x00000000c0f00000, 0x00000000c1000000, 0x00000000c1000000|100%| O|  |TAMS 0x00000000c1000000, 0x00000000c0f00000| Untracked 
|  16|0x00000000c1000000, 0x00000000c1100000, 0x00000000c1100000|100%| O|  |TAMS 0x00000000c1100000, 0x00000000c1000000| Untracked 
|  17|0x00000000c1100000, 0x00000000c1200000, 0x00000000c1200000|100%| O|  |TAMS 0x00000000c1200000, 0x00000000c1100000| Untracked 
|  18|0x00000000c1200000, 0x00000000c1300000, 0x00000000c1300000|100%| O|  |TAMS 0x00000000c1300000, 0x00000000c1200000| Untracked 
|  19|0x00000000c1300000, 0x00000000c1400000, 0x00000000c1400000|100%| O|  |TAMS 0x00000000c1400000, 0x00000000c1300000| Untracked 
|  20|0x00000000c1400000, 0x00000000c1500000, 0x00000000c1500000|100%| O|  |TAMS 0x00000000c1500000, 0x00000000c1400000| Untracked 
|  21|0x00000000c1500000, 0x00000000c1600000, 0x00000000c1600000|100%| O|  |TAMS 0x00000000c1600000, 0x00000000c1500000| Untracked 
|  22|0x00000000c1600000, 0x00000000c1700000, 0x00000000c1700000|100%| O|  |TAMS 0x00000000c1700000, 0x00000000c1600000| Untracked 
|  23|0x00000000c1700000, 0x00000000c1800000, 0x00000000c1800000|100%| O|  |TAMS 0x00000000c1800000, 0x00000000c1700000| Untracked 
|  24|0x00000000c1800000, 0x00000000c1900000, 0x00000000c1900000|100%| O|  |TAMS 0x00000000c1900000, 0x00000000c1800000| Untracked 
|  25|0x00000000c1900000, 0x00000000c1a00000, 0x00000000c1a00000|100%| O|  |TAMS 0x00000000c1a00000, 0x00000000c1900000| Untracked 
|  26|0x00000000c1a00000, 0x00000000c1b00000, 0x00000000c1b00000|100%| O|  |TAMS 0x00000000c1b00000, 0x00000000c1a00000| Untracked 
|  27|0x00000000c1b00000, 0x00000000c1c00000, 0x00000000c1c00000|100%| O|  |TAMS 0x00000000c1c00000, 0x00000000c1b00000| Untracked 
|  28|0x00000000c1c00000, 0x00000000c1d00000, 0x00000000c1d00000|100%| O|  |TAMS 0x00000000c1d00000, 0x00000000c1c00000| Untracked 
|  29|0x00000000c1d00000, 0x00000000c1e00000, 0x00000000c1e00000|100%| O|  |TAMS 0x00000000c1d00000, 0x00000000c1d00000| Untracked 
|  30|0x00000000c1e00000, 0x00000000c1f00000, 0x00000000c1f00000|100%| O|  |TAMS 0x00000000c1f00000, 0x00000000c1e00000| Untracked 
|  31|0x00000000c1f00000, 0x00000000c2000000, 0x00000000c2000000|100%| O|  |TAMS 0x00000000c2000000, 0x00000000c1f00000| Untracked 
|  32|0x00000000c2000000, 0x00000000c2100000, 0x00000000c2100000|100%| O|  |TAMS 0x00000000c2100000, 0x00000000c2000000| Untracked 
|  33|0x00000000c2100000, 0x00000000c2200000, 0x00000000c2200000|100%| O|  |TAMS 0x00000000c2200000, 0x00000000c2100000| Untracked 
|  34|0x00000000c2200000, 0x00000000c2300000, 0x00000000c2300000|100%| O|  |TAMS 0x00000000c2300000, 0x00000000c2200000| Untracked 
|  35|0x00000000c2300000, 0x00000000c2400000, 0x00000000c2400000|100%| O|  |TAMS 0x00000000c2400000, 0x00000000c2300000| Untracked 
|  36|0x00000000c2400000, 0x00000000c2500000, 0x00000000c2500000|100%| O|  |TAMS 0x00000000c2500000, 0x00000000c2400000| Untracked 
|  37|0x00000000c2500000, 0x00000000c2600000, 0x00000000c2600000|100%| O|  |TAMS 0x00000000c2600000, 0x00000000c2500000| Untracked 
|  38|0x00000000c2600000, 0x00000000c2700000, 0x00000000c2700000|100%| O|  |TAMS 0x00000000c2700000, 0x00000000c2600000| Untracked 
|  39|0x00000000c2700000, 0x00000000c2800000, 0x00000000c2800000|100%| O|  |TAMS 0x00000000c2800000, 0x00000000c2700000| Untracked 
|  40|0x00000000c2800000, 0x00000000c2900000, 0x00000000c2900000|100%| O|  |TAMS 0x00000000c2900000, 0x00000000c2800000| Untracked 
|  41|0x00000000c2900000, 0x00000000c2a00000, 0x00000000c2a00000|100%| O|  |TAMS 0x00000000c2a00000, 0x00000000c2900000| Untracked 
|  42|0x00000000c2a00000, 0x00000000c2b00000, 0x00000000c2b00000|100%| O|  |TAMS 0x00000000c2b00000, 0x00000000c2a00000| Untracked 
|  43|0x00000000c2b00000, 0x00000000c2c00000, 0x00000000c2c00000|100%| O|  |TAMS 0x00000000c2c00000, 0x00000000c2b00000| Untracked 
|  44|0x00000000c2c00000, 0x00000000c2d00000, 0x00000000c2d00000|100%| O|  |TAMS 0x00000000c2d00000, 0x00000000c2c00000| Untracked 
|  45|0x00000000c2d00000, 0x00000000c2e00000, 0x00000000c2e00000|100%|HS|  |TAMS 0x00000000c2e00000, 0x00000000c2d00000| Complete 
|  46|0x00000000c2e00000, 0x00000000c2f00000, 0x00000000c2f00000|100%|HC|  |TAMS 0x00000000c2f00000, 0x00000000c2e00000| Complete 
|  47|0x00000000c2f00000, 0x00000000c3000000, 0x00000000c3000000|100%|HS|  |TAMS 0x00000000c3000000, 0x00000000c2f00000| Complete 
|  48|0x00000000c3000000, 0x00000000c3100000, 0x00000000c3100000|100%|HC|  |TAMS 0x00000000c3100000, 0x00000000c3000000| Complete 
|  49|0x00000000c3100000, 0x00000000c3200000, 0x00000000c3200000|100%|HS|  |TAMS 0x00000000c3200000, 0x00000000c3100000| Complete 
|  50|0x00000000c3200000, 0x00000000c3300000, 0x00000000c3300000|100%|HC|  |TAMS 0x00000000c3300000, 0x00000000c3200000| Complete 
|  51|0x00000000c3300000, 0x00000000c3400000, 0x00000000c3400000|100%|HC|  |TAMS 0x00000000c3400000, 0x00000000c3300000| Complete 
|  52|0x00000000c3400000, 0x00000000c3500000, 0x00000000c3500000|100%| O|  |TAMS 0x00000000c3500000, 0x00000000c3400000| Untracked 
|  53|0x00000000c3500000, 0x00000000c3600000, 0x00000000c3600000|100%| O|  |TAMS 0x00000000c3600000, 0x00000000c3500000| Untracked 
|  54|0x00000000c3600000, 0x00000000c3700000, 0x00000000c3700000|100%| O|  |TAMS 0x00000000c3700000, 0x00000000c3600000| Untracked 
|  55|0x00000000c3700000, 0x00000000c3800000, 0x00000000c3800000|100%| O|  |TAMS 0x00000000c3800000, 0x00000000c3700000| Untracked 
|  56|0x00000000c3800000, 0x00000000c3900000, 0x00000000c3900000|100%|HS|  |TAMS 0x00000000c3900000, 0x00000000c3800000| Complete 
|  57|0x00000000c3900000, 0x00000000c3a00000, 0x00000000c3a00000|100%|HC|  |TAMS 0x00000000c3a00000, 0x00000000c3900000| Complete 
|  58|0x00000000c3a00000, 0x00000000c3b00000, 0x00000000c3b00000|100%|HC|  |TAMS 0x00000000c3b00000, 0x00000000c3a00000| Complete 
|  59|0x00000000c3b00000, 0x00000000c3c00000, 0x00000000c3c00000|100%| O|  |TAMS 0x00000000c3c00000, 0x00000000c3b00000| Untracked 
|  60|0x00000000c3c00000, 0x00000000c3d00000, 0x00000000c3d00000|100%| O|  |TAMS 0x00000000c3c3ac00, 0x00000000c3c00000| Untracked 
|  61|0x00000000c3d00000, 0x00000000c3e00000, 0x00000000c3e00000|100%| O|  |TAMS 0x00000000c3d00000, 0x00000000c3d00000| Untracked 
|  62|0x00000000c3e00000, 0x00000000c3f00000, 0x00000000c3f00000|100%| O|  |TAMS 0x00000000c3e00000, 0x00000000c3e00000| Untracked 
|  63|0x00000000c3f00000, 0x00000000c4000000, 0x00000000c4000000|100%| O|  |TAMS 0x00000000c3f00000, 0x00000000c3f00000| Untracked 
|  64|0x00000000c4000000, 0x00000000c4100000, 0x00000000c4100000|100%| O|  |TAMS 0x00000000c4000000, 0x00000000c4000000| Untracked 
|  65|0x00000000c4100000, 0x00000000c4200000, 0x00000000c4200000|100%| O|  |TAMS 0x00000000c4100000, 0x00000000c4100000| Untracked 
|  66|0x00000000c4200000, 0x00000000c4300000, 0x00000000c4300000|100%| O|  |TAMS 0x00000000c4200000, 0x00000000c4200000| Untracked 
|  67|0x00000000c4300000, 0x00000000c4400000, 0x00000000c4400000|100%| O|  |TAMS 0x00000000c4300000, 0x00000000c4300000| Untracked 
|  68|0x00000000c4400000, 0x00000000c4500000, 0x00000000c4500000|100%| O|  |TAMS 0x00000000c4400000, 0x00000000c4400000| Untracked 
|  69|0x00000000c4500000, 0x00000000c4600000, 0x00000000c4600000|100%| O|  |TAMS 0x00000000c4500000, 0x00000000c4500000| Untracked 
|  70|0x00000000c4600000, 0x00000000c4700000, 0x00000000c4700000|100%|HS|  |TAMS 0x00000000c4600000, 0x00000000c4600000| Complete 
|  71|0x00000000c4700000, 0x00000000c4800000, 0x00000000c4800000|100%|HC|  |TAMS 0x00000000c4700000, 0x00000000c4700000| Complete 
|  72|0x00000000c4800000, 0x00000000c4900000, 0x00000000c4900000|100%|HS|  |TAMS 0x00000000c4800000, 0x00000000c4800000| Complete 
|  73|0x00000000c4900000, 0x00000000c4a00000, 0x00000000c4a00000|100%|HS|  |TAMS 0x00000000c4900000, 0x00000000c4900000| Complete 
|  74|0x00000000c4a00000, 0x00000000c4b00000, 0x00000000c4b00000|100%|HS|  |TAMS 0x00000000c4a00000, 0x00000000c4a00000| Complete 
|  75|0x00000000c4b00000, 0x00000000c4c00000, 0x00000000c4c00000|100%|HS|  |TAMS 0x00000000c4b00000, 0x00000000c4b00000| Complete 
|  76|0x00000000c4c00000, 0x00000000c4d00000, 0x00000000c4d00000|100%|HS|  |TAMS 0x00000000c4c00000, 0x00000000c4c00000| Complete 
|  77|0x00000000c4d00000, 0x00000000c4e00000, 0x00000000c4e00000|100%| O|  |TAMS 0x00000000c4d00000, 0x00000000c4d00000| Untracked 
|  78|0x00000000c4e00000, 0x00000000c4f00000, 0x00000000c4f00000|100%| O|  |TAMS 0x00000000c4e00000, 0x00000000c4e00000| Untracked 
|  79|0x00000000c4f00000, 0x00000000c5000000, 0x00000000c5000000|100%| O|  |TAMS 0x00000000c4f00000, 0x00000000c4f00000| Untracked 
|  80|0x00000000c5000000, 0x00000000c5100000, 0x00000000c5100000|100%| O|  |TAMS 0x00000000c5000000, 0x00000000c5000000| Untracked 
|  81|0x00000000c5100000, 0x00000000c5200000, 0x00000000c5200000|100%| O|  |TAMS 0x00000000c5100000, 0x00000000c5100000| Untracked 
|  82|0x00000000c5200000, 0x00000000c5300000, 0x00000000c5300000|100%|HS|  |TAMS 0x00000000c5200000, 0x00000000c5200000| Complete 
|  83|0x00000000c5300000, 0x00000000c5400000, 0x00000000c5400000|100%|HS|  |TAMS 0x00000000c5300000, 0x00000000c5300000| Complete 
|  84|0x00000000c5400000, 0x00000000c5500000, 0x00000000c5500000|100%|HS|  |TAMS 0x00000000c5400000, 0x00000000c5400000| Complete 
|  85|0x00000000c5500000, 0x00000000c5600000, 0x00000000c5600000|100%|HS|  |TAMS 0x00000000c5500000, 0x00000000c5500000| Complete 
|  86|0x00000000c5600000, 0x00000000c5700000, 0x00000000c5700000|100%|HS|  |TAMS 0x00000000c5600000, 0x00000000c5600000| Complete 
|  87|0x00000000c5700000, 0x00000000c5800000, 0x00000000c5800000|100%|HC|  |TAMS 0x00000000c5700000, 0x00000000c5700000| Complete 
|  88|0x00000000c5800000, 0x00000000c5900000, 0x00000000c5900000|100%|HS|  |TAMS 0x00000000c5800000, 0x00000000c5800000| Complete 
|  89|0x00000000c5900000, 0x00000000c5a00000, 0x00000000c5a00000|100%| O|  |TAMS 0x00000000c5900000, 0x00000000c5900000| Untracked 
|  90|0x00000000c5a00000, 0x00000000c5b00000, 0x00000000c5b00000|100%| O|  |TAMS 0x00000000c5a00000, 0x00000000c5a00000| Untracked 
|  91|0x00000000c5b00000, 0x00000000c5c00000, 0x00000000c5c00000|100%| O|  |TAMS 0x00000000c5b00000, 0x00000000c5b00000| Untracked 
|  92|0x00000000c5c00000, 0x00000000c5d00000, 0x00000000c5d00000|100%| O|  |TAMS 0x00000000c5c00000, 0x00000000c5c00000| Untracked 
|  93|0x00000000c5d00000, 0x00000000c5e00000, 0x00000000c5e00000|100%| O|  |TAMS 0x00000000c5d00000, 0x00000000c5d00000| Untracked 
|  94|0x00000000c5e00000, 0x00000000c5f00000, 0x00000000c5f00000|100%| O|  |TAMS 0x00000000c5e00000, 0x00000000c5e00000| Untracked 
|  95|0x00000000c5f00000, 0x00000000c6000000, 0x00000000c6000000|100%| O|  |TAMS 0x00000000c5f00000, 0x00000000c5f00000| Untracked 
|  96|0x00000000c6000000, 0x00000000c6100000, 0x00000000c6100000|100%| O|  |TAMS 0x00000000c6000000, 0x00000000c6000000| Untracked 
|  97|0x00000000c6100000, 0x00000000c6200000, 0x00000000c6200000|100%| O|  |TAMS 0x00000000c6100000, 0x00000000c6100000| Untracked 
|  98|0x00000000c6200000, 0x00000000c6300000, 0x00000000c6300000|100%| O|  |TAMS 0x00000000c6200000, 0x00000000c6200000| Untracked 
|  99|0x00000000c6300000, 0x00000000c6400000, 0x00000000c6400000|100%| O|  |TAMS 0x00000000c6300000, 0x00000000c6300000| Untracked 
| 100|0x00000000c6400000, 0x00000000c6500000, 0x00000000c6500000|100%| O|  |TAMS 0x00000000c6400000, 0x00000000c6400000| Untracked 
| 101|0x00000000c6500000, 0x00000000c6600000, 0x00000000c6600000|100%| O|  |TAMS 0x00000000c6500000, 0x00000000c6500000| Untracked 
| 102|0x00000000c6600000, 0x00000000c6700000, 0x00000000c6700000|100%| O|  |TAMS 0x00000000c6600000, 0x00000000c6600000| Untracked 
| 103|0x00000000c6700000, 0x00000000c6800000, 0x00000000c6800000|100%| O|  |TAMS 0x00000000c6700000, 0x00000000c6700000| Untracked 
| 104|0x00000000c6800000, 0x00000000c6900000, 0x00000000c6900000|100%| O|  |TAMS 0x00000000c6800000, 0x00000000c6800000| Untracked 
| 105|0x00000000c6900000, 0x00000000c6a00000, 0x00000000c6a00000|100%| O|  |TAMS 0x00000000c6900000, 0x00000000c6900000| Untracked 
| 106|0x00000000c6a00000, 0x00000000c6b00000, 0x00000000c6b00000|100%| O|  |TAMS 0x00000000c6a00000, 0x00000000c6a00000| Untracked 
| 107|0x00000000c6b00000, 0x00000000c6c00000, 0x00000000c6c00000|100%| O|  |TAMS 0x00000000c6b00000, 0x00000000c6b00000| Untracked 
| 108|0x00000000c6c00000, 0x00000000c6d00000, 0x00000000c6d00000|100%| O|  |TAMS 0x00000000c6c00000, 0x00000000c6c00000| Untracked 
| 109|0x00000000c6d00000, 0x00000000c6e00000, 0x00000000c6e00000|100%| O|  |TAMS 0x00000000c6d00000, 0x00000000c6d00000| Untracked 
| 110|0x00000000c6e00000, 0x00000000c6f00000, 0x00000000c6f00000|100%| O|  |TAMS 0x00000000c6e00000, 0x00000000c6e00000| Untracked 
| 111|0x00000000c6f00000, 0x00000000c7000000, 0x00000000c7000000|100%|HS|  |TAMS 0x00000000c6f00000, 0x00000000c6f00000| Complete 
| 112|0x00000000c7000000, 0x00000000c7100000, 0x00000000c7100000|100%| O|  |TAMS 0x00000000c7000000, 0x00000000c7000000| Untracked 
| 113|0x00000000c7100000, 0x00000000c7200000, 0x00000000c7200000|100%| O|  |TAMS 0x00000000c7100000, 0x00000000c7100000| Untracked 
| 114|0x00000000c7200000, 0x00000000c7300000, 0x00000000c7300000|100%| O|  |TAMS 0x00000000c7200000, 0x00000000c7200000| Untracked 
| 115|0x00000000c7300000, 0x00000000c7400000, 0x00000000c7400000|100%| O|  |TAMS 0x00000000c7300000, 0x00000000c7300000| Untracked 
| 116|0x00000000c7400000, 0x00000000c7439800, 0x00000000c7500000| 22%| O|  |TAMS 0x00000000c7400000, 0x00000000c7400000| Untracked 
| 117|0x00000000c7500000, 0x00000000c7500000, 0x00000000c7600000|  0%| F|  |TAMS 0x00000000c7500000, 0x00000000c7500000| Untracked 
| 118|0x00000000c7600000, 0x00000000c7600000, 0x00000000c7700000|  0%| F|  |TAMS 0x00000000c7600000, 0x00000000c7600000| Untracked 
| 119|0x00000000c7700000, 0x00000000c7700000, 0x00000000c7800000|  0%| F|  |TAMS 0x00000000c7700000, 0x00000000c7700000| Untracked 
| 120|0x00000000c7800000, 0x00000000c7800000, 0x00000000c7900000|  0%| F|  |TAMS 0x00000000c7800000, 0x00000000c7800000| Untracked 
| 121|0x00000000c7900000, 0x00000000c7900000, 0x00000000c7a00000|  0%| F|  |TAMS 0x00000000c7900000, 0x00000000c7900000| Untracked 
| 122|0x00000000c7a00000, 0x00000000c7a00000, 0x00000000c7b00000|  0%| F|  |TAMS 0x00000000c7a00000, 0x00000000c7a00000| Untracked 
| 123|0x00000000c7b00000, 0x00000000c7b00000, 0x00000000c7c00000|  0%| F|  |TAMS 0x00000000c7b00000, 0x00000000c7b00000| Untracked 
| 124|0x00000000c7c00000, 0x00000000c7c00000, 0x00000000c7d00000|  0%| F|  |TAMS 0x00000000c7c00000, 0x00000000c7c00000| Untracked 
| 125|0x00000000c7d00000, 0x00000000c7d00000, 0x00000000c7e00000|  0%| F|  |TAMS 0x00000000c7d00000, 0x00000000c7d00000| Untracked 
| 126|0x00000000c7e00000, 0x00000000c7e00000, 0x00000000c7f00000|  0%| F|  |TAMS 0x00000000c7e00000, 0x00000000c7e00000| Untracked 
| 127|0x00000000c7f00000, 0x00000000c7f00000, 0x00000000c8000000|  0%| F|  |TAMS 0x00000000c7f00000, 0x00000000c7f00000| Untracked 
| 128|0x00000000c8000000, 0x00000000c8000000, 0x00000000c8100000|  0%| F|  |TAMS 0x00000000c8000000, 0x00000000c8000000| Untracked 
| 129|0x00000000c8100000, 0x00000000c8100000, 0x00000000c8200000|  0%| F|  |TAMS 0x00000000c8100000, 0x00000000c8100000| Untracked 
| 130|0x00000000c8200000, 0x00000000c8200000, 0x00000000c8300000|  0%| F|  |TAMS 0x00000000c8200000, 0x00000000c8200000| Untracked 
| 131|0x00000000c8300000, 0x00000000c8300000, 0x00000000c8400000|  0%| F|  |TAMS 0x00000000c8300000, 0x00000000c8300000| Untracked 
| 132|0x00000000c8400000, 0x00000000c8400000, 0x00000000c8500000|  0%| F|  |TAMS 0x00000000c8400000, 0x00000000c8400000| Untracked 
| 133|0x00000000c8500000, 0x00000000c8500000, 0x00000000c8600000|  0%| F|  |TAMS 0x00000000c8500000, 0x00000000c8500000| Untracked 
| 134|0x00000000c8600000, 0x00000000c8600000, 0x00000000c8700000|  0%| F|  |TAMS 0x00000000c8600000, 0x00000000c8600000| Untracked 
| 135|0x00000000c8700000, 0x00000000c8700000, 0x00000000c8800000|  0%| F|  |TAMS 0x00000000c8700000, 0x00000000c8700000| Untracked 
| 136|0x00000000c8800000, 0x00000000c8800000, 0x00000000c8900000|  0%| F|  |TAMS 0x00000000c8800000, 0x00000000c8800000| Untracked 
| 137|0x00000000c8900000, 0x00000000c8900000, 0x00000000c8a00000|  0%| F|  |TAMS 0x00000000c8900000, 0x00000000c8900000| Untracked 
| 138|0x00000000c8a00000, 0x00000000c8a00000, 0x00000000c8b00000|  0%| F|  |TAMS 0x00000000c8a00000, 0x00000000c8a00000| Untracked 
| 139|0x00000000c8b00000, 0x00000000c8b00000, 0x00000000c8c00000|  0%| F|  |TAMS 0x00000000c8b00000, 0x00000000c8b00000| Untracked 
| 140|0x00000000c8c00000, 0x00000000c8c00000, 0x00000000c8d00000|  0%| F|  |TAMS 0x00000000c8c00000, 0x00000000c8c00000| Untracked 
| 141|0x00000000c8d00000, 0x00000000c8d00000, 0x00000000c8e00000|  0%| F|  |TAMS 0x00000000c8d00000, 0x00000000c8d00000| Untracked 
| 142|0x00000000c8e00000, 0x00000000c8e00000, 0x00000000c8f00000|  0%| F|  |TAMS 0x00000000c8e00000, 0x00000000c8e00000| Untracked 
| 143|0x00000000c8f00000, 0x00000000c8f00000, 0x00000000c9000000|  0%| F|  |TAMS 0x00000000c8f00000, 0x00000000c8f00000| Untracked 
| 144|0x00000000c9000000, 0x00000000c90cb540, 0x00000000c9100000| 79%| S|CS|TAMS 0x00000000c9000000, 0x00000000c9000000| Complete 
| 145|0x00000000c9100000, 0x00000000c9200000, 0x00000000c9200000|100%| S|CS|TAMS 0x00000000c9100000, 0x00000000c9100000| Complete 
| 146|0x00000000c9200000, 0x00000000c9300000, 0x00000000c9300000|100%| S|CS|TAMS 0x00000000c9200000, 0x00000000c9200000| Complete 
| 147|0x00000000c9300000, 0x00000000c9400000, 0x00000000c9400000|100%| S|CS|TAMS 0x00000000c9300000, 0x00000000c9300000| Complete 
| 148|0x00000000c9400000, 0x00000000c9500000, 0x00000000c9500000|100%| S|CS|TAMS 0x00000000c9400000, 0x00000000c9400000| Complete 
| 149|0x00000000c9500000, 0x00000000c9600000, 0x00000000c9600000|100%| S|CS|TAMS 0x00000000c9500000, 0x00000000c9500000| Complete 
| 150|0x00000000c9600000, 0x00000000c9700000, 0x00000000c9700000|100%| S|CS|TAMS 0x00000000c9600000, 0x00000000c9600000| Complete 
| 151|0x00000000c9700000, 0x00000000c9700000, 0x00000000c9800000|  0%| F|  |TAMS 0x00000000c9700000, 0x00000000c9700000| Untracked 
| 152|0x00000000c9800000, 0x00000000c9800000, 0x00000000c9900000|  0%| F|  |TAMS 0x00000000c9800000, 0x00000000c9800000| Untracked 
| 153|0x00000000c9900000, 0x00000000c9900000, 0x00000000c9a00000|  0%| F|  |TAMS 0x00000000c9900000, 0x00000000c9900000| Untracked 
| 154|0x00000000c9a00000, 0x00000000c9a00000, 0x00000000c9b00000|  0%| F|  |TAMS 0x00000000c9a00000, 0x00000000c9a00000| Untracked 
| 155|0x00000000c9b00000, 0x00000000c9b00000, 0x00000000c9c00000|  0%| F|  |TAMS 0x00000000c9b00000, 0x00000000c9b00000| Untracked 
| 156|0x00000000c9c00000, 0x00000000c9c00000, 0x00000000c9d00000|  0%| F|  |TAMS 0x00000000c9c00000, 0x00000000c9c00000| Untracked 
| 157|0x00000000c9d00000, 0x00000000c9d00000, 0x00000000c9e00000|  0%| F|  |TAMS 0x00000000c9d00000, 0x00000000c9d00000| Untracked 
| 158|0x00000000c9e00000, 0x00000000c9e00000, 0x00000000c9f00000|  0%| F|  |TAMS 0x00000000c9e00000, 0x00000000c9e00000| Untracked 
| 159|0x00000000c9f00000, 0x00000000c9f00000, 0x00000000ca000000|  0%| F|  |TAMS 0x00000000c9f00000, 0x00000000c9f00000| Untracked 
| 160|0x00000000ca000000, 0x00000000ca000000, 0x00000000ca100000|  0%| F|  |TAMS 0x00000000ca000000, 0x00000000ca000000| Untracked 
| 161|0x00000000ca100000, 0x00000000ca100000, 0x00000000ca200000|  0%| F|  |TAMS 0x00000000ca100000, 0x00000000ca100000| Untracked 
| 162|0x00000000ca200000, 0x00000000ca200000, 0x00000000ca300000|  0%| F|  |TAMS 0x00000000ca200000, 0x00000000ca200000| Untracked 
| 163|0x00000000ca300000, 0x00000000ca300000, 0x00000000ca400000|  0%| F|  |TAMS 0x00000000ca300000, 0x00000000ca300000| Untracked 
| 164|0x00000000ca400000, 0x00000000ca400000, 0x00000000ca500000|  0%| F|  |TAMS 0x00000000ca400000, 0x00000000ca400000| Untracked 
| 165|0x00000000ca500000, 0x00000000ca500000, 0x00000000ca600000|  0%| F|  |TAMS 0x00000000ca500000, 0x00000000ca500000| Untracked 
| 166|0x00000000ca600000, 0x00000000ca600000, 0x00000000ca700000|  0%| F|  |TAMS 0x00000000ca600000, 0x00000000ca600000| Untracked 
| 167|0x00000000ca700000, 0x00000000ca700000, 0x00000000ca800000|  0%| F|  |TAMS 0x00000000ca700000, 0x00000000ca700000| Untracked 
| 168|0x00000000ca800000, 0x00000000ca800000, 0x00000000ca900000|  0%| F|  |TAMS 0x00000000ca800000, 0x00000000ca800000| Untracked 
| 169|0x00000000ca900000, 0x00000000ca900000, 0x00000000caa00000|  0%| F|  |TAMS 0x00000000ca900000, 0x00000000ca900000| Untracked 
| 170|0x00000000caa00000, 0x00000000caa00000, 0x00000000cab00000|  0%| F|  |TAMS 0x00000000caa00000, 0x00000000caa00000| Untracked 
| 171|0x00000000cab00000, 0x00000000cab00000, 0x00000000cac00000|  0%| F|  |TAMS 0x00000000cab00000, 0x00000000cab00000| Untracked 
| 172|0x00000000cac00000, 0x00000000cac00000, 0x00000000cad00000|  0%| F|  |TAMS 0x00000000cac00000, 0x00000000cac00000| Untracked 
| 173|0x00000000cad00000, 0x00000000cad00000, 0x00000000cae00000|  0%| F|  |TAMS 0x00000000cad00000, 0x00000000cad00000| Untracked 
| 174|0x00000000cae00000, 0x00000000cae00000, 0x00000000caf00000|  0%| F|  |TAMS 0x00000000cae00000, 0x00000000cae00000| Untracked 
| 175|0x00000000caf00000, 0x00000000caf00000, 0x00000000cb000000|  0%| F|  |TAMS 0x00000000caf00000, 0x00000000caf00000| Untracked 
| 176|0x00000000cb000000, 0x00000000cb000000, 0x00000000cb100000|  0%| F|  |TAMS 0x00000000cb000000, 0x00000000cb000000| Untracked 
| 177|0x00000000cb100000, 0x00000000cb100000, 0x00000000cb200000|  0%| F|  |TAMS 0x00000000cb100000, 0x00000000cb100000| Untracked 
| 178|0x00000000cb200000, 0x00000000cb200000, 0x00000000cb300000|  0%| F|  |TAMS 0x00000000cb200000, 0x00000000cb200000| Untracked 
| 179|0x00000000cb300000, 0x00000000cb300000, 0x00000000cb400000|  0%| F|  |TAMS 0x00000000cb300000, 0x00000000cb300000| Untracked 
| 180|0x00000000cb400000, 0x00000000cb400000, 0x00000000cb500000|  0%| F|  |TAMS 0x00000000cb400000, 0x00000000cb400000| Untracked 
| 181|0x00000000cb500000, 0x00000000cb500000, 0x00000000cb600000|  0%| F|  |TAMS 0x00000000cb500000, 0x00000000cb500000| Untracked 
| 182|0x00000000cb600000, 0x00000000cb600000, 0x00000000cb700000|  0%| F|  |TAMS 0x00000000cb600000, 0x00000000cb600000| Untracked 
| 183|0x00000000cb700000, 0x00000000cb700000, 0x00000000cb800000|  0%| F|  |TAMS 0x00000000cb700000, 0x00000000cb700000| Untracked 
| 184|0x00000000cb800000, 0x00000000cb880000, 0x00000000cb900000| 50%| E|  |TAMS 0x00000000cb800000, 0x00000000cb800000| Complete 
| 185|0x00000000cb900000, 0x00000000cba00000, 0x00000000cba00000|100%| E|CS|TAMS 0x00000000cb900000, 0x00000000cb900000| Complete 
| 186|0x00000000cba00000, 0x00000000cbb00000, 0x00000000cbb00000|100%| E|CS|TAMS 0x00000000cba00000, 0x00000000cba00000| Complete 
| 187|0x00000000cbb00000, 0x00000000cbc00000, 0x00000000cbc00000|100%| E|CS|TAMS 0x00000000cbb00000, 0x00000000cbb00000| Complete 
| 188|0x00000000cbc00000, 0x00000000cbd00000, 0x00000000cbd00000|100%| E|CS|TAMS 0x00000000cbc00000, 0x00000000cbc00000| Complete 
| 189|0x00000000cbd00000, 0x00000000cbe00000, 0x00000000cbe00000|100%| E|CS|TAMS 0x00000000cbd00000, 0x00000000cbd00000| Complete 
| 190|0x00000000cbe00000, 0x00000000cbf00000, 0x00000000cbf00000|100%| E|CS|TAMS 0x00000000cbe00000, 0x00000000cbe00000| Complete 
| 191|0x00000000cbf00000, 0x00000000cc000000, 0x00000000cc000000|100%| E|CS|TAMS 0x00000000cbf00000, 0x00000000cbf00000| Complete 
| 192|0x00000000cc000000, 0x00000000cc100000, 0x00000000cc100000|100%| E|CS|TAMS 0x00000000cc000000, 0x00000000cc000000| Complete 
| 193|0x00000000cc100000, 0x00000000cc200000, 0x00000000cc200000|100%| E|CS|TAMS 0x00000000cc100000, 0x00000000cc100000| Complete 
| 194|0x00000000cc200000, 0x00000000cc300000, 0x00000000cc300000|100%| E|CS|TAMS 0x00000000cc200000, 0x00000000cc200000| Complete 
| 195|0x00000000cc300000, 0x00000000cc400000, 0x00000000cc400000|100%| E|CS|TAMS 0x00000000cc300000, 0x00000000cc300000| Complete 
| 196|0x00000000cc400000, 0x00000000cc500000, 0x00000000cc500000|100%| E|CS|TAMS 0x00000000cc400000, 0x00000000cc400000| Complete 
| 197|0x00000000cc500000, 0x00000000cc600000, 0x00000000cc600000|100%| E|CS|TAMS 0x00000000cc500000, 0x00000000cc500000| Complete 
| 198|0x00000000cc600000, 0x00000000cc700000, 0x00000000cc700000|100%| E|CS|TAMS 0x00000000cc600000, 0x00000000cc600000| Complete 
| 199|0x00000000cc700000, 0x00000000cc800000, 0x00000000cc800000|100%| E|CS|TAMS 0x00000000cc700000, 0x00000000cc700000| Complete 
| 200|0x00000000cc800000, 0x00000000cc900000, 0x00000000cc900000|100%| E|CS|TAMS 0x00000000cc800000, 0x00000000cc800000| Complete 
| 201|0x00000000cc900000, 0x00000000cca00000, 0x00000000cca00000|100%| E|CS|TAMS 0x00000000cc900000, 0x00000000cc900000| Complete 
| 202|0x00000000cca00000, 0x00000000ccb00000, 0x00000000ccb00000|100%| E|CS|TAMS 0x00000000cca00000, 0x00000000cca00000| Complete 
| 251|0x00000000cfb00000, 0x00000000cfc00000, 0x00000000cfc00000|100%| E|CS|TAMS 0x00000000cfb00000, 0x00000000cfb00000| Complete 

Card table byte_map: [0x000001e4bf0c0000,0x000001e4bf2c0000] _byte_map_base: 0x000001e4beac0000

Marking Bits (Prev, Next): (CMBitMap*) 0x000001e4a62fef90, (CMBitMap*) 0x000001e4a62fefd0
 Prev Bits: [0x000001e4bf4c0000, 0x000001e4c04c0000)
 Next Bits: [0x000001e4c04c0000, 0x000001e4c14c0000)

Polling page: 0x000001e4a6370000

Metaspace:

Usage:
  Non-class:     71.90 MB used.
      Class:     11.60 MB used.
       Both:     83.50 MB used.

Virtual space:
  Non-class space:      128.00 MB reserved,      72.38 MB ( 57%) committed,  2 nodes.
      Class space:      208.00 MB reserved,      12.06 MB (  6%) committed,  1 nodes.
             Both:      336.00 MB reserved,      84.44 MB ( 25%) committed. 

Chunk freelists:
   Non-Class:  6.89 MB
       Class:  3.87 MB
        Both:  10.76 MB

MaxMetaspaceSize: 256.00 MB
CompressedClassSpaceSize: 208.00 MB
Initial GC threshold: 21.00 MB
Current GC threshold: 102.31 MB
CDS: on
MetaspaceReclaimPolicy: balanced
 - commit_granule_bytes: 65536.
 - commit_granule_words: 8192.
 - virtual_space_node_default_size: 8388608.
 - enlarge_chunks_in_place: 1.
 - new_chunks_are_fully_committed: 0.
 - uncommit_free_chunks: 1.
 - use_allocation_guard: 0.
 - handle_deallocations: 1.


Internal statistics:

num_allocs_failed_limit: 6.
num_arena_births: 1208.
num_arena_deaths: 0.
num_vsnodes_births: 3.
num_vsnodes_deaths: 0.
num_space_committed: 1351.
num_space_uncommitted: 0.
num_chunks_returned_to_freelist: 6.
num_chunks_taken_from_freelist: 4934.
num_chunk_merges: 6.
num_chunk_splits: 3183.
num_chunks_enlarged: 2038.
num_inconsistent_stats: 0.

CodeHeap 'non-profiled nmethods': size=120000Kb used=6789Kb max_used=6789Kb free=113210Kb
 bounds [0x000001e4b6f20000, 0x000001e4b75d0000, 0x000001e4be450000]
CodeHeap 'profiled nmethods': size=120000Kb used=18322Kb max_used=18322Kb free=101677Kb
 bounds [0x000001e4af450000, 0x000001e4b0640000, 0x000001e4b6980000]
CodeHeap 'non-nmethods': size=5760Kb used=2398Kb max_used=2516Kb free=3361Kb
 bounds [0x000001e4b6980000, 0x000001e4b6c00000, 0x000001e4b6f20000]
 total_blobs=10689 nmethods=9759 adapters=842
 compilation: enabled
              stopped_count=0, restarted_count=0
 full_count=0

Compilation events (20 events):
Event: 25.234 Thread 0x000001e4d612d3b0 11388       3       org.codehaus.groovy.reflection.ClassInfo::<init> (88 bytes)
Event: 25.236 Thread 0x000001e4d612d3b0 nmethod 11388 0x000001e4b0621990 code [0x000001e4b0621c60, 0x000001e4b0622e58]
Event: 25.236 Thread 0x000001e4d612d3b0 11389       3       org.codehaus.groovy.util.ManagedConcurrentLinkedQueue::add (20 bytes)
Event: 25.236 Thread 0x000001e4d612d3b0 nmethod 11389 0x000001e4b0623310 code [0x000001e4b06234e0, 0x000001e4b0623858]
Event: 25.236 Thread 0x000001e4d612d3b0 11386       3       org.codehaus.groovy.reflection.CachedClass$8::initValue (5 bytes)
Event: 25.236 Thread 0x000001e4d612d3b0 nmethod 11386 0x000001e4b000e110 code [0x000001e4b000e2c0, 0x000001e4b000e408]
Event: 25.244 Thread 0x000001e4d612d3b0 11392       3       org.gradle.internal.classloader.TransformErrorHandler::exitClassLoadingScopeWithException (31 bytes)
Event: 25.245 Thread 0x000001e4d612d3b0 nmethod 11392 0x000001e4b0623a10 code [0x000001e4b0623ca0, 0x000001e4b06248b8]
Event: 25.245 Thread 0x000001e4d612d3b0 11393       3       com.google.common.base.Throwables::propagateIfPossible (10 bytes)
Event: 25.246 Thread 0x000001e4d612d3b0 nmethod 11393 0x000001e4b0624d10 code [0x000001e4b0624f80, 0x000001e4b0625c18]
Event: 25.252 Thread 0x000001e4d612d3b0 11394       3       java.util.ArrayDeque::copyElements (13 bytes)
Event: 25.253 Thread 0x000001e4d612d3b0 nmethod 11394 0x000001e4b0625f90 code [0x000001e4b06261a0, 0x000001e4b06267d8]
Event: 25.253 Thread 0x000001e4d612d3b0 11395       3       java.util.ArrayDeque$$Lambda$475/0x000001e4c53f2268::<init> (10 bytes)
Event: 25.254 Thread 0x000001e4d612d3b0 nmethod 11395 0x000001e4b0626a10 code [0x000001e4b0626bc0, 0x000001e4b0626d78]
Event: 25.254 Thread 0x000001e4d612d3b0 11396       3       java.util.regex.Matcher::appendTail (19 bytes)
Event: 25.254 Thread 0x000001e4d612d3b0 nmethod 11396 0x000001e4b0626e10 code [0x000001e4b0626fe0, 0x000001e4b06272d8]
Event: 25.275 Thread 0x000001e4d612d3b0 11398       3       java.beans.FeatureDescriptor::<init> (69 bytes)
Event: 25.276 Thread 0x000001e4d612d3b0 nmethod 11398 0x000001e4b0627490 code [0x000001e4b06276c0, 0x000001e4b0627e68]
Event: 25.281 Thread 0x000001e4d612d3b0 11399       3       java.util.TimSort::gallopLeft (335 bytes)
Event: 25.283 Thread 0x000001e4d612d3b0 nmethod 11399 0x000001e4b0628090 code [0x000001e4b06282c0, 0x000001e4b0628d78]

GC Heap History (20 events):
Event: 15.120 GC heap before
{Heap before GC invocations=27 (full 0):
 garbage-first heap   total 107520K, used 89646K [0x00000000c0000000, 0x0000000100000000)
  region size 1024K, 29 young (29696K), 1 survivors (1024K)
 Metaspace       used 62139K, committed 62720K, reserved 278528K
  class space    used 8822K, committed 9088K, reserved 212992K
}
Event: 15.124 GC heap after
{Heap after GC invocations=28 (full 0):
 garbage-first heap   total 208896K, used 62292K [0x00000000c0000000, 0x0000000100000000)
  region size 1024K, 2 young (2048K), 2 survivors (2048K)
 Metaspace       used 62139K, committed 62720K, reserved 278528K
  class space    used 8822K, committed 9088K, reserved 212992K
}
Event: 17.572 GC heap before
{Heap before GC invocations=29 (full 0):
 garbage-first heap   total 208896K, used 172884K [0x00000000c0000000, 0x0000000100000000)
  region size 1024K, 110 young (112640K), 2 survivors (2048K)
 Metaspace       used 67858K, committed 68480K, reserved 278528K
  class space    used 9701K, committed 9984K, reserved 212992K
}
Event: 17.586 GC heap after
{Heap after GC invocations=30 (full 0):
 garbage-first heap   total 208896K, used 73288K [0x00000000c0000000, 0x0000000100000000)
  region size 1024K, 13 young (13312K), 13 survivors (13312K)
 Metaspace       used 67858K, committed 68480K, reserved 278528K
  class space    used 9701K, committed 9984K, reserved 212992K
}
Event: 18.913 GC heap before
{Heap before GC invocations=30 (full 0):
 garbage-first heap   total 208896K, used 167496K [0x00000000c0000000, 0x0000000100000000)
  region size 1024K, 105 young (107520K), 13 survivors (13312K)
 Metaspace       used 68206K, committed 68800K, reserved 278528K
  class space    used 9712K, committed 9984K, reserved 212992K
}
Event: 18.928 GC heap after
{Heap after GC invocations=31 (full 0):
 garbage-first heap   total 208896K, used 76819K [0x00000000c0000000, 0x0000000100000000)
  region size 1024K, 6 young (6144K), 6 survivors (6144K)
 Metaspace       used 68206K, committed 68800K, reserved 278528K
  class space    used 9712K, committed 9984K, reserved 212992K
}
Event: 19.906 GC heap before
{Heap before GC invocations=31 (full 0):
 garbage-first heap   total 208896K, used 168979K [0x00000000c0000000, 0x0000000100000000)
  region size 1024K, 96 young (98304K), 6 survivors (6144K)
 Metaspace       used 68275K, committed 68992K, reserved 278528K
  class space    used 9718K, committed 10048K, reserved 212992K
}
Event: 19.914 GC heap after
{Heap after GC invocations=32 (full 0):
 garbage-first heap   total 208896K, used 78620K [0x00000000c0000000, 0x0000000100000000)
  region size 1024K, 8 young (8192K), 8 survivors (8192K)
 Metaspace       used 68275K, committed 68992K, reserved 278528K
  class space    used 9718K, committed 10048K, reserved 212992K
}
Event: 21.115 GC heap before
{Heap before GC invocations=32 (full 0):
 garbage-first heap   total 208896K, used 175900K [0x00000000c0000000, 0x0000000100000000)
  region size 1024K, 96 young (98304K), 8 survivors (8192K)
 Metaspace       used 69413K, committed 70208K, reserved 278528K
  class space    used 9841K, committed 10240K, reserved 212992K
}
Event: 21.128 GC heap after
{Heap after GC invocations=33 (full 0):
 garbage-first heap   total 208896K, used 94522K [0x00000000c0000000, 0x0000000100000000)
  region size 1024K, 12 young (12288K), 12 survivors (12288K)
 Metaspace       used 69413K, committed 70208K, reserved 278528K
  class space    used 9841K, committed 10240K, reserved 212992K
}
Event: 22.040 GC heap before
{Heap before GC invocations=33 (full 0):
 garbage-first heap   total 208896K, used 176442K [0x00000000c0000000, 0x0000000100000000)
  region size 1024K, 84 young (86016K), 12 survivors (12288K)
 Metaspace       used 69728K, committed 70528K, reserved 278528K
  class space    used 9894K, committed 10304K, reserved 212992K
}
Event: 22.049 GC heap after
{Heap after GC invocations=34 (full 0):
 garbage-first heap   total 208896K, used 109146K [0x00000000c0000000, 0x0000000100000000)
  region size 1024K, 9 young (9216K), 9 survivors (9216K)
 Metaspace       used 69728K, committed 70528K, reserved 278528K
  class space    used 9894K, committed 10304K, reserved 212992K
}
Event: 22.737 GC heap before
{Heap before GC invocations=34 (full 0):
 garbage-first heap   total 208896K, used 170586K [0x00000000c0000000, 0x0000000100000000)
  region size 1024K, 68 young (69632K), 9 survivors (9216K)
 Metaspace       used 74496K, committed 75264K, reserved 278528K
  class space    used 10437K, committed 10816K, reserved 212992K
}
Event: 22.745 GC heap after
{Heap after GC invocations=35 (full 0):
 garbage-first heap   total 208896K, used 112444K [0x00000000c0000000, 0x0000000100000000)
  region size 1024K, 3 young (3072K), 3 survivors (3072K)
 Metaspace       used 74496K, committed 75264K, reserved 278528K
  class space    used 10437K, committed 10816K, reserved 212992K
}
Event: 23.661 GC heap before
{Heap before GC invocations=35 (full 0):
 garbage-first heap   total 208896K, used 176956K [0x00000000c0000000, 0x0000000100000000)
  region size 1024K, 61 young (62464K), 3 survivors (3072K)
 Metaspace       used 78726K, committed 79552K, reserved 344064K
  class space    used 10969K, committed 11392K, reserved 212992K
}
Event: 23.666 GC heap after
{Heap after GC invocations=36 (full 0):
 garbage-first heap   total 208896K, used 119240K [0x00000000c0000000, 0x0000000100000000)
  region size 1024K, 8 young (8192K), 8 survivors (8192K)
 Metaspace       used 78726K, committed 79552K, reserved 344064K
  class space    used 10969K, committed 11392K, reserved 212992K
}
Event: 24.322 GC heap before
{Heap before GC invocations=36 (full 0):
 garbage-first heap   total 208896K, used 171464K [0x00000000c0000000, 0x0000000100000000)
  region size 1024K, 59 young (60416K), 8 survivors (8192K)
 Metaspace       used 82791K, committed 83584K, reserved 344064K
  class space    used 11506K, committed 11904K, reserved 212992K
}
Event: 24.329 GC heap after
{Heap after GC invocations=37 (full 0):
 garbage-first heap   total 208896K, used 121062K [0x00000000c0000000, 0x0000000100000000)
  region size 1024K, 2 young (2048K), 2 survivors (2048K)
 Metaspace       used 82791K, committed 83584K, reserved 344064K
  class space    used 11506K, committed 11904K, reserved 212992K
}
Event: 25.118 GC heap before
{Heap before GC invocations=37 (full 0):
 garbage-first heap   total 208896K, used 173286K [0x00000000c0000000, 0x0000000100000000)
  region size 1024K, 53 young (54272K), 2 survivors (2048K)
 Metaspace       used 85456K, committed 86400K, reserved 344064K
  class space    used 11872K, committed 12352K, reserved 212992K
}
Event: 25.126 GC heap after
{Heap after GC invocations=38 (full 0):
 garbage-first heap   total 208896K, used 125971K [0x00000000c0000000, 0x0000000100000000)
  region size 1024K, 7 young (7168K), 7 survivors (7168K)
 Metaspace       used 85456K, committed 86400K, reserved 344064K
  class space    used 11872K, committed 12352K, reserved 212992K
}

Dll operation events (15 events):
Event: 0.013 Loaded shared library E:\JAVA\bin\java.dll
Event: 0.036 Loaded shared library E:\JAVA\bin\jsvml.dll
Event: 0.114 Loaded shared library E:\JAVA\bin\zip.dll
Event: 0.116 Loaded shared library E:\JAVA\bin\instrument.dll
Event: 0.121 Loaded shared library E:\JAVA\bin\net.dll
Event: 0.123 Loaded shared library E:\JAVA\bin\nio.dll
Event: 0.127 Loaded shared library E:\JAVA\bin\zip.dll
Event: 0.437 Loaded shared library E:\JAVA\bin\jimage.dll
Event: 0.601 Loaded shared library E:\JAVA\bin\verify.dll
Event: 0.790 Loaded shared library E:\gradle\native\c067742578af261105cb4f569cf0c3c89f3d7b1fecec35dd04571415982c5e48\windows-amd64\native-platform.dll
Event: 0.796 Loaded shared library E:\gradle\native\100fb08df4bc3b14c8652ba06237920a3bd2aa13389f12d3474272988ae205f9\windows-amd64\native-platform-file-events.dll
Event: 1.859 Loaded shared library E:\JAVA\bin\management.dll
Event: 1.864 Loaded shared library E:\JAVA\bin\management_ext.dll
Event: 2.275 Loaded shared library E:\JAVA\bin\extnet.dll
Event: 3.805 Loaded shared library E:\JAVA\bin\sunmscapi.dll

Deoptimization events (20 events):
Event: 24.825 Thread 0x000001e4d7a5f940 Uncommon trap: trap_request=0xffffff45 fr.pc=0x000001e4b757ac5c relative=0x0000000000002dbc
Event: 24.825 Thread 0x000001e4d7a5f940 Uncommon trap: reason=unstable_if action=reinterpret pc=0x000001e4b757ac5c method=groovy.lang.MetaClassImpl.checkIfStdMethod(Lgroovy/lang/MetaMethod;)V @ 55 c2
Event: 24.825 Thread 0x000001e4d7a5f940 DEOPT PACKING pc=0x000001e4b757ac5c sp=0x000000afff6b2d70
Event: 24.825 Thread 0x000001e4d7a5f940 DEOPT UNPACKING pc=0x000001e4b69d69a3 sp=0x000000afff6b2d30 mode 2
Event: 24.825 Thread 0x000001e4d7a5f940 Uncommon trap: trap_request=0xffffff45 fr.pc=0x000001e4b75742f8 relative=0x0000000000002a18
Event: 24.825 Thread 0x000001e4d7a5f940 Uncommon trap: reason=unstable_if action=reinterpret pc=0x000001e4b75742f8 method=groovy.lang.MetaClassImpl.checkIfStdMethod(Lgroovy/lang/MetaMethod;)V @ 55 c2
Event: 24.825 Thread 0x000001e4d7a5f940 DEOPT PACKING pc=0x000001e4b75742f8 sp=0x000000afff6b2d00
Event: 24.825 Thread 0x000001e4d7a5f940 DEOPT UNPACKING pc=0x000001e4b69d69a3 sp=0x000000afff6b2d28 mode 2
Event: 24.826 Thread 0x000001e4d7a5f940 Uncommon trap: trap_request=0xffffffc6 fr.pc=0x000001e4b71bc828 relative=0x0000000000003f48
Event: 24.826 Thread 0x000001e4d7a5f940 Uncommon trap: reason=bimorphic_or_optimized_type_check action=maybe_recompile pc=0x000001e4b71bc828 method=org.codehaus.groovy.runtime.metaclass.MetaMethodIndex.isOverridden(Lgroovy/lang/MetaMethod;Lgroovy/lang/MetaMethod;)Z @ 15 c2
Event: 24.826 Thread 0x000001e4d7a5f940 DEOPT PACKING pc=0x000001e4b71bc828 sp=0x000000afff6b2cc0
Event: 24.826 Thread 0x000001e4d7a5f940 DEOPT UNPACKING pc=0x000001e4b69d69a3 sp=0x000000afff6b2c90 mode 2
Event: 24.826 Thread 0x000001e4d7a5f940 Uncommon trap: trap_request=0xffffffc6 fr.pc=0x000001e4b71bc814 relative=0x0000000000003f34
Event: 24.826 Thread 0x000001e4d7a5f940 Uncommon trap: reason=bimorphic_or_optimized_type_check action=maybe_recompile pc=0x000001e4b71bc814 method=org.codehaus.groovy.runtime.metaclass.MetaMethodIndex.isOverridden(Lgroovy/lang/MetaMethod;Lgroovy/lang/MetaMethod;)Z @ 10 c2
Event: 24.826 Thread 0x000001e4d7a5f940 DEOPT PACKING pc=0x000001e4b71bc814 sp=0x000000afff6b2cc0
Event: 24.826 Thread 0x000001e4d7a5f940 DEOPT UNPACKING pc=0x000001e4b69d69a3 sp=0x000000afff6b2c90 mode 2
Event: 24.919 Thread 0x000001e4d7a5f940 Uncommon trap: trap_request=0xffffffd6 fr.pc=0x000001e4b74b8bc8 relative=0x0000000000002448
Event: 24.919 Thread 0x000001e4d7a5f940 Uncommon trap: reason=array_check action=maybe_recompile pc=0x000001e4b74b8bc8 method=java.util.TimSort.binarySort([Ljava/lang/Object;IIILjava/util/Comparator;)V @ 193 c2
Event: 24.919 Thread 0x000001e4d7a5f940 DEOPT PACKING pc=0x000001e4b74b8bc8 sp=0x000000afff6b4320
Event: 24.919 Thread 0x000001e4d7a5f940 DEOPT UNPACKING pc=0x000001e4b69d69a3 sp=0x000000afff6b4240 mode 2

Classes loaded (20 events):
Event: 24.902 Loading class java/util/AbstractList$ListItr
Event: 24.902 Loading class java/util/AbstractList$ListItr done
Event: 24.946 Loading class java/lang/StringBeanInfo
Event: 24.946 Loading class java/lang/StringBeanInfo done
Event: 24.947 Loading class java/lang/StringBeanInfo
Event: 24.947 Loading class java/lang/StringBeanInfo done
Event: 24.947 Loading class java/lang/StringCustomizer
Event: 24.947 Loading class java/lang/StringCustomizer done
Event: 24.948 Loading class java/lang/StringCustomizer
Event: 24.948 Loading class java/lang/StringCustomizer done
Event: 25.042 Loading class java/lang/EnumBeanInfo
Event: 25.042 Loading class java/lang/EnumBeanInfo done
Event: 25.043 Loading class java/lang/EnumBeanInfo
Event: 25.043 Loading class java/lang/EnumBeanInfo done
Event: 25.043 Loading class java/lang/EnumCustomizer
Event: 25.043 Loading class java/lang/EnumCustomizer done
Event: 25.044 Loading class java/lang/EnumCustomizer
Event: 25.044 Loading class java/lang/EnumCustomizer done
Event: 25.266 Loading class java/beans/IntrospectionException
Event: 25.266 Loading class java/beans/IntrospectionException done

Classes unloaded (0 events):
No events

Classes redefined (0 events):
No events

Internal exceptions (20 events):
Event: 25.060 Thread 0x000001e4d7a5f940 Exception <a 'java/lang/ClassNotFoundException'{0x00000000c9d9ed10}: com/android/build/gradle/internal/CompileOptions$AgpDecorated_DecoratedBeanInfo> (0x00000000c9d9ed10) 
thrown [s\src\hotspot\share\classfile\systemDictionary.cpp, line 256]
Event: 25.061 Thread 0x000001e4d7a5f940 Exception <a 'java/lang/ClassNotFoundException'{0x00000000c9db2300}: com/android/build/gradle/internal/CompileOptions$AgpDecoratedBeanInfo> (0x00000000c9db2300) 
thrown [s\src\hotspot\share\classfile\systemDictionary.cpp, line 256]
Event: 25.062 Thread 0x000001e4d7a5f940 Exception <a 'java/lang/ClassNotFoundException'{0x00000000c9dc6698}: com/android/build/gradle/internal/CompileOptionsBeanInfo> (0x00000000c9dc6698) 
thrown [s\src\hotspot\share\classfile\systemDictionary.cpp, line 256]
Event: 25.063 Thread 0x000001e4d7a5f940 Exception <a 'java/lang/ClassNotFoundException'{0x00000000c9dd9cf8}: com/android/build/gradle/internal/CompileOptionsCustomizer> (0x00000000c9dd9cf8) 
thrown [s\src\hotspot\share\classfile\systemDictionary.cpp, line 256]
Event: 25.065 Thread 0x000001e4d7a5f940 Exception <a 'java/lang/ClassNotFoundException'{0x00000000c9df8f08}: com/android/build/gradle/internal/CompileOptions$AgpDecoratedCustomizer> (0x00000000c9df8f08) 
thrown [s\src\hotspot\share\classfile\systemDictionary.cpp, line 256]
Event: 25.066 Thread 0x000001e4d7a5f940 Exception <a 'java/lang/ClassNotFoundException'{0x00000000c9c10060}: com/android/build/gradle/internal/CompileOptions$AgpDecorated_DecoratedCustomizer> (0x00000000c9c10060) 
thrown [s\src\hotspot\share\classfile\systemDictionary.cpp, line 256]
Event: 25.078 Thread 0x000001e4d7a5f940 Exception <a 'java/lang/ClassNotFoundException'{0x00000000c9c7d1e8}: org/jetbrains/kotlin/gradle/plugin/KotlinAndroidPlugin$apply$1$kotlinOptions$1BeanInfo> (0x00000000c9c7d1e8) 
thrown [s\src\hotspot\share\classfile\systemDictionary.cpp, line 256]
Event: 25.079 Thread 0x000001e4d7a5f940 Exception <a 'java/lang/ClassNotFoundException'{0x00000000c9c90c88}: org/jetbrains/kotlin/gradle/plugin/KotlinAndroidPlugin$apply$1$kotlinOptions$1Customizer> (0x00000000c9c90c88) 
thrown [s\src\hotspot\share\classfile\systemDictionary.cpp, line 256]
Event: 25.242 Thread 0x000001e4d7a5f940 Exception <a 'java/lang/ClassNotFoundException'{0x00000000cc151a40}: com/android/build/gradle/internal/dsl/DefaultConfig$AgpDecorated_DecoratedBeanInfo> (0x00000000cc151a40) 
thrown [s\src\hotspot\share\classfile\systemDictionary.cpp, line 256]
Event: 25.243 Thread 0x000001e4d7a5f940 Exception <a 'java/lang/ClassNotFoundException'{0x00000000cc165190}: com/android/build/gradle/internal/dsl/DefaultConfig$AgpDecoratedBeanInfo> (0x00000000cc165190) 
thrown [s\src\hotspot\share\classfile\systemDictionary.cpp, line 256]
Event: 25.244 Thread 0x000001e4d7a5f940 Exception <a 'java/lang/ClassNotFoundException'{0x00000000cc179590}: com/android/build/gradle/internal/dsl/DefaultConfigBeanInfo> (0x00000000cc179590) 
thrown [s\src\hotspot\share\classfile\systemDictionary.cpp, line 256]
Event: 25.245 Thread 0x000001e4d7a5f940 Exception <a 'java/lang/ClassNotFoundException'{0x00000000cc18db98}: com/android/build/gradle/internal/dsl/BaseFlavorBeanInfo> (0x00000000cc18db98) 
thrown [s\src\hotspot\share\classfile\systemDictionary.cpp, line 256]
Event: 25.246 Thread 0x000001e4d7a5f940 Exception <a 'java/lang/ClassNotFoundException'{0x00000000cc1a1e80}: com/android/builder/core/AbstractProductFlavorBeanInfo> (0x00000000cc1a1e80) 
thrown [s\src\hotspot\share\classfile\systemDictionary.cpp, line 256]
Event: 25.247 Thread 0x000001e4d7a5f940 Exception <a 'java/lang/ClassNotFoundException'{0x00000000cc1b6248}: com/android/builder/internal/BaseConfigImplBeanInfo> (0x00000000cc1b6248) 
thrown [s\src\hotspot\share\classfile\systemDictionary.cpp, line 256]
Event: 25.249 Thread 0x000001e4d7a5f940 Exception <a 'java/lang/ClassNotFoundException'{0x00000000cc1ca5d8}: com/android/builder/internal/BaseConfigImplCustomizer> (0x00000000cc1ca5d8) 
thrown [s\src\hotspot\share\classfile\systemDictionary.cpp, line 256]
Event: 25.252 Thread 0x000001e4d7a5f940 Exception <a 'java/lang/ClassNotFoundException'{0x00000000cc1fe090}: com/android/builder/core/AbstractProductFlavorCustomizer> (0x00000000cc1fe090) 
thrown [s\src\hotspot\share\classfile\systemDictionary.cpp, line 256]
Event: 25.258 Thread 0x000001e4d7a5f940 Exception <a 'java/lang/ClassNotFoundException'{0x00000000cc04f598}: com/android/build/gradle/internal/dsl/BaseFlavorCustomizer> (0x00000000cc04f598) 
thrown [s\src\hotspot\share\classfile\systemDictionary.cpp, line 256]
Event: 25.270 Thread 0x000001e4d7a5f940 Exception <a 'java/lang/ClassNotFoundException'{0x00000000cc0d5808}: com/android/build/gradle/internal/dsl/DefaultConfigCustomizer> (0x00000000cc0d5808) 
thrown [s\src\hotspot\share\classfile\systemDictionary.cpp, line 256]
Event: 25.274 Thread 0x000001e4d7a5f940 Exception <a 'java/lang/ClassNotFoundException'{0x00000000cbf2c900}: com/android/build/gradle/internal/dsl/DefaultConfig$AgpDecoratedCustomizer> (0x00000000cbf2c900) 
thrown [s\src\hotspot\share\classfile\systemDictionary.cpp, line 256]
Event: 25.280 Thread 0x000001e4d7a5f940 Exception <a 'java/lang/ClassNotFoundException'{0x00000000cbf88080}: com/android/build/gradle/internal/dsl/DefaultConfig$AgpDecorated_DecoratedCustomizer> (0x00000000cbf88080) 
thrown [s\src\hotspot\share\classfile\systemDictionary.cpp, line 256]

VM Operations (20 events):
Event: 22.737 Executing VM operation: G1CollectForAllocation
Event: 22.745 Executing VM operation: G1CollectForAllocation done
Event: 22.783 Executing VM operation: HandshakeAllThreads
Event: 22.783 Executing VM operation: HandshakeAllThreads done
Event: 22.852 Executing VM operation: HandshakeAllThreads
Event: 22.852 Executing VM operation: HandshakeAllThreads done
Event: 22.853 Executing VM operation: HandshakeAllThreads
Event: 22.853 Executing VM operation: HandshakeAllThreads done
Event: 23.661 Executing VM operation: G1CollectForAllocation
Event: 23.666 Executing VM operation: G1CollectForAllocation done
Event: 24.321 Executing VM operation: G1CollectForAllocation
Event: 24.329 Executing VM operation: G1CollectForAllocation done
Event: 24.826 Executing VM operation: ICBufferFull
Event: 24.826 Executing VM operation: ICBufferFull done
Event: 24.903 Executing VM operation: HandshakeAllThreads
Event: 24.903 Executing VM operation: HandshakeAllThreads done
Event: 24.952 Executing VM operation: HandshakeAllThreads
Event: 24.952 Executing VM operation: HandshakeAllThreads done
Event: 25.118 Executing VM operation: G1CollectForAllocation
Event: 25.126 Executing VM operation: G1CollectForAllocation done

Memory protections (0 events):
No events

Nmethod flushes (20 events):
Event: 21.274 Thread 0x000001e4d612ded0 flushing  nmethod 0x000001e4b0223610
Event: 21.274 Thread 0x000001e4d612ded0 flushing  nmethod 0x000001e4b0227f90
Event: 21.274 Thread 0x000001e4d612ded0 flushing  nmethod 0x000001e4b022aa10
Event: 21.274 Thread 0x000001e4d612ded0 flushing  nmethod 0x000001e4b022e010
Event: 21.274 Thread 0x000001e4d612ded0 flushing  nmethod 0x000001e4b022fe90
Event: 21.274 Thread 0x000001e4d612ded0 flushing  nmethod 0x000001e4b0232010
Event: 21.274 Thread 0x000001e4d612ded0 flushing  nmethod 0x000001e4b0238290
Event: 21.275 Thread 0x000001e4d612ded0 flushing  nmethod 0x000001e4b0346210
Event: 21.275 Thread 0x000001e4d612ded0 flushing  nmethod 0x000001e4b0370010
Event: 21.276 Thread 0x000001e4d612ded0 flushing  nmethod 0x000001e4b03a6d10
Event: 21.276 Thread 0x000001e4d612ded0 flushing  nmethod 0x000001e4b03a7090
Event: 21.276 Thread 0x000001e4d612ded0 flushing  nmethod 0x000001e4b03a7410
Event: 21.276 Thread 0x000001e4d612ded0 flushing  nmethod 0x000001e4b03b5890
Event: 21.276 Thread 0x000001e4d612ded0 flushing  nmethod 0x000001e4b03bae10
Event: 21.276 Thread 0x000001e4d612ded0 flushing  nmethod 0x000001e4b040f510
Event: 21.276 Thread 0x000001e4d612ded0 flushing  nmethod 0x000001e4b0429890
Event: 21.277 Thread 0x000001e4d612ded0 flushing  nmethod 0x000001e4b04aac10
Event: 21.277 Thread 0x000001e4d612ded0 flushing  nmethod 0x000001e4b052d890
Event: 21.277 Thread 0x000001e4d612ded0 flushing  nmethod 0x000001e4b0530f10
Event: 21.277 Thread 0x000001e4d612ded0 flushing  nmethod 0x000001e4b0531290

Events (20 events):
Event: 16.502 Thread 0x000001e4d84d1130 Thread added: 0x000001e4d97b6db0
Event: 16.817 Thread 0x000001e4d84d1130 Thread added: 0x000001e4d97b72c0
Event: 16.894 Thread 0x000001e4d84d1130 Thread added: 0x000001e4d97b9120
Event: 16.922 Thread 0x000001e4d84d1130 Thread added: 0x000001e4d97b8c10
Event: 17.118 Thread 0x000001e4d84d1130 Thread added: 0x000001e4d97b5970
Event: 17.217 Thread 0x000001e4dc2c1490 Thread exited: 0x000001e4dc2c1490
Event: 17.560 Thread 0x000001e4d7a5f940 Thread added: 0x000001e4d97b77d0
Event: 17.644 Thread 0x000001e4d7a5f940 Thread added: 0x000001e4d97b7ce0
Event: 18.170 Thread 0x000001e4d7a5f940 Thread added: 0x000001e4d97b5e80
Event: 20.134 Thread 0x000001e4d7a5f940 Thread added: 0x000001e4d97b6390
Event: 20.213 Thread 0x000001e4d612d3b0 Thread added: 0x000001e4dc2c1f30
Event: 20.224 Thread 0x000001e4d7a5f940 Thread added: 0x000001e4d97baa70
Event: 21.858 Thread 0x000001e4d7a5f940 Thread added: 0x000001e4d97bbeb0
Event: 21.935 Thread 0x000001e4d7a5f940 Thread added: 0x000001e4d97baf80
Event: 22.187 Thread 0x000001e4dc2c1f30 Thread exited: 0x000001e4dc2c1f30
Event: 22.268 Thread 0x000001e4dc2bcf80 Thread exited: 0x000001e4dc2bcf80
Event: 22.673 Thread 0x000001e4d612d3b0 Thread added: 0x000001e4dc2bfa00
Event: 22.673 Thread 0x000001e4d612d3b0 Thread added: 0x000001e4dc2bdf70
Event: 23.993 Thread 0x000001e4d7a5f940 Thread added: 0x000001e4d97bcde0
Event: 24.925 Thread 0x000001e4d7a5f940 Thread added: 0x000001e4d97ba560


Dynamic libraries:
0x00007ff6f05f0000 - 0x00007ff6f05fe000 	E:\JAVA\bin\java.exe
0x00007ffad2460000 - 0x00007ffad26c6000 	C:\WINDOWS\SYSTEM32\ntdll.dll
0x00007ffad12a0000 - 0x00007ffad1369000 	C:\WINDOWS\System32\KERNEL32.DLL
0x00007ffacfdd0000 - 0x00007ffad01ca000 	C:\WINDOWS\System32\KERNELBASE.dll
0x00007ffacfc80000 - 0x00007ffacfdcc000 	C:\WINDOWS\System32\ucrtbase.dll
0x00007ffaabec0000 - 0x00007ffaabede000 	E:\JAVA\bin\VCRUNTIME140.dll
0x00007ffabb5b0000 - 0x00007ffabb5c8000 	E:\JAVA\bin\jli.dll
0x00007ffad2250000 - 0x00007ffad2417000 	C:\WINDOWS\System32\USER32.dll
0x00007ffaba700000 - 0x00007ffaba992000 	C:\WINDOWS\WinSxS\amd64_microsoft.windows.common-controls_6595b64144ccf1df_6.0.26100.8521_none_3e08b75ce33403b3\COMCTL32.dll
0x00007ffacf910000 - 0x00007ffacf937000 	C:\WINDOWS\System32\win32u.dll
0x00007ffad1820000 - 0x00007ffad18c9000 	C:\WINDOWS\System32\msvcrt.dll
0x00007ffad18d0000 - 0x00007ffad18fb000 	C:\WINDOWS\System32\GDI32.dll
0x00007ffacfac0000 - 0x00007ffacfbeb000 	C:\WINDOWS\System32\gdi32full.dll
0x00007ffacf7b0000 - 0x00007ffacf853000 	C:\WINDOWS\System32\msvcp_win.dll
0x00007ffad01d0000 - 0x00007ffad0202000 	C:\WINDOWS\System32\IMM32.DLL
0x00007ffabdbd0000 - 0x00007ffabdbdc000 	E:\JAVA\bin\vcruntime140_1.dll
0x00007ffaabe30000 - 0x00007ffaabebd000 	E:\JAVA\bin\msvcp140.dll
0x00007ffa2e380000 - 0x00007ffa2efeb000 	E:\JAVA\bin\server\jvm.dll
0x00007ffad0e60000 - 0x00007ffad0f16000 	C:\WINDOWS\System32\ADVAPI32.dll
0x00007ffad1900000 - 0x00007ffad19aa000 	C:\WINDOWS\System32\sechost.dll
0x00007ffad1700000 - 0x00007ffad1818000 	C:\WINDOWS\System32\RPCRT4.dll
0x00007ffad1a20000 - 0x00007ffad1aa0000 	C:\WINDOWS\System32\WS2_32.dll
0x00007ffacf550000 - 0x00007ffacf5ae000 	C:\WINDOWS\SYSTEM32\POWRPROF.dll
0x00007ffaba9a0000 - 0x00007ffaba9d6000 	C:\WINDOWS\SYSTEM32\WINMM.dll
0x00007ffabefa0000 - 0x00007ffabefab000 	C:\WINDOWS\SYSTEM32\VERSION.dll
0x00007ffacf530000 - 0x00007ffacf544000 	C:\WINDOWS\SYSTEM32\UMPDC.dll
0x00007fface440000 - 0x00007fface45b000 	C:\WINDOWS\SYSTEM32\kernel.appcore.dll
0x00007ffabb5a0000 - 0x00007ffabb5aa000 	E:\JAVA\bin\jimage.dll
0x00007ffacce70000 - 0x00007ffacd0b2000 	C:\WINDOWS\SYSTEM32\DBGHELP.DLL
0x00007ffad0ad0000 - 0x00007ffad0e53000 	C:\WINDOWS\System32\combase.dll
0x00007ffad0fb0000 - 0x00007ffad1089000 	C:\WINDOWS\System32\OLEAUT32.dll
0x00007ffabb1d0000 - 0x00007ffabb20b000 	C:\WINDOWS\SYSTEM32\dbgcore.DLL
0x00007ffacf860000 - 0x00007ffacf908000 	C:\WINDOWS\System32\bcryptPrimitives.dll
0x00007ffab5800000 - 0x00007ffab580e000 	E:\JAVA\bin\instrument.dll
0x00007ffaa9010000 - 0x00007ffaa9035000 	E:\JAVA\bin\java.dll
0x00007ffaa7240000 - 0x00007ffaa7317000 	E:\JAVA\bin\jsvml.dll
0x00007ffad1ab0000 - 0x00007ffad2234000 	C:\WINDOWS\System32\SHELL32.dll
0x00007ffacd270000 - 0x00007ffacdaf0000 	C:\WINDOWS\SYSTEM32\windows.storage.dll
0x00007ffad0850000 - 0x00007ffad0946000 	C:\WINDOWS\System32\SHCORE.dll
0x00007ffad0720000 - 0x00007ffad0787000 	C:\WINDOWS\System32\shlwapi.dll
0x00007ffacf610000 - 0x00007ffacf639000 	C:\WINDOWS\SYSTEM32\profapi.dll
0x00007ffaa8f00000 - 0x00007ffaa8f18000 	E:\JAVA\bin\zip.dll
0x00007ffaaa3c0000 - 0x00007ffaaa3da000 	E:\JAVA\bin\net.dll
0x00007ffabfa20000 - 0x00007ffabfb49000 	C:\WINDOWS\SYSTEM32\WINHTTP.dll
0x00007fface990000 - 0x00007fface9fc000 	C:\WINDOWS\system32\mswsock.dll
0x00007ffaa8ff0000 - 0x00007ffaa9006000 	E:\JAVA\bin\nio.dll
0x00007ffabee50000 - 0x00007ffabee60000 	E:\JAVA\bin\verify.dll
0x00007ffab93c0000 - 0x00007ffab93e7000 	E:\gradle\native\c067742578af261105cb4f569cf0c3c89f3d7b1fecec35dd04571415982c5e48\windows-amd64\native-platform.dll
0x00007ffa6fd80000 - 0x00007ffa6fec4000 	E:\gradle\native\100fb08df4bc3b14c8652ba06237920a3bd2aa13389f12d3474272988ae205f9\windows-amd64\native-platform-file-events.dll
0x00007ffab9950000 - 0x00007ffab995a000 	E:\JAVA\bin\management.dll
0x00007ffab9890000 - 0x00007ffab989c000 	E:\JAVA\bin\management_ext.dll
0x00007ffad2240000 - 0x00007ffad2248000 	C:\WINDOWS\System32\PSAPI.DLL
0x00007ffaced90000 - 0x00007ffacedab000 	C:\WINDOWS\SYSTEM32\CRYPTSP.dll
0x00007fface3a0000 - 0x00007fface3d9000 	C:\WINDOWS\system32\rsaenh.dll
0x00007ffacea40000 - 0x00007ffacea73000 	C:\WINDOWS\SYSTEM32\USERENV.dll
0x00007ffacf5e0000 - 0x00007ffacf60a000 	C:\WINDOWS\SYSTEM32\bcrypt.dll
0x00007ffacebf0000 - 0x00007ffacebfc000 	C:\WINDOWS\SYSTEM32\CRYPTBASE.dll
0x00007ffacde20000 - 0x00007ffacde53000 	C:\WINDOWS\SYSTEM32\IPHLPAPI.DLL
0x00007ffad19b0000 - 0x00007ffad19ba000 	C:\WINDOWS\System32\NSI.dll
0x00007ffac44d0000 - 0x00007ffac44ed000 	C:\WINDOWS\SYSTEM32\dhcpcsvc6.DLL
0x00007ffac44a0000 - 0x00007ffac44c5000 	C:\WINDOWS\SYSTEM32\dhcpcsvc.DLL
0x00007ffacdeb0000 - 0x00007ffacdffa000 	C:\WINDOWS\SYSTEM32\DNSAPI.dll
0x00007fface7d0000 - 0x00007fface7dd000 	C:\WINDOWS\SYSTEM32\DSPARSE.dll
0x00007ffaaea90000 - 0x00007ffaaea99000 	E:\JAVA\bin\extnet.dll
0x00007ffabb4b0000 - 0x00007ffabb4be000 	E:\JAVA\bin\sunmscapi.dll
0x00007ffacf940000 - 0x00007ffacfab8000 	C:\WINDOWS\System32\CRYPT32.dll
0x00007ffaceef0000 - 0x00007ffacef20000 	C:\WINDOWS\SYSTEM32\ncrypt.dll
0x00007ffaceea0000 - 0x00007ffaceedf000 	C:\WINDOWS\SYSTEM32\NTASN1.dll
0x00007ffab7250000 - 0x00007ffab7258000 	C:\WINDOWS\system32\wshunix.dll
0x00007ffabe350000 - 0x00007ffabe368000 	C:\WINDOWS\system32\napinsp.dll
0x00007ffabe310000 - 0x00007ffabe323000 	C:\WINDOWS\System32\winrnr.dll
0x00007ffa69ff0000 - 0x00007ffa6a012000 	C:\WINDOWS\system32\nlansp_c.dll
0x00007ffabd6b0000 - 0x00007ffabd6c6000 	C:\WINDOWS\system32\wshbth.dll
0x00007ffac0c80000 - 0x00007ffac0c8b000 	C:\Windows\System32\rasadhlp.dll
0x00007ffac5520000 - 0x00007ffac55a6000 	C:\WINDOWS\System32\fwpuclnt.dll

dbghelp: loaded successfully - version: 4.0.5 - missing functions: none
symbol engine: initialized successfully - sym options: 0x614 - pdb path: .;E:\JAVA\bin;C:\WINDOWS\SYSTEM32;C:\WINDOWS\WinSxS\amd64_microsoft.windows.common-controls_6595b64144ccf1df_6.0.26100.8521_none_3e08b75ce33403b3;E:\JAVA\bin\server;E:\gradle\native\c067742578af261105cb4f569cf0c3c89f3d7b1fecec35dd04571415982c5e48\windows-amd64;E:\gradle\native\100fb08df4bc3b14c8652ba06237920a3bd2aa13389f12d3474272988ae205f9\windows-amd64

VM Arguments:
jvm_args: --add-opens=java.base/java.lang=ALL-UNNAMED --add-opens=java.base/java.lang.invoke=ALL-UNNAMED --add-opens=java.base/java.util=ALL-UNNAMED --add-opens=java.prefs/java.util.prefs=ALL-UNNAMED --add-exports=jdk.compiler/com.sun.tools.javac.api=ALL-UNNAMED --add-exports=jdk.compiler/com.sun.tools.javac.util=ALL-UNNAMED --add-opens=java.base/java.util=ALL-UNNAMED --add-opens=java.prefs/java.util.prefs=ALL-UNNAMED --add-opens=java.base/java.nio.charset=ALL-UNNAMED --add-opens=java.base/java.net=ALL-UNNAMED --add-opens=java.base/java.util.concurrent.atomic=ALL-UNNAMED --add-opens=java.xml/javax.xml.namespace=ALL-UNNAMED -XX:MaxMetaspaceSize=256m -Xss256k -Xmx1024M -Dfile.encoding=windows-1252 -Duser.country=US -Duser.language=en -Duser.variant -javaagent:E:\gradle\wrapper\dists\gradle-8.11.1-all\2qik7nd48slq1ooc2496ixf4i\gradle-8.11.1\lib\agents\gradle-instrumentation-agent-8.11.1.jar 
java_command: org.gradle.launcher.daemon.bootstrap.GradleDaemon 8.11.1
java_class_path (initial): E:\gradle\wrapper\dists\gradle-8.11.1-all\2qik7nd48slq1ooc2496ixf4i\gradle-8.11.1\lib\gradle-daemon-main-8.11.1.jar
Launcher Type: SUN_STANDARD

[Global flags]
     intx CICompilerCount                          = 4                                         {product} {ergonomic}
   size_t CompressedClassSpaceSize                 = 218103808                                 {product} {ergonomic}
     uint ConcGCThreads                            = 2                                         {product} {ergonomic}
     uint G1ConcRefinementThreads                  = 8                                         {product} {ergonomic}
   size_t G1HeapRegionSize                         = 1048576                                   {product} {ergonomic}
    uintx GCDrainStackTargetSize                   = 64                                        {product} {ergonomic}
   size_t InitialHeapSize                          = 264241152                                 {product} {ergonomic}
   size_t MarkStackSize                            = 4194304                                   {product} {ergonomic}
   size_t MaxHeapSize                              = 1073741824                                {product} {command line}
   size_t MaxMetaspaceSize                         = 268435456                                 {product} {command line}
   size_t MaxNewSize                               = 643825664                                 {product} {ergonomic}
   size_t MinHeapDeltaBytes                        = 1048576                                   {product} {ergonomic}
   size_t MinHeapSize                              = 8388608                                   {product} {ergonomic}
    uintx NonNMethodCodeHeapSize                   = 5839372                                {pd product} {ergonomic}
    uintx NonProfiledCodeHeapSize                  = 122909434                              {pd product} {ergonomic}
    uintx ProfiledCodeHeapSize                     = 122909434                              {pd product} {ergonomic}
    uintx ReservedCodeCacheSize                    = 251658240                              {pd product} {ergonomic}
     bool SegmentedCodeCache                       = true                                      {product} {ergonomic}
   size_t SoftMaxHeapSize                          = 1073741824                             {manageable} {ergonomic}
     intx ThreadStackSize                          = 256                                    {pd product} {command line}
     bool UseCompressedClassPointers               = true                           {product lp64_product} {ergonomic}
     bool UseCompressedOops                        = true                           {product lp64_product} {ergonomic}
     bool UseG1GC                                  = true                                      {product} {ergonomic}
     bool UseLargePagesIndividualAllocation        = false                                  {pd product} {ergonomic}

Logging:
Log output configuration:
 #0: stdout all=warning uptime,level,tags
 #1: stderr all=off uptime,level,tags

Environment Variables:
JAVA_HOME=E:\JAVA
CLASSPATH=E:\voice_test\android\\gradle\wrapper\gradle-wrapper.jar
PATH=E:\JAVA\bin;C:\Program Files\Common Files\Oracle\Java\javapath;C:\WINDOWS\system32;C:\WINDOWS;C:\WINDOWS\System32\Wbem;C:\WINDOWS\System32\WindowsPowerShell\v1.0\;C:\WINDOWS\System32\OpenSSH\;C:\Program Files\Git\cmd;C:\Program Files\Microsoft SQL Server\170\Tools\Binn\;C:\Program Files\Microsoft SQL Server\Client SDK\ODBC\170\Tools\Binn\;C:\Program Files\Microsoft SQL Server\170\DTS\Binn\;C:\Program Files\dotnet\;D:\Basira\;C:\ProgramData\chocolatey\bin;E:\JAVA\bin;E:\DOWNLOAD\New folder (2)\bin;C:\Program Files\Common Files\Oracle\Java\javapath;C:\WINDOWS\system32;C:\WINDOWS;C:\WINDOWS\System32\Wbem;C:\WINDOWS\System32\WindowsPowerShell\v1.0\;C:\WINDOWS\System32\OpenSSH\;C:\Program Files\Git\cmd;C:\Program Files\Microsoft SQL Server\170\Tools\Binn\;C:\Program Files\Microsoft SQL Server\Client SDK\ODBC\170\Tools\Binn\;C:\Program Files\Microsoft SQL Server\170\DTS\Binn\;C:\Program Files\dotnet\;D:\Basira\;C:\ProgramData\chocolatey\bin;C:\WINDOWS\system32;C:\WINDOWS;C:\WINDOWS\System32\Wbem;C:\WINDOWS\System32\WindowsPowerShell\v1.0\;C:\WINDOWS\System32\OpenSSH\;C:\Program Files\Git\cmd;C:\Program Files\Microsoft SQL Server\170\Tools\Binn\;C:\Program Files\Microsoft SQL Server\Client SDK\ODBC\170\Tools\Binn\;C:\Program Files\Microsoft SQL Server\170\DTS\Binn\;C:\Program Files\dotnet\;D:\Basira\;C:\ProgramData\chocolatey\bin;C:\Users\DELL\AppData\Local\Programs\Python\Python310\Scripts\;C:\Users\DELL\AppData\Local\Programs\Python\Python310\;C:\Users\DELL\AppData\Local\Prog;D:\flutter\bin;D:\download\Antigravity\bin;c:\Users\DELL\.antigravity\extensions\ms-python.debugpy-2026.6.0-win32-x64\bundled\scripts\noConfigScripts;D:\flutter\bin\mingit\cmd
USERNAME=DELL
LANG=en_US.UTF-8
OS=Windows_NT
PROCESSOR_IDENTIFIER=Intel64 Family 6 Model 142 Stepping 12, GenuineIntel
TMP=C:\Users\DELL\AppData\Local\Temp
TEMP=C:\Users\DELL\AppData\Local\Temp



Periodic native trim disabled


---------------  S Y S T E M  ---------------

OS:
 Windows 11 , 64 bit Build 26100 (10.0.26100.8521)
OS uptime: 0 days 3:06 hours
Hyper-V role detected

CPU: total 8 (initial active 8) (4 cores per cpu, 2 threads per core) family 6 model 142 stepping 12 microcode 0xf8, cx8, cmov, fxsr, ht, mmx, 3dnowpref, sse, sse2, sse3, ssse3, sse4.1, sse4.2, popcnt, lzcnt, tsc, tscinvbit, avx, avx2, aes, erms, clmul, bmi1, bmi2, adx, fma, vzeroupper, clflush, clflushopt, hv
Processor Information for processor 0
  Max Mhz: 2304, Current Mhz: 1502, Mhz Limit: 1797
Processor Information for processor 1
  Max Mhz: 2304, Current Mhz: 1502, Mhz Limit: 1797
Processor Information for processor 2
  Max Mhz: 2304, Current Mhz: 1803, Mhz Limit: 1797
Processor Information for processor 3
  Max Mhz: 2304, Current Mhz: 1803, Mhz Limit: 1797
Processor Information for processor 4
  Max Mhz: 2304, Current Mhz: 1502, Mhz Limit: 1797
Processor Information for processor 5
  Max Mhz: 2304, Current Mhz: 1803, Mhz Limit: 1797
Processor Information for processor 6
  Max Mhz: 2304, Current Mhz: 1502, Mhz Limit: 1797
Processor Information for processor 7
  Max Mhz: 2304, Current Mhz: 1803, Mhz Limit: 1797

Memory: 4k page, system-wide physical 16043M (4085M free)
TotalPageFile size 19326M (AvailPageFile size 5M)
current process WorkingSet (physical memory assigned to process): 476M, peak: 478M
current process commit charge ("private bytes"): 516M, peak: 517M

vm_info: OpenJDK 64-Bit Server VM (17.0.18+8) for windows-amd64 JRE (17.0.18+8), built on Jan 20 2026 22:28:22 by "admin" with MS VC++ 17.12 (VS2022)

END.
