#
# There is insufficient memory for the Java Runtime Environment to continue.
# Native memory allocation (malloc) failed to allocate 32744 bytes. Error detail: ChunkPool::allocate
# Possible reasons:
#   The system is out of physical RAM or swap space
#   This process is running with CompressedOops enabled, and the Java Heap may be blocking the growth of the native heap
# Possible solutions:
#   Reduce memory load on the system
#   Increase physical memory or swap space
#   Check if swap backing store is full
#   Decrease Java heap size (-Xmx/-Xms)
#   Decrease number of Java threads
#   Decrease Java thread stack sizes (-Xss)
#   Set larger code cache with -XX:ReservedCodeCacheSize=
#   JVM is running with Zero Based Compressed Oops mode in which the Java heap is
#     placed in the first 32GB address space. The Java Heap base address is the
#     maximum limit for the native heap growth. Please use -XX:HeapBaseMinAddress
#     to set the Java Heap base and to place the Java Heap above 32GB virtual address.
# This output file may be truncated or incomplete.
#
#  Out of Memory Error (arena.cpp:79), pid=23800, tid=23820
#
# JRE version: OpenJDK Runtime Environment Temurin-17.0.18+8 (17.0.18+8) (build 17.0.18+8)
# Java VM: OpenJDK 64-Bit Server VM Temurin-17.0.18+8 (17.0.18+8, mixed mode, sharing, tiered, compressed oops, compressed class ptrs, g1 gc, windows-amd64)
# No core dump will be written. Minidumps are not enabled by default on client versions of Windows
#

---------------  S U M M A R Y ------------

Command Line: -Dorg.gradle.appname=gradlew org.gradle.wrapper.GradleWrapperMain -q -Ptarget-platform=android-arm,android-arm64,android-x64 -Ptarget=lib\main.dart -Pbase-application-name=android.app.Application -Pdart-defines=RkxVVFRFUl9WRVJTSU9OPTMuNDEuOQ==,RkxVVFRFUl9DSEFOTkVMPXN0YWJsZQ==,RkxVVFRFUl9HSVRfVVJMPWh0dHBzOi8vZ2l0aHViLmNvbS9mbHV0dGVyL2ZsdXR0ZXIuZ2l0,RkxVVFRFUl9GUkFNRVdPUktfUkVWSVNJT049MDBiMGM5MWYwNg==,RkxVVFRFUl9FTkdJTkVfUkVWSVNJT049NDJkM2Q3NWE1Ng==,RkxVVFRFUl9EQVJUX1ZFUlNJT049My4xMS41 -Pdart-obfuscation=false -Ptrack-widget-creation=true -Ptree-shake-icons=false assembleRelease

Host: Intel(R) Core(TM) i7-10610U CPU @ 1.80GHz, 8 cores, 15G,  Windows 11 , 64 bit Build 26100 (10.0.26100.8521)
Time: Thu Jun 11 21:33:07 2026 Egypt Daylight Time elapsed time: 35.720233 seconds (0d 0h 0m 35s)

---------------  T H R E A D  ---------------

Current thread (0x00000281cb16b1a0):  JavaThread "main" [_thread_in_vm, id=23820, stack(0x000000ddbc200000,0x000000ddbc300000)]

Stack: [0x000000ddbc200000,0x000000ddbc300000]
Native frames: (J=compiled Java code, j=interpreted, Vv=VM code, C=native code)
V  [jvm.dll+0x6846f9]
V  [jvm.dll+0x839ea5]
V  [jvm.dll+0x83b91e]
V  [jvm.dll+0x83bfa3]
V  [jvm.dll+0x248eff]
V  [jvm.dll+0xad69e]
V  [jvm.dll+0xadb3c]
V  [jvm.dll+0x2c4440]
V  [jvm.dll+0x2c3a3d]
V  [jvm.dll+0x1ebb79]
V  [jvm.dll+0x1e08ea]
V  [jvm.dll+0x548119]
V  [jvm.dll+0x7b4cf2]
V  [jvm.dll+0x7b4c5a]
V  [jvm.dll+0x41525c]
V  [jvm.dll+0x42949c]
C  [java.dll+0x1657]

Java frames: (J=compiled Java code, j=interpreted, Vv=VM code)
j  java.lang.ClassLoader.defineClass0(Ljava/lang/ClassLoader;Ljava/lang/Class;Ljava/lang/String;[BIILjava/security/ProtectionDomain;ZILjava/lang/Object;)Ljava/lang/Class;+0 java.base@17.0.18
j  java.lang.System$2.defineClass(Ljava/lang/ClassLoader;Ljava/lang/Class;Ljava/lang/String;[BLjava/security/ProtectionDomain;ZILjava/lang/Object;)Ljava/lang/Class;+17 java.base@17.0.18
j  java.lang.invoke.MethodHandles$Lookup$ClassDefiner.defineClass(ZLjava/lang/Object;)Ljava/lang/Class;+54 java.base@17.0.18
j  java.lang.invoke.MethodHandles$Lookup$ClassDefiner.defineClassAsLookup(Z)Ljava/lang/invoke/MethodHandles$Lookup;+3 java.base@17.0.18
j  java.lang.invoke.MethodHandles$Lookup.defineHiddenClass([BZ[Ljava/lang/invoke/MethodHandles$Lookup$ClassOption;)Ljava/lang/invoke/MethodHandles$Lookup;+65 java.base@17.0.18
j  java.lang.invoke.InnerClassLambdaMetafactory.generateInnerClass()Ljava/lang/Class;+580 java.base@17.0.18
j  java.lang.invoke.InnerClassLambdaMetafactory.spinInnerClass()Ljava/lang/Class;+114 java.base@17.0.18
j  java.lang.invoke.InnerClassLambdaMetafactory.buildCallSite()Ljava/lang/invoke/CallSite;+1 java.base@17.0.18
j  java.lang.invoke.LambdaMetafactory.metafactory(Ljava/lang/invoke/MethodHandles$Lookup;Ljava/lang/String;Ljava/lang/invoke/MethodType;Ljava/lang/invoke/MethodType;Ljava/lang/invoke/MethodHandle;Ljava/lang/invoke/MethodType;)Ljava/lang/invoke/CallSite;+67 java.base@17.0.18
j  java.lang.invoke.DirectMethodHandle$Holder.invokeStatic(Ljava/lang/Object;Ljava/lang/Object;Ljava/lang/Object;Ljava/lang/Object;Ljava/lang/Object;Ljava/lang/Object;Ljava/lang/Object;)Ljava/lang/Object;+20 java.base@17.0.18
j  java.lang.invoke.Invokers$Holder.invokeExact_MT(Ljava/lang/Object;Ljava/lang/Object;Ljava/lang/Object;Ljava/lang/Object;Ljava/lang/Object;Ljava/lang/Object;Ljava/lang/Object;Ljava/lang/Object;)Ljava/lang/Object;+28 java.base@17.0.18
j  java.lang.invoke.BootstrapMethodInvoker.invoke(Ljava/lang/Class;Ljava/lang/invoke/MethodHandle;Ljava/lang/String;Ljava/lang/Object;Ljava/lang/Object;Ljava/lang/Class;)Ljava/lang/Object;+319 java.base@17.0.18
j  java.lang.invoke.CallSite.makeSite(Ljava/lang/invoke/MethodHandle;Ljava/lang/String;Ljava/lang/invoke/MethodType;Ljava/lang/Object;Ljava/lang/Class;)Ljava/lang/invoke/CallSite;+8 java.base@17.0.18
j  java.lang.invoke.MethodHandleNatives.linkCallSiteImpl(Ljava/lang/Class;Ljava/lang/invoke/MethodHandle;Ljava/lang/String;Ljava/lang/invoke/MethodType;Ljava/lang/Object;[Ljava/lang/Object;)Ljava/lang/invoke/MemberName;+6 java.base@17.0.18
j  java.lang.invoke.MethodHandleNatives.linkCallSite(Ljava/lang/Object;ILjava/lang/Object;Ljava/lang/Object;Ljava/lang/Object;Ljava/lang/Object;[Ljava/lang/Object;)Ljava/lang/invoke/MemberName;+46 java.base@17.0.18
v  ~StubRoutines::call_stub
j  java.util.concurrent.ConcurrentLinkedQueue.clear()V+1 java.base@17.0.18
j  org.gradle.internal.service.DefaultServiceRegistry$ManagedObjectServiceProvider.stop()V+28
j  org.gradle.internal.concurrent.CompositeStoppable.stop()V+32
j  org.gradle.internal.service.DefaultServiceRegistry$ManagedObjectServiceProvider.stop()V+21
j  org.gradle.internal.concurrent.CompositeStoppable.stop()V+32
j  org.gradle.internal.service.DefaultServiceRegistry$ManagedObjectServiceProvider.stop()V+21
j  org.gradle.internal.concurrent.CompositeStoppable.stop()V+32
j  org.gradle.internal.service.DefaultServiceRegistry$ManagedObjectServiceProvider.stop()V+21
j  org.gradle.internal.concurrent.CompositeStoppable.stop()V+32
j  org.gradle.internal.service.DefaultServiceRegistry$OwnServices.stop()V+4
j  org.gradle.internal.concurrent.CompositeStoppable.stop()V+32
j  org.gradle.internal.service.DefaultServiceRegistry$CompositeServiceProvider.stop()V+10
j  org.gradle.internal.concurrent.CompositeStoppable.stop()V+32
j  org.gradle.internal.service.DefaultServiceRegistry.close()V+34
j  org.gradle.internal.concurrent.CompositeStoppable$3.stop()V+4
j  org.gradle.internal.concurrent.CompositeStoppable.stop()V+32
j  org.gradle.launcher.cli.RunBuildAction.run()V+105
j  org.gradle.internal.Actions$RunnableActionAdapter.execute(Ljava/lang/Object;)V+4
j  org.gradle.launcher.cli.DefaultCommandLineActionFactory$ParseAndBuildAction.execute(Lorg/gradle/launcher/bootstrap/ExecutionListener;)V+129
j  org.gradle.launcher.cli.DefaultCommandLineActionFactory$ParseAndBuildAction.execute(Ljava/lang/Object;)V+5
j  org.gradle.launcher.cli.DebugLoggerWarningAction.execute(Lorg/gradle/launcher/bootstrap/ExecutionListener;)V+9
j  org.gradle.launcher.cli.DebugLoggerWarningAction.execute(Ljava/lang/Object;)V+5
j  org.gradle.launcher.cli.WelcomeMessageAction.execute(Lorg/gradle/launcher/bootstrap/ExecutionListener;)V+218
j  org.gradle.launcher.cli.WelcomeMessageAction.execute(Ljava/lang/Object;)V+5
j  org.gradle.launcher.cli.NativeServicesInitializingAction.execute(Lorg/gradle/launcher/bootstrap/ExecutionListener;)V+38
j  org.gradle.launcher.cli.NativeServicesInitializingAction.execute(Ljava/lang/Object;)V+5
j  org.gradle.launcher.cli.ExceptionReportingAction.execute(Lorg/gradle/launcher/bootstrap/ExecutionListener;)V+5
j  org.gradle.launcher.cli.ExceptionReportingAction.execute(Ljava/lang/Object;)V+5
j  org.gradle.launcher.cli.DefaultCommandLineActionFactory$WithLogging.execute(Lorg/gradle/launcher/bootstrap/ExecutionListener;)V+309
j  org.gradle.launcher.Main.doAction([Ljava/lang/String;Lorg/gradle/launcher/bootstrap/ExecutionListener;)V+14
j  org.gradle.launcher.bootstrap.EntryPoint.run([Ljava/lang/String;)V+12
v  ~StubRoutines::call_stub
j  jdk.internal.reflect.NativeMethodAccessorImpl.invoke0(Ljava/lang/reflect/Method;Ljava/lang/Object;[Ljava/lang/Object;)Ljava/lang/Object;+0 java.base@17.0.18
j  jdk.internal.reflect.NativeMethodAccessorImpl.invoke(Ljava/lang/Object;[Ljava/lang/Object;)Ljava/lang/Object;+133 java.base@17.0.18
j  jdk.internal.reflect.DelegatingMethodAccessorImpl.invoke(Ljava/lang/Object;[Ljava/lang/Object;)Ljava/lang/Object;+6 java.base@17.0.18
j  java.lang.reflect.Method.invoke(Ljava/lang/Object;[Ljava/lang/Object;)Ljava/lang/Object;+59 java.base@17.0.18
j  org.gradle.launcher.bootstrap.ProcessBootstrap.runNoExit(Ljava/lang/String;Ljava/lang/String;Ljava/lang/String;[Ljava/lang/String;)V+205
j  org.gradle.launcher.bootstrap.ProcessBootstrap.run(Ljava/lang/String;Ljava/lang/String;Ljava/lang/String;[Ljava/lang/String;)V+4
j  org.gradle.launcher.GradleMain.main([Ljava/lang/String;)V+68
v  ~StubRoutines::call_stub
j  jdk.internal.reflect.NativeMethodAccessorImpl.invoke0(Ljava/lang/reflect/Method;Ljava/lang/Object;[Ljava/lang/Object;)Ljava/lang/Object;+0 java.base@17.0.18
j  jdk.internal.reflect.NativeMethodAccessorImpl.invoke(Ljava/lang/Object;[Ljava/lang/Object;)Ljava/lang/Object;+133 java.base@17.0.18
j  jdk.internal.reflect.DelegatingMethodAccessorImpl.invoke(Ljava/lang/Object;[Ljava/lang/Object;)Ljava/lang/Object;+6 java.base@17.0.18
j  java.lang.reflect.Method.invoke(Ljava/lang/Object;[Ljava/lang/Object;)Ljava/lang/Object;+59 java.base@17.0.18
j  org.gradle.wrapper.BootstrapMainStarter.start([Ljava/lang/String;Ljava/io/File;)V+82
j  org.gradle.wrapper.WrapperExecutor.execute([Ljava/lang/String;Lorg/gradle/wrapper/Install;Lorg/gradle/wrapper/BootstrapMainStarter;)V+14
j  org.gradle.wrapper.GradleWrapperMain.main([Ljava/lang/String;)V+190
v  ~StubRoutines::call_stub

---------------  P R O C E S S  ---------------

Threads class SMR info:
_java_thread_list=0x00000281f5868880, length=13, elements={
0x00000281cb16b1a0, 0x00000281eff47c60, 0x00000281eff4b0b0, 0x00000281f4014970,
0x00000281f4015240, 0x00000281f4016680, 0x00000281f4017ac0, 0x00000281f4019230,
0x00000281f401c8e0, 0x00000281f402a550, 0x00000281f417ef40, 0x00000281f418f0b0,
0x00000281f51c6c30
}

Java Threads: ( => current thread )
=>0x00000281cb16b1a0 JavaThread "main" [_thread_in_vm, id=23820, stack(0x000000ddbc200000,0x000000ddbc300000)]
  0x00000281eff47c60 JavaThread "Reference Handler" daemon [_thread_blocked, id=23852, stack(0x000000ddbc900000,0x000000ddbca00000)]
  0x00000281eff4b0b0 JavaThread "Finalizer" daemon [_thread_blocked, id=23856, stack(0x000000ddbca00000,0x000000ddbcb00000)]
  0x00000281f4014970 JavaThread "Signal Dispatcher" daemon [_thread_blocked, id=23860, stack(0x000000ddbcb00000,0x000000ddbcc00000)]
  0x00000281f4015240 JavaThread "Attach Listener" daemon [_thread_blocked, id=23864, stack(0x000000ddbcc00000,0x000000ddbcd00000)]
  0x00000281f4016680 JavaThread "Service Thread" daemon [_thread_blocked, id=23868, stack(0x000000ddbcd00000,0x000000ddbce00000)]
  0x00000281f4017ac0 JavaThread "Monitor Deflation Thread" daemon [_thread_blocked, id=23872, stack(0x000000ddbce00000,0x000000ddbcf00000)]
  0x00000281f4019230 JavaThread "C2 CompilerThread0" daemon [_thread_in_native, id=23876, stack(0x000000ddbcf00000,0x000000ddbd000000)]
  0x00000281f401c8e0 JavaThread "C1 CompilerThread0" daemon [_thread_blocked, id=23880, stack(0x000000ddbd000000,0x000000ddbd100000)]
  0x00000281f402a550 JavaThread "Sweeper thread" daemon [_thread_blocked, id=23884, stack(0x000000ddbd100000,0x000000ddbd200000)]
  0x00000281f417ef40 JavaThread "Notification Thread" daemon [_thread_blocked, id=23888, stack(0x000000ddbd200000,0x000000ddbd300000)]
  0x00000281f418f0b0 JavaThread "Common-Cleaner" daemon [_thread_blocked, id=23896, stack(0x000000ddbd400000,0x000000ddbd500000)]
  0x00000281f51c6c30 JavaThread "pool-1-thread-1" [_thread_blocked, id=23936, stack(0x000000ddbd500000,0x000000ddbd600000)]

Other Threads:
  0x00000281eff40c90 VMThread "VM Thread" [stack: 0x000000ddbc800000,0x000000ddbc900000] [id=23848]
  0x00000281f410c350 WatcherThread [stack: 0x000000ddbd300000,0x000000ddbd400000] [id=23892]
  0x00000281cb1da070 GCTaskThread "GC Thread#0" [stack: 0x000000ddbc300000,0x000000ddbc400000] [id=23824]
  0x00000281f47b51d0 GCTaskThread "GC Thread#1" [stack: 0x000000ddbd700000,0x000000ddbd800000] [id=23908]
  0x00000281f47b5490 GCTaskThread "GC Thread#2" [stack: 0x000000ddbd800000,0x000000ddbd900000] [id=23912]
  0x00000281f47b5750 GCTaskThread "GC Thread#3" [stack: 0x000000ddbd900000,0x000000ddbda00000] [id=23916]
  0x00000281f47b5a10 GCTaskThread "GC Thread#4" [stack: 0x000000ddbda00000,0x000000ddbdb00000] [id=23920]
  0x00000281f47de3a0 GCTaskThread "GC Thread#5" [stack: 0x000000ddbdb00000,0x000000ddbdc00000] [id=23924]
  0x00000281f57fe860 GCTaskThread "GC Thread#6" [stack: 0x000000ddbdc00000,0x000000ddbdd00000] [id=23952]
  0x00000281cb1ea990 ConcurrentGCThread "G1 Main Marker" [stack: 0x000000ddbc400000,0x000000ddbc500000] [id=23828]
  0x00000281cb1ebf90 ConcurrentGCThread "G1 Conc#0" [stack: 0x000000ddbc500000,0x000000ddbc600000] [id=23832]
  0x00000281efdf8950 ConcurrentGCThread "G1 Refine#0" [stack: 0x000000ddbc600000,0x000000ddbc700000] [id=23836]
  0x00000281efdfa140 ConcurrentGCThread "G1 Service" [stack: 0x000000ddbc700000,0x000000ddbc800000] [id=23840]

Threads with active compile tasks:
C2 CompilerThread0  35755 1608   !   4       java.util.concurrent.ConcurrentHashMap::transfer (849 bytes)

VM state: not at safepoint (normal execution)

VM Mutex/Monitor currently owned by a thread: None

Heap address: 0x0000000705400000, size: 4012 MB, Compressed Oops mode: Zero based, Oop shift amount: 3

CDS archive(s) mapped at: [0x0000028180000000-0x0000028180bb0000-0x0000028180bb0000), size 12255232, SharedBaseAddress: 0x0000028180000000, ArchiveRelocationMode: 1.
Compressed class space mapped at: 0x0000028181000000-0x00000281c1000000, reserved size: 1073741824
Narrow klass base: 0x0000028180000000, Narrow klass shift: 0, Narrow klass range: 0x100000000

GC Precious Log:
 CPUs: 8 total, 8 available
 Memory: 16043M
 Large Page Support: Disabled
 NUMA Support: Disabled
 Compressed Oops: Enabled (Zero based)
 Heap Region Size: 2M
 Heap Min Capacity: 8M
 Heap Initial Capacity: 252M
 Heap Max Capacity: 4012M
 Pre-touch: Disabled
 Parallel Workers: 8
 Concurrent Workers: 2
 Concurrent Refinement Workers: 8
 Periodic GC: Disabled

Heap:
 garbage-first heap   total 258048K, used 16047K [0x0000000705400000, 0x0000000800000000)
  region size 2048K, 6 young (12288K), 3 survivors (6144K)
 Metaspace       used 10003K, committed 10176K, reserved 1114112K
  class space    used 1328K, committed 1408K, reserved 1048576K

Heap Regions: E=young(eden), S=young(survivor), O=old, HS=humongous(starts), HC=humongous(continues), CS=collection set, F=free, OA=open archive, CA=closed archive, TAMS=top-at-mark-start (previous, next)
|   0|0x0000000705400000, 0x0000000705600000, 0x0000000705600000|100%|HS|  |TAMS 0x0000000705400000, 0x0000000705400000| Complete 
|   1|0x0000000705600000, 0x0000000705800000, 0x0000000705800000|100%|HC|  |TAMS 0x0000000705600000, 0x0000000705600000| Complete 
|   2|0x0000000705800000, 0x00000007059abc00, 0x0000000705a00000| 83%| O|  |TAMS 0x0000000705800000, 0x0000000705800000| Untracked 
|   3|0x0000000705a00000, 0x0000000705a00000, 0x0000000705c00000|  0%| F|  |TAMS 0x0000000705a00000, 0x0000000705a00000| Untracked 
|   4|0x0000000705c00000, 0x0000000705c00000, 0x0000000705e00000|  0%| F|  |TAMS 0x0000000705c00000, 0x0000000705c00000| Untracked 
|   5|0x0000000705e00000, 0x0000000705e00000, 0x0000000706000000|  0%| F|  |TAMS 0x0000000705e00000, 0x0000000705e00000| Untracked 
|   6|0x0000000706000000, 0x0000000706000000, 0x0000000706200000|  0%| F|  |TAMS 0x0000000706000000, 0x0000000706000000| Untracked 
|   7|0x0000000706200000, 0x0000000706200000, 0x0000000706400000|  0%| F|  |TAMS 0x0000000706200000, 0x0000000706200000| Untracked 
|   8|0x0000000706400000, 0x0000000706400000, 0x0000000706600000|  0%| F|  |TAMS 0x0000000706400000, 0x0000000706400000| Untracked 
|   9|0x0000000706600000, 0x0000000706600000, 0x0000000706800000|  0%| F|  |TAMS 0x0000000706600000, 0x0000000706600000| Untracked 
|  10|0x0000000706800000, 0x0000000706800000, 0x0000000706a00000|  0%| F|  |TAMS 0x0000000706800000, 0x0000000706800000| Untracked 
|  11|0x0000000706a00000, 0x0000000706a00000, 0x0000000706c00000|  0%| F|  |TAMS 0x0000000706a00000, 0x0000000706a00000| Untracked 
|  12|0x0000000706c00000, 0x0000000706c00000, 0x0000000706e00000|  0%| F|  |TAMS 0x0000000706c00000, 0x0000000706c00000| Untracked 
|  13|0x0000000706e00000, 0x0000000706e00000, 0x0000000707000000|  0%| F|  |TAMS 0x0000000706e00000, 0x0000000706e00000| Untracked 
|  14|0x0000000707000000, 0x0000000707000000, 0x0000000707200000|  0%| F|  |TAMS 0x0000000707000000, 0x0000000707000000| Untracked 
|  15|0x0000000707200000, 0x0000000707200000, 0x0000000707400000|  0%| F|  |TAMS 0x0000000707200000, 0x0000000707200000| Untracked 
|  16|0x0000000707400000, 0x0000000707400000, 0x0000000707600000|  0%| F|  |TAMS 0x0000000707400000, 0x0000000707400000| Untracked 
|  17|0x0000000707600000, 0x0000000707600000, 0x0000000707800000|  0%| F|  |TAMS 0x0000000707600000, 0x0000000707600000| Untracked 
|  18|0x0000000707800000, 0x0000000707800000, 0x0000000707a00000|  0%| F|  |TAMS 0x0000000707800000, 0x0000000707800000| Untracked 
|  19|0x0000000707a00000, 0x0000000707a00000, 0x0000000707c00000|  0%| F|  |TAMS 0x0000000707a00000, 0x0000000707a00000| Untracked 
|  20|0x0000000707c00000, 0x0000000707c00000, 0x0000000707e00000|  0%| F|  |TAMS 0x0000000707c00000, 0x0000000707c00000| Untracked 
|  21|0x0000000707e00000, 0x0000000707e00000, 0x0000000708000000|  0%| F|  |TAMS 0x0000000707e00000, 0x0000000707e00000| Untracked 
|  22|0x0000000708000000, 0x0000000708000000, 0x0000000708200000|  0%| F|  |TAMS 0x0000000708000000, 0x0000000708000000| Untracked 
|  23|0x0000000708200000, 0x0000000708200000, 0x0000000708400000|  0%| F|  |TAMS 0x0000000708200000, 0x0000000708200000| Untracked 
|  24|0x0000000708400000, 0x0000000708400000, 0x0000000708600000|  0%| F|  |TAMS 0x0000000708400000, 0x0000000708400000| Untracked 
|  25|0x0000000708600000, 0x0000000708600000, 0x0000000708800000|  0%| F|  |TAMS 0x0000000708600000, 0x0000000708600000| Untracked 
|  26|0x0000000708800000, 0x0000000708800000, 0x0000000708a00000|  0%| F|  |TAMS 0x0000000708800000, 0x0000000708800000| Untracked 
|  27|0x0000000708a00000, 0x0000000708a00000, 0x0000000708c00000|  0%| F|  |TAMS 0x0000000708a00000, 0x0000000708a00000| Untracked 
|  28|0x0000000708c00000, 0x0000000708c00000, 0x0000000708e00000|  0%| F|  |TAMS 0x0000000708c00000, 0x0000000708c00000| Untracked 
|  29|0x0000000708e00000, 0x0000000708e00000, 0x0000000709000000|  0%| F|  |TAMS 0x0000000708e00000, 0x0000000708e00000| Untracked 
|  30|0x0000000709000000, 0x0000000709000000, 0x0000000709200000|  0%| F|  |TAMS 0x0000000709000000, 0x0000000709000000| Untracked 
|  31|0x0000000709200000, 0x0000000709200000, 0x0000000709400000|  0%| F|  |TAMS 0x0000000709200000, 0x0000000709200000| Untracked 
|  32|0x0000000709400000, 0x0000000709400000, 0x0000000709600000|  0%| F|  |TAMS 0x0000000709400000, 0x0000000709400000| Untracked 
|  33|0x0000000709600000, 0x0000000709600000, 0x0000000709800000|  0%| F|  |TAMS 0x0000000709600000, 0x0000000709600000| Untracked 
|  34|0x0000000709800000, 0x0000000709800000, 0x0000000709a00000|  0%| F|  |TAMS 0x0000000709800000, 0x0000000709800000| Untracked 
|  35|0x0000000709a00000, 0x0000000709a00000, 0x0000000709c00000|  0%| F|  |TAMS 0x0000000709a00000, 0x0000000709a00000| Untracked 
|  36|0x0000000709c00000, 0x0000000709c00000, 0x0000000709e00000|  0%| F|  |TAMS 0x0000000709c00000, 0x0000000709c00000| Untracked 
|  37|0x0000000709e00000, 0x0000000709e00000, 0x000000070a000000|  0%| F|  |TAMS 0x0000000709e00000, 0x0000000709e00000| Untracked 
|  38|0x000000070a000000, 0x000000070a000000, 0x000000070a200000|  0%| F|  |TAMS 0x000000070a000000, 0x000000070a000000| Untracked 
|  39|0x000000070a200000, 0x000000070a200000, 0x000000070a400000|  0%| F|  |TAMS 0x000000070a200000, 0x000000070a200000| Untracked 
|  40|0x000000070a400000, 0x000000070a400000, 0x000000070a600000|  0%| F|  |TAMS 0x000000070a400000, 0x000000070a400000| Untracked 
|  41|0x000000070a600000, 0x000000070a600000, 0x000000070a800000|  0%| F|  |TAMS 0x000000070a600000, 0x000000070a600000| Untracked 
|  42|0x000000070a800000, 0x000000070a800000, 0x000000070aa00000|  0%| F|  |TAMS 0x000000070a800000, 0x000000070a800000| Untracked 
|  43|0x000000070aa00000, 0x000000070aa00000, 0x000000070ac00000|  0%| F|  |TAMS 0x000000070aa00000, 0x000000070aa00000| Untracked 
|  44|0x000000070ac00000, 0x000000070ac00000, 0x000000070ae00000|  0%| F|  |TAMS 0x000000070ac00000, 0x000000070ac00000| Untracked 
|  45|0x000000070ae00000, 0x000000070ae00000, 0x000000070b000000|  0%| F|  |TAMS 0x000000070ae00000, 0x000000070ae00000| Untracked 
|  46|0x000000070b000000, 0x000000070b000000, 0x000000070b200000|  0%| F|  |TAMS 0x000000070b000000, 0x000000070b000000| Untracked 
|  47|0x000000070b200000, 0x000000070b200000, 0x000000070b400000|  0%| F|  |TAMS 0x000000070b200000, 0x000000070b200000| Untracked 
|  48|0x000000070b400000, 0x000000070b400000, 0x000000070b600000|  0%| F|  |TAMS 0x000000070b400000, 0x000000070b400000| Untracked 
|  49|0x000000070b600000, 0x000000070b600000, 0x000000070b800000|  0%| F|  |TAMS 0x000000070b600000, 0x000000070b600000| Untracked 
|  50|0x000000070b800000, 0x000000070b800000, 0x000000070ba00000|  0%| F|  |TAMS 0x000000070b800000, 0x000000070b800000| Untracked 
|  51|0x000000070ba00000, 0x000000070ba00000, 0x000000070bc00000|  0%| F|  |TAMS 0x000000070ba00000, 0x000000070ba00000| Untracked 
|  52|0x000000070bc00000, 0x000000070bc00000, 0x000000070be00000|  0%| F|  |TAMS 0x000000070bc00000, 0x000000070bc00000| Untracked 
|  53|0x000000070be00000, 0x000000070be00000, 0x000000070c000000|  0%| F|  |TAMS 0x000000070be00000, 0x000000070be00000| Untracked 
|  54|0x000000070c000000, 0x000000070c000000, 0x000000070c200000|  0%| F|  |TAMS 0x000000070c000000, 0x000000070c000000| Untracked 
|  55|0x000000070c200000, 0x000000070c200000, 0x000000070c400000|  0%| F|  |TAMS 0x000000070c200000, 0x000000070c200000| Untracked 
|  56|0x000000070c400000, 0x000000070c400000, 0x000000070c600000|  0%| F|  |TAMS 0x000000070c400000, 0x000000070c400000| Untracked 
|  57|0x000000070c600000, 0x000000070c600000, 0x000000070c800000|  0%| F|  |TAMS 0x000000070c600000, 0x000000070c600000| Untracked 
|  58|0x000000070c800000, 0x000000070c800000, 0x000000070ca00000|  0%| F|  |TAMS 0x000000070c800000, 0x000000070c800000| Untracked 
|  59|0x000000070ca00000, 0x000000070ca00000, 0x000000070cc00000|  0%| F|  |TAMS 0x000000070ca00000, 0x000000070ca00000| Untracked 
|  60|0x000000070cc00000, 0x000000070cc00000, 0x000000070ce00000|  0%| F|  |TAMS 0x000000070cc00000, 0x000000070cc00000| Untracked 
|  61|0x000000070ce00000, 0x000000070ce00000, 0x000000070d000000|  0%| F|  |TAMS 0x000000070ce00000, 0x000000070ce00000| Untracked 
|  62|0x000000070d000000, 0x000000070d000000, 0x000000070d200000|  0%| F|  |TAMS 0x000000070d000000, 0x000000070d000000| Untracked 
|  63|0x000000070d200000, 0x000000070d200000, 0x000000070d400000|  0%| F|  |TAMS 0x000000070d200000, 0x000000070d200000| Untracked 
|  64|0x000000070d400000, 0x000000070d400000, 0x000000070d600000|  0%| F|  |TAMS 0x000000070d400000, 0x000000070d400000| Untracked 
|  65|0x000000070d600000, 0x000000070d600000, 0x000000070d800000|  0%| F|  |TAMS 0x000000070d600000, 0x000000070d600000| Untracked 
|  66|0x000000070d800000, 0x000000070d800000, 0x000000070da00000|  0%| F|  |TAMS 0x000000070d800000, 0x000000070d800000| Untracked 
|  67|0x000000070da00000, 0x000000070da00000, 0x000000070dc00000|  0%| F|  |TAMS 0x000000070da00000, 0x000000070da00000| Untracked 
|  68|0x000000070dc00000, 0x000000070dc00000, 0x000000070de00000|  0%| F|  |TAMS 0x000000070dc00000, 0x000000070dc00000| Untracked 
|  69|0x000000070de00000, 0x000000070de00000, 0x000000070e000000|  0%| F|  |TAMS 0x000000070de00000, 0x000000070de00000| Untracked 
|  70|0x000000070e000000, 0x000000070e000000, 0x000000070e200000|  0%| F|  |TAMS 0x000000070e000000, 0x000000070e000000| Untracked 
|  71|0x000000070e200000, 0x000000070e200000, 0x000000070e400000|  0%| F|  |TAMS 0x000000070e200000, 0x000000070e200000| Untracked 
|  72|0x000000070e400000, 0x000000070e400000, 0x000000070e600000|  0%| F|  |TAMS 0x000000070e400000, 0x000000070e400000| Untracked 
|  73|0x000000070e600000, 0x000000070e600000, 0x000000070e800000|  0%| F|  |TAMS 0x000000070e600000, 0x000000070e600000| Untracked 
|  74|0x000000070e800000, 0x000000070e800000, 0x000000070ea00000|  0%| F|  |TAMS 0x000000070e800000, 0x000000070e800000| Untracked 
|  75|0x000000070ea00000, 0x000000070ea00000, 0x000000070ec00000|  0%| F|  |TAMS 0x000000070ea00000, 0x000000070ea00000| Untracked 
|  76|0x000000070ec00000, 0x000000070ec00000, 0x000000070ee00000|  0%| F|  |TAMS 0x000000070ec00000, 0x000000070ec00000| Untracked 
|  77|0x000000070ee00000, 0x000000070ee00000, 0x000000070f000000|  0%| F|  |TAMS 0x000000070ee00000, 0x000000070ee00000| Untracked 
|  78|0x000000070f000000, 0x000000070f000000, 0x000000070f200000|  0%| F|  |TAMS 0x000000070f000000, 0x000000070f000000| Untracked 
|  79|0x000000070f200000, 0x000000070f200000, 0x000000070f400000|  0%| F|  |TAMS 0x000000070f200000, 0x000000070f200000| Untracked 
|  80|0x000000070f400000, 0x000000070f400000, 0x000000070f600000|  0%| F|  |TAMS 0x000000070f400000, 0x000000070f400000| Untracked 
|  81|0x000000070f600000, 0x000000070f600000, 0x000000070f800000|  0%| F|  |TAMS 0x000000070f600000, 0x000000070f600000| Untracked 
|  82|0x000000070f800000, 0x000000070f800000, 0x000000070fa00000|  0%| F|  |TAMS 0x000000070f800000, 0x000000070f800000| Untracked 
|  83|0x000000070fa00000, 0x000000070fa00000, 0x000000070fc00000|  0%| F|  |TAMS 0x000000070fa00000, 0x000000070fa00000| Untracked 
|  84|0x000000070fc00000, 0x000000070fc00000, 0x000000070fe00000|  0%| F|  |TAMS 0x000000070fc00000, 0x000000070fc00000| Untracked 
|  85|0x000000070fe00000, 0x000000070fe00000, 0x0000000710000000|  0%| F|  |TAMS 0x000000070fe00000, 0x000000070fe00000| Untracked 
|  86|0x0000000710000000, 0x0000000710000000, 0x0000000710200000|  0%| F|  |TAMS 0x0000000710000000, 0x0000000710000000| Untracked 
|  87|0x0000000710200000, 0x0000000710200000, 0x0000000710400000|  0%| F|  |TAMS 0x0000000710200000, 0x0000000710200000| Untracked 
|  88|0x0000000710400000, 0x0000000710400000, 0x0000000710600000|  0%| F|  |TAMS 0x0000000710400000, 0x0000000710400000| Untracked 
|  89|0x0000000710600000, 0x0000000710600000, 0x0000000710800000|  0%| F|  |TAMS 0x0000000710600000, 0x0000000710600000| Untracked 
|  90|0x0000000710800000, 0x0000000710800000, 0x0000000710a00000|  0%| F|  |TAMS 0x0000000710800000, 0x0000000710800000| Untracked 
|  91|0x0000000710a00000, 0x0000000710a00000, 0x0000000710c00000|  0%| F|  |TAMS 0x0000000710a00000, 0x0000000710a00000| Untracked 
|  92|0x0000000710c00000, 0x0000000710c00000, 0x0000000710e00000|  0%| F|  |TAMS 0x0000000710c00000, 0x0000000710c00000| Untracked 
|  93|0x0000000710e00000, 0x0000000710e00000, 0x0000000711000000|  0%| F|  |TAMS 0x0000000710e00000, 0x0000000710e00000| Untracked 
|  94|0x0000000711000000, 0x0000000711000000, 0x0000000711200000|  0%| F|  |TAMS 0x0000000711000000, 0x0000000711000000| Untracked 
|  95|0x0000000711200000, 0x0000000711200000, 0x0000000711400000|  0%| F|  |TAMS 0x0000000711200000, 0x0000000711200000| Untracked 
|  96|0x0000000711400000, 0x0000000711400000, 0x0000000711600000|  0%| F|  |TAMS 0x0000000711400000, 0x0000000711400000| Untracked 
|  97|0x0000000711600000, 0x0000000711600000, 0x0000000711800000|  0%| F|  |TAMS 0x0000000711600000, 0x0000000711600000| Untracked 
|  98|0x0000000711800000, 0x0000000711800000, 0x0000000711a00000|  0%| F|  |TAMS 0x0000000711800000, 0x0000000711800000| Untracked 
|  99|0x0000000711a00000, 0x0000000711a00000, 0x0000000711c00000|  0%| F|  |TAMS 0x0000000711a00000, 0x0000000711a00000| Untracked 
| 100|0x0000000711c00000, 0x0000000711c00000, 0x0000000711e00000|  0%| F|  |TAMS 0x0000000711c00000, 0x0000000711c00000| Untracked 
| 101|0x0000000711e00000, 0x0000000711e00000, 0x0000000712000000|  0%| F|  |TAMS 0x0000000711e00000, 0x0000000711e00000| Untracked 
| 102|0x0000000712000000, 0x0000000712000000, 0x0000000712200000|  0%| F|  |TAMS 0x0000000712000000, 0x0000000712000000| Untracked 
| 103|0x0000000712200000, 0x0000000712200000, 0x0000000712400000|  0%| F|  |TAMS 0x0000000712200000, 0x0000000712200000| Untracked 
| 104|0x0000000712400000, 0x0000000712600000, 0x0000000712600000|100%| S|CS|TAMS 0x0000000712400000, 0x0000000712400000| Complete 
| 105|0x0000000712600000, 0x0000000712800000, 0x0000000712800000|100%| S|CS|TAMS 0x0000000712600000, 0x0000000712600000| Complete 
| 106|0x0000000712800000, 0x0000000712a00000, 0x0000000712a00000|100%| S|CS|TAMS 0x0000000712800000, 0x0000000712800000| Complete 
| 107|0x0000000712a00000, 0x0000000712a00000, 0x0000000712c00000|  0%| F|  |TAMS 0x0000000712a00000, 0x0000000712a00000| Untracked 
| 108|0x0000000712c00000, 0x0000000712c00000, 0x0000000712e00000|  0%| F|  |TAMS 0x0000000712c00000, 0x0000000712c00000| Untracked 
| 109|0x0000000712e00000, 0x0000000712e00000, 0x0000000713000000|  0%| F|  |TAMS 0x0000000712e00000, 0x0000000712e00000| Untracked 
| 110|0x0000000713000000, 0x0000000713000000, 0x0000000713200000|  0%| F|  |TAMS 0x0000000713000000, 0x0000000713000000| Untracked 
| 111|0x0000000713200000, 0x0000000713200000, 0x0000000713400000|  0%| F|  |TAMS 0x0000000713200000, 0x0000000713200000| Untracked 
| 112|0x0000000713400000, 0x0000000713400000, 0x0000000713600000|  0%| F|  |TAMS 0x0000000713400000, 0x0000000713400000| Untracked 
| 113|0x0000000713600000, 0x0000000713600000, 0x0000000713800000|  0%| F|  |TAMS 0x0000000713600000, 0x0000000713600000| Untracked 
| 114|0x0000000713800000, 0x0000000713800000, 0x0000000713a00000|  0%| F|  |TAMS 0x0000000713800000, 0x0000000713800000| Untracked 
| 115|0x0000000713a00000, 0x0000000713a00000, 0x0000000713c00000|  0%| F|  |TAMS 0x0000000713a00000, 0x0000000713a00000| Untracked 
| 116|0x0000000713c00000, 0x0000000713c00000, 0x0000000713e00000|  0%| F|  |TAMS 0x0000000713c00000, 0x0000000713c00000| Untracked 
| 117|0x0000000713e00000, 0x0000000713e00000, 0x0000000714000000|  0%| F|  |TAMS 0x0000000713e00000, 0x0000000713e00000| Untracked 
| 118|0x0000000714000000, 0x0000000714000000, 0x0000000714200000|  0%| F|  |TAMS 0x0000000714000000, 0x0000000714000000| Untracked 
| 119|0x0000000714200000, 0x0000000714200000, 0x0000000714400000|  0%| F|  |TAMS 0x0000000714200000, 0x0000000714200000| Untracked 
| 120|0x0000000714400000, 0x0000000714400000, 0x0000000714600000|  0%| F|  |TAMS 0x0000000714400000, 0x0000000714400000| Untracked 
| 121|0x0000000714600000, 0x0000000714600000, 0x0000000714800000|  0%| F|  |TAMS 0x0000000714600000, 0x0000000714600000| Untracked 
| 122|0x0000000714800000, 0x0000000714800000, 0x0000000714a00000|  0%| F|  |TAMS 0x0000000714800000, 0x0000000714800000| Untracked 
| 123|0x0000000714a00000, 0x0000000714ad3918, 0x0000000714c00000| 41%| E|  |TAMS 0x0000000714a00000, 0x0000000714a00000| Complete 
| 124|0x0000000714c00000, 0x0000000714e00000, 0x0000000714e00000|100%| E|CS|TAMS 0x0000000714c00000, 0x0000000714c00000| Complete 
| 125|0x0000000714e00000, 0x0000000715000000, 0x0000000715000000|100%| E|CS|TAMS 0x0000000714e00000, 0x0000000714e00000| Complete 

Card table byte_map: [0x00000281e4700000,0x00000281e4ee0000] _byte_map_base: 0x00000281e0ed6000

Marking Bits (Prev, Next): (CMBitMap*) 0x00000281cb1da5a0, (CMBitMap*) 0x00000281cb1da5e0
 Prev Bits: [0x00000281e56c0000, 0x00000281e9570000)
 Next Bits: [0x00000281e9570000, 0x00000281ed420000)

Polling page: 0x00000281cb0b0000

Metaspace:

Usage:
  Non-class:      8.47 MB used.
      Class:      1.30 MB used.
       Both:      9.77 MB used.

Virtual space:
  Non-class space:       64.00 MB reserved,       8.56 MB ( 13%) committed,  1 nodes.
      Class space:        1.00 GB reserved,       1.38 MB ( <1%) committed,  1 nodes.
             Both:        1.06 GB reserved,       9.94 MB ( <1%) committed. 

Chunk freelists:
   Non-Class:  7.39 MB
       Class:  14.58 MB
        Both:  21.96 MB

MaxMetaspaceSize: unlimited
CompressedClassSpaceSize: 1.00 GB
Initial GC threshold: 21.00 MB
Current GC threshold: 21.00 MB
CDS: on
MetaspaceReclaimPolicy: balanced
 - commit_granule_bytes: 65536.
 - commit_granule_words: 8192.
 - virtual_space_node_default_size: 8388608.
 - enlarge_chunks_in_place: 1.
 - new_chunks_are_fully_committed: 0.
 - uncommit_free_chunks: 1.
 - use_allocation_guard: 0.
 - handle_deallocations: 1.


Internal statistics:

num_allocs_failed_limit: 0.
num_arena_births: 86.
num_arena_deaths: 0.
num_vsnodes_births: 2.
num_vsnodes_deaths: 0.
num_space_committed: 159.
num_space_uncommitted: 0.
num_chunks_returned_to_freelist: 0.
num_chunks_taken_from_freelist: 361.
num_chunk_merges: 0.
num_chunk_splits: 236.
num_chunks_enlarged: 197.
num_inconsistent_stats: 0.

CodeHeap 'non-profiled nmethods': size=120000Kb used=711Kb max_used=711Kb free=119288Kb
 bounds [0x00000281dbf80000, 0x00000281dc1f0000, 0x00000281e34b0000]
CodeHeap 'profiled nmethods': size=120000Kb used=3069Kb max_used=3069Kb free=116930Kb
 bounds [0x00000281d44b0000, 0x00000281d47b0000, 0x00000281db9e0000]
CodeHeap 'non-nmethods': size=5760Kb used=1178Kb max_used=1211Kb free=4582Kb
 bounds [0x00000281db9e0000, 0x00000281dbc50000, 0x00000281dbf80000]
 total_blobs=2093 nmethods=1616 adapters=390
 compilation: enabled
              stopped_count=0, restarted_count=0
 full_count=0

Compilation events (20 events):
Event: 35.701 Thread 0x00000281f401c8e0 1605       1       org.gradle.internal.logging.text.AbstractLineChoppingStyledTextOutput$StateContext::access$500 (5 bytes)
Event: 35.701 Thread 0x00000281f401c8e0 nmethod 1605 0x00000281dc030790 code [0x00000281dc030920, 0x00000281dc0309d8]
Event: 35.701 Thread 0x00000281f401c8e0 1606       3       org.gradle.internal.logging.text.AbstractLineChoppingStyledTextOutput$StateContext::isCurrentCharEquals (70 bytes)
Event: 35.702 Thread 0x00000281f401c8e0 nmethod 1606 0x00000281d47aa790 code [0x00000281d47aa9c0, 0x00000281d47ab0d8]
Event: 35.702 Thread 0x00000281f401c8e0 1607       3       java.lang.invoke.MethodHandles$Lookup::checkSecurityManager (97 bytes)
Event: 35.704 Thread 0x00000281f4019230 1608   !   4       java.util.concurrent.ConcurrentHashMap::transfer (849 bytes)
Event: 35.704 Thread 0x00000281f401c8e0 nmethod 1607 0x00000281d47ab410 code [0x00000281d47ab720, 0x00000281d47ac6f8]
Event: 35.707 Thread 0x00000281f401c8e0 1610       3       jdk.internal.org.objectweb.asm.Type::getDescriptor (93 bytes)
Event: 35.708 Thread 0x00000281f401c8e0 nmethod 1610 0x00000281d47acc90 code [0x00000281d47acf00, 0x00000281d47ad688]
Event: 35.709 Thread 0x00000281f401c8e0 1611       3       java.nio.Buffer::remaining (20 bytes)
Event: 35.709 Thread 0x00000281f401c8e0 nmethod 1611 0x00000281d47ad910 code [0x00000281d47adac0, 0x00000281d47adc38]
Event: 35.709 Thread 0x00000281f401c8e0 1612       3       java.nio.ByteBuffer::limit (8 bytes)
Event: 35.710 Thread 0x00000281f401c8e0 nmethod 1612 0x00000281d47add10 code [0x00000281d47adec0, 0x00000281d47ae008]
Event: 35.710 Thread 0x00000281f401c8e0 1613       1       com.google.common.collect.EvictingQueue::delegate (5 bytes)
Event: 35.710 Thread 0x00000281f401c8e0 nmethod 1613 0x00000281dc030d90 code [0x00000281dc030f20, 0x00000281dc030ff8]
Event: 35.713 Thread 0x00000281f401c8e0 1615       1       java.lang.invoke.MethodHandleImpl::isCompileConstant (2 bytes)
Event: 35.713 Thread 0x00000281f401c8e0 nmethod 1615 0x00000281dc031390 code [0x00000281dc031520, 0x00000281dc0315d8]
Event: 35.713 Thread 0x00000281f401c8e0 1616       1       java.lang.reflect.Constructor::getDeclaringClass (5 bytes)
Event: 35.714 Thread 0x00000281f401c8e0 nmethod 1616 0x00000281dc031690 code [0x00000281dc031820, 0x00000281dc0318f8]
Event: 35.718 Thread 0x00000281f401c8e0 1618       3       java.lang.invoke.DirectMethodHandle::<init> (148 bytes)

GC Heap History (4 events):
Event: 0.922 GC heap before
{Heap before GC invocations=0 (full 0):
 garbage-first heap   total 258048K, used 22528K [0x0000000705400000, 0x0000000800000000)
  region size 2048K, 11 young (22528K), 0 survivors (0K)
 Metaspace       used 1914K, committed 2048K, reserved 1114112K
  class space    used 169K, committed 192K, reserved 1048576K
}
Event: 0.928 GC heap after
{Heap after GC invocations=1 (full 0):
 garbage-first heap   total 258048K, used 2901K [0x0000000705400000, 0x0000000800000000)
  region size 2048K, 2 young (4096K), 2 survivors (4096K)
 Metaspace       used 1914K, committed 2048K, reserved 1114112K
  class space    used 169K, committed 192K, reserved 1048576K
}
Event: 3.742 GC heap before
{Heap before GC invocations=1 (full 0):
 garbage-first heap   total 258048K, used 39765K [0x0000000705400000, 0x0000000800000000)
  region size 2048K, 19 young (38912K), 2 survivors (4096K)
 Metaspace       used 8516K, committed 8704K, reserved 1114112K
  class space    used 1153K, committed 1280K, reserved 1048576K
}
Event: 3.753 GC heap after
{Heap after GC invocations=2 (full 0):
 garbage-first heap   total 258048K, used 11951K [0x0000000705400000, 0x0000000800000000)
  region size 2048K, 3 young (6144K), 3 survivors (6144K)
 Metaspace       used 8516K, committed 8704K, reserved 1114112K
  class space    used 1153K, committed 1280K, reserved 1048576K
}

Dll operation events (12 events):
Event: 0.022 Loaded shared library E:\JAVA\bin\java.dll
Event: 0.055 Loaded shared library E:\JAVA\bin\jsvml.dll
Event: 0.174 Loaded shared library E:\JAVA\bin\net.dll
Event: 0.180 Loaded shared library E:\JAVA\bin\nio.dll
Event: 0.192 Loaded shared library E:\JAVA\bin\zip.dll
Event: 0.207 Loaded shared library E:\JAVA\bin\verify.dll
Event: 0.364 Loaded shared library E:\JAVA\bin\jimage.dll
Event: 1.674 Loaded shared library E:\JAVA\bin\management.dll
Event: 1.688 Loaded shared library E:\JAVA\bin\management_ext.dll
Event: 2.053 Loaded shared library E:\gradle\native\c067742578af261105cb4f569cf0c3c89f3d7b1fecec35dd04571415982c5e48\windows-amd64\native-platform.dll
Event: 3.408 Loaded shared library E:\JAVA\bin\extnet.dll
Event: 8.181 Loaded shared library E:\JAVA\bin\sunmscapi.dll

Deoptimization events (20 events):
Event: 3.890 Thread 0x00000281f51d9c50 Uncommon trap: trap_request=0xffffff45 fr.pc=0x00000281dbfc7ffc relative=0x000000000000005c
Event: 3.890 Thread 0x00000281f51d9c50 Uncommon trap: reason=unstable_if action=reinterpret pc=0x00000281dbfc7ffc method=java.lang.AbstractStringBuilder.isLatin1()Z @ 10 c2
Event: 3.890 Thread 0x00000281f51d9c50 DEOPT PACKING pc=0x00000281dbfc7ffc sp=0x000000ddbd6fedd0
Event: 3.890 Thread 0x00000281f51d9c50 DEOPT UNPACKING pc=0x00000281dba369a3 sp=0x000000ddbd6fed60 mode 2
Event: 3.890 Thread 0x00000281f51d9c50 Uncommon trap: trap_request=0xffffff45 fr.pc=0x00000281dc00bd20 relative=0x0000000000000400
Event: 3.890 Thread 0x00000281f51d9c50 Uncommon trap: reason=unstable_if action=reinterpret pc=0x00000281dc00bd20 method=java.lang.AbstractStringBuilder.isLatin1()Z @ 10 c2
Event: 3.891 Thread 0x00000281f51d9c50 DEOPT PACKING pc=0x00000281dc00bd20 sp=0x000000ddbd6fefc0
Event: 3.891 Thread 0x00000281f51d9c50 DEOPT UNPACKING pc=0x00000281dba369a3 sp=0x000000ddbd6fef40 mode 2
Event: 8.115 Thread 0x00000281f51d9c50 Uncommon trap: trap_request=0xffffff45 fr.pc=0x00000281dbfec028 relative=0x0000000000000088
Event: 8.115 Thread 0x00000281f51d9c50 Uncommon trap: reason=unstable_if action=reinterpret pc=0x00000281dbfec028 method=java.lang.String.codePointAt(I)I @ 4 c2
Event: 8.115 Thread 0x00000281f51d9c50 DEOPT PACKING pc=0x00000281dbfec028 sp=0x000000ddbd6fef50
Event: 8.115 Thread 0x00000281f51d9c50 DEOPT UNPACKING pc=0x00000281dba369a3 sp=0x000000ddbd6feee8 mode 2
Event: 8.250 Thread 0x00000281cb16b1a0 Uncommon trap: trap_request=0xffffff45 fr.pc=0x00000281dc00e2f4 relative=0x0000000000000514
Event: 8.250 Thread 0x00000281cb16b1a0 Uncommon trap: reason=unstable_if action=reinterpret pc=0x00000281dc00e2f4 method=java.lang.invoke.VarForm.getMemberName(I)Ljava/lang/invoke/MemberName; @ 8 c2
Event: 8.250 Thread 0x00000281cb16b1a0 DEOPT PACKING pc=0x00000281dc00e2f4 sp=0x000000ddbc2fcf30
Event: 8.250 Thread 0x00000281cb16b1a0 DEOPT UNPACKING pc=0x00000281dba369a3 sp=0x000000ddbc2fce90 mode 2
Event: 35.711 Thread 0x00000281cb16b1a0 Uncommon trap: trap_request=0xffffffc6 fr.pc=0x00000281dbffc950 relative=0x00000000000005f0
Event: 35.711 Thread 0x00000281cb16b1a0 Uncommon trap: reason=bimorphic_or_optimized_type_check action=maybe_recompile pc=0x00000281dbffc950 method=java.util.concurrent.ConcurrentHashMap.get(Ljava/lang/Object;)Ljava/lang/Object; @ 149 c2
Event: 35.711 Thread 0x00000281cb16b1a0 DEOPT PACKING pc=0x00000281dbffc950 sp=0x000000ddbc2fc430
Event: 35.711 Thread 0x00000281cb16b1a0 DEOPT UNPACKING pc=0x00000281dba369a3 sp=0x000000ddbc2fc3d0 mode 2

Classes loaded (20 events):
Event: 35.699 Loading class sun/nio/fs/WindowsSecurityDescriptor
Event: 35.699 Loading class sun/nio/fs/WindowsSecurityDescriptor done
Event: 35.699 Loading class sun/nio/fs/WindowsChannelFactory
Event: 35.699 Loading class sun/nio/fs/WindowsChannelFactory done
Event: 35.700 Loading class sun/nio/fs/WindowsChannelFactory$1
Event: 35.700 Loading class sun/nio/fs/WindowsChannelFactory$1 done
Event: 35.700 Loading class sun/nio/fs/WindowsChannelFactory$Flags
Event: 35.700 Loading class sun/nio/fs/WindowsChannelFactory$Flags done
Event: 35.700 Loading class sun/nio/fs/WindowsChannelFactory$2
Event: 35.700 Loading class sun/nio/fs/WindowsChannelFactory$2 done
Event: 35.700 Loading class sun/nio/ch/FileChannelImpl$Closer
Event: 35.700 Loading class sun/nio/ch/FileChannelImpl$Closer done
Event: 35.702 Loading class java/util/stream/Streams$1
Event: 35.702 Loading class java/util/stream/Streams$1 done
Event: 35.708 Loading class java/nio/file/FileChannelLinesSpliterator$1
Event: 35.708 Loading class java/nio/file/FileChannelLinesSpliterator$1 done
Event: 35.708 Loading class java/nio/channels/Channels
Event: 35.709 Loading class java/nio/channels/Channels done
Event: 35.717 Loading class java/util/concurrent/ConcurrentLinkedQueue$Itr
Event: 35.717 Loading class java/util/concurrent/ConcurrentLinkedQueue$Itr done

Classes unloaded (0 events):
No events

Classes redefined (0 events):
No events

Internal exceptions (20 events):
Event: 3.805 Thread 0x00000281f51d9c50 Exception <a 'java/lang/NoSuchMethodError'{0x0000000714eff7c8}: 'void java.lang.invoke.DirectMethodHandle$Holder.invokeStatic(java.lang.Object, long)'> (0x0000000714eff7c8) 
thrown [s\src\hotspot\share\interpreter\linkResolver.cpp, line 759]
Event: 3.807 Thread 0x00000281f51d9c50 Exception <a 'java/lang/NoSuchMethodError'{0x0000000714f05120}: 'java.lang.Object java.lang.invoke.DirectMethodHandle$Holder.newInvokeSpecial(java.lang.Object, long)'> (0x0000000714f05120) 
thrown [s\src\hotspot\share\interpreter\linkResolver.cpp, line 759]
Event: 3.816 Thread 0x00000281f51d9c50 Exception <a 'java/lang/NoSuchMethodError'{0x0000000714f10088}: 'java.lang.Object java.lang.invoke.DirectMethodHandle$Holder.invokeStaticInit(java.lang.Object, java.lang.Object, long, java.lang.Object)'> (0x0000000714f10088) 
thrown [s\src\hotspot\share\interpreter\linkResolver.cpp, line 759]
Event: 3.819 Thread 0x00000281f51d9c50 Exception <a 'java/lang/NoSuchMethodError'{0x0000000714f16710}: 'java.lang.Object java.lang.invoke.DirectMethodHandle$Holder.newInvokeSpecial(java.lang.Object, java.lang.Object, long)'> (0x0000000714f16710) 
thrown [s\src\hotspot\share\interpreter\linkResolver.cpp, line 759]
Event: 3.820 Thread 0x00000281f51d9c50 Exception <a 'java/lang/NoSuchMethodError'{0x0000000714f1aa00}: 'java.lang.Object java.lang.invoke.Invokers$Holder.linkToTargetMethod(java.lang.Object, long, java.lang.Object)'> (0x0000000714f1aa00) 
thrown [s\src\hotspot\share\interpreter\linkResolver.cpp, line 759]
Event: 35.692 Thread 0x00000281cb16b1a0 Exception <a 'sun/net/ConnectionResetException'{0x0000000714a51528}: Connection reset> (0x0000000714a51528) 
thrown [s\src\hotspot\share\prims\jni.cpp, line 535]
Event: 35.699 Thread 0x00000281f51c6c30 Exception <a 'java/io/IOException'{0x0000000714f67980}> (0x0000000714f67980) 
thrown [s\src\hotspot\share\prims\jni.cpp, line 516]
Event: 35.700 Thread 0x00000281f51c6c30 Exception <a 'java/io/IOException'{0x0000000714f67f38}> (0x0000000714f67f38) 
thrown [s\src\hotspot\share\prims\jni.cpp, line 516]
Event: 35.700 Thread 0x00000281f51c6c30 Exception <a 'java/io/IOException'{0x0000000714f68540}> (0x0000000714f68540) 
thrown [s\src\hotspot\share\prims\jni.cpp, line 516]
Event: 35.700 Thread 0x00000281f51c6c30 Exception <a 'java/io/IOException'{0x0000000714f68af8}> (0x0000000714f68af8) 
thrown [s\src\hotspot\share\prims\jni.cpp, line 516]
Event: 35.700 Thread 0x00000281f51c6c30 Exception <a 'java/io/IOException'{0x0000000714f69250}> (0x0000000714f69250) 
thrown [s\src\hotspot\share\prims\jni.cpp, line 516]
Event: 35.700 Thread 0x00000281f51c6c30 Exception <a 'java/io/IOException'{0x0000000714f69808}> (0x0000000714f69808) 
thrown [s\src\hotspot\share\prims\jni.cpp, line 516]
Event: 35.700 Thread 0x00000281f51c6c30 Exception <a 'java/io/IOException'{0x0000000714f69e10}> (0x0000000714f69e10) 
thrown [s\src\hotspot\share\prims\jni.cpp, line 516]
Event: 35.700 Thread 0x00000281f51c6c30 Exception <a 'java/io/IOException'{0x0000000714f6a3c8}> (0x0000000714f6a3c8) 
thrown [s\src\hotspot\share\prims\jni.cpp, line 516]
Event: 35.701 Thread 0x00000281f51c6c30 Exception <a 'java/io/IOException'{0x0000000714f6aa98}> (0x0000000714f6aa98) 
thrown [s\src\hotspot\share\prims\jni.cpp, line 516]
Event: 35.701 Thread 0x00000281f51c6c30 Exception <a 'java/io/IOException'{0x0000000714f6b050}> (0x0000000714f6b050) 
thrown [s\src\hotspot\share\prims\jni.cpp, line 516]
Event: 35.701 Thread 0x00000281f51c6c30 Exception <a 'java/io/IOException'{0x0000000714f6b410}> (0x0000000714f6b410) 
thrown [s\src\hotspot\share\prims\jni.cpp, line 516]
Event: 35.701 Thread 0x00000281f51c6c30 Exception <a 'java/io/IOException'{0x0000000714f6b9c8}> (0x0000000714f6b9c8) 
thrown [s\src\hotspot\share\prims\jni.cpp, line 516]
Event: 35.712 Thread 0x00000281cb16b1a0 Exception <a 'java/lang/NoSuchMethodError'{0x0000000714aada28}: 'int java.lang.invoke.DirectMethodHandle$Holder.invokeVirtual(java.lang.Object, java.lang.Object)'> (0x0000000714aada28) 
thrown [s\src\hotspot\share\interpreter\linkResolver.cpp, line 759]
Event: 35.715 Thread 0x00000281cb16b1a0 Exception <a 'java/io/IOException'{0x0000000714ab90e8}: Connection reset by peer> (0x0000000714ab90e8) 
thrown [s\src\hotspot\share\prims\jni.cpp, line 535]

VM Operations (20 events):
Event: 3.742 Executing VM operation: G1CollectForAllocation
Event: 3.753 Executing VM operation: G1CollectForAllocation done
Event: 3.884 Executing VM operation: HandshakeAllThreads
Event: 3.884 Executing VM operation: HandshakeAllThreads done
Event: 4.894 Executing VM operation: Cleanup
Event: 4.894 Executing VM operation: Cleanup done
Event: 7.918 Executing VM operation: Cleanup
Event: 7.918 Executing VM operation: Cleanup done
Event: 8.202 Executing VM operation: HandshakeAllThreads
Event: 8.202 Executing VM operation: HandshakeAllThreads done
Event: 8.343 Executing VM operation: HandshakeAllThreads
Event: 8.343 Executing VM operation: HandshakeAllThreads done
Event: 9.350 Executing VM operation: Cleanup
Event: 9.350 Executing VM operation: Cleanup done
Event: 25.455 Executing VM operation: Cleanup
Event: 25.455 Executing VM operation: Cleanup done
Event: 26.469 Executing VM operation: Cleanup
Event: 26.469 Executing VM operation: Cleanup done
Event: 28.487 Executing VM operation: Cleanup
Event: 28.487 Executing VM operation: Cleanup done

Memory protections (0 events):
No events

Nmethod flushes (0 events):
No events

Events (20 events):
Event: 0.087 Thread 0x00000281cb16b1a0 Thread added: 0x00000281f4019230
Event: 0.087 Thread 0x00000281cb16b1a0 Thread added: 0x00000281f401c8e0
Event: 0.087 Thread 0x00000281cb16b1a0 Thread added: 0x00000281f402a550
Event: 0.124 Thread 0x00000281cb16b1a0 Thread added: 0x00000281f417ef40
Event: 0.128 Thread 0x00000281cb16b1a0 Thread added: 0x00000281f418f0b0
Event: 0.656 Thread 0x00000281f4019230 Thread added: 0x00000281f42a4b40
Event: 0.758 Thread 0x00000281f401c8e0 Thread added: 0x00000281f42a6050
Event: 1.693 Thread 0x00000281f42a6050 Thread exited: 0x00000281f42a6050
Event: 1.755 Thread 0x00000281f42a4b40 Thread exited: 0x00000281f42a4b40
Event: 2.098 Thread 0x00000281cb16b1a0 Thread added: 0x00000281f51c6c30
Event: 3.607 Thread 0x00000281f401c8e0 Thread added: 0x00000281f5803d40
Event: 3.772 Thread 0x00000281f5803d40 Thread exited: 0x00000281f5803d40
Event: 3.780 Thread 0x00000281cb16b1a0 Thread added: 0x00000281f51d9c50
Event: 3.827 Thread 0x00000281f51d9c50 Thread added: 0x00000281f525f2f0
Event: 3.832 Thread 0x00000281f51d9c50 Thread added: 0x00000281f5804d10
Event: 3.834 Thread 0x00000281f525f2f0 Thread exited: 0x00000281f525f2f0
Event: 8.118 Thread 0x00000281f5804d10 Thread exited: 0x00000281f5804d10
Event: 8.118 Thread 0x00000281f51d9c50 Thread exited: 0x00000281f51d9c50
Event: 8.208 Thread 0x00000281f401c8e0 Thread added: 0x00000281f5803d40
Event: 10.609 Thread 0x00000281f5803d40 Thread exited: 0x00000281f5803d40


Dynamic libraries:
0x00007ff6972c0000 - 0x00007ff6972ce000 	E:\JAVA\bin\java.exe
0x00007ffad2460000 - 0x00007ffad26c6000 	C:\WINDOWS\SYSTEM32\ntdll.dll
0x00007ffad12a0000 - 0x00007ffad1369000 	C:\WINDOWS\System32\KERNEL32.DLL
0x00007ffacfdd0000 - 0x00007ffad01ca000 	C:\WINDOWS\System32\KERNELBASE.dll
0x00007ffacfc80000 - 0x00007ffacfdcc000 	C:\WINDOWS\System32\ucrtbase.dll
0x00007ffabd9b0000 - 0x00007ffabd9c8000 	E:\JAVA\bin\jli.dll
0x00007ffabd920000 - 0x00007ffabd93e000 	E:\JAVA\bin\VCRUNTIME140.dll
0x00007ffad2250000 - 0x00007ffad2417000 	C:\WINDOWS\System32\USER32.dll
0x00007ffacf910000 - 0x00007ffacf937000 	C:\WINDOWS\System32\win32u.dll
0x00007ffaba700000 - 0x00007ffaba992000 	C:\WINDOWS\WinSxS\amd64_microsoft.windows.common-controls_6595b64144ccf1df_6.0.26100.8521_none_3e08b75ce33403b3\COMCTL32.dll
0x00007ffad18d0000 - 0x00007ffad18fb000 	C:\WINDOWS\System32\GDI32.dll
0x00007ffad1820000 - 0x00007ffad18c9000 	C:\WINDOWS\System32\msvcrt.dll
0x00007ffacfac0000 - 0x00007ffacfbeb000 	C:\WINDOWS\System32\gdi32full.dll
0x00007ffacf7b0000 - 0x00007ffacf853000 	C:\WINDOWS\System32\msvcp_win.dll
0x00007ffad01d0000 - 0x00007ffad0202000 	C:\WINDOWS\System32\IMM32.DLL
0x00007ffabee50000 - 0x00007ffabee5c000 	E:\JAVA\bin\vcruntime140_1.dll
0x00007ffaa3970000 - 0x00007ffaa39fd000 	E:\JAVA\bin\msvcp140.dll
0x00007ffa57830000 - 0x00007ffa5849b000 	E:\JAVA\bin\server\jvm.dll
0x00007ffad0e60000 - 0x00007ffad0f16000 	C:\WINDOWS\System32\ADVAPI32.dll
0x00007ffad1900000 - 0x00007ffad19aa000 	C:\WINDOWS\System32\sechost.dll
0x00007ffad1700000 - 0x00007ffad1818000 	C:\WINDOWS\System32\RPCRT4.dll
0x00007ffad1a20000 - 0x00007ffad1aa0000 	C:\WINDOWS\System32\WS2_32.dll
0x00007ffaba9a0000 - 0x00007ffaba9d6000 	C:\WINDOWS\SYSTEM32\WINMM.dll
0x00007ffacf550000 - 0x00007ffacf5ae000 	C:\WINDOWS\SYSTEM32\POWRPROF.dll
0x00007ffabefa0000 - 0x00007ffabefab000 	C:\WINDOWS\SYSTEM32\VERSION.dll
0x00007ffacf530000 - 0x00007ffacf544000 	C:\WINDOWS\SYSTEM32\UMPDC.dll
0x00007fface440000 - 0x00007fface45b000 	C:\WINDOWS\SYSTEM32\kernel.appcore.dll
0x00007ffabdba0000 - 0x00007ffabdbaa000 	E:\JAVA\bin\jimage.dll
0x00007ffacce70000 - 0x00007ffacd0b2000 	C:\WINDOWS\SYSTEM32\DBGHELP.DLL
0x00007ffad0ad0000 - 0x00007ffad0e53000 	C:\WINDOWS\System32\combase.dll
0x00007ffad0fb0000 - 0x00007ffad1089000 	C:\WINDOWS\System32\OLEAUT32.dll
0x00007ffabb1d0000 - 0x00007ffabb20b000 	C:\WINDOWS\SYSTEM32\dbgcore.DLL
0x00007ffacf860000 - 0x00007ffacf908000 	C:\WINDOWS\System32\bcryptPrimitives.dll
0x00007ffab91a0000 - 0x00007ffab91c5000 	E:\JAVA\bin\java.dll
0x00007ffa9b580000 - 0x00007ffa9b657000 	E:\JAVA\bin\jsvml.dll
0x00007ffad1ab0000 - 0x00007ffad2234000 	C:\WINDOWS\System32\SHELL32.dll
0x00007ffacd270000 - 0x00007ffacdaf0000 	C:\WINDOWS\SYSTEM32\windows.storage.dll
0x00007ffad0850000 - 0x00007ffad0946000 	C:\WINDOWS\System32\SHCORE.dll
0x00007ffad0720000 - 0x00007ffad0787000 	C:\WINDOWS\System32\shlwapi.dll
0x00007ffacf610000 - 0x00007ffacf639000 	C:\WINDOWS\SYSTEM32\profapi.dll
0x00007ffabd8b0000 - 0x00007ffabd8ca000 	E:\JAVA\bin\net.dll
0x00007ffabfa20000 - 0x00007ffabfb49000 	C:\WINDOWS\SYSTEM32\WINHTTP.dll
0x00007fface990000 - 0x00007fface9fc000 	C:\WINDOWS\system32\mswsock.dll
0x00007ffabc690000 - 0x00007ffabc6a6000 	E:\JAVA\bin\nio.dll
0x00007ffab9140000 - 0x00007ffab9158000 	E:\JAVA\bin\zip.dll
0x00007ffabdb10000 - 0x00007ffabdb20000 	E:\JAVA\bin\verify.dll
0x00007ffabdb20000 - 0x00007ffabdb2a000 	E:\JAVA\bin\management.dll
0x00007ffabb4b0000 - 0x00007ffabb4bc000 	E:\JAVA\bin\management_ext.dll
0x00007ffad2240000 - 0x00007ffad2248000 	C:\WINDOWS\System32\PSAPI.DLL
0x00007ffab8da0000 - 0x00007ffab8dc7000 	E:\gradle\native\c067742578af261105cb4f569cf0c3c89f3d7b1fecec35dd04571415982c5e48\windows-amd64\native-platform.dll
0x00007ffaced90000 - 0x00007ffacedab000 	C:\WINDOWS\SYSTEM32\CRYPTSP.dll
0x00007fface3a0000 - 0x00007fface3d9000 	C:\WINDOWS\system32\rsaenh.dll
0x00007ffacea40000 - 0x00007ffacea73000 	C:\WINDOWS\SYSTEM32\USERENV.dll
0x00007ffacf5e0000 - 0x00007ffacf60a000 	C:\WINDOWS\SYSTEM32\bcrypt.dll
0x00007ffacebf0000 - 0x00007ffacebfc000 	C:\WINDOWS\SYSTEM32\CRYPTBASE.dll
0x00007ffacde20000 - 0x00007ffacde53000 	C:\WINDOWS\SYSTEM32\IPHLPAPI.DLL
0x00007ffad19b0000 - 0x00007ffad19ba000 	C:\WINDOWS\System32\NSI.dll
0x00007ffac44d0000 - 0x00007ffac44ed000 	C:\WINDOWS\SYSTEM32\dhcpcsvc6.DLL
0x00007ffac44a0000 - 0x00007ffac44c5000 	C:\WINDOWS\SYSTEM32\dhcpcsvc.DLL
0x00007ffacdeb0000 - 0x00007ffacdffa000 	C:\WINDOWS\SYSTEM32\DNSAPI.dll
0x00007fface7d0000 - 0x00007fface7dd000 	C:\WINDOWS\SYSTEM32\DSPARSE.dll
0x00007ffabd7f0000 - 0x00007ffabd7f9000 	E:\JAVA\bin\extnet.dll
0x00007ffabdaa0000 - 0x00007ffabdaae000 	E:\JAVA\bin\sunmscapi.dll
0x00007ffacf940000 - 0x00007ffacfab8000 	C:\WINDOWS\System32\CRYPT32.dll
0x00007ffaceef0000 - 0x00007ffacef20000 	C:\WINDOWS\SYSTEM32\ncrypt.dll
0x00007ffaceea0000 - 0x00007ffaceedf000 	C:\WINDOWS\SYSTEM32\NTASN1.dll
0x00007ffab7250000 - 0x00007ffab7258000 	C:\WINDOWS\system32\wshunix.dll

dbghelp: loaded successfully - version: 4.0.5 - missing functions: none
symbol engine: initialized successfully - sym options: 0x614 - pdb path: .;E:\JAVA\bin;C:\WINDOWS\SYSTEM32;C:\WINDOWS\WinSxS\amd64_microsoft.windows.common-controls_6595b64144ccf1df_6.0.26100.8521_none_3e08b75ce33403b3;E:\JAVA\bin\server;E:\gradle\native\c067742578af261105cb4f569cf0c3c89f3d7b1fecec35dd04571415982c5e48\windows-amd64

VM Arguments:
jvm_args: -Dorg.gradle.appname=gradlew 
java_command: org.gradle.wrapper.GradleWrapperMain -q -Ptarget-platform=android-arm,android-arm64,android-x64 -Ptarget=lib\main.dart -Pbase-application-name=android.app.Application -Pdart-defines=RkxVVFRFUl9WRVJTSU9OPTMuNDEuOQ==,RkxVVFRFUl9DSEFOTkVMPXN0YWJsZQ==,RkxVVFRFUl9HSVRfVVJMPWh0dHBzOi8vZ2l0aHViLmNvbS9mbHV0dGVyL2ZsdXR0ZXIuZ2l0,RkxVVFRFUl9GUkFNRVdPUktfUkVWSVNJT049MDBiMGM5MWYwNg==,RkxVVFRFUl9FTkdJTkVfUkVWSVNJT049NDJkM2Q3NWE1Ng==,RkxVVFRFUl9EQVJUX1ZFUlNJT049My4xMS41 -Pdart-obfuscation=false -Ptrack-widget-creation=true -Ptree-shake-icons=false assembleRelease
java_class_path (initial): E:\voice_test\android\\gradle\wrapper\gradle-wrapper.jar
Launcher Type: SUN_STANDARD

[Global flags]
     intx CICompilerCount                          = 4                                         {product} {ergonomic}
     uint ConcGCThreads                            = 2                                         {product} {ergonomic}
     uint G1ConcRefinementThreads                  = 8                                         {product} {ergonomic}
   size_t G1HeapRegionSize                         = 2097152                                   {product} {ergonomic}
    uintx GCDrainStackTargetSize                   = 64                                        {product} {ergonomic}
   size_t InitialHeapSize                          = 264241152                                 {product} {ergonomic}
   size_t MarkStackSize                            = 4194304                                   {product} {ergonomic}
   size_t MaxHeapSize                              = 4206886912                                {product} {ergonomic}
   size_t MaxNewSize                               = 2522873856                                {product} {ergonomic}
   size_t MinHeapDeltaBytes                        = 2097152                                   {product} {ergonomic}
   size_t MinHeapSize                              = 8388608                                   {product} {ergonomic}
    uintx NonNMethodCodeHeapSize                   = 5839372                                {pd product} {ergonomic}
    uintx NonProfiledCodeHeapSize                  = 122909434                              {pd product} {ergonomic}
    uintx ProfiledCodeHeapSize                     = 122909434                              {pd product} {ergonomic}
    uintx ReservedCodeCacheSize                    = 251658240                              {pd product} {ergonomic}
     bool SegmentedCodeCache                       = true                                      {product} {ergonomic}
   size_t SoftMaxHeapSize                          = 4206886912                             {manageable} {ergonomic}
     bool UseCompressedClassPointers               = true                           {product lp64_product} {ergonomic}
     bool UseCompressedOops                        = true                           {product lp64_product} {ergonomic}
     bool UseG1GC                                  = true                                      {product} {ergonomic}
     bool UseLargePagesIndividualAllocation        = false                                  {pd product} {ergonomic}

Logging:
Log output configuration:
 #0: stdout all=warning uptime,level,tags
 #1: stderr all=off uptime,level,tags

Environment Variables:
JAVA_HOME=E:\JAVA
CLASSPATH=E:\voice_test\android\\gradle\wrapper\gradle-wrapper.jar
PATH=E:\JAVA\bin;C:\Program Files\Common Files\Oracle\Java\javapath;C:\WINDOWS\system32;C:\WINDOWS;C:\WINDOWS\System32\Wbem;C:\WINDOWS\System32\WindowsPowerShell\v1.0\;C:\WINDOWS\System32\OpenSSH\;C:\Program Files\Git\cmd;C:\Program Files\Microsoft SQL Server\170\Tools\Binn\;C:\Program Files\Microsoft SQL Server\Client SDK\ODBC\170\Tools\Binn\;C:\Program Files\Microsoft SQL Server\170\DTS\Binn\;C:\Program Files\dotnet\;D:\Basira\;C:\ProgramData\chocolatey\bin;E:\JAVA\bin;E:\DOWNLOAD\New folder (2)\bin;C:\Program Files\Common Files\Oracle\Java\javapath;C:\WINDOWS\system32;C:\WINDOWS;C:\WINDOWS\System32\Wbem;C:\WINDOWS\System32\WindowsPowerShell\v1.0\;C:\WINDOWS\System32\OpenSSH\;C:\Program Files\Git\cmd;C:\Program Files\Microsoft SQL Server\170\Tools\Binn\;C:\Program Files\Microsoft SQL Server\Client SDK\ODBC\170\Tools\Binn\;C:\Program Files\Microsoft SQL Server\170\DTS\Binn\;C:\Program Files\dotnet\;D:\Basira\;C:\ProgramData\chocolatey\bin;C:\WINDOWS\system32;C:\WINDOWS;C:\WINDOWS\System32\Wbem;C:\WINDOWS\System32\WindowsPowerShell\v1.0\;C:\WINDOWS\System32\OpenSSH\;C:\Program Files\Git\cmd;C:\Program Files\Microsoft SQL Server\170\Tools\Binn\;C:\Program Files\Microsoft SQL Server\Client SDK\ODBC\170\Tools\Binn\;C:\Program Files\Microsoft SQL Server\170\DTS\Binn\;C:\Program Files\dotnet\;D:\Basira\;C:\ProgramData\chocolatey\bin;C:\Users\DELL\AppData\Local\Programs\Python\Python310\Scripts\;C:\Users\DELL\AppData\Local\Programs\Python\Python310\;C:\Users\DELL\AppData\Local\Prog;D:\flutter\bin;D:\download\Antigravity\bin;;c:\Users\DELL\.antigravity\extensions\ms-python.debugpy-2026.6.0-win32-x64\bundled\scripts\noConfigScripts;D:\flutter\bin\mingit\cmd
USERNAME=DELL
LANG=en_US.UTF-8
OS=Windows_NT
PROCESSOR_IDENTIFIER=Intel64 Family 6 Model 142 Stepping 12, GenuineIntel
TMP=C:\Users\DELL\AppData\Local\Temp
TEMP=C:\Users\DELL\AppData\Local\Temp



Periodic native trim disabled


---------------  S Y S T E M  ---------------

OS:
 Windows 11 , 64 bit Build 26100 (10.0.26100.8521)
OS uptime: 1 days 5:53 hours
Hyper-V role detected

CPU: total 8 (initial active 8) (4 cores per cpu, 2 threads per core) family 6 model 142 stepping 12 microcode 0xf8, cx8, cmov, fxsr, ht, mmx, 3dnowpref, sse, sse2, sse3, ssse3, sse4.1, sse4.2, popcnt, lzcnt, tsc, tscinvbit, avx, avx2, aes, erms, clmul, bmi1, bmi2, adx, fma, vzeroupper, clflush, clflushopt, hv
Processor Information for processor 0
  Max Mhz: 2304, Current Mhz: 1502, Mhz Limit: 1797
Processor Information for processor 1
  Max Mhz: 2304, Current Mhz: 1502, Mhz Limit: 1797
Processor Information for processor 2
  Max Mhz: 2304, Current Mhz: 1803, Mhz Limit: 1797
Processor Information for processor 3
  Max Mhz: 2304, Current Mhz: 1803, Mhz Limit: 1797
Processor Information for processor 4
  Max Mhz: 2304, Current Mhz: 1502, Mhz Limit: 1797
Processor Information for processor 5
  Max Mhz: 2304, Current Mhz: 1502, Mhz Limit: 1797
Processor Information for processor 6
  Max Mhz: 2304, Current Mhz: 1502, Mhz Limit: 1797
Processor Information for processor 7
  Max Mhz: 2304, Current Mhz: 1502, Mhz Limit: 1797

Memory: 4k page, system-wide physical 16043M (2040M free)
TotalPageFile size 19198M (AvailPageFile size 443M)
current process WorkingSet (physical memory assigned to process): 115M, peak: 121M
current process commit charge ("private bytes"): 364M, peak: 370M

vm_info: OpenJDK 64-Bit Server VM (17.0.18+8) for windows-amd64 JRE (17.0.18+8), built on Jan 20 2026 22:28:22 by "admin" with MS VC++ 17.12 (VS2022)

END.
