#
# There is insufficient memory for the Java Runtime Environment to continue.
# Native memory allocation (malloc) failed to allocate 237696 bytes. Error detail: Chunk::new
# Possible reasons:
#   The system is out of physical RAM or swap space
#   This process is running with CompressedOops enabled, and the Java Heap may be blocking the growth of the native heap
# Possible solutions:
#   Reduce memory load on the system
#   Increase physical memory or swap space
#   Check if swap backing store is full
#   Decrease Java heap size (-Xmx/-Xms)
#   Decrease number of Java threads
#   Decrease Java thread stack sizes (-Xss)
#   Set larger code cache with -XX:ReservedCodeCacheSize=
#   JVM is running with Zero Based Compressed Oops mode in which the Java heap is
#     placed in the first 32GB address space. The Java Heap base address is the
#     maximum limit for the native heap growth. Please use -XX:HeapBaseMinAddress
#     to set the Java Heap base and to place the Java Heap above 32GB virtual address.
# This output file may be truncated or incomplete.
#
#  Out of Memory Error (arena.cpp:191), pid=13680, tid=7472
#
# JRE version: OpenJDK Runtime Environment Temurin-17.0.18+8 (17.0.18+8) (build 17.0.18+8)
# Java VM: OpenJDK 64-Bit Server VM Temurin-17.0.18+8 (17.0.18+8, mixed mode, sharing, tiered, compressed oops, compressed class ptrs, g1 gc, windows-amd64)
# No core dump will be written. Minidumps are not enabled by default on client versions of Windows
#

---------------  S U M M A R Y ------------

Command Line: -Dorg.gradle.appname=gradlew org.gradle.wrapper.GradleWrapperMain -q -Ptarget-platform=android-arm64 -Ptarget=E:\voice_test\lib\main.dart -Pbase-application-name=android.app.Application -Pdart-defines=RkxVVFRFUl9WRVJTSU9OPTMuNDEuOQ==,RkxVVFRFUl9DSEFOTkVMPXN0YWJsZQ==,RkxVVFRFUl9HSVRfVVJMPWh0dHBzOi8vZ2l0aHViLmNvbS9mbHV0dGVyL2ZsdXR0ZXIuZ2l0,RkxVVFRFUl9GUkFNRVdPUktfUkVWSVNJT049MDBiMGM5MWYwNg==,RkxVVFRFUl9FTkdJTkVfUkVWSVNJT049NDJkM2Q3NWE1Ng==,RkxVVFRFUl9EQVJUX1ZFUlNJT049My4xMS41 -Pdart-obfuscation=false -Ptrack-widget-creation=true -Ptree-shake-icons=false -Pfilesystem-scheme=org-dartlang-root assembleDebug

Host: Intel(R) Core(TM) i7-10610U CPU @ 1.80GHz, 8 cores, 15G,  Windows 11 , 64 bit Build 26100 (10.0.26100.8246)
Time: Sat May  2 21:12:04 2026 Egypt Daylight Time elapsed time: 0.262756 seconds (0d 0h 0m 0s)

---------------  T H R E A D  ---------------

Current thread (0x000001e3e5d5d500):  JavaThread "C2 CompilerThread1" daemon [_thread_in_native, id=7472, stack(0x0000003ea7200000,0x0000003ea7300000)]


Current CompileTask:
C2:263  639       4       java.util.HashMap::put (13 bytes)

Stack: [0x0000003ea7200000,0x0000003ea7300000]
Native frames: (J=compiled Java code, j=interpreted, Vv=VM code, C=native code)
V  [jvm.dll+0x6846f9]
V  [jvm.dll+0x839ea5]
V  [jvm.dll+0x83b91e]
V  [jvm.dll+0x83bfa3]
V  [jvm.dll+0x248eff]
V  [jvm.dll+0xad496]
V  [jvm.dll+0xadb3c]
V  [jvm.dll+0x2b05df]
V  [jvm.dll+0x58acf5]
V  [jvm.dll+0x222e84]
V  [jvm.dll+0x21b98f]
V  [jvm.dll+0x2190fe]
V  [jvm.dll+0x1a4920]
V  [jvm.dll+0x22989a]
V  [jvm.dll+0x227a4b]
V  [jvm.dll+0x7f0658]
V  [jvm.dll+0x7eaaec]
V  [jvm.dll+0x6835c7]
C  [ucrtbase.dll+0x37b0]
C  [KERNEL32.DLL+0x2e8d7]
C  [ntdll.dll+0x8c3fc]


---------------  P R O C E S S  ---------------

Threads class SMR info:
_java_thread_list=0x000001e3e5e1e990, length=14, elements={
0x000001e3c2afafb0, 0x000001e3e5907130, 0x000001e3e5909b10, 0x000001e3e5a33870,
0x000001e3e5a34140, 0x000001e3e5a34a10, 0x000001e3e5a36700, 0x000001e3e5a3f310,
0x000001e3e5a531e0, 0x000001e3e5a59b10, 0x000001e3e5b8b770, 0x000001e3e5b9c0f0,
0x000001e3e5d5d500, 0x000001e42b2aeed0
}

Java Threads: ( => current thread )
  0x000001e3c2afafb0 JavaThread "main" [_thread_in_vm, id=3308, stack(0x0000003ea5f00000,0x0000003ea6000000)]
  0x000001e3e5907130 JavaThread "Reference Handler" daemon [_thread_blocked, id=25152, stack(0x0000003ea6600000,0x0000003ea6700000)]
  0x000001e3e5909b10 JavaThread "Finalizer" daemon [_thread_blocked, id=10000, stack(0x0000003ea6700000,0x0000003ea6800000)]
  0x000001e3e5a33870 JavaThread "Signal Dispatcher" daemon [_thread_blocked, id=20652, stack(0x0000003ea6800000,0x0000003ea6900000)]
  0x000001e3e5a34140 JavaThread "Attach Listener" daemon [_thread_blocked, id=16304, stack(0x0000003ea6900000,0x0000003ea6a00000)]
  0x000001e3e5a34a10 JavaThread "Service Thread" daemon [_thread_blocked, id=2464, stack(0x0000003ea6a00000,0x0000003ea6b00000)]
  0x000001e3e5a36700 JavaThread "Monitor Deflation Thread" daemon [_thread_blocked, id=5248, stack(0x0000003ea6b00000,0x0000003ea6c00000)]
  0x000001e3e5a3f310 JavaThread "C2 CompilerThread0" daemon [_thread_in_native, id=10952, stack(0x0000003ea6c00000,0x0000003ea6d00000)]
  0x000001e3e5a531e0 JavaThread "C1 CompilerThread0" daemon [_thread_in_native, id=12184, stack(0x0000003ea6d00000,0x0000003ea6e00000)]
  0x000001e3e5a59b10 JavaThread "Sweeper thread" daemon [_thread_blocked, id=11792, stack(0x0000003ea6e00000,0x0000003ea6f00000)]
  0x000001e3e5b8b770 JavaThread "Notification Thread" daemon [_thread_blocked, id=9340, stack(0x0000003ea6f00000,0x0000003ea7000000)]
  0x000001e3e5b9c0f0 JavaThread "Common-Cleaner" daemon [_thread_blocked, id=17008, stack(0x0000003ea7100000,0x0000003ea7200000)]
=>0x000001e3e5d5d500 JavaThread "C2 CompilerThread1" daemon [_thread_in_native, id=7472, stack(0x0000003ea7200000,0x0000003ea7300000)]
  0x000001e42b2aeed0 JavaThread "C2 CompilerThread2" daemon [_thread_in_native, id=24644, stack(0x0000003ea7300000,0x0000003ea7400000)]

Other Threads:
  0x000001e3e5903cf0 VMThread "VM Thread" [stack: 0x0000003ea6500000,0x0000003ea6600000] [id=7956]
  0x000001e3e5b93c70 WatcherThread [stack: 0x0000003ea7000000,0x0000003ea7100000] [id=15128]
  0x000001e3c2b69b50 GCTaskThread "GC Thread#0" [stack: 0x0000003ea6000000,0x0000003ea6100000] [id=24876]
  0x000001e3c2b7b140 ConcurrentGCThread "G1 Main Marker" [stack: 0x0000003ea6100000,0x0000003ea6200000] [id=3680]
  0x000001e3c2b7ba70 ConcurrentGCThread "G1 Conc#0" [stack: 0x0000003ea6200000,0x0000003ea6300000] [id=16556]
  0x000001e3e57bd220 ConcurrentGCThread "G1 Refine#0" [stack: 0x0000003ea6300000,0x0000003ea6400000] [id=11896]
  0x000001e3e57bea10 ConcurrentGCThread "G1 Service" [stack: 0x0000003ea6400000,0x0000003ea6500000] [id=5616]

Threads with active compile tasks:
C2 CompilerThread0  289  651   !   4       java.util.zip.ZipFile$Source::checkAndAddEntry (262 bytes)
C1 CompilerThread0  289  654       3       java.io.WinNTFileSystem::normalizePrefix (132 bytes)
C2 CompilerThread1  289  639       4       java.util.HashMap::put (13 bytes)
C2 CompilerThread2  289  640       4       java.io.WinNTFileSystem::normalize (143 bytes)

VM state: not at safepoint (normal execution)

VM Mutex/Monitor currently owned by a thread: None

Heap address: 0x0000000705400000, size: 4012 MB, Compressed Oops mode: Zero based, Oop shift amount: 3

CDS archive(s) mapped at: [0x000001e3e6000000-0x000001e3e6bb0000-0x000001e3e6bb0000), size 12255232, SharedBaseAddress: 0x000001e3e6000000, ArchiveRelocationMode: 1.
Compressed class space mapped at: 0x000001e3e7000000-0x000001e427000000, reserved size: 1073741824
Narrow klass base: 0x000001e3e6000000, Narrow klass shift: 0, Narrow klass range: 0x100000000

GC Precious Log:
 CPUs: 8 total, 8 available
 Memory: 16043M
 Large Page Support: Disabled
 NUMA Support: Disabled
 Compressed Oops: Enabled (Zero based)
 Heap Region Size: 2M
 Heap Min Capacity: 8M
 Heap Initial Capacity: 252M
 Heap Max Capacity: 4012M
 Pre-touch: Disabled
 Parallel Workers: 8
 Concurrent Workers: 2
 Concurrent Refinement Workers: 8
 Periodic GC: Disabled

Heap:
 garbage-first heap   total 258048K, used 20480K [0x0000000705400000, 0x0000000800000000)
  region size 2048K, 9 young (18432K), 0 survivors (0K)
 Metaspace       used 2126K, committed 2240K, reserved 1114112K
  class space    used 207K, committed 256K, reserved 1048576K

Heap Regions: E=young(eden), S=young(survivor), O=old, HS=humongous(starts), HC=humongous(continues), CS=collection set, F=free, OA=open archive, CA=closed archive, TAMS=top-at-mark-start (previous, next)
|   0|0x0000000705400000, 0x0000000705600000, 0x0000000705600000|100%|HS|  |TAMS 0x0000000705400000, 0x0000000705400000| Complete 
|   1|0x0000000705600000, 0x0000000705800000, 0x0000000705800000|100%|HC|  |TAMS 0x0000000705600000, 0x0000000705600000| Complete 
|   2|0x0000000705800000, 0x0000000705800000, 0x0000000705a00000|  0%| F|  |TAMS 0x0000000705800000, 0x0000000705800000| Untracked 
|   3|0x0000000705a00000, 0x0000000705a00000, 0x0000000705c00000|  0%| F|  |TAMS 0x0000000705a00000, 0x0000000705a00000| Untracked 
|   4|0x0000000705c00000, 0x0000000705c00000, 0x0000000705e00000|  0%| F|  |TAMS 0x0000000705c00000, 0x0000000705c00000| Untracked 
|   5|0x0000000705e00000, 0x0000000705e00000, 0x0000000706000000|  0%| F|  |TAMS 0x0000000705e00000, 0x0000000705e00000| Untracked 
|   6|0x0000000706000000, 0x0000000706000000, 0x0000000706200000|  0%| F|  |TAMS 0x0000000706000000, 0x0000000706000000| Untracked 
|   7|0x0000000706200000, 0x0000000706200000, 0x0000000706400000|  0%| F|  |TAMS 0x0000000706200000, 0x0000000706200000| Untracked 
|   8|0x0000000706400000, 0x0000000706400000, 0x0000000706600000|  0%| F|  |TAMS 0x0000000706400000, 0x0000000706400000| Untracked 
|   9|0x0000000706600000, 0x0000000706600000, 0x0000000706800000|  0%| F|  |TAMS 0x0000000706600000, 0x0000000706600000| Untracked 
|  10|0x0000000706800000, 0x0000000706800000, 0x0000000706a00000|  0%| F|  |TAMS 0x0000000706800000, 0x0000000706800000| Untracked 
|  11|0x0000000706a00000, 0x0000000706a00000, 0x0000000706c00000|  0%| F|  |TAMS 0x0000000706a00000, 0x0000000706a00000| Untracked 
|  12|0x0000000706c00000, 0x0000000706c00000, 0x0000000706e00000|  0%| F|  |TAMS 0x0000000706c00000, 0x0000000706c00000| Untracked 
|  13|0x0000000706e00000, 0x0000000706e00000, 0x0000000707000000|  0%| F|  |TAMS 0x0000000706e00000, 0x0000000706e00000| Untracked 
|  14|0x0000000707000000, 0x0000000707000000, 0x0000000707200000|  0%| F|  |TAMS 0x0000000707000000, 0x0000000707000000| Untracked 
|  15|0x0000000707200000, 0x0000000707200000, 0x0000000707400000|  0%| F|  |TAMS 0x0000000707200000, 0x0000000707200000| Untracked 
|  16|0x0000000707400000, 0x0000000707400000, 0x0000000707600000|  0%| F|  |TAMS 0x0000000707400000, 0x0000000707400000| Untracked 
|  17|0x0000000707600000, 0x0000000707600000, 0x0000000707800000|  0%| F|  |TAMS 0x0000000707600000, 0x0000000707600000| Untracked 
|  18|0x0000000707800000, 0x0000000707800000, 0x0000000707a00000|  0%| F|  |TAMS 0x0000000707800000, 0x0000000707800000| Untracked 
|  19|0x0000000707a00000, 0x0000000707a00000, 0x0000000707c00000|  0%| F|  |TAMS 0x0000000707a00000, 0x0000000707a00000| Untracked 
|  20|0x0000000707c00000, 0x0000000707c00000, 0x0000000707e00000|  0%| F|  |TAMS 0x0000000707c00000, 0x0000000707c00000| Untracked 
|  21|0x0000000707e00000, 0x0000000707e00000, 0x0000000708000000|  0%| F|  |TAMS 0x0000000707e00000, 0x0000000707e00000| Untracked 
|  22|0x0000000708000000, 0x0000000708000000, 0x0000000708200000|  0%| F|  |TAMS 0x0000000708000000, 0x0000000708000000| Untracked 
|  23|0x0000000708200000, 0x0000000708200000, 0x0000000708400000|  0%| F|  |TAMS 0x0000000708200000, 0x0000000708200000| Untracked 
|  24|0x0000000708400000, 0x0000000708400000, 0x0000000708600000|  0%| F|  |TAMS 0x0000000708400000, 0x0000000708400000| Untracked 
|  25|0x0000000708600000, 0x0000000708600000, 0x0000000708800000|  0%| F|  |TAMS 0x0000000708600000, 0x0000000708600000| Untracked 
|  26|0x0000000708800000, 0x0000000708800000, 0x0000000708a00000|  0%| F|  |TAMS 0x0000000708800000, 0x0000000708800000| Untracked 
|  27|0x0000000708a00000, 0x0000000708a00000, 0x0000000708c00000|  0%| F|  |TAMS 0x0000000708a00000, 0x0000000708a00000| Untracked 
|  28|0x0000000708c00000, 0x0000000708c00000, 0x0000000708e00000|  0%| F|  |TAMS 0x0000000708c00000, 0x0000000708c00000| Untracked 
|  29|0x0000000708e00000, 0x0000000708e00000, 0x0000000709000000|  0%| F|  |TAMS 0x0000000708e00000, 0x0000000708e00000| Untracked 
|  30|0x0000000709000000, 0x0000000709000000, 0x0000000709200000|  0%| F|  |TAMS 0x0000000709000000, 0x0000000709000000| Untracked 
|  31|0x0000000709200000, 0x0000000709200000, 0x0000000709400000|  0%| F|  |TAMS 0x0000000709200000, 0x0000000709200000| Untracked 
|  32|0x0000000709400000, 0x0000000709400000, 0x0000000709600000|  0%| F|  |TAMS 0x0000000709400000, 0x0000000709400000| Untracked 
|  33|0x0000000709600000, 0x0000000709600000, 0x0000000709800000|  0%| F|  |TAMS 0x0000000709600000, 0x0000000709600000| Untracked 
|  34|0x0000000709800000, 0x0000000709800000, 0x0000000709a00000|  0%| F|  |TAMS 0x0000000709800000, 0x0000000709800000| Untracked 
|  35|0x0000000709a00000, 0x0000000709a00000, 0x0000000709c00000|  0%| F|  |TAMS 0x0000000709a00000, 0x0000000709a00000| Untracked 
|  36|0x0000000709c00000, 0x0000000709c00000, 0x0000000709e00000|  0%| F|  |TAMS 0x0000000709c00000, 0x0000000709c00000| Untracked 
|  37|0x0000000709e00000, 0x0000000709e00000, 0x000000070a000000|  0%| F|  |TAMS 0x0000000709e00000, 0x0000000709e00000| Untracked 
|  38|0x000000070a000000, 0x000000070a000000, 0x000000070a200000|  0%| F|  |TAMS 0x000000070a000000, 0x000000070a000000| Untracked 
|  39|0x000000070a200000, 0x000000070a200000, 0x000000070a400000|  0%| F|  |TAMS 0x000000070a200000, 0x000000070a200000| Untracked 
|  40|0x000000070a400000, 0x000000070a400000, 0x000000070a600000|  0%| F|  |TAMS 0x000000070a400000, 0x000000070a400000| Untracked 
|  41|0x000000070a600000, 0x000000070a600000, 0x000000070a800000|  0%| F|  |TAMS 0x000000070a600000, 0x000000070a600000| Untracked 
|  42|0x000000070a800000, 0x000000070a800000, 0x000000070aa00000|  0%| F|  |TAMS 0x000000070a800000, 0x000000070a800000| Untracked 
|  43|0x000000070aa00000, 0x000000070aa00000, 0x000000070ac00000|  0%| F|  |TAMS 0x000000070aa00000, 0x000000070aa00000| Untracked 
|  44|0x000000070ac00000, 0x000000070ac00000, 0x000000070ae00000|  0%| F|  |TAMS 0x000000070ac00000, 0x000000070ac00000| Untracked 
|  45|0x000000070ae00000, 0x000000070ae00000, 0x000000070b000000|  0%| F|  |TAMS 0x000000070ae00000, 0x000000070ae00000| Untracked 
|  46|0x000000070b000000, 0x000000070b000000, 0x000000070b200000|  0%| F|  |TAMS 0x000000070b000000, 0x000000070b000000| Untracked 
|  47|0x000000070b200000, 0x000000070b200000, 0x000000070b400000|  0%| F|  |TAMS 0x000000070b200000, 0x000000070b200000| Untracked 
|  48|0x000000070b400000, 0x000000070b400000, 0x000000070b600000|  0%| F|  |TAMS 0x000000070b400000, 0x000000070b400000| Untracked 
|  49|0x000000070b600000, 0x000000070b600000, 0x000000070b800000|  0%| F|  |TAMS 0x000000070b600000, 0x000000070b600000| Untracked 
|  50|0x000000070b800000, 0x000000070b800000, 0x000000070ba00000|  0%| F|  |TAMS 0x000000070b800000, 0x000000070b800000| Untracked 
|  51|0x000000070ba00000, 0x000000070ba00000, 0x000000070bc00000|  0%| F|  |TAMS 0x000000070ba00000, 0x000000070ba00000| Untracked 
|  52|0x000000070bc00000, 0x000000070bc00000, 0x000000070be00000|  0%| F|  |TAMS 0x000000070bc00000, 0x000000070bc00000| Untracked 
|  53|0x000000070be00000, 0x000000070be00000, 0x000000070c000000|  0%| F|  |TAMS 0x000000070be00000, 0x000000070be00000| Untracked 
|  54|0x000000070c000000, 0x000000070c000000, 0x000000070c200000|  0%| F|  |TAMS 0x000000070c000000, 0x000000070c000000| Untracked 
|  55|0x000000070c200000, 0x000000070c200000, 0x000000070c400000|  0%| F|  |TAMS 0x000000070c200000, 0x000000070c200000| Untracked 
|  56|0x000000070c400000, 0x000000070c400000, 0x000000070c600000|  0%| F|  |TAMS 0x000000070c400000, 0x000000070c400000| Untracked 
|  57|0x000000070c600000, 0x000000070c600000, 0x000000070c800000|  0%| F|  |TAMS 0x000000070c600000, 0x000000070c600000| Untracked 
|  58|0x000000070c800000, 0x000000070c800000, 0x000000070ca00000|  0%| F|  |TAMS 0x000000070c800000, 0x000000070c800000| Untracked 
|  59|0x000000070ca00000, 0x000000070ca00000, 0x000000070cc00000|  0%| F|  |TAMS 0x000000070ca00000, 0x000000070ca00000| Untracked 
|  60|0x000000070cc00000, 0x000000070cc00000, 0x000000070ce00000|  0%| F|  |TAMS 0x000000070cc00000, 0x000000070cc00000| Untracked 
|  61|0x000000070ce00000, 0x000000070ce00000, 0x000000070d000000|  0%| F|  |TAMS 0x000000070ce00000, 0x000000070ce00000| Untracked 
|  62|0x000000070d000000, 0x000000070d000000, 0x000000070d200000|  0%| F|  |TAMS 0x000000070d000000, 0x000000070d000000| Untracked 
|  63|0x000000070d200000, 0x000000070d200000, 0x000000070d400000|  0%| F|  |TAMS 0x000000070d200000, 0x000000070d200000| Untracked 
|  64|0x000000070d400000, 0x000000070d400000, 0x000000070d600000|  0%| F|  |TAMS 0x000000070d400000, 0x000000070d400000| Untracked 
|  65|0x000000070d600000, 0x000000070d600000, 0x000000070d800000|  0%| F|  |TAMS 0x000000070d600000, 0x000000070d600000| Untracked 
|  66|0x000000070d800000, 0x000000070d800000, 0x000000070da00000|  0%| F|  |TAMS 0x000000070d800000, 0x000000070d800000| Untracked 
|  67|0x000000070da00000, 0x000000070da00000, 0x000000070dc00000|  0%| F|  |TAMS 0x000000070da00000, 0x000000070da00000| Untracked 
|  68|0x000000070dc00000, 0x000000070dc00000, 0x000000070de00000|  0%| F|  |TAMS 0x000000070dc00000, 0x000000070dc00000| Untracked 
|  69|0x000000070de00000, 0x000000070de00000, 0x000000070e000000|  0%| F|  |TAMS 0x000000070de00000, 0x000000070de00000| Untracked 
|  70|0x000000070e000000, 0x000000070e000000, 0x000000070e200000|  0%| F|  |TAMS 0x000000070e000000, 0x000000070e000000| Untracked 
|  71|0x000000070e200000, 0x000000070e200000, 0x000000070e400000|  0%| F|  |TAMS 0x000000070e200000, 0x000000070e200000| Untracked 
|  72|0x000000070e400000, 0x000000070e400000, 0x000000070e600000|  0%| F|  |TAMS 0x000000070e400000, 0x000000070e400000| Untracked 
|  73|0x000000070e600000, 0x000000070e600000, 0x000000070e800000|  0%| F|  |TAMS 0x000000070e600000, 0x000000070e600000| Untracked 
|  74|0x000000070e800000, 0x000000070e800000, 0x000000070ea00000|  0%| F|  |TAMS 0x000000070e800000, 0x000000070e800000| Untracked 
|  75|0x000000070ea00000, 0x000000070ea00000, 0x000000070ec00000|  0%| F|  |TAMS 0x000000070ea00000, 0x000000070ea00000| Untracked 
|  76|0x000000070ec00000, 0x000000070ec00000, 0x000000070ee00000|  0%| F|  |TAMS 0x000000070ec00000, 0x000000070ec00000| Untracked 
|  77|0x000000070ee00000, 0x000000070ee00000, 0x000000070f000000|  0%| F|  |TAMS 0x000000070ee00000, 0x000000070ee00000| Untracked 
|  78|0x000000070f000000, 0x000000070f000000, 0x000000070f200000|  0%| F|  |TAMS 0x000000070f000000, 0x000000070f000000| Untracked 
|  79|0x000000070f200000, 0x000000070f200000, 0x000000070f400000|  0%| F|  |TAMS 0x000000070f200000, 0x000000070f200000| Untracked 
|  80|0x000000070f400000, 0x000000070f400000, 0x000000070f600000|  0%| F|  |TAMS 0x000000070f400000, 0x000000070f400000| Untracked 
|  81|0x000000070f600000, 0x000000070f600000, 0x000000070f800000|  0%| F|  |TAMS 0x000000070f600000, 0x000000070f600000| Untracked 
|  82|0x000000070f800000, 0x000000070f800000, 0x000000070fa00000|  0%| F|  |TAMS 0x000000070f800000, 0x000000070f800000| Untracked 
|  83|0x000000070fa00000, 0x000000070fa00000, 0x000000070fc00000|  0%| F|  |TAMS 0x000000070fa00000, 0x000000070fa00000| Untracked 
|  84|0x000000070fc00000, 0x000000070fc00000, 0x000000070fe00000|  0%| F|  |TAMS 0x000000070fc00000, 0x000000070fc00000| Untracked 
|  85|0x000000070fe00000, 0x000000070fe00000, 0x0000000710000000|  0%| F|  |TAMS 0x000000070fe00000, 0x000000070fe00000| Untracked 
|  86|0x0000000710000000, 0x0000000710000000, 0x0000000710200000|  0%| F|  |TAMS 0x0000000710000000, 0x0000000710000000| Untracked 
|  87|0x0000000710200000, 0x0000000710200000, 0x0000000710400000|  0%| F|  |TAMS 0x0000000710200000, 0x0000000710200000| Untracked 
|  88|0x0000000710400000, 0x0000000710400000, 0x0000000710600000|  0%| F|  |TAMS 0x0000000710400000, 0x0000000710400000| Untracked 
|  89|0x0000000710600000, 0x0000000710600000, 0x0000000710800000|  0%| F|  |TAMS 0x0000000710600000, 0x0000000710600000| Untracked 
|  90|0x0000000710800000, 0x0000000710800000, 0x0000000710a00000|  0%| F|  |TAMS 0x0000000710800000, 0x0000000710800000| Untracked 
|  91|0x0000000710a00000, 0x0000000710a00000, 0x0000000710c00000|  0%| F|  |TAMS 0x0000000710a00000, 0x0000000710a00000| Untracked 
|  92|0x0000000710c00000, 0x0000000710c00000, 0x0000000710e00000|  0%| F|  |TAMS 0x0000000710c00000, 0x0000000710c00000| Untracked 
|  93|0x0000000710e00000, 0x0000000710e00000, 0x0000000711000000|  0%| F|  |TAMS 0x0000000710e00000, 0x0000000710e00000| Untracked 
|  94|0x0000000711000000, 0x0000000711000000, 0x0000000711200000|  0%| F|  |TAMS 0x0000000711000000, 0x0000000711000000| Untracked 
|  95|0x0000000711200000, 0x0000000711200000, 0x0000000711400000|  0%| F|  |TAMS 0x0000000711200000, 0x0000000711200000| Untracked 
|  96|0x0000000711400000, 0x0000000711400000, 0x0000000711600000|  0%| F|  |TAMS 0x0000000711400000, 0x0000000711400000| Untracked 
|  97|0x0000000711600000, 0x0000000711600000, 0x0000000711800000|  0%| F|  |TAMS 0x0000000711600000, 0x0000000711600000| Untracked 
|  98|0x0000000711800000, 0x0000000711800000, 0x0000000711a00000|  0%| F|  |TAMS 0x0000000711800000, 0x0000000711800000| Untracked 
|  99|0x0000000711a00000, 0x0000000711a00000, 0x0000000711c00000|  0%| F|  |TAMS 0x0000000711a00000, 0x0000000711a00000| Untracked 
| 100|0x0000000711c00000, 0x0000000711c00000, 0x0000000711e00000|  0%| F|  |TAMS 0x0000000711c00000, 0x0000000711c00000| Untracked 
| 101|0x0000000711e00000, 0x0000000711e00000, 0x0000000712000000|  0%| F|  |TAMS 0x0000000711e00000, 0x0000000711e00000| Untracked 
| 102|0x0000000712000000, 0x0000000712000000, 0x0000000712200000|  0%| F|  |TAMS 0x0000000712000000, 0x0000000712000000| Untracked 
| 103|0x0000000712200000, 0x0000000712200000, 0x0000000712400000|  0%| F|  |TAMS 0x0000000712200000, 0x0000000712200000| Untracked 
| 104|0x0000000712400000, 0x0000000712400000, 0x0000000712600000|  0%| F|  |TAMS 0x0000000712400000, 0x0000000712400000| Untracked 
| 105|0x0000000712600000, 0x0000000712600000, 0x0000000712800000|  0%| F|  |TAMS 0x0000000712600000, 0x0000000712600000| Untracked 
| 106|0x0000000712800000, 0x0000000712800000, 0x0000000712a00000|  0%| F|  |TAMS 0x0000000712800000, 0x0000000712800000| Untracked 
| 107|0x0000000712a00000, 0x0000000712a00000, 0x0000000712c00000|  0%| F|  |TAMS 0x0000000712a00000, 0x0000000712a00000| Untracked 
| 108|0x0000000712c00000, 0x0000000712c00000, 0x0000000712e00000|  0%| F|  |TAMS 0x0000000712c00000, 0x0000000712c00000| Untracked 
| 109|0x0000000712e00000, 0x0000000712e00000, 0x0000000713000000|  0%| F|  |TAMS 0x0000000712e00000, 0x0000000712e00000| Untracked 
| 110|0x0000000713000000, 0x0000000713000000, 0x0000000713200000|  0%| F|  |TAMS 0x0000000713000000, 0x0000000713000000| Untracked 
| 111|0x0000000713200000, 0x0000000713200000, 0x0000000713400000|  0%| F|  |TAMS 0x0000000713200000, 0x0000000713200000| Untracked 
| 112|0x0000000713400000, 0x0000000713400000, 0x0000000713600000|  0%| F|  |TAMS 0x0000000713400000, 0x0000000713400000| Untracked 
| 113|0x0000000713600000, 0x0000000713600000, 0x0000000713800000|  0%| F|  |TAMS 0x0000000713600000, 0x0000000713600000| Untracked 
| 114|0x0000000713800000, 0x0000000713800000, 0x0000000713a00000|  0%| F|  |TAMS 0x0000000713800000, 0x0000000713800000| Untracked 
| 115|0x0000000713a00000, 0x0000000713a00000, 0x0000000713c00000|  0%| F|  |TAMS 0x0000000713a00000, 0x0000000713a00000| Untracked 
| 116|0x0000000713c00000, 0x0000000713c00000, 0x0000000713e00000|  0%| F|  |TAMS 0x0000000713c00000, 0x0000000713c00000| Untracked 
| 117|0x0000000713e00000, 0x0000000713e798b0, 0x0000000714000000| 23%| E|  |TAMS 0x0000000713e00000, 0x0000000713e00000| Complete 
| 118|0x0000000714000000, 0x0000000714200000, 0x0000000714200000|100%| E|CS|TAMS 0x0000000714000000, 0x0000000714000000| Complete 
| 119|0x0000000714200000, 0x0000000714400000, 0x0000000714400000|100%| E|CS|TAMS 0x0000000714200000, 0x0000000714200000| Complete 
| 120|0x0000000714400000, 0x0000000714600000, 0x0000000714600000|100%| E|CS|TAMS 0x0000000714400000, 0x0000000714400000| Complete 
| 121|0x0000000714600000, 0x0000000714800000, 0x0000000714800000|100%| E|CS|TAMS 0x0000000714600000, 0x0000000714600000| Complete 
| 122|0x0000000714800000, 0x0000000714a00000, 0x0000000714a00000|100%| E|CS|TAMS 0x0000000714800000, 0x0000000714800000| Complete 
| 123|0x0000000714a00000, 0x0000000714c00000, 0x0000000714c00000|100%| E|CS|TAMS 0x0000000714a00000, 0x0000000714a00000| Complete 
| 124|0x0000000714c00000, 0x0000000714e00000, 0x0000000714e00000|100%| E|CS|TAMS 0x0000000714c00000, 0x0000000714c00000| Complete 
| 125|0x0000000714e00000, 0x0000000715000000, 0x0000000715000000|100%| E|CS|TAMS 0x0000000714e00000, 0x0000000714e00000| Complete 

Card table byte_map: [0x000001e3da170000,0x000001e3da950000] _byte_map_base: 0x000001e3d6946000

Marking Bits (Prev, Next): (CMBitMap*) 0x000001e3c2b6a080, (CMBitMap*) 0x000001e3c2b6a0c0
 Prev Bits: [0x000001e3db130000, 0x000001e3defe0000)
 Next Bits: [0x000001e3defe0000, 0x000001e3e2e90000)

Polling page: 0x000001e3c0a60000

Metaspace:

Usage:
  Non-class:      1.87 MB used.
      Class:    207.13 KB used.
       Both:      2.08 MB used.

Virtual space:
  Non-class space:       64.00 MB reserved,       1.94 MB (  3%) committed,  1 nodes.
      Class space:        1.00 GB reserved,     256.00 KB ( <1%) committed,  1 nodes.
             Both:        1.06 GB reserved,       2.19 MB ( <1%) committed. 

Chunk freelists:
   Non-Class:  11.56 MB
       Class:  15.66 MB
        Both:  27.22 MB

MaxMetaspaceSize: unlimited
CompressedClassSpaceSize: 1.00 GB
Initial GC threshold: 21.00 MB
Current GC threshold: 21.00 MB
CDS: on
MetaspaceReclaimPolicy: balanced
 - commit_granule_bytes: 65536.
 - commit_granule_words: 8192.
 - virtual_space_node_default_size: 8388608.
 - enlarge_chunks_in_place: 1.
 - new_chunks_are_fully_committed: 0.
 - uncommit_free_chunks: 1.
 - use_allocation_guard: 0.
 - handle_deallocations: 1.


Internal statistics:

num_allocs_failed_limit: 0.
num_arena_births: 14.
num_arena_deaths: 0.
num_vsnodes_births: 2.
num_vsnodes_deaths: 0.
num_space_committed: 35.
num_space_uncommitted: 0.
num_chunks_returned_to_freelist: 0.
num_chunks_taken_from_freelist: 53.
num_chunk_merges: 0.
num_chunk_splits: 31.
num_chunks_enlarged: 29.
num_inconsistent_stats: 0.

CodeHeap 'non-profiled nmethods': size=120000Kb used=224Kb max_used=224Kb free=119775Kb
 bounds [0x000001e3d2130000, 0x000001e3d23a0000, 0x000001e3d9660000]
CodeHeap 'profiled nmethods': size=120000Kb used=1070Kb max_used=1070Kb free=118929Kb
 bounds [0x000001e3ca660000, 0x000001e3ca8d0000, 0x000001e3d1b90000]
CodeHeap 'non-nmethods': size=5760Kb used=1124Kb max_used=1155Kb free=4635Kb
 bounds [0x000001e3d1b90000, 0x000001e3d1e00000, 0x000001e3d2130000]
 total_blobs=1056 nmethods=648 adapters=321
 compilation: enabled
              stopped_count=0, restarted_count=0
 full_count=0

Compilation events (20 events):
Event: 0.253 Thread 0x000001e3e5a531e0 nmethod 628 0x000001e3ca759710 code [0x000001e3ca7598c0, 0x000001e3ca759a48]
Event: 0.253 Thread 0x000001e3e5a531e0  629       3       sun.net.util.URLUtil::urlNoFragString (114 bytes)
Event: 0.253 Thread 0x000001e3e5a531e0 nmethod 629 0x000001e3ca759b10 code [0x000001e3ca759e40, 0x000001e3ca75ae88]
Event: 0.253 Thread 0x000001e3e5a531e0  630       3       sun.net.util.IPAddressUtil::scan (92 bytes)
Event: 0.254 Thread 0x000001e3e5a531e0 nmethod 630 0x000001e3ca75b410 code [0x000001e3ca75b680, 0x000001e3ca75c178]
Event: 0.254 Thread 0x000001e3e5a531e0  631       3       java.util.Arrays::fill (21 bytes)
Event: 0.254 Thread 0x000001e3e5a531e0 nmethod 631 0x000001e3ca75c710 code [0x000001e3ca75c8c0, 0x000001e3ca75ca58]
Event: 0.254 Thread 0x000001e3e5a531e0  632       3       java.util.zip.ZipFile$Source::initCEN (612 bytes)
Event: 0.256 Thread 0x000001e3e5a531e0 nmethod 632 0x000001e3ca75cb90 code [0x000001e3ca75d0c0, 0x000001e3ca760058]
Event: 0.256 Thread 0x000001e3e5a531e0  635       3       jdk.internal.util.jar.JarIndex::addMapping (21 bytes)
Event: 0.256 Thread 0x000001e3e5a531e0 nmethod 635 0x000001e3ca761310 code [0x000001e3ca7614c0, 0x000001e3ca761658]
Event: 0.256 Thread 0x000001e3e5a531e0  633       3       java.util.jar.JavaUtilJarAccessImpl::entryFor (6 bytes)
Event: 0.256 Thread 0x000001e3e5a531e0 nmethod 633 0x000001e3ca761710 code [0x000001e3ca7618e0, 0x000001e3ca761d28]
Event: 0.256 Thread 0x000001e3e5a531e0  634       3       java.util.jar.JarFile::entryFor (10 bytes)
Event: 0.256 Thread 0x000001e3e5a531e0 nmethod 634 0x000001e3ca761e90 code [0x000001e3ca762060, 0x000001e3ca7623a8]
Event: 0.257 Thread 0x000001e3e5a531e0  638       3       java.util.zip.ZipFile::getZipEntry (322 bytes)
Event: 0.257 Thread 0x000001e3e5d5d500  639       4       java.util.HashMap::put (13 bytes)
Event: 0.258 Thread 0x000001e3e5a531e0 nmethod 638 0x000001e3ca762510 code [0x000001e3ca762980, 0x000001e3ca765078]
Event: 0.259 Thread 0x000001e42b2aeed0  640       4       java.io.WinNTFileSystem::normalize (143 bytes)
Event: 0.259 Thread 0x000001e3e5a3f310  641       4       java.lang.String::substring (58 bytes)

GC Heap History (0 events):
No events

Dll operation events (7 events):
Event: 0.007 Loaded shared library E:\JAVA\bin\java.dll
Event: 0.024 Loaded shared library E:\JAVA\bin\jsvml.dll
Event: 0.049 Loaded shared library E:\JAVA\bin\net.dll
Event: 0.050 Loaded shared library E:\JAVA\bin\nio.dll
Event: 0.052 Loaded shared library E:\JAVA\bin\zip.dll
Event: 0.054 Loaded shared library E:\JAVA\bin\verify.dll
Event: 0.078 Loaded shared library E:\JAVA\bin\jimage.dll

Deoptimization events (20 events):
Event: 0.206 Thread 0x000001e3c2afafb0 DEOPT PACKING pc=0x000001e3d2151f30 sp=0x0000003ea5ff9210
Event: 0.206 Thread 0x000001e3c2afafb0 DEOPT UNPACKING pc=0x000001e3d1be69a3 sp=0x0000003ea5ff91b8 mode 2
Event: 0.220 Thread 0x000001e3c2afafb0 DEOPT PACKING pc=0x000001e3ca6a0a47 sp=0x0000003ea5ff9720
Event: 0.220 Thread 0x000001e3c2afafb0 DEOPT UNPACKING pc=0x000001e3d1be7143 sp=0x0000003ea5ff8bd0 mode 0
Event: 0.245 Thread 0x000001e3c2afafb0 Uncommon trap: trap_request=0xffffffde fr.pc=0x000001e3d215f520 relative=0x0000000000001020
Event: 0.245 Thread 0x000001e3c2afafb0 Uncommon trap: reason=class_check action=maybe_recompile pc=0x000001e3d215f520 method=java.util.HashMap.putVal(ILjava/lang/Object;Ljava/lang/Object;ZZ)Ljava/lang/Object; @ 203 c2
Event: 0.245 Thread 0x000001e3c2afafb0 DEOPT PACKING pc=0x000001e3d215f520 sp=0x0000003ea5ffc140
Event: 0.245 Thread 0x000001e3c2afafb0 DEOPT UNPACKING pc=0x000001e3d1be69a3 sp=0x0000003ea5ffc060 mode 2
Event: 0.254 Thread 0x000001e3c2afafb0 Uncommon trap: trap_request=0xffffffde fr.pc=0x000001e3d215f520 relative=0x0000000000001020
Event: 0.254 Thread 0x000001e3c2afafb0 Uncommon trap: reason=class_check action=maybe_recompile pc=0x000001e3d215f520 method=java.util.HashMap.putVal(ILjava/lang/Object;Ljava/lang/Object;ZZ)Ljava/lang/Object; @ 203 c2
Event: 0.254 Thread 0x000001e3c2afafb0 DEOPT PACKING pc=0x000001e3d215f520 sp=0x0000003ea5ffc140
Event: 0.254 Thread 0x000001e3c2afafb0 DEOPT UNPACKING pc=0x000001e3d1be69a3 sp=0x0000003ea5ffc060 mode 2
Event: 0.254 Thread 0x000001e3c2afafb0 Uncommon trap: trap_request=0xffffffde fr.pc=0x000001e3d215f4a0 relative=0x0000000000000fa0
Event: 0.254 Thread 0x000001e3c2afafb0 Uncommon trap: reason=class_check action=maybe_recompile pc=0x000001e3d215f4a0 method=java.util.HashMap.putVal(ILjava/lang/Object;Ljava/lang/Object;ZZ)Ljava/lang/Object; @ 91 c2
Event: 0.254 Thread 0x000001e3c2afafb0 DEOPT PACKING pc=0x000001e3d215f4a0 sp=0x0000003ea5ffc140
Event: 0.254 Thread 0x000001e3c2afafb0 DEOPT UNPACKING pc=0x000001e3d1be69a3 sp=0x0000003ea5ffc060 mode 2
Event: 0.255 Thread 0x000001e3c2afafb0 Uncommon trap: trap_request=0xffffffde fr.pc=0x000001e3d215f4a0 relative=0x0000000000000fa0
Event: 0.255 Thread 0x000001e3c2afafb0 Uncommon trap: reason=class_check action=maybe_recompile pc=0x000001e3d215f4a0 method=java.util.HashMap.putVal(ILjava/lang/Object;Ljava/lang/Object;ZZ)Ljava/lang/Object; @ 91 c2
Event: 0.255 Thread 0x000001e3c2afafb0 DEOPT PACKING pc=0x000001e3d215f4a0 sp=0x0000003ea5ffc140
Event: 0.255 Thread 0x000001e3c2afafb0 DEOPT UNPACKING pc=0x000001e3d1be69a3 sp=0x0000003ea5ffc060 mode 2

Classes loaded (20 events):
Event: 0.238 Loading class java/lang/NoSuchFieldError
Event: 0.238 Loading class java/lang/NoSuchFieldError done
Event: 0.240 Loading class java/util/concurrent/LinkedBlockingQueue
Event: 0.240 Loading class java/util/concurrent/BlockingQueue
Event: 0.240 Loading class java/util/concurrent/BlockingQueue done
Event: 0.240 Loading class java/util/AbstractQueue
Event: 0.240 Loading class java/util/AbstractQueue done
Event: 0.240 Loading class java/util/concurrent/LinkedBlockingQueue done
Event: 0.240 Loading class java/util/concurrent/locks/AbstractQueuedSynchronizer$ConditionObject
Event: 0.240 Loading class java/util/concurrent/locks/Condition
Event: 0.240 Loading class java/util/concurrent/locks/Condition done
Event: 0.240 Loading class java/util/concurrent/locks/AbstractQueuedSynchronizer$ConditionObject done
Event: 0.240 Loading class java/util/concurrent/LinkedBlockingQueue$Node
Event: 0.240 Loading class java/util/concurrent/LinkedBlockingQueue$Node done
Event: 0.241 Loading class java/lang/SecurityException
Event: 0.241 Loading class java/lang/SecurityException done
Event: 0.242 Loading class java/net/URLClassLoader$3
Event: 0.242 Loading class java/net/URLClassLoader$3 done
Event: 0.242 Loading class java/net/URLClassLoader$3$1
Event: 0.242 Loading class java/net/URLClassLoader$3$1 done

Classes unloaded (0 events):
No events

Classes redefined (0 events):
No events

Internal exceptions (1 events):
Event: 0.121 Thread 0x000001e3c2afafb0 Exception <a 'java/lang/NoSuchMethodError'{0x0000000714d7ef38}: 'int java.lang.invoke.DirectMethodHandle$Holder.invokeStaticInit(java.lang.Object, java.lang.Object)'> (0x0000000714d7ef38) 
thrown [s\src\hotspot\share\interpreter\linkResolver.cpp, line 759]

VM Operations (2 events):
Event: 0.052 Executing VM operation: HandshakeAllThreads
Event: 0.053 Executing VM operation: HandshakeAllThreads done

Memory protections (0 events):
No events

Nmethod flushes (0 events):
No events

Events (14 events):
Event: 0.024 Thread 0x000001e3c2afafb0 Thread added: 0x000001e3c2afafb0
Event: 0.026 Thread 0x000001e3c2afafb0 Thread added: 0x000001e3e5907130
Event: 0.026 Thread 0x000001e3c2afafb0 Thread added: 0x000001e3e5909b10
Event: 0.034 Thread 0x000001e3c2afafb0 Thread added: 0x000001e3e5a33870
Event: 0.035 Thread 0x000001e3c2afafb0 Thread added: 0x000001e3e5a34140
Event: 0.035 Thread 0x000001e3c2afafb0 Thread added: 0x000001e3e5a34a10
Event: 0.035 Thread 0x000001e3c2afafb0 Thread added: 0x000001e3e5a36700
Event: 0.035 Thread 0x000001e3c2afafb0 Thread added: 0x000001e3e5a3f310
Event: 0.035 Thread 0x000001e3c2afafb0 Thread added: 0x000001e3e5a531e0
Event: 0.035 Thread 0x000001e3c2afafb0 Thread added: 0x000001e3e5a59b10
Event: 0.044 Thread 0x000001e3c2afafb0 Thread added: 0x000001e3e5b8b770
Event: 0.046 Thread 0x000001e3c2afafb0 Thread added: 0x000001e3e5b9c0f0
Event: 0.172 Thread 0x000001e3e5a531e0 Thread added: 0x000001e3e5d5d500
Event: 0.214 Thread 0x000001e3e5a531e0 Thread added: 0x000001e42b2aeed0


Dynamic libraries:
0x00007ff7c5e70000 - 0x00007ff7c5e7e000 	E:\JAVA\bin\java.exe
0x00007ffc0f7c0000 - 0x00007ffc0fa27000 	C:\WINDOWS\SYSTEM32\ntdll.dll
0x00007ffc0e690000 - 0x00007ffc0e759000 	C:\WINDOWS\System32\KERNEL32.DLL
0x00007ffc0d150000 - 0x00007ffc0d544000 	C:\WINDOWS\System32\KERNELBASE.dll
0x00007ffc0cde0000 - 0x00007ffc0cf2b000 	C:\WINDOWS\System32\ucrtbase.dll
0x00007ffbf9160000 - 0x00007ffbf9178000 	E:\JAVA\bin\jli.dll
0x00007ffbfead0000 - 0x00007ffbfeaee000 	E:\JAVA\bin\VCRUNTIME140.dll
0x00007ffc0e8f0000 - 0x00007ffc0eab5000 	C:\WINDOWS\System32\USER32.dll
0x00007ffbf7e10000 - 0x00007ffbf80a3000 	C:\WINDOWS\WinSxS\amd64_microsoft.windows.common-controls_6595b64144ccf1df_6.0.26100.8115_none_3e075c82e3354f9c\COMCTL32.dll
0x00007ffc0cb10000 - 0x00007ffc0cb37000 	C:\WINDOWS\System32\win32u.dll
0x00007ffc0eac0000 - 0x00007ffc0eb69000 	C:\WINDOWS\System32\msvcrt.dll
0x00007ffc0e840000 - 0x00007ffc0e86b000 	C:\WINDOWS\System32\GDI32.dll
0x00007ffc0ccb0000 - 0x00007ffc0cddb000 	C:\WINDOWS\System32\gdi32full.dll
0x00007ffc0cc00000 - 0x00007ffc0cca3000 	C:\WINDOWS\System32\msvcp_win.dll
0x00007ffc0ec30000 - 0x00007ffc0ec62000 	C:\WINDOWS\System32\IMM32.DLL
0x00007ffbfc610000 - 0x00007ffbfc61c000 	E:\JAVA\bin\vcruntime140_1.dll
0x00007ffbe9770000 - 0x00007ffbe97fd000 	E:\JAVA\bin\msvcp140.dll
0x00007ffb83560000 - 0x00007ffb841cb000 	E:\JAVA\bin\server\jvm.dll
0x00007ffc0eb70000 - 0x00007ffc0ec26000 	C:\WINDOWS\System32\ADVAPI32.dll
0x00007ffc0f420000 - 0x00007ffc0f4c7000 	C:\WINDOWS\System32\sechost.dll
0x00007ffc0f200000 - 0x00007ffc0f318000 	C:\WINDOWS\System32\RPCRT4.dll
0x00007ffc0f670000 - 0x00007ffc0f6f0000 	C:\WINDOWS\System32\WS2_32.dll
0x00007ffc0bef0000 - 0x00007ffc0bf4e000 	C:\WINDOWS\SYSTEM32\POWRPROF.dll
0x00007ffbf8130000 - 0x00007ffbf8166000 	C:\WINDOWS\SYSTEM32\WINMM.dll
0x00007ffbfe8f0000 - 0x00007ffbfe8fb000 	C:\WINDOWS\SYSTEM32\VERSION.dll
0x00007ffc0bed0000 - 0x00007ffc0bee4000 	C:\WINDOWS\SYSTEM32\UMPDC.dll
0x00007ffc0ade0000 - 0x00007ffc0adfb000 	C:\WINDOWS\SYSTEM32\kernel.appcore.dll
0x00007ffbf9150000 - 0x00007ffbf915a000 	E:\JAVA\bin\jimage.dll
0x00007ffc09f10000 - 0x00007ffc0a152000 	C:\WINDOWS\SYSTEM32\DBGHELP.DLL
0x00007ffc0ec70000 - 0x00007ffc0eff2000 	C:\WINDOWS\System32\combase.dll
0x00007ffc0e760000 - 0x00007ffc0e838000 	C:\WINDOWS\System32\OLEAUT32.dll
0x00007ffbf8950000 - 0x00007ffbf898b000 	C:\WINDOWS\SYSTEM32\dbgcore.DLL
0x00007ffc0d0a0000 - 0x00007ffc0d145000 	C:\WINDOWS\System32\bcryptPrimitives.dll
0x00007ffbe92f0000 - 0x00007ffbe9315000 	E:\JAVA\bin\java.dll
0x00007ffbe6f00000 - 0x00007ffbe6fd7000 	E:\JAVA\bin\jsvml.dll
0x00007ffc0d5d0000 - 0x00007ffc0dd37000 	C:\WINDOWS\System32\SHELL32.dll
0x00007ffc0cf30000 - 0x00007ffc0d09a000 	C:\WINDOWS\System32\wintypes.dll
0x00007ffc0c090000 - 0x00007ffc0c8f8000 	C:\WINDOWS\System32\windows.storage.dll
0x00007ffc0e230000 - 0x00007ffc0e328000 	C:\WINDOWS\System32\SHCORE.dll
0x00007ffc0d550000 - 0x00007ffc0d5b6000 	C:\WINDOWS\System32\shlwapi.dll
0x00007ffc0bfb0000 - 0x00007ffc0bfd9000 	C:\WINDOWS\SYSTEM32\profapi.dll
0x00007ffbed0f0000 - 0x00007ffbed10a000 	E:\JAVA\bin\net.dll
0x00007ffc022b0000 - 0x00007ffc023dd000 	C:\WINDOWS\SYSTEM32\WINHTTP.dll
0x00007ffc0b330000 - 0x00007ffc0b39c000 	C:\WINDOWS\system32\mswsock.dll
0x00007ffbe96d0000 - 0x00007ffbe96e6000 	E:\JAVA\bin\nio.dll
0x00007ffbe9290000 - 0x00007ffbe92a8000 	E:\JAVA\bin\zip.dll
0x00007ffbf9140000 - 0x00007ffbf9150000 	E:\JAVA\bin\verify.dll

dbghelp: loaded successfully - version: 4.0.5 - missing functions: none
symbol engine: initialized successfully - sym options: 0x614 - pdb path: .;E:\JAVA\bin;C:\WINDOWS\SYSTEM32;C:\WINDOWS\WinSxS\amd64_microsoft.windows.common-controls_6595b64144ccf1df_6.0.26100.8115_none_3e075c82e3354f9c;E:\JAVA\bin\server

VM Arguments:
jvm_args: -Dorg.gradle.appname=gradlew 
java_command: org.gradle.wrapper.GradleWrapperMain -q -Ptarget-platform=android-arm64 -Ptarget=E:\voice_test\lib\main.dart -Pbase-application-name=android.app.Application -Pdart-defines=RkxVVFRFUl9WRVJTSU9OPTMuNDEuOQ==,RkxVVFRFUl9DSEFOTkVMPXN0YWJsZQ==,RkxVVFRFUl9HSVRfVVJMPWh0dHBzOi8vZ2l0aHViLmNvbS9mbHV0dGVyL2ZsdXR0ZXIuZ2l0,RkxVVFRFUl9GUkFNRVdPUktfUkVWSVNJT049MDBiMGM5MWYwNg==,RkxVVFRFUl9FTkdJTkVfUkVWSVNJT049NDJkM2Q3NWE1Ng==,RkxVVFRFUl9EQVJUX1ZFUlNJT049My4xMS41 -Pdart-obfuscation=false -Ptrack-widget-creation=true -Ptree-shake-icons=false -Pfilesystem-scheme=org-dartlang-root assembleDebug
java_class_path (initial): E:\voice_test\android\\gradle\wrapper\gradle-wrapper.jar
Launcher Type: SUN_STANDARD

[Global flags]
     intx CICompilerCount                          = 4                                         {product} {ergonomic}
     uint ConcGCThreads                            = 2                                         {product} {ergonomic}
     uint G1ConcRefinementThreads                  = 8                                         {product} {ergonomic}
   size_t G1HeapRegionSize                         = 2097152                                   {product} {ergonomic}
    uintx GCDrainStackTargetSize                   = 64                                        {product} {ergonomic}
   size_t InitialHeapSize                          = 264241152                                 {product} {ergonomic}
   size_t MarkStackSize                            = 4194304                                   {product} {ergonomic}
   size_t MaxHeapSize                              = 4206886912                                {product} {ergonomic}
   size_t MaxNewSize                               = 2522873856                                {product} {ergonomic}
   size_t MinHeapDeltaBytes                        = 2097152                                   {product} {ergonomic}
   size_t MinHeapSize                              = 8388608                                   {product} {ergonomic}
    uintx NonNMethodCodeHeapSize                   = 5839372                                {pd product} {ergonomic}
    uintx NonProfiledCodeHeapSize                  = 122909434                              {pd product} {ergonomic}
    uintx ProfiledCodeHeapSize                     = 122909434                              {pd product} {ergonomic}
    uintx ReservedCodeCacheSize                    = 251658240                              {pd product} {ergonomic}
     bool SegmentedCodeCache                       = true                                      {product} {ergonomic}
   size_t SoftMaxHeapSize                          = 4206886912                             {manageable} {ergonomic}
     bool UseCompressedClassPointers               = true                           {product lp64_product} {ergonomic}
     bool UseCompressedOops                        = true                           {product lp64_product} {ergonomic}
     bool UseG1GC                                  = true                                      {product} {ergonomic}
     bool UseLargePagesIndividualAllocation        = false                                  {pd product} {ergonomic}

Logging:
Log output configuration:
 #0: stdout all=warning uptime,level,tags
 #1: stderr all=off uptime,level,tags

Environment Variables:
JAVA_HOME=E:\JAVA
CLASSPATH=E:\voice_test\android\\gradle\wrapper\gradle-wrapper.jar
PATH=E:\JAVA\bin;C:\Program Files\Common Files\Oracle\Java\javapath;C:\WINDOWS\system32;C:\WINDOWS;C:\WINDOWS\System32\Wbem;C:\WINDOWS\System32\WindowsPowerShell\v1.0\;C:\WINDOWS\System32\OpenSSH\;C:\Program Files\Git\cmd;C:\Program Files\Microsoft SQL Server\170\Tools\Binn\;C:\Program Files\Microsoft SQL Server\Client SDK\ODBC\170\Tools\Binn\;C:\Program Files\Microsoft SQL Server\170\DTS\Binn\;C:\Program Files\dotnet\;D:\Basira\;C:\ProgramData\chocolatey\bin;E:\JAVA\bin;E:\DOWNLOAD\New folder (2)\bin;C:\Program Files\Common Files\Oracle\Java\javapath;C:\WINDOWS\system32;C:\WINDOWS;C:\WINDOWS\System32\Wbem;C:\WINDOWS\System32\WindowsPowerShell\v1.0\;C:\WINDOWS\System32\OpenSSH\;C:\Program Files\Git\cmd;C:\Program Files\Microsoft SQL Server\170\Tools\Binn\;C:\Program Files\Microsoft SQL Server\Client SDK\ODBC\170\Tools\Binn\;C:\Program Files\Microsoft SQL Server\170\DTS\Binn\;C:\Program Files\dotnet\;D:\Basira\;C:\ProgramData\chocolatey\bin;C:\WINDOWS\system32;C:\WINDOWS;C:\WINDOWS\System32\Wbem;C:\WINDOWS\System32\WindowsPowerShell\v1.0\;C:\WINDOWS\System32\OpenSSH\;C:\Program Files\Git\cmd;C:\Program Files\Microsoft SQL Server\170\Tools\Binn\;C:\Program Files\Microsoft SQL Server\Client SDK\ODBC\170\Tools\Binn\;C:\Program Files\Microsoft SQL Server\170\DTS\Binn\;C:\Program Files\dotnet\;D:\Basira\;C:\ProgramData\chocolatey\bin;C:\Users\DELL\AppData\Local\Programs\Python\Python310\Scripts\;C:\Users\DELL\AppData\Local\Programs\Python\Python310\;C:\Users\DELL\AppData\Local\Prog;D:\download\Microsoft VS Code\bin;D:\flutter\bin;;D:\flutter\bin\mingit\cmd
USERNAME=DELL
OS=Windows_NT
PROCESSOR_IDENTIFIER=Intel64 Family 6 Model 142 Stepping 12, GenuineIntel
TMP=C:\Users\DELL\AppData\Local\Temp
TEMP=C:\Users\DELL\AppData\Local\Temp



Periodic native trim disabled


---------------  S Y S T E M  ---------------

OS:
 Windows 11 , 64 bit Build 26100 (10.0.26100.8246)
OS uptime: 1 days 20:12 hours
Hyper-V role detected

CPU: total 8 (initial active 8) (4 cores per cpu, 2 threads per core) family 6 model 142 stepping 12 microcode 0xf8, cx8, cmov, fxsr, ht, mmx, 3dnowpref, sse, sse2, sse3, ssse3, sse4.1, sse4.2, popcnt, lzcnt, tsc, tscinvbit, avx, avx2, aes, erms, clmul, bmi1, bmi2, adx, fma, vzeroupper, clflush, clflushopt, hv
Processor Information for all 8 processors :
  Max Mhz: 2304, Current Mhz: 1803, Mhz Limit: 1797

Memory: 4k page, system-wide physical 16043M (2247M free)
TotalPageFile size 18015M (AvailPageFile size 2M)
current process WorkingSet (physical memory assigned to process): 69M, peak: 69M
current process commit charge ("private bytes"): 352M, peak: 352M

vm_info: OpenJDK 64-Bit Server VM (17.0.18+8) for windows-amd64 JRE (17.0.18+8), built on Jan 20 2026 22:28:22 by "admin" with MS VC++ 17.12 (VS2022)

END.
