#
# There is insufficient memory for the Java Runtime Environment to continue.
# Native memory allocation (malloc) failed to allocate 159296 bytes. Error detail: Chunk::new
# Possible reasons:
#   The system is out of physical RAM or swap space
#   This process is running with CompressedOops enabled, and the Java Heap may be blocking the growth of the native heap
# Possible solutions:
#   Reduce memory load on the system
#   Increase physical memory or swap space
#   Check if swap backing store is full
#   Decrease Java heap size (-Xmx/-Xms)
#   Decrease number of Java threads
#   Decrease Java thread stack sizes (-Xss)
#   Set larger code cache with -XX:ReservedCodeCacheSize=
#   JVM is running with Zero Based Compressed Oops mode in which the Java heap is
#     placed in the first 32GB address space. The Java Heap base address is the
#     maximum limit for the native heap growth. Please use -XX:HeapBaseMinAddress
#     to set the Java Heap base and to place the Java Heap above 32GB virtual address.
# This output file may be truncated or incomplete.
#
#  Out of Memory Error (arena.cpp:191), pid=15300, tid=25916
#
# JRE version: OpenJDK Runtime Environment Temurin-17.0.18+8 (17.0.18+8) (build 17.0.18+8)
# Java VM: OpenJDK 64-Bit Server VM Temurin-17.0.18+8 (17.0.18+8, mixed mode, sharing, tiered, compressed oops, compressed class ptrs, g1 gc, windows-amd64)
# No core dump will be written. Minidumps are not enabled by default on client versions of Windows
#

---------------  S U M M A R Y ------------

Command Line: --add-opens=java.base/java.lang=ALL-UNNAMED --add-opens=java.base/java.lang.invoke=ALL-UNNAMED --add-opens=java.base/java.util=ALL-UNNAMED --add-opens=java.prefs/java.util.prefs=ALL-UNNAMED --add-exports=jdk.compiler/com.sun.tools.javac.api=ALL-UNNAMED --add-exports=jdk.compiler/com.sun.tools.javac.util=ALL-UNNAMED --add-opens=java.base/java.util=ALL-UNNAMED --add-opens=java.prefs/java.util.prefs=ALL-UNNAMED --add-opens=java.base/java.nio.charset=ALL-UNNAMED --add-opens=java.base/java.net=ALL-UNNAMED --add-opens=java.base/java.util.concurrent.atomic=ALL-UNNAMED --add-opens=java.xml/javax.xml.namespace=ALL-UNNAMED -XX:MaxMetaspaceSize=1024m -Xmx4096m -Dfile.encoding=UTF-8 -Duser.country=US -Duser.language=en -Duser.variant -javaagent:E:\gradle\wrapper\dists\gradle-8.11.1-all\2qik7nd48slq1ooc2496ixf4i\gradle-8.11.1\lib\agents\gradle-instrumentation-agent-8.11.1.jar org.gradle.launcher.daemon.bootstrap.GradleDaemon 8.11.1

Host: Intel(R) Core(TM) i7-10610U CPU @ 1.80GHz, 8 cores, 15G,  Windows 11 , 64 bit Build 26100 (10.0.26100.8521)
Time: Thu Jun 11 23:51:36 2026 Egypt Daylight Time elapsed time: 54.099487 seconds (0d 0h 0m 54s)

---------------  T H R E A D  ---------------

Current thread (0x000002f30ebcc710):  JavaThread "C2 CompilerThread1" daemon [_thread_in_native, id=25916, stack(0x000000fd56500000,0x000000fd56600000)]


Current CompileTask:
C2:54099 12315       4       org.gradle.api.internal.artifacts.ivyservice.modulecache.StringDeduplicatingDecoder::readNullableString (30 bytes)

Stack: [0x000000fd56500000,0x000000fd56600000]
Native frames: (J=compiled Java code, j=interpreted, Vv=VM code, C=native code)
V  [jvm.dll+0x6846f9]
V  [jvm.dll+0x839ea5]
V  [jvm.dll+0x83b91e]
V  [jvm.dll+0x83bfa3]
V  [jvm.dll+0x248eff]
V  [jvm.dll+0xad496]
V  [jvm.dll+0xadb3c]
V  [jvm.dll+0x2b05df]
V  [jvm.dll+0x58acf5]
V  [jvm.dll+0x222e84]
V  [jvm.dll+0x22327d]
V  [jvm.dll+0x21bfdb]
V  [jvm.dll+0x2190fe]
V  [jvm.dll+0x1a4920]
V  [jvm.dll+0x22989a]
V  [jvm.dll+0x227a4b]
V  [jvm.dll+0x7f0658]
V  [jvm.dll+0x7eaaec]
V  [jvm.dll+0x6835c7]
C  [ucrtbase.dll+0x2cd30]
C  [KERNEL32.DLL+0x2e957]
C  [ntdll.dll+0x87c1c]


---------------  P R O C E S S  ---------------

Threads class SMR info:
_java_thread_list=0x000002f317b7d2e0, length=59, elements={
0x000002f2aeacfb90, 0x000002f2d1be9cf0, 0x000002f2d1bebad0, 0x000002f2d1c02860,
0x000002f2d1c03130, 0x000002f2d1c03a00, 0x000002f2d1c042d0, 0x000002f2d1c05ee0,
0x000002f2d1c23a50, 0x000002f2d1c61e00, 0x000002f2d1bcfa40, 0x000002f2d1dd7250,
0x000002f30cbcb050, 0x000002f30c62d280, 0x000002f30be5ced0, 0x000002f30b6d4500,
0x000002f30b4d4280, 0x000002f30b4d3860, 0x000002f30b4d56c0, 0x000002f30b4d2420,
0x000002f30b4d4790, 0x000002f30b4d2930, 0x000002f30b4d3d70, 0x000002f30b4d4ca0,
0x000002f30b4d51b0, 0x000002f30b4d1f10, 0x000002f30b4d2e40, 0x000002f30b4d3350,
0x000002f30f5202f0, 0x000002f30f523080, 0x000002f30f520800, 0x000002f30f522150,
0x000002f30f51f8d0, 0x000002f30f520d10, 0x000002f30f522660, 0x000002f30f5253f0,
0x000002f30f526830, 0x000002f30f525900, 0x000002f30f526d40, 0x000002f30f5244c0,
0x000002f30f524ee0, 0x000002f30cd1fdf0, 0x000002f30cd1eec0, 0x000002f30cd1df90,
0x000002f30cd1f3d0, 0x000002f30cd1d060, 0x000002f30cd20d20, 0x000002f30cd1d570,
0x000002f30cd1e9b0, 0x000002f30cd21230, 0x000002f30cd22b80, 0x000002f30cd23fc0,
0x000002f30cd22670, 0x000002f30cd244d0, 0x000002f30eaf69d0, 0x000002f30eaf4b70,
0x000002f30ebcc710, 0x000002f30ebcf190, 0x000002f30eaf8320
}

Java Threads: ( => current thread )
  0x000002f2aeacfb90 JavaThread "main" [_thread_blocked, id=10468, stack(0x000000fd52a00000,0x000000fd52b00000)]
  0x000002f2d1be9cf0 JavaThread "Reference Handler" daemon [_thread_blocked, id=5080, stack(0x000000fd53100000,0x000000fd53200000)]
  0x000002f2d1bebad0 JavaThread "Finalizer" daemon [_thread_blocked, id=1816, stack(0x000000fd53200000,0x000000fd53300000)]
  0x000002f2d1c02860 JavaThread "Signal Dispatcher" daemon [_thread_blocked, id=6928, stack(0x000000fd53300000,0x000000fd53400000)]
  0x000002f2d1c03130 JavaThread "Attach Listener" daemon [_thread_blocked, id=24384, stack(0x000000fd53400000,0x000000fd53500000)]
  0x000002f2d1c03a00 JavaThread "Service Thread" daemon [_thread_blocked, id=25696, stack(0x000000fd53500000,0x000000fd53600000)]
  0x000002f2d1c042d0 JavaThread "Monitor Deflation Thread" daemon [_thread_blocked, id=23908, stack(0x000000fd53600000,0x000000fd53700000)]
  0x000002f2d1c05ee0 JavaThread "C2 CompilerThread0" daemon [_thread_blocked, id=12936, stack(0x000000fd53700000,0x000000fd53800000)]
  0x000002f2d1c23a50 JavaThread "C1 CompilerThread0" daemon [_thread_in_native, id=13728, stack(0x000000fd53800000,0x000000fd53900000)]
  0x000002f2d1c61e00 JavaThread "Sweeper thread" daemon [_thread_blocked, id=23024, stack(0x000000fd53900000,0x000000fd53a00000)]
  0x000002f2d1bcfa40 JavaThread "Common-Cleaner" daemon [_thread_blocked, id=25560, stack(0x000000fd53a00000,0x000000fd53b00000)]
  0x000002f2d1dd7250 JavaThread "Notification Thread" daemon [_thread_blocked, id=15820, stack(0x000000fd53b00000,0x000000fd53c00000)]
  0x000002f30cbcb050 JavaThread "Daemon health stats" [_thread_blocked, id=14128, stack(0x000000fd54600000,0x000000fd54700000)]
  0x000002f30c62d280 JavaThread "Incoming local TCP Connector on port 63833" [_thread_in_native, id=24548, stack(0x000000fd53d00000,0x000000fd53e00000)]
  0x000002f30be5ced0 JavaThread "Daemon periodic checks" [_thread_blocked, id=19712, stack(0x000000fd53e00000,0x000000fd53f00000)]
  0x000002f30b6d4500 JavaThread "Daemon" [_thread_blocked, id=19740, stack(0x000000fd54700000,0x000000fd54800000)]
  0x000002f30b4d4280 JavaThread "Handler for socket connection from /127.0.0.1:63833 to /127.0.0.1:63834" [_thread_in_native, id=12376, stack(0x000000fd54800000,0x000000fd54900000)]
  0x000002f30b4d3860 JavaThread "Cancel handler" [_thread_blocked, id=1332, stack(0x000000fd54900000,0x000000fd54a00000)]
  0x000002f30b4d56c0 JavaThread "Daemon worker" [_thread_in_vm, id=2208, stack(0x000000fd54a00000,0x000000fd54b00000)]
  0x000002f30b4d2420 JavaThread "Asynchronous log dispatcher for DefaultDaemonConnection: socket connection from /127.0.0.1:63833 to /127.0.0.1:63834" [_thread_blocked, id=27084, stack(0x000000fd54b00000,0x000000fd54c00000)]
  0x000002f30b4d4790 JavaThread "Stdin handler" [_thread_blocked, id=2376, stack(0x000000fd54c00000,0x000000fd54d00000)]
  0x000002f30b4d2930 JavaThread "Daemon client event forwarder" [_thread_blocked, id=24404, stack(0x000000fd54d00000,0x000000fd54e00000)]
  0x000002f30b4d3d70 JavaThread "Cache worker for journal cache (E:\gradle\caches\journal-1)" [_thread_blocked, id=21668, stack(0x000000fd54e00000,0x000000fd54f00000)]
  0x000002f30b4d4ca0 JavaThread "File lock request listener" [_thread_in_native, id=8528, stack(0x000000fd54f00000,0x000000fd55000000)]
  0x000002f30b4d51b0 JavaThread "Cache worker for file hash cache (E:\gradle\caches\8.11.1\fileHashes)" [_thread_blocked, id=10224, stack(0x000000fd55000000,0x000000fd55100000)]
  0x000002f30b4d1f10 JavaThread "File lock release action executor" [_thread_blocked, id=15128, stack(0x000000fd55100000,0x000000fd55200000)]
  0x000002f30b4d2e40 JavaThread "Cache worker for file content cache (E:\gradle\caches\8.11.1\fileContent)" [_thread_blocked, id=1236, stack(0x000000fd55200000,0x000000fd55300000)]
  0x000002f30b4d3350 JavaThread "Cache worker for file hash cache (E:\voice_test\android\.gradle\8.11.1\fileHashes)" [_thread_blocked, id=25952, stack(0x000000fd55500000,0x000000fd55600000)]
  0x000002f30f5202f0 JavaThread "Cache worker for Build Output Cleanup Cache (E:\voice_test\android\.gradle\buildOutputCleanup)" [_thread_blocked, id=18752, stack(0x000000fd55600000,0x000000fd55700000)]
  0x000002f30f523080 JavaThread "File watcher server" daemon [_thread_in_native, id=6264, stack(0x000000fd55800000,0x000000fd55900000)]
  0x000002f30f520800 JavaThread "File watcher consumer" daemon [_thread_blocked, id=9816, stack(0x000000fd55900000,0x000000fd55a00000)]
  0x000002f30f522150 JavaThread "Cache worker for checksums cache (E:\voice_test\android\.gradle\8.11.1\checksums)" [_thread_blocked, id=10728, stack(0x000000fd55a00000,0x000000fd55b00000)]
  0x000002f30f51f8d0 JavaThread "Cache worker for cache directory md-rule (E:\gradle\caches\8.11.1\md-rule)" [_thread_blocked, id=3288, stack(0x000000fd55b00000,0x000000fd55c00000)]
  0x000002f30f520d10 JavaThread "Cache worker for cache directory md-supplier (E:\gradle\caches\8.11.1\md-supplier)" [_thread_blocked, id=26072, stack(0x000000fd55c00000,0x000000fd55d00000)]
  0x000002f30f522660 JavaThread "jar transforms" [_thread_blocked, id=25260, stack(0x000000fd55400000,0x000000fd55500000)]
  0x000002f30f5253f0 JavaThread "Cache worker for Build Output Cleanup Cache (E:\flutter\packages\flutter_tools\gradle\.gradle\buildOutputCleanup)" [_thread_blocked, id=22032, stack(0x000000fd55f00000,0x000000fd56000000)]
  0x000002f30f526830 JavaThread "Unconstrained build operations" [_thread_blocked, id=17276, stack(0x000000fd55e00000,0x000000fd55f00000)]
  0x000002f30f525900 JavaThread "Unconstrained build operations Thread 2" [_thread_blocked, id=23560, stack(0x000000fd55300000,0x000000fd55400000)]
  0x000002f30f526d40 JavaThread "Unconstrained build operations Thread 3" [_thread_blocked, id=14896, stack(0x000000fd56000000,0x000000fd56100000)]
  0x000002f30f5244c0 JavaThread "Memory manager" [_thread_blocked, id=6496, stack(0x000000fd56200000,0x000000fd56300000)]
  0x000002f30f524ee0 JavaThread "build event listener" [_thread_blocked, id=10700, stack(0x000000fd56300000,0x000000fd56400000)]
  0x000002f30cd1fdf0 JavaThread "included builds" [_thread_blocked, id=10256, stack(0x000000fd56700000,0x000000fd56800000)]
  0x000002f30cd1eec0 JavaThread "Cache worker for execution history cache (E:\flutter\packages\flutter_tools\gradle\.gradle\8.11.1\executionHistory)" [_thread_blocked, id=17140, stack(0x000000fd56800000,0x000000fd56900000)]
  0x000002f30cd1df90 JavaThread "Unconstrained build operations Thread 4" [_thread_blocked, id=24144, stack(0x000000fd56900000,0x000000fd56a00000)]
  0x000002f30cd1f3d0 JavaThread "Unconstrained build operations Thread 5" [_thread_blocked, id=2492, stack(0x000000fd56a00000,0x000000fd56b00000)]
  0x000002f30cd1d060 JavaThread "Unconstrained build operations Thread 6" [_thread_blocked, id=16420, stack(0x000000fd56b00000,0x000000fd56c00000)]
  0x000002f30cd20d20 JavaThread "Unconstrained build operations Thread 7" [_thread_blocked, id=3460, stack(0x000000fd56c00000,0x000000fd56d00000)]
  0x000002f30cd1d570 JavaThread "Unconstrained build operations Thread 8" [_thread_blocked, id=20608, stack(0x000000fd56d00000,0x000000fd56e00000)]
  0x000002f30cd1e9b0 JavaThread "Unconstrained build operations Thread 9" [_thread_blocked, id=1536, stack(0x000000fd56e00000,0x000000fd56f00000)]
  0x000002f30cd21230 JavaThread "Unconstrained build operations Thread 10" [_thread_blocked, id=3032, stack(0x000000fd56f00000,0x000000fd57000000)]
  0x000002f30cd22b80 JavaThread "jar transforms Thread 2" [_thread_blocked, id=12700, stack(0x000000fd57000000,0x000000fd57100000)]
  0x000002f30cd23fc0 JavaThread "jar transforms Thread 3" [_thread_blocked, id=26152, stack(0x000000fd57100000,0x000000fd57200000)]
  0x000002f30cd22670 JavaThread "jar transforms Thread 4" [_thread_blocked, id=15996, stack(0x000000fd57200000,0x000000fd57300000)]
  0x000002f30cd244d0 JavaThread "jar transforms Thread 5" [_thread_blocked, id=21396, stack(0x000000fd57300000,0x000000fd57400000)]
  0x000002f30eaf69d0 JavaThread "build event listener" [_thread_blocked, id=16712, stack(0x000000fd57400000,0x000000fd57500000)]
  0x000002f30eaf4b70 JavaThread "jar transforms Thread 6" [_thread_blocked, id=26168, stack(0x000000fd56600000,0x000000fd56700000)]
=>0x000002f30ebcc710 JavaThread "C2 CompilerThread1" daemon [_thread_in_native, id=25916, stack(0x000000fd56500000,0x000000fd56600000)]
  0x000002f30ebcf190 JavaThread "C2 CompilerThread2" daemon [_thread_blocked, id=21248, stack(0x000000fd57500000,0x000000fd57600000)]
  0x000002f30eaf8320 JavaThread "jar transforms Thread 7" [_thread_blocked, id=16996, stack(0x000000fd57600000,0x000000fd57700000)]

Other Threads:
  0x000002f2d1be19e0 VMThread "VM Thread" [stack: 0x000000fd53000000,0x000000fd53100000] [id=23496]
  0x000002f2aead0920 WatcherThread [stack: 0x000000fd53c00000,0x000000fd53d00000] [id=4972]
  0x000002f2aeb3e1c0 GCTaskThread "GC Thread#0" [stack: 0x000000fd52b00000,0x000000fd52c00000] [id=22256]
  0x000002f30b7c62e0 GCTaskThread "GC Thread#1" [stack: 0x000000fd53f00000,0x000000fd54000000] [id=17024]
  0x000002f30b8af550 GCTaskThread "GC Thread#2" [stack: 0x000000fd54000000,0x000000fd54100000] [id=18788]
  0x000002f30b97d150 GCTaskThread "GC Thread#3" [stack: 0x000000fd54100000,0x000000fd54200000] [id=8312]
  0x000002f30b97be10 GCTaskThread "GC Thread#4" [stack: 0x000000fd54200000,0x000000fd54300000] [id=18028]
  0x000002f30b97c390 GCTaskThread "GC Thread#5" [stack: 0x000000fd54300000,0x000000fd54400000] [id=1780]
  0x000002f30b97cbd0 GCTaskThread "GC Thread#6" [stack: 0x000000fd54400000,0x000000fd54500000] [id=14420]
  0x000002f30b97bb50 GCTaskThread "GC Thread#7" [stack: 0x000000fd54500000,0x000000fd54600000] [id=22352]
  0x000002f2aeb4fcf0 ConcurrentGCThread "G1 Main Marker" [stack: 0x000000fd52c00000,0x000000fd52d00000] [id=19908]
  0x000002f2aeb50620 ConcurrentGCThread "G1 Conc#0" [stack: 0x000000fd52d00000,0x000000fd52e00000] [id=16648]
  0x000002f30b97ce90 ConcurrentGCThread "G1 Conc#1" [stack: 0x000000fd55700000,0x000000fd55800000] [id=13228]
  0x000002f2aeb7eaf0 ConcurrentGCThread "G1 Refine#0" [stack: 0x000000fd52e00000,0x000000fd52f00000] [id=20336]
  0x000002f30b380970 ConcurrentGCThread "G1 Refine#1" [stack: 0x000000fd55d00000,0x000000fd55e00000] [id=20972]
  0x000002f2d1a9b140 ConcurrentGCThread "G1 Service" [stack: 0x000000fd52f00000,0x000000fd53000000] [id=11672]

Threads with active compile tasks:
C2 CompilerThread0  54130 12338       4       org.gradle.internal.component.model.DefaultExternalComponentGraphResolveState$DefaultConfigurationGraphResolveState::getAttributes (5 bytes)
C2 CompilerThread1  54130 12315       4       org.gradle.api.internal.artifacts.ivyservice.modulecache.StringDeduplicatingDecoder::readNullableString (30 bytes)

VM state: not at safepoint (normal execution)

VM Mutex/Monitor currently owned by a thread: None

Heap address: 0x0000000700000000, size: 4096 MB, Compressed Oops mode: Zero based, Oop shift amount: 3

CDS archive(s) mapped at: [0x000002f2d2000000-0x000002f2d2bb0000-0x000002f2d2bb0000), size 12255232, SharedBaseAddress: 0x000002f2d2000000, ArchiveRelocationMode: 1.
Compressed class space mapped at: 0x000002f2d3000000-0x000002f307000000, reserved size: 872415232
Narrow klass base: 0x000002f2d2000000, Narrow klass shift: 0, Narrow klass range: 0x100000000

GC Precious Log:
 CPUs: 8 total, 8 available
 Memory: 16043M
 Large Page Support: Disabled
 NUMA Support: Disabled
 Compressed Oops: Enabled (Zero based)
 Heap Region Size: 2M
 Heap Min Capacity: 8M
 Heap Initial Capacity: 252M
 Heap Max Capacity: 4G
 Pre-touch: Disabled
 Parallel Workers: 8
 Concurrent Workers: 2
 Concurrent Refinement Workers: 8
 Periodic GC: Disabled

Heap:
 garbage-first heap   total 225280K, used 171679K [0x0000000700000000, 0x0000000800000000)
  region size 2048K, 26 young (53248K), 2 survivors (4096K)
 Metaspace       used 95663K, committed 96704K, reserved 983040K
  class space    used 13422K, committed 13952K, reserved 851968K

Heap Regions: E=young(eden), S=young(survivor), O=old, HS=humongous(starts), HC=humongous(continues), CS=collection set, F=free, OA=open archive, CA=closed archive, TAMS=top-at-mark-start (previous, next)
|   0|0x0000000700000000, 0x0000000700200000, 0x0000000700200000|100%|HS|  |TAMS 0x0000000700200000, 0x0000000700000000| Complete 
|   1|0x0000000700200000, 0x0000000700400000, 0x0000000700400000|100%|HC|  |TAMS 0x0000000700400000, 0x0000000700200000| Complete 
|   2|0x0000000700400000, 0x0000000700600000, 0x0000000700600000|100%| O|  |TAMS 0x0000000700600000, 0x0000000700400000| Untracked 
|   3|0x0000000700600000, 0x0000000700800000, 0x0000000700800000|100%| O|  |TAMS 0x0000000700800000, 0x0000000700600000| Untracked 
|   4|0x0000000700800000, 0x0000000700a00000, 0x0000000700a00000|100%| O|  |TAMS 0x0000000700a00000, 0x0000000700800000| Untracked 
|   5|0x0000000700a00000, 0x0000000700c00000, 0x0000000700c00000|100%| O|  |TAMS 0x0000000700c00000, 0x0000000700a00000| Untracked 
|   6|0x0000000700c00000, 0x0000000700e00000, 0x0000000700e00000|100%| O|  |TAMS 0x0000000700e00000, 0x0000000700c00000| Untracked 
|   7|0x0000000700e00000, 0x0000000701000000, 0x0000000701000000|100%| O|  |TAMS 0x0000000701000000, 0x0000000700e00000| Untracked 
|   8|0x0000000701000000, 0x0000000701200000, 0x0000000701200000|100%| O|  |TAMS 0x0000000701200000, 0x0000000701000000| Untracked 
|   9|0x0000000701200000, 0x0000000701400000, 0x0000000701400000|100%| O|  |TAMS 0x0000000701400000, 0x0000000701200000| Untracked 
|  10|0x0000000701400000, 0x0000000701600000, 0x0000000701600000|100%| O|  |TAMS 0x0000000701600000, 0x0000000701400000| Untracked 
|  11|0x0000000701600000, 0x0000000701800000, 0x0000000701800000|100%| O|  |TAMS 0x0000000701800000, 0x0000000701600000| Untracked 
|  12|0x0000000701800000, 0x0000000701a00000, 0x0000000701a00000|100%| O|  |TAMS 0x0000000701a00000, 0x0000000701800000| Untracked 
|  13|0x0000000701a00000, 0x0000000701c00000, 0x0000000701c00000|100%|HS|  |TAMS 0x0000000701c00000, 0x0000000701a00000| Complete 
|  14|0x0000000701c00000, 0x0000000701e00000, 0x0000000701e00000|100%| O|  |TAMS 0x0000000701e00000, 0x0000000701c00000| Untracked 
|  15|0x0000000701e00000, 0x0000000702000000, 0x0000000702000000|100%| O|  |TAMS 0x0000000702000000, 0x0000000701e00000| Untracked 
|  16|0x0000000702000000, 0x0000000702200000, 0x0000000702200000|100%| O|  |TAMS 0x0000000702200000, 0x0000000702000000| Untracked 
|  17|0x0000000702200000, 0x0000000702400000, 0x0000000702400000|100%| O|  |TAMS 0x0000000702400000, 0x0000000702200000| Untracked 
|  18|0x0000000702400000, 0x0000000702600000, 0x0000000702600000|100%|HS|  |TAMS 0x0000000702600000, 0x0000000702400000| Complete 
|  19|0x0000000702600000, 0x0000000702800000, 0x0000000702800000|100%|HS|  |TAMS 0x0000000702800000, 0x0000000702600000| Complete 
|  20|0x0000000702800000, 0x0000000702a00000, 0x0000000702a00000|100%|HC|  |TAMS 0x0000000702a00000, 0x0000000702800000| Complete 
|  21|0x0000000702a00000, 0x0000000702c00000, 0x0000000702c00000|100%| O|  |TAMS 0x0000000702c00000, 0x0000000702a00000| Untracked 
|  22|0x0000000702c00000, 0x0000000702e00000, 0x0000000702e00000|100%| O|  |TAMS 0x0000000702e00000, 0x0000000702c00000| Untracked 
|  23|0x0000000702e00000, 0x0000000703000000, 0x0000000703000000|100%| O|  |TAMS 0x0000000703000000, 0x0000000702e00000| Untracked 
|  24|0x0000000703000000, 0x0000000703200000, 0x0000000703200000|100%|HS|  |TAMS 0x0000000703200000, 0x0000000703000000| Complete 
|  25|0x0000000703200000, 0x0000000703400000, 0x0000000703400000|100%|HC|  |TAMS 0x0000000703400000, 0x0000000703200000| Complete 
|  26|0x0000000703400000, 0x0000000703600000, 0x0000000703600000|100%| O|  |TAMS 0x0000000703600000, 0x0000000703400000| Untracked 
|  27|0x0000000703600000, 0x0000000703800000, 0x0000000703800000|100%| O|  |TAMS 0x0000000703800000, 0x0000000703600000| Untracked 
|  28|0x0000000703800000, 0x0000000703a00000, 0x0000000703a00000|100%| O|  |TAMS 0x0000000703a00000, 0x0000000703800000| Untracked 
|  29|0x0000000703a00000, 0x0000000703c00000, 0x0000000703c00000|100%| O|  |TAMS 0x0000000703c00000, 0x0000000703a00000| Untracked 
|  30|0x0000000703c00000, 0x0000000703e00000, 0x0000000703e00000|100%| O|  |TAMS 0x0000000703e00000, 0x0000000703c00000| Untracked 
|  31|0x0000000703e00000, 0x0000000704000000, 0x0000000704000000|100%| O|  |TAMS 0x0000000704000000, 0x0000000703e00000| Untracked 
|  32|0x0000000704000000, 0x0000000704200000, 0x0000000704200000|100%| O|  |TAMS 0x0000000704200000, 0x0000000704000000| Untracked 
|  33|0x0000000704200000, 0x0000000704400000, 0x0000000704400000|100%| O|  |TAMS 0x0000000704400000, 0x0000000704200000| Untracked 
|  34|0x0000000704400000, 0x0000000704400000, 0x0000000704600000|  0%| F|  |TAMS 0x0000000704400000, 0x0000000704400000| Untracked 
|  35|0x0000000704600000, 0x0000000704800000, 0x0000000704800000|100%|HS|  |TAMS 0x0000000704800000, 0x0000000704600000| Complete 
|  36|0x0000000704800000, 0x0000000704a00000, 0x0000000704a00000|100%|HS|  |TAMS 0x0000000704a00000, 0x0000000704800000| Complete 
|  37|0x0000000704a00000, 0x0000000704c00000, 0x0000000704c00000|100%|HC|  |TAMS 0x0000000704c00000, 0x0000000704a00000| Complete 
|  38|0x0000000704c00000, 0x0000000704c00000, 0x0000000704e00000|  0%| F|  |TAMS 0x0000000704c00000, 0x0000000704c00000| Untracked 
|  39|0x0000000704e00000, 0x0000000705000000, 0x0000000705000000|100%| O|  |TAMS 0x0000000705000000, 0x0000000704e00000| Untracked 
|  40|0x0000000705000000, 0x0000000705200000, 0x0000000705200000|100%| O|  |TAMS 0x0000000705200000, 0x0000000705000000| Untracked 
|  41|0x0000000705200000, 0x0000000705400000, 0x0000000705400000|100%|HS|  |TAMS 0x0000000705400000, 0x0000000705200000| Complete 
|  42|0x0000000705400000, 0x0000000705600000, 0x0000000705600000|100%| O|  |TAMS 0x0000000705600000, 0x0000000705400000| Untracked 
|  43|0x0000000705600000, 0x0000000705800000, 0x0000000705800000|100%| O|  |TAMS 0x0000000705800000, 0x0000000705600000| Untracked 
|  44|0x0000000705800000, 0x0000000705a00000, 0x0000000705a00000|100%| O|  |TAMS 0x0000000705a00000, 0x0000000705800000| Untracked 
|  45|0x0000000705a00000, 0x0000000705c00000, 0x0000000705c00000|100%| O|  |TAMS 0x0000000705c00000, 0x0000000705a00000| Untracked 
|  46|0x0000000705c00000, 0x0000000705e00000, 0x0000000705e00000|100%| O|  |TAMS 0x0000000705e00000, 0x0000000705c00000| Untracked 
|  47|0x0000000705e00000, 0x0000000706000000, 0x0000000706000000|100%| O|  |TAMS 0x0000000706000000, 0x0000000705e00000| Untracked 
|  48|0x0000000706000000, 0x0000000706200000, 0x0000000706200000|100%| O|  |TAMS 0x0000000706200000, 0x0000000706000000| Untracked 
|  49|0x0000000706200000, 0x0000000706400000, 0x0000000706400000|100%| O|  |TAMS 0x0000000706400000, 0x0000000706200000| Untracked 
|  50|0x0000000706400000, 0x0000000706600000, 0x0000000706600000|100%| O|  |TAMS 0x0000000706600000, 0x0000000706400000| Untracked 
|  51|0x0000000706600000, 0x0000000706800000, 0x0000000706800000|100%| O|  |TAMS 0x0000000706800000, 0x0000000706600000| Untracked 
|  52|0x0000000706800000, 0x0000000706a00000, 0x0000000706a00000|100%| O|  |TAMS 0x0000000706a00000, 0x0000000706800000| Untracked 
|  53|0x0000000706a00000, 0x0000000706c00000, 0x0000000706c00000|100%| O|  |TAMS 0x0000000706c00000, 0x0000000706a00000| Untracked 
|  54|0x0000000706c00000, 0x0000000706e00000, 0x0000000706e00000|100%| O|  |TAMS 0x0000000706e00000, 0x0000000706c00000| Untracked 
|  55|0x0000000706e00000, 0x0000000707000000, 0x0000000707000000|100%|HS|  |TAMS 0x0000000707000000, 0x0000000706e00000| Complete 
|  56|0x0000000707000000, 0x0000000707200000, 0x0000000707200000|100%|HC|  |TAMS 0x0000000707200000, 0x0000000707000000| Complete 
|  57|0x0000000707200000, 0x0000000707400000, 0x0000000707400000|100%| O|  |TAMS 0x00000007072fb800, 0x0000000707200000| Untracked 
|  58|0x0000000707400000, 0x0000000707600000, 0x0000000707600000|100%| O|  |TAMS 0x0000000707400000, 0x0000000707400000| Untracked 
|  59|0x0000000707600000, 0x0000000707800000, 0x0000000707800000|100%| O|  |TAMS 0x0000000707600000, 0x0000000707600000| Untracked 
|  60|0x0000000707800000, 0x0000000707a00000, 0x0000000707a00000|100%| O|  |TAMS 0x0000000707800000, 0x0000000707800000| Untracked 
|  61|0x0000000707a00000, 0x0000000707a8e000, 0x0000000707c00000| 27%| O|  |TAMS 0x0000000707a00000, 0x0000000707a00000| Untracked 
|  62|0x0000000707c00000, 0x0000000707c00000, 0x0000000707e00000|  0%| F|  |TAMS 0x0000000707c00000, 0x0000000707c00000| Untracked 
|  63|0x0000000707e00000, 0x0000000707e00000, 0x0000000708000000|  0%| F|  |TAMS 0x0000000707e00000, 0x0000000707e00000| Untracked 
|  64|0x0000000708000000, 0x0000000708000000, 0x0000000708200000|  0%| F|  |TAMS 0x0000000708000000, 0x0000000708000000| Untracked 
|  65|0x0000000708200000, 0x0000000708200000, 0x0000000708400000|  0%| F|  |TAMS 0x0000000708200000, 0x0000000708200000| Untracked 
|  66|0x0000000708400000, 0x0000000708400000, 0x0000000708600000|  0%| F|  |TAMS 0x0000000708400000, 0x0000000708400000| Untracked 
|  67|0x0000000708600000, 0x0000000708600000, 0x0000000708800000|  0%| F|  |TAMS 0x0000000708600000, 0x0000000708600000| Untracked 
|  68|0x0000000708800000, 0x0000000708800000, 0x0000000708a00000|  0%| F|  |TAMS 0x0000000708800000, 0x0000000708800000| Untracked 
|  69|0x0000000708a00000, 0x0000000708a00000, 0x0000000708c00000|  0%| F|  |TAMS 0x0000000708a00000, 0x0000000708a00000| Untracked 
|  70|0x0000000708c00000, 0x0000000708c00000, 0x0000000708e00000|  0%| F|  |TAMS 0x0000000708c00000, 0x0000000708c00000| Untracked 
|  71|0x0000000708e00000, 0x0000000708e00000, 0x0000000709000000|  0%| F|  |TAMS 0x0000000708e00000, 0x0000000708e00000| Untracked 
|  72|0x0000000709000000, 0x0000000709000000, 0x0000000709200000|  0%| F|  |TAMS 0x0000000709000000, 0x0000000709000000| Untracked 
|  73|0x0000000709200000, 0x0000000709200000, 0x0000000709400000|  0%| F|  |TAMS 0x0000000709200000, 0x0000000709200000| Untracked 
|  74|0x0000000709400000, 0x0000000709400000, 0x0000000709600000|  0%| F|  |TAMS 0x0000000709400000, 0x0000000709400000| Untracked 
|  75|0x0000000709600000, 0x0000000709600000, 0x0000000709800000|  0%| F|  |TAMS 0x0000000709600000, 0x0000000709600000| Untracked 
|  76|0x0000000709800000, 0x0000000709800000, 0x0000000709a00000|  0%| F|  |TAMS 0x0000000709800000, 0x0000000709800000| Untracked 
|  77|0x0000000709a00000, 0x0000000709a00000, 0x0000000709c00000|  0%| F|  |TAMS 0x0000000709a00000, 0x0000000709a00000| Untracked 
|  78|0x0000000709c00000, 0x0000000709d19e50, 0x0000000709e00000| 55%| S|CS|TAMS 0x0000000709c00000, 0x0000000709c00000| Complete 
|  79|0x0000000709e00000, 0x000000070a000000, 0x000000070a000000|100%| S|CS|TAMS 0x0000000709e00000, 0x0000000709e00000| Complete 
|  80|0x000000070a000000, 0x000000070a000000, 0x000000070a200000|  0%| F|  |TAMS 0x000000070a000000, 0x000000070a000000| Untracked 
|  81|0x000000070a200000, 0x000000070a200000, 0x000000070a400000|  0%| F|  |TAMS 0x000000070a200000, 0x000000070a200000| Untracked 
|  82|0x000000070a400000, 0x000000070a400000, 0x000000070a600000|  0%| F|  |TAMS 0x000000070a400000, 0x000000070a400000| Untracked 
|  83|0x000000070a600000, 0x000000070a600000, 0x000000070a800000|  0%| F|  |TAMS 0x000000070a600000, 0x000000070a600000| Untracked 
|  84|0x000000070a800000, 0x000000070a800000, 0x000000070aa00000|  0%| F|  |TAMS 0x000000070a800000, 0x000000070a800000| Untracked 
|  85|0x000000070aa00000, 0x000000070aa00000, 0x000000070ac00000|  0%| F|  |TAMS 0x000000070aa00000, 0x000000070aa00000| Untracked 
|  86|0x000000070ac00000, 0x000000070ae00000, 0x000000070ae00000|100%| E|  |TAMS 0x000000070ac00000, 0x000000070ac00000| Complete 
|  87|0x000000070ae00000, 0x000000070b000000, 0x000000070b000000|100%| E|CS|TAMS 0x000000070ae00000, 0x000000070ae00000| Complete 
|  88|0x000000070b000000, 0x000000070b200000, 0x000000070b200000|100%| E|CS|TAMS 0x000000070b000000, 0x000000070b000000| Complete 
|  89|0x000000070b200000, 0x000000070b400000, 0x000000070b400000|100%| E|CS|TAMS 0x000000070b200000, 0x000000070b200000| Complete 
|  90|0x000000070b400000, 0x000000070b600000, 0x000000070b600000|100%| E|CS|TAMS 0x000000070b400000, 0x000000070b400000| Complete 
|  91|0x000000070b600000, 0x000000070b800000, 0x000000070b800000|100%| E|CS|TAMS 0x000000070b600000, 0x000000070b600000| Complete 
|  92|0x000000070b800000, 0x000000070ba00000, 0x000000070ba00000|100%| E|CS|TAMS 0x000000070b800000, 0x000000070b800000| Complete 
|  93|0x000000070ba00000, 0x000000070bc00000, 0x000000070bc00000|100%| E|CS|TAMS 0x000000070ba00000, 0x000000070ba00000| Complete 
|  94|0x000000070bc00000, 0x000000070be00000, 0x000000070be00000|100%| E|CS|TAMS 0x000000070bc00000, 0x000000070bc00000| Complete 
|  95|0x000000070be00000, 0x000000070c000000, 0x000000070c000000|100%| E|CS|TAMS 0x000000070be00000, 0x000000070be00000| Complete 
|  96|0x000000070c000000, 0x000000070c200000, 0x000000070c200000|100%| E|CS|TAMS 0x000000070c000000, 0x000000070c000000| Complete 
|  97|0x000000070c200000, 0x000000070c400000, 0x000000070c400000|100%| E|CS|TAMS 0x000000070c200000, 0x000000070c200000| Complete 
|  98|0x000000070c400000, 0x000000070c600000, 0x000000070c600000|100%| E|CS|TAMS 0x000000070c400000, 0x000000070c400000| Complete 
|  99|0x000000070c600000, 0x000000070c800000, 0x000000070c800000|100%| E|CS|TAMS 0x000000070c600000, 0x000000070c600000| Complete 
| 100|0x000000070c800000, 0x000000070ca00000, 0x000000070ca00000|100%| E|CS|TAMS 0x000000070c800000, 0x000000070c800000| Complete 
| 101|0x000000070ca00000, 0x000000070cc00000, 0x000000070cc00000|100%| E|CS|TAMS 0x000000070ca00000, 0x000000070ca00000| Complete 
| 102|0x000000070cc00000, 0x000000070ce00000, 0x000000070ce00000|100%| E|CS|TAMS 0x000000070cc00000, 0x000000070cc00000| Complete 
| 103|0x000000070ce00000, 0x000000070d000000, 0x000000070d000000|100%| E|CS|TAMS 0x000000070ce00000, 0x000000070ce00000| Complete 
| 104|0x000000070d000000, 0x000000070d200000, 0x000000070d200000|100%| E|CS|TAMS 0x000000070d000000, 0x000000070d000000| Complete 
| 105|0x000000070d200000, 0x000000070d400000, 0x000000070d400000|100%| E|CS|TAMS 0x000000070d200000, 0x000000070d200000| Complete 
| 106|0x000000070d400000, 0x000000070d600000, 0x000000070d600000|100%| E|CS|TAMS 0x000000070d400000, 0x000000070d400000| Complete 
| 107|0x000000070d600000, 0x000000070d800000, 0x000000070d800000|100%| E|CS|TAMS 0x000000070d600000, 0x000000070d600000| Complete 
| 108|0x000000070d800000, 0x000000070da00000, 0x000000070da00000|100%| E|CS|TAMS 0x000000070d800000, 0x000000070d800000| Complete 
| 125|0x000000070fa00000, 0x000000070fc00000, 0x000000070fc00000|100%| E|CS|TAMS 0x000000070fa00000, 0x000000070fa00000| Complete 

Card table byte_map: [0x000002f2c6160000,0x000002f2c6960000] _byte_map_base: 0x000002f2c2960000

Marking Bits (Prev, Next): (CMBitMap*) 0x000002f2aeb3e730, (CMBitMap*) 0x000002f2aeb3e6f0
 Prev Bits: [0x000002f2cb160000, 0x000002f2cf160000)
 Next Bits: [0x000002f2c7160000, 0x000002f2cb160000)

Polling page: 0x000002f2ac860000

Metaspace:

Usage:
  Non-class:     80.31 MB used.
      Class:     13.11 MB used.
       Both:     93.42 MB used.

Virtual space:
  Non-class space:      128.00 MB reserved,      80.81 MB ( 63%) committed,  2 nodes.
      Class space:      832.00 MB reserved,      13.62 MB (  2%) committed,  1 nodes.
             Both:      960.00 MB reserved,      94.44 MB ( 10%) committed. 

Chunk freelists:
   Non-Class:  14.67 MB
       Class:  2.31 MB
        Both:  16.98 MB

MaxMetaspaceSize: 1.00 GB
CompressedClassSpaceSize: 832.00 MB
Initial GC threshold: 21.00 MB
Current GC threshold: 142.81 MB
CDS: on
MetaspaceReclaimPolicy: balanced
 - commit_granule_bytes: 65536.
 - commit_granule_words: 8192.
 - virtual_space_node_default_size: 8388608.
 - enlarge_chunks_in_place: 1.
 - new_chunks_are_fully_committed: 0.
 - uncommit_free_chunks: 1.
 - use_allocation_guard: 0.
 - handle_deallocations: 1.


Internal statistics:

num_allocs_failed_limit: 9.
num_arena_births: 1390.
num_arena_deaths: 0.
num_vsnodes_births: 3.
num_vsnodes_deaths: 0.
num_space_committed: 1511.
num_space_uncommitted: 0.
num_chunks_returned_to_freelist: 9.
num_chunks_taken_from_freelist: 5611.
num_chunk_merges: 9.
num_chunk_splits: 3623.
num_chunks_enlarged: 2324.
num_inconsistent_stats: 0.

CodeHeap 'non-profiled nmethods': size=120000Kb used=7690Kb max_used=7690Kb free=112309Kb
 bounds [0x000002f2be100000, 0x000002f2be890000, 0x000002f2c5630000]
CodeHeap 'profiled nmethods': size=120000Kb used=21080Kb max_used=21080Kb free=98920Kb
 bounds [0x000002f2b6630000, 0x000002f2b7ad0000, 0x000002f2bdb60000]
CodeHeap 'non-nmethods': size=5760Kb used=2439Kb max_used=2545Kb free=3320Kb
 bounds [0x000002f2bdb60000, 0x000002f2bddf0000, 0x000002f2be100000]
 total_blobs=11685 nmethods=10703 adapters=892
 compilation: enabled
              stopped_count=0, restarted_count=0
 full_count=0

Compilation events (20 events):
Event: 54.085 Thread 0x000002f2d1c23a50 nmethod 12310 0x000002f2b7ab6210 code [0x000002f2b7ab63c0, 0x000002f2b7ab6518]
Event: 54.085 Thread 0x000002f2d1c23a50 12313       3       org.gradle.internal.component.external.model.AbstractModuleComponentResolveMetadata::<init> (114 bytes)
Event: 54.085 Thread 0x000002f2d1c23a50 nmethod 12313 0x000002f2b7ab6610 code [0x000002f2b7ab6860, 0x000002f2b7ab7648]
Event: 54.085 Thread 0x000002f2d1c23a50 12311       3       org.gradle.api.internal.artifacts.ivyservice.modulecache.ModuleMetadataSerializer$Reader::readNullableString (10 bytes)
Event: 54.086 Thread 0x000002f2d1c23a50 nmethod 12311 0x000002f2b7ab7890 code [0x000002f2b7ab7a40, 0x000002f2b7ab7c28]
Event: 54.086 Thread 0x000002f2d1c23a50 12304       3       org.gradle.api.internal.artifacts.ivyservice.modulecache.ModuleMetadataStore::getFilePath (49 bytes)
Event: 54.086 Thread 0x000002f2d1c23a50 nmethod 12304 0x000002f2b7ab7d10 code [0x000002f2b7ab7f40, 0x000002f2b7ab8cd8]
Event: 54.086 Thread 0x000002f2d1c23a50 12314       3       java.lang.ThreadLocal::remove (18 bytes)
Event: 54.087 Thread 0x000002f2d1c23a50 nmethod 12314 0x000002f2b7ab9010 code [0x000002f2b7ab91c0, 0x000002f2b7ab9448]
Event: 54.087 Thread 0x000002f2d1c23a50 12305       3       org.gradle.internal.resource.local.DefaultPathKeyFileStore::get (32 bytes)
Event: 54.088 Thread 0x000002f2d1c23a50 nmethod 12305 0x000002f2b7ab9590 code [0x000002f2b7ab9880, 0x000002f2b7ababb8]
Event: 54.088 Thread 0x000002f30ebcc710 12315       4       org.gradle.api.internal.artifacts.ivyservice.modulecache.StringDeduplicatingDecoder::readNullableString (30 bytes)
Event: 54.089 Thread 0x000002f30ebcf190 12316       4       org.gradle.api.internal.attributes.DefaultImmutableAttributesFactory::join (11 bytes)
Event: 54.091 Thread 0x000002f30ebcf190 nmethod 12316 0x000002f2be87ff90 code [0x000002f2be880120, 0x000002f2be880218]
Event: 54.091 Thread 0x000002f2d1c05ee0 nmethod 12312 0x000002f2be880310 code [0x000002f2be8804e0, 0x000002f2be880c08]
Event: 54.096 Thread 0x000002f2d1c23a50 12317       3       org.gradle.api.internal.artifacts.repositories.metadata.DefaultMetadataFileSourceCodec::decode (55 bytes)
Event: 54.096 Thread 0x000002f2d1c23a50 nmethod 12317 0x000002f2b7abb190 code [0x000002f2b7abb380, 0x000002f2b7abb8b8]
Event: 54.097 Thread 0x000002f2d1c23a50 12318       3       org.gradle.api.internal.artifacts.repositories.metadata.DefaultMetadataFileSourceCodec::createArtifactId (25 bytes)
Event: 54.097 Thread 0x000002f2d1c23a50 nmethod 12318 0x000002f2b7abba90 code [0x000002f2b7abbc80, 0x000002f2b7abc178]
Event: 54.097 Thread 0x000002f2d1c23a50 12319       3       org.gradle.internal.hash.HashCode$ByteArrayBackedHashCode::length (6 bytes)

GC Heap History (20 events):
Event: 42.277 GC heap before
{Heap before GC invocations=26 (full 0):
 garbage-first heap   total 194560K, used 138793K [0x0000000700000000, 0x0000000800000000)
  region size 2048K, 22 young (45056K), 3 survivors (6144K)
 Metaspace       used 75894K, committed 76672K, reserved 983040K
  class space    used 10587K, committed 11008K, reserved 851968K
}
Event: 42.282 GC heap after
{Heap after GC invocations=27 (full 0):
 garbage-first heap   total 194560K, used 109297K [0x0000000700000000, 0x0000000800000000)
  region size 2048K, 3 young (6144K), 3 survivors (6144K)
 Metaspace       used 75894K, committed 76672K, reserved 983040K
  class space    used 10587K, committed 11008K, reserved 851968K
}
Event: 42.939 GC heap before
{Heap before GC invocations=28 (full 0):
 garbage-first heap   total 202752K, used 144113K [0x0000000700000000, 0x0000000800000000)
  region size 2048K, 21 young (43008K), 3 survivors (6144K)
 Metaspace       used 77837K, committed 78592K, reserved 983040K
  class space    used 10864K, committed 11264K, reserved 851968K
}
Event: 42.944 GC heap after
{Heap after GC invocations=29 (full 0):
 garbage-first heap   total 202752K, used 109514K [0x0000000700000000, 0x0000000800000000)
  region size 2048K, 2 young (4096K), 2 survivors (4096K)
 Metaspace       used 77837K, committed 78592K, reserved 983040K
  class space    used 10864K, committed 11264K, reserved 851968K
}
Event: 43.047 GC heap before
{Heap before GC invocations=29 (full 0):
 garbage-first heap   total 202752K, used 113610K [0x0000000700000000, 0x0000000800000000)
  region size 2048K, 4 young (8192K), 2 survivors (4096K)
 Metaspace       used 78112K, committed 78912K, reserved 983040K
  class space    used 10902K, committed 11328K, reserved 851968K
}
Event: 43.050 GC heap after
{Heap after GC invocations=30 (full 0):
 garbage-first heap   total 202752K, used 109059K [0x0000000700000000, 0x0000000800000000)
  region size 2048K, 1 young (2048K), 1 survivors (2048K)
 Metaspace       used 78112K, committed 78912K, reserved 983040K
  class space    used 10902K, committed 11328K, reserved 851968K
}
Event: 43.955 GC heap before
{Heap before GC invocations=30 (full 0):
 garbage-first heap   total 202752K, used 156163K [0x0000000700000000, 0x0000000800000000)
  region size 2048K, 22 young (45056K), 1 survivors (2048K)
 Metaspace       used 81116K, committed 81920K, reserved 983040K
  class space    used 11307K, committed 11712K, reserved 851968K
}
Event: 43.958 GC heap after
{Heap after GC invocations=31 (full 0):
 garbage-first heap   total 202752K, used 115347K [0x0000000700000000, 0x0000000800000000)
  region size 2048K, 2 young (4096K), 2 survivors (4096K)
 Metaspace       used 81116K, committed 81920K, reserved 983040K
  class space    used 11307K, committed 11712K, reserved 851968K
}
Event: 45.919 GC heap before
{Heap before GC invocations=31 (full 0):
 garbage-first heap   total 202752K, used 156307K [0x0000000700000000, 0x0000000800000000)
  region size 2048K, 22 young (45056K), 2 survivors (4096K)
 Metaspace       used 83526K, committed 84416K, reserved 983040K
  class space    used 11632K, committed 12096K, reserved 851968K
}
Event: 45.923 GC heap after
{Heap after GC invocations=32 (full 0):
 garbage-first heap   total 202752K, used 118676K [0x0000000700000000, 0x0000000800000000)
  region size 2048K, 3 young (6144K), 3 survivors (6144K)
 Metaspace       used 83526K, committed 84416K, reserved 983040K
  class space    used 11632K, committed 12096K, reserved 851968K
}
Event: 46.445 GC heap before
{Heap before GC invocations=32 (full 0):
 garbage-first heap   total 202752K, used 161684K [0x0000000700000000, 0x0000000800000000)
  region size 2048K, 24 young (49152K), 3 survivors (6144K)
 Metaspace       used 83958K, committed 84864K, reserved 983040K
  class space    used 11694K, committed 12160K, reserved 851968K
}
Event: 46.456 GC heap after
{Heap after GC invocations=33 (full 0):
 garbage-first heap   total 202752K, used 121338K [0x0000000700000000, 0x0000000800000000)
  region size 2048K, 2 young (4096K), 2 survivors (4096K)
 Metaspace       used 83958K, committed 84864K, reserved 983040K
  class space    used 11694K, committed 12160K, reserved 851968K
}
Event: 47.236 GC heap before
{Heap before GC invocations=33 (full 0):
 garbage-first heap   total 202752K, used 162298K [0x0000000700000000, 0x0000000800000000)
  region size 2048K, 22 young (45056K), 2 survivors (4096K)
 Metaspace       used 86263K, committed 87168K, reserved 983040K
  class space    used 12014K, committed 12480K, reserved 851968K
}
Event: 47.241 GC heap after
{Heap after GC invocations=34 (full 0):
 garbage-first heap   total 202752K, used 123901K [0x0000000700000000, 0x0000000800000000)
  region size 2048K, 2 young (4096K), 2 survivors (4096K)
 Metaspace       used 86263K, committed 87168K, reserved 983040K
  class space    used 12014K, committed 12480K, reserved 851968K
}
Event: 48.077 GC heap before
{Heap before GC invocations=35 (full 0):
 garbage-first heap   total 225280K, used 162813K [0x0000000700000000, 0x0000000800000000)
  region size 2048K, 21 young (43008K), 2 survivors (4096K)
 Metaspace       used 88919K, committed 89792K, reserved 983040K
  class space    used 12469K, committed 12928K, reserved 851968K
}
Event: 48.081 GC heap after
{Heap after GC invocations=36 (full 0):
 garbage-first heap   total 225280K, used 124417K [0x0000000700000000, 0x0000000800000000)
  region size 2048K, 2 young (4096K), 2 survivors (4096K)
 Metaspace       used 88919K, committed 89792K, reserved 983040K
  class space    used 12469K, committed 12928K, reserved 851968K
}
Event: 48.205 GC heap before
{Heap before GC invocations=36 (full 0):
 garbage-first heap   total 225280K, used 130561K [0x0000000700000000, 0x0000000800000000)
  region size 2048K, 5 young (10240K), 2 survivors (4096K)
 Metaspace       used 89395K, committed 90304K, reserved 983040K
  class space    used 12577K, committed 13056K, reserved 851968K
}
Event: 48.210 GC heap after
{Heap after GC invocations=37 (full 0):
 garbage-first heap   total 225280K, used 122543K [0x0000000700000000, 0x0000000800000000)
  region size 2048K, 1 young (2048K), 1 survivors (2048K)
 Metaspace       used 89395K, committed 90304K, reserved 983040K
  class space    used 12577K, committed 13056K, reserved 851968K
}
Event: 49.522 GC heap before
{Heap before GC invocations=37 (full 0):
 garbage-first heap   total 225280K, used 181935K [0x0000000700000000, 0x0000000800000000)
  region size 2048K, 30 young (61440K), 1 survivors (2048K)
 Metaspace       used 93255K, committed 94208K, reserved 983040K
  class space    used 13099K, committed 13568K, reserved 851968K
}
Event: 49.526 GC heap after
{Heap after GC invocations=38 (full 0):
 garbage-first heap   total 225280K, used 124575K [0x0000000700000000, 0x0000000800000000)
  region size 2048K, 2 young (4096K), 2 survivors (4096K)
 Metaspace       used 93255K, committed 94208K, reserved 983040K
  class space    used 13099K, committed 13568K, reserved 851968K
}

Dll operation events (15 events):
Event: 0.014 Loaded shared library E:\JAVA\bin\java.dll
Event: 0.038 Loaded shared library E:\JAVA\bin\jsvml.dll
Event: 0.119 Loaded shared library E:\JAVA\bin\zip.dll
Event: 0.121 Loaded shared library E:\JAVA\bin\instrument.dll
Event: 0.127 Loaded shared library E:\JAVA\bin\net.dll
Event: 0.129 Loaded shared library E:\JAVA\bin\nio.dll
Event: 0.132 Loaded shared library E:\JAVA\bin\zip.dll
Event: 0.399 Loaded shared library E:\JAVA\bin\jimage.dll
Event: 0.596 Loaded shared library E:\JAVA\bin\verify.dll
Event: 0.875 Loaded shared library E:\gradle\native\c067742578af261105cb4f569cf0c3c89f3d7b1fecec35dd04571415982c5e48\windows-amd64\native-platform.dll
Event: 0.882 Loaded shared library E:\gradle\native\100fb08df4bc3b14c8652ba06237920a3bd2aa13389f12d3474272988ae205f9\windows-amd64\native-platform-file-events.dll
Event: 2.151 Loaded shared library E:\JAVA\bin\management.dll
Event: 2.154 Loaded shared library E:\JAVA\bin\management_ext.dll
Event: 4.291 Loaded shared library E:\JAVA\bin\extnet.dll
Event: 9.890 Loaded shared library E:\JAVA\bin\sunmscapi.dll

Deoptimization events (20 events):
Event: 49.740 Thread 0x000002f30b4d56c0 Uncommon trap: trap_request=0xffffff45 fr.pc=0x000002f2be72dacc relative=0x0000000000000a2c
Event: 49.740 Thread 0x000002f30b4d56c0 Uncommon trap: reason=unstable_if action=reinterpret pc=0x000002f2be72dacc method=groovy.lang.MetaClassImpl.checkIfStdMethod(Lgroovy/lang/MetaMethod;)V @ 55 c2
Event: 49.740 Thread 0x000002f30b4d56c0 DEOPT PACKING pc=0x000002f2be72dacc sp=0x000000fd54af3510
Event: 49.740 Thread 0x000002f30b4d56c0 DEOPT UNPACKING pc=0x000002f2bdbb69a3 sp=0x000000fd54af34c8 mode 2
Event: 50.223 Thread 0x000002f30b4d56c0 Uncommon trap: trap_request=0xffffff45 fr.pc=0x000002f2be740a40 relative=0x00000000000003e0
Event: 50.223 Thread 0x000002f30b4d56c0 Uncommon trap: reason=unstable_if action=reinterpret pc=0x000002f2be740a40 method=java.lang.StringConcatHelper.simpleConcat(Ljava/lang/Object;Ljava/lang/Object;)Ljava/lang/String; @ 30 c2
Event: 50.223 Thread 0x000002f30b4d56c0 DEOPT PACKING pc=0x000002f2be740a40 sp=0x000000fd54af3db0
Event: 50.223 Thread 0x000002f30b4d56c0 DEOPT UNPACKING pc=0x000002f2bdbb69a3 sp=0x000000fd54af3d68 mode 2
Event: 50.352 Thread 0x000002f30b4d56c0 Uncommon trap: trap_request=0xffffffde fr.pc=0x000002f2be688ef8 relative=0x00000000000007d8
Event: 50.352 Thread 0x000002f30b4d56c0 Uncommon trap: reason=class_check action=maybe_recompile pc=0x000002f2be688ef8 method=org.gradle.tooling.internal.provider.runner.ClientBuildEventGenerator.finished(Lorg/gradle/internal/operations/BuildOperationDescriptor;Lorg/gradle/internal/operations/O
Event: 50.352 Thread 0x000002f30b4d56c0 DEOPT PACKING pc=0x000002f2be688ef8 sp=0x000000fd54af58f0
Event: 50.352 Thread 0x000002f30b4d56c0 DEOPT UNPACKING pc=0x000002f2bdbb69a3 sp=0x000000fd54af58b0 mode 2
Event: 50.352 Thread 0x000002f30b4d56c0 Uncommon trap: trap_request=0xffffff45 fr.pc=0x000002f2be1fa848 relative=0x0000000000000588
Event: 50.352 Thread 0x000002f30b4d56c0 Uncommon trap: reason=unstable_if action=reinterpret pc=0x000002f2be1fa848 method=java.lang.ThreadLocal$ThreadLocalMap.remove(Ljava/lang/ThreadLocal;)V @ 26 c2
Event: 50.352 Thread 0x000002f30b4d56c0 DEOPT PACKING pc=0x000002f2be1fa848 sp=0x000000fd54af75a0
Event: 50.352 Thread 0x000002f30b4d56c0 DEOPT UNPACKING pc=0x000002f2bdbb69a3 sp=0x000000fd54af74d8 mode 2
Event: 50.430 Thread 0x000002f30b4d56c0 Uncommon trap: trap_request=0xffffffde fr.pc=0x000002f2be688ef8 relative=0x00000000000007d8
Event: 50.430 Thread 0x000002f30b4d56c0 Uncommon trap: reason=class_check action=maybe_recompile pc=0x000002f2be688ef8 method=org.gradle.tooling.internal.provider.runner.ClientBuildEventGenerator.finished(Lorg/gradle/internal/operations/BuildOperationDescriptor;Lorg/gradle/internal/operations/O
Event: 50.430 Thread 0x000002f30b4d56c0 DEOPT PACKING pc=0x000002f2be688ef8 sp=0x000000fd54afa2b0
Event: 50.430 Thread 0x000002f30b4d56c0 DEOPT UNPACKING pc=0x000002f2bdbb69a3 sp=0x000000fd54afa270 mode 2

Classes loaded (20 events):
Event: 47.330 Loading class sun/reflect/generics/repository/FieldRepository
Event: 47.331 Loading class sun/reflect/generics/repository/FieldRepository done
Event: 47.367 Loading class jdk/internal/vm/annotation/ForceInline
Event: 47.367 Loading class jdk/internal/vm/annotation/ForceInline done
Event: 47.486 Loading class java/util/regex/Pattern$Caret
Event: 47.486 Loading class java/util/regex/Pattern$Caret done
Event: 48.684 Loading class java/net/Proxy
Event: 48.684 Loading class java/net/Proxy done
Event: 48.684 Loading class java/net/Proxy$Type
Event: 48.684 Loading class java/net/Proxy$Type done
Event: 48.744 Loading class sun/invoke/util/ValueConversions$1
Event: 48.744 Loading class sun/invoke/util/ValueConversions$1 done
Event: 48.747 Loading class java/lang/invoke/BoundMethodHandle$Species_LI
Event: 48.747 Loading class java/lang/invoke/BoundMethodHandle$Species_LI done
Event: 48.773 Loading class java/io/FileReader
Event: 48.773 Loading class java/io/FileReader done
Event: 48.819 Loading class jdk/internal/reflect/UnsafeQualifiedIntegerFieldAccessorImpl
Event: 48.819 Loading class jdk/internal/reflect/UnsafeQualifiedIntegerFieldAccessorImpl done
Event: 49.789 Loading class java/util/regex/Pattern$1
Event: 49.789 Loading class java/util/regex/Pattern$1 done

Classes unloaded (0 events):
No events

Classes redefined (0 events):
No events

Internal exceptions (20 events):
Event: 49.575 Thread 0x000002f30b4d56c0 Exception <a 'java/lang/ClassNotFoundException'{0x000000070d90ccd8}: com/android/build/gradle/internal/api/BaseVariantOutputImplBeanInfo> (0x000000070d90ccd8) 
thrown [s\src\hotspot\share\classfile\systemDictionary.cpp, line 256]
Event: 49.576 Thread 0x000002f30b4d56c0 Exception <a 'java/lang/ClassNotFoundException'{0x000000070d91d1e0}: com/android/build/gradle/internal/api/BaseVariantOutputImplCustomizer> (0x000000070d91d1e0) 
thrown [s\src\hotspot\share\classfile\systemDictionary.cpp, line 256]
Event: 49.579 Thread 0x000002f30b4d56c0 Exception <a 'java/lang/ClassNotFoundException'{0x000000070d941808}: com/android/build/gradle/internal/api/ApkVariantOutputImplCustomizer> (0x000000070d941808) 
thrown [s\src\hotspot\share\classfile\systemDictionary.cpp, line 256]
Event: 49.581 Thread 0x000002f30b4d56c0 Exception <a 'java/lang/ClassNotFoundException'{0x000000070d960790}: com/android/build/gradle/internal/api/ApkVariantOutputImpl_DecoratedCustomizer> (0x000000070d960790) 
thrown [s\src\hotspot\share\classfile\systemDictionary.cpp, line 256]
Event: 49.741 Thread 0x000002f30b4d56c0 Exception <a 'java/lang/ClassNotFoundException'{0x000000070d123df8}: com/android/build/gradle/internal/api/ReadOnlyBuildTypeBeanInfo> (0x000000070d123df8) 
thrown [s\src\hotspot\share\classfile\systemDictionary.cpp, line 256]
Event: 49.742 Thread 0x000002f30b4d56c0 Exception <a 'java/lang/ClassNotFoundException'{0x000000070d1341a8}: com/android/build/gradle/internal/api/ReadOnlyBaseConfigBeanInfo> (0x000000070d1341a8) 
thrown [s\src\hotspot\share\classfile\systemDictionary.cpp, line 256]
Event: 49.744 Thread 0x000002f30b4d56c0 Exception <a 'java/lang/ClassNotFoundException'{0x000000070d144570}: com/android/build/gradle/internal/api/ReadOnlyBaseConfigCustomizer> (0x000000070d144570) 
thrown [s\src\hotspot\share\classfile\systemDictionary.cpp, line 256]
Event: 49.747 Thread 0x000002f30b4d56c0 Exception <a 'java/lang/ClassNotFoundException'{0x000000070d1659f8}: com/android/build/gradle/internal/api/ReadOnlyBuildTypeCustomizer> (0x000000070d1659f8) 
thrown [s\src\hotspot\share\classfile\systemDictionary.cpp, line 256]
Event: 50.373 Thread 0x000002f30b4d56c0 Exception <a 'java/lang/ClassNotFoundException'{0x000000070b446898}: org/gradle/api/internal/tasks/DefaultTaskContainer_DecoratedBeanInfo> (0x000000070b446898) 
thrown [s\src\hotspot\share\classfile\systemDictionary.cpp, line 256]
Event: 50.375 Thread 0x000002f30b4d56c0 Exception <a 'java/lang/ClassNotFoundException'{0x000000070b459798}: org/gradle/api/internal/tasks/DefaultTaskContainerBeanInfo> (0x000000070b459798) 
thrown [s\src\hotspot\share\classfile\systemDictionary.cpp, line 256]
Event: 50.377 Thread 0x000002f30b4d56c0 Exception <a 'java/lang/ClassNotFoundException'{0x000000070b46cc10}: org/gradle/api/internal/tasks/DefaultTaskCollectionBeanInfo> (0x000000070b46cc10) 
thrown [s\src\hotspot\share\classfile\systemDictionary.cpp, line 256]
Event: 50.378 Thread 0x000002f30b4d56c0 Exception <a 'java/lang/ClassNotFoundException'{0x000000070b47fb08}: org/gradle/api/internal/tasks/DefaultTaskCollectionCustomizer> (0x000000070b47fb08) 
thrown [s\src\hotspot\share\classfile\systemDictionary.cpp, line 256]
Event: 50.383 Thread 0x000002f30b4d56c0 Exception <a 'java/lang/ClassNotFoundException'{0x000000070b5343a0}: org/gradle/api/internal/tasks/DefaultTaskContainerCustomizer> (0x000000070b5343a0) 
thrown [s\src\hotspot\share\classfile\systemDictionary.cpp, line 256]
Event: 50.400 Thread 0x000002f30b4d56c0 Exception <a 'java/lang/ClassNotFoundException'{0x000000070b30c888}: org/gradle/api/internal/tasks/DefaultTaskContainer_DecoratedCustomizer> (0x000000070b30c888) 
thrown [s\src\hotspot\share\classfile\systemDictionary.cpp, line 256]
Event: 53.986 Thread 0x000002f30b4d56c0 Exception <a 'java/lang/ClassNotFoundException'{0x000000070b0fa2a8}: build_bwp6lwhpausblazqg7jd89kttBeanInfo> (0x000000070b0fa2a8) 
thrown [s\src\hotspot\share\classfile\systemDictionary.cpp, line 256]
Event: 53.986 Thread 0x000002f30b4d56c0 Exception <a 'java/lang/ClassNotFoundException'{0x000000070b1ede30}: build_bwp6lwhpausblazqg7jd89kttCustomizer> (0x000000070b1ede30) 
thrown [s\src\hotspot\share\classfile\systemDictionary.cpp, line 256]
Event: 54.000 Thread 0x000002f30b4d56c0 Exception <a 'java/lang/ClassNotFoundException'{0x000000070ae568b8}: org/gradle/api/internal/initialization/DefaultScriptHandler_DecoratedBeanInfo> (0x000000070ae568b8) 
thrown [s\src\hotspot\share\classfile\systemDictionary.cpp, line 256]
Event: 54.001 Thread 0x000002f30b4d56c0 Exception <a 'java/lang/ClassNotFoundException'{0x000000070ae6bc70}: org/gradle/api/internal/initialization/DefaultScriptHandlerBeanInfo> (0x000000070ae6bc70) 
thrown [s\src\hotspot\share\classfile\systemDictionary.cpp, line 256]
Event: 54.003 Thread 0x000002f30b4d56c0 Exception <a 'java/lang/ClassNotFoundException'{0x000000070ae80ff8}: org/gradle/api/internal/initialization/DefaultScriptHandlerCustomizer> (0x000000070ae80ff8) 
thrown [s\src\hotspot\share\classfile\systemDictionary.cpp, line 256]
Event: 54.007 Thread 0x000002f30b4d56c0 Exception <a 'java/lang/ClassNotFoundException'{0x000000070aea3858}: org/gradle/api/internal/initialization/DefaultScriptHandler_DecoratedCustomizer> (0x000000070aea3858) 
thrown [s\src\hotspot\share\classfile\systemDictionary.cpp, line 256]

VM Operations (20 events):
Event: 47.408 Executing VM operation: G1PauseCleanup
Event: 47.408 Executing VM operation: G1PauseCleanup done
Event: 48.077 Executing VM operation: G1CollectForAllocation
Event: 48.081 Executing VM operation: G1CollectForAllocation done
Event: 48.205 Executing VM operation: G1CollectForAllocation
Event: 48.210 Executing VM operation: G1CollectForAllocation done
Event: 48.770 Executing VM operation: HandshakeAllThreads
Event: 48.770 Executing VM operation: HandshakeAllThreads done
Event: 48.774 Executing VM operation: HandshakeAllThreads
Event: 48.774 Executing VM operation: HandshakeAllThreads done
Event: 48.832 Executing VM operation: HandshakeAllThreads
Event: 48.832 Executing VM operation: HandshakeAllThreads done
Event: 49.213 Executing VM operation: ICBufferFull
Event: 49.213 Executing VM operation: ICBufferFull done
Event: 49.522 Executing VM operation: G1CollectForAllocation
Event: 49.526 Executing VM operation: G1CollectForAllocation done
Event: 49.868 Executing VM operation: HandshakeAllThreads
Event: 49.869 Executing VM operation: HandshakeAllThreads done
Event: 50.870 Executing VM operation: Cleanup
Event: 50.870 Executing VM operation: Cleanup done

Memory protections (0 events):
No events

Nmethod flushes (20 events):
Event: 40.989 Thread 0x000002f2d1c61e00 flushing  nmethod 0x000002f2b74a7a90
Event: 40.989 Thread 0x000002f2d1c61e00 flushing  nmethod 0x000002f2b7570710
Event: 40.989 Thread 0x000002f2d1c61e00 flushing  nmethod 0x000002f2b75a4490
Event: 40.990 Thread 0x000002f2d1c61e00 flushing  nmethod 0x000002f2b75f2f10
Event: 40.990 Thread 0x000002f2d1c61e00 flushing  nmethod 0x000002f2b7615990
Event: 40.990 Thread 0x000002f2d1c61e00 flushing  nmethod 0x000002f2b7615d10
Event: 40.990 Thread 0x000002f2d1c61e00 flushing  nmethod 0x000002f2b7616090
Event: 40.990 Thread 0x000002f2d1c61e00 flushing  nmethod 0x000002f2b7624610
Event: 40.990 Thread 0x000002f2d1c61e00 flushing  nmethod 0x000002f2b7624990
Event: 40.990 Thread 0x000002f2d1c61e00 flushing  nmethod 0x000002f2b7687710
Event: 40.990 Thread 0x000002f2d1c61e00 flushing  nmethod 0x000002f2b76f9890
Event: 40.991 Thread 0x000002f2d1c61e00 flushing  nmethod 0x000002f2b776aa90
Event: 40.991 Thread 0x000002f2d1c61e00 flushing  nmethod 0x000002f2b776ae10
Event: 48.832 Thread 0x000002f2d1c61e00 flushing osr nmethod 0x000002f2be159910
Event: 48.833 Thread 0x000002f2d1c61e00 flushing  nmethod 0x000002f2be318790
Event: 48.834 Thread 0x000002f2d1c61e00 flushing  nmethod 0x000002f2be4c4410
Event: 48.835 Thread 0x000002f2d1c61e00 flushing  nmethod 0x000002f2be5d0390
Event: 48.835 Thread 0x000002f2d1c61e00 flushing  nmethod 0x000002f2be60de90
Event: 48.835 Thread 0x000002f2d1c61e00 flushing  nmethod 0x000002f2be693190
Event: 48.838 Thread 0x000002f2d1c61e00 flushing  nmethod 0x000002f2b68eb210

Events (20 events):
Event: 41.000 Thread 0x000002f30b4d56c0 Thread added: 0x000002f30cd23fc0
Event: 41.006 Thread 0x000002f30b4d56c0 Thread added: 0x000002f30cd22670
Event: 41.148 Thread 0x000002f30b4d56c0 Thread added: 0x000002f30cd244d0
Event: 41.343 Thread 0x000002f30d88c190 Thread exited: 0x000002f30d88c190
Event: 41.352 Thread 0x000002f30d8891c0 Thread exited: 0x000002f30d8891c0
Event: 41.615 Thread 0x000002f2d1c23a50 Thread added: 0x000002f30ebca730
Event: 42.171 Thread 0x000002f2d1c23a50 Thread added: 0x000002f30ebcc710
Event: 43.666 Thread 0x000002f30b4d56c0 Thread added: 0x000002f30eaf69d0
Event: 44.218 Thread 0x000002f30ebcc710 Thread exited: 0x000002f30ebcc710
Event: 44.272 Thread 0x000002f30ebca730 Thread exited: 0x000002f30ebca730
Event: 44.529 Thread 0x000002f2d1c23a50 Thread added: 0x000002f30ebcb720
Event: 44.753 Thread 0x000002f30ebcb720 Thread exited: 0x000002f30ebcb720
Event: 45.915 Thread 0x000002f2d1c23a50 Thread added: 0x000002f30ebcb720
Event: 45.970 Thread 0x000002f30b4d56c0 Thread added: 0x000002f30eaf4b70
Event: 46.357 Thread 0x000002f2d1c23a50 Thread added: 0x000002f30ebccc60
Event: 48.031 Thread 0x000002f30ebccc60 Thread exited: 0x000002f30ebccc60
Event: 48.031 Thread 0x000002f30ebcb720 Thread exited: 0x000002f30ebcb720
Event: 49.022 Thread 0x000002f2d1c05ee0 Thread added: 0x000002f30ebcc710
Event: 50.390 Thread 0x000002f2d1c23a50 Thread added: 0x000002f30ebcf190
Event: 53.976 Thread 0x000002f30b4d56c0 Thread added: 0x000002f30eaf8320


Dynamic libraries:
0x00007ff6972c0000 - 0x00007ff6972ce000 	E:\JAVA\bin\java.exe
0x00007ffad2460000 - 0x00007ffad26c6000 	C:\WINDOWS\SYSTEM32\ntdll.dll
0x00007ffad12a0000 - 0x00007ffad1369000 	C:\WINDOWS\System32\KERNEL32.DLL
0x00007ffacfdd0000 - 0x00007ffad01ca000 	C:\WINDOWS\System32\KERNELBASE.dll
0x00007ffacfc80000 - 0x00007ffacfdcc000 	C:\WINDOWS\System32\ucrtbase.dll
0x00007ffab9050000 - 0x00007ffab9068000 	E:\JAVA\bin\jli.dll
0x00007ffaaf7e0000 - 0x00007ffaaf7fe000 	E:\JAVA\bin\VCRUNTIME140.dll
0x00007ffad2250000 - 0x00007ffad2417000 	C:\WINDOWS\System32\USER32.dll
0x00007ffacf910000 - 0x00007ffacf937000 	C:\WINDOWS\System32\win32u.dll
0x00007ffad18d0000 - 0x00007ffad18fb000 	C:\WINDOWS\System32\GDI32.dll
0x00007ffacfac0000 - 0x00007ffacfbeb000 	C:\WINDOWS\System32\gdi32full.dll
0x00007ffacf7b0000 - 0x00007ffacf853000 	C:\WINDOWS\System32\msvcp_win.dll
0x00007ffaba700000 - 0x00007ffaba992000 	C:\WINDOWS\WinSxS\amd64_microsoft.windows.common-controls_6595b64144ccf1df_6.0.26100.8521_none_3e08b75ce33403b3\COMCTL32.dll
0x00007ffad1820000 - 0x00007ffad18c9000 	C:\WINDOWS\System32\msvcrt.dll
0x00007ffad01d0000 - 0x00007ffad0202000 	C:\WINDOWS\System32\IMM32.DLL
0x00007ffabdba0000 - 0x00007ffabdbac000 	E:\JAVA\bin\vcruntime140_1.dll
0x00007ffa6fc50000 - 0x00007ffa6fcdd000 	E:\JAVA\bin\msvcp140.dll
0x00007ffa547d0000 - 0x00007ffa5543b000 	E:\JAVA\bin\server\jvm.dll
0x00007ffad0e60000 - 0x00007ffad0f16000 	C:\WINDOWS\System32\ADVAPI32.dll
0x00007ffad1900000 - 0x00007ffad19aa000 	C:\WINDOWS\System32\sechost.dll
0x00007ffad1700000 - 0x00007ffad1818000 	C:\WINDOWS\System32\RPCRT4.dll
0x00007ffad1a20000 - 0x00007ffad1aa0000 	C:\WINDOWS\System32\WS2_32.dll
0x00007ffacf550000 - 0x00007ffacf5ae000 	C:\WINDOWS\SYSTEM32\POWRPROF.dll
0x00007ffaba9a0000 - 0x00007ffaba9d6000 	C:\WINDOWS\SYSTEM32\WINMM.dll
0x00007ffabefa0000 - 0x00007ffabefab000 	C:\WINDOWS\SYSTEM32\VERSION.dll
0x00007ffacf530000 - 0x00007ffacf544000 	C:\WINDOWS\SYSTEM32\UMPDC.dll
0x00007fface440000 - 0x00007fface45b000 	C:\WINDOWS\SYSTEM32\kernel.appcore.dll
0x00007ffabdb10000 - 0x00007ffabdb1a000 	E:\JAVA\bin\jimage.dll
0x00007ffacce70000 - 0x00007ffacd0b2000 	C:\WINDOWS\SYSTEM32\DBGHELP.DLL
0x00007ffad0ad0000 - 0x00007ffad0e53000 	C:\WINDOWS\System32\combase.dll
0x00007ffad0fb0000 - 0x00007ffad1089000 	C:\WINDOWS\System32\OLEAUT32.dll
0x00007ffabb1d0000 - 0x00007ffabb20b000 	C:\WINDOWS\SYSTEM32\dbgcore.DLL
0x00007ffacf860000 - 0x00007ffacf908000 	C:\WINDOWS\System32\bcryptPrimitives.dll
0x00007ffabda90000 - 0x00007ffabda9e000 	E:\JAVA\bin\instrument.dll
0x00007ffaa66f0000 - 0x00007ffaa6715000 	E:\JAVA\bin\java.dll
0x00007ffa66e60000 - 0x00007ffa66f37000 	E:\JAVA\bin\jsvml.dll
0x00007ffad1ab0000 - 0x00007ffad2234000 	C:\WINDOWS\System32\SHELL32.dll
0x00007ffacd270000 - 0x00007ffacdaf0000 	C:\WINDOWS\SYSTEM32\windows.storage.dll
0x00007ffad0850000 - 0x00007ffad0946000 	C:\WINDOWS\System32\SHCORE.dll
0x00007ffad0720000 - 0x00007ffad0787000 	C:\WINDOWS\System32\shlwapi.dll
0x00007ffacf610000 - 0x00007ffacf639000 	C:\WINDOWS\SYSTEM32\profapi.dll
0x00007ffaa8ed0000 - 0x00007ffaa8ee8000 	E:\JAVA\bin\zip.dll
0x00007ffaac140000 - 0x00007ffaac15a000 	E:\JAVA\bin\net.dll
0x00007ffabfa20000 - 0x00007ffabfb49000 	C:\WINDOWS\SYSTEM32\WINHTTP.dll
0x00007fface990000 - 0x00007fface9fc000 	C:\WINDOWS\system32\mswsock.dll
0x00007ffaaa3c0000 - 0x00007ffaaa3d6000 	E:\JAVA\bin\nio.dll
0x00007ffabb4b0000 - 0x00007ffabb4c0000 	E:\JAVA\bin\verify.dll
0x00007ffab8d90000 - 0x00007ffab8db7000 	E:\gradle\native\c067742578af261105cb4f569cf0c3c89f3d7b1fecec35dd04571415982c5e48\windows-amd64\native-platform.dll
0x00007ffa94dc0000 - 0x00007ffa94f04000 	E:\gradle\native\100fb08df4bc3b14c8652ba06237920a3bd2aa13389f12d3474272988ae205f9\windows-amd64\native-platform-file-events.dll
0x00007ffabd970000 - 0x00007ffabd97a000 	E:\JAVA\bin\management.dll
0x00007ffabd830000 - 0x00007ffabd83c000 	E:\JAVA\bin\management_ext.dll
0x00007ffad2240000 - 0x00007ffad2248000 	C:\WINDOWS\System32\PSAPI.DLL
0x00007ffaced90000 - 0x00007ffacedab000 	C:\WINDOWS\SYSTEM32\CRYPTSP.dll
0x00007fface3a0000 - 0x00007fface3d9000 	C:\WINDOWS\system32\rsaenh.dll
0x00007ffacea40000 - 0x00007ffacea73000 	C:\WINDOWS\SYSTEM32\USERENV.dll
0x00007ffacf5e0000 - 0x00007ffacf60a000 	C:\WINDOWS\SYSTEM32\bcrypt.dll
0x00007ffacebf0000 - 0x00007ffacebfc000 	C:\WINDOWS\SYSTEM32\CRYPTBASE.dll
0x00007ffacde20000 - 0x00007ffacde53000 	C:\WINDOWS\SYSTEM32\IPHLPAPI.DLL
0x00007ffad19b0000 - 0x00007ffad19ba000 	C:\WINDOWS\System32\NSI.dll
0x00007ffac44d0000 - 0x00007ffac44ed000 	C:\WINDOWS\SYSTEM32\dhcpcsvc6.DLL
0x00007ffac44a0000 - 0x00007ffac44c5000 	C:\WINDOWS\SYSTEM32\dhcpcsvc.DLL
0x00007ffacdeb0000 - 0x00007ffacdffa000 	C:\WINDOWS\SYSTEM32\DNSAPI.dll
0x00007fface7d0000 - 0x00007fface7dd000 	C:\WINDOWS\SYSTEM32\DSPARSE.dll
0x00007ffabd7f0000 - 0x00007ffabd7f9000 	E:\JAVA\bin\extnet.dll
0x00007ffabdaa0000 - 0x00007ffabdaae000 	E:\JAVA\bin\sunmscapi.dll
0x00007ffacf940000 - 0x00007ffacfab8000 	C:\WINDOWS\System32\CRYPT32.dll
0x00007ffaceef0000 - 0x00007ffacef20000 	C:\WINDOWS\SYSTEM32\ncrypt.dll
0x00007ffaceea0000 - 0x00007ffaceedf000 	C:\WINDOWS\SYSTEM32\NTASN1.dll
0x00007ffab7250000 - 0x00007ffab7258000 	C:\WINDOWS\system32\wshunix.dll
0x00007ffabe350000 - 0x00007ffabe368000 	C:\WINDOWS\system32\napinsp.dll
0x00007ffabe310000 - 0x00007ffabe323000 	C:\WINDOWS\System32\winrnr.dll
0x00007ffa69ff0000 - 0x00007ffa6a012000 	C:\WINDOWS\system32\nlansp_c.dll
0x00007ffabd6b0000 - 0x00007ffabd6c6000 	C:\WINDOWS\system32\wshbth.dll
0x00007ffac0c80000 - 0x00007ffac0c8b000 	C:\Windows\System32\rasadhlp.dll
0x00007ffac5520000 - 0x00007ffac55a6000 	C:\WINDOWS\System32\fwpuclnt.dll

dbghelp: loaded successfully - version: 4.0.5 - missing functions: none
symbol engine: initialized successfully - sym options: 0x614 - pdb path: .;E:\JAVA\bin;C:\WINDOWS\SYSTEM32;C:\WINDOWS\WinSxS\amd64_microsoft.windows.common-controls_6595b64144ccf1df_6.0.26100.8521_none_3e08b75ce33403b3;E:\JAVA\bin\server;E:\gradle\native\c067742578af261105cb4f569cf0c3c89f3d7b1fecec35dd04571415982c5e48\windows-amd64;E:\gradle\native\100fb08df4bc3b14c8652ba06237920a3bd2aa13389f12d3474272988ae205f9\windows-amd64

VM Arguments:
jvm_args: --add-opens=java.base/java.lang=ALL-UNNAMED --add-opens=java.base/java.lang.invoke=ALL-UNNAMED --add-opens=java.base/java.util=ALL-UNNAMED --add-opens=java.prefs/java.util.prefs=ALL-UNNAMED --add-exports=jdk.compiler/com.sun.tools.javac.api=ALL-UNNAMED --add-exports=jdk.compiler/com.sun.tools.javac.util=ALL-UNNAMED --add-opens=java.base/java.util=ALL-UNNAMED --add-opens=java.prefs/java.util.prefs=ALL-UNNAMED --add-opens=java.base/java.nio.charset=ALL-UNNAMED --add-opens=java.base/java.net=ALL-UNNAMED --add-opens=java.base/java.util.concurrent.atomic=ALL-UNNAMED --add-opens=java.xml/javax.xml.namespace=ALL-UNNAMED -XX:MaxMetaspaceSize=1024m -Xmx4096m -Dfile.encoding=UTF-8 -Duser.country=US -Duser.language=en -Duser.variant -javaagent:E:\gradle\wrapper\dists\gradle-8.11.1-all\2qik7nd48slq1ooc2496ixf4i\gradle-8.11.1\lib\agents\gradle-instrumentation-agent-8.11.1.jar 
java_command: org.gradle.launcher.daemon.bootstrap.GradleDaemon 8.11.1
java_class_path (initial): E:\gradle\wrapper\dists\gradle-8.11.1-all\2qik7nd48slq1ooc2496ixf4i\gradle-8.11.1\lib\gradle-daemon-main-8.11.1.jar
Launcher Type: SUN_STANDARD

[Global flags]
     intx CICompilerCount                          = 4                                         {product} {ergonomic}
   size_t CompressedClassSpaceSize                 = 872415232                                 {product} {ergonomic}
     uint ConcGCThreads                            = 2                                         {product} {ergonomic}
     uint G1ConcRefinementThreads                  = 8                                         {product} {ergonomic}
   size_t G1HeapRegionSize                         = 2097152                                   {product} {ergonomic}
    uintx GCDrainStackTargetSize                   = 64                                        {product} {ergonomic}
   size_t InitialHeapSize                          = 264241152                                 {product} {ergonomic}
   size_t MarkStackSize                            = 4194304                                   {product} {ergonomic}
   size_t MaxHeapSize                              = 4294967296                                {product} {command line}
   size_t MaxMetaspaceSize                         = 1073741824                                {product} {command line}
   size_t MaxNewSize                               = 2575302656                                {product} {ergonomic}
   size_t MinHeapDeltaBytes                        = 2097152                                   {product} {ergonomic}
   size_t MinHeapSize                              = 8388608                                   {product} {ergonomic}
    uintx NonNMethodCodeHeapSize                   = 5839372                                {pd product} {ergonomic}
    uintx NonProfiledCodeHeapSize                  = 122909434                              {pd product} {ergonomic}
    uintx ProfiledCodeHeapSize                     = 122909434                              {pd product} {ergonomic}
    uintx ReservedCodeCacheSize                    = 251658240                              {pd product} {ergonomic}
     bool SegmentedCodeCache                       = true                                      {product} {ergonomic}
   size_t SoftMaxHeapSize                          = 4294967296                             {manageable} {ergonomic}
     bool UseCompressedClassPointers               = true                           {product lp64_product} {ergonomic}
     bool UseCompressedOops                        = true                           {product lp64_product} {ergonomic}
     bool UseG1GC                                  = true                                      {product} {ergonomic}
     bool UseLargePagesIndividualAllocation        = false                                  {pd product} {ergonomic}

Logging:
Log output configuration:
 #0: stdout all=warning uptime,level,tags
 #1: stderr all=off uptime,level,tags

Environment Variables:
JAVA_HOME=E:\JAVA
CLASSPATH=E:\voice_test\android\\gradle\wrapper\gradle-wrapper.jar
PATH=E:\JAVA\bin;C:\Program Files\Common Files\Oracle\Java\javapath;C:\WINDOWS\system32;C:\WINDOWS;C:\WINDOWS\System32\Wbem;C:\WINDOWS\System32\WindowsPowerShell\v1.0\;C:\WINDOWS\System32\OpenSSH\;C:\Program Files\Git\cmd;C:\Program Files\Microsoft SQL Server\170\Tools\Binn\;C:\Program Files\Microsoft SQL Server\Client SDK\ODBC\170\Tools\Binn\;C:\Program Files\Microsoft SQL Server\170\DTS\Binn\;C:\Program Files\dotnet\;D:\Basira\;C:\ProgramData\chocolatey\bin;E:\JAVA\bin;E:\DOWNLOAD\New folder (2)\bin;C:\Program Files\Common Files\Oracle\Java\javapath;C:\WINDOWS\system32;C:\WINDOWS;C:\WINDOWS\System32\Wbem;C:\WINDOWS\System32\WindowsPowerShell\v1.0\;C:\WINDOWS\System32\OpenSSH\;C:\Program Files\Git\cmd;C:\Program Files\Microsoft SQL Server\170\Tools\Binn\;C:\Program Files\Microsoft SQL Server\Client SDK\ODBC\170\Tools\Binn\;C:\Program Files\Microsoft SQL Server\170\DTS\Binn\;C:\Program Files\dotnet\;D:\Basira\;C:\ProgramData\chocolatey\bin;C:\WINDOWS\system32;C:\WINDOWS;C:\WINDOWS\System32\Wbem;C:\WINDOWS\System32\WindowsPowerShell\v1.0\;C:\WINDOWS\System32\OpenSSH\;C:\Program Files\Git\cmd;C:\Program Files\Microsoft SQL Server\170\Tools\Binn\;C:\Program Files\Microsoft SQL Server\Client SDK\ODBC\170\Tools\Binn\;C:\Program Files\Microsoft SQL Server\170\DTS\Binn\;C:\Program Files\dotnet\;D:\Basira\;C:\ProgramData\chocolatey\bin;C:\Users\DELL\AppData\Local\Programs\Python\Python310\Scripts\;C:\Users\DELL\AppData\Local\Programs\Python\Python310\;C:\Users\DELL\AppData\Local\Prog;E:\flutter\bin;D:\download\Antigravity\bin;;c:\Users\DELL\.antigravity\extensions\ms-python.debugpy-2026.6.0-win32-x64\bundled\scripts\noConfigScripts;E:\flutter\bin\mingit\cmd
USERNAME=DELL
LANG=en_US.UTF-8
OS=Windows_NT
PROCESSOR_IDENTIFIER=Intel64 Family 6 Model 142 Stepping 12, GenuineIntel
TMP=C:\Users\DELL\AppData\Local\Temp
TEMP=C:\Users\DELL\AppData\Local\Temp



Periodic native trim disabled


---------------  S Y S T E M  ---------------

OS:
 Windows 11 , 64 bit Build 26100 (10.0.26100.8521)
OS uptime: 1 days 8:11 hours
Hyper-V role detected

CPU: total 8 (initial active 8) (4 cores per cpu, 2 threads per core) family 6 model 142 stepping 12 microcode 0xf8, cx8, cmov, fxsr, ht, mmx, 3dnowpref, sse, sse2, sse3, ssse3, sse4.1, sse4.2, popcnt, lzcnt, tsc, tscinvbit, avx, avx2, aes, erms, clmul, bmi1, bmi2, adx, fma, vzeroupper, clflush, clflushopt, hv
Processor Information for all 8 processors :
  Max Mhz: 2304, Current Mhz: 1803, Mhz Limit: 1797

Memory: 4k page, system-wide physical 16043M (2287M free)
TotalPageFile size 19538M (AvailPageFile size 2M)
current process WorkingSet (physical memory assigned to process): 493M, peak: 519M
current process commit charge ("private bytes"): 531M, peak: 557M

vm_info: OpenJDK 64-Bit Server VM (17.0.18+8) for windows-amd64 JRE (17.0.18+8), built on Jan 20 2026 22:28:22 by "admin" with MS VC++ 17.12 (VS2022)

END.
