#
# There is insufficient memory for the Java Runtime Environment to continue.
# Native memory allocation (malloc) failed to allocate 131088 bytes. Error detail: Chunk::new
# Possible reasons:
#   The system is out of physical RAM or swap space
#   This process is running with CompressedOops enabled, and the Java Heap may be blocking the growth of the native heap
# Possible solutions:
#   Reduce memory load on the system
#   Increase physical memory or swap space
#   Check if swap backing store is full
#   Decrease Java heap size (-Xmx/-Xms)
#   Decrease number of Java threads
#   Decrease Java thread stack sizes (-Xss)
#   Set larger code cache with -XX:ReservedCodeCacheSize=
#   JVM is running with Zero Based Compressed Oops mode in which the Java heap is
#     placed in the first 32GB address space. The Java Heap base address is the
#     maximum limit for the native heap growth. Please use -XX:HeapBaseMinAddress
#     to set the Java Heap base and to place the Java Heap above 32GB virtual address.
# This output file may be truncated or incomplete.
#
#  Out of Memory Error (arena.cpp:191), pid=24720, tid=17792
#
# JRE version: OpenJDK Runtime Environment Temurin-17.0.18+8 (17.0.18+8) (build 17.0.18+8)
# Java VM: OpenJDK 64-Bit Server VM Temurin-17.0.18+8 (17.0.18+8, mixed mode, sharing, tiered, compressed oops, compressed class ptrs, g1 gc, windows-amd64)
# No core dump will be written. Minidumps are not enabled by default on client versions of Windows
#

---------------  S U M M A R Y ------------

Command Line: org.jetbrains.kotlin.cli.jvm.K2JVMCompiler @E:\voice_test\build\image_picker_android\20260504_14908575581644896660.compiler.options

Host: Intel(R) Core(TM) i7-10610U CPU @ 1.80GHz, 8 cores, 15G,  Windows 11 , 64 bit Build 26100 (10.0.26100.8328)
Time: Mon May  4 23:39:06 2026 Egypt Daylight Time elapsed time: 21.841375 seconds (0d 0h 0m 21s)

---------------  T H R E A D  ---------------

Current thread (0x000002529ca87ed0):  JavaThread "C2 CompilerThread0" daemon [_thread_in_native, id=17792, stack(0x0000008323200000,0x0000008323300000)]


Current CompileTask:
C2:21842 6153   !   4       jdk.internal.loader.BuiltinClassLoader::findClassOnClassPathOrNull (64 bytes)

Stack: [0x0000008323200000,0x0000008323300000]
Native frames: (J=compiled Java code, j=interpreted, Vv=VM code, C=native code)
V  [jvm.dll+0x6846f9]
V  [jvm.dll+0x839ea5]
V  [jvm.dll+0x83b91e]
V  [jvm.dll+0x83bfa3]
V  [jvm.dll+0x248eff]
V  [jvm.dll+0xad496]
V  [jvm.dll+0xadb3c]
V  [jvm.dll+0x6a9c2f]
V  [jvm.dll+0x6aa095]
V  [jvm.dll+0x6abc67]
V  [jvm.dll+0x6aa64a]
V  [jvm.dll+0x21add4]
V  [jvm.dll+0x2190fe]
V  [jvm.dll+0x1a4920]
V  [jvm.dll+0x22989a]
V  [jvm.dll+0x227a4b]
V  [jvm.dll+0x7f0658]
V  [jvm.dll+0x7eaaec]
V  [jvm.dll+0x6835c7]
C  [ucrtbase.dll+0x37b0]
C  [KERNEL32.DLL+0x2e957]
C  [ntdll.dll+0x427c]


---------------  P R O C E S S  ---------------

Threads class SMR info:
_java_thread_list=0x00000252e2dfbb80, length=13, elements={
0x00000252f6a9e640, 0x00000252ff172720, 0x00000252ff175c60, 0x000002529ca7e600,
0x000002529ca80fe0, 0x000002529ca819a0, 0x000002529ca82360, 0x000002529ca87ed0,
0x000002529cafbb80, 0x000002529cafe4b0, 0x000002529cbc9d40, 0x000002529cbd4900,
0x00000252e2dfc780
}

Java Threads: ( => current thread )
  0x00000252f6a9e640 JavaThread "main" [_thread_in_vm, id=21616, stack(0x0000008322500000,0x0000008322600000)]
  0x00000252ff172720 JavaThread "Reference Handler" daemon [_thread_blocked, id=3712, stack(0x0000008322c00000,0x0000008322d00000)]
  0x00000252ff175c60 JavaThread "Finalizer" daemon [_thread_blocked, id=20252, stack(0x0000008322d00000,0x0000008322e00000)]
  0x000002529ca7e600 JavaThread "Signal Dispatcher" daemon [_thread_blocked, id=19696, stack(0x0000008322e00000,0x0000008322f00000)]
  0x000002529ca80fe0 JavaThread "Attach Listener" daemon [_thread_blocked, id=25324, stack(0x0000008322f00000,0x0000008323000000)]
  0x000002529ca819a0 JavaThread "Service Thread" daemon [_thread_blocked, id=24964, stack(0x0000008323000000,0x0000008323100000)]
  0x000002529ca82360 JavaThread "Monitor Deflation Thread" daemon [_thread_blocked, id=20676, stack(0x0000008323100000,0x0000008323200000)]
=>0x000002529ca87ed0 JavaThread "C2 CompilerThread0" daemon [_thread_in_native, id=17792, stack(0x0000008323200000,0x0000008323300000)]
  0x000002529cafbb80 JavaThread "C1 CompilerThread0" daemon [_thread_blocked, id=8032, stack(0x0000008323300000,0x0000008323400000)]
  0x000002529cafe4b0 JavaThread "Sweeper thread" daemon [_thread_blocked, id=7932, stack(0x0000008323400000,0x0000008323500000)]
  0x000002529cbc9d40 JavaThread "Notification Thread" daemon [_thread_blocked, id=16512, stack(0x0000008323500000,0x0000008323600000)]
  0x000002529cbd4900 JavaThread "Common-Cleaner" daemon [_thread_blocked, id=11464, stack(0x0000008323700000,0x0000008323800000)]
  0x00000252e2dfc780 JavaThread "C2 CompilerThread1" daemon [_thread_in_native, id=10992, stack(0x0000008323d00000,0x0000008323e00000)]

Other Threads:
  0x00000252ff16ced0 VMThread "VM Thread" [stack: 0x0000008322b00000,0x0000008322c00000] [id=19624]
  0x000002529cbcc230 WatcherThread [stack: 0x0000008323600000,0x0000008323700000] [id=20820]
  0x00000252f8d279d0 GCTaskThread "GC Thread#0" [stack: 0x0000008322600000,0x0000008322700000] [id=16640]
  0x00000252e231f3c0 GCTaskThread "GC Thread#1" [stack: 0x0000008323800000,0x0000008323900000] [id=21712]
  0x00000252e231f680 GCTaskThread "GC Thread#2" [stack: 0x0000008323900000,0x0000008323a00000] [id=22864]
  0x00000252e231f940 GCTaskThread "GC Thread#3" [stack: 0x0000008323a00000,0x0000008323b00000] [id=18604]
  0x00000252e231fc00 GCTaskThread "GC Thread#4" [stack: 0x0000008323b00000,0x0000008323c00000] [id=15020]
  0x00000252e23202d0 GCTaskThread "GC Thread#5" [stack: 0x0000008323c00000,0x0000008323d00000] [id=25596]
  0x00000252e2affaf0 GCTaskThread "GC Thread#6" [stack: 0x0000008323e00000,0x0000008323f00000] [id=2024]
  0x00000252e2affdb0 GCTaskThread "GC Thread#7" [stack: 0x0000008323f00000,0x0000008324000000] [id=21412]
  0x00000252f8d383e0 ConcurrentGCThread "G1 Main Marker" [stack: 0x0000008322700000,0x0000008322800000] [id=10132]
  0x00000252f8d38e00 ConcurrentGCThread "G1 Conc#0" [stack: 0x0000008322800000,0x0000008322900000] [id=23316]
  0x00000252e3ce2c90 ConcurrentGCThread "G1 Conc#1" [stack: 0x0000008324000000,0x0000008324100000] [id=16036]
  0x00000252f8d6e4f0 ConcurrentGCThread "G1 Refine#0" [stack: 0x0000008322900000,0x0000008322a00000] [id=1084]
  0x00000252ff01e140 ConcurrentGCThread "G1 Service" [stack: 0x0000008322a00000,0x0000008322b00000] [id=14648]

Threads with active compile tasks:
C2 CompilerThread0  21875 6153   !   4       jdk.internal.loader.BuiltinClassLoader::findClassOnClassPathOrNull (64 bytes)
C2 CompilerThread1  21875 6161       4       java.lang.ClassLoader::loadClass (7 bytes)

VM state: not at safepoint (normal execution)

VM Mutex/Monitor currently owned by a thread:  ([mutex/lock_event])
[0x00000252f6a9b7a0] Metaspace_lock - owner thread: 0x00000252f6a9e640

Heap address: 0x0000000705400000, size: 4012 MB, Compressed Oops mode: Zero based, Oop shift amount: 3

CDS archive(s) mapped at: [0x000002529d000000-0x000002529dbb0000-0x000002529dbb0000), size 12255232, SharedBaseAddress: 0x000002529d000000, ArchiveRelocationMode: 1.
Compressed class space mapped at: 0x000002529e000000-0x00000252de000000, reserved size: 1073741824
Narrow klass base: 0x000002529d000000, Narrow klass shift: 0, Narrow klass range: 0x100000000

GC Precious Log:
 CPUs: 8 total, 8 available
 Memory: 16043M
 Large Page Support: Disabled
 NUMA Support: Disabled
 Compressed Oops: Enabled (Zero based)
 Heap Region Size: 2M
 Heap Min Capacity: 8M
 Heap Initial Capacity: 252M
 Heap Max Capacity: 4012M
 Pre-touch: Disabled
 Parallel Workers: 8
 Concurrent Workers: 2
 Concurrent Refinement Workers: 8
 Periodic GC: Disabled

Heap:
 garbage-first heap   total 157696K, used 62877K [0x0000000705400000, 0x0000000800000000)
  region size 2048K, 11 young (22528K), 1 survivors (2048K)
 Metaspace       used 48713K, committed 48960K, reserved 1114112K
  class space    used 5698K, committed 5824K, reserved 1048576K

Heap Regions: E=young(eden), S=young(survivor), O=old, HS=humongous(starts), HC=humongous(continues), CS=collection set, F=free, OA=open archive, CA=closed archive, TAMS=top-at-mark-start (previous, next)
|   0|0x0000000705400000, 0x0000000705600000, 0x0000000705600000|100%|HS|  |TAMS 0x0000000705600000, 0x0000000705400000| Complete 
|   1|0x0000000705600000, 0x0000000705800000, 0x0000000705800000|100%|HC|  |TAMS 0x0000000705800000, 0x0000000705600000| Complete 
|   2|0x0000000705800000, 0x0000000705a00000, 0x0000000705a00000|100%| O|  |TAMS 0x0000000705a00000, 0x0000000705800000| Untracked 
|   3|0x0000000705a00000, 0x0000000705c00000, 0x0000000705c00000|100%| O|  |TAMS 0x0000000705c00000, 0x0000000705a00000| Untracked 
|   4|0x0000000705c00000, 0x0000000705e00000, 0x0000000705e00000|100%| O|  |TAMS 0x0000000705e00000, 0x0000000705c00000| Untracked 
|   5|0x0000000705e00000, 0x0000000706000000, 0x0000000706000000|100%| O|  |TAMS 0x0000000706000000, 0x0000000705e00000| Untracked 
|   6|0x0000000706000000, 0x0000000706200000, 0x0000000706200000|100%| O|  |TAMS 0x0000000706200000, 0x0000000706000000| Untracked 
|   7|0x0000000706200000, 0x0000000706400000, 0x0000000706400000|100%| O|  |TAMS 0x0000000706400000, 0x0000000706200000| Untracked 
|   8|0x0000000706400000, 0x0000000706600000, 0x0000000706600000|100%| O|  |TAMS 0x0000000706600000, 0x0000000706400000| Untracked 
|   9|0x0000000706600000, 0x0000000706800000, 0x0000000706800000|100%| O|  |TAMS 0x0000000706800000, 0x0000000706600000| Untracked 
|  10|0x0000000706800000, 0x0000000706a00000, 0x0000000706a00000|100%| O|  |TAMS 0x0000000706a00000, 0x0000000706800000| Untracked 
|  11|0x0000000706a00000, 0x0000000706c00000, 0x0000000706c00000|100%| O|  |TAMS 0x0000000706c00000, 0x0000000706a00000| Untracked 
|  12|0x0000000706c00000, 0x0000000706e00000, 0x0000000706e00000|100%| O|  |TAMS 0x0000000706e00000, 0x0000000706c00000| Untracked 
|  13|0x0000000706e00000, 0x0000000707000000, 0x0000000707000000|100%| O|  |TAMS 0x0000000707000000, 0x0000000706e00000| Untracked 
|  14|0x0000000707000000, 0x0000000707200000, 0x0000000707200000|100%| O|  |TAMS 0x0000000707200000, 0x0000000707000000| Untracked 
|  15|0x0000000707200000, 0x0000000707400000, 0x0000000707400000|100%| O|  |TAMS 0x0000000707351c00, 0x0000000707200000| Untracked 
|  16|0x0000000707400000, 0x0000000707600000, 0x0000000707600000|100%| O|  |TAMS 0x0000000707400000, 0x0000000707400000| Untracked 
|  17|0x0000000707600000, 0x0000000707800000, 0x0000000707800000|100%| O|  |TAMS 0x0000000707600000, 0x0000000707600000| Untracked 
|  18|0x0000000707800000, 0x0000000707a00000, 0x0000000707a00000|100%| O|  |TAMS 0x0000000707800000, 0x0000000707800000| Untracked 
|  19|0x0000000707a00000, 0x0000000707c00000, 0x0000000707c00000|100%| O|  |TAMS 0x0000000707a00000, 0x0000000707a00000| Untracked 
|  20|0x0000000707c00000, 0x0000000707db7400, 0x0000000707e00000| 85%| O|  |TAMS 0x0000000707c00000, 0x0000000707c00000| Untracked 
|  21|0x0000000707e00000, 0x0000000707e00000, 0x0000000708000000|  0%| F|  |TAMS 0x0000000707e00000, 0x0000000707e00000| Untracked 
|  22|0x0000000708000000, 0x0000000708000000, 0x0000000708200000|  0%| F|  |TAMS 0x0000000708000000, 0x0000000708000000| Untracked 
|  23|0x0000000708200000, 0x0000000708200000, 0x0000000708400000|  0%| F|  |TAMS 0x0000000708200000, 0x0000000708200000| Untracked 
|  24|0x0000000708400000, 0x0000000708400000, 0x0000000708600000|  0%| F|  |TAMS 0x0000000708400000, 0x0000000708400000| Untracked 
|  25|0x0000000708600000, 0x0000000708600000, 0x0000000708800000|  0%| F|  |TAMS 0x0000000708600000, 0x0000000708600000| Untracked 
|  26|0x0000000708800000, 0x0000000708800000, 0x0000000708a00000|  0%| F|  |TAMS 0x0000000708800000, 0x0000000708800000| Untracked 
|  27|0x0000000708a00000, 0x0000000708a00000, 0x0000000708c00000|  0%| F|  |TAMS 0x0000000708a00000, 0x0000000708a00000| Untracked 
|  28|0x0000000708c00000, 0x0000000708c00000, 0x0000000708e00000|  0%| F|  |TAMS 0x0000000708c00000, 0x0000000708c00000| Untracked 
|  29|0x0000000708e00000, 0x0000000708e00000, 0x0000000709000000|  0%| F|  |TAMS 0x0000000708e00000, 0x0000000708e00000| Untracked 
|  30|0x0000000709000000, 0x0000000709000000, 0x0000000709200000|  0%| F|  |TAMS 0x0000000709000000, 0x0000000709000000| Untracked 
|  31|0x0000000709200000, 0x0000000709200000, 0x0000000709400000|  0%| F|  |TAMS 0x0000000709200000, 0x0000000709200000| Untracked 
|  32|0x0000000709400000, 0x0000000709400000, 0x0000000709600000|  0%| F|  |TAMS 0x0000000709400000, 0x0000000709400000| Untracked 
|  33|0x0000000709600000, 0x0000000709600000, 0x0000000709800000|  0%| F|  |TAMS 0x0000000709600000, 0x0000000709600000| Untracked 
|  34|0x0000000709800000, 0x0000000709800000, 0x0000000709a00000|  0%| F|  |TAMS 0x0000000709800000, 0x0000000709800000| Untracked 
|  35|0x0000000709a00000, 0x0000000709a00000, 0x0000000709c00000|  0%| F|  |TAMS 0x0000000709a00000, 0x0000000709a00000| Untracked 
|  36|0x0000000709c00000, 0x0000000709c00000, 0x0000000709e00000|  0%| F|  |TAMS 0x0000000709c00000, 0x0000000709c00000| Untracked 
|  37|0x0000000709e00000, 0x0000000709e00000, 0x000000070a000000|  0%| F|  |TAMS 0x0000000709e00000, 0x0000000709e00000| Untracked 
|  38|0x000000070a000000, 0x000000070a000000, 0x000000070a200000|  0%| F|  |TAMS 0x000000070a000000, 0x000000070a000000| Untracked 
|  39|0x000000070a200000, 0x000000070a200000, 0x000000070a400000|  0%| F|  |TAMS 0x000000070a200000, 0x000000070a200000| Untracked 
|  40|0x000000070a400000, 0x000000070a400000, 0x000000070a600000|  0%| F|  |TAMS 0x000000070a400000, 0x000000070a400000| Untracked 
|  41|0x000000070a600000, 0x000000070a600000, 0x000000070a800000|  0%| F|  |TAMS 0x000000070a600000, 0x000000070a600000| Untracked 
|  42|0x000000070a800000, 0x000000070a800000, 0x000000070aa00000|  0%| F|  |TAMS 0x000000070a800000, 0x000000070a800000| Untracked 
|  43|0x000000070aa00000, 0x000000070aa00000, 0x000000070ac00000|  0%| F|  |TAMS 0x000000070aa00000, 0x000000070aa00000| Untracked 
|  44|0x000000070ac00000, 0x000000070ac00000, 0x000000070ae00000|  0%| F|  |TAMS 0x000000070ac00000, 0x000000070ac00000| Untracked 
|  45|0x000000070ae00000, 0x000000070ae00000, 0x000000070b000000|  0%| F|  |TAMS 0x000000070ae00000, 0x000000070ae00000| Untracked 
|  46|0x000000070b000000, 0x000000070b000000, 0x000000070b200000|  0%| F|  |TAMS 0x000000070b000000, 0x000000070b000000| Untracked 
|  47|0x000000070b200000, 0x000000070b200000, 0x000000070b400000|  0%| F|  |TAMS 0x000000070b200000, 0x000000070b200000| Untracked 
|  48|0x000000070b400000, 0x000000070b400000, 0x000000070b600000|  0%| F|  |TAMS 0x000000070b400000, 0x000000070b400000| Untracked 
|  49|0x000000070b600000, 0x000000070b600000, 0x000000070b800000|  0%| F|  |TAMS 0x000000070b600000, 0x000000070b600000| Untracked 
|  50|0x000000070b800000, 0x000000070b800000, 0x000000070ba00000|  0%| F|  |TAMS 0x000000070b800000, 0x000000070b800000| Untracked 
|  51|0x000000070ba00000, 0x000000070ba00000, 0x000000070bc00000|  0%| F|  |TAMS 0x000000070ba00000, 0x000000070ba00000| Untracked 
|  52|0x000000070bc00000, 0x000000070bc00000, 0x000000070be00000|  0%| F|  |TAMS 0x000000070bc00000, 0x000000070bc00000| Untracked 
|  53|0x000000070be00000, 0x000000070be00000, 0x000000070c000000|  0%| F|  |TAMS 0x000000070be00000, 0x000000070be00000| Untracked 
|  54|0x000000070c000000, 0x000000070c000000, 0x000000070c200000|  0%| F|  |TAMS 0x000000070c000000, 0x000000070c000000| Untracked 
|  55|0x000000070c200000, 0x000000070c200000, 0x000000070c400000|  0%| F|  |TAMS 0x000000070c200000, 0x000000070c200000| Untracked 
|  56|0x000000070c400000, 0x000000070c400000, 0x000000070c600000|  0%| F|  |TAMS 0x000000070c400000, 0x000000070c400000| Untracked 
|  57|0x000000070c600000, 0x000000070c600000, 0x000000070c800000|  0%| F|  |TAMS 0x000000070c600000, 0x000000070c600000| Untracked 
|  58|0x000000070c800000, 0x000000070c800000, 0x000000070ca00000|  0%| F|  |TAMS 0x000000070c800000, 0x000000070c800000| Untracked 
|  59|0x000000070ca00000, 0x000000070ca00000, 0x000000070cc00000|  0%| F|  |TAMS 0x000000070ca00000, 0x000000070ca00000| Untracked 
|  60|0x000000070cc00000, 0x000000070cc00000, 0x000000070ce00000|  0%| F|  |TAMS 0x000000070cc00000, 0x000000070cc00000| Untracked 
|  61|0x000000070ce00000, 0x000000070ce00000, 0x000000070d000000|  0%| F|  |TAMS 0x000000070ce00000, 0x000000070ce00000| Untracked 
|  62|0x000000070d000000, 0x000000070d000000, 0x000000070d200000|  0%| F|  |TAMS 0x000000070d000000, 0x000000070d000000| Untracked 
|  63|0x000000070d200000, 0x000000070d200000, 0x000000070d400000|  0%| F|  |TAMS 0x000000070d200000, 0x000000070d200000| Untracked 
|  64|0x000000070d400000, 0x000000070d400000, 0x000000070d600000|  0%| F|  |TAMS 0x000000070d400000, 0x000000070d400000| Untracked 
|  65|0x000000070d600000, 0x000000070d600000, 0x000000070d800000|  0%| F|  |TAMS 0x000000070d600000, 0x000000070d600000| Untracked 
|  66|0x000000070d800000, 0x000000070da00000, 0x000000070da00000|100%| E|  |TAMS 0x000000070d800000, 0x000000070d800000| Complete 
|  67|0x000000070da00000, 0x000000070dc00000, 0x000000070dc00000|100%| E|CS|TAMS 0x000000070da00000, 0x000000070da00000| Complete 
|  68|0x000000070dc00000, 0x000000070de00000, 0x000000070de00000|100%| E|CS|TAMS 0x000000070dc00000, 0x000000070dc00000| Complete 
|  69|0x000000070de00000, 0x000000070e000000, 0x000000070e000000|100%| E|CS|TAMS 0x000000070de00000, 0x000000070de00000| Complete 
|  70|0x000000070e000000, 0x000000070e200000, 0x000000070e200000|100%| E|CS|TAMS 0x000000070e000000, 0x000000070e000000| Complete 
| 106|0x0000000712800000, 0x0000000712a00000, 0x0000000712a00000|100%| E|CS|TAMS 0x0000000712800000, 0x0000000712800000| Complete 
| 107|0x0000000712a00000, 0x0000000712c00000, 0x0000000712c00000|100%| E|CS|TAMS 0x0000000712a00000, 0x0000000712a00000| Complete 
| 108|0x0000000712c00000, 0x0000000712db0228, 0x0000000712e00000| 84%| S|CS|TAMS 0x0000000712c00000, 0x0000000712c00000| Complete 
| 109|0x0000000712e00000, 0x0000000713000000, 0x0000000713000000|100%| E|CS|TAMS 0x0000000712e00000, 0x0000000712e00000| Complete 
| 110|0x0000000713000000, 0x0000000713200000, 0x0000000713200000|100%| E|CS|TAMS 0x0000000713000000, 0x0000000713000000| Complete 
| 125|0x0000000714e00000, 0x0000000715000000, 0x0000000715000000|100%| E|CS|TAMS 0x0000000714e00000, 0x0000000714e00000| Complete 

Card table byte_map: [0x00000252f9880000,0x00000252fa060000] _byte_map_base: 0x00000252f6056000

Marking Bits (Prev, Next): (CMBitMap*) 0x00000252f8d28030, (CMBitMap*) 0x00000252f8d27ff0
 Prev Bits: [0x0000025296ab0000, 0x000002529a960000)
 Next Bits: [0x00000252fa840000, 0x00000252fe6f0000)

Polling page: 0x00000252f6cb0000

Metaspace:

Usage:
  Non-class:     42.01 MB used.
      Class:      5.56 MB used.
       Both:     47.57 MB used.

Virtual space:
  Non-class space:       64.00 MB reserved,      42.12 MB ( 66%) committed,  1 nodes.
      Class space:        1.00 GB reserved,       5.69 MB ( <1%) committed,  1 nodes.
             Both:        1.06 GB reserved,      47.81 MB (  4%) committed. 

Chunk freelists:
   Non-Class:  4.48 MB
       Class:  10.32 MB
        Both:  14.80 MB

MaxMetaspaceSize: unlimited
CompressedClassSpaceSize: 1.00 GB
Initial GC threshold: 21.00 MB
Current GC threshold: 75.88 MB
CDS: on
MetaspaceReclaimPolicy: balanced
 - commit_granule_bytes: 65536.
 - commit_granule_words: 8192.
 - virtual_space_node_default_size: 8388608.
 - enlarge_chunks_in_place: 1.
 - new_chunks_are_fully_committed: 0.
 - uncommit_free_chunks: 1.
 - use_allocation_guard: 0.
 - handle_deallocations: 1.


Internal statistics:

num_allocs_failed_limit: 12.
num_arena_births: 262.
num_arena_deaths: 0.
num_vsnodes_births: 2.
num_vsnodes_deaths: 0.
num_space_committed: 764.
num_space_uncommitted: 0.
num_chunks_returned_to_freelist: 12.
num_chunks_taken_from_freelist: 1949.
num_chunk_merges: 12.
num_chunk_splits: 1599.
num_chunks_enlarged: 1435.
num_inconsistent_stats: 0.

CodeHeap 'non-profiled nmethods': size=120000Kb used=3263Kb max_used=3263Kb free=116737Kb
 bounds [0x000002528f580000, 0x000002528f8b0000, 0x0000025296ab0000]
CodeHeap 'profiled nmethods': size=120000Kb used=17474Kb max_used=17474Kb free=102525Kb
 bounds [0x0000025287ab0000, 0x0000025288bd0000, 0x000002528efe0000]
CodeHeap 'non-nmethods': size=5760Kb used=1323Kb max_used=1402Kb free=4436Kb
 bounds [0x000002528efe0000, 0x000002528f250000, 0x000002528f580000]
 total_blobs=6816 nmethods=6168 adapters=558
 compilation: enabled
              stopped_count=0, restarted_count=0
 full_count=0

Compilation events (20 events):
Event: 21.796 Thread 0x000002529cafbb80 nmethod 6158 0x0000025288bb6510 code [0x0000025288bb6720, 0x0000025288bb6d78]
Event: 21.803 Thread 0x00000252e2dfc780 6160       4       jdk.internal.org.objectweb.asm.ByteVector::putInt (74 bytes)
Event: 21.806 Thread 0x00000252e2dfc780 nmethod 6160 0x000002528f8af210 code [0x000002528f8af3a0, 0x000002528f8af4f8]
Event: 21.813 Thread 0x00000252e2dfc780 6161       4       java.lang.ClassLoader::loadClass (7 bytes)
Event: 21.826 Thread 0x000002529cafbb80 6163   !   3       jdk.internal.reflect.ReflectionFactory::checkInitted (100 bytes)
Event: 21.828 Thread 0x000002529cafbb80 nmethod 6163 0x0000025288bb7010 code [0x0000025288bb7320, 0x0000025288bb81e8]
Event: 21.828 Thread 0x000002529cafbb80 6164       3       java.lang.reflect.ReflectAccess::getRoot (5 bytes)
Event: 21.828 Thread 0x000002529cafbb80 nmethod 6164 0x0000025288bb8690 code [0x0000025288bb8840, 0x0000025288bb8a08]
Event: 21.834 Thread 0x000002529cafbb80 6166       3       org.jetbrains.kotlin.diagnostics.AbstractKtDiagnosticWithParametersRenderer::<init> (6 bytes)
Event: 21.834 Thread 0x000002529cafbb80 nmethod 6166 0x0000025288bb8b10 code [0x0000025288bb8ce0, 0x0000025288bb9028]
Event: 21.834 Thread 0x000002529cafbb80 6167       3       org.jetbrains.kotlin.diagnostics.AbstractKtDiagnosticWithParametersRenderer::<init> (25 bytes)
Event: 21.834 Thread 0x000002529cafbb80 nmethod 6167 0x0000025288bb9190 code [0x0000025288bb9340, 0x0000025288bb9628]
Event: 21.834 Thread 0x000002529cafbb80 6168       3       java.text.MessageFormat::<init> (56 bytes)
Event: 21.835 Thread 0x000002529cafbb80 nmethod 6168 0x0000025288bb9710 code [0x0000025288bb9900, 0x0000025288bb9f38]
Event: 21.835 Thread 0x000002529cafbb80 6169       3       java.text.Format::<init> (5 bytes)
Event: 21.835 Thread 0x000002529cafbb80 nmethod 6169 0x0000025288bba090 code [0x0000025288bba240, 0x0000025288bba398]
Event: 21.835 Thread 0x000002529cafbb80 6170       3       java.util.Locale::getDefault (63 bytes)
Event: 21.836 Thread 0x000002529cafbb80 nmethod 6170 0x0000025288bba490 code [0x0000025288bba6c0, 0x0000025288bbae88]
Event: 21.836 Thread 0x000002529cafbb80 6171       3       org.jetbrains.kotlin.diagnostics.KtDiagnosticFactoryToRendererMap::put (53 bytes)
Event: 21.837 Thread 0x000002529cafbb80 nmethod 6171 0x0000025288bbb090 code [0x0000025288bbb300, 0x0000025288bbbcd8]

GC Heap History (18 events):
Event: 2.230 GC heap before
{Heap before GC invocations=0 (full 0):
 garbage-first heap   total 258048K, used 24576K [0x0000000705400000, 0x0000000800000000)
  region size 2048K, 11 young (22528K), 0 survivors (0K)
 Metaspace       used 6389K, committed 6528K, reserved 1114112K
  class space    used 624K, committed 704K, reserved 1048576K
}
Event: 2.257 GC heap after
{Heap after GC invocations=1 (full 0):
 garbage-first heap   total 258048K, used 6769K [0x0000000705400000, 0x0000000800000000)
  region size 2048K, 2 young (4096K), 2 survivors (4096K)
 Metaspace       used 6389K, committed 6528K, reserved 1114112K
  class space    used 624K, committed 704K, reserved 1048576K
}
Event: 4.407 GC heap before
{Heap before GC invocations=1 (full 0):
 garbage-first heap   total 258048K, used 43633K [0x0000000705400000, 0x0000000800000000)
  region size 2048K, 20 young (40960K), 2 survivors (4096K)
 Metaspace       used 16267K, committed 16448K, reserved 1114112K
  class space    used 1847K, committed 1920K, reserved 1048576K
}
Event: 4.414 GC heap after
{Heap after GC invocations=2 (full 0):
 garbage-first heap   total 258048K, used 9674K [0x0000000705400000, 0x0000000800000000)
  region size 2048K, 3 young (6144K), 3 survivors (6144K)
 Metaspace       used 16267K, committed 16448K, reserved 1114112K
  class space    used 1847K, committed 1920K, reserved 1048576K
}
Event: 5.598 GC heap before
{Heap before GC invocations=2 (full 0):
 garbage-first heap   total 258048K, used 34250K [0x0000000705400000, 0x0000000800000000)
  region size 2048K, 17 young (34816K), 3 survivors (6144K)
 Metaspace       used 21342K, committed 21504K, reserved 1114112K
  class space    used 2507K, committed 2560K, reserved 1048576K
}
Event: 5.607 GC heap after
{Heap after GC invocations=3 (full 0):
 garbage-first heap   total 258048K, used 14590K [0x0000000705400000, 0x0000000800000000)
  region size 2048K, 6 young (12288K), 6 survivors (12288K)
 Metaspace       used 21342K, committed 21504K, reserved 1114112K
  class space    used 2507K, committed 2560K, reserved 1048576K
}
Event: 6.631 GC heap before
{Heap before GC invocations=4 (full 0):
 garbage-first heap   total 61440K, used 43262K [0x0000000705400000, 0x0000000800000000)
  region size 2048K, 21 young (43008K), 6 survivors (12288K)
 Metaspace       used 27624K, committed 27840K, reserved 1114112K
  class space    used 3585K, committed 3648K, reserved 1048576K
}
Event: 6.651 GC heap after
{Heap after GC invocations=5 (full 0):
 garbage-first heap   total 61440K, used 17870K [0x0000000705400000, 0x0000000800000000)
  region size 2048K, 4 young (8192K), 4 survivors (8192K)
 Metaspace       used 27624K, committed 27840K, reserved 1114112K
  class space    used 3585K, committed 3648K, reserved 1048576K
}
Event: 7.812 GC heap before
{Heap before GC invocations=6 (full 0):
 garbage-first heap   total 61440K, used 42446K [0x0000000705400000, 0x0000000800000000)
  region size 2048K, 17 young (34816K), 4 survivors (8192K)
 Metaspace       used 34294K, committed 34496K, reserved 1114112K
  class space    used 4223K, committed 4288K, reserved 1048576K
}
Event: 7.830 GC heap after
{Heap after GC invocations=7 (full 0):
 garbage-first heap   total 61440K, used 19630K [0x0000000705400000, 0x0000000800000000)
  region size 2048K, 3 young (6144K), 3 survivors (6144K)
 Metaspace       used 34294K, committed 34496K, reserved 1114112K
  class space    used 4223K, committed 4288K, reserved 1048576K
}
Event: 8.930 GC heap before
{Heap before GC invocations=7 (full 0):
 garbage-first heap   total 61440K, used 44206K [0x0000000705400000, 0x0000000800000000)
  region size 2048K, 15 young (30720K), 3 survivors (6144K)
 Metaspace       used 37070K, committed 37376K, reserved 1114112K
  class space    used 4532K, committed 4672K, reserved 1048576K
}
Event: 8.956 GC heap after
{Heap after GC invocations=8 (full 0):
 garbage-first heap   total 61440K, used 24999K [0x0000000705400000, 0x0000000800000000)
  region size 2048K, 2 young (4096K), 2 survivors (4096K)
 Metaspace       used 37070K, committed 37376K, reserved 1114112K
  class space    used 4532K, committed 4672K, reserved 1048576K
}
Event: 9.629 GC heap before
{Heap before GC invocations=8 (full 0):
 garbage-first heap   total 61440K, used 41383K [0x0000000705400000, 0x0000000800000000)
  region size 2048K, 11 young (22528K), 2 survivors (4096K)
 Metaspace       used 37274K, committed 37568K, reserved 1114112K
  class space    used 4540K, committed 4672K, reserved 1048576K
}
Event: 9.664 GC heap after
{Heap after GC invocations=9 (full 0):
 garbage-first heap   total 159744K, used 32494K [0x0000000705400000, 0x0000000800000000)
  region size 2048K, 2 young (4096K), 2 survivors (4096K)
 Metaspace       used 37274K, committed 37568K, reserved 1114112K
  class space    used 4540K, committed 4672K, reserved 1048576K
}
Event: 19.170 GC heap before
{Heap before GC invocations=9 (full 0):
 garbage-first heap   total 159744K, used 100078K [0x0000000705400000, 0x0000000800000000)
  region size 2048K, 35 young (71680K), 2 survivors (4096K)
 Metaspace       used 45715K, committed 46016K, reserved 1114112K
  class space    used 5441K, committed 5568K, reserved 1048576K
}
Event: 19.214 GC heap after
{Heap after GC invocations=10 (full 0):
 garbage-first heap   total 159744K, used 42311K [0x0000000705400000, 0x0000000800000000)
  region size 2048K, 5 young (10240K), 5 survivors (10240K)
 Metaspace       used 45715K, committed 46016K, reserved 1114112K
  class space    used 5441K, committed 5568K, reserved 1048576K
}
Event: 20.209 GC heap before
{Heap before GC invocations=10 (full 0):
 garbage-first heap   total 159744K, used 48455K [0x0000000705400000, 0x0000000800000000)
  region size 2048K, 9 young (18432K), 5 survivors (10240K)
 Metaspace       used 46234K, committed 46528K, reserved 1114112K
  class space    used 5452K, committed 5632K, reserved 1048576K
}
Event: 20.236 GC heap after
{Heap after GC invocations=11 (full 0):
 garbage-first heap   total 159744K, used 44445K [0x0000000705400000, 0x0000000800000000)
  region size 2048K, 1 young (2048K), 1 survivors (2048K)
 Metaspace       used 46234K, committed 46528K, reserved 1114112K
  class space    used 5452K, committed 5632K, reserved 1048576K
}

Dll operation events (7 events):
Event: 0.020 Loaded shared library E:\JAVA\bin\java.dll
Event: 0.073 Loaded shared library E:\JAVA\bin\jsvml.dll
Event: 0.738 Loaded shared library E:\JAVA\bin\net.dll
Event: 0.743 Loaded shared library E:\JAVA\bin\nio.dll
Event: 0.808 Loaded shared library E:\JAVA\bin\zip.dll
Event: 0.859 Loaded shared library E:\JAVA\bin\jimage.dll
Event: 4.642 Loaded shared library E:\JAVA\bin\verify.dll

Deoptimization events (20 events):
Event: 21.370 Thread 0x00000252f6a9e640 DEOPT PACKING pc=0x000002528f87de94 sp=0x00000083225fc360
Event: 21.370 Thread 0x00000252f6a9e640 DEOPT UNPACKING pc=0x000002528f0369a3 sp=0x00000083225fc2b8 mode 2
Event: 21.378 Thread 0x00000252f6a9e640 Uncommon trap: trap_request=0xffffff45 fr.pc=0x000002528f86e0c8 relative=0x0000000000000128
Event: 21.378 Thread 0x00000252f6a9e640 Uncommon trap: reason=unstable_if action=reinterpret pc=0x000002528f86e0c8 method=org.jetbrains.kotlin.fir.resolve.calls.tower.TowerGroup.compareTo(Lorg/jetbrains/kotlin/fir/resolve/calls/tower/TowerGroup;)I @ 25 c2
Event: 21.378 Thread 0x00000252f6a9e640 DEOPT PACKING pc=0x000002528f86e0c8 sp=0x00000083225fbfd0
Event: 21.378 Thread 0x00000252f6a9e640 DEOPT UNPACKING pc=0x000002528f0369a3 sp=0x00000083225fbef8 mode 2
Event: 21.382 Thread 0x00000252f6a9e640 Uncommon trap: trap_request=0xffffff45 fr.pc=0x000002528f86a4fc relative=0x00000000000001bc
Event: 21.382 Thread 0x00000252f6a9e640 Uncommon trap: reason=unstable_if action=reinterpret pc=0x000002528f86a4fc method=org.jetbrains.kotlin.fir.resolve.calls.tower.TowerGroup.compareTo(Lorg/jetbrains/kotlin/fir/resolve/calls/tower/TowerGroup;)I @ 18 c2
Event: 21.382 Thread 0x00000252f6a9e640 DEOPT PACKING pc=0x000002528f86a4fc sp=0x00000083225fbfd0
Event: 21.382 Thread 0x00000252f6a9e640 DEOPT UNPACKING pc=0x000002528f0369a3 sp=0x00000083225fbdc0 mode 2
Event: 21.830 Thread 0x00000252f6a9e640 DEOPT PACKING pc=0x0000025287c57e93 sp=0x00000083225fa700
Event: 21.830 Thread 0x00000252f6a9e640 DEOPT UNPACKING pc=0x000002528f037143 sp=0x00000083225f9b70 mode 0
Event: 21.833 Thread 0x00000252f6a9e640 Uncommon trap: trap_request=0xffffff45 fr.pc=0x000002528f5a3224 relative=0x0000000000000084
Event: 21.833 Thread 0x00000252f6a9e640 Uncommon trap: reason=unstable_if action=reinterpret pc=0x000002528f5a3224 method=java.lang.CharacterDataLatin1.isWhitespace(I)Z @ 14 c2
Event: 21.833 Thread 0x00000252f6a9e640 DEOPT PACKING pc=0x000002528f5a3224 sp=0x00000083225fc5a0
Event: 21.833 Thread 0x00000252f6a9e640 DEOPT UNPACKING pc=0x000002528f0369a3 sp=0x00000083225fc510 mode 2
Event: 21.838 Thread 0x00000252f6a9e640 Uncommon trap: trap_request=0xffffff45 fr.pc=0x000002528f5e04c0 relative=0x00000000000001a0
Event: 21.838 Thread 0x00000252f6a9e640 Uncommon trap: reason=unstable_if action=reinterpret pc=0x000002528f5e04c0 method=java.lang.String.equals(Ljava/lang/Object;)Z @ 33 c2
Event: 21.838 Thread 0x00000252f6a9e640 DEOPT PACKING pc=0x000002528f5e04c0 sp=0x00000083225fc140
Event: 21.838 Thread 0x00000252f6a9e640 DEOPT UNPACKING pc=0x000002528f0369a3 sp=0x00000083225fc0e0 mode 2

Classes loaded (20 events):
Event: 13.301 Loading class java/util/AbstractList$RandomAccessSubList
Event: 13.301 Loading class java/util/AbstractList$SubList
Event: 13.302 Loading class java/util/AbstractList$SubList done
Event: 13.302 Loading class java/util/AbstractList$RandomAccessSubList done
Event: 14.125 Loading class java/util/AbstractList$SubList$1
Event: 14.125 Loading class java/util/AbstractList$SubList$1 done
Event: 18.874 Loading class java/util/EnumMap$EntrySet
Event: 18.874 Loading class java/util/EnumMap$EntrySet done
Event: 18.874 Loading class java/util/EnumMap$EntryIterator
Event: 18.875 Loading class java/util/EnumMap$EnumMapIterator
Event: 18.875 Loading class java/util/EnumMap$EnumMapIterator done
Event: 18.875 Loading class java/util/EnumMap$EntryIterator done
Event: 18.875 Loading class java/util/EnumMap$EntryIterator$Entry
Event: 18.875 Loading class java/util/EnumMap$EntryIterator$Entry done
Event: 20.679 Loading class java/util/RegularEnumSet$EnumSetIterator
Event: 20.679 Loading class java/util/RegularEnumSet$EnumSetIterator done
Event: 21.764 Loading class java/text/MessageFormat
Event: 21.764 Loading class java/text/MessageFormat done
Event: 21.836 Loading class java/text/ChoiceFormat
Event: 21.837 Loading class java/text/ChoiceFormat done

Classes unloaded (0 events):
No events

Classes redefined (0 events):
No events

Internal exceptions (20 events):
Event: 8.121 Thread 0x00000252f6a9e640 Exception <a 'java/lang/NoSuchMethodError'{0x00000007131f84e8}: 'java.lang.Object java.lang.invoke.DirectMethodHandle$Holder.newInvokeSpecial(java.lang.Object, java.lang.Object, java.lang.Object, int, java.lang.Object)'> (0x00000007131f84e8) 
thrown [s\src\hotspot\share\interpreter\linkResolver.cpp, line 759]
Event: 8.123 Thread 0x00000252f6a9e640 Exception <a 'java/lang/NoSuchMethodError'{0x0000000712e002e8}: 'java.lang.Object java.lang.invoke.Invokers$Holder.linkToTargetMethod(java.lang.Object, java.lang.Object, int, java.lang.Object, java.lang.Object)'> (0x0000000712e002e8) 
thrown [s\src\hotspot\share\interpreter\linkResolver.cpp, line 759]
Event: 8.737 Thread 0x00000252f6a9e640 Implicit null exception at 0x000002528f61a633 to 0x000002528f61ac38
Event: 13.521 Thread 0x00000252f6a9e640 Exception <a 'java/lang/NoSuchMethodError'{0x000000070d6facf8}: 'java.lang.Object java.lang.invoke.DirectMethodHandle$Holder.newInvokeSpecial(java.lang.Object, java.lang.Object, java.lang.Object, java.lang.Object, java.lang.Object, java.lang.Object, java.lang.Object, java.lang.Object, java.lang.Object)'> (0x000000070d6facf8) 
thrown [s\src\hotspot\share\interpreter\linkResolver.cpp, line 759]
Event: 13.522 Thread 0x00000252f6a9e640 Exception <a 'java/lang/NoSuchMethodError'{0x000000070d700800}: 'java.lang.Object java.lang.invoke.DirectMethodHandle$Holder.invokeSpecial(java.lang.Object, java.lang.Object, java.lang.Object, java.lang.Object, java.lang.Object, java.lang.Object, java.lang.Object, java.lang.Object, java.lang.Object, java.lang.Object)'> (0x000000070d700800) 
thrown [s\src\hotspot\share\interpreter\linkResolver.cpp, line 759]
Event: 13.523 Thread 0x00000252f6a9e640 Exception <a 'java/lang/NoSuchMethodError'{0x000000070d705070}: 'java.lang.Object java.lang.invoke.Invokers$Holder.linkToTargetMethod(java.lang.Object, java.lang.Object, java.lang.Object, java.lang.Object, java.lang.Object, java.lang.Object, java.lang.Object, java.lang.Object, java.lang.Object)'> (0x000000070d705070) 
thrown [s\src\hotspot\share\interpreter\linkResolver.cpp, line 759]
Event: 13.541 Thread 0x00000252f6a9e640 Exception <a 'java/lang/NoSuchMethodError'{0x000000070d74d190}: 'java.lang.Object java.lang.invoke.DirectMethodHandle$Holder.newInvokeSpecial(java.lang.Object, int, java.lang.Object)'> (0x000000070d74d190) 
thrown [s\src\hotspot\share\interpreter\linkResolver.cpp, line 759]
Event: 13.551 Thread 0x00000252f6a9e640 Exception <a 'java/lang/NoSuchMethodError'{0x000000070d774560}: 'java.lang.Object java.lang.invoke.DirectMethodHandle$Holder.newInvokeSpecial(java.lang.Object, java.lang.Object, java.lang.Object, java.lang.Object, int, java.lang.Object, java.lang.Object)'> (0x000000070d774560) 
thrown [s\src\hotspot\share\interpreter\linkResolver.cpp, line 759]
Event: 13.553 Thread 0x00000252f6a9e640 Exception <a 'java/lang/NoSuchMethodError'{0x000000070d77de00}: 'java.lang.Object java.lang.invoke.Invokers$Holder.linkToTargetMethod(java.lang.Object, java.lang.Object, java.lang.Object, int, java.lang.Object, java.lang.Object, java.lang.Object)'> (0x000000070d77de00) 
thrown [s\src\hotspot\share\interpreter\linkResolver.cpp, line 759]
Event: 14.179 Thread 0x00000252f6a9e640 Exception <a 'java/lang/NoSuchMethodError'{0x000000070d3bdf20}: 'java.lang.Object java.lang.invoke.DirectMethodHandle$Holder.newInvokeSpecial(java.lang.Object, java.lang.Object, java.lang.Object, java.lang.Object, java.lang.Object, int)'> (0x000000070d3bdf20) 
thrown [s\src\hotspot\share\interpreter\linkResolver.cpp, line 759]
Event: 14.180 Thread 0x00000252f6a9e640 Exception <a 'java/lang/NoSuchMethodError'{0x000000070d3c2ad8}: 'java.lang.Object java.lang.invoke.DirectMethodHandle$Holder.invokeSpecial(java.lang.Object, java.lang.Object, java.lang.Object, java.lang.Object, java.lang.Object, java.lang.Object, int)'> (0x000000070d3c2ad8) 
thrown [s\src\hotspot\share\interpreter\linkResolver.cpp, line 759]
Event: 14.181 Thread 0x00000252f6a9e640 Exception <a 'java/lang/NoSuchMethodError'{0x000000070d3c6e18}: 'java.lang.Object java.lang.invoke.Invokers$Holder.linkToTargetMethod(java.lang.Object, java.lang.Object, java.lang.Object, java.lang.Object, int, java.lang.Object)'> (0x000000070d3c6e18) 
thrown [s\src\hotspot\share\interpreter\linkResolver.cpp, line 759]
Event: 15.350 Thread 0x00000252f6a9e640 Exception <a 'java/lang/NoSuchMethodError'{0x000000070cf611e0}: 'java.lang.Object java.lang.invoke.DirectMethodHandle$Holder.invokeSpecial(java.lang.Object, java.lang.Object, int, java.lang.Object, java.lang.Object)'> (0x000000070cf611e0) 
thrown [s\src\hotspot\share\interpreter\linkResolver.cpp, line 759]
Event: 16.112 Thread 0x00000252f6a9e640 Exception <a 'java/lang/NoSuchMethodError'{0x000000070ca54ef8}: 'java.lang.Object java.lang.invoke.DirectMethodHandle$Holder.invokeStatic(java.lang.Object, java.lang.Object, java.lang.Object, int, java.lang.Object, java.lang.Object)'> (0x000000070ca54ef8) 
thrown [s\src\hotspot\share\interpreter\linkResolver.cpp, line 759]
Event: 17.330 Thread 0x00000252f6a9e640 Exception <a 'java/lang/NoSuchMethodError'{0x000000070bda4e60}: 'java.lang.Object java.lang.invoke.DirectMethodHandle$Holder.invokeStatic(java.lang.Object, java.lang.Object, java.lang.Object, java.lang.Object, int)'> (0x000000070bda4e60) 
thrown [s\src\hotspot\share\interpreter\linkResolver.cpp, line 759]
Event: 17.331 Thread 0x00000252f6a9e640 Exception <a 'java/lang/NoSuchMethodError'{0x000000070bdad6d8}: 'java.lang.Object java.lang.invoke.DirectMethodHandle$Holder.newInvokeSpecial(java.lang.Object, java.lang.Object, java.lang.Object, java.lang.Object, int)'> (0x000000070bdad6d8) 
thrown [s\src\hotspot\share\interpreter\linkResolver.cpp, line 759]
Event: 17.332 Thread 0x00000252f6a9e640 Exception <a 'java/lang/NoSuchMethodError'{0x000000070bdb2080}: 'java.lang.Object java.lang.invoke.DirectMethodHandle$Holder.invokeSpecial(java.lang.Object, java.lang.Object, java.lang.Object, java.lang.Object, java.lang.Object, int)'> (0x000000070bdb2080) 
thrown [s\src\hotspot\share\interpreter\linkResolver.cpp, line 759]
Event: 17.333 Thread 0x00000252f6a9e640 Exception <a 'java/lang/NoSuchMethodError'{0x000000070bdb6360}: 'java.lang.Object java.lang.invoke.Invokers$Holder.linkToTargetMethod(java.lang.Object, java.lang.Object, java.lang.Object, int, java.lang.Object)'> (0x000000070bdb6360) 
thrown [s\src\hotspot\share\interpreter\linkResolver.cpp, line 759]
Event: 17.816 Thread 0x00000252f6a9e640 Exception <a 'java/lang/NoSuchMethodError'{0x000000070b881a88}: 'java.lang.Object java.lang.invoke.DirectMethodHandle$Holder.invokeStatic(java.lang.Object, int, java.lang.Object)'> (0x000000070b881a88) 
thrown [s\src\hotspot\share\interpreter\linkResolver.cpp, line 759]
Event: 20.681 Thread 0x00000252f6a9e640 Exception <a 'java/lang/NoSuchMethodError'{0x0000000712ee5de0}: 'java.lang.Object java.lang.invoke.DirectMethodHandle$Holder.invokeStatic(java.lang.Object, int, java.lang.Object, java.lang.Object)'> (0x0000000712ee5de0) 
thrown [s\src\hotspot\share\interpreter\linkResolver.cpp, line 759]

VM Operations (20 events):
Event: 19.828 Executing VM operation: ICBufferFull
Event: 19.828 Executing VM operation: ICBufferFull done
Event: 20.209 Executing VM operation: CollectForMetadataAllocation
Event: 20.236 Executing VM operation: CollectForMetadataAllocation done
Event: 20.337 Executing VM operation: G1PauseRemark
Event: 20.345 Executing VM operation: G1PauseRemark done
Event: 20.392 Executing VM operation: G1PauseCleanup
Event: 20.393 Executing VM operation: G1PauseCleanup done
Event: 20.857 Executing VM operation: HandshakeAllThreads
Event: 20.857 Executing VM operation: HandshakeAllThreads done
Event: 21.019 Executing VM operation: ICBufferFull
Event: 21.020 Executing VM operation: ICBufferFull done
Event: 21.376 Executing VM operation: HandshakeAllThreads
Event: 21.376 Executing VM operation: HandshakeAllThreads done
Event: 21.389 Executing VM operation: HandshakeAllThreads
Event: 21.389 Executing VM operation: HandshakeAllThreads done
Event: 21.391 Executing VM operation: HandshakeAllThreads
Event: 21.391 Executing VM operation: HandshakeAllThreads done
Event: 21.838 Executing VM operation: HandshakeAllThreads
Event: 21.838 Executing VM operation: HandshakeAllThreads done

Memory protections (0 events):
No events

Nmethod flushes (0 events):
No events

Events (20 events):
Event: 9.241 Thread 0x000002529cafbb80 Thread added: 0x00000252e3261820
Event: 10.110 Thread 0x00000252e3261820 Thread exited: 0x00000252e3261820
Event: 10.110 Thread 0x00000252e47ee730 Thread exited: 0x00000252e47ee730
Event: 13.508 Thread 0x000002529cafbb80 Thread added: 0x00000252e33d8a50
Event: 13.634 Thread 0x00000252e33d8a50 Thread exited: 0x00000252e33d8a50
Event: 13.856 Thread 0x000002529cafbb80 Thread added: 0x00000252e361f8a0
Event: 14.102 Thread 0x00000252e361f8a0 Thread exited: 0x00000252e361f8a0
Event: 14.466 Thread 0x000002529cafbb80 Thread added: 0x00000252e2be11b0
Event: 14.699 Thread 0x00000252e2be11b0 Thread exited: 0x00000252e2be11b0
Event: 16.275 Thread 0x000002529cafbb80 Thread added: 0x00000252e35b49c0
Event: 16.471 Thread 0x00000252e35b49c0 Thread exited: 0x00000252e35b49c0
Event: 16.552 Thread 0x000002529ca87ed0 Thread added: 0x00000252e35b49c0
Event: 16.797 Thread 0x00000252e35b49c0 Thread exited: 0x00000252e35b49c0
Event: 17.662 Thread 0x000002529cafbb80 Thread added: 0x00000252e3bb0410
Event: 18.393 Thread 0x00000252e3bb0410 Thread exited: 0x00000252e3bb0410
Event: 19.037 Thread 0x000002529cafbb80 Thread added: 0x00000252e527dee0
Event: 19.383 Thread 0x00000252e527dee0 Thread exited: 0x00000252e527dee0
Event: 19.427 Thread 0x000002529cafbb80 Thread added: 0x00000252e527dee0
Event: 19.750 Thread 0x00000252e527dee0 Thread exited: 0x00000252e527dee0
Event: 20.767 Thread 0x000002529cafbb80 Thread added: 0x00000252e2dfc780


Dynamic libraries:
0x00007ff754820000 - 0x00007ff75482e000 	E:\JAVA\bin\java.exe
0x00007ff87a9a0000 - 0x00007ff87ac07000 	C:\WINDOWS\SYSTEM32\ntdll.dll
0x00007ff879a30000 - 0x00007ff879af9000 	C:\WINDOWS\System32\KERNEL32.DLL
0x00007ff878110000 - 0x00007ff878507000 	C:\WINDOWS\System32\KERNELBASE.dll
0x00007ff877c40000 - 0x00007ff877d8b000 	C:\WINDOWS\System32\ucrtbase.dll
0x00007ff84d8e0000 - 0x00007ff84d8f8000 	E:\JAVA\bin\jli.dll
0x00007ff878db0000 - 0x00007ff878f76000 	C:\WINDOWS\System32\USER32.dll
0x00007ff878640000 - 0x00007ff878667000 	C:\WINDOWS\System32\win32u.dll
0x00007ff879d10000 - 0x00007ff879d3b000 	C:\WINDOWS\System32\GDI32.dll
0x00007ff878510000 - 0x00007ff87863c000 	C:\WINDOWS\System32\gdi32full.dll
0x00007ff878670000 - 0x00007ff878713000 	C:\WINDOWS\System32\msvcp_win.dll
0x00007ff8742a0000 - 0x00007ff8742be000 	E:\JAVA\bin\VCRUNTIME140.dll
0x00007ff860f50000 - 0x00007ff8611e2000 	C:\WINDOWS\WinSxS\amd64_microsoft.windows.common-controls_6595b64144ccf1df_6.0.26100.8328_none_3e08182ce334b678\COMCTL32.dll
0x00007ff8790e0000 - 0x00007ff879189000 	C:\WINDOWS\System32\msvcrt.dll
0x00007ff879970000 - 0x00007ff8799a2000 	C:\WINDOWS\System32\IMM32.DLL
0x00007ff865fb0000 - 0x00007ff865fbc000 	E:\JAVA\bin\vcruntime140_1.dll
0x00007ff84d750000 - 0x00007ff84d7dd000 	E:\JAVA\bin\msvcp140.dll
0x00007fffbbbe0000 - 0x00007fffbc84b000 	E:\JAVA\bin\server\jvm.dll
0x00007ff87a5f0000 - 0x00007ff87a6a6000 	C:\WINDOWS\System32\ADVAPI32.dll
0x00007ff879390000 - 0x00007ff879437000 	C:\WINDOWS\System32\sechost.dll
0x00007ff878720000 - 0x00007ff878838000 	C:\WINDOWS\System32\RPCRT4.dll
0x00007ff87a6d0000 - 0x00007ff87a750000 	C:\WINDOWS\System32\WS2_32.dll
0x00007ff877230000 - 0x00007ff87728e000 	C:\WINDOWS\SYSTEM32\POWRPROF.dll
0x00007ff8613d0000 - 0x00007ff861406000 	C:\WINDOWS\SYSTEM32\WINMM.dll
0x00007ff8689e0000 - 0x00007ff8689eb000 	C:\WINDOWS\SYSTEM32\VERSION.dll
0x00007ff877210000 - 0x00007ff877224000 	C:\WINDOWS\SYSTEM32\UMPDC.dll
0x00007ff876120000 - 0x00007ff87613b000 	C:\WINDOWS\SYSTEM32\kernel.appcore.dll
0x00007ff863e00000 - 0x00007ff863e0a000 	E:\JAVA\bin\jimage.dll
0x00007ff8753f0000 - 0x00007ff875632000 	C:\WINDOWS\SYSTEM32\DBGHELP.DLL
0x00007ff878840000 - 0x00007ff878bc3000 	C:\WINDOWS\System32\combase.dll
0x00007ff87a4c0000 - 0x00007ff87a599000 	C:\WINDOWS\System32\OLEAUT32.dll
0x00007ff8636f0000 - 0x00007ff86372b000 	C:\WINDOWS\SYSTEM32\dbgcore.DLL
0x00007ff877fa0000 - 0x00007ff878048000 	C:\WINDOWS\System32\bcryptPrimitives.dll
0x00007ff83fd80000 - 0x00007ff83fda5000 	E:\JAVA\bin\java.dll
0x00007fffd38f0000 - 0x00007fffd39c7000 	E:\JAVA\bin\jsvml.dll
0x00007ff879d40000 - 0x00007ff87a4ae000 	C:\WINDOWS\System32\SHELL32.dll
0x00007ff8773d0000 - 0x00007ff877c3c000 	C:\WINDOWS\System32\windows.storage.dll
0x00007ff879290000 - 0x00007ff879386000 	C:\WINDOWS\System32\SHCORE.dll
0x00007ff87a8f0000 - 0x00007ff87a956000 	C:\WINDOWS\System32\shlwapi.dll
0x00007ff8772f0000 - 0x00007ff877319000 	C:\WINDOWS\SYSTEM32\profapi.dll
0x00007ff84d6a0000 - 0x00007ff84d6ba000 	E:\JAVA\bin\net.dll
0x00007ff869600000 - 0x00007ff869729000 	C:\WINDOWS\SYSTEM32\WINHTTP.dll
0x00007ff876670000 - 0x00007ff8766dc000 	C:\WINDOWS\system32\mswsock.dll
0x00007ff846120000 - 0x00007ff846136000 	E:\JAVA\bin\nio.dll
0x00007ff83d970000 - 0x00007ff83d988000 	E:\JAVA\bin\zip.dll
0x00007ff868e10000 - 0x00007ff868e20000 	E:\JAVA\bin\verify.dll

dbghelp: loaded successfully - version: 4.0.5 - missing functions: none
symbol engine: initialized successfully - sym options: 0x614 - pdb path: .;E:\JAVA\bin;C:\WINDOWS\SYSTEM32;C:\WINDOWS\WinSxS\amd64_microsoft.windows.common-controls_6595b64144ccf1df_6.0.26100.8328_none_3e08182ce334b678;E:\JAVA\bin\server

VM Arguments:
java_command: org.jetbrains.kotlin.cli.jvm.K2JVMCompiler @E:\voice_test\build\image_picker_android\20260504_14908575581644896660.compiler.options
java_class_path (initial): E:\gradle\caches\modules-2\files-2.1\org.jetbrains.kotlin\kotlin-compiler-embeddable\2.1.0\988bf980588bbbcfa1ba19c1ffd7aa869b335a31\kotlin-compiler-embeddable-2.1.0.jar;E:\gradle\caches\modules-2\files-2.1\org.jetbrains.kotlin\kotlin-stdlib\2.1.0\85f8b81009cda5890e54ba67d64b5e599c645020\kotlin-stdlib-2.1.0.jar;E:\gradle\caches\modules-2\files-2.1\org.jetbrains.kotlin\kotlin-script-runtime\2.1.0\5909da8c57b75a117714ab0e348c86101b7a3284\kotlin-script-runtime-2.1.0.jar;E:\gradle\caches\modules-2\files-2.1\org.jetbrains.kotlin\kotlin-reflect\1.6.10\1cbe9c92c12a94eea200d23c2bbaedaf3daf5132\kotlin-reflect-1.6.10.jar;E:\gradle\caches\modules-2\files-2.1\org.jetbrains.kotlin\kotlin-daemon-embeddable\2.1.0\420bae1908e4a353f5b56c3c850d24d86367b25d\kotlin-daemon-embeddable-2.1.0.jar;E:\gradle\caches\modules-2\files-2.1\org.jetbrains.intellij.deps\trove4j\1.0.20200330\3afb14d5f9ceb459d724e907a21145e8ff394f02\trove4j-1.0.20200330.jar;E:\gradle\caches\modules-2\files-2.1\org.jetbrains.kotlinx\kotlinx-coroutines-core-jvm\1.6.4\2c997cd1c0ef33f3e751d3831929aeff1390cb30\kotlinx-coroutines-core-jvm-1.6.4.jar;E:\gradle\caches\modules-2\files-2.1\org.jetbrains\annotations\13.0\919f0dfe192fb4e063e7dacadee7f8bb9a2672a9\annotations-13.0.jar
Launcher Type: SUN_STANDARD

[Global flags]
     intx CICompilerCount                          = 4                                         {product} {ergonomic}
     uint ConcGCThreads                            = 2                                         {product} {ergonomic}
     uint G1ConcRefinementThreads                  = 8                                         {product} {ergonomic}
   size_t G1HeapRegionSize                         = 2097152                                   {product} {ergonomic}
    uintx GCDrainStackTargetSize                   = 64                                        {product} {ergonomic}
   size_t InitialHeapSize                          = 264241152                                 {product} {ergonomic}
   size_t MarkStackSize                            = 4194304                                   {product} {ergonomic}
   size_t MaxHeapSize                              = 4206886912                                {product} {ergonomic}
   size_t MaxNewSize                               = 2522873856                                {product} {ergonomic}
   size_t MinHeapDeltaBytes                        = 2097152                                   {product} {ergonomic}
   size_t MinHeapSize                              = 8388608                                   {product} {ergonomic}
    uintx NonNMethodCodeHeapSize                   = 5839372                                {pd product} {ergonomic}
    uintx NonProfiledCodeHeapSize                  = 122909434                              {pd product} {ergonomic}
    uintx ProfiledCodeHeapSize                     = 122909434                              {pd product} {ergonomic}
    uintx ReservedCodeCacheSize                    = 251658240                              {pd product} {ergonomic}
     bool SegmentedCodeCache                       = true                                      {product} {ergonomic}
   size_t SoftMaxHeapSize                          = 4206886912                             {manageable} {ergonomic}
     bool UseCompressedClassPointers               = true                           {product lp64_product} {ergonomic}
     bool UseCompressedOops                        = true                           {product lp64_product} {ergonomic}
     bool UseG1GC                                  = true                                      {product} {ergonomic}
     bool UseLargePagesIndividualAllocation        = false                                  {pd product} {ergonomic}

Logging:
Log output configuration:
 #0: stdout all=warning uptime,level,tags
 #1: stderr all=off uptime,level,tags

Environment Variables:
JAVA_HOME=E:\JAVA
CLASSPATH=E:\voice_test\android\\gradle\wrapper\gradle-wrapper.jar
PATH=E:\JAVA\bin;C:\Program Files\Google\Chrome\Application;C:\Program Files\Common Files\Oracle\Java\javapath;C:\WINDOWS\system32;C:\WINDOWS;C:\WINDOWS\System32\Wbem;C:\WINDOWS\System32\WindowsPowerShell\v1.0\;C:\WINDOWS\System32\OpenSSH\;C:\Program Files\Git\cmd;C:\Program Files\Microsoft SQL Server\170\Tools\Binn\;C:\Program Files\Microsoft SQL Server\Client SDK\ODBC\170\Tools\Binn\;C:\Program Files\Microsoft SQL Server\170\DTS\Binn\;C:\Program Files\dotnet\;D:\Basira\;C:\ProgramData\chocolatey\bin;E:\JAVA\bin;E:\DOWNLOAD\New folder (2)\bin;C:\Program Files\Common Files\Oracle\Java\javapath;C:\WINDOWS\system32;C:\WINDOWS;C:\WINDOWS\System32\Wbem;C:\WINDOWS\System32\WindowsPowerShell\v1.0\;C:\WINDOWS\System32\OpenSSH\;C:\Program Files\Git\cmd;C:\Program Files\Microsoft SQL Server\170\Tools\Binn\;C:\Program Files\Microsoft SQL Server\Client SDK\ODBC\170\Tools\Binn\;C:\Program Files\Microsoft SQL Server\170\DTS\Binn\;C:\Program Files\dotnet\;D:\Basira\;C:\ProgramData\chocolatey\bin;C:\WINDOWS\system32;C:\WINDOWS;C:\WINDOWS\System32\Wbem;C:\WINDOWS\System32\WindowsPowerShell\v1.0\;C:\WINDOWS\System32\OpenSSH\;C:\Program Files\Git\cmd;C:\Program Files\Microsoft SQL Server\170\Tools\Binn\;C:\Program Files\Microsoft SQL Server\Client SDK\ODBC\170\Tools\Binn\;C:\Program Files\Microsoft SQL Server\170\DTS\Binn\;C:\Program Files\dotnet\;D:\Basira\;C:\ProgramData\chocolatey\bin;C:\Users\DELL\AppData\Local\Programs\Python\Python310\Scripts\;C:\Users\DELL\AppData\Local\Programs\Python\Python310\;C:\Users\DELL\AppData\Local\Prog;D:\download\Microsoft VS Code\bin;D:\flutter\bin;;D:\flutter\bin\mingit\cmd
USERNAME=DELL
OS=Windows_NT
PROCESSOR_IDENTIFIER=Intel64 Family 6 Model 142 Stepping 12, GenuineIntel
TMP=C:\Users\DELL\AppData\Local\Temp
TEMP=C:\Users\DELL\AppData\Local\Temp



Periodic native trim disabled


---------------  S Y S T E M  ---------------

OS:
 Windows 11 , 64 bit Build 26100 (10.0.26100.8328)
OS uptime: 1 days 23:35 hours
Hyper-V role detected

CPU: total 8 (initial active 8) (4 cores per cpu, 2 threads per core) family 6 model 142 stepping 12 microcode 0xf8, cx8, cmov, fxsr, ht, mmx, 3dnowpref, sse, sse2, sse3, ssse3, sse4.1, sse4.2, popcnt, lzcnt, tsc, tscinvbit, avx, avx2, aes, erms, clmul, bmi1, bmi2, adx, fma, vzeroupper, clflush, clflushopt, hv
Processor Information for all 8 processors :
  Max Mhz: 2304, Current Mhz: 1803, Mhz Limit: 1797

Memory: 4k page, system-wide physical 16043M (1721M free)
TotalPageFile size 26533M (AvailPageFile size 4M)
current process WorkingSet (physical memory assigned to process): 269M, peak: 277M
current process commit charge ("private bytes"): 341M, peak: 396M

vm_info: OpenJDK 64-Bit Server VM (17.0.18+8) for windows-amd64 JRE (17.0.18+8), built on Jan 20 2026 22:28:22 by "admin" with MS VC++ 17.12 (VS2022)

END.
