#
# There is insufficient memory for the Java Runtime Environment to continue.
# Native memory allocation (malloc) failed to allocate 65552 bytes. Error detail: Chunk::new
# Possible reasons:
#   The system is out of physical RAM or swap space
#   This process is running with CompressedOops enabled, and the Java Heap may be blocking the growth of the native heap
# Possible solutions:
#   Reduce memory load on the system
#   Increase physical memory or swap space
#   Check if swap backing store is full
#   Decrease Java heap size (-Xmx/-Xms)
#   Decrease number of Java threads
#   Decrease Java thread stack sizes (-Xss)
#   Set larger code cache with -XX:ReservedCodeCacheSize=
#   JVM is running with Unscaled Compressed Oops mode in which the Java heap is
#     placed in the first 4GB address space. The Java Heap base address is the
#     maximum limit for the native heap growth. Please use -XX:HeapBaseMinAddress
#     to set the Java Heap base and to place the Java Heap above 4GB virtual address.
# This output file may be truncated or incomplete.
#
#  Out of Memory Error (arena.cpp:191), pid=18368, tid=13036
#
# JRE version: OpenJDK Runtime Environment Temurin-17.0.18+8 (17.0.18+8) (build 17.0.18+8)
# Java VM: OpenJDK 64-Bit Server VM Temurin-17.0.18+8 (17.0.18+8, mixed mode, sharing, tiered, compressed oops, compressed class ptrs, g1 gc, windows-amd64)
# No core dump will be written. Minidumps are not enabled by default on client versions of Windows
#

---------------  S U M M A R Y ------------

Command Line: --add-opens=java.base/java.util=ALL-UNNAMED --add-opens=java.base/java.lang=ALL-UNNAMED --add-opens=java.base/java.lang.invoke=ALL-UNNAMED --add-opens=java.prefs/java.util.prefs=ALL-UNNAMED --add-opens=java.base/java.nio.charset=ALL-UNNAMED --add-opens=java.base/java.net=ALL-UNNAMED --add-opens=java.base/java.util.concurrent.atomic=ALL-UNNAMED -Xmx1536M -Dfile.encoding=windows-1252 -Duser.country=US -Duser.language=en -Duser.variant -javaagent:E:\gradle\wrapper\dists\gradle-8.2-all\6mxqtxovn2faat1idb7p6lxsa\gradle-8.2\lib\agents\gradle-instrumentation-agent-8.2.jar org.gradle.launcher.daemon.bootstrap.GradleDaemon 8.2

Host: Intel(R) Core(TM) i7-10610U CPU @ 1.80GHz, 8 cores, 15G,  Windows 11 , 64 bit Build 26100 (10.0.26100.8246)
Time: Sat May  2 23:54:36 2026 Egypt Daylight Time elapsed time: 21.104884 seconds (0d 0h 0m 21s)

---------------  T H R E A D  ---------------

Current thread (0x00000191c80f7900):  JavaThread "C2 CompilerThread0" daemon [_thread_in_native, id=13036, stack(0x0000002ac5100000,0x0000002ac5200000)]


Current CompileTask:
C2:21105 6025       4       java.util.zip.ZipFile$Source::initCEN (612 bytes)

Stack: [0x0000002ac5100000,0x0000002ac5200000]
Native frames: (J=compiled Java code, j=interpreted, Vv=VM code, C=native code)
V  [jvm.dll+0x6846f9]
V  [jvm.dll+0x839ea5]
V  [jvm.dll+0x83b91e]
V  [jvm.dll+0x83bfa3]
V  [jvm.dll+0x248eff]
V  [jvm.dll+0xad496]
V  [jvm.dll+0xadb3c]
V  [jvm.dll+0xad5a4]
V  [jvm.dll+0x66228c]
V  [jvm.dll+0x2216e9]
V  [jvm.dll+0x6a7c41]
V  [jvm.dll+0x221f82]
V  [jvm.dll+0x21afb6]
V  [jvm.dll+0x2190fe]
V  [jvm.dll+0x1a4920]
V  [jvm.dll+0x22989a]
V  [jvm.dll+0x227a4b]
V  [jvm.dll+0x7f0658]
V  [jvm.dll+0x7eaaec]
V  [jvm.dll+0x6835c7]
C  [ucrtbase.dll+0x37b0]
C  [KERNEL32.DLL+0x2e8d7]
C  [ntdll.dll+0x8c3fc]


---------------  P R O C E S S  ---------------

Threads class SMR info:
_java_thread_list=0x0000019210243060, length=55, elements={
0x00000191aaec0f70, 0x00000191c80cd500, 0x00000191c80cdfd0, 0x00000191c80e4530,
0x00000191c80e4e00, 0x00000191c80e56d0, 0x00000191c80e5fa0, 0x00000191c80f7900,
0x00000191c8128230, 0x00000191c813b310, 0x00000191c8227890, 0x00000191c82f5a60,
0x000001920fe35010, 0x000001920e6d9780, 0x000001920feab3f0, 0x000001920ef6d420,
0x000001920ef6d900, 0x00000191c86e8e80, 0x00000191c86e7020, 0x00000191c86e7f50,
0x00000191c86ea2c0, 0x00000191c86e6b10, 0x00000191c86e98a0, 0x00000191c86e9390,
0x00000191c86e8460, 0x00000191c86e8970, 0x0000019210c39e40, 0x0000019210c3a350,
0x0000019210c39930, 0x0000019210c36ba0, 0x0000019210c3a860, 0x0000019210c37fe0,
0x0000019210c37ad0, 0x0000019210c370b0, 0x0000019210c375c0, 0x0000019210c3b280,
0x0000019210c3b790, 0x0000019210c3bca0, 0x0000019210c3c1b0, 0x0000019210c3c6c0,
0x0000019210c38f10, 0x0000019210c3cbd0, 0x0000019210c3d0e0, 0x0000019210c3e520,
0x0000019210c3d5f0, 0x0000019210c3db00, 0x0000019210c3e010, 0x00000191c86e9db0,
0x00000191c86e7a40, 0x0000019210551d60, 0x0000019210551340, 0x0000019210552c90,
0x00000192105545e0, 0x0000019210b9dea0, 0x0000019210b9aed0
}

Java Threads: ( => current thread )
  0x00000191aaec0f70 JavaThread "main" [_thread_blocked, id=3188, stack(0x0000002ac4400000,0x0000002ac4500000)]
  0x00000191c80cd500 JavaThread "Reference Handler" daemon [_thread_blocked, id=6160, stack(0x0000002ac4b00000,0x0000002ac4c00000)]
  0x00000191c80cdfd0 JavaThread "Finalizer" daemon [_thread_blocked, id=5156, stack(0x0000002ac4c00000,0x0000002ac4d00000)]
  0x00000191c80e4530 JavaThread "Signal Dispatcher" daemon [_thread_blocked, id=20424, stack(0x0000002ac4d00000,0x0000002ac4e00000)]
  0x00000191c80e4e00 JavaThread "Attach Listener" daemon [_thread_blocked, id=10796, stack(0x0000002ac4e00000,0x0000002ac4f00000)]
  0x00000191c80e56d0 JavaThread "Service Thread" daemon [_thread_blocked, id=15144, stack(0x0000002ac4f00000,0x0000002ac5000000)]
  0x00000191c80e5fa0 JavaThread "Monitor Deflation Thread" daemon [_thread_blocked, id=23192, stack(0x0000002ac5000000,0x0000002ac5100000)]
=>0x00000191c80f7900 JavaThread "C2 CompilerThread0" daemon [_thread_in_native, id=13036, stack(0x0000002ac5100000,0x0000002ac5200000)]
  0x00000191c8128230 JavaThread "C1 CompilerThread0" daemon [_thread_in_native, id=2260, stack(0x0000002ac5200000,0x0000002ac5300000)]
  0x00000191c813b310 JavaThread "Sweeper thread" daemon [_thread_blocked, id=13548, stack(0x0000002ac5300000,0x0000002ac5400000)]
  0x00000191c8227890 JavaThread "Common-Cleaner" daemon [_thread_blocked, id=6836, stack(0x0000002ac5400000,0x0000002ac5500000)]
  0x00000191c82f5a60 JavaThread "Notification Thread" daemon [_thread_blocked, id=10436, stack(0x0000002ac5500000,0x0000002ac5600000)]
  0x000001920fe35010 JavaThread "Daemon health stats" [_thread_blocked, id=17952, stack(0x0000002ac5e00000,0x0000002ac5f00000)]
  0x000001920e6d9780 JavaThread "Incoming local TCP Connector on port 59632" [_thread_in_native, id=11672, stack(0x0000002ac5700000,0x0000002ac5800000)]
  0x000001920feab3f0 JavaThread "Daemon periodic checks" [_thread_blocked, id=17684, stack(0x0000002ac5800000,0x0000002ac5900000)]
  0x000001920ef6d420 JavaThread "Daemon" [_thread_blocked, id=18768, stack(0x0000002ac5f00000,0x0000002ac6000000)]
  0x000001920ef6d900 JavaThread "Handler for socket connection from /127.0.0.1:59632 to /127.0.0.1:64236" [_thread_in_native, id=25532, stack(0x0000002ac6000000,0x0000002ac6100000)]
  0x00000191c86e8e80 JavaThread "Cancel handler" [_thread_blocked, id=19912, stack(0x0000002ac6100000,0x0000002ac6200000)]
  0x00000191c86e7020 JavaThread "Daemon worker" [_thread_in_vm, id=6132, stack(0x0000002ac6200000,0x0000002ac6300000)]
  0x00000191c86e7f50 JavaThread "Asynchronous log dispatcher for DefaultDaemonConnection: socket connection from /127.0.0.1:59632 to /127.0.0.1:64236" [_thread_blocked, id=22292, stack(0x0000002ac6300000,0x0000002ac6400000)]
  0x00000191c86ea2c0 JavaThread "Stdin handler" [_thread_blocked, id=17804, stack(0x0000002ac6400000,0x0000002ac6500000)]
  0x00000191c86e6b10 JavaThread "Daemon client event forwarder" [_thread_blocked, id=8708, stack(0x0000002ac6500000,0x0000002ac6600000)]
  0x00000191c86e98a0 JavaThread "Cache worker for journal cache (E:\gradle\caches\journal-1)" [_thread_blocked, id=7504, stack(0x0000002ac6600000,0x0000002ac6700000)]
  0x00000191c86e9390 JavaThread "File lock request listener" [_thread_in_native, id=15352, stack(0x0000002ac6700000,0x0000002ac6800000)]
  0x00000191c86e8460 JavaThread "Cache worker for file hash cache (E:\gradle\caches\8.2\fileHashes)" [_thread_blocked, id=20488, stack(0x0000002ac6900000,0x0000002ac6a00000)]
  0x00000191c86e8970 JavaThread "File watcher server" daemon [_thread_in_native, id=20432, stack(0x0000002ac6a00000,0x0000002ac6b00000)]
  0x0000019210c39e40 JavaThread "File watcher consumer" daemon [_thread_blocked, id=18940, stack(0x0000002ac6b00000,0x0000002ac6c00000)]
  0x0000019210c3a350 JavaThread "Cache worker for checksums cache (E:\voice_test\android\.gradle\8.2\checksums)" [_thread_blocked, id=19780, stack(0x0000002ac6800000,0x0000002ac6900000)]
  0x0000019210c39930 JavaThread "Cache worker for cache directory md-rule (E:\gradle\caches\8.2\md-rule)" [_thread_blocked, id=24164, stack(0x0000002ac6c00000,0x0000002ac6d00000)]
  0x0000019210c36ba0 JavaThread "Cache worker for file content cache (E:\gradle\caches\8.2\fileContent)" [_thread_blocked, id=9724, stack(0x0000002ac6d00000,0x0000002ac6e00000)]
  0x0000019210c3a860 JavaThread "Cache worker for file hash cache (E:\voice_test\android\.gradle\8.2\fileHashes)" [_thread_blocked, id=22928, stack(0x0000002ac7100000,0x0000002ac7200000)]
  0x0000019210c37fe0 JavaThread "Cache worker for cache directory md-supplier (E:\gradle\caches\8.2\md-supplier)" [_thread_blocked, id=20900, stack(0x0000002ac7200000,0x0000002ac7300000)]
  0x0000019210c37ad0 JavaThread "Cache worker for execution history cache (E:\gradle\caches\8.2\executionHistory)" [_thread_blocked, id=9900, stack(0x0000002ac7300000,0x0000002ac7400000)]
  0x0000019210c370b0 JavaThread "jar transforms" [_thread_blocked, id=18480, stack(0x0000002ac7500000,0x0000002ac7600000)]
  0x0000019210c375c0 JavaThread "Cache worker for kotlin-dsl (E:\gradle\caches\8.2\kotlin-dsl)" [_thread_blocked, id=19008, stack(0x0000002ac7700000,0x0000002ac7800000)]
  0x0000019210c3b280 JavaThread "jar transforms Thread 2" [_thread_blocked, id=11568, stack(0x0000002ac7800000,0x0000002ac7900000)]
  0x0000019210c3b790 JavaThread "jar transforms Thread 3" [_thread_blocked, id=22232, stack(0x0000002ac7900000,0x0000002ac7a00000)]
  0x0000019210c3bca0 JavaThread "Cache worker for dependencies-accessors (E:\voice_test\android\.gradle\8.2\dependencies-accessors)" [_thread_blocked, id=9796, stack(0x0000002ac7a00000,0x0000002ac7b00000)]
  0x0000019210c3c1b0 JavaThread "Cache worker for Build Output Cleanup Cache (D:\flutter\packages\flutter_tools\gradle\.gradle\buildOutputCleanup)" [_thread_blocked, id=23032, stack(0x0000002ac7b00000,0x0000002ac7c00000)]
  0x0000019210c3c6c0 JavaThread "jar transforms Thread 4" [_thread_blocked, id=15396, stack(0x0000002ac7c00000,0x0000002ac7d00000)]
  0x0000019210c38f10 JavaThread "jar transforms Thread 5" [_thread_blocked, id=25372, stack(0x0000002ac7d00000,0x0000002ac7e00000)]
  0x0000019210c3cbd0 JavaThread "Unconstrained build operations" [_thread_blocked, id=18324, stack(0x0000002ac7600000,0x0000002ac7700000)]
  0x0000019210c3d0e0 JavaThread "Unconstrained build operations Thread 2" [_thread_blocked, id=24288, stack(0x0000002ac7e00000,0x0000002ac7f00000)]
  0x0000019210c3e520 JavaThread "Unconstrained build operations Thread 3" [_thread_blocked, id=21312, stack(0x0000002ac7f00000,0x0000002ac8000000)]
  0x0000019210c3d5f0 JavaThread "Unconstrained build operations Thread 4" [_thread_blocked, id=11664, stack(0x0000002ac8000000,0x0000002ac8100000)]
  0x0000019210c3db00 JavaThread "Unconstrained build operations Thread 5" [_thread_blocked, id=22344, stack(0x0000002ac8100000,0x0000002ac8200000)]
  0x0000019210c3e010 JavaThread "Unconstrained build operations Thread 6" [_thread_blocked, id=2540, stack(0x0000002ac8200000,0x0000002ac8300000)]
  0x00000191c86e9db0 JavaThread "Unconstrained build operations Thread 7" [_thread_blocked, id=23836, stack(0x0000002ac8300000,0x0000002ac8400000)]
  0x00000191c86e7a40 JavaThread "jar transforms Thread 6" [_thread_blocked, id=20516, stack(0x0000002ac8400000,0x0000002ac8500000)]
  0x0000019210551d60 JavaThread "jar transforms Thread 7" [_thread_blocked, id=10664, stack(0x0000002ac8500000,0x0000002ac8600000)]
  0x0000019210551340 JavaThread "jar transforms Thread 8" [_thread_blocked, id=10216, stack(0x0000002ac8600000,0x0000002ac8700000)]
  0x0000019210552c90 JavaThread "Memory manager" [_thread_blocked, id=3520, stack(0x0000002ac8700000,0x0000002ac8800000)]
  0x00000192105545e0 JavaThread "build event listener" [_thread_blocked, id=15488, stack(0x0000002ac8800000,0x0000002ac8900000)]
  0x0000019210b9dea0 JavaThread "C2 CompilerThread1" daemon [_thread_in_native, id=19684, stack(0x0000002ac7400000,0x0000002ac7500000)]
  0x0000019210b9aed0 JavaThread "C2 CompilerThread2" daemon [_thread_blocked, id=9616, stack(0x0000002ac8900000,0x0000002ac8a00000)]

Other Threads:
  0x00000191c80c30c0 VMThread "VM Thread" [stack: 0x0000002ac4a00000,0x0000002ac4b00000] [id=17364]
  0x00000191c82f5f40 WatcherThread [stack: 0x0000002ac5600000,0x0000002ac5700000] [id=13592]
  0x00000191aaf0dc50 GCTaskThread "GC Thread#0" [stack: 0x0000002ac4500000,0x0000002ac4600000] [id=13104]
  0x000001920e177700 GCTaskThread "GC Thread#1" [stack: 0x0000002ac5900000,0x0000002ac5a00000] [id=23876]
  0x000001920e214170 GCTaskThread "GC Thread#2" [stack: 0x0000002ac5a00000,0x0000002ac5b00000] [id=22020]
  0x000001920e214430 GCTaskThread "GC Thread#3" [stack: 0x0000002ac5b00000,0x0000002ac5c00000] [id=19392]
  0x00000191c85eeaa0 GCTaskThread "GC Thread#4" [stack: 0x0000002ac5c00000,0x0000002ac5d00000] [id=8544]
  0x00000191c843a9a0 GCTaskThread "GC Thread#5" [stack: 0x0000002ac5d00000,0x0000002ac5e00000] [id=18640]
  0x000001920f22ee00 GCTaskThread "GC Thread#6" [stack: 0x0000002ac6e00000,0x0000002ac6f00000] [id=22712]
  0x000001920f22dac0 GCTaskThread "GC Thread#7" [stack: 0x0000002ac6f00000,0x0000002ac7000000] [id=17304]
  0x00000191a8d8db50 ConcurrentGCThread "G1 Main Marker" [stack: 0x0000002ac4600000,0x0000002ac4700000] [id=15924]
  0x00000191a8d8ec20 ConcurrentGCThread "G1 Conc#0" [stack: 0x0000002ac4700000,0x0000002ac4800000] [id=24868]
  0x000001920f22e880 ConcurrentGCThread "G1 Conc#1" [stack: 0x0000002ac7000000,0x0000002ac7100000] [id=4092]
  0x00000191c7f816b0 ConcurrentGCThread "G1 Refine#0" [stack: 0x0000002ac4800000,0x0000002ac4900000] [id=6280]
  0x00000191c7f82da0 ConcurrentGCThread "G1 Service" [stack: 0x0000002ac4900000,0x0000002ac4a00000] [id=10416]

Threads with active compile tasks:
C2 CompilerThread0  21143 6025       4       java.util.zip.ZipFile$Source::initCEN (612 bytes)
C1 CompilerThread0  21143 6031       3       org.gradle.internal.classloader.TransformReplacer::getLoader (46 bytes)
C2 CompilerThread1  21143 6030       4       java.util.TreeMap::put (221 bytes)

VM state: not at safepoint (normal execution)

VM Mutex/Monitor currently owned by a thread:  ([mutex/lock_event])
[0x00000191aaebe050] Metaspace_lock - owner thread: 0x00000191c86e7020

Heap address: 0x00000000a0000000, size: 1536 MB, Compressed Oops mode: 32-bit

CDS archive(s) mapped at: [0x00000191c9000000-0x00000191c9bb0000-0x00000191c9bb0000), size 12255232, SharedBaseAddress: 0x00000191c9000000, ArchiveRelocationMode: 1.
Compressed class space mapped at: 0x00000191ca000000-0x000001920a000000, reserved size: 1073741824
Narrow klass base: 0x00000191c9000000, Narrow klass shift: 0, Narrow klass range: 0x100000000

GC Precious Log:
 CPUs: 8 total, 8 available
 Memory: 16043M
 Large Page Support: Disabled
 NUMA Support: Disabled
 Compressed Oops: Enabled (32-bit)
 Heap Region Size: 1M
 Heap Min Capacity: 8M
 Heap Initial Capacity: 252M
 Heap Max Capacity: 1536M
 Pre-touch: Disabled
 Parallel Workers: 8
 Concurrent Workers: 2
 Concurrent Refinement Workers: 8
 Periodic GC: Disabled

Heap:
 garbage-first heap   total 99328K, used 71447K [0x00000000a0000000, 0x0000000100000000)
  region size 1024K, 21 young (21504K), 3 survivors (3072K)
 Metaspace       used 54038K, committed 54656K, reserved 1114112K
  class space    used 7679K, committed 8000K, reserved 1048576K

Heap Regions: E=young(eden), S=young(survivor), O=old, HS=humongous(starts), HC=humongous(continues), CS=collection set, F=free, OA=open archive, CA=closed archive, TAMS=top-at-mark-start (previous, next)
|   0|0x00000000a0000000, 0x00000000a0100000, 0x00000000a0100000|100%|HS|  |TAMS 0x00000000a0100000, 0x00000000a0000000| Complete 
|   1|0x00000000a0100000, 0x00000000a0200000, 0x00000000a0200000|100%|HC|  |TAMS 0x00000000a0200000, 0x00000000a0100000| Complete 
|   2|0x00000000a0200000, 0x00000000a0300000, 0x00000000a0300000|100%|HC|  |TAMS 0x00000000a0300000, 0x00000000a0200000| Complete 
|   3|0x00000000a0300000, 0x00000000a0400000, 0x00000000a0400000|100%|HC|  |TAMS 0x00000000a0400000, 0x00000000a0300000| Complete 
|   4|0x00000000a0400000, 0x00000000a0500000, 0x00000000a0500000|100%| O|  |TAMS 0x00000000a0500000, 0x00000000a0400000| Untracked 
|   5|0x00000000a0500000, 0x00000000a0600000, 0x00000000a0600000|100%| O|  |TAMS 0x00000000a0600000, 0x00000000a0500000| Untracked 
|   6|0x00000000a0600000, 0x00000000a0700000, 0x00000000a0700000|100%| O|  |TAMS 0x00000000a0700000, 0x00000000a0600000| Untracked 
|   7|0x00000000a0700000, 0x00000000a0800000, 0x00000000a0800000|100%| O|  |TAMS 0x00000000a0800000, 0x00000000a0700000| Untracked 
|   8|0x00000000a0800000, 0x00000000a0900000, 0x00000000a0900000|100%| O|  |TAMS 0x00000000a0900000, 0x00000000a0800000| Untracked 
|   9|0x00000000a0900000, 0x00000000a0a00000, 0x00000000a0a00000|100%| O|  |TAMS 0x00000000a0a00000, 0x00000000a0900000| Untracked 
|  10|0x00000000a0a00000, 0x00000000a0b00000, 0x00000000a0b00000|100%| O|  |TAMS 0x00000000a0b00000, 0x00000000a0a00000| Untracked 
|  11|0x00000000a0b00000, 0x00000000a0b27e00, 0x00000000a0c00000| 15%| O|  |TAMS 0x00000000a0b27e00, 0x00000000a0b00000| Untracked 
|  12|0x00000000a0c00000, 0x00000000a0d00000, 0x00000000a0d00000|100%| O|  |TAMS 0x00000000a0d00000, 0x00000000a0c00000| Untracked 
|  13|0x00000000a0d00000, 0x00000000a0e00000, 0x00000000a0e00000|100%| O|  |TAMS 0x00000000a0e00000, 0x00000000a0d00000| Untracked 
|  14|0x00000000a0e00000, 0x00000000a0f00000, 0x00000000a0f00000|100%| O|  |TAMS 0x00000000a0f00000, 0x00000000a0e00000| Untracked 
|  15|0x00000000a0f00000, 0x00000000a1000000, 0x00000000a1000000|100%| O|  |TAMS 0x00000000a1000000, 0x00000000a0f00000| Untracked 
|  16|0x00000000a1000000, 0x00000000a1100000, 0x00000000a1100000|100%| O|  |TAMS 0x00000000a1100000, 0x00000000a1000000| Untracked 
|  17|0x00000000a1100000, 0x00000000a1200000, 0x00000000a1200000|100%| O|  |TAMS 0x00000000a1200000, 0x00000000a1100000| Untracked 
|  18|0x00000000a1200000, 0x00000000a1300000, 0x00000000a1300000|100%| O|  |TAMS 0x00000000a1300000, 0x00000000a1200000| Untracked 
|  19|0x00000000a1300000, 0x00000000a1400000, 0x00000000a1400000|100%| O|  |TAMS 0x00000000a1400000, 0x00000000a1300000| Untracked 
|  20|0x00000000a1400000, 0x00000000a1500000, 0x00000000a1500000|100%| O|  |TAMS 0x00000000a1500000, 0x00000000a1400000| Untracked 
|  21|0x00000000a1500000, 0x00000000a1600000, 0x00000000a1600000|100%| O|  |TAMS 0x00000000a1600000, 0x00000000a1500000| Untracked 
|  22|0x00000000a1600000, 0x00000000a1700000, 0x00000000a1700000|100%| O|  |TAMS 0x00000000a1700000, 0x00000000a1600000| Untracked 
|  23|0x00000000a1700000, 0x00000000a1800000, 0x00000000a1800000|100%| O|  |TAMS 0x00000000a1800000, 0x00000000a1700000| Untracked 
|  24|0x00000000a1800000, 0x00000000a1900000, 0x00000000a1900000|100%| O|  |TAMS 0x00000000a1900000, 0x00000000a1800000| Untracked 
|  25|0x00000000a1900000, 0x00000000a1a00000, 0x00000000a1a00000|100%| O|  |TAMS 0x00000000a1a00000, 0x00000000a1900000| Untracked 
|  26|0x00000000a1a00000, 0x00000000a1b00000, 0x00000000a1b00000|100%| O|  |TAMS 0x00000000a1b00000, 0x00000000a1a00000| Untracked 
|  27|0x00000000a1b00000, 0x00000000a1c00000, 0x00000000a1c00000|100%| O|  |TAMS 0x00000000a1c00000, 0x00000000a1b00000| Untracked 
|  28|0x00000000a1c00000, 0x00000000a1d00000, 0x00000000a1d00000|100%| O|  |TAMS 0x00000000a1d00000, 0x00000000a1c00000| Untracked 
|  29|0x00000000a1d00000, 0x00000000a1e00000, 0x00000000a1e00000|100%|HS|  |TAMS 0x00000000a1e00000, 0x00000000a1d00000| Complete 
|  30|0x00000000a1e00000, 0x00000000a1f00000, 0x00000000a1f00000|100%|HC|  |TAMS 0x00000000a1f00000, 0x00000000a1e00000| Complete 
|  31|0x00000000a1f00000, 0x00000000a2000000, 0x00000000a2000000|100%| O|  |TAMS 0x00000000a2000000, 0x00000000a1f00000| Untracked 
|  32|0x00000000a2000000, 0x00000000a2100000, 0x00000000a2100000|100%| O|  |TAMS 0x00000000a2100000, 0x00000000a2000000| Untracked 
|  33|0x00000000a2100000, 0x00000000a2200000, 0x00000000a2200000|100%| O|  |TAMS 0x00000000a2200000, 0x00000000a2100000| Untracked 
|  34|0x00000000a2200000, 0x00000000a2300000, 0x00000000a2300000|100%|HS|  |TAMS 0x00000000a2300000, 0x00000000a2200000| Complete 
|  35|0x00000000a2300000, 0x00000000a2400000, 0x00000000a2400000|100%|HC|  |TAMS 0x00000000a2400000, 0x00000000a2300000| Complete 
|  36|0x00000000a2400000, 0x00000000a2500000, 0x00000000a2500000|100%| O|  |TAMS 0x00000000a2500000, 0x00000000a2400000| Untracked 
|  37|0x00000000a2500000, 0x00000000a2600000, 0x00000000a2600000|100%| O|  |TAMS 0x00000000a2600000, 0x00000000a2500000| Untracked 
|  38|0x00000000a2600000, 0x00000000a2700000, 0x00000000a2700000|100%| O|  |TAMS 0x00000000a2700000, 0x00000000a2600000| Untracked 
|  39|0x00000000a2700000, 0x00000000a2800000, 0x00000000a2800000|100%| O|  |TAMS 0x00000000a2800000, 0x00000000a2700000| Untracked 
|  40|0x00000000a2800000, 0x00000000a2900000, 0x00000000a2900000|100%| O|  |TAMS 0x00000000a2900000, 0x00000000a2800000| Untracked 
|  41|0x00000000a2900000, 0x00000000a2a00000, 0x00000000a2a00000|100%|HS|  |TAMS 0x00000000a2a00000, 0x00000000a2900000| Complete 
|  42|0x00000000a2a00000, 0x00000000a2b00000, 0x00000000a2b00000|100%|HC|  |TAMS 0x00000000a2b00000, 0x00000000a2a00000| Complete 
|  43|0x00000000a2b00000, 0x00000000a2c00000, 0x00000000a2c00000|100%|HC|  |TAMS 0x00000000a2c00000, 0x00000000a2b00000| Complete 
|  44|0x00000000a2c00000, 0x00000000a2d00000, 0x00000000a2d00000|100%|HC|  |TAMS 0x00000000a2d00000, 0x00000000a2c00000| Complete 
|  45|0x00000000a2d00000, 0x00000000a2e00000, 0x00000000a2e00000|100%|HS|  |TAMS 0x00000000a2e00000, 0x00000000a2d00000| Complete 
|  46|0x00000000a2e00000, 0x00000000a2f00000, 0x00000000a2f00000|100%|HC|  |TAMS 0x00000000a2f00000, 0x00000000a2e00000| Complete 
|  47|0x00000000a2f00000, 0x00000000a3000000, 0x00000000a3000000|100%|HC|  |TAMS 0x00000000a3000000, 0x00000000a2f00000| Complete 
|  48|0x00000000a3000000, 0x00000000a3100000, 0x00000000a3100000|100%|HC|  |TAMS 0x00000000a3100000, 0x00000000a3000000| Complete 
|  49|0x00000000a3100000, 0x00000000a3200000, 0x00000000a3200000|100%| O|  |TAMS 0x00000000a3200000, 0x00000000a3100000| Untracked 
|  50|0x00000000a3200000, 0x00000000a3300000, 0x00000000a3300000|100%| O|  |TAMS 0x00000000a3276600, 0x00000000a3200000| Untracked 
|  51|0x00000000a3300000, 0x00000000a3308600, 0x00000000a3400000|  3%| O|  |TAMS 0x00000000a3300000, 0x00000000a3300000| Untracked 
|  52|0x00000000a3400000, 0x00000000a3400000, 0x00000000a3500000|  0%| F|  |TAMS 0x00000000a3400000, 0x00000000a3400000| Untracked 
|  53|0x00000000a3500000, 0x00000000a3500000, 0x00000000a3600000|  0%| F|  |TAMS 0x00000000a3500000, 0x00000000a3500000| Untracked 
|  54|0x00000000a3600000, 0x00000000a3600000, 0x00000000a3700000|  0%| F|  |TAMS 0x00000000a3600000, 0x00000000a3600000| Untracked 
|  55|0x00000000a3700000, 0x00000000a3700000, 0x00000000a3800000|  0%| F|  |TAMS 0x00000000a3700000, 0x00000000a3700000| Untracked 
|  56|0x00000000a3800000, 0x00000000a3800000, 0x00000000a3900000|  0%| F|  |TAMS 0x00000000a3800000, 0x00000000a3800000| Untracked 
|  57|0x00000000a3900000, 0x00000000a3900000, 0x00000000a3a00000|  0%| F|  |TAMS 0x00000000a3900000, 0x00000000a3900000| Untracked 
|  58|0x00000000a3a00000, 0x00000000a3a00000, 0x00000000a3b00000|  0%| F|  |TAMS 0x00000000a3a00000, 0x00000000a3a00000| Untracked 
|  59|0x00000000a3b00000, 0x00000000a3b00000, 0x00000000a3c00000|  0%| F|  |TAMS 0x00000000a3b00000, 0x00000000a3b00000| Untracked 
|  60|0x00000000a3c00000, 0x00000000a3c00000, 0x00000000a3d00000|  0%| F|  |TAMS 0x00000000a3c00000, 0x00000000a3c00000| Untracked 
|  61|0x00000000a3d00000, 0x00000000a3d00000, 0x00000000a3e00000|  0%| F|  |TAMS 0x00000000a3d00000, 0x00000000a3d00000| Untracked 
|  62|0x00000000a3e00000, 0x00000000a3e00000, 0x00000000a3f00000|  0%| F|  |TAMS 0x00000000a3e00000, 0x00000000a3e00000| Untracked 
|  63|0x00000000a3f00000, 0x00000000a3f00000, 0x00000000a4000000|  0%| F|  |TAMS 0x00000000a3f00000, 0x00000000a3f00000| Untracked 
|  64|0x00000000a4000000, 0x00000000a4000000, 0x00000000a4100000|  0%| F|  |TAMS 0x00000000a4000000, 0x00000000a4000000| Untracked 
|  65|0x00000000a4100000, 0x00000000a4195ac0, 0x00000000a4200000| 58%| S|CS|TAMS 0x00000000a4100000, 0x00000000a4100000| Complete 
|  66|0x00000000a4200000, 0x00000000a4300000, 0x00000000a4300000|100%| S|CS|TAMS 0x00000000a4200000, 0x00000000a4200000| Complete 
|  67|0x00000000a4300000, 0x00000000a4400000, 0x00000000a4400000|100%| S|CS|TAMS 0x00000000a4300000, 0x00000000a4300000| Complete 
|  68|0x00000000a4400000, 0x00000000a4400000, 0x00000000a4500000|  0%| F|  |TAMS 0x00000000a4400000, 0x00000000a4400000| Untracked 
|  69|0x00000000a4500000, 0x00000000a4500000, 0x00000000a4600000|  0%| F|  |TAMS 0x00000000a4500000, 0x00000000a4500000| Untracked 
|  70|0x00000000a4600000, 0x00000000a4600000, 0x00000000a4700000|  0%| F|  |TAMS 0x00000000a4600000, 0x00000000a4600000| Untracked 
|  71|0x00000000a4700000, 0x00000000a4700000, 0x00000000a4800000|  0%| F|  |TAMS 0x00000000a4700000, 0x00000000a4700000| Untracked 
|  72|0x00000000a4800000, 0x00000000a4800000, 0x00000000a4900000|  0%| F|  |TAMS 0x00000000a4800000, 0x00000000a4800000| Untracked 
|  73|0x00000000a4900000, 0x00000000a4900000, 0x00000000a4a00000|  0%| F|  |TAMS 0x00000000a4900000, 0x00000000a4900000| Untracked 
|  74|0x00000000a4a00000, 0x00000000a4a00000, 0x00000000a4b00000|  0%| F|  |TAMS 0x00000000a4a00000, 0x00000000a4a00000| Untracked 
|  75|0x00000000a4b00000, 0x00000000a4b00000, 0x00000000a4c00000|  0%| F|  |TAMS 0x00000000a4b00000, 0x00000000a4b00000| Untracked 
|  76|0x00000000a4c00000, 0x00000000a4c00000, 0x00000000a4d00000|  0%| F|  |TAMS 0x00000000a4c00000, 0x00000000a4c00000| Untracked 
|  77|0x00000000a4d00000, 0x00000000a4d00000, 0x00000000a4e00000|  0%| F|  |TAMS 0x00000000a4d00000, 0x00000000a4d00000| Untracked 
|  78|0x00000000a4e00000, 0x00000000a4e00000, 0x00000000a4f00000|  0%| F|  |TAMS 0x00000000a4e00000, 0x00000000a4e00000| Untracked 
|  79|0x00000000a4f00000, 0x00000000a4fd7f88, 0x00000000a5000000| 84%| E|  |TAMS 0x00000000a4f00000, 0x00000000a4f00000| Complete 
|  80|0x00000000a5000000, 0x00000000a5100000, 0x00000000a5100000|100%| E|CS|TAMS 0x00000000a5000000, 0x00000000a5000000| Complete 
|  81|0x00000000a5100000, 0x00000000a5200000, 0x00000000a5200000|100%| E|CS|TAMS 0x00000000a5100000, 0x00000000a5100000| Complete 
|  82|0x00000000a5200000, 0x00000000a5300000, 0x00000000a5300000|100%| E|CS|TAMS 0x00000000a5200000, 0x00000000a5200000| Complete 
|  83|0x00000000a5300000, 0x00000000a5400000, 0x00000000a5400000|100%| E|CS|TAMS 0x00000000a5300000, 0x00000000a5300000| Complete 
| 123|0x00000000a7b00000, 0x00000000a7c00000, 0x00000000a7c00000|100%| E|CS|TAMS 0x00000000a7b00000, 0x00000000a7b00000| Complete 
| 124|0x00000000a7c00000, 0x00000000a7d00000, 0x00000000a7d00000|100%| E|CS|TAMS 0x00000000a7c00000, 0x00000000a7c00000| Complete 
| 125|0x00000000a7d00000, 0x00000000a7e00000, 0x00000000a7e00000|100%| E|CS|TAMS 0x00000000a7d00000, 0x00000000a7d00000| Complete 
| 126|0x00000000a7e00000, 0x00000000a7f00000, 0x00000000a7f00000|100%| E|CS|TAMS 0x00000000a7e00000, 0x00000000a7e00000| Complete 
| 127|0x00000000a7f00000, 0x00000000a8000000, 0x00000000a8000000|100%| E|CS|TAMS 0x00000000a7f00000, 0x00000000a7f00000| Complete 
| 128|0x00000000a8000000, 0x00000000a8100000, 0x00000000a8100000|100%| E|CS|TAMS 0x00000000a8000000, 0x00000000a8000000| Complete 
| 129|0x00000000a8100000, 0x00000000a8200000, 0x00000000a8200000|100%| E|CS|TAMS 0x00000000a8100000, 0x00000000a8100000| Complete 
| 130|0x00000000a8200000, 0x00000000a8300000, 0x00000000a8300000|100%| E|CS|TAMS 0x00000000a8200000, 0x00000000a8200000| Complete 
| 131|0x00000000a8300000, 0x00000000a8400000, 0x00000000a8400000|100%| E|CS|TAMS 0x00000000a8300000, 0x00000000a8300000| Complete 
| 132|0x00000000a8400000, 0x00000000a8500000, 0x00000000a8500000|100%| E|CS|TAMS 0x00000000a8400000, 0x00000000a8400000| Complete 
| 133|0x00000000a8500000, 0x00000000a8600000, 0x00000000a8600000|100%| E|CS|TAMS 0x00000000a8500000, 0x00000000a8500000| Complete 
| 134|0x00000000a8600000, 0x00000000a8700000, 0x00000000a8700000|100%| E|CS|TAMS 0x00000000a8600000, 0x00000000a8600000| Complete 
| 251|0x00000000afb00000, 0x00000000afc00000, 0x00000000afc00000|100%| E|CS|TAMS 0x00000000afb00000, 0x00000000afb00000| Complete 

Card table byte_map: [0x00000191c2050000,0x00000191c2350000] _byte_map_base: 0x00000191c1b50000

Marking Bits (Prev, Next): (CMBitMap*) 0x00000191aaf0e180, (CMBitMap*) 0x00000191aaf0e1c0
 Prev Bits: [0x00000191c2650000, 0x00000191c3e50000)
 Next Bits: [0x00000191c3e50000, 0x00000191c5650000)

Polling page: 0x00000191a9210000

Metaspace:

Usage:
  Non-class:     45.27 MB used.
      Class:      7.50 MB used.
       Both:     52.77 MB used.

Virtual space:
  Non-class space:       64.00 MB reserved,      45.56 MB ( 71%) committed,  1 nodes.
      Class space:        1.00 GB reserved,       7.81 MB ( <1%) committed,  1 nodes.
             Both:        1.06 GB reserved,      53.38 MB (  5%) committed. 

Chunk freelists:
   Non-Class:  1.86 MB
       Class:  8.17 MB
        Both:  10.03 MB

MaxMetaspaceSize: unlimited
CompressedClassSpaceSize: 1.00 GB
Initial GC threshold: 21.00 MB
Current GC threshold: 87.12 MB
CDS: on
MetaspaceReclaimPolicy: balanced
 - commit_granule_bytes: 65536.
 - commit_granule_words: 8192.
 - virtual_space_node_default_size: 8388608.
 - enlarge_chunks_in_place: 1.
 - new_chunks_are_fully_committed: 0.
 - uncommit_free_chunks: 1.
 - use_allocation_guard: 0.
 - handle_deallocations: 1.


Internal statistics:

num_allocs_failed_limit: 6.
num_arena_births: 686.
num_arena_deaths: 0.
num_vsnodes_births: 2.
num_vsnodes_deaths: 0.
num_space_committed: 854.
num_space_uncommitted: 0.
num_chunks_returned_to_freelist: 6.
num_chunks_taken_from_freelist: 2767.
num_chunk_merges: 6.
num_chunk_splits: 1870.
num_chunks_enlarged: 1289.
num_inconsistent_stats: 0.

CodeHeap 'non-profiled nmethods': size=120000Kb used=3245Kb max_used=3245Kb free=116754Kb
 bounds [0x00000191ba4f0000, 0x00000191ba820000, 0x00000191c1a20000]
CodeHeap 'profiled nmethods': size=120000Kb used=10165Kb max_used=10165Kb free=109835Kb
 bounds [0x00000191b2a20000, 0x00000191b3410000, 0x00000191b9f50000]
CodeHeap 'non-nmethods': size=5760Kb used=2340Kb max_used=2402Kb free=3419Kb
 bounds [0x00000191b9f50000, 0x00000191ba1c0000, 0x00000191ba4f0000]
 total_blobs=6127 nmethods=5269 adapters=770
 compilation: enabled
              stopped_count=0, restarted_count=0
 full_count=0

Compilation events (20 events):
Event: 21.003 Thread 0x00000191c80f7900 6020       4       jdk.internal.org.objectweb.asm.MethodWriter::visitMethodInsn (191 bytes)
Event: 21.003 Thread 0x0000019210b9dea0 6021       4       jdk.internal.org.objectweb.asm.SymbolTable::addConstantMethodref (24 bytes)
Event: 21.004 Thread 0x0000019210b9dea0 nmethod 6021 0x00000191ba815d10 code [0x00000191ba815ea0, 0x00000191ba815f68]
Event: 21.004 Thread 0x00000191c8128230 6022       3       com.google.common.reflect.TypeCapture::<init> (5 bytes)
Event: 21.005 Thread 0x00000191c8128230 nmethod 6022 0x00000191b340b990 code [0x00000191b340bb40, 0x00000191b340bc98]
Event: 21.020 Thread 0x0000019210b9aed0 6023       4       org.objectweb.asm.Type::getDescriptor (93 bytes)
Event: 21.043 Thread 0x0000019210b9dea0 6024       4       java.lang.ThreadLocal$ThreadLocalMap::set (133 bytes)
Event: 21.044 Thread 0x0000019210b9aed0 nmethod 6023 0x00000191ba816010 code [0x00000191ba816220, 0x00000191ba816fa0]
Event: 21.062 Thread 0x0000019210b9dea0 nmethod 6024 0x00000191ba817690 code [0x00000191ba817840, 0x00000191ba817fc8]
Event: 21.079 Thread 0x00000191c80f7900 nmethod 6020 0x00000191ba818310 code [0x00000191ba8185e0, 0x00000191ba81a468]
Event: 21.080 Thread 0x00000191c80f7900 6025       4       java.util.zip.ZipFile$Source::initCEN (612 bytes)
Event: 21.082 Thread 0x00000191c8128230 6026       3       jdk.internal.loader.URLClassPath::findResource (38 bytes)
Event: 21.083 Thread 0x00000191c8128230 nmethod 6026 0x00000191b340bd90 code [0x00000191b340bf60, 0x00000191b340c298]
Event: 21.083 Thread 0x00000191c8128230 6027       3       org.gradle.plugin.use.internal.DefaultPluginId::equals (41 bytes)
Event: 21.083 Thread 0x00000191c8128230 nmethod 6027 0x00000191b340c410 code [0x00000191b340c5e0, 0x00000191b340c988]
Event: 21.087 Thread 0x00000191c8128230 6028       3       org.gradle.plugin.use.internal.DefaultPluginId::isQualified (10 bytes)
Event: 21.087 Thread 0x00000191c8128230 nmethod 6028 0x00000191b340ca90 code [0x00000191b340cc40, 0x00000191b340cea8]
Event: 21.087 Thread 0x00000191c8128230 6029       3       org.gradle.plugin.use.internal.DefaultPluginId::hashCode (8 bytes)
Event: 21.087 Thread 0x00000191c8128230 nmethod 6029 0x00000191b340d010 code [0x00000191b340d1c0, 0x00000191b340d308]
Event: 21.097 Thread 0x0000019210b9dea0 6030       4       java.util.TreeMap::put (221 bytes)

GC Heap History (20 events):
Event: 13.246 GC heap before
{Heap before GC invocations=6 (full 0):
 garbage-first heap   total 81920K, used 63663K [0x00000000a0000000, 0x0000000100000000)
  region size 1024K, 34 young (34816K), 4 survivors (4096K)
 Metaspace       used 32500K, committed 32896K, reserved 1114112K
  class space    used 4492K, committed 4672K, reserved 1048576K
}
Event: 13.258 GC heap after
{Heap after GC invocations=7 (full 0):
 garbage-first heap   total 81920K, used 30624K [0x00000000a0000000, 0x0000000100000000)
  region size 1024K, 3 young (3072K), 3 survivors (3072K)
 Metaspace       used 32500K, committed 32896K, reserved 1114112K
  class space    used 4492K, committed 4672K, reserved 1048576K
}
Event: 14.292 GC heap before
{Heap before GC invocations=7 (full 0):
 garbage-first heap   total 81920K, used 62368K [0x00000000a0000000, 0x0000000100000000)
  region size 1024K, 33 young (33792K), 3 survivors (3072K)
 Metaspace       used 35329K, committed 35840K, reserved 1114112K
  class space    used 4849K, committed 5120K, reserved 1048576K
}
Event: 14.298 GC heap after
{Heap after GC invocations=8 (full 0):
 garbage-first heap   total 81920K, used 31723K [0x00000000a0000000, 0x0000000100000000)
  region size 1024K, 4 young (4096K), 4 survivors (4096K)
 Metaspace       used 35329K, committed 35840K, reserved 1114112K
  class space    used 4849K, committed 5120K, reserved 1048576K
}
Event: 14.375 GC heap before
{Heap before GC invocations=8 (full 0):
 garbage-first heap   total 81920K, used 33771K [0x00000000a0000000, 0x0000000100000000)
  region size 1024K, 7 young (7168K), 4 survivors (4096K)
 Metaspace       used 35595K, committed 36096K, reserved 1114112K
  class space    used 4896K, committed 5120K, reserved 1048576K
}
Event: 14.381 GC heap after
{Heap after GC invocations=9 (full 0):
 garbage-first heap   total 81920K, used 32038K [0x00000000a0000000, 0x0000000100000000)
  region size 1024K, 2 young (2048K), 2 survivors (2048K)
 Metaspace       used 35595K, committed 36096K, reserved 1114112K
  class space    used 4896K, committed 5120K, reserved 1048576K
}
Event: 15.885 GC heap before
{Heap before GC invocations=10 (full 0):
 garbage-first heap   total 81920K, used 63782K [0x00000000a0000000, 0x0000000100000000)
  region size 1024K, 33 young (33792K), 2 survivors (2048K)
 Metaspace       used 38988K, committed 39488K, reserved 1114112K
  class space    used 5468K, committed 5696K, reserved 1048576K
}
Event: 15.890 GC heap after
{Heap after GC invocations=11 (full 0):
 garbage-first heap   total 81920K, used 33150K [0x00000000a0000000, 0x0000000100000000)
  region size 1024K, 3 young (3072K), 3 survivors (3072K)
 Metaspace       used 38988K, committed 39488K, reserved 1114112K
  class space    used 5468K, committed 5696K, reserved 1048576K
}
Event: 16.840 GC heap before
{Heap before GC invocations=11 (full 0):
 garbage-first heap   total 81920K, used 64894K [0x00000000a0000000, 0x0000000100000000)
  region size 1024K, 34 young (34816K), 3 survivors (3072K)
 Metaspace       used 42113K, committed 42624K, reserved 1114112K
  class space    used 5926K, committed 6208K, reserved 1048576K
}
Event: 16.848 GC heap after
{Heap after GC invocations=12 (full 0):
 garbage-first heap   total 81920K, used 34418K [0x00000000a0000000, 0x0000000100000000)
  region size 1024K, 3 young (3072K), 3 survivors (3072K)
 Metaspace       used 42113K, committed 42624K, reserved 1114112K
  class space    used 5926K, committed 6208K, reserved 1048576K
}
Event: 18.028 GC heap before
{Heap before GC invocations=12 (full 0):
 garbage-first heap   total 81920K, used 65138K [0x00000000a0000000, 0x0000000100000000)
  region size 1024K, 34 young (34816K), 3 survivors (3072K)
 Metaspace       used 45675K, committed 46208K, reserved 1114112K
  class space    used 6461K, committed 6720K, reserved 1048576K
}
Event: 18.036 GC heap after
{Heap after GC invocations=13 (full 0):
 garbage-first heap   total 81920K, used 36603K [0x00000000a0000000, 0x0000000100000000)
  region size 1024K, 5 young (5120K), 5 survivors (5120K)
 Metaspace       used 45675K, committed 46208K, reserved 1114112K
  class space    used 6461K, committed 6720K, reserved 1048576K
}
Event: 19.079 GC heap before
{Heap before GC invocations=13 (full 0):
 garbage-first heap   total 81920K, used 70395K [0x00000000a0000000, 0x0000000100000000)
  region size 1024K, 34 young (34816K), 5 survivors (5120K)
 Metaspace       used 48303K, committed 48896K, reserved 1114112K
  class space    used 6858K, committed 7168K, reserved 1048576K
}
Event: 19.089 GC heap after
{Heap after GC invocations=14 (full 0):
 garbage-first heap   total 81920K, used 42573K [0x00000000a0000000, 0x0000000100000000)
  region size 1024K, 5 young (5120K), 5 survivors (5120K)
 Metaspace       used 48303K, committed 48896K, reserved 1114112K
  class space    used 6858K, committed 7168K, reserved 1048576K
}
Event: 19.280 GC heap before
{Heap before GC invocations=14 (full 0):
 garbage-first heap   total 81920K, used 47693K [0x00000000a0000000, 0x0000000100000000)
  region size 1024K, 12 young (12288K), 5 survivors (5120K)
 Metaspace       used 48722K, committed 49280K, reserved 1114112K
  class space    used 6946K, committed 7232K, reserved 1048576K
}
Event: 19.285 GC heap after
{Heap after GC invocations=15 (full 0):
 garbage-first heap   total 81920K, used 43165K [0x00000000a0000000, 0x0000000100000000)
  region size 1024K, 3 young (3072K), 3 survivors (3072K)
 Metaspace       used 48722K, committed 49280K, reserved 1114112K
  class space    used 6946K, committed 7232K, reserved 1048576K
}
Event: 20.024 GC heap before
{Heap before GC invocations=16 (full 0):
 garbage-first heap   total 91136K, used 72861K [0x00000000a0000000, 0x0000000100000000)
  region size 1024K, 25 young (25600K), 3 survivors (3072K)
 Metaspace       used 50478K, committed 51008K, reserved 1114112K
  class space    used 7216K, committed 7488K, reserved 1048576K
}
Event: 20.029 GC heap after
{Heap after GC invocations=17 (full 0):
 garbage-first heap   total 91136K, used 53047K [0x00000000a0000000, 0x0000000100000000)
  region size 1024K, 3 young (3072K), 3 survivors (3072K)
 Metaspace       used 50478K, committed 51008K, reserved 1114112K
  class space    used 7216K, committed 7488K, reserved 1048576K
}
Event: 20.655 GC heap before
{Heap before GC invocations=17 (full 0):
 garbage-first heap   total 91136K, used 74551K [0x00000000a0000000, 0x0000000100000000)
  region size 1024K, 24 young (24576K), 3 survivors (3072K)
 Metaspace       used 52712K, committed 53312K, reserved 1114112K
  class space    used 7488K, committed 7808K, reserved 1048576K
}
Event: 20.658 GC heap after
{Heap after GC invocations=18 (full 0):
 garbage-first heap   total 91136K, used 54039K [0x00000000a0000000, 0x0000000100000000)
  region size 1024K, 3 young (3072K), 3 survivors (3072K)
 Metaspace       used 52712K, committed 53312K, reserved 1114112K
  class space    used 7488K, committed 7808K, reserved 1048576K
}

Dll operation events (15 events):
Event: 0.016 Loaded shared library E:\JAVA\bin\java.dll
Event: 0.047 Loaded shared library E:\JAVA\bin\jsvml.dll
Event: 0.140 Loaded shared library E:\JAVA\bin\zip.dll
Event: 0.143 Loaded shared library E:\JAVA\bin\instrument.dll
Event: 0.150 Loaded shared library E:\JAVA\bin\net.dll
Event: 0.152 Loaded shared library E:\JAVA\bin\nio.dll
Event: 0.158 Loaded shared library E:\JAVA\bin\zip.dll
Event: 0.383 Loaded shared library E:\JAVA\bin\jimage.dll
Event: 0.542 Loaded shared library E:\JAVA\bin\verify.dll
Event: 0.888 Loaded shared library E:\gradle\native\68d5fa5c4cc2d200863cafc0d521ce42e7d3e7ee720ec0a83991735586a16f82\windows-amd64\native-platform.dll
Event: 0.919 Loaded shared library E:\gradle\native\e376f236ea51e6404a007f0833ffe2c6e607c4080706a723a18a27aeea778392\windows-amd64\native-platform-file-events.dll
Event: 2.894 Loaded shared library E:\JAVA\bin\management.dll
Event: 2.898 Loaded shared library E:\JAVA\bin\management_ext.dll
Event: 3.808 Loaded shared library E:\JAVA\bin\extnet.dll
Event: 5.289 Loaded shared library E:\JAVA\bin\sunmscapi.dll

Deoptimization events (20 events):
Event: 20.865 Thread 0x00000191c86e7020 DEOPT PACKING pc=0x00000191ba80e504 sp=0x0000002ac62f24e0
Event: 20.865 Thread 0x00000191c86e7020 DEOPT UNPACKING pc=0x00000191b9fa69a3 sp=0x0000002ac62f23c8 mode 2
Event: 21.018 Thread 0x00000191c86e7020 Uncommon trap: trap_request=0xffffff45 fr.pc=0x00000191ba5d9c04 relative=0x00000000000002c4
Event: 21.018 Thread 0x00000191c86e7020 Uncommon trap: reason=unstable_if action=reinterpret pc=0x00000191ba5d9c04 method=org.gradle.internal.instantiation.generator.AbstractClassGenerator$InjectionAnnotationValidator.validateMethod(Ljava/lang/reflect/Method;Lorg/gradle/internal/reflect/Propert
Event: 21.018 Thread 0x00000191c86e7020 DEOPT PACKING pc=0x00000191ba5d9c04 sp=0x0000002ac62f3480
Event: 21.018 Thread 0x00000191c86e7020 DEOPT UNPACKING pc=0x00000191b9fa69a3 sp=0x0000002ac62f3430 mode 2
Event: 21.018 Thread 0x00000191c86e7020 Uncommon trap: trap_request=0xffffffde fr.pc=0x00000191ba576cb4 relative=0x00000000000004b4
Event: 21.018 Thread 0x00000191c86e7020 Uncommon trap: reason=class_check action=maybe_recompile pc=0x00000191ba576cb4 method=org.gradle.internal.instantiation.generator.AbstractClassGenerator$InjectionAnnotationValidator.validateMethod(Ljava/lang/reflect/Method;Lorg/gradle/internal/reflect/Pro
Event: 21.018 Thread 0x00000191c86e7020 DEOPT PACKING pc=0x00000191ba576cb4 sp=0x0000002ac62f33b0
Event: 21.018 Thread 0x00000191c86e7020 DEOPT UNPACKING pc=0x00000191b9fa69a3 sp=0x0000002ac62f3380 mode 2
Event: 21.018 Thread 0x00000191c86e7020 Uncommon trap: trap_request=0xffffffde fr.pc=0x00000191ba800878 relative=0x00000000000063f8
Event: 21.018 Thread 0x00000191c86e7020 Uncommon trap: reason=class_check action=maybe_recompile pc=0x00000191ba800878 method=com.google.common.reflect.TypeVisitor.visit([Ljava/lang/reflect/Type;)V @ 96 c2
Event: 21.018 Thread 0x00000191c86e7020 DEOPT PACKING pc=0x00000191ba800878 sp=0x0000002ac62f30e0
Event: 21.018 Thread 0x00000191c86e7020 DEOPT UNPACKING pc=0x00000191b9fa69a3 sp=0x0000002ac62f30f0 mode 2
Event: 21.019 Thread 0x00000191c86e7020 Uncommon trap: trap_request=0xffffffde fr.pc=0x00000191ba800878 relative=0x00000000000063f8
Event: 21.019 Thread 0x00000191c86e7020 Uncommon trap: reason=class_check action=maybe_recompile pc=0x00000191ba800878 method=com.google.common.reflect.TypeVisitor.visit([Ljava/lang/reflect/Type;)V @ 96 c2
Event: 21.019 Thread 0x00000191c86e7020 DEOPT PACKING pc=0x00000191ba800878 sp=0x0000002ac62f3080
Event: 21.019 Thread 0x00000191c86e7020 DEOPT UNPACKING pc=0x00000191b9fa69a3 sp=0x0000002ac62f3090 mode 2
Event: 21.080 Thread 0x00000191c86e7020 DEOPT PACKING pc=0x00000191b2a653e1 sp=0x0000002ac62f2c20
Event: 21.080 Thread 0x00000191c86e7020 DEOPT UNPACKING pc=0x00000191b9fa7143 sp=0x0000002ac62f21b0 mode 0

Classes loaded (20 events):
Event: 18.788 Loading class java/io/ObjectInputStream$GetField done
Event: 18.788 Loading class java/io/ObjectInputStream$FieldValues done
Event: 18.793 Loading class sun/reflect/ReflectionFactory
Event: 18.794 Loading class sun/reflect/ReflectionFactory done
Event: 18.794 Loading class sun/reflect/ReflectionFactory$1
Event: 18.794 Loading class sun/reflect/ReflectionFactory$1 done
Event: 19.062 Loading class java/time/format/DateTimeFormatterBuilder$WeekBasedFieldPrinterParser
Event: 19.062 Loading class java/time/format/DateTimeFormatterBuilder$WeekBasedFieldPrinterParser done
Event: 19.120 Loading class com/sun/jmx/mbeanserver/StandardMBeanSupport
Event: 19.121 Loading class com/sun/jmx/mbeanserver/StandardMBeanSupport done
Event: 19.121 Loading class com/sun/jmx/mbeanserver/StandardMBeanIntrospector
Event: 19.121 Loading class com/sun/jmx/mbeanserver/StandardMBeanIntrospector done
Event: 19.428 Loading class java/nio/channels/Channels
Event: 19.428 Loading class java/nio/channels/Channels done
Event: 19.428 Loading class java/nio/channels/Channels$1
Event: 19.429 Loading class java/nio/channels/Channels$1 done
Event: 19.520 Loading class java/util/ArrayList$ListItr
Event: 19.520 Loading class java/util/ArrayList$ListItr done
Event: 20.792 Loading class java/util/ArrayList$SubList$1
Event: 20.792 Loading class java/util/ArrayList$SubList$1 done

Classes unloaded (0 events):
No events

Classes redefined (0 events):
No events

Internal exceptions (20 events):
Event: 17.467 Thread 0x00000191c86e7020 Exception <a 'java/lang/NoSuchMethodError'{0x00000000a3fc55e8}: 'java.lang.Object java.lang.invoke.DirectMethodHandle$Holder.invokeSpecial(java.lang.Object, java.lang.Object, java.lang.Object, java.lang.Object, java.lang.Object, int)'> (0x00000000a3fc55e8) 
thrown [s\src\hotspot\share\interpreter\linkResolver.cpp, line 759]
Event: 17.467 Thread 0x00000191c86e7020 Exception <a 'java/lang/NoSuchMethodError'{0x00000000a3fcb068}: 'java.lang.Object java.lang.invoke.Invokers$Holder.linkToTargetMethod(java.lang.Object, java.lang.Object, java.lang.Object, int, java.lang.Object)'> (0x00000000a3fcb068) 
thrown [s\src\hotspot\share\interpreter\linkResolver.cpp, line 759]
Event: 17.686 Thread 0x00000191c86e7020 Exception <a 'java/lang/NoSuchMethodError'{0x00000000a382c810}: 'int java.lang.invoke.DirectMethodHandle$Holder.invokeInterface(java.lang.Object, java.lang.Object)'> (0x00000000a382c810) 
thrown [s\src\hotspot\share\interpreter\linkResolver.cpp, line 759]
Event: 17.686 Thread 0x00000191c86e7020 Exception <a 'java/lang/IncompatibleClassChangeError'{0x00000000a3831ad8}: Found class java.lang.Object, but interface was expected> (0x00000000a3831ad8) 
thrown [s\src\hotspot\share\interpreter\linkResolver.cpp, line 826]
Event: 17.807 Thread 0x00000191c86e7020 Implicit null exception at 0x00000191ba55d8d4 to 0x00000191ba55da84
Event: 17.808 Thread 0x00000191c86e7020 Implicit null exception at 0x00000191ba7936d1 to 0x00000191ba7953cc
Event: 18.737 Thread 0x00000191c86e7020 Exception <a 'java/lang/NoSuchMethodError'{0x00000000a3c0c618}: static Lorg/jetbrains/kotlin/gradle/plugin/internal/DefaultConfigurationTimePropertiesAccessorVariantFactory;.<clinit>()V> (0x00000000a3c0c618) 
thrown [s\src\hotspot\share\prims\jni.cpp, line 1112]
Event: 18.742 Thread 0x00000191c86e7020 Exception <a 'java/lang/NoSuchMethodError'{0x00000000a3c32d60}: static Lorg/jetbrains/kotlin/gradle/plugin/internal/DefaultProjectIsolationStartParameterAccessorVariantFactory;.<clinit>()V> (0x00000000a3c32d60) 
thrown [s\src\hotspot\share\prims\jni.cpp, line 1112]
Event: 18.746 Thread 0x00000191c86e7020 Exception <a 'java/lang/NoSuchMethodError'{0x00000000a3c58ac8}: static Lorg/jetbrains/kotlin/gradle/plugin/internal/CompatibilityConventionRegistrarG81$Factory;.<clinit>()V> (0x00000000a3c58ac8) 
thrown [s\src\hotspot\share\prims\jni.cpp, line 1112]
Event: 18.750 Thread 0x00000191c86e7020 Exception <a 'java/lang/NoSuchMethodError'{0x00000000a3c8a2a0}: static Lorg/jetbrains/kotlin/gradle/plugin/internal/DefaultArtifactTypeAttributeAccessorVariantFactory;.<clinit>()V> (0x00000000a3c8a2a0) 
thrown [s\src\hotspot\share\prims\jni.cpp, line 1112]
Event: 18.754 Thread 0x00000191c86e7020 Exception <a 'java/lang/NoSuchMethodError'{0x00000000a3cb0580}: static Lorg/jetbrains/kotlin/gradle/plugin/internal/DefaultJavaSourceSetsAccessorVariantFactory;.<clinit>()V> (0x00000000a3cb0580) 
thrown [s\src\hotspot\share\prims\jni.cpp, line 1112]
Event: 18.757 Thread 0x00000191c86e7020 Exception <a 'java/lang/NoSuchMethodError'{0x00000000a3cd6050}: static Lorg/jetbrains/kotlin/gradle/plugin/internal/DefaultIdeaSyncDetectorVariantFactory;.<clinit>()V> (0x00000000a3cd6050) 
thrown [s\src\hotspot\share\prims\jni.cpp, line 1112]
Event: 18.761 Thread 0x00000191c86e7020 Exception <a 'java/lang/NoSuchMethodError'{0x00000000a3cff470}: static Lorg/jetbrains/kotlin/gradle/plugin/internal/DefaultKotlinTestReportCompatibilityHelperVariantFactory;.<clinit>()V> (0x00000000a3cff470) 
thrown [s\src\hotspot\share\prims\jni.cpp, line 1112]
Event: 18.764 Thread 0x00000191c86e7020 Exception <a 'java/lang/NoSuchMethodError'{0x00000000a3b26078}: static Lorg/jetbrains/kotlin/gradle/plugin/internal/DefaultMppTestReportHelperVariantFactory;.<clinit>()V> (0x00000000a3b26078) 
thrown [s\src\hotspot\share\prims\jni.cpp, line 1112]
Event: 18.769 Thread 0x00000191c86e7020 Exception <a 'java/lang/NoSuchMethodError'{0x00000000a3b57de0}: static Lorg/jetbrains/kotlin/gradle/plugin/internal/DefaultConfigurationCacheStartParameterAccessorVariantFactory;.<clinit>()V> (0x00000000a3b57de0) 
thrown [s\src\hotspot\share\prims\jni.cpp, line 1112]
Event: 18.772 Thread 0x00000191c86e7020 Exception <a 'java/lang/NoSuchMethodError'{0x00000000a3b7f3f8}: static Lorg/jetbrains/kotlin/gradle/plugin/internal/MavenPluginConfigurator$DefaultMavenPluginConfiguratorVariantFactory;.<clinit>()V> (0x00000000a3b7f3f8) 
thrown [s\src\hotspot\share\prims\jni.cpp, line 1112]
Event: 18.776 Thread 0x00000191c86e7020 Exception <a 'java/lang/NoSuchMethodError'{0x00000000a3ba5160}: static Lorg/jetbrains/kotlin/gradle/targets/js/nodejs/DefaultUnameExecutorVariantFactory;.<clinit>()V> (0x00000000a3ba5160) 
thrown [s\src\hotspot\share\prims\jni.cpp, line 1112]
Event: 18.779 Thread 0x00000191c86e7020 Exception <a 'java/lang/NoSuchMethodError'{0x00000000a3bcb6a0}: static Lorg/jetbrains/kotlin/gradle/plugin/internal/DefaultBasePluginConfigurationVariantFactory;.<clinit>()V> (0x00000000a3bcb6a0) 
thrown [s\src\hotspot\share\prims\jni.cpp, line 1112]
Event: 18.781 Thread 0x00000191c86e7020 Exception <a 'java/lang/NoSuchMethodError'{0x00000000a3bd5788}: 'void java.lang.invoke.DirectMethodHandle$Holder.invokeSpecial(java.lang.Object, java.lang.Object, java.lang.Object, int)'> (0x00000000a3bd5788) 
thrown [s\src\hotspot\share\interpreter\linkResolver.cpp, line 759]
Event: 20.998 Thread 0x00000191c86e7020 Exception <a 'java/lang/NoSuchMethodError'{0x00000000a53bf508}: 'int java.lang.invoke.DirectMethodHandle$Holder.invokeInterface(java.lang.Object, java.lang.Object, java.lang.Object, java.lang.Object)'> (0x00000000a53bf508) 
thrown [s\src\hotspot\share\interpreter\linkResolver.cpp, line 759]

VM Operations (20 events):
Event: 19.280 Executing VM operation: G1TryInitiateConcMark
Event: 19.285 Executing VM operation: G1TryInitiateConcMark done
Event: 19.339 Executing VM operation: G1PauseRemark
Event: 19.344 Executing VM operation: G1PauseRemark done
Event: 19.373 Executing VM operation: G1PauseCleanup
Event: 19.373 Executing VM operation: G1PauseCleanup done
Event: 19.494 Executing VM operation: HandshakeAllThreads
Event: 19.494 Executing VM operation: HandshakeAllThreads done
Event: 19.515 Executing VM operation: HandshakeAllThreads
Event: 19.515 Executing VM operation: HandshakeAllThreads done
Event: 19.521 Executing VM operation: HandshakeAllThreads
Event: 19.521 Executing VM operation: HandshakeAllThreads done
Event: 20.023 Executing VM operation: G1CollectForAllocation
Event: 20.029 Executing VM operation: G1CollectForAllocation done
Event: 20.654 Executing VM operation: G1CollectForAllocation
Event: 20.659 Executing VM operation: G1CollectForAllocation done
Event: 20.719 Executing VM operation: G1PauseRemark
Event: 20.723 Executing VM operation: G1PauseRemark done
Event: 20.750 Executing VM operation: G1PauseCleanup
Event: 20.751 Executing VM operation: G1PauseCleanup done

Memory protections (0 events):
No events

Nmethod flushes (20 events):
Event: 16.211 Thread 0x00000191c813b310 flushing  nmethod 0x00000191b312d790
Event: 16.211 Thread 0x00000191c813b310 flushing  nmethod 0x00000191b3149410
Event: 16.211 Thread 0x00000191c813b310 flushing  nmethod 0x00000191b314f610
Event: 16.211 Thread 0x00000191c813b310 flushing  nmethod 0x00000191b314fe90
Event: 16.211 Thread 0x00000191c813b310 flushing  nmethod 0x00000191b3159f10
Event: 16.211 Thread 0x00000191c813b310 flushing  nmethod 0x00000191b315d310
Event: 16.211 Thread 0x00000191c813b310 flushing  nmethod 0x00000191b3160b90
Event: 16.211 Thread 0x00000191c813b310 flushing  nmethod 0x00000191b3161990
Event: 16.211 Thread 0x00000191c813b310 flushing  nmethod 0x00000191b3162690
Event: 16.211 Thread 0x00000191c813b310 flushing  nmethod 0x00000191b3165310
Event: 16.211 Thread 0x00000191c813b310 flushing  nmethod 0x00000191b3187e10
Event: 16.211 Thread 0x00000191c813b310 flushing  nmethod 0x00000191b31d1f10
Event: 16.212 Thread 0x00000191c813b310 flushing  nmethod 0x00000191b322b110
Event: 16.212 Thread 0x00000191c813b310 flushing  nmethod 0x00000191b3255610
Event: 16.213 Thread 0x00000191c813b310 flushing  nmethod 0x00000191b329ec90
Event: 16.213 Thread 0x00000191c813b310 flushing  nmethod 0x00000191b32dd990
Event: 16.213 Thread 0x00000191c813b310 flushing  nmethod 0x00000191b32e4a90
Event: 16.213 Thread 0x00000191c813b310 flushing  nmethod 0x00000191b32f3e90
Event: 16.213 Thread 0x00000191c813b310 flushing  nmethod 0x00000191b32f4290
Event: 16.213 Thread 0x00000191c813b310 flushing  nmethod 0x00000191b32f5810

Events (20 events):
Event: 15.909 Thread 0x00000191c86e7020 Thread added: 0x0000019210c3c6c0
Event: 15.911 Thread 0x00000191c86e7020 Thread added: 0x0000019210c38f10
Event: 16.433 Thread 0x0000019210b9d950 Thread exited: 0x0000019210b9d950
Event: 17.142 Thread 0x00000191c86e7020 Thread added: 0x0000019210c3cbd0
Event: 17.143 Thread 0x00000191c86e7020 Thread added: 0x0000019210c3d0e0
Event: 17.143 Thread 0x00000191c86e7020 Thread added: 0x0000019210c3e520
Event: 17.143 Thread 0x00000191c86e7020 Thread added: 0x0000019210c3d5f0
Event: 17.144 Thread 0x00000191c86e7020 Thread added: 0x0000019210c3db00
Event: 17.144 Thread 0x00000191c86e7020 Thread added: 0x0000019210c3e010
Event: 17.144 Thread 0x00000191c86e7020 Thread added: 0x00000191c86e9db0
Event: 17.231 Thread 0x00000191c86e7020 Thread added: 0x00000191c86e7a40
Event: 17.232 Thread 0x00000191c86e7020 Thread added: 0x0000019210551d60
Event: 17.232 Thread 0x00000191c86e7020 Thread added: 0x0000019210551340
Event: 17.815 Thread 0x00000191c86e7020 Thread added: 0x0000019210552c90
Event: 19.145 Thread 0x00000191c86e7020 Thread added: 0x00000192105545e0
Event: 19.589 Thread 0x0000019210b9bec0 Thread exited: 0x0000019210b9bec0
Event: 19.700 Thread 0x00000191c8128230 Thread added: 0x0000019210b9d950
Event: 20.139 Thread 0x0000019210b9d950 Thread exited: 0x0000019210b9d950
Event: 20.918 Thread 0x00000191c8128230 Thread added: 0x0000019210b9dea0
Event: 20.932 Thread 0x00000191c8128230 Thread added: 0x0000019210b9aed0


Dynamic libraries:
0x00007ff7c5e70000 - 0x00007ff7c5e7e000 	E:\JAVA\bin\java.exe
0x00007ffc0f7c0000 - 0x00007ffc0fa27000 	C:\WINDOWS\SYSTEM32\ntdll.dll
0x00007ffc0e690000 - 0x00007ffc0e759000 	C:\WINDOWS\System32\KERNEL32.DLL
0x00007ffc0d150000 - 0x00007ffc0d544000 	C:\WINDOWS\System32\KERNELBASE.dll
0x00007ffc0cde0000 - 0x00007ffc0cf2b000 	C:\WINDOWS\System32\ucrtbase.dll
0x00007ffbf9160000 - 0x00007ffbf9178000 	E:\JAVA\bin\jli.dll
0x00007ffbfead0000 - 0x00007ffbfeaee000 	E:\JAVA\bin\VCRUNTIME140.dll
0x00007ffc0e8f0000 - 0x00007ffc0eab5000 	C:\WINDOWS\System32\USER32.dll
0x00007ffbf7e10000 - 0x00007ffbf80a3000 	C:\WINDOWS\WinSxS\amd64_microsoft.windows.common-controls_6595b64144ccf1df_6.0.26100.8115_none_3e075c82e3354f9c\COMCTL32.dll
0x00007ffc0cb10000 - 0x00007ffc0cb37000 	C:\WINDOWS\System32\win32u.dll
0x00007ffc0eac0000 - 0x00007ffc0eb69000 	C:\WINDOWS\System32\msvcrt.dll
0x00007ffc0e840000 - 0x00007ffc0e86b000 	C:\WINDOWS\System32\GDI32.dll
0x00007ffc0ccb0000 - 0x00007ffc0cddb000 	C:\WINDOWS\System32\gdi32full.dll
0x00007ffc0cc00000 - 0x00007ffc0cca3000 	C:\WINDOWS\System32\msvcp_win.dll
0x00007ffc0ec30000 - 0x00007ffc0ec62000 	C:\WINDOWS\System32\IMM32.DLL
0x00007ffbfc610000 - 0x00007ffbfc61c000 	E:\JAVA\bin\vcruntime140_1.dll
0x00007ffbe9770000 - 0x00007ffbe97fd000 	E:\JAVA\bin\msvcp140.dll
0x00007ffb83560000 - 0x00007ffb841cb000 	E:\JAVA\bin\server\jvm.dll
0x00007ffc0eb70000 - 0x00007ffc0ec26000 	C:\WINDOWS\System32\ADVAPI32.dll
0x00007ffc0f420000 - 0x00007ffc0f4c7000 	C:\WINDOWS\System32\sechost.dll
0x00007ffc0f200000 - 0x00007ffc0f318000 	C:\WINDOWS\System32\RPCRT4.dll
0x00007ffc0f670000 - 0x00007ffc0f6f0000 	C:\WINDOWS\System32\WS2_32.dll
0x00007ffc0bef0000 - 0x00007ffc0bf4e000 	C:\WINDOWS\SYSTEM32\POWRPROF.dll
0x00007ffbf8130000 - 0x00007ffbf8166000 	C:\WINDOWS\SYSTEM32\WINMM.dll
0x00007ffbfe8f0000 - 0x00007ffbfe8fb000 	C:\WINDOWS\SYSTEM32\VERSION.dll
0x00007ffc0bed0000 - 0x00007ffc0bee4000 	C:\WINDOWS\SYSTEM32\UMPDC.dll
0x00007ffc0ade0000 - 0x00007ffc0adfb000 	C:\WINDOWS\SYSTEM32\kernel.appcore.dll
0x00007ffbf9150000 - 0x00007ffbf915a000 	E:\JAVA\bin\jimage.dll
0x00007ffc09f10000 - 0x00007ffc0a152000 	C:\WINDOWS\SYSTEM32\DBGHELP.DLL
0x00007ffc0ec70000 - 0x00007ffc0eff2000 	C:\WINDOWS\System32\combase.dll
0x00007ffc0e760000 - 0x00007ffc0e838000 	C:\WINDOWS\System32\OLEAUT32.dll
0x00007ffbf8950000 - 0x00007ffbf898b000 	C:\WINDOWS\SYSTEM32\dbgcore.DLL
0x00007ffc0d0a0000 - 0x00007ffc0d145000 	C:\WINDOWS\System32\bcryptPrimitives.dll
0x00007ffbfc660000 - 0x00007ffbfc66e000 	E:\JAVA\bin\instrument.dll
0x00007ffbe92f0000 - 0x00007ffbe9315000 	E:\JAVA\bin\java.dll
0x00007ffbe6f00000 - 0x00007ffbe6fd7000 	E:\JAVA\bin\jsvml.dll
0x00007ffc0d5d0000 - 0x00007ffc0dd37000 	C:\WINDOWS\System32\SHELL32.dll
0x00007ffc0cf30000 - 0x00007ffc0d09a000 	C:\WINDOWS\System32\wintypes.dll
0x00007ffc0c090000 - 0x00007ffc0c8f8000 	C:\WINDOWS\System32\windows.storage.dll
0x00007ffc0e230000 - 0x00007ffc0e328000 	C:\WINDOWS\System32\SHCORE.dll
0x00007ffc0d550000 - 0x00007ffc0d5b6000 	C:\WINDOWS\System32\shlwapi.dll
0x00007ffc0bfb0000 - 0x00007ffc0bfd9000 	C:\WINDOWS\SYSTEM32\profapi.dll
0x00007ffbe9290000 - 0x00007ffbe92a8000 	E:\JAVA\bin\zip.dll
0x00007ffbed0f0000 - 0x00007ffbed10a000 	E:\JAVA\bin\net.dll
0x00007ffc022b0000 - 0x00007ffc023dd000 	C:\WINDOWS\SYSTEM32\WINHTTP.dll
0x00007ffc0b330000 - 0x00007ffc0b39c000 	C:\WINDOWS\system32\mswsock.dll
0x00007ffbe96d0000 - 0x00007ffbe96e6000 	E:\JAVA\bin\nio.dll
0x00007ffbf9140000 - 0x00007ffbf9150000 	E:\JAVA\bin\verify.dll
0x00007ffbe4290000 - 0x00007ffbe42b7000 	E:\gradle\native\68d5fa5c4cc2d200863cafc0d521ce42e7d3e7ee720ec0a83991735586a16f82\windows-amd64\native-platform.dll
0x00007ffb77ef0000 - 0x00007ffb78034000 	E:\gradle\native\e376f236ea51e6404a007f0833ffe2c6e607c4080706a723a18a27aeea778392\windows-amd64\native-platform-file-events.dll
0x00007ffbe8ce0000 - 0x00007ffbe8cea000 	E:\JAVA\bin\management.dll
0x00007ffbe6ec0000 - 0x00007ffbe6ecc000 	E:\JAVA\bin\management_ext.dll
0x00007ffc0f060000 - 0x00007ffc0f068000 	C:\WINDOWS\System32\PSAPI.DLL
0x00007ffc0b730000 - 0x00007ffc0b74b000 	C:\WINDOWS\SYSTEM32\CRYPTSP.dll
0x00007ffc0ad40000 - 0x00007ffc0ad79000 	C:\WINDOWS\system32\rsaenh.dll
0x00007ffc0b3e0000 - 0x00007ffc0b413000 	C:\WINDOWS\SYSTEM32\USERENV.dll
0x00007ffc0bf80000 - 0x00007ffc0bfaa000 	C:\WINDOWS\SYSTEM32\bcrypt.dll
0x00007ffc0b590000 - 0x00007ffc0b59c000 	C:\WINDOWS\SYSTEM32\CRYPTBASE.dll
0x00007ffc0a7c0000 - 0x00007ffc0a7f2000 	C:\WINDOWS\SYSTEM32\IPHLPAPI.DLL
0x00007ffc0d5c0000 - 0x00007ffc0d5ca000 	C:\WINDOWS\System32\NSI.dll
0x00007ffc03510000 - 0x00007ffc0352d000 	C:\WINDOWS\SYSTEM32\dhcpcsvc6.DLL
0x00007ffc032d0000 - 0x00007ffc032f5000 	C:\WINDOWS\SYSTEM32\dhcpcsvc.DLL
0x00007ffc0a850000 - 0x00007ffc0a982000 	C:\WINDOWS\SYSTEM32\DNSAPI.dll
0x00007ffbe6e90000 - 0x00007ffbe6e99000 	E:\JAVA\bin\extnet.dll
0x00007ffbe6eb0000 - 0x00007ffbe6ebe000 	E:\JAVA\bin\sunmscapi.dll
0x00007ffc0c900000 - 0x00007ffc0ca77000 	C:\WINDOWS\System32\CRYPT32.dll
0x00007ffc0b890000 - 0x00007ffc0b8c0000 	C:\WINDOWS\SYSTEM32\ncrypt.dll
0x00007ffc0b840000 - 0x00007ffc0b87f000 	C:\WINDOWS\SYSTEM32\NTASN1.dll
0x00007ffb991a0000 - 0x00007ffb991a8000 	C:\WINDOWS\system32\wshunix.dll

dbghelp: loaded successfully - version: 4.0.5 - missing functions: none
symbol engine: initialized successfully - sym options: 0x614 - pdb path: .;E:\JAVA\bin;C:\WINDOWS\SYSTEM32;C:\WINDOWS\WinSxS\amd64_microsoft.windows.common-controls_6595b64144ccf1df_6.0.26100.8115_none_3e075c82e3354f9c;E:\JAVA\bin\server;E:\gradle\native\68d5fa5c4cc2d200863cafc0d521ce42e7d3e7ee720ec0a83991735586a16f82\windows-amd64;E:\gradle\native\e376f236ea51e6404a007f0833ffe2c6e607c4080706a723a18a27aeea778392\windows-amd64

VM Arguments:
jvm_args: --add-opens=java.base/java.util=ALL-UNNAMED --add-opens=java.base/java.lang=ALL-UNNAMED --add-opens=java.base/java.lang.invoke=ALL-UNNAMED --add-opens=java.prefs/java.util.prefs=ALL-UNNAMED --add-opens=java.base/java.nio.charset=ALL-UNNAMED --add-opens=java.base/java.net=ALL-UNNAMED --add-opens=java.base/java.util.concurrent.atomic=ALL-UNNAMED -Xmx1536M -Dfile.encoding=windows-1252 -Duser.country=US -Duser.language=en -Duser.variant -javaagent:E:\gradle\wrapper\dists\gradle-8.2-all\6mxqtxovn2faat1idb7p6lxsa\gradle-8.2\lib\agents\gradle-instrumentation-agent-8.2.jar 
java_command: org.gradle.launcher.daemon.bootstrap.GradleDaemon 8.2
java_class_path (initial): E:\gradle\wrapper\dists\gradle-8.2-all\6mxqtxovn2faat1idb7p6lxsa\gradle-8.2\lib\gradle-launcher-8.2.jar
Launcher Type: SUN_STANDARD

[Global flags]
     intx CICompilerCount                          = 4                                         {product} {ergonomic}
     uint ConcGCThreads                            = 2                                         {product} {ergonomic}
     uint G1ConcRefinementThreads                  = 8                                         {product} {ergonomic}
   size_t G1HeapRegionSize                         = 1048576                                   {product} {ergonomic}
    uintx GCDrainStackTargetSize                   = 64                                        {product} {ergonomic}
   size_t InitialHeapSize                          = 264241152                                 {product} {ergonomic}
   size_t MarkStackSize                            = 4194304                                   {product} {ergonomic}
   size_t MaxHeapSize                              = 1610612736                                {product} {command line}
   size_t MaxNewSize                               = 965738496                                 {product} {ergonomic}
   size_t MinHeapDeltaBytes                        = 1048576                                   {product} {ergonomic}
   size_t MinHeapSize                              = 8388608                                   {product} {ergonomic}
    uintx NonNMethodCodeHeapSize                   = 5839372                                {pd product} {ergonomic}
    uintx NonProfiledCodeHeapSize                  = 122909434                              {pd product} {ergonomic}
    uintx ProfiledCodeHeapSize                     = 122909434                              {pd product} {ergonomic}
    uintx ReservedCodeCacheSize                    = 251658240                              {pd product} {ergonomic}
     bool SegmentedCodeCache                       = true                                      {product} {ergonomic}
   size_t SoftMaxHeapSize                          = 1610612736                             {manageable} {ergonomic}
     bool UseCompressedClassPointers               = true                           {product lp64_product} {ergonomic}
     bool UseCompressedOops                        = true                           {product lp64_product} {ergonomic}
     bool UseG1GC                                  = true                                      {product} {ergonomic}
     bool UseLargePagesIndividualAllocation        = false                                  {pd product} {ergonomic}

Logging:
Log output configuration:
 #0: stdout all=warning uptime,level,tags
 #1: stderr all=off uptime,level,tags

Environment Variables:
JAVA_HOME=E:\JAVA
CLASSPATH=E:\voice_test\android\\gradle\wrapper\gradle-wrapper.jar
PATH=E:\JAVA\bin;C:\Program Files\Common Files\Oracle\Java\javapath;C:\WINDOWS\system32;C:\WINDOWS;C:\WINDOWS\System32\Wbem;C:\WINDOWS\System32\WindowsPowerShell\v1.0\;C:\WINDOWS\System32\OpenSSH\;C:\Program Files\Git\cmd;C:\Program Files\Microsoft SQL Server\170\Tools\Binn\;C:\Program Files\Microsoft SQL Server\Client SDK\ODBC\170\Tools\Binn\;C:\Program Files\Microsoft SQL Server\170\DTS\Binn\;C:\Program Files\dotnet\;D:\Basira\;C:\ProgramData\chocolatey\bin;E:\JAVA\bin;E:\DOWNLOAD\New folder (2)\bin;C:\Program Files\Common Files\Oracle\Java\javapath;C:\WINDOWS\system32;C:\WINDOWS;C:\WINDOWS\System32\Wbem;C:\WINDOWS\System32\WindowsPowerShell\v1.0\;C:\WINDOWS\System32\OpenSSH\;C:\Program Files\Git\cmd;C:\Program Files\Microsoft SQL Server\170\Tools\Binn\;C:\Program Files\Microsoft SQL Server\Client SDK\ODBC\170\Tools\Binn\;C:\Program Files\Microsoft SQL Server\170\DTS\Binn\;C:\Program Files\dotnet\;D:\Basira\;C:\ProgramData\chocolatey\bin;C:\WINDOWS\system32;C:\WINDOWS;C:\WINDOWS\System32\Wbem;C:\WINDOWS\System32\WindowsPowerShell\v1.0\;C:\WINDOWS\System32\OpenSSH\;C:\Program Files\Git\cmd;C:\Program Files\Microsoft SQL Server\170\Tools\Binn\;C:\Program Files\Microsoft SQL Server\Client SDK\ODBC\170\Tools\Binn\;C:\Program Files\Microsoft SQL Server\170\DTS\Binn\;C:\Program Files\dotnet\;D:\Basira\;C:\ProgramData\chocolatey\bin;C:\Users\DELL\AppData\Local\Programs\Python\Python310\Scripts\;C:\Users\DELL\AppData\Local\Programs\Python\Python310\;C:\Users\DELL\AppData\Local\Prog;D:\download\Microsoft VS Code\bin;D:\flutter\bin;;D:\flutter\bin\mingit\cmd
USERNAME=DELL
OS=Windows_NT
PROCESSOR_IDENTIFIER=Intel64 Family 6 Model 142 Stepping 12, GenuineIntel
TMP=C:\Users\DELL\AppData\Local\Temp
TEMP=C:\Users\DELL\AppData\Local\Temp



Periodic native trim disabled


---------------  S Y S T E M  ---------------

OS:
 Windows 11 , 64 bit Build 26100 (10.0.26100.8246)
OS uptime: 1 days 22:54 hours
Hyper-V role detected

CPU: total 8 (initial active 8) (4 cores per cpu, 2 threads per core) family 6 model 142 stepping 12 microcode 0xf8, cx8, cmov, fxsr, ht, mmx, 3dnowpref, sse, sse2, sse3, ssse3, sse4.1, sse4.2, popcnt, lzcnt, tsc, tscinvbit, avx, avx2, aes, erms, clmul, bmi1, bmi2, adx, fma, vzeroupper, clflush, clflushopt, hv
Processor Information for processor 0
  Max Mhz: 2304, Current Mhz: 1803, Mhz Limit: 1797
Processor Information for processor 1
  Max Mhz: 2304, Current Mhz: 1803, Mhz Limit: 1797
Processor Information for processor 2
  Max Mhz: 2304, Current Mhz: 1803, Mhz Limit: 1797
Processor Information for processor 3
  Max Mhz: 2304, Current Mhz: 1502, Mhz Limit: 1797
Processor Information for processor 4
  Max Mhz: 2304, Current Mhz: 1803, Mhz Limit: 1797
Processor Information for processor 5
  Max Mhz: 2304, Current Mhz: 1502, Mhz Limit: 1797
Processor Information for processor 6
  Max Mhz: 2304, Current Mhz: 1502, Mhz Limit: 1797
Processor Information for processor 7
  Max Mhz: 2304, Current Mhz: 1803, Mhz Limit: 1797

Memory: 4k page, system-wide physical 16043M (2886M free)
TotalPageFile size 23307M (AvailPageFile size 2M)
current process WorkingSet (physical memory assigned to process): 256M, peak: 270M
current process commit charge ("private bytes"): 299M, peak: 433M

vm_info: OpenJDK 64-Bit Server VM (17.0.18+8) for windows-amd64 JRE (17.0.18+8), built on Jan 20 2026 22:28:22 by "admin" with MS VC++ 17.12 (VS2022)

END.
