#
# There is insufficient memory for the Java Runtime Environment to continue.
# Native memory allocation (malloc) failed to allocate 700816 bytes. Error detail: Chunk::new
# Possible reasons:
#   The system is out of physical RAM or swap space
#   This process is running with CompressedOops enabled, and the Java Heap may be blocking the growth of the native heap
# Possible solutions:
#   Reduce memory load on the system
#   Increase physical memory or swap space
#   Check if swap backing store is full
#   Decrease Java heap size (-Xmx/-Xms)
#   Decrease number of Java threads
#   Decrease Java thread stack sizes (-Xss)
#   Set larger code cache with -XX:ReservedCodeCacheSize=
#   JVM is running with Unscaled Compressed Oops mode in which the Java heap is
#     placed in the first 4GB address space. The Java Heap base address is the
#     maximum limit for the native heap growth. Please use -XX:HeapBaseMinAddress
#     to set the Java Heap base and to place the Java Heap above 4GB virtual address.
# This output file may be truncated or incomplete.
#
#  Out of Memory Error (arena.cpp:191), pid=21944, tid=14064
#
# JRE version: OpenJDK Runtime Environment Temurin-17.0.18+8 (17.0.18+8) (build 17.0.18+8)
# Java VM: OpenJDK 64-Bit Server VM Temurin-17.0.18+8 (17.0.18+8, mixed mode, sharing, tiered, compressed oops, compressed class ptrs, g1 gc, windows-amd64)
# No core dump will be written. Minidumps are not enabled by default on client versions of Windows
#

---------------  S U M M A R Y ------------

Command Line: --add-opens=java.base/java.lang=ALL-UNNAMED --add-opens=java.base/java.lang.invoke=ALL-UNNAMED --add-opens=java.base/java.util=ALL-UNNAMED --add-opens=java.prefs/java.util.prefs=ALL-UNNAMED --add-exports=jdk.compiler/com.sun.tools.javac.api=ALL-UNNAMED --add-exports=jdk.compiler/com.sun.tools.javac.util=ALL-UNNAMED --add-opens=java.base/java.util=ALL-UNNAMED --add-opens=java.prefs/java.util.prefs=ALL-UNNAMED --add-opens=java.base/java.nio.charset=ALL-UNNAMED --add-opens=java.base/java.net=ALL-UNNAMED --add-opens=java.base/java.util.concurrent.atomic=ALL-UNNAMED --add-opens=java.xml/javax.xml.namespace=ALL-UNNAMED -XX:MaxMetaspaceSize=256m -Xmx1536m -Dfile.encoding=UTF-8 -Duser.country=US -Duser.language=en -Duser.variant -javaagent:E:\gradle\wrapper\dists\gradle-8.11.1-all\2qik7nd48slq1ooc2496ixf4i\gradle-8.11.1\lib\agents\gradle-instrumentation-agent-8.11.1.jar org.gradle.launcher.daemon.bootstrap.GradleDaemon 8.11.1

Host: Intel(R) Core(TM) i7-10610U CPU @ 1.80GHz, 8 cores, 15G,  Windows 11 , 64 bit Build 26100 (10.0.26100.8521)
Time: Fri Jun 12 00:20:47 2026 Egypt Daylight Time elapsed time: 30.081054 seconds (0d 0h 0m 30s)

---------------  T H R E A D  ---------------

Current thread (0x000002e4db1180f0):  JavaThread "C2 CompilerThread0" daemon [_thread_in_native, id=14064, stack(0x000000f5b3a00000,0x000000f5b3b00000)]


Current CompileTask:
C2:30081 10966       4       java.lang.Class::getMethodsRecursive (99 bytes)

Stack: [0x000000f5b3a00000,0x000000f5b3b00000]
Native frames: (J=compiled Java code, j=interpreted, Vv=VM code, C=native code)
V  [jvm.dll+0x6846f9]
V  [jvm.dll+0x839ea5]
V  [jvm.dll+0x83b91e]
V  [jvm.dll+0x83bfa3]
V  [jvm.dll+0x248eff]
V  [jvm.dll+0xad496]
V  [jvm.dll+0xadb3c]
V  [jvm.dll+0x2b05df]
V  [jvm.dll+0x58acf5]
V  [jvm.dll+0x222e84]
V  [jvm.dll+0x21ba31]
V  [jvm.dll+0x2190fe]
V  [jvm.dll+0x1a4920]
V  [jvm.dll+0x22989a]
V  [jvm.dll+0x227a4b]
V  [jvm.dll+0x7f0658]
V  [jvm.dll+0x7eaaec]
V  [jvm.dll+0x6835c7]
C  [ucrtbase.dll+0x2cd30]
C  [KERNEL32.DLL+0x2e957]
C  [ntdll.dll+0x87c1c]


---------------  P R O C E S S  ---------------

Threads class SMR info:
_java_thread_list=0x000002e4f0826c40, length=54, elements={
0x000002e4bdefeb80, 0x000002e4db1003d0, 0x000002e4db100ea0, 0x000002e4db1141b0,
0x000002e4db114a80, 0x000002e4db115350, 0x000002e4db116430, 0x000002e4db1180f0,
0x000002e4db118ab0, 0x000002e4db173fa0, 0x000002e4db0e8040, 0x000002e4db35b400,
0x000002e4ee6f8850, 0x000002e4ee251640, 0x000002e4ef3d7090, 0x000002e4dba060d0,
0x000002e4eee24a90, 0x000002e4ef1b1b90, 0x000002e4ef1b2fd0, 0x000002e4ef1b1170,
0x000002e4ef1b0240, 0x000002e4ef1b2ac0, 0x000002e4ef1b1680, 0x000002e4ef1b20a0,
0x000002e4ef1b0750, 0x000002e4ef1b34e0, 0x000002e4ef1b0c60, 0x000002e4ef1b25b0,
0x000002e4ef1afd30, 0x000002e4f1532f80, 0x000002e4f15352f0, 0x000002e4f1533eb0,
0x000002e4f15348d0, 0x000002e4f15343c0, 0x000002e4f1535800, 0x000002e4f1532050,
0x000002e4f1532560, 0x000002e4f1533490, 0x000002e4ee0eee30, 0x000002e4ee0eb680,
0x000002e4ee0ed4e0, 0x000002e4ee0ecfd0, 0x000002e4ee0ef850, 0x000002e4ee0ed9f0,
0x000002e4ee0ec5b0, 0x000002e4ee0f0270, 0x000002e4ee0f0780, 0x000002e4ee0f11a0,
0x000002e4ee0edf00, 0x000002e4ee0f3000, 0x000002e4f1503850, 0x000002e4f1501f00,
0x000002e4f15019f0, 0x000002e4f15014e0
}

Java Threads: ( => current thread )
  0x000002e4bdefeb80 JavaThread "main" [_thread_blocked, id=23920, stack(0x000000f5b2d00000,0x000000f5b2e00000)]
  0x000002e4db1003d0 JavaThread "Reference Handler" daemon [_thread_blocked, id=18296, stack(0x000000f5b3400000,0x000000f5b3500000)]
  0x000002e4db100ea0 JavaThread "Finalizer" daemon [_thread_blocked, id=23068, stack(0x000000f5b3500000,0x000000f5b3600000)]
  0x000002e4db1141b0 JavaThread "Signal Dispatcher" daemon [_thread_blocked, id=16692, stack(0x000000f5b3600000,0x000000f5b3700000)]
  0x000002e4db114a80 JavaThread "Attach Listener" daemon [_thread_blocked, id=22224, stack(0x000000f5b3700000,0x000000f5b3800000)]
  0x000002e4db115350 JavaThread "Service Thread" daemon [_thread_blocked, id=9496, stack(0x000000f5b3800000,0x000000f5b3900000)]
  0x000002e4db116430 JavaThread "Monitor Deflation Thread" daemon [_thread_blocked, id=3956, stack(0x000000f5b3900000,0x000000f5b3a00000)]
=>0x000002e4db1180f0 JavaThread "C2 CompilerThread0" daemon [_thread_in_native, id=14064, stack(0x000000f5b3a00000,0x000000f5b3b00000)]
  0x000002e4db118ab0 JavaThread "C1 CompilerThread0" daemon [_thread_in_native, id=25332, stack(0x000000f5b3b00000,0x000000f5b3c00000)]
  0x000002e4db173fa0 JavaThread "Sweeper thread" daemon [_thread_blocked, id=15584, stack(0x000000f5b3c00000,0x000000f5b3d00000)]
  0x000002e4db0e8040 JavaThread "Common-Cleaner" daemon [_thread_blocked, id=18144, stack(0x000000f5b3d00000,0x000000f5b3e00000)]
  0x000002e4db35b400 JavaThread "Notification Thread" daemon [_thread_blocked, id=26304, stack(0x000000f5b3e00000,0x000000f5b3f00000)]
  0x000002e4ee6f8850 JavaThread "Daemon health stats" [_thread_blocked, id=20580, stack(0x000000f5b4700000,0x000000f5b4800000)]
  0x000002e4ee251640 JavaThread "Incoming local TCP Connector on port 54997" [_thread_in_native, id=26900, stack(0x000000f5b4100000,0x000000f5b4200000)]
  0x000002e4ef3d7090 JavaThread "Daemon periodic checks" [_thread_blocked, id=24260, stack(0x000000f5b4800000,0x000000f5b4900000)]
  0x000002e4dba060d0 JavaThread "Daemon" [_thread_blocked, id=22688, stack(0x000000f5b4900000,0x000000f5b4a00000)]
  0x000002e4eee24a90 JavaThread "Handler for socket connection from /127.0.0.1:54997 to /127.0.0.1:54998" [_thread_in_native, id=8924, stack(0x000000f5b4a00000,0x000000f5b4b00000)]
  0x000002e4ef1b1b90 JavaThread "Cancel handler" [_thread_blocked, id=13228, stack(0x000000f5b4b00000,0x000000f5b4c00000)]
  0x000002e4ef1b2fd0 JavaThread "Daemon worker" [_thread_in_vm, id=21236, stack(0x000000f5b4c00000,0x000000f5b4d00000)]
  0x000002e4ef1b1170 JavaThread "Asynchronous log dispatcher for DefaultDaemonConnection: socket connection from /127.0.0.1:54997 to /127.0.0.1:54998" [_thread_blocked, id=14768, stack(0x000000f5b4d00000,0x000000f5b4e00000)]
  0x000002e4ef1b0240 JavaThread "Stdin handler" [_thread_blocked, id=12904, stack(0x000000f5b4e00000,0x000000f5b4f00000)]
  0x000002e4ef1b2ac0 JavaThread "Daemon client event forwarder" [_thread_blocked, id=11444, stack(0x000000f5b4f00000,0x000000f5b5000000)]
  0x000002e4ef1b1680 JavaThread "Cache worker for journal cache (E:\gradle\caches\journal-1)" [_thread_blocked, id=15236, stack(0x000000f5b5000000,0x000000f5b5100000)]
  0x000002e4ef1b20a0 JavaThread "File lock request listener" [_thread_in_native, id=26848, stack(0x000000f5b5100000,0x000000f5b5200000)]
  0x000002e4ef1b0750 JavaThread "Cache worker for file hash cache (E:\gradle\caches\8.11.1\fileHashes)" [_thread_blocked, id=24988, stack(0x000000f5b5200000,0x000000f5b5300000)]
  0x000002e4ef1b34e0 JavaThread "Cache worker for file content cache (E:\gradle\caches\8.11.1\fileContent)" [_thread_blocked, id=21908, stack(0x000000f5b5300000,0x000000f5b5400000)]
  0x000002e4ef1b0c60 JavaThread "Cache worker for file hash cache (E:\voice_test\android\.gradle\8.11.1\fileHashes)" [_thread_blocked, id=22364, stack(0x000000f5b5500000,0x000000f5b5600000)]
  0x000002e4ef1b25b0 JavaThread "Cache worker for Build Output Cleanup Cache (E:\voice_test\android\.gradle\buildOutputCleanup)" [_thread_blocked, id=20988, stack(0x000000f5b5600000,0x000000f5b5700000)]
  0x000002e4ef1afd30 JavaThread "File watcher server" daemon [_thread_in_native, id=26008, stack(0x000000f5b5a00000,0x000000f5b5b00000)]
  0x000002e4f1532f80 JavaThread "File watcher consumer" daemon [_thread_blocked, id=25376, stack(0x000000f5b5b00000,0x000000f5b5c00000)]
  0x000002e4f15352f0 JavaThread "Cache worker for checksums cache (E:\voice_test\android\.gradle\8.11.1\checksums)" [_thread_blocked, id=12988, stack(0x000000f5b5c00000,0x000000f5b5d00000)]
  0x000002e4f1533eb0 JavaThread "Cache worker for cache directory md-rule (E:\gradle\caches\8.11.1\md-rule)" [_thread_blocked, id=2388, stack(0x000000f5b5d00000,0x000000f5b5e00000)]
  0x000002e4f15348d0 JavaThread "Cache worker for cache directory md-supplier (E:\gradle\caches\8.11.1\md-supplier)" [_thread_blocked, id=22784, stack(0x000000f5b5e00000,0x000000f5b5f00000)]
  0x000002e4f15343c0 JavaThread "jar transforms" [_thread_blocked, id=23000, stack(0x000000f5b5f00000,0x000000f5b6000000)]
  0x000002e4f1535800 JavaThread "Cache worker for Build Output Cleanup Cache (E:\flutter\packages\flutter_tools\gradle\.gradle\buildOutputCleanup)" [_thread_blocked, id=18280, stack(0x000000f5b6000000,0x000000f5b6100000)]
  0x000002e4f1532050 JavaThread "Unconstrained build operations" [_thread_blocked, id=18600, stack(0x000000f5b6100000,0x000000f5b6200000)]
  0x000002e4f1532560 JavaThread "Unconstrained build operations Thread 2" [_thread_blocked, id=16020, stack(0x000000f5b6200000,0x000000f5b6300000)]
  0x000002e4f1533490 JavaThread "Unconstrained build operations Thread 3" [_thread_blocked, id=19076, stack(0x000000f5b4000000,0x000000f5b4100000)]
  0x000002e4ee0eee30 JavaThread "Memory manager" [_thread_blocked, id=18724, stack(0x000000f5b6300000,0x000000f5b6400000)]
  0x000002e4ee0eb680 JavaThread "build event listener" [_thread_blocked, id=16648, stack(0x000000f5b5400000,0x000000f5b5500000)]
  0x000002e4ee0ed4e0 JavaThread "included builds" [_thread_blocked, id=23844, stack(0x000000f5b6600000,0x000000f5b6700000)]
  0x000002e4ee0ecfd0 JavaThread "Cache worker for execution history cache (E:\flutter\packages\flutter_tools\gradle\.gradle\8.11.1\executionHistory)" [_thread_blocked, id=20160, stack(0x000000f5b6700000,0x000000f5b6800000)]
  0x000002e4ee0ef850 JavaThread "Unconstrained build operations Thread 4" [_thread_blocked, id=2060, stack(0x000000f5b6800000,0x000000f5b6900000)]
  0x000002e4ee0ed9f0 JavaThread "Unconstrained build operations Thread 5" [_thread_blocked, id=2840, stack(0x000000f5b6900000,0x000000f5b6a00000)]
  0x000002e4ee0ec5b0 JavaThread "Unconstrained build operations Thread 6" [_thread_blocked, id=2276, stack(0x000000f5b6a00000,0x000000f5b6b00000)]
  0x000002e4ee0f0270 JavaThread "Unconstrained build operations Thread 7" [_thread_blocked, id=18528, stack(0x000000f5b6b00000,0x000000f5b6c00000)]
  0x000002e4ee0f0780 JavaThread "Unconstrained build operations Thread 8" [_thread_blocked, id=16792, stack(0x000000f5b6500000,0x000000f5b6600000)]
  0x000002e4ee0f11a0 JavaThread "Unconstrained build operations Thread 9" [_thread_blocked, id=6364, stack(0x000000f5b6c00000,0x000000f5b6d00000)]
  0x000002e4ee0edf00 JavaThread "Unconstrained build operations Thread 10" [_thread_blocked, id=16236, stack(0x000000f5b6400000,0x000000f5b6500000)]
  0x000002e4ee0f3000 JavaThread "jar transforms Thread 2" [_thread_blocked, id=18852, stack(0x000000f5b6d00000,0x000000f5b6e00000)]
  0x000002e4f1503850 JavaThread "jar transforms Thread 3" [_thread_blocked, id=13516, stack(0x000000f5b6e00000,0x000000f5b6f00000)]
  0x000002e4f1501f00 JavaThread "jar transforms Thread 4" [_thread_blocked, id=20284, stack(0x000000f5b6f00000,0x000000f5b7000000)]
  0x000002e4f15019f0 JavaThread "jar transforms Thread 5" [_thread_blocked, id=20824, stack(0x000000f5b7000000,0x000000f5b7100000)]
  0x000002e4f15014e0 JavaThread "build event listener" [_thread_blocked, id=16880, stack(0x000000f5b7300000,0x000000f5b7400000)]

Other Threads:
  0x000002e4db162010 VMThread "VM Thread" [stack: 0x000000f5b3300000,0x000000f5b3400000] [id=25392]
  0x000002e4db35b8e0 WatcherThread [stack: 0x000000f5b3f00000,0x000000f5b4000000] [id=17716]
  0x000002e4bdf4c980 GCTaskThread "GC Thread#0" [stack: 0x000000f5b2e00000,0x000000f5b2f00000] [id=24176]
  0x000002e4db4ab1f0 GCTaskThread "GC Thread#1" [stack: 0x000000f5b4200000,0x000000f5b4300000] [id=15828]
  0x000002e4db47bfe0 GCTaskThread "GC Thread#2" [stack: 0x000000f5b4300000,0x000000f5b4400000] [id=5920]
  0x000002e4dbb80f60 GCTaskThread "GC Thread#3" [stack: 0x000000f5b4400000,0x000000f5b4500000] [id=18128]
  0x000002e4dbb81220 GCTaskThread "GC Thread#4" [stack: 0x000000f5b4500000,0x000000f5b4600000] [id=2108]
  0x000002e4dbb460e0 GCTaskThread "GC Thread#5" [stack: 0x000000f5b4600000,0x000000f5b4700000] [id=25628]
  0x000002e4f0849920 GCTaskThread "GC Thread#6" [stack: 0x000000f5b5700000,0x000000f5b5800000] [id=1788]
  0x000002e4f106d880 GCTaskThread "GC Thread#7" [stack: 0x000000f5b5800000,0x000000f5b5900000] [id=4252]
  0x000002e4bdf597e0 ConcurrentGCThread "G1 Main Marker" [stack: 0x000000f5b2f00000,0x000000f5b3000000] [id=3740]
  0x000002e4bdf5b580 ConcurrentGCThread "G1 Conc#0" [stack: 0x000000f5b3000000,0x000000f5b3100000] [id=18200]
  0x000002e4f0fb0a20 ConcurrentGCThread "G1 Conc#1" [stack: 0x000000f5b5900000,0x000000f5b5a00000] [id=25748]
  0x000002e4bdfaecc0 ConcurrentGCThread "G1 Refine#0" [stack: 0x000000f5b3100000,0x000000f5b3200000] [id=4792]
  0x000002e4dafad6c0 ConcurrentGCThread "G1 Service" [stack: 0x000000f5b3200000,0x000000f5b3300000] [id=24884]

Threads with active compile tasks:
C2 CompilerThread0  30128 10966       4       java.lang.Class::getMethodsRecursive (99 bytes)
C1 CompilerThread0  30128 11001       3       jdk.internal.reflect.ClassFileAssembler::opc_dup_x1 (11 bytes)

VM state: not at safepoint (normal execution)

VM Mutex/Monitor currently owned by a thread: None

Heap address: 0x00000000a0000000, size: 1536 MB, Compressed Oops mode: 32-bit

CDS archive(s) mapped at: [0x000002e4dc000000-0x000002e4dcbb0000-0x000002e4dcbb0000), size 12255232, SharedBaseAddress: 0x000002e4dc000000, ArchiveRelocationMode: 1.
Compressed class space mapped at: 0x000002e4dd000000-0x000002e4ea000000, reserved size: 218103808
Narrow klass base: 0x000002e4dc000000, Narrow klass shift: 0, Narrow klass range: 0x100000000

GC Precious Log:
 CPUs: 8 total, 8 available
 Memory: 16043M
 Large Page Support: Disabled
 NUMA Support: Disabled
 Compressed Oops: Enabled (32-bit)
 Heap Region Size: 1M
 Heap Min Capacity: 8M
 Heap Initial Capacity: 252M
 Heap Max Capacity: 1536M
 Pre-touch: Disabled
 Parallel Workers: 8
 Concurrent Workers: 2
 Concurrent Refinement Workers: 8
 Periodic GC: Disabled

Heap:
 garbage-first heap   total 154624K, used 132681K [0x00000000a0000000, 0x0000000100000000)
  region size 1024K, 15 young (15360K), 1 survivors (1024K)
 Metaspace       used 83099K, committed 84032K, reserved 344064K
  class space    used 11567K, committed 12032K, reserved 212992K

Heap Regions: E=young(eden), S=young(survivor), O=old, HS=humongous(starts), HC=humongous(continues), CS=collection set, F=free, OA=open archive, CA=closed archive, TAMS=top-at-mark-start (previous, next)
|   0|0x00000000a0000000, 0x00000000a0100000, 0x00000000a0100000|100%| O|  |TAMS 0x00000000a0100000, 0x00000000a0000000| Untracked 
|   1|0x00000000a0100000, 0x00000000a0200000, 0x00000000a0200000|100%| O|  |TAMS 0x00000000a0200000, 0x00000000a0100000| Untracked 
|   2|0x00000000a0200000, 0x00000000a0300000, 0x00000000a0300000|100%|HS|  |TAMS 0x00000000a0300000, 0x00000000a0200000| Complete 
|   3|0x00000000a0300000, 0x00000000a0400000, 0x00000000a0400000|100%|HC|  |TAMS 0x00000000a0400000, 0x00000000a0300000| Complete 
|   4|0x00000000a0400000, 0x00000000a0500000, 0x00000000a0500000|100%|HC|  |TAMS 0x00000000a0500000, 0x00000000a0400000| Complete 
|   5|0x00000000a0500000, 0x00000000a0600000, 0x00000000a0600000|100%| O|  |TAMS 0x00000000a0600000, 0x00000000a0500000| Untracked 
|   6|0x00000000a0600000, 0x00000000a0700000, 0x00000000a0700000|100%| O|  |TAMS 0x00000000a0700000, 0x00000000a0600000| Untracked 
|   7|0x00000000a0700000, 0x00000000a0800000, 0x00000000a0800000|100%| O|  |TAMS 0x00000000a0800000, 0x00000000a0700000| Untracked 
|   8|0x00000000a0800000, 0x00000000a0900000, 0x00000000a0900000|100%|HS|  |TAMS 0x00000000a0900000, 0x00000000a0800000| Complete 
|   9|0x00000000a0900000, 0x00000000a0a00000, 0x00000000a0a00000|100%| O|  |TAMS 0x00000000a0a00000, 0x00000000a0900000| Untracked 
|  10|0x00000000a0a00000, 0x00000000a0b00000, 0x00000000a0b00000|100%| O|  |TAMS 0x00000000a0b00000, 0x00000000a0a00000| Untracked 
|  11|0x00000000a0b00000, 0x00000000a0c00000, 0x00000000a0c00000|100%| O|  |TAMS 0x00000000a0c00000, 0x00000000a0b00000| Untracked 
|  12|0x00000000a0c00000, 0x00000000a0d00000, 0x00000000a0d00000|100%| O|  |TAMS 0x00000000a0d00000, 0x00000000a0c00000| Untracked 
|  13|0x00000000a0d00000, 0x00000000a0e00000, 0x00000000a0e00000|100%| O|  |TAMS 0x00000000a0e00000, 0x00000000a0d00000| Untracked 
|  14|0x00000000a0e00000, 0x00000000a0f00000, 0x00000000a0f00000|100%| O|  |TAMS 0x00000000a0f00000, 0x00000000a0e00000| Untracked 
|  15|0x00000000a0f00000, 0x00000000a1000000, 0x00000000a1000000|100%| O|  |TAMS 0x00000000a1000000, 0x00000000a0f00000| Untracked 
|  16|0x00000000a1000000, 0x00000000a1100000, 0x00000000a1100000|100%| O|  |TAMS 0x00000000a1100000, 0x00000000a1000000| Untracked 
|  17|0x00000000a1100000, 0x00000000a1200000, 0x00000000a1200000|100%| O|  |TAMS 0x00000000a1200000, 0x00000000a1100000| Untracked 
|  18|0x00000000a1200000, 0x00000000a1300000, 0x00000000a1300000|100%| O|  |TAMS 0x00000000a1300000, 0x00000000a1200000| Untracked 
|  19|0x00000000a1300000, 0x00000000a1400000, 0x00000000a1400000|100%| O|  |TAMS 0x00000000a1400000, 0x00000000a1300000| Untracked 
|  20|0x00000000a1400000, 0x00000000a1500000, 0x00000000a1500000|100%| O|  |TAMS 0x00000000a1500000, 0x00000000a1400000| Untracked 
|  21|0x00000000a1500000, 0x00000000a1600000, 0x00000000a1600000|100%| O|  |TAMS 0x00000000a1600000, 0x00000000a1500000| Untracked 
|  22|0x00000000a1600000, 0x00000000a1700000, 0x00000000a1700000|100%| O|  |TAMS 0x00000000a1700000, 0x00000000a1600000| Untracked 
|  23|0x00000000a1700000, 0x00000000a1800000, 0x00000000a1800000|100%| O|  |TAMS 0x00000000a1800000, 0x00000000a1700000| Untracked 
|  24|0x00000000a1800000, 0x00000000a1900000, 0x00000000a1900000|100%| O|  |TAMS 0x00000000a1900000, 0x00000000a1800000| Untracked 
|  25|0x00000000a1900000, 0x00000000a1a00000, 0x00000000a1a00000|100%| O|  |TAMS 0x00000000a1a00000, 0x00000000a1900000| Untracked 
|  26|0x00000000a1a00000, 0x00000000a1b00000, 0x00000000a1b00000|100%| O|  |TAMS 0x00000000a1b00000, 0x00000000a1a00000| Untracked 
|  27|0x00000000a1b00000, 0x00000000a1c00000, 0x00000000a1c00000|100%| O|  |TAMS 0x00000000a1b00000, 0x00000000a1b00000| Untracked 
|  28|0x00000000a1c00000, 0x00000000a1d00000, 0x00000000a1d00000|100%| O|  |TAMS 0x00000000a1d00000, 0x00000000a1c00000| Untracked 
|  29|0x00000000a1d00000, 0x00000000a1e00000, 0x00000000a1e00000|100%| O|  |TAMS 0x00000000a1d00000, 0x00000000a1d00000| Untracked 
|  30|0x00000000a1e00000, 0x00000000a1f00000, 0x00000000a1f00000|100%| O|  |TAMS 0x00000000a1f00000, 0x00000000a1e00000| Untracked 
|  31|0x00000000a1f00000, 0x00000000a2000000, 0x00000000a2000000|100%| O|  |TAMS 0x00000000a2000000, 0x00000000a1f00000| Untracked 
|  32|0x00000000a2000000, 0x00000000a2100000, 0x00000000a2100000|100%| O|  |TAMS 0x00000000a2100000, 0x00000000a2000000| Untracked 
|  33|0x00000000a2100000, 0x00000000a2200000, 0x00000000a2200000|100%| O|  |TAMS 0x00000000a2200000, 0x00000000a2100000| Untracked 
|  34|0x00000000a2200000, 0x00000000a2300000, 0x00000000a2300000|100%| O|  |TAMS 0x00000000a2300000, 0x00000000a2200000| Untracked 
|  35|0x00000000a2300000, 0x00000000a2400000, 0x00000000a2400000|100%| O|  |TAMS 0x00000000a2400000, 0x00000000a2300000| Untracked 
|  36|0x00000000a2400000, 0x00000000a2500000, 0x00000000a2500000|100%| O|  |TAMS 0x00000000a2500000, 0x00000000a2400000| Untracked 
|  37|0x00000000a2500000, 0x00000000a2600000, 0x00000000a2600000|100%| O|  |TAMS 0x00000000a2600000, 0x00000000a2500000| Untracked 
|  38|0x00000000a2600000, 0x00000000a2700000, 0x00000000a2700000|100%| O|  |TAMS 0x00000000a2700000, 0x00000000a2600000| Untracked 
|  39|0x00000000a2700000, 0x00000000a2800000, 0x00000000a2800000|100%| O|  |TAMS 0x00000000a2800000, 0x00000000a2700000| Untracked 
|  40|0x00000000a2800000, 0x00000000a2900000, 0x00000000a2900000|100%| O|  |TAMS 0x00000000a2900000, 0x00000000a2800000| Untracked 
|  41|0x00000000a2900000, 0x00000000a2a00000, 0x00000000a2a00000|100%| O|  |TAMS 0x00000000a2a00000, 0x00000000a2900000| Untracked 
|  42|0x00000000a2a00000, 0x00000000a2b00000, 0x00000000a2b00000|100%| O|  |TAMS 0x00000000a2b00000, 0x00000000a2a00000| Untracked 
|  43|0x00000000a2b00000, 0x00000000a2c00000, 0x00000000a2c00000|100%|HS|  |TAMS 0x00000000a2c00000, 0x00000000a2b00000| Complete 
|  44|0x00000000a2c00000, 0x00000000a2d00000, 0x00000000a2d00000|100%|HC|  |TAMS 0x00000000a2d00000, 0x00000000a2c00000| Complete 
|  45|0x00000000a2d00000, 0x00000000a2e00000, 0x00000000a2e00000|100%|HS|  |TAMS 0x00000000a2e00000, 0x00000000a2d00000| Complete 
|  46|0x00000000a2e00000, 0x00000000a2f00000, 0x00000000a2f00000|100%|HC|  |TAMS 0x00000000a2f00000, 0x00000000a2e00000| Complete 
|  47|0x00000000a2f00000, 0x00000000a3000000, 0x00000000a3000000|100%|HS|  |TAMS 0x00000000a3000000, 0x00000000a2f00000| Complete 
|  48|0x00000000a3000000, 0x00000000a3100000, 0x00000000a3100000|100%|HC|  |TAMS 0x00000000a3100000, 0x00000000a3000000| Complete 
|  49|0x00000000a3100000, 0x00000000a3200000, 0x00000000a3200000|100%|HC|  |TAMS 0x00000000a3200000, 0x00000000a3100000| Complete 
|  50|0x00000000a3200000, 0x00000000a3300000, 0x00000000a3300000|100%| O|  |TAMS 0x00000000a3300000, 0x00000000a3200000| Untracked 
|  51|0x00000000a3300000, 0x00000000a3400000, 0x00000000a3400000|100%| O|  |TAMS 0x00000000a3400000, 0x00000000a3300000| Untracked 
|  52|0x00000000a3400000, 0x00000000a3500000, 0x00000000a3500000|100%| O|  |TAMS 0x00000000a3500000, 0x00000000a3400000| Untracked 
|  53|0x00000000a3500000, 0x00000000a3600000, 0x00000000a3600000|100%| O|  |TAMS 0x00000000a3600000, 0x00000000a3500000| Untracked 
|  54|0x00000000a3600000, 0x00000000a3700000, 0x00000000a3700000|100%| O|  |TAMS 0x00000000a3700000, 0x00000000a3600000| Untracked 
|  55|0x00000000a3700000, 0x00000000a3800000, 0x00000000a3800000|100%|HS|  |TAMS 0x00000000a3800000, 0x00000000a3700000| Complete 
|  56|0x00000000a3800000, 0x00000000a3900000, 0x00000000a3900000|100%|HC|  |TAMS 0x00000000a3900000, 0x00000000a3800000| Complete 
|  57|0x00000000a3900000, 0x00000000a3a00000, 0x00000000a3a00000|100%|HC|  |TAMS 0x00000000a3a00000, 0x00000000a3900000| Complete 
|  58|0x00000000a3a00000, 0x00000000a3b00000, 0x00000000a3b00000|100%| O|  |TAMS 0x00000000a3b00000, 0x00000000a3a00000| Untracked 
|  59|0x00000000a3b00000, 0x00000000a3c00000, 0x00000000a3c00000|100%| O|  |TAMS 0x00000000a3b36400, 0x00000000a3b00000| Untracked 
|  60|0x00000000a3c00000, 0x00000000a3d00000, 0x00000000a3d00000|100%| O|  |TAMS 0x00000000a3c00000, 0x00000000a3c00000| Untracked 
|  61|0x00000000a3d00000, 0x00000000a3e00000, 0x00000000a3e00000|100%| O|  |TAMS 0x00000000a3d00000, 0x00000000a3d00000| Untracked 
|  62|0x00000000a3e00000, 0x00000000a3f00000, 0x00000000a3f00000|100%| O|  |TAMS 0x00000000a3e00000, 0x00000000a3e00000| Untracked 
|  63|0x00000000a3f00000, 0x00000000a4000000, 0x00000000a4000000|100%| O|  |TAMS 0x00000000a3f00000, 0x00000000a3f00000| Untracked 
|  64|0x00000000a4000000, 0x00000000a4100000, 0x00000000a4100000|100%| O|  |TAMS 0x00000000a4000000, 0x00000000a4000000| Untracked 
|  65|0x00000000a4100000, 0x00000000a4200000, 0x00000000a4200000|100%| O|  |TAMS 0x00000000a4100000, 0x00000000a4100000| Untracked 
|  66|0x00000000a4200000, 0x00000000a4300000, 0x00000000a4300000|100%| O|  |TAMS 0x00000000a4200000, 0x00000000a4200000| Untracked 
|  67|0x00000000a4300000, 0x00000000a4400000, 0x00000000a4400000|100%| O|  |TAMS 0x00000000a4300000, 0x00000000a4300000| Untracked 
|  68|0x00000000a4400000, 0x00000000a4500000, 0x00000000a4500000|100%| O|  |TAMS 0x00000000a4400000, 0x00000000a4400000| Untracked 
|  69|0x00000000a4500000, 0x00000000a4600000, 0x00000000a4600000|100%| O|  |TAMS 0x00000000a4500000, 0x00000000a4500000| Untracked 
|  70|0x00000000a4600000, 0x00000000a4700000, 0x00000000a4700000|100%| O|  |TAMS 0x00000000a4600000, 0x00000000a4600000| Untracked 
|  71|0x00000000a4700000, 0x00000000a4800000, 0x00000000a4800000|100%| O|  |TAMS 0x00000000a4700000, 0x00000000a4700000| Untracked 
|  72|0x00000000a4800000, 0x00000000a4900000, 0x00000000a4900000|100%| O|  |TAMS 0x00000000a4800000, 0x00000000a4800000| Untracked 
|  73|0x00000000a4900000, 0x00000000a4a00000, 0x00000000a4a00000|100%|HS|  |TAMS 0x00000000a4900000, 0x00000000a4900000| Complete 
|  74|0x00000000a4a00000, 0x00000000a4b00000, 0x00000000a4b00000|100%|HC|  |TAMS 0x00000000a4a00000, 0x00000000a4a00000| Complete 
|  75|0x00000000a4b00000, 0x00000000a4c00000, 0x00000000a4c00000|100%|HS|  |TAMS 0x00000000a4b00000, 0x00000000a4b00000| Complete 
|  76|0x00000000a4c00000, 0x00000000a4d00000, 0x00000000a4d00000|100%|HS|  |TAMS 0x00000000a4c00000, 0x00000000a4c00000| Complete 
|  77|0x00000000a4d00000, 0x00000000a4e00000, 0x00000000a4e00000|100%|HS|  |TAMS 0x00000000a4d00000, 0x00000000a4d00000| Complete 
|  78|0x00000000a4e00000, 0x00000000a4f00000, 0x00000000a4f00000|100%|HS|  |TAMS 0x00000000a4e00000, 0x00000000a4e00000| Complete 
|  79|0x00000000a4f00000, 0x00000000a5000000, 0x00000000a5000000|100%|HC|  |TAMS 0x00000000a4f00000, 0x00000000a4f00000| Complete 
|  80|0x00000000a5000000, 0x00000000a5100000, 0x00000000a5100000|100%|HC|  |TAMS 0x00000000a5000000, 0x00000000a5000000| Complete 
|  81|0x00000000a5100000, 0x00000000a5200000, 0x00000000a5200000|100%|HC|  |TAMS 0x00000000a5100000, 0x00000000a5100000| Complete 
|  82|0x00000000a5200000, 0x00000000a5300000, 0x00000000a5300000|100%|HS|  |TAMS 0x00000000a5200000, 0x00000000a5200000| Complete 
|  83|0x00000000a5300000, 0x00000000a5400000, 0x00000000a5400000|100%|HS|  |TAMS 0x00000000a5300000, 0x00000000a5300000| Complete 
|  84|0x00000000a5400000, 0x00000000a5500000, 0x00000000a5500000|100%| O|  |TAMS 0x00000000a5400000, 0x00000000a5400000| Untracked 
|  85|0x00000000a5500000, 0x00000000a5600000, 0x00000000a5600000|100%| O|  |TAMS 0x00000000a5500000, 0x00000000a5500000| Untracked 
|  86|0x00000000a5600000, 0x00000000a5700000, 0x00000000a5700000|100%| O|  |TAMS 0x00000000a5600000, 0x00000000a5600000| Untracked 
|  87|0x00000000a5700000, 0x00000000a5800000, 0x00000000a5800000|100%| O|  |TAMS 0x00000000a5700000, 0x00000000a5700000| Untracked 
|  88|0x00000000a5800000, 0x00000000a5900000, 0x00000000a5900000|100%|HS|  |TAMS 0x00000000a5800000, 0x00000000a5800000| Complete 
|  89|0x00000000a5900000, 0x00000000a5a00000, 0x00000000a5a00000|100%|HC|  |TAMS 0x00000000a5900000, 0x00000000a5900000| Complete 
|  90|0x00000000a5a00000, 0x00000000a5b00000, 0x00000000a5b00000|100%|HS|  |TAMS 0x00000000a5a00000, 0x00000000a5a00000| Complete 
|  91|0x00000000a5b00000, 0x00000000a5c00000, 0x00000000a5c00000|100%| O|  |TAMS 0x00000000a5b00000, 0x00000000a5b00000| Untracked 
|  92|0x00000000a5c00000, 0x00000000a5d00000, 0x00000000a5d00000|100%| O|  |TAMS 0x00000000a5c00000, 0x00000000a5c00000| Untracked 
|  93|0x00000000a5d00000, 0x00000000a5e00000, 0x00000000a5e00000|100%| O|  |TAMS 0x00000000a5d00000, 0x00000000a5d00000| Untracked 
|  94|0x00000000a5e00000, 0x00000000a5f00000, 0x00000000a5f00000|100%| O|  |TAMS 0x00000000a5e00000, 0x00000000a5e00000| Untracked 
|  95|0x00000000a5f00000, 0x00000000a6000000, 0x00000000a6000000|100%| O|  |TAMS 0x00000000a5f00000, 0x00000000a5f00000| Untracked 
|  96|0x00000000a6000000, 0x00000000a6100000, 0x00000000a6100000|100%| O|  |TAMS 0x00000000a6000000, 0x00000000a6000000| Untracked 
|  97|0x00000000a6100000, 0x00000000a6200000, 0x00000000a6200000|100%| O|  |TAMS 0x00000000a6100000, 0x00000000a6100000| Untracked 
|  98|0x00000000a6200000, 0x00000000a6300000, 0x00000000a6300000|100%| O|  |TAMS 0x00000000a6200000, 0x00000000a6200000| Untracked 
|  99|0x00000000a6300000, 0x00000000a6400000, 0x00000000a6400000|100%| O|  |TAMS 0x00000000a6300000, 0x00000000a6300000| Untracked 
| 100|0x00000000a6400000, 0x00000000a6500000, 0x00000000a6500000|100%| O|  |TAMS 0x00000000a6400000, 0x00000000a6400000| Untracked 
| 101|0x00000000a6500000, 0x00000000a6600000, 0x00000000a6600000|100%| O|  |TAMS 0x00000000a6500000, 0x00000000a6500000| Untracked 
| 102|0x00000000a6600000, 0x00000000a6700000, 0x00000000a6700000|100%| O|  |TAMS 0x00000000a6600000, 0x00000000a6600000| Untracked 
| 103|0x00000000a6700000, 0x00000000a6800000, 0x00000000a6800000|100%| O|  |TAMS 0x00000000a6700000, 0x00000000a6700000| Untracked 
| 104|0x00000000a6800000, 0x00000000a6900000, 0x00000000a6900000|100%| O|  |TAMS 0x00000000a6800000, 0x00000000a6800000| Untracked 
| 105|0x00000000a6900000, 0x00000000a6a00000, 0x00000000a6a00000|100%| O|  |TAMS 0x00000000a6900000, 0x00000000a6900000| Untracked 
| 106|0x00000000a6a00000, 0x00000000a6b00000, 0x00000000a6b00000|100%|HS|  |TAMS 0x00000000a6a00000, 0x00000000a6a00000| Complete 
| 107|0x00000000a6b00000, 0x00000000a6c00000, 0x00000000a6c00000|100%| O|  |TAMS 0x00000000a6b00000, 0x00000000a6b00000| Untracked 
| 108|0x00000000a6c00000, 0x00000000a6d00000, 0x00000000a6d00000|100%| O|  |TAMS 0x00000000a6c00000, 0x00000000a6c00000| Untracked 
| 109|0x00000000a6d00000, 0x00000000a6e00000, 0x00000000a6e00000|100%|HS|  |TAMS 0x00000000a6d00000, 0x00000000a6d00000| Complete 
| 110|0x00000000a6e00000, 0x00000000a6f00000, 0x00000000a6f00000|100%|HC|  |TAMS 0x00000000a6e00000, 0x00000000a6e00000| Complete 
| 111|0x00000000a6f00000, 0x00000000a7000000, 0x00000000a7000000|100%|HC|  |TAMS 0x00000000a6f00000, 0x00000000a6f00000| Complete 
| 112|0x00000000a7000000, 0x00000000a7100000, 0x00000000a7100000|100%|HC|  |TAMS 0x00000000a7000000, 0x00000000a7000000| Complete 
| 113|0x00000000a7100000, 0x00000000a7200000, 0x00000000a7200000|100%| O|  |TAMS 0x00000000a7100000, 0x00000000a7100000| Untracked 
| 114|0x00000000a7200000, 0x00000000a7300000, 0x00000000a7300000|100%| O|  |TAMS 0x00000000a7200000, 0x00000000a7200000| Untracked 
| 115|0x00000000a7300000, 0x00000000a73fe000, 0x00000000a7400000| 99%| O|  |TAMS 0x00000000a7300000, 0x00000000a7300000| Untracked 
| 116|0x00000000a7400000, 0x00000000a7400000, 0x00000000a7500000|  0%| F|  |TAMS 0x00000000a7400000, 0x00000000a7400000| Untracked 
| 117|0x00000000a7500000, 0x00000000a7500000, 0x00000000a7600000|  0%| F|  |TAMS 0x00000000a7500000, 0x00000000a7500000| Untracked 
| 118|0x00000000a7600000, 0x00000000a7600000, 0x00000000a7700000|  0%| F|  |TAMS 0x00000000a7600000, 0x00000000a7600000| Untracked 
| 119|0x00000000a7700000, 0x00000000a7700000, 0x00000000a7800000|  0%| F|  |TAMS 0x00000000a7700000, 0x00000000a7700000| Untracked 
| 120|0x00000000a7800000, 0x00000000a7800000, 0x00000000a7900000|  0%| F|  |TAMS 0x00000000a7800000, 0x00000000a7800000| Untracked 
| 121|0x00000000a7900000, 0x00000000a7900000, 0x00000000a7a00000|  0%| F|  |TAMS 0x00000000a7900000, 0x00000000a7900000| Untracked 
| 122|0x00000000a7a00000, 0x00000000a7a00000, 0x00000000a7b00000|  0%| F|  |TAMS 0x00000000a7a00000, 0x00000000a7a00000| Untracked 
| 123|0x00000000a7b00000, 0x00000000a7b00000, 0x00000000a7c00000|  0%| F|  |TAMS 0x00000000a7b00000, 0x00000000a7b00000| Untracked 
| 124|0x00000000a7c00000, 0x00000000a7c00000, 0x00000000a7d00000|  0%| F|  |TAMS 0x00000000a7c00000, 0x00000000a7c00000| Untracked 
| 125|0x00000000a7d00000, 0x00000000a7d00000, 0x00000000a7e00000|  0%| F|  |TAMS 0x00000000a7d00000, 0x00000000a7d00000| Untracked 
| 126|0x00000000a7e00000, 0x00000000a7e00000, 0x00000000a7f00000|  0%| F|  |TAMS 0x00000000a7e00000, 0x00000000a7e00000| Untracked 
| 127|0x00000000a7f00000, 0x00000000a7f00000, 0x00000000a8000000|  0%| F|  |TAMS 0x00000000a7f00000, 0x00000000a7f00000| Untracked 
| 128|0x00000000a8000000, 0x00000000a8000000, 0x00000000a8100000|  0%| F|  |TAMS 0x00000000a8000000, 0x00000000a8000000| Untracked 
| 129|0x00000000a8100000, 0x00000000a8100000, 0x00000000a8200000|  0%| F|  |TAMS 0x00000000a8100000, 0x00000000a8100000| Untracked 
| 130|0x00000000a8200000, 0x00000000a8200000, 0x00000000a8300000|  0%| F|  |TAMS 0x00000000a8200000, 0x00000000a8200000| Untracked 
| 131|0x00000000a8300000, 0x00000000a8300000, 0x00000000a8400000|  0%| F|  |TAMS 0x00000000a8300000, 0x00000000a8300000| Untracked 
| 132|0x00000000a8400000, 0x00000000a8400000, 0x00000000a8500000|  0%| F|  |TAMS 0x00000000a8400000, 0x00000000a8400000| Untracked 
| 133|0x00000000a8500000, 0x00000000a8500000, 0x00000000a8600000|  0%| F|  |TAMS 0x00000000a8500000, 0x00000000a8500000| Untracked 
| 134|0x00000000a8600000, 0x00000000a8600000, 0x00000000a8700000|  0%| F|  |TAMS 0x00000000a8600000, 0x00000000a8600000| Untracked 
| 135|0x00000000a8700000, 0x00000000a8700000, 0x00000000a8800000|  0%| F|  |TAMS 0x00000000a8700000, 0x00000000a8700000| Untracked 
| 136|0x00000000a8800000, 0x00000000a888e9d0, 0x00000000a8900000| 55%| E|  |TAMS 0x00000000a8800000, 0x00000000a8800000| Complete 
| 137|0x00000000a8900000, 0x00000000a8994500, 0x00000000a8a00000| 57%| S|CS|TAMS 0x00000000a8900000, 0x00000000a8900000| Complete 
| 138|0x00000000a8a00000, 0x00000000a8b00000, 0x00000000a8b00000|100%| E|CS|TAMS 0x00000000a8a00000, 0x00000000a8a00000| Complete 
| 139|0x00000000a8b00000, 0x00000000a8c00000, 0x00000000a8c00000|100%| E|CS|TAMS 0x00000000a8b00000, 0x00000000a8b00000| Complete 
| 140|0x00000000a8c00000, 0x00000000a8d00000, 0x00000000a8d00000|100%| E|CS|TAMS 0x00000000a8c00000, 0x00000000a8c00000| Complete 
| 141|0x00000000a8d00000, 0x00000000a8e00000, 0x00000000a8e00000|100%| E|CS|TAMS 0x00000000a8d00000, 0x00000000a8d00000| Complete 
| 142|0x00000000a8e00000, 0x00000000a8f00000, 0x00000000a8f00000|100%| E|CS|TAMS 0x00000000a8e00000, 0x00000000a8e00000| Complete 
| 143|0x00000000a8f00000, 0x00000000a9000000, 0x00000000a9000000|100%| E|CS|TAMS 0x00000000a8f00000, 0x00000000a8f00000| Complete 
| 144|0x00000000a9000000, 0x00000000a9100000, 0x00000000a9100000|100%| E|CS|TAMS 0x00000000a9000000, 0x00000000a9000000| Complete 
| 145|0x00000000a9100000, 0x00000000a9200000, 0x00000000a9200000|100%| E|CS|TAMS 0x00000000a9100000, 0x00000000a9100000| Complete 
| 146|0x00000000a9200000, 0x00000000a9300000, 0x00000000a9300000|100%| E|CS|TAMS 0x00000000a9200000, 0x00000000a9200000| Complete 
| 147|0x00000000a9300000, 0x00000000a9400000, 0x00000000a9400000|100%| E|CS|TAMS 0x00000000a9300000, 0x00000000a9300000| Complete 
| 148|0x00000000a9400000, 0x00000000a9500000, 0x00000000a9500000|100%| E|CS|TAMS 0x00000000a9400000, 0x00000000a9400000| Complete 
| 149|0x00000000a9500000, 0x00000000a9600000, 0x00000000a9600000|100%| E|CS|TAMS 0x00000000a9500000, 0x00000000a9500000| Complete 
| 251|0x00000000afb00000, 0x00000000afc00000, 0x00000000afc00000|100%| E|CS|TAMS 0x00000000afb00000, 0x00000000afb00000| Complete 

Card table byte_map: [0x000002e4d5090000,0x000002e4d5390000] _byte_map_base: 0x000002e4d4b90000

Marking Bits (Prev, Next): (CMBitMap*) 0x000002e4bdf4ceb0, (CMBitMap*) 0x000002e4bdf4cef0
 Prev Bits: [0x000002e4d5690000, 0x000002e4d6e90000)
 Next Bits: [0x000002e4d6e90000, 0x000002e4d8690000)

Polling page: 0x000002e4bbe60000

Metaspace:

Usage:
  Non-class:     69.89 MB used.
      Class:     11.30 MB used.
       Both:     81.19 MB used.

Virtual space:
  Non-class space:      128.00 MB reserved,      70.31 MB ( 55%) committed,  2 nodes.
      Class space:      208.00 MB reserved,      11.75 MB (  6%) committed,  1 nodes.
             Both:      336.00 MB reserved,      82.06 MB ( 24%) committed. 

Chunk freelists:
   Non-Class:  8.88 MB
       Class:  4.17 MB
        Both:  13.05 MB

MaxMetaspaceSize: 256.00 MB
CompressedClassSpaceSize: 208.00 MB
Initial GC threshold: 21.00 MB
Current GC threshold: 100.56 MB
CDS: on
MetaspaceReclaimPolicy: balanced
 - commit_granule_bytes: 65536.
 - commit_granule_words: 8192.
 - virtual_space_node_default_size: 8388608.
 - enlarge_chunks_in_place: 1.
 - new_chunks_are_fully_committed: 0.
 - uncommit_free_chunks: 1.
 - use_allocation_guard: 0.
 - handle_deallocations: 1.


Internal statistics:

num_allocs_failed_limit: 6.
num_arena_births: 1136.
num_arena_deaths: 0.
num_vsnodes_births: 3.
num_vsnodes_deaths: 0.
num_space_committed: 1313.
num_space_uncommitted: 0.
num_chunks_returned_to_freelist: 6.
num_chunks_taken_from_freelist: 4733.
num_chunk_merges: 6.
num_chunk_splits: 3031.
num_chunks_enlarged: 1946.
num_inconsistent_stats: 0.

CodeHeap 'non-profiled nmethods': size=120000Kb used=6045Kb max_used=6045Kb free=113954Kb
 bounds [0x000002e4cd530000, 0x000002e4cdb20000, 0x000002e4d4a60000]
CodeHeap 'profiled nmethods': size=120000Kb used=17522Kb max_used=17929Kb free=102477Kb
 bounds [0x000002e4c5a60000, 0x000002e4c6bf0000, 0x000002e4ccf90000]
CodeHeap 'non-nmethods': size=5760Kb used=2394Kb max_used=2468Kb free=3365Kb
 bounds [0x000002e4ccf90000, 0x000002e4cd210000, 0x000002e4cd530000]
 total_blobs=10300 nmethods=9372 adapters=840
 compilation: enabled
              stopped_count=0, restarted_count=0
 full_count=0

Compilation events (20 events):
Event: 29.980 Thread 0x000002e4db118ab0 10974       3       org.objectweb.asm.ClassWriter::visitEnd (1 bytes)
Event: 29.980 Thread 0x000002e4db118ab0 nmethod 10974 0x000002e4c6046190 code [0x000002e4c6046320, 0x000002e4c6046438]
Event: 29.984 Thread 0x000002e4db118ab0 10975       3       org.gradle.internal.instantiation.generator.AsmBackedClassGenerator$ClassBuilderImpl$$Lambda$141/0x000002e4dd1bb220::<init> (32 bytes)
Event: 29.984 Thread 0x000002e4db118ab0 nmethod 10975 0x000002e4c6397090 code [0x000002e4c6397240, 0x000002e4c6397578]
Event: 29.985 Thread 0x000002e4db118ab0 10976       3       org.objectweb.asm.ByteVector::putByteArray (49 bytes)
Event: 29.985 Thread 0x000002e4db118ab0 nmethod 10976 0x000002e4c6396b10 code [0x000002e4c6396cc0, 0x000002e4c6396f98]
Event: 29.992 Thread 0x000002e4db1180f0 nmethod 10969 0x000002e4cdb15b10 code [0x000002e4cdb15cc0, 0x000002e4cdb16308]
Event: 29.992 Thread 0x000002e4db1180f0 10966       4       java.lang.Class::getMethodsRecursive (99 bytes)
Event: 30.042 Thread 0x000002e4db118ab0 10977       3       org.gradle.internal.extensibility.DefaultExtraPropertiesExtension::get (30 bytes)
Event: 30.043 Thread 0x000002e4db118ab0 nmethod 10977 0x000002e4c600f310 code [0x000002e4c600f500, 0x000002e4c600f9e8]
Event: 30.043 Thread 0x000002e4db118ab0 10978       3       org.gradle.internal.extensibility.DefaultExtraPropertiesExtension::find (11 bytes)
Event: 30.043 Thread 0x000002e4db118ab0 nmethod 10978 0x000002e4c600ee90 code [0x000002e4c600f040, 0x000002e4c600f208]
Event: 30.047 Thread 0x000002e4db118ab0 10979       3       kotlin.coroutines.jvm.internal.ContinuationImpl::<init> (21 bytes)
Event: 30.047 Thread 0x000002e4db118ab0 nmethod 10979 0x000002e4c6648210 code [0x000002e4c66483e0, 0x000002e4c6648808]
Event: 30.047 Thread 0x000002e4db118ab0 10980       3       kotlin.coroutines.jvm.internal.ContinuationImpl::<init> (11 bytes)
Event: 30.048 Thread 0x000002e4db118ab0 nmethod 10980 0x000002e4c600e810 code [0x000002e4c600e9c0, 0x000002e4c600ec38]
Event: 30.048 Thread 0x000002e4db118ab0 10981       3       kotlin.coroutines.intrinsics.IntrinsicsKt__IntrinsicsJvmKt::createCoroutineUnintercepted (88 bytes)
Event: 30.049 Thread 0x000002e4db118ab0 nmethod 10981 0x000002e4c6646110 code [0x000002e4c66464a0, 0x000002e4c6647b58]
Event: 30.065 Thread 0x000002e4db118ab0 10982       3       sun.net.www.protocol.jar.URLJarFile::isFileURL (50 bytes)
Event: 30.066 Thread 0x000002e4db118ab0 nmethod 10982 0x000002e4c6645990 code [0x000002e4c6645b80, 0x000002e4c6645f68]

GC Heap History (20 events):
Event: 24.855 GC heap before
{Heap before GC invocations=36 (full 0):
 garbage-first heap   total 154624K, used 135086K [0x00000000a0000000, 0x0000000100000000)
  region size 1024K, 50 young (51200K), 5 survivors (5120K)
 Metaspace       used 69259K, committed 69888K, reserved 278528K
  class space    used 9827K, committed 10112K, reserved 212992K
}
Event: 24.862 GC heap after
{Heap after GC invocations=37 (full 0):
 garbage-first heap   total 154624K, used 96106K [0x00000000a0000000, 0x0000000100000000)
  region size 1024K, 7 young (7168K), 7 survivors (7168K)
 Metaspace       used 69259K, committed 69888K, reserved 278528K
  class space    used 9827K, committed 10112K, reserved 212992K
}
Event: 25.957 GC heap before
{Heap before GC invocations=37 (full 0):
 garbage-first heap   total 154624K, used 127850K [0x00000000a0000000, 0x0000000100000000)
  region size 1024K, 35 young (35840K), 7 survivors (7168K)
 Metaspace       used 70881K, committed 71680K, reserved 278528K
  class space    used 10038K, committed 10432K, reserved 212992K
}
Event: 25.964 GC heap after
{Heap after GC invocations=38 (full 0):
 garbage-first heap   total 154624K, used 104469K [0x00000000a0000000, 0x0000000100000000)
  region size 1024K, 4 young (4096K), 4 survivors (4096K)
 Metaspace       used 70881K, committed 71680K, reserved 278528K
  class space    used 10038K, committed 10432K, reserved 212992K
}
Event: 26.457 GC heap before
{Heap before GC invocations=38 (full 0):
 garbage-first heap   total 154624K, used 124949K [0x00000000a0000000, 0x0000000100000000)
  region size 1024K, 25 young (25600K), 4 survivors (4096K)
 Metaspace       used 72612K, committed 73408K, reserved 278528K
  class space    used 10216K, committed 10624K, reserved 212992K
}
Event: 26.461 GC heap after
{Heap after GC invocations=39 (full 0):
 garbage-first heap   total 154624K, used 105463K [0x00000000a0000000, 0x0000000100000000)
  region size 1024K, 2 young (2048K), 2 survivors (2048K)
 Metaspace       used 72612K, committed 73408K, reserved 278528K
  class space    used 10216K, committed 10624K, reserved 212992K
}
Event: 27.006 GC heap before
{Heap before GC invocations=39 (full 0):
 garbage-first heap   total 154624K, used 127991K [0x00000000a0000000, 0x0000000100000000)
  region size 1024K, 24 young (24576K), 2 survivors (2048K)
 Metaspace       used 74488K, committed 75264K, reserved 278528K
  class space    used 10433K, committed 10816K, reserved 212992K
}
Event: 27.010 GC heap after
{Heap after GC invocations=40 (full 0):
 garbage-first heap   total 154624K, used 105826K [0x00000000a0000000, 0x0000000100000000)
  region size 1024K, 2 young (2048K), 2 survivors (2048K)
 Metaspace       used 74488K, committed 75264K, reserved 278528K
  class space    used 10433K, committed 10816K, reserved 212992K
}
Event: 27.545 GC heap before
{Heap before GC invocations=40 (full 0):
 garbage-first heap   total 154624K, used 134498K [0x00000000a0000000, 0x0000000100000000)
  region size 1024K, 25 young (25600K), 2 survivors (2048K)
 Metaspace       used 76200K, committed 76992K, reserved 344064K
  class space    used 10651K, committed 11008K, reserved 212992K
}
Event: 27.550 GC heap after
{Heap after GC invocations=41 (full 0):
 garbage-first heap   total 154624K, used 110592K [0x00000000a0000000, 0x0000000100000000)
  region size 1024K, 4 young (4096K), 4 survivors (4096K)
 Metaspace       used 76200K, committed 76992K, reserved 344064K
  class space    used 10651K, committed 11008K, reserved 212992K
}
Event: 28.012 GC heap before
{Heap before GC invocations=41 (full 0):
 garbage-first heap   total 154624K, used 129024K [0x00000000a0000000, 0x0000000100000000)
  region size 1024K, 22 young (22528K), 4 survivors (4096K)
 Metaspace       used 77560K, committed 78400K, reserved 344064K
  class space    used 10820K, committed 11200K, reserved 212992K
}
Event: 28.016 GC heap after
{Heap after GC invocations=42 (full 0):
 garbage-first heap   total 154624K, used 111713K [0x00000000a0000000, 0x0000000100000000)
  region size 1024K, 2 young (2048K), 2 survivors (2048K)
 Metaspace       used 77560K, committed 78400K, reserved 344064K
  class space    used 10820K, committed 11200K, reserved 212992K
}
Event: 28.506 GC heap before
{Heap before GC invocations=42 (full 0):
 garbage-first heap   total 154624K, used 129121K [0x00000000a0000000, 0x0000000100000000)
  region size 1024K, 19 young (19456K), 2 survivors (2048K)
 Metaspace       used 78705K, committed 79488K, reserved 344064K
  class space    used 10967K, committed 11328K, reserved 212992K
}
Event: 28.509 GC heap after
{Heap after GC invocations=43 (full 0):
 garbage-first heap   total 154624K, used 112561K [0x00000000a0000000, 0x0000000100000000)
  region size 1024K, 2 young (2048K), 2 survivors (2048K)
 Metaspace       used 78705K, committed 79488K, reserved 344064K
  class space    used 10967K, committed 11328K, reserved 212992K
}
Event: 28.995 GC heap before
{Heap before GC invocations=43 (full 0):
 garbage-first heap   total 154624K, used 130993K [0x00000000a0000000, 0x0000000100000000)
  region size 1024K, 20 young (20480K), 2 survivors (2048K)
 Metaspace       used 79983K, committed 80768K, reserved 344064K
  class space    used 11145K, committed 11520K, reserved 212992K
}
Event: 28.999 GC heap after
{Heap after GC invocations=44 (full 0):
 garbage-first heap   total 154624K, used 113318K [0x00000000a0000000, 0x0000000100000000)
  region size 1024K, 2 young (2048K), 2 survivors (2048K)
 Metaspace       used 79983K, committed 80768K, reserved 344064K
  class space    used 11145K, committed 11520K, reserved 212992K
}
Event: 29.526 GC heap before
{Heap before GC invocations=44 (full 0):
 garbage-first heap   total 154624K, used 134822K [0x00000000a0000000, 0x0000000100000000)
  region size 1024K, 20 young (20480K), 2 survivors (2048K)
 Metaspace       used 81289K, committed 82048K, reserved 344064K
  class space    used 11328K, committed 11712K, reserved 212992K
}
Event: 29.531 GC heap after
{Heap after GC invocations=45 (full 0):
 garbage-first heap   total 154624K, used 118815K [0x00000000a0000000, 0x0000000100000000)
  region size 1024K, 3 young (3072K), 3 survivors (3072K)
 Metaspace       used 81289K, committed 82048K, reserved 344064K
  class space    used 11328K, committed 11712K, reserved 212992K
}
Event: 29.847 GC heap before
{Heap before GC invocations=45 (full 0):
 garbage-first heap   total 154624K, used 132127K [0x00000000a0000000, 0x0000000100000000)
  region size 1024K, 16 young (16384K), 3 survivors (3072K)
 Metaspace       used 82289K, committed 83072K, reserved 344064K
  class space    used 11451K, committed 11840K, reserved 212992K
}
Event: 29.851 GC heap after
{Heap after GC invocations=46 (full 0):
 garbage-first heap   total 154624K, used 119369K [0x00000000a0000000, 0x0000000100000000)
  region size 1024K, 1 young (1024K), 1 survivors (1024K)
 Metaspace       used 82289K, committed 83072K, reserved 344064K
  class space    used 11451K, committed 11840K, reserved 212992K
}

Dll operation events (15 events):
Event: 0.008 Loaded shared library E:\JAVA\bin\java.dll
Event: 0.024 Loaded shared library E:\JAVA\bin\jsvml.dll
Event: 0.070 Loaded shared library E:\JAVA\bin\zip.dll
Event: 0.071 Loaded shared library E:\JAVA\bin\instrument.dll
Event: 0.074 Loaded shared library E:\JAVA\bin\net.dll
Event: 0.076 Loaded shared library E:\JAVA\bin\nio.dll
Event: 0.077 Loaded shared library E:\JAVA\bin\zip.dll
Event: 0.245 Loaded shared library E:\JAVA\bin\jimage.dll
Event: 0.406 Loaded shared library E:\JAVA\bin\verify.dll
Event: 0.587 Loaded shared library E:\gradle\native\c067742578af261105cb4f569cf0c3c89f3d7b1fecec35dd04571415982c5e48\windows-amd64\native-platform.dll
Event: 0.590 Loaded shared library E:\gradle\native\100fb08df4bc3b14c8652ba06237920a3bd2aa13389f12d3474272988ae205f9\windows-amd64\native-platform-file-events.dll
Event: 1.285 Loaded shared library E:\JAVA\bin\management.dll
Event: 1.287 Loaded shared library E:\JAVA\bin\management_ext.dll
Event: 1.462 Loaded shared library E:\JAVA\bin\extnet.dll
Event: 1.755 Loaded shared library E:\JAVA\bin\sunmscapi.dll

Deoptimization events (20 events):
Event: 28.954 Thread 0x000002e4ef1b2fd0 Uncommon trap: trap_request=0xffffff45 fr.pc=0x000002e4cd7a62e0 relative=0x00000000000009a0
Event: 28.954 Thread 0x000002e4ef1b2fd0 Uncommon trap: reason=unstable_if action=reinterpret pc=0x000002e4cd7a62e0 method=java.lang.Integer.stringSize(I)I @ 19 c2
Event: 28.954 Thread 0x000002e4ef1b2fd0 DEOPT PACKING pc=0x000002e4cd7a62e0 sp=0x000000f5b4cf3a10
Event: 28.954 Thread 0x000002e4ef1b2fd0 DEOPT UNPACKING pc=0x000002e4ccfe69a3 sp=0x000000f5b4cf3958 mode 2
Event: 29.014 Thread 0x000002e4ef1b2fd0 Uncommon trap: trap_request=0xffffff45 fr.pc=0x000002e4cd7a3a3c relative=0x000000000000009c
Event: 29.014 Thread 0x000002e4ef1b2fd0 Uncommon trap: reason=unstable_if action=reinterpret pc=0x000002e4cd7a3a3c method=java.lang.Integer.stringSize(I)I @ 19 c2
Event: 29.014 Thread 0x000002e4ef1b2fd0 DEOPT PACKING pc=0x000002e4cd7a3a3c sp=0x000000f5b4cf36e0
Event: 29.014 Thread 0x000002e4ef1b2fd0 DEOPT UNPACKING pc=0x000002e4ccfe69a3 sp=0x000000f5b4cf3660 mode 2
Event: 29.089 Thread 0x000002e4ef1b2fd0 Uncommon trap: trap_request=0xffffff45 fr.pc=0x000002e4cd910290 relative=0x00000000000001f0
Event: 29.089 Thread 0x000002e4ef1b2fd0 Uncommon trap: reason=unstable_if action=reinterpret pc=0x000002e4cd910290 method=java.security.SecureClassLoader$CodeSourceKey.hashCode()I @ 9 c2
Event: 29.089 Thread 0x000002e4ef1b2fd0 DEOPT PACKING pc=0x000002e4cd910290 sp=0x000000f5b4cf1b00
Event: 29.089 Thread 0x000002e4ef1b2fd0 DEOPT UNPACKING pc=0x000002e4ccfe69a3 sp=0x000000f5b4cf1a90 mode 2
Event: 29.471 Thread 0x000002e4ef1b2fd0 Uncommon trap: trap_request=0xffffffde fr.pc=0x000002e4cd5e3140 relative=0x0000000000001080
Event: 29.471 Thread 0x000002e4ef1b2fd0 Uncommon trap: reason=class_check action=maybe_recompile pc=0x000002e4cd5e3140 method=jdk.internal.loader.BuiltinClassLoader.loadClassOrNull(Ljava/lang/String;)Ljava/lang/Class; @ 3 c2
Event: 29.471 Thread 0x000002e4ef1b2fd0 DEOPT PACKING pc=0x000002e4cd5e3140 sp=0x000000f5b4cf14b0
Event: 29.471 Thread 0x000002e4ef1b2fd0 DEOPT UNPACKING pc=0x000002e4ccfe69a3 sp=0x000000f5b4cf1388 mode 2
Event: 29.471 Thread 0x000002e4ef1b2fd0 Uncommon trap: trap_request=0xffffffde fr.pc=0x000002e4cd5e3140 relative=0x0000000000001080
Event: 29.471 Thread 0x000002e4ef1b2fd0 Uncommon trap: reason=class_check action=maybe_recompile pc=0x000002e4cd5e3140 method=jdk.internal.loader.BuiltinClassLoader.loadClassOrNull(Ljava/lang/String;)Ljava/lang/Class; @ 3 c2
Event: 29.472 Thread 0x000002e4ef1b2fd0 DEOPT PACKING pc=0x000002e4cd5e3140 sp=0x000000f5b4cf1510
Event: 29.472 Thread 0x000002e4ef1b2fd0 DEOPT UNPACKING pc=0x000002e4ccfe69a3 sp=0x000000f5b4cf13e8 mode 2

Classes loaded (20 events):
Event: 27.247 Loading class java/util/Base64$Decoder
Event: 27.248 Loading class java/util/Base64$Decoder done
Event: 27.248 Loading class java/util/Base64$Encoder
Event: 27.249 Loading class java/util/Base64$Encoder done
Event: 27.257 Loading class java/util/jar/JarVerifier$VerifierStream
Event: 27.257 Loading class java/util/jar/JarVerifier$VerifierStream done
Event: 27.258 Loading class sun/security/util/ManifestEntryVerifier$SunProviderHolder
Event: 27.258 Loading class sun/security/util/ManifestEntryVerifier$SunProviderHolder done
Event: 27.408 Loading class java/security/KeyStore$ProtectionParameter
Event: 27.409 Loading class java/security/KeyStore$ProtectionParameter done
Event: 28.351 Loading class java/security/KeyStore
Event: 28.353 Loading class java/security/KeyStore done
Event: 28.353 Loading class java/security/KeyStore$1
Event: 28.353 Loading class java/security/KeyStore$1 done
Event: 28.638 Loading class javax/xml/stream/XMLStreamException
Event: 28.638 Loading class javax/xml/stream/XMLStreamException done
Event: 29.088 Loading class sun/reflect/misc/MethodUtil
Event: 29.089 Loading class sun/reflect/misc/MethodUtil done
Event: 29.089 Loading class sun/reflect/misc/MethodUtil$1
Event: 29.089 Loading class sun/reflect/misc/MethodUtil$1 done

Classes unloaded (0 events):
No events

Classes redefined (0 events):
No events

Internal exceptions (20 events):
Event: 29.046 Thread 0x000002e4ef1b2fd0 Exception <a 'java/lang/NoSuchMethodError'{0x00000000a95d89f8}: static Lorg/jetbrains/kotlin/gradle/plugin/internal/DefaultMppTestReportHelperVariantFactory;.<clinit>()V> (0x00000000a95d89f8) 
thrown [s\src\hotspot\share\prims\jni.cpp, line 1112]
Event: 29.052 Thread 0x000002e4ef1b2fd0 Exception <a 'java/lang/NoSuchMethodError'{0x00000000a95ff6e8}: static Lorg/jetbrains/kotlin/gradle/plugin/internal/DefaultConfigurationCacheStartParameterAccessorVariantFactory;.<clinit>()V> (0x00000000a95ff6e8) 
thrown [s\src\hotspot\share\prims\jni.cpp, line 1112]
Event: 29.055 Thread 0x000002e4ef1b2fd0 Exception <a 'java/lang/NoSuchMethodError'{0x00000000a9420cf8}: static Lorg/jetbrains/kotlin/gradle/plugin/internal/MavenPluginConfigurator$DefaultMavenPluginConfiguratorVariantFactory;.<clinit>()V> (0x00000000a9420cf8) 
thrown [s\src\hotspot\share\prims\jni.cpp, line 1112]
Event: 29.056 Thread 0x000002e4ef1b2fd0 Exception <a 'java/lang/NoSuchMethodError'{0x00000000a94405b0}: static Lorg/jetbrains/kotlin/gradle/targets/js/nodejs/DefaultUnameExecutorVariantFactory;.<clinit>()V> (0x00000000a94405b0) 
thrown [s\src\hotspot\share\prims\jni.cpp, line 1112]
Event: 29.059 Thread 0x000002e4ef1b2fd0 Exception <a 'java/lang/NoSuchMethodError'{0x00000000a9460b18}: static Lorg/jetbrains/kotlin/gradle/plugin/internal/DefaultBasePluginConfigurationVariantFactory;.<clinit>()V> (0x00000000a9460b18) 
thrown [s\src\hotspot\share\prims\jni.cpp, line 1112]
Event: 29.089 Thread 0x000002e4ef1b2fd0 Implicit null exception at 0x000002e4cd9100d4 to 0x000002e4cd910284
Event: 29.942 Thread 0x000002e4ef1b2fd0 Exception <a 'java/lang/ClassNotFoundException'{0x00000000a93c6890}: org/jetbrains/kotlin/gradle/targets/js/npm/DefaultNpmDependencyExtensionBeanInfo> (0x00000000a93c6890) 
thrown [s\src\hotspot\share\classfile\systemDictionary.cpp, line 256]
Event: 29.943 Thread 0x000002e4ef1b2fd0 Exception <a 'java/lang/ClassNotFoundException'{0x00000000a93d20d0}: org/jetbrains/kotlin/gradle/targets/js/npm/DefaultNpmDependencyExtensionCustomizer> (0x00000000a93d20d0) 
thrown [s\src\hotspot\share\classfile\systemDictionary.cpp, line 256]
Event: 29.953 Thread 0x000002e4ef1b2fd0 Exception <a 'java/lang/ClassNotFoundException'{0x00000000a9259748}: org/jetbrains/kotlin/gradle/targets/js/npm/NpmDependencyExtensionKt$defaultNpmDependencyDelegate$1BeanInfo> (0x00000000a9259748) 
thrown [s\src\hotspot\share\classfile\systemDictionary.cpp, line 256]
Event: 29.954 Thread 0x000002e4ef1b2fd0 Exception <a 'java/lang/ClassNotFoundException'{0x00000000a9265a70}: org/jetbrains/kotlin/gradle/targets/js/npm/NpmDependencyExtensionDelegateBeanInfo> (0x00000000a9265a70) 
thrown [s\src\hotspot\share\classfile\systemDictionary.cpp, line 256]
Event: 29.955 Thread 0x000002e4ef1b2fd0 Exception <a 'java/lang/ClassNotFoundException'{0x00000000a9271ab8}: org/jetbrains/kotlin/gradle/targets/js/npm/NpmDependencyExtensionDelegateCustomizer> (0x00000000a9271ab8) 
thrown [s\src\hotspot\share\classfile\systemDictionary.cpp, line 256]
Event: 29.957 Thread 0x000002e4ef1b2fd0 Exception <a 'java/lang/ClassNotFoundException'{0x00000000a92a7c10}: org/jetbrains/kotlin/gradle/targets/js/npm/NpmDependencyExtensionKt$defaultNpmDependencyDelegate$1Customizer> (0x00000000a92a7c10) 
thrown [s\src\hotspot\share\classfile\systemDictionary.cpp, line 256]
Event: 29.960 Thread 0x000002e4ef1b2fd0 Exception <a 'java/lang/ClassNotFoundException'{0x00000000a92e3fc8}: org/jetbrains/kotlin/gradle/targets/js/npm/DefaultDevNpmDependencyExtensionBeanInfo> (0x00000000a92e3fc8) 
thrown [s\src\hotspot\share\classfile\systemDictionary.cpp, line 256]
Event: 29.961 Thread 0x000002e4ef1b2fd0 Exception <a 'java/lang/ClassNotFoundException'{0x00000000a92ef818}: org/jetbrains/kotlin/gradle/targets/js/npm/DefaultDevNpmDependencyExtensionCustomizer> (0x00000000a92ef818) 
thrown [s\src\hotspot\share\classfile\systemDictionary.cpp, line 256]
Event: 29.965 Thread 0x000002e4ef1b2fd0 Exception <a 'java/lang/ClassNotFoundException'{0x00000000a9137d38}: org/jetbrains/kotlin/gradle/targets/js/npm/DefaultPeerNpmDependencyExtensionBeanInfo> (0x00000000a9137d38) 
thrown [s\src\hotspot\share\classfile\systemDictionary.cpp, line 256]
Event: 29.966 Thread 0x000002e4ef1b2fd0 Exception <a 'java/lang/ClassNotFoundException'{0x00000000a91435b0}: org/jetbrains/kotlin/gradle/targets/js/npm/DefaultPeerNpmDependencyExtensionCustomizer> (0x00000000a91435b0) 
thrown [s\src\hotspot\share\classfile\systemDictionary.cpp, line 256]
Event: 29.969 Thread 0x000002e4ef1b2fd0 Exception <a 'java/lang/ClassNotFoundException'{0x00000000a9194d48}: org/jetbrains/kotlin/gradle/targets/js/npm/DefaultPeerNpmDependencyExtension$delegate$1BeanInfo> (0x00000000a9194d48) 
thrown [s\src\hotspot\share\classfile\systemDictionary.cpp, line 256]
Event: 29.970 Thread 0x000002e4ef1b2fd0 Exception <a 'java/lang/ClassNotFoundException'{0x00000000a91a0818}: org/jetbrains/kotlin/gradle/targets/js/npm/DefaultPeerNpmDependencyExtension$delegate$1Customizer> (0x00000000a91a0818) 
thrown [s\src\hotspot\share\classfile\systemDictionary.cpp, line 256]
Event: 29.983 Thread 0x000002e4ef1b2fd0 Exception <a 'java/lang/NoSuchMethodError'{0x00000000a9036128}: static Lorg/jetbrains/kotlin/gradle/plugin/internal/DefaultIdeaSyncDetector$createIdeaPropertiesEvaluator$1;.<clinit>()V> (0x00000000a9036128) 
thrown [s\src\hotspot\share\prims\jni.cpp, line 1112]
Event: 30.077 Thread 0x000002e4ef1b2fd0 Exception <a 'java/lang/ClassNotFoundException'{0x00000000a8c96658}: org/gradle/api/internal/plugins/NaggingBasePluginConventionBeanInfo> (0x00000000a8c96658) 
thrown [s\src\hotspot\share\classfile\systemDictionary.cpp, line 256]

VM Operations (20 events):
Event: 27.006 Executing VM operation: G1CollectForAllocation
Event: 27.010 Executing VM operation: G1CollectForAllocation done
Event: 27.070 Executing VM operation: HandshakeAllThreads
Event: 27.070 Executing VM operation: HandshakeAllThreads done
Event: 27.157 Executing VM operation: HandshakeAllThreads
Event: 27.157 Executing VM operation: HandshakeAllThreads done
Event: 27.159 Executing VM operation: HandshakeAllThreads
Event: 27.159 Executing VM operation: HandshakeAllThreads done
Event: 27.545 Executing VM operation: G1CollectForAllocation
Event: 27.550 Executing VM operation: G1CollectForAllocation done
Event: 28.012 Executing VM operation: G1CollectForAllocation
Event: 28.016 Executing VM operation: G1CollectForAllocation done
Event: 28.506 Executing VM operation: G1CollectForAllocation
Event: 28.509 Executing VM operation: G1CollectForAllocation done
Event: 28.995 Executing VM operation: G1CollectForAllocation
Event: 28.999 Executing VM operation: G1CollectForAllocation done
Event: 29.526 Executing VM operation: G1CollectForAllocation
Event: 29.531 Executing VM operation: G1CollectForAllocation done
Event: 29.847 Executing VM operation: G1CollectForAllocation
Event: 29.851 Executing VM operation: G1CollectForAllocation done

Memory protections (0 events):
No events

Nmethod flushes (20 events):
Event: 25.390 Thread 0x000002e4db173fa0 flushing  nmethod 0x000002e4c685ba10
Event: 25.390 Thread 0x000002e4db173fa0 flushing  nmethod 0x000002e4c6875a90
Event: 25.390 Thread 0x000002e4db173fa0 flushing  nmethod 0x000002e4c687b690
Event: 25.390 Thread 0x000002e4db173fa0 flushing  nmethod 0x000002e4c687c690
Event: 25.390 Thread 0x000002e4db173fa0 flushing  nmethod 0x000002e4c687ca10
Event: 25.390 Thread 0x000002e4db173fa0 flushing  nmethod 0x000002e4c6881e10
Event: 25.390 Thread 0x000002e4db173fa0 flushing  nmethod 0x000002e4c6884b90
Event: 25.390 Thread 0x000002e4db173fa0 flushing  nmethod 0x000002e4c6886090
Event: 25.390 Thread 0x000002e4db173fa0 flushing  nmethod 0x000002e4c6888c10
Event: 25.390 Thread 0x000002e4db173fa0 flushing  nmethod 0x000002e4c688af10
Event: 25.390 Thread 0x000002e4db173fa0 flushing  nmethod 0x000002e4c689ee10
Event: 25.391 Thread 0x000002e4db173fa0 flushing  nmethod 0x000002e4c68b4110
Event: 25.391 Thread 0x000002e4db173fa0 flushing  nmethod 0x000002e4c68f1310
Event: 25.392 Thread 0x000002e4db173fa0 flushing  nmethod 0x000002e4c69aaa10
Event: 25.393 Thread 0x000002e4db173fa0 flushing  nmethod 0x000002e4c6a1b310
Event: 25.393 Thread 0x000002e4db173fa0 flushing  nmethod 0x000002e4c6a1b690
Event: 25.393 Thread 0x000002e4db173fa0 flushing  nmethod 0x000002e4c6acb990
Event: 25.393 Thread 0x000002e4db173fa0 flushing  nmethod 0x000002e4c6b07710
Event: 25.394 Thread 0x000002e4db173fa0 flushing  nmethod 0x000002e4c6b8cd90
Event: 25.394 Thread 0x000002e4db173fa0 flushing  nmethod 0x000002e4c6b8d110

Events (20 events):
Event: 18.295 Thread 0x000002e4eea36e80 Thread exited: 0x000002e4eea36e80
Event: 18.328 Thread 0x000002e4f3fa5d00 Thread exited: 0x000002e4f3fa5d00
Event: 18.351 Thread 0x000002e4db118ab0 Thread added: 0x000002e4f3fa5d00
Event: 18.577 Thread 0x000002e4ef1b2fd0 Thread added: 0x000002e4ee0f0780
Event: 18.735 Thread 0x000002e4ef1b2fd0 Thread added: 0x000002e4ee0f11a0
Event: 19.039 Thread 0x000002e4f3fa5d00 Thread exited: 0x000002e4f3fa5d00
Event: 19.911 Thread 0x000002e4ef1b2fd0 Thread added: 0x000002e4ee0edf00
Event: 22.576 Thread 0x000002e4db118ab0 Thread added: 0x000002e4f17f9980
Event: 24.689 Thread 0x000002e4f17f9980 Thread exited: 0x000002e4f17f9980
Event: 24.798 Thread 0x000002e4ef1b2fd0 Thread added: 0x000002e4ee0f3000
Event: 25.023 Thread 0x000002e4ef1b2fd0 Thread added: 0x000002e4f1503850
Event: 25.040 Thread 0x000002e4ef1b2fd0 Thread added: 0x000002e4f1501f00
Event: 25.409 Thread 0x000002e4ef1b2fd0 Thread added: 0x000002e4f15019f0
Event: 25.476 Thread 0x000002e4db118ab0 Thread added: 0x000002e4f124af30
Event: 25.673 Thread 0x000002e4f124af30 Thread exited: 0x000002e4f124af30
Event: 27.053 Thread 0x000002e4db118ab0 Thread added: 0x000002e4f3530510
Event: 27.841 Thread 0x000002e4db118ab0 Thread added: 0x000002e4f352ea80
Event: 29.077 Thread 0x000002e4ef1b2fd0 Thread added: 0x000002e4f15014e0
Event: 29.648 Thread 0x000002e4f352ea80 Thread exited: 0x000002e4f352ea80
Event: 29.648 Thread 0x000002e4f3530510 Thread exited: 0x000002e4f3530510


Dynamic libraries:
0x00007ff6972c0000 - 0x00007ff6972ce000 	E:\JAVA\bin\java.exe
0x00007ffad2460000 - 0x00007ffad26c6000 	C:\WINDOWS\SYSTEM32\ntdll.dll
0x00007ffad12a0000 - 0x00007ffad1369000 	C:\WINDOWS\System32\KERNEL32.DLL
0x00007ffacfdd0000 - 0x00007ffad01ca000 	C:\WINDOWS\System32\KERNELBASE.dll
0x00007ffacfc80000 - 0x00007ffacfdcc000 	C:\WINDOWS\System32\ucrtbase.dll
0x00007ffab9050000 - 0x00007ffab9068000 	E:\JAVA\bin\jli.dll
0x00007ffaaf7e0000 - 0x00007ffaaf7fe000 	E:\JAVA\bin\VCRUNTIME140.dll
0x00007ffad2250000 - 0x00007ffad2417000 	C:\WINDOWS\System32\USER32.dll
0x00007ffaba700000 - 0x00007ffaba992000 	C:\WINDOWS\WinSxS\amd64_microsoft.windows.common-controls_6595b64144ccf1df_6.0.26100.8521_none_3e08b75ce33403b3\COMCTL32.dll
0x00007ffacf910000 - 0x00007ffacf937000 	C:\WINDOWS\System32\win32u.dll
0x00007ffad1820000 - 0x00007ffad18c9000 	C:\WINDOWS\System32\msvcrt.dll
0x00007ffad18d0000 - 0x00007ffad18fb000 	C:\WINDOWS\System32\GDI32.dll
0x00007ffacfac0000 - 0x00007ffacfbeb000 	C:\WINDOWS\System32\gdi32full.dll
0x00007ffacf7b0000 - 0x00007ffacf853000 	C:\WINDOWS\System32\msvcp_win.dll
0x00007ffad01d0000 - 0x00007ffad0202000 	C:\WINDOWS\System32\IMM32.DLL
0x00007ffabdba0000 - 0x00007ffabdbac000 	E:\JAVA\bin\vcruntime140_1.dll
0x00007ffa6fc50000 - 0x00007ffa6fcdd000 	E:\JAVA\bin\msvcp140.dll
0x00007ffa547d0000 - 0x00007ffa5543b000 	E:\JAVA\bin\server\jvm.dll
0x00007ffad0e60000 - 0x00007ffad0f16000 	C:\WINDOWS\System32\ADVAPI32.dll
0x00007ffad1900000 - 0x00007ffad19aa000 	C:\WINDOWS\System32\sechost.dll
0x00007ffad1700000 - 0x00007ffad1818000 	C:\WINDOWS\System32\RPCRT4.dll
0x00007ffad1a20000 - 0x00007ffad1aa0000 	C:\WINDOWS\System32\WS2_32.dll
0x00007ffacf550000 - 0x00007ffacf5ae000 	C:\WINDOWS\SYSTEM32\POWRPROF.dll
0x00007ffaba9a0000 - 0x00007ffaba9d6000 	C:\WINDOWS\SYSTEM32\WINMM.dll
0x00007ffabefa0000 - 0x00007ffabefab000 	C:\WINDOWS\SYSTEM32\VERSION.dll
0x00007ffacf530000 - 0x00007ffacf544000 	C:\WINDOWS\SYSTEM32\UMPDC.dll
0x00007fface440000 - 0x00007fface45b000 	C:\WINDOWS\SYSTEM32\kernel.appcore.dll
0x00007ffabdb10000 - 0x00007ffabdb1a000 	E:\JAVA\bin\jimage.dll
0x00007ffacce70000 - 0x00007ffacd0b2000 	C:\WINDOWS\SYSTEM32\DBGHELP.DLL
0x00007ffad0ad0000 - 0x00007ffad0e53000 	C:\WINDOWS\System32\combase.dll
0x00007ffad0fb0000 - 0x00007ffad1089000 	C:\WINDOWS\System32\OLEAUT32.dll
0x00007ffabb1d0000 - 0x00007ffabb20b000 	C:\WINDOWS\SYSTEM32\dbgcore.DLL
0x00007ffacf860000 - 0x00007ffacf908000 	C:\WINDOWS\System32\bcryptPrimitives.dll
0x00007ffabd830000 - 0x00007ffabd83e000 	E:\JAVA\bin\instrument.dll
0x00007ffaa66f0000 - 0x00007ffaa6715000 	E:\JAVA\bin\java.dll
0x00007ffa66e60000 - 0x00007ffa66f37000 	E:\JAVA\bin\jsvml.dll
0x00007ffad1ab0000 - 0x00007ffad2234000 	C:\WINDOWS\System32\SHELL32.dll
0x00007ffacd270000 - 0x00007ffacdaf0000 	C:\WINDOWS\SYSTEM32\windows.storage.dll
0x00007ffad0850000 - 0x00007ffad0946000 	C:\WINDOWS\System32\SHCORE.dll
0x00007ffad0720000 - 0x00007ffad0787000 	C:\WINDOWS\System32\shlwapi.dll
0x00007ffacf610000 - 0x00007ffacf639000 	C:\WINDOWS\SYSTEM32\profapi.dll
0x00007ffaa8ed0000 - 0x00007ffaa8ee8000 	E:\JAVA\bin\zip.dll
0x00007ffaac140000 - 0x00007ffaac15a000 	E:\JAVA\bin\net.dll
0x00007ffabfa20000 - 0x00007ffabfb49000 	C:\WINDOWS\SYSTEM32\WINHTTP.dll
0x00007fface990000 - 0x00007fface9fc000 	C:\WINDOWS\system32\mswsock.dll
0x00007ffaaa3c0000 - 0x00007ffaaa3d6000 	E:\JAVA\bin\nio.dll
0x00007ffabb4b0000 - 0x00007ffabb4c0000 	E:\JAVA\bin\verify.dll
0x00007ffab8d90000 - 0x00007ffab8db7000 	E:\gradle\native\c067742578af261105cb4f569cf0c3c89f3d7b1fecec35dd04571415982c5e48\windows-amd64\native-platform.dll
0x00007ffa94dc0000 - 0x00007ffa94f04000 	E:\gradle\native\100fb08df4bc3b14c8652ba06237920a3bd2aa13389f12d3474272988ae205f9\windows-amd64\native-platform-file-events.dll
0x00007ffabda90000 - 0x00007ffabda9a000 	E:\JAVA\bin\management.dll
0x00007ffabd970000 - 0x00007ffabd97c000 	E:\JAVA\bin\management_ext.dll
0x00007ffad2240000 - 0x00007ffad2248000 	C:\WINDOWS\System32\PSAPI.DLL
0x00007ffaced90000 - 0x00007ffacedab000 	C:\WINDOWS\SYSTEM32\CRYPTSP.dll
0x00007fface3a0000 - 0x00007fface3d9000 	C:\WINDOWS\system32\rsaenh.dll
0x00007ffacea40000 - 0x00007ffacea73000 	C:\WINDOWS\SYSTEM32\USERENV.dll
0x00007ffacf5e0000 - 0x00007ffacf60a000 	C:\WINDOWS\SYSTEM32\bcrypt.dll
0x00007ffacebf0000 - 0x00007ffacebfc000 	C:\WINDOWS\SYSTEM32\CRYPTBASE.dll
0x00007ffacde20000 - 0x00007ffacde53000 	C:\WINDOWS\SYSTEM32\IPHLPAPI.DLL
0x00007ffad19b0000 - 0x00007ffad19ba000 	C:\WINDOWS\System32\NSI.dll
0x00007ffac44d0000 - 0x00007ffac44ed000 	C:\WINDOWS\SYSTEM32\dhcpcsvc6.DLL
0x00007ffac44a0000 - 0x00007ffac44c5000 	C:\WINDOWS\SYSTEM32\dhcpcsvc.DLL
0x00007ffacdeb0000 - 0x00007ffacdffa000 	C:\WINDOWS\SYSTEM32\DNSAPI.dll
0x00007fface7d0000 - 0x00007fface7dd000 	C:\WINDOWS\SYSTEM32\DSPARSE.dll
0x00007ffabd7f0000 - 0x00007ffabd7f9000 	E:\JAVA\bin\extnet.dll
0x00007ffabdaa0000 - 0x00007ffabdaae000 	E:\JAVA\bin\sunmscapi.dll
0x00007ffacf940000 - 0x00007ffacfab8000 	C:\WINDOWS\System32\CRYPT32.dll
0x00007ffaceef0000 - 0x00007ffacef20000 	C:\WINDOWS\SYSTEM32\ncrypt.dll
0x00007ffaceea0000 - 0x00007ffaceedf000 	C:\WINDOWS\SYSTEM32\NTASN1.dll
0x00007ffab7250000 - 0x00007ffab7258000 	C:\WINDOWS\system32\wshunix.dll
0x00007ffabe350000 - 0x00007ffabe368000 	C:\WINDOWS\system32\napinsp.dll
0x00007ffabe310000 - 0x00007ffabe323000 	C:\WINDOWS\System32\winrnr.dll
0x00007ffa69ff0000 - 0x00007ffa6a012000 	C:\WINDOWS\system32\nlansp_c.dll
0x00007ffabd6b0000 - 0x00007ffabd6c6000 	C:\WINDOWS\system32\wshbth.dll
0x00007ffac0c80000 - 0x00007ffac0c8b000 	C:\Windows\System32\rasadhlp.dll
0x00007ffac5520000 - 0x00007ffac55a6000 	C:\WINDOWS\System32\fwpuclnt.dll

dbghelp: loaded successfully - version: 4.0.5 - missing functions: none
symbol engine: initialized successfully - sym options: 0x614 - pdb path: .;E:\JAVA\bin;C:\WINDOWS\SYSTEM32;C:\WINDOWS\WinSxS\amd64_microsoft.windows.common-controls_6595b64144ccf1df_6.0.26100.8521_none_3e08b75ce33403b3;E:\JAVA\bin\server;E:\gradle\native\c067742578af261105cb4f569cf0c3c89f3d7b1fecec35dd04571415982c5e48\windows-amd64;E:\gradle\native\100fb08df4bc3b14c8652ba06237920a3bd2aa13389f12d3474272988ae205f9\windows-amd64

VM Arguments:
jvm_args: --add-opens=java.base/java.lang=ALL-UNNAMED --add-opens=java.base/java.lang.invoke=ALL-UNNAMED --add-opens=java.base/java.util=ALL-UNNAMED --add-opens=java.prefs/java.util.prefs=ALL-UNNAMED --add-exports=jdk.compiler/com.sun.tools.javac.api=ALL-UNNAMED --add-exports=jdk.compiler/com.sun.tools.javac.util=ALL-UNNAMED --add-opens=java.base/java.util=ALL-UNNAMED --add-opens=java.prefs/java.util.prefs=ALL-UNNAMED --add-opens=java.base/java.nio.charset=ALL-UNNAMED --add-opens=java.base/java.net=ALL-UNNAMED --add-opens=java.base/java.util.concurrent.atomic=ALL-UNNAMED --add-opens=java.xml/javax.xml.namespace=ALL-UNNAMED -XX:MaxMetaspaceSize=256m -Xmx1536m -Dfile.encoding=UTF-8 -Duser.country=US -Duser.language=en -Duser.variant -javaagent:E:\gradle\wrapper\dists\gradle-8.11.1-all\2qik7nd48slq1ooc2496ixf4i\gradle-8.11.1\lib\agents\gradle-instrumentation-agent-8.11.1.jar 
java_command: org.gradle.launcher.daemon.bootstrap.GradleDaemon 8.11.1
java_class_path (initial): E:\gradle\wrapper\dists\gradle-8.11.1-all\2qik7nd48slq1ooc2496ixf4i\gradle-8.11.1\lib\gradle-daemon-main-8.11.1.jar
Launcher Type: SUN_STANDARD

[Global flags]
     intx CICompilerCount                          = 4                                         {product} {ergonomic}
   size_t CompressedClassSpaceSize                 = 218103808                                 {product} {ergonomic}
     uint ConcGCThreads                            = 2                                         {product} {ergonomic}
     uint G1ConcRefinementThreads                  = 8                                         {product} {ergonomic}
   size_t G1HeapRegionSize                         = 1048576                                   {product} {ergonomic}
    uintx GCDrainStackTargetSize                   = 64                                        {product} {ergonomic}
   size_t InitialHeapSize                          = 264241152                                 {product} {ergonomic}
   size_t MarkStackSize                            = 4194304                                   {product} {ergonomic}
   size_t MaxHeapSize                              = 1610612736                                {product} {command line}
   size_t MaxMetaspaceSize                         = 268435456                                 {product} {command line}
   size_t MaxNewSize                               = 965738496                                 {product} {ergonomic}
   size_t MinHeapDeltaBytes                        = 1048576                                   {product} {ergonomic}
   size_t MinHeapSize                              = 8388608                                   {product} {ergonomic}
    uintx NonNMethodCodeHeapSize                   = 5839372                                {pd product} {ergonomic}
    uintx NonProfiledCodeHeapSize                  = 122909434                              {pd product} {ergonomic}
    uintx ProfiledCodeHeapSize                     = 122909434                              {pd product} {ergonomic}
    uintx ReservedCodeCacheSize                    = 251658240                              {pd product} {ergonomic}
     bool SegmentedCodeCache                       = true                                      {product} {ergonomic}
   size_t SoftMaxHeapSize                          = 1610612736                             {manageable} {ergonomic}
     bool UseCompressedClassPointers               = true                           {product lp64_product} {ergonomic}
     bool UseCompressedOops                        = true                           {product lp64_product} {ergonomic}
     bool UseG1GC                                  = true                                      {product} {ergonomic}
     bool UseLargePagesIndividualAllocation        = false                                  {pd product} {ergonomic}

Logging:
Log output configuration:
 #0: stdout all=warning uptime,level,tags
 #1: stderr all=off uptime,level,tags

Environment Variables:
JAVA_HOME=E:\JAVA
CLASSPATH=E:\voice_test\android\\gradle\wrapper\gradle-wrapper.jar
PATH=E:\JAVA\bin;C:\Program Files\Common Files\Oracle\Java\javapath;C:\WINDOWS\system32;C:\WINDOWS;C:\WINDOWS\System32\Wbem;C:\WINDOWS\System32\WindowsPowerShell\v1.0\;C:\WINDOWS\System32\OpenSSH\;C:\Program Files\Git\cmd;C:\Program Files\Microsoft SQL Server\170\Tools\Binn\;C:\Program Files\Microsoft SQL Server\Client SDK\ODBC\170\Tools\Binn\;C:\Program Files\Microsoft SQL Server\170\DTS\Binn\;C:\Program Files\dotnet\;D:\Basira\;C:\ProgramData\chocolatey\bin;E:\JAVA\bin;E:\DOWNLOAD\New folder (2)\bin;C:\Program Files\Common Files\Oracle\Java\javapath;C:\WINDOWS\system32;C:\WINDOWS;C:\WINDOWS\System32\Wbem;C:\WINDOWS\System32\WindowsPowerShell\v1.0\;C:\WINDOWS\System32\OpenSSH\;C:\Program Files\Git\cmd;C:\Program Files\Microsoft SQL Server\170\Tools\Binn\;C:\Program Files\Microsoft SQL Server\Client SDK\ODBC\170\Tools\Binn\;C:\Program Files\Microsoft SQL Server\170\DTS\Binn\;C:\Program Files\dotnet\;D:\Basira\;C:\ProgramData\chocolatey\bin;C:\WINDOWS\system32;C:\WINDOWS;C:\WINDOWS\System32\Wbem;C:\WINDOWS\System32\WindowsPowerShell\v1.0\;C:\WINDOWS\System32\OpenSSH\;C:\Program Files\Git\cmd;C:\Program Files\Microsoft SQL Server\170\Tools\Binn\;C:\Program Files\Microsoft SQL Server\Client SDK\ODBC\170\Tools\Binn\;C:\Program Files\Microsoft SQL Server\170\DTS\Binn\;C:\Program Files\dotnet\;D:\Basira\;C:\ProgramData\chocolatey\bin;C:\Users\DELL\AppData\Local\Programs\Python\Python310\Scripts\;C:\Users\DELL\AppData\Local\Programs\Python\Python310\;C:\Users\DELL\AppData\Local\Prog;E:\flutter\bin;D:\download\Antigravity\bin;;c:\Users\DELL\.antigravity\extensions\ms-python.debugpy-2026.6.0-win32-x64\bundled\scripts\noConfigScripts;E:\flutter\bin\mingit\cmd
USERNAME=DELL
LANG=en_US.UTF-8
OS=Windows_NT
PROCESSOR_IDENTIFIER=Intel64 Family 6 Model 142 Stepping 12, GenuineIntel
TMP=C:\Users\DELL\AppData\Local\Temp
TEMP=C:\Users\DELL\AppData\Local\Temp



Periodic native trim disabled


---------------  S Y S T E M  ---------------

OS:
 Windows 11 , 64 bit Build 26100 (10.0.26100.8521)
OS uptime: 1 days 8:41 hours
Hyper-V role detected

CPU: total 8 (initial active 8) (4 cores per cpu, 2 threads per core) family 6 model 142 stepping 12 microcode 0xf8, cx8, cmov, fxsr, ht, mmx, 3dnowpref, sse, sse2, sse3, ssse3, sse4.1, sse4.2, popcnt, lzcnt, tsc, tscinvbit, avx, avx2, aes, erms, clmul, bmi1, bmi2, adx, fma, vzeroupper, clflush, clflushopt, hv
Processor Information for all 8 processors :
  Max Mhz: 2304, Current Mhz: 1803, Mhz Limit: 1797

Memory: 4k page, system-wide physical 16043M (2850M free)
TotalPageFile size 19538M (AvailPageFile size 3M)
current process WorkingSet (physical memory assigned to process): 402M, peak: 406M
current process commit charge ("private bytes"): 437M, peak: 448M

vm_info: OpenJDK 64-Bit Server VM (17.0.18+8) for windows-amd64 JRE (17.0.18+8), built on Jan 20 2026 22:28:22 by "admin" with MS VC++ 17.12 (VS2022)

END.
