#
# There is insufficient memory for the Java Runtime Environment to continue.
# Native memory allocation (malloc) failed to allocate 32744 bytes. Error detail: ChunkPool::allocate
# Possible reasons:
#   The system is out of physical RAM or swap space
#   This process is running with CompressedOops enabled, and the Java Heap may be blocking the growth of the native heap
# Possible solutions:
#   Reduce memory load on the system
#   Increase physical memory or swap space
#   Check if swap backing store is full
#   Decrease Java heap size (-Xmx/-Xms)
#   Decrease number of Java threads
#   Decrease Java thread stack sizes (-Xss)
#   Set larger code cache with -XX:ReservedCodeCacheSize=
#   JVM is running with Zero Based Compressed Oops mode in which the Java heap is
#     placed in the first 32GB address space. The Java Heap base address is the
#     maximum limit for the native heap growth. Please use -XX:HeapBaseMinAddress
#     to set the Java Heap base and to place the Java Heap above 32GB virtual address.
# This output file may be truncated or incomplete.
#
#  Out of Memory Error (arena.cpp:79), pid=17224, tid=1088
#
# JRE version: OpenJDK Runtime Environment Temurin-17.0.18+8 (17.0.18+8) (build 17.0.18+8)
# Java VM: OpenJDK 64-Bit Server VM Temurin-17.0.18+8 (17.0.18+8, mixed mode, sharing, tiered, compressed oops, compressed class ptrs, g1 gc, windows-amd64)
# No core dump will be written. Minidumps are not enabled by default on client versions of Windows
#

---------------  S U M M A R Y ------------

Command Line: -Dorg.gradle.appname=gradlew org.gradle.wrapper.GradleWrapperMain -q -Ptarget-platform=android-arm,android-arm64,android-x64 -Ptarget=lib\main.dart -Pbase-application-name=android.app.Application -Pdart-defines=RkxVVFRFUl9WRVJTSU9OPTMuNDEuOQ==,RkxVVFRFUl9DSEFOTkVMPXN0YWJsZQ==,RkxVVFRFUl9HSVRfVVJMPWh0dHBzOi8vZ2l0aHViLmNvbS9mbHV0dGVyL2ZsdXR0ZXIuZ2l0,RkxVVFRFUl9GUkFNRVdPUktfUkVWSVNJT049MDBiMGM5MWYwNg==,RkxVVFRFUl9FTkdJTkVfUkVWSVNJT049NDJkM2Q3NWE1Ng==,RkxVVFRFUl9EQVJUX1ZFUlNJT049My4xMS41 -Pdart-obfuscation=false -Ptrack-widget-creation=true -Ptree-shake-icons=true assembleRelease

Host: Intel(R) Core(TM) i7-10610U CPU @ 1.80GHz, 8 cores, 15G,  Windows 11 , 64 bit Build 26100 (10.0.26100.8521)
Time: Wed Jun 10 18:36:11 2026 Egypt Daylight Time elapsed time: 48.569811 seconds (0d 0h 0m 48s)

---------------  T H R E A D  ---------------

Current thread (0x000001f493020e10):  JavaThread "C2 CompilerThread0" daemon [_thread_in_native, id=1088, stack(0x0000004568300000,0x0000004568400000)]


Current CompileTask:
C2:48569 1738   !   4       java.util.concurrent.ConcurrentHashMap::transfer (849 bytes)

Stack: [0x0000004568300000,0x0000004568400000]
Native frames: (J=compiled Java code, j=interpreted, Vv=VM code, C=native code)
V  [jvm.dll+0x6846f9]
V  [jvm.dll+0x839ea5]
V  [jvm.dll+0x83b91e]
V  [jvm.dll+0x83bfa3]
V  [jvm.dll+0x248eff]
V  [jvm.dll+0xad69e]
V  [jvm.dll+0xadb3c]
V  [jvm.dll+0x60fd90]
V  [jvm.dll+0x60ff29]
V  [jvm.dll+0x6157de]
V  [jvm.dll+0x6166d6]
V  [jvm.dll+0x614b9e]
V  [jvm.dll+0x219c30]
V  [jvm.dll+0x219200]
V  [jvm.dll+0x1a4920]
V  [jvm.dll+0x22989a]
V  [jvm.dll+0x227a4b]
V  [jvm.dll+0x7f0658]
V  [jvm.dll+0x7eaaec]
V  [jvm.dll+0x6835c7]
C  [ucrtbase.dll+0x2cd30]
C  [KERNEL32.DLL+0x2e957]
C  [ntdll.dll+0x87c1c]


---------------  P R O C E S S  ---------------

Threads class SMR info:
_java_thread_list=0x000001f49493b750, length=13, elements={
0x000001f42aeecf30, 0x000001f493003b40, 0x000001f493004410, 0x000001f493015d70,
0x000001f493016640, 0x000001f493017520, 0x000001f493017df0, 0x000001f493020e10,
0x000001f493024740, 0x000001f493031860, 0x000001f493191730, 0x000001f49319a4b0,
0x000001f494015bb0
}

Java Threads: ( => current thread )
  0x000001f42aeecf30 JavaThread "main" [_thread_in_Java, id=18756, stack(0x0000004567600000,0x0000004567700000)]
  0x000001f493003b40 JavaThread "Reference Handler" daemon [_thread_blocked, id=9992, stack(0x0000004567d00000,0x0000004567e00000)]
  0x000001f493004410 JavaThread "Finalizer" daemon [_thread_blocked, id=18556, stack(0x0000004567e00000,0x0000004567f00000)]
  0x000001f493015d70 JavaThread "Signal Dispatcher" daemon [_thread_blocked, id=19148, stack(0x0000004567f00000,0x0000004568000000)]
  0x000001f493016640 JavaThread "Attach Listener" daemon [_thread_blocked, id=2988, stack(0x0000004568000000,0x0000004568100000)]
  0x000001f493017520 JavaThread "Service Thread" daemon [_thread_blocked, id=19244, stack(0x0000004568100000,0x0000004568200000)]
  0x000001f493017df0 JavaThread "Monitor Deflation Thread" daemon [_thread_blocked, id=13684, stack(0x0000004568200000,0x0000004568300000)]
=>0x000001f493020e10 JavaThread "C2 CompilerThread0" daemon [_thread_in_native, id=1088, stack(0x0000004568300000,0x0000004568400000)]
  0x000001f493024740 JavaThread "C1 CompilerThread0" daemon [_thread_in_native, id=19424, stack(0x0000004568400000,0x0000004568500000)]
  0x000001f493031860 JavaThread "Sweeper thread" daemon [_thread_blocked, id=11892, stack(0x0000004568500000,0x0000004568600000)]
  0x000001f493191730 JavaThread "Notification Thread" daemon [_thread_blocked, id=19172, stack(0x0000004568600000,0x0000004568700000)]
  0x000001f49319a4b0 JavaThread "Common-Cleaner" daemon [_thread_blocked, id=12000, stack(0x0000004568800000,0x0000004568900000)]
  0x000001f494015bb0 JavaThread "pool-1-thread-1" [_thread_blocked, id=20136, stack(0x0000004569000000,0x0000004569100000)]

Other Threads:
  0x000001f44ddc76c0 VMThread "VM Thread" [stack: 0x0000004567c00000,0x0000004567d00000] [id=16088]
  0x000001f493198050 WatcherThread [stack: 0x0000004568700000,0x0000004568800000] [id=10320]
  0x000001f42af57e00 GCTaskThread "GC Thread#0" [stack: 0x0000004567700000,0x0000004567800000] [id=19388]
  0x000001f493489ab0 GCTaskThread "GC Thread#1" [stack: 0x0000004568b00000,0x0000004568c00000] [id=2156]
  0x000001f49381b570 GCTaskThread "GC Thread#2" [stack: 0x0000004568c00000,0x0000004568d00000] [id=17328]
  0x000001f4933d03e0 GCTaskThread "GC Thread#3" [stack: 0x0000004568d00000,0x0000004568e00000] [id=3564]
  0x000001f493754900 GCTaskThread "GC Thread#4" [stack: 0x0000004568e00000,0x0000004568f00000] [id=19280]
  0x000001f4933aa5a0 GCTaskThread "GC Thread#5" [stack: 0x0000004568f00000,0x0000004569000000] [id=19272]
  0x000001f4941d55b0 GCTaskThread "GC Thread#6" [stack: 0x0000004569100000,0x0000004569200000] [id=4724]
  0x000001f42af68810 ConcurrentGCThread "G1 Main Marker" [stack: 0x0000004567800000,0x0000004567900000] [id=2900]
  0x000001f42af69f00 ConcurrentGCThread "G1 Conc#0" [stack: 0x0000004567900000,0x0000004567a00000] [id=7000]
  0x000001f44dc7fc60 ConcurrentGCThread "G1 Refine#0" [stack: 0x0000004567a00000,0x0000004567b00000] [id=6388]
  0x000001f4941d2e90 ConcurrentGCThread "G1 Refine#1" [stack: 0x0000004569200000,0x0000004569300000] [id=10476]
  0x000001f44dc83360 ConcurrentGCThread "G1 Service" [stack: 0x0000004567b00000,0x0000004567c00000] [id=20076]

Threads with active compile tasks:
C2 CompilerThread0  48601 1738   !   4       java.util.concurrent.ConcurrentHashMap::transfer (849 bytes)
C1 CompilerThread0  48601 1746       3       java.lang.invoke.MethodHandles$Lookup::checkSecurityManager (97 bytes)

VM state: not at safepoint (normal execution)

VM Mutex/Monitor currently owned by a thread: None

Heap address: 0x0000000705400000, size: 4012 MB, Compressed Oops mode: Zero based, Oop shift amount: 3

CDS archive(s) mapped at: [0x000001f44e000000-0x000001f44ebb0000-0x000001f44ebb0000), size 12255232, SharedBaseAddress: 0x000001f44e000000, ArchiveRelocationMode: 1.
Compressed class space mapped at: 0x000001f44f000000-0x000001f48f000000, reserved size: 1073741824
Narrow klass base: 0x000001f44e000000, Narrow klass shift: 0, Narrow klass range: 0x100000000

GC Precious Log:
 CPUs: 8 total, 8 available
 Memory: 16043M
 Large Page Support: Disabled
 NUMA Support: Disabled
 Compressed Oops: Enabled (Zero based)
 Heap Region Size: 2M
 Heap Min Capacity: 8M
 Heap Initial Capacity: 252M
 Heap Max Capacity: 4012M
 Pre-touch: Disabled
 Parallel Workers: 8
 Concurrent Workers: 2
 Concurrent Refinement Workers: 8
 Periodic GC: Disabled

Heap:
 garbage-first heap   total 258048K, used 16437K [0x0000000705400000, 0x0000000800000000)
  region size 2048K, 6 young (12288K), 3 survivors (6144K)
 Metaspace       used 10408K, committed 10624K, reserved 1114112K
  class space    used 1365K, committed 1472K, reserved 1048576K

Heap Regions: E=young(eden), S=young(survivor), O=old, HS=humongous(starts), HC=humongous(continues), CS=collection set, F=free, OA=open archive, CA=closed archive, TAMS=top-at-mark-start (previous, next)
|   0|0x0000000705400000, 0x0000000705600000, 0x0000000705600000|100%|HS|  |TAMS 0x0000000705400000, 0x0000000705400000| Complete 
|   1|0x0000000705600000, 0x0000000705800000, 0x0000000705800000|100%|HC|  |TAMS 0x0000000705600000, 0x0000000705600000| Complete 
|   2|0x0000000705800000, 0x0000000705a00000, 0x0000000705a00000|100%| O|  |TAMS 0x0000000705800000, 0x0000000705800000| Untracked 
|   3|0x0000000705a00000, 0x0000000705a0d600, 0x0000000705c00000|  2%| O|  |TAMS 0x0000000705a00000, 0x0000000705a00000| Untracked 
|   4|0x0000000705c00000, 0x0000000705c00000, 0x0000000705e00000|  0%| F|  |TAMS 0x0000000705c00000, 0x0000000705c00000| Untracked 
|   5|0x0000000705e00000, 0x0000000705e00000, 0x0000000706000000|  0%| F|  |TAMS 0x0000000705e00000, 0x0000000705e00000| Untracked 
|   6|0x0000000706000000, 0x0000000706000000, 0x0000000706200000|  0%| F|  |TAMS 0x0000000706000000, 0x0000000706000000| Untracked 
|   7|0x0000000706200000, 0x0000000706200000, 0x0000000706400000|  0%| F|  |TAMS 0x0000000706200000, 0x0000000706200000| Untracked 
|   8|0x0000000706400000, 0x0000000706400000, 0x0000000706600000|  0%| F|  |TAMS 0x0000000706400000, 0x0000000706400000| Untracked 
|   9|0x0000000706600000, 0x0000000706600000, 0x0000000706800000|  0%| F|  |TAMS 0x0000000706600000, 0x0000000706600000| Untracked 
|  10|0x0000000706800000, 0x0000000706800000, 0x0000000706a00000|  0%| F|  |TAMS 0x0000000706800000, 0x0000000706800000| Untracked 
|  11|0x0000000706a00000, 0x0000000706a00000, 0x0000000706c00000|  0%| F|  |TAMS 0x0000000706a00000, 0x0000000706a00000| Untracked 
|  12|0x0000000706c00000, 0x0000000706c00000, 0x0000000706e00000|  0%| F|  |TAMS 0x0000000706c00000, 0x0000000706c00000| Untracked 
|  13|0x0000000706e00000, 0x0000000706e00000, 0x0000000707000000|  0%| F|  |TAMS 0x0000000706e00000, 0x0000000706e00000| Untracked 
|  14|0x0000000707000000, 0x0000000707000000, 0x0000000707200000|  0%| F|  |TAMS 0x0000000707000000, 0x0000000707000000| Untracked 
|  15|0x0000000707200000, 0x0000000707200000, 0x0000000707400000|  0%| F|  |TAMS 0x0000000707200000, 0x0000000707200000| Untracked 
|  16|0x0000000707400000, 0x0000000707400000, 0x0000000707600000|  0%| F|  |TAMS 0x0000000707400000, 0x0000000707400000| Untracked 
|  17|0x0000000707600000, 0x0000000707600000, 0x0000000707800000|  0%| F|  |TAMS 0x0000000707600000, 0x0000000707600000| Untracked 
|  18|0x0000000707800000, 0x0000000707800000, 0x0000000707a00000|  0%| F|  |TAMS 0x0000000707800000, 0x0000000707800000| Untracked 
|  19|0x0000000707a00000, 0x0000000707a00000, 0x0000000707c00000|  0%| F|  |TAMS 0x0000000707a00000, 0x0000000707a00000| Untracked 
|  20|0x0000000707c00000, 0x0000000707c00000, 0x0000000707e00000|  0%| F|  |TAMS 0x0000000707c00000, 0x0000000707c00000| Untracked 
|  21|0x0000000707e00000, 0x0000000707e00000, 0x0000000708000000|  0%| F|  |TAMS 0x0000000707e00000, 0x0000000707e00000| Untracked 
|  22|0x0000000708000000, 0x0000000708000000, 0x0000000708200000|  0%| F|  |TAMS 0x0000000708000000, 0x0000000708000000| Untracked 
|  23|0x0000000708200000, 0x0000000708200000, 0x0000000708400000|  0%| F|  |TAMS 0x0000000708200000, 0x0000000708200000| Untracked 
|  24|0x0000000708400000, 0x0000000708400000, 0x0000000708600000|  0%| F|  |TAMS 0x0000000708400000, 0x0000000708400000| Untracked 
|  25|0x0000000708600000, 0x0000000708600000, 0x0000000708800000|  0%| F|  |TAMS 0x0000000708600000, 0x0000000708600000| Untracked 
|  26|0x0000000708800000, 0x0000000708800000, 0x0000000708a00000|  0%| F|  |TAMS 0x0000000708800000, 0x0000000708800000| Untracked 
|  27|0x0000000708a00000, 0x0000000708a00000, 0x0000000708c00000|  0%| F|  |TAMS 0x0000000708a00000, 0x0000000708a00000| Untracked 
|  28|0x0000000708c00000, 0x0000000708c00000, 0x0000000708e00000|  0%| F|  |TAMS 0x0000000708c00000, 0x0000000708c00000| Untracked 
|  29|0x0000000708e00000, 0x0000000708e00000, 0x0000000709000000|  0%| F|  |TAMS 0x0000000708e00000, 0x0000000708e00000| Untracked 
|  30|0x0000000709000000, 0x0000000709000000, 0x0000000709200000|  0%| F|  |TAMS 0x0000000709000000, 0x0000000709000000| Untracked 
|  31|0x0000000709200000, 0x0000000709200000, 0x0000000709400000|  0%| F|  |TAMS 0x0000000709200000, 0x0000000709200000| Untracked 
|  32|0x0000000709400000, 0x0000000709400000, 0x0000000709600000|  0%| F|  |TAMS 0x0000000709400000, 0x0000000709400000| Untracked 
|  33|0x0000000709600000, 0x0000000709600000, 0x0000000709800000|  0%| F|  |TAMS 0x0000000709600000, 0x0000000709600000| Untracked 
|  34|0x0000000709800000, 0x0000000709800000, 0x0000000709a00000|  0%| F|  |TAMS 0x0000000709800000, 0x0000000709800000| Untracked 
|  35|0x0000000709a00000, 0x0000000709a00000, 0x0000000709c00000|  0%| F|  |TAMS 0x0000000709a00000, 0x0000000709a00000| Untracked 
|  36|0x0000000709c00000, 0x0000000709c00000, 0x0000000709e00000|  0%| F|  |TAMS 0x0000000709c00000, 0x0000000709c00000| Untracked 
|  37|0x0000000709e00000, 0x0000000709e00000, 0x000000070a000000|  0%| F|  |TAMS 0x0000000709e00000, 0x0000000709e00000| Untracked 
|  38|0x000000070a000000, 0x000000070a000000, 0x000000070a200000|  0%| F|  |TAMS 0x000000070a000000, 0x000000070a000000| Untracked 
|  39|0x000000070a200000, 0x000000070a200000, 0x000000070a400000|  0%| F|  |TAMS 0x000000070a200000, 0x000000070a200000| Untracked 
|  40|0x000000070a400000, 0x000000070a400000, 0x000000070a600000|  0%| F|  |TAMS 0x000000070a400000, 0x000000070a400000| Untracked 
|  41|0x000000070a600000, 0x000000070a600000, 0x000000070a800000|  0%| F|  |TAMS 0x000000070a600000, 0x000000070a600000| Untracked 
|  42|0x000000070a800000, 0x000000070a800000, 0x000000070aa00000|  0%| F|  |TAMS 0x000000070a800000, 0x000000070a800000| Untracked 
|  43|0x000000070aa00000, 0x000000070aa00000, 0x000000070ac00000|  0%| F|  |TAMS 0x000000070aa00000, 0x000000070aa00000| Untracked 
|  44|0x000000070ac00000, 0x000000070ac00000, 0x000000070ae00000|  0%| F|  |TAMS 0x000000070ac00000, 0x000000070ac00000| Untracked 
|  45|0x000000070ae00000, 0x000000070ae00000, 0x000000070b000000|  0%| F|  |TAMS 0x000000070ae00000, 0x000000070ae00000| Untracked 
|  46|0x000000070b000000, 0x000000070b000000, 0x000000070b200000|  0%| F|  |TAMS 0x000000070b000000, 0x000000070b000000| Untracked 
|  47|0x000000070b200000, 0x000000070b200000, 0x000000070b400000|  0%| F|  |TAMS 0x000000070b200000, 0x000000070b200000| Untracked 
|  48|0x000000070b400000, 0x000000070b400000, 0x000000070b600000|  0%| F|  |TAMS 0x000000070b400000, 0x000000070b400000| Untracked 
|  49|0x000000070b600000, 0x000000070b600000, 0x000000070b800000|  0%| F|  |TAMS 0x000000070b600000, 0x000000070b600000| Untracked 
|  50|0x000000070b800000, 0x000000070b800000, 0x000000070ba00000|  0%| F|  |TAMS 0x000000070b800000, 0x000000070b800000| Untracked 
|  51|0x000000070ba00000, 0x000000070ba00000, 0x000000070bc00000|  0%| F|  |TAMS 0x000000070ba00000, 0x000000070ba00000| Untracked 
|  52|0x000000070bc00000, 0x000000070bc00000, 0x000000070be00000|  0%| F|  |TAMS 0x000000070bc00000, 0x000000070bc00000| Untracked 
|  53|0x000000070be00000, 0x000000070be00000, 0x000000070c000000|  0%| F|  |TAMS 0x000000070be00000, 0x000000070be00000| Untracked 
|  54|0x000000070c000000, 0x000000070c000000, 0x000000070c200000|  0%| F|  |TAMS 0x000000070c000000, 0x000000070c000000| Untracked 
|  55|0x000000070c200000, 0x000000070c200000, 0x000000070c400000|  0%| F|  |TAMS 0x000000070c200000, 0x000000070c200000| Untracked 
|  56|0x000000070c400000, 0x000000070c400000, 0x000000070c600000|  0%| F|  |TAMS 0x000000070c400000, 0x000000070c400000| Untracked 
|  57|0x000000070c600000, 0x000000070c600000, 0x000000070c800000|  0%| F|  |TAMS 0x000000070c600000, 0x000000070c600000| Untracked 
|  58|0x000000070c800000, 0x000000070c800000, 0x000000070ca00000|  0%| F|  |TAMS 0x000000070c800000, 0x000000070c800000| Untracked 
|  59|0x000000070ca00000, 0x000000070ca00000, 0x000000070cc00000|  0%| F|  |TAMS 0x000000070ca00000, 0x000000070ca00000| Untracked 
|  60|0x000000070cc00000, 0x000000070cc00000, 0x000000070ce00000|  0%| F|  |TAMS 0x000000070cc00000, 0x000000070cc00000| Untracked 
|  61|0x000000070ce00000, 0x000000070ce00000, 0x000000070d000000|  0%| F|  |TAMS 0x000000070ce00000, 0x000000070ce00000| Untracked 
|  62|0x000000070d000000, 0x000000070d000000, 0x000000070d200000|  0%| F|  |TAMS 0x000000070d000000, 0x000000070d000000| Untracked 
|  63|0x000000070d200000, 0x000000070d200000, 0x000000070d400000|  0%| F|  |TAMS 0x000000070d200000, 0x000000070d200000| Untracked 
|  64|0x000000070d400000, 0x000000070d400000, 0x000000070d600000|  0%| F|  |TAMS 0x000000070d400000, 0x000000070d400000| Untracked 
|  65|0x000000070d600000, 0x000000070d600000, 0x000000070d800000|  0%| F|  |TAMS 0x000000070d600000, 0x000000070d600000| Untracked 
|  66|0x000000070d800000, 0x000000070d800000, 0x000000070da00000|  0%| F|  |TAMS 0x000000070d800000, 0x000000070d800000| Untracked 
|  67|0x000000070da00000, 0x000000070da00000, 0x000000070dc00000|  0%| F|  |TAMS 0x000000070da00000, 0x000000070da00000| Untracked 
|  68|0x000000070dc00000, 0x000000070dc00000, 0x000000070de00000|  0%| F|  |TAMS 0x000000070dc00000, 0x000000070dc00000| Untracked 
|  69|0x000000070de00000, 0x000000070de00000, 0x000000070e000000|  0%| F|  |TAMS 0x000000070de00000, 0x000000070de00000| Untracked 
|  70|0x000000070e000000, 0x000000070e000000, 0x000000070e200000|  0%| F|  |TAMS 0x000000070e000000, 0x000000070e000000| Untracked 
|  71|0x000000070e200000, 0x000000070e200000, 0x000000070e400000|  0%| F|  |TAMS 0x000000070e200000, 0x000000070e200000| Untracked 
|  72|0x000000070e400000, 0x000000070e400000, 0x000000070e600000|  0%| F|  |TAMS 0x000000070e400000, 0x000000070e400000| Untracked 
|  73|0x000000070e600000, 0x000000070e600000, 0x000000070e800000|  0%| F|  |TAMS 0x000000070e600000, 0x000000070e600000| Untracked 
|  74|0x000000070e800000, 0x000000070e800000, 0x000000070ea00000|  0%| F|  |TAMS 0x000000070e800000, 0x000000070e800000| Untracked 
|  75|0x000000070ea00000, 0x000000070ea00000, 0x000000070ec00000|  0%| F|  |TAMS 0x000000070ea00000, 0x000000070ea00000| Untracked 
|  76|0x000000070ec00000, 0x000000070ec00000, 0x000000070ee00000|  0%| F|  |TAMS 0x000000070ec00000, 0x000000070ec00000| Untracked 
|  77|0x000000070ee00000, 0x000000070ee00000, 0x000000070f000000|  0%| F|  |TAMS 0x000000070ee00000, 0x000000070ee00000| Untracked 
|  78|0x000000070f000000, 0x000000070f000000, 0x000000070f200000|  0%| F|  |TAMS 0x000000070f000000, 0x000000070f000000| Untracked 
|  79|0x000000070f200000, 0x000000070f200000, 0x000000070f400000|  0%| F|  |TAMS 0x000000070f200000, 0x000000070f200000| Untracked 
|  80|0x000000070f400000, 0x000000070f400000, 0x000000070f600000|  0%| F|  |TAMS 0x000000070f400000, 0x000000070f400000| Untracked 
|  81|0x000000070f600000, 0x000000070f600000, 0x000000070f800000|  0%| F|  |TAMS 0x000000070f600000, 0x000000070f600000| Untracked 
|  82|0x000000070f800000, 0x000000070f800000, 0x000000070fa00000|  0%| F|  |TAMS 0x000000070f800000, 0x000000070f800000| Untracked 
|  83|0x000000070fa00000, 0x000000070fa00000, 0x000000070fc00000|  0%| F|  |TAMS 0x000000070fa00000, 0x000000070fa00000| Untracked 
|  84|0x000000070fc00000, 0x000000070fc00000, 0x000000070fe00000|  0%| F|  |TAMS 0x000000070fc00000, 0x000000070fc00000| Untracked 
|  85|0x000000070fe00000, 0x000000070fe00000, 0x0000000710000000|  0%| F|  |TAMS 0x000000070fe00000, 0x000000070fe00000| Untracked 
|  86|0x0000000710000000, 0x0000000710000000, 0x0000000710200000|  0%| F|  |TAMS 0x0000000710000000, 0x0000000710000000| Untracked 
|  87|0x0000000710200000, 0x0000000710200000, 0x0000000710400000|  0%| F|  |TAMS 0x0000000710200000, 0x0000000710200000| Untracked 
|  88|0x0000000710400000, 0x0000000710400000, 0x0000000710600000|  0%| F|  |TAMS 0x0000000710400000, 0x0000000710400000| Untracked 
|  89|0x0000000710600000, 0x0000000710600000, 0x0000000710800000|  0%| F|  |TAMS 0x0000000710600000, 0x0000000710600000| Untracked 
|  90|0x0000000710800000, 0x0000000710800000, 0x0000000710a00000|  0%| F|  |TAMS 0x0000000710800000, 0x0000000710800000| Untracked 
|  91|0x0000000710a00000, 0x0000000710a00000, 0x0000000710c00000|  0%| F|  |TAMS 0x0000000710a00000, 0x0000000710a00000| Untracked 
|  92|0x0000000710c00000, 0x0000000710c00000, 0x0000000710e00000|  0%| F|  |TAMS 0x0000000710c00000, 0x0000000710c00000| Untracked 
|  93|0x0000000710e00000, 0x0000000710e00000, 0x0000000711000000|  0%| F|  |TAMS 0x0000000710e00000, 0x0000000710e00000| Untracked 
|  94|0x0000000711000000, 0x0000000711000000, 0x0000000711200000|  0%| F|  |TAMS 0x0000000711000000, 0x0000000711000000| Untracked 
|  95|0x0000000711200000, 0x0000000711200000, 0x0000000711400000|  0%| F|  |TAMS 0x0000000711200000, 0x0000000711200000| Untracked 
|  96|0x0000000711400000, 0x0000000711400000, 0x0000000711600000|  0%| F|  |TAMS 0x0000000711400000, 0x0000000711400000| Untracked 
|  97|0x0000000711600000, 0x0000000711600000, 0x0000000711800000|  0%| F|  |TAMS 0x0000000711600000, 0x0000000711600000| Untracked 
|  98|0x0000000711800000, 0x0000000711800000, 0x0000000711a00000|  0%| F|  |TAMS 0x0000000711800000, 0x0000000711800000| Untracked 
|  99|0x0000000711a00000, 0x0000000711a00000, 0x0000000711c00000|  0%| F|  |TAMS 0x0000000711a00000, 0x0000000711a00000| Untracked 
| 100|0x0000000711c00000, 0x0000000711c00000, 0x0000000711e00000|  0%| F|  |TAMS 0x0000000711c00000, 0x0000000711c00000| Untracked 
| 101|0x0000000711e00000, 0x0000000711e00000, 0x0000000712000000|  0%| F|  |TAMS 0x0000000711e00000, 0x0000000711e00000| Untracked 
| 102|0x0000000712000000, 0x0000000712000000, 0x0000000712200000|  0%| F|  |TAMS 0x0000000712000000, 0x0000000712000000| Untracked 
| 103|0x0000000712200000, 0x0000000712200000, 0x0000000712400000|  0%| F|  |TAMS 0x0000000712200000, 0x0000000712200000| Untracked 
| 104|0x0000000712400000, 0x0000000712600000, 0x0000000712600000|100%| S|CS|TAMS 0x0000000712400000, 0x0000000712400000| Complete 
| 105|0x0000000712600000, 0x0000000712800000, 0x0000000712800000|100%| S|CS|TAMS 0x0000000712600000, 0x0000000712600000| Complete 
| 106|0x0000000712800000, 0x0000000712a00000, 0x0000000712a00000|100%| S|CS|TAMS 0x0000000712800000, 0x0000000712800000| Complete 
| 107|0x0000000712a00000, 0x0000000712a00000, 0x0000000712c00000|  0%| F|  |TAMS 0x0000000712a00000, 0x0000000712a00000| Untracked 
| 108|0x0000000712c00000, 0x0000000712c00000, 0x0000000712e00000|  0%| F|  |TAMS 0x0000000712c00000, 0x0000000712c00000| Untracked 
| 109|0x0000000712e00000, 0x0000000712e00000, 0x0000000713000000|  0%| F|  |TAMS 0x0000000712e00000, 0x0000000712e00000| Untracked 
| 110|0x0000000713000000, 0x0000000713000000, 0x0000000713200000|  0%| F|  |TAMS 0x0000000713000000, 0x0000000713000000| Untracked 
| 111|0x0000000713200000, 0x0000000713200000, 0x0000000713400000|  0%| F|  |TAMS 0x0000000713200000, 0x0000000713200000| Untracked 
| 112|0x0000000713400000, 0x0000000713400000, 0x0000000713600000|  0%| F|  |TAMS 0x0000000713400000, 0x0000000713400000| Untracked 
| 113|0x0000000713600000, 0x0000000713600000, 0x0000000713800000|  0%| F|  |TAMS 0x0000000713600000, 0x0000000713600000| Untracked 
| 114|0x0000000713800000, 0x0000000713800000, 0x0000000713a00000|  0%| F|  |TAMS 0x0000000713800000, 0x0000000713800000| Untracked 
| 115|0x0000000713a00000, 0x0000000713a00000, 0x0000000713c00000|  0%| F|  |TAMS 0x0000000713a00000, 0x0000000713a00000| Untracked 
| 116|0x0000000713c00000, 0x0000000713c00000, 0x0000000713e00000|  0%| F|  |TAMS 0x0000000713c00000, 0x0000000713c00000| Untracked 
| 117|0x0000000713e00000, 0x0000000713e00000, 0x0000000714000000|  0%| F|  |TAMS 0x0000000713e00000, 0x0000000713e00000| Untracked 
| 118|0x0000000714000000, 0x0000000714000000, 0x0000000714200000|  0%| F|  |TAMS 0x0000000714000000, 0x0000000714000000| Untracked 
| 119|0x0000000714200000, 0x0000000714200000, 0x0000000714400000|  0%| F|  |TAMS 0x0000000714200000, 0x0000000714200000| Untracked 
| 120|0x0000000714400000, 0x0000000714400000, 0x0000000714600000|  0%| F|  |TAMS 0x0000000714400000, 0x0000000714400000| Untracked 
| 121|0x0000000714600000, 0x0000000714600000, 0x0000000714800000|  0%| F|  |TAMS 0x0000000714600000, 0x0000000714600000| Untracked 
| 122|0x0000000714800000, 0x0000000714800000, 0x0000000714a00000|  0%| F|  |TAMS 0x0000000714800000, 0x0000000714800000| Untracked 
| 123|0x0000000714a00000, 0x0000000714c00000, 0x0000000714c00000|100%| E|  |TAMS 0x0000000714a00000, 0x0000000714a00000| Complete 
| 124|0x0000000714c00000, 0x0000000714e00000, 0x0000000714e00000|100%| E|CS|TAMS 0x0000000714c00000, 0x0000000714c00000| Complete 
| 125|0x0000000714e00000, 0x0000000715000000, 0x0000000715000000|100%| E|CS|TAMS 0x0000000714e00000, 0x0000000714e00000| Complete 

Card table byte_map: [0x000001f442570000,0x000001f442d50000] _byte_map_base: 0x000001f43ed46000

Marking Bits (Prev, Next): (CMBitMap*) 0x000001f42af58420, (CMBitMap*) 0x000001f42af58460
 Prev Bits: [0x000001f443530000, 0x000001f4473e0000)
 Next Bits: [0x000001f4473e0000, 0x000001f44b290000)

Polling page: 0x000001f42a6a0000

Metaspace:

Usage:
  Non-class:      8.84 MB used.
      Class:      1.33 MB used.
       Both:     10.18 MB used.

Virtual space:
  Non-class space:       64.00 MB reserved,       8.94 MB ( 14%) committed,  1 nodes.
      Class space:        1.00 GB reserved,       1.44 MB ( <1%) committed,  1 nodes.
             Both:        1.06 GB reserved,      10.38 MB ( <1%) committed. 

Chunk freelists:
   Non-Class:  6.34 MB
       Class:  14.56 MB
        Both:  20.90 MB

MaxMetaspaceSize: unlimited
CompressedClassSpaceSize: 1.00 GB
Initial GC threshold: 21.00 MB
Current GC threshold: 21.00 MB
CDS: on
MetaspaceReclaimPolicy: balanced
 - commit_granule_bytes: 65536.
 - commit_granule_words: 8192.
 - virtual_space_node_default_size: 8388608.
 - enlarge_chunks_in_place: 1.
 - new_chunks_are_fully_committed: 0.
 - uncommit_free_chunks: 1.
 - use_allocation_guard: 0.
 - handle_deallocations: 1.


Internal statistics:

num_allocs_failed_limit: 0.
num_arena_births: 116.
num_arena_deaths: 0.
num_vsnodes_births: 2.
num_vsnodes_deaths: 0.
num_space_committed: 166.
num_space_uncommitted: 0.
num_chunks_returned_to_freelist: 0.
num_chunks_taken_from_freelist: 414.
num_chunk_merges: 0.
num_chunk_splits: 263.
num_chunks_enlarged: 196.
num_inconsistent_stats: 0.

CodeHeap 'non-profiled nmethods': size=120000Kb used=790Kb max_used=790Kb free=119209Kb
 bounds [0x000001f43a520000, 0x000001f43a790000, 0x000001f441a50000]
CodeHeap 'profiled nmethods': size=120000Kb used=3313Kb max_used=3313Kb free=116686Kb
 bounds [0x000001f432a50000, 0x000001f432d90000, 0x000001f439f80000]
CodeHeap 'non-nmethods': size=5760Kb used=1178Kb max_used=1219Kb free=4581Kb
 bounds [0x000001f439f80000, 0x000001f43a1f0000, 0x000001f43a520000]
 total_blobs=2219 nmethods=1743 adapters=389
 compilation: enabled
              stopped_count=0, restarted_count=0
 full_count=0

Compilation events (20 events):
Event: 48.181 Thread 0x000001f493024740 1734       3       sun.nio.ch.SocketChannelImpl::translateAndUpdateReadyOps (11 bytes)
Event: 48.182 Thread 0x000001f493024740 nmethod 1734 0x000001f432d89090 code [0x000001f432d89240, 0x000001f432d893a8]
Event: 48.399 Thread 0x000001f493024740 1735       3       java.nio.ByteBuffer::arrayOffset (35 bytes)
Event: 48.399 Thread 0x000001f493024740 nmethod 1735 0x000001f432d89490 code [0x000001f432d89660, 0x000001f432d89938]
Event: 48.407 Thread 0x000001f493024740 1736       3       java.nio.Buffer::<init> (105 bytes)
Event: 48.408 Thread 0x000001f493024740 nmethod 1736 0x000001f432d89a90 code [0x000001f432d89d40, 0x000001f432d8a898]
Event: 48.412 Thread 0x000001f493024740 1737       3       java.nio.CharBuffer::arrayOffset (35 bytes)
Event: 48.412 Thread 0x000001f493024740 nmethod 1737 0x000001f432d8ac90 code [0x000001f432d8ae60, 0x000001f432d8b138]
Event: 48.548 Thread 0x000001f493020e10 1738   !   4       java.util.concurrent.ConcurrentHashMap::transfer (849 bytes)
Event: 48.550 Thread 0x000001f493024740 1740       3       jdk.internal.org.objectweb.asm.Type::getDescriptor (93 bytes)
Event: 48.551 Thread 0x000001f493024740 nmethod 1740 0x000001f432d8b290 code [0x000001f432d8b500, 0x000001f432d8bc88]
Event: 48.553 Thread 0x000001f493024740 1741       1       java.lang.reflect.Constructor::getDeclaringClass (5 bytes)
Event: 48.553 Thread 0x000001f493024740 nmethod 1741 0x000001f43a5e4f10 code [0x000001f43a5e50a0, 0x000001f43a5e5178]
Event: 48.561 Thread 0x000001f493024740 1743       3       jdk.internal.reflect.ByteVectorImpl::getLength (7 bytes)
Event: 48.561 Thread 0x000001f493024740 nmethod 1743 0x000001f432d8bf10 code [0x000001f432d8c0a0, 0x000001f432d8c1b8]
Event: 48.564 Thread 0x000001f493024740 1744       3       jdk.internal.reflect.ByteVectorImpl::get (26 bytes)
Event: 48.565 Thread 0x000001f493024740 nmethod 1744 0x000001f432d8c290 code [0x000001f432d8c440, 0x000001f432d8c628]
Event: 48.565 Thread 0x000001f493024740 1745       1       java.lang.reflect.Constructor::getRoot (5 bytes)
Event: 48.565 Thread 0x000001f493024740 nmethod 1745 0x000001f43a5e5210 code [0x000001f43a5e53a0, 0x000001f43a5e5478]
Event: 48.566 Thread 0x000001f493024740 1746       3       java.lang.invoke.MethodHandles$Lookup::checkSecurityManager (97 bytes)

GC Heap History (4 events):
Event: 0.526 GC heap before
{Heap before GC invocations=0 (full 0):
 garbage-first heap   total 258048K, used 20480K [0x0000000705400000, 0x0000000800000000)
  region size 2048K, 11 young (22528K), 0 survivors (0K)
 Metaspace       used 1904K, committed 2048K, reserved 1114112K
  class space    used 169K, committed 192K, reserved 1048576K
}
Event: 0.529 GC heap after
{Heap after GC invocations=1 (full 0):
 garbage-first heap   total 258048K, used 2831K [0x0000000705400000, 0x0000000800000000)
  region size 2048K, 2 young (4096K), 2 survivors (4096K)
 Metaspace       used 1904K, committed 2048K, reserved 1114112K
  class space    used 169K, committed 192K, reserved 1048576K
}
Event: 1.906 GC heap before
{Heap before GC invocations=1 (full 0):
 garbage-first heap   total 258048K, used 41743K [0x0000000705400000, 0x0000000800000000)
  region size 2048K, 19 young (38912K), 2 survivors (4096K)
 Metaspace       used 8068K, committed 8192K, reserved 1114112K
  class space    used 1100K, committed 1152K, reserved 1048576K
}
Event: 1.911 GC heap after
{Heap after GC invocations=2 (full 0):
 garbage-first heap   total 258048K, used 12341K [0x0000000705400000, 0x0000000800000000)
  region size 2048K, 3 young (6144K), 3 survivors (6144K)
 Metaspace       used 8068K, committed 8192K, reserved 1114112K
  class space    used 1100K, committed 1152K, reserved 1048576K
}

Dll operation events (12 events):
Event: 0.013 Loaded shared library E:\JAVA\bin\java.dll
Event: 0.035 Loaded shared library E:\JAVA\bin\jsvml.dll
Event: 0.079 Loaded shared library E:\JAVA\bin\net.dll
Event: 0.081 Loaded shared library E:\JAVA\bin\nio.dll
Event: 0.084 Loaded shared library E:\JAVA\bin\zip.dll
Event: 0.088 Loaded shared library E:\JAVA\bin\verify.dll
Event: 0.146 Loaded shared library E:\JAVA\bin\jimage.dll
Event: 0.940 Loaded shared library E:\JAVA\bin\management.dll
Event: 0.942 Loaded shared library E:\JAVA\bin\management_ext.dll
Event: 1.065 Loaded shared library E:\gradle\native\c067742578af261105cb4f569cf0c3c89f3d7b1fecec35dd04571415982c5e48\windows-amd64\native-platform.dll
Event: 4.519 Loaded shared library E:\JAVA\bin\extnet.dll
Event: 4.572 Loaded shared library E:\JAVA\bin\sunmscapi.dll

Deoptimization events (20 events):
Event: 2.121 Thread 0x000001f493d4c820 Uncommon trap: trap_request=0xffffff45 fr.pc=0x000001f43a56c8b4 relative=0x0000000000000114
Event: 2.121 Thread 0x000001f493d4c820 Uncommon trap: reason=unstable_if action=reinterpret pc=0x000001f43a56c8b4 method=java.lang.String.getBytes([BIIBI)V @ 6 c2
Event: 2.121 Thread 0x000001f493d4c820 DEOPT PACKING pc=0x000001f43a56c8b4 sp=0x0000004568afee30
Event: 2.121 Thread 0x000001f493d4c820 DEOPT UNPACKING pc=0x000001f439fd69a3 sp=0x0000004568afedf8 mode 2
Event: 2.121 Thread 0x000001f493d4c820 Uncommon trap: trap_request=0xffffff45 fr.pc=0x000001f43a58da20 relative=0x0000000000000400
Event: 2.121 Thread 0x000001f493d4c820 Uncommon trap: reason=unstable_if action=reinterpret pc=0x000001f43a58da20 method=java.lang.AbstractStringBuilder.isLatin1()Z @ 10 c2
Event: 2.121 Thread 0x000001f493d4c820 DEOPT PACKING pc=0x000001f43a58da20 sp=0x0000004568aff020
Event: 2.121 Thread 0x000001f493d4c820 DEOPT UNPACKING pc=0x000001f439fd69a3 sp=0x0000004568afefa0 mode 2
Event: 4.359 Thread 0x000001f493d4c820 Uncommon trap: trap_request=0xffffff45 fr.pc=0x000001f43a58e1a8 relative=0x0000000000000088
Event: 4.359 Thread 0x000001f493d4c820 Uncommon trap: reason=unstable_if action=reinterpret pc=0x000001f43a58e1a8 method=java.lang.String.codePointAt(I)I @ 4 c2
Event: 4.359 Thread 0x000001f493d4c820 DEOPT PACKING pc=0x000001f43a58e1a8 sp=0x0000004568afefb0
Event: 4.359 Thread 0x000001f493d4c820 DEOPT UNPACKING pc=0x000001f439fd69a3 sp=0x0000004568afef48 mode 2
Event: 4.362 Thread 0x000001f493d4c820 Uncommon trap: trap_request=0xffffff45 fr.pc=0x000001f43a5a73ac relative=0x0000000000000eec
Event: 4.362 Thread 0x000001f493d4c820 Uncommon trap: reason=unstable_if action=reinterpret pc=0x000001f43a5a73ac method=java.util.concurrent.ConcurrentHashMap.putVal(Ljava/lang/Object;Ljava/lang/Object;Z)Ljava/lang/Object; @ 97 c2
Event: 4.362 Thread 0x000001f493d4c820 DEOPT PACKING pc=0x000001f43a5a73ac sp=0x0000004568afe610
Event: 4.362 Thread 0x000001f493d4c820 DEOPT UNPACKING pc=0x000001f439fd69a3 sp=0x0000004568afe598 mode 2
Event: 4.567 Thread 0x000001f42aeecf30 Uncommon trap: trap_request=0xffffff45 fr.pc=0x000001f43a564658 relative=0x0000000000000ab8
Event: 4.567 Thread 0x000001f42aeecf30 Uncommon trap: reason=unstable_if action=reinterpret pc=0x000001f43a564658 method=java.util.HashMap.putVal(ILjava/lang/Object;Ljava/lang/Object;ZZ)Ljava/lang/Object; @ 162 c2
Event: 4.567 Thread 0x000001f42aeecf30 DEOPT PACKING pc=0x000001f43a564658 sp=0x00000045676fb000
Event: 4.567 Thread 0x000001f42aeecf30 DEOPT UNPACKING pc=0x000001f439fd69a3 sp=0x00000045676faf38 mode 2

Classes loaded (20 events):
Event: 48.561 Loading class java/io/ObjectOutputStream
Event: 48.561 Loading class java/io/ObjectOutput
Event: 48.561 Loading class java/io/ObjectOutput done
Event: 48.561 Loading class java/io/ObjectOutputStream done
Event: 48.562 Loading class java/io/ClassCache$CacheRef
Event: 48.562 Loading class java/io/ClassCache$CacheRef done
Event: 48.562 Loading class java/io/ObjectStreamClass$FieldReflectorKey
Event: 48.562 Loading class java/io/ObjectStreamClass$FieldReflectorKey done
Event: 48.562 Loading class java/io/ObjectStreamClass$FieldReflector
Event: 48.563 Loading class java/io/ObjectStreamClass$FieldReflector done
Event: 48.563 Loading class java/io/ObjectStreamClass$ClassDataSlot
Event: 48.563 Loading class java/io/ObjectStreamClass$ClassDataSlot done
Event: 48.563 Loading class java/io/ObjectInputStream$FieldValues
Event: 48.563 Loading class java/io/ObjectInputStream$GetField
Event: 48.563 Loading class java/io/ObjectInputStream$GetField done
Event: 48.563 Loading class java/io/ObjectInputStream$FieldValues done
Event: 48.563 Loading class java/io/SerialCallbackContext
Event: 48.563 Loading class java/io/SerialCallbackContext done
Event: 48.564 Loading class java/util/HashMap$UnsafeHolder
Event: 48.564 Loading class java/util/HashMap$UnsafeHolder done

Classes unloaded (0 events):
No events

Classes redefined (0 events):
No events

Internal exceptions (20 events):
Event: 1.037 Thread 0x000001f42aeecf30 Exception <a 'java/lang/NoSuchMethodError'{0x00000007141e6888}: 'java.lang.Object java.lang.invoke.Invokers$Holder.invoker(java.lang.Object, java.lang.Object, java.lang.Object)'> (0x00000007141e6888) 
thrown [s\src\hotspot\share\interpreter\linkResolver.cpp, line 759]
Event: 1.038 Thread 0x000001f42aeecf30 Exception <a 'java/lang/NoSuchMethodError'{0x00000007141ef9e0}: 'java.lang.Object java.lang.invoke.DirectMethodHandle$Holder.invokeStatic(java.lang.Object, java.lang.Object, int)'> (0x00000007141ef9e0) 
thrown [s\src\hotspot\share\interpreter\linkResolver.cpp, line 759]
Event: 1.040 Thread 0x000001f42aeecf30 Exception <a 'java/lang/NoSuchMethodError'{0x00000007141fb928}: 'void java.lang.invoke.DelegatingMethodHandle$Holder.delegate(java.lang.Object, java.lang.Object, int, java.lang.Object)'> (0x00000007141fb928) 
thrown [s\src\hotspot\share\interpreter\linkResolver.cpp, line 759]
Event: 1.043 Thread 0x000001f42aeecf30 Exception <a 'java/lang/NoSuchMethodError'{0x0000000713e0f1c0}: 'java.lang.Object java.lang.invoke.Invokers$Holder.invokeExact_MT(java.lang.Object, java.lang.Object, java.lang.Object, java.lang.Object)'> (0x0000000713e0f1c0) 
thrown [s\src\hotspot\share\interpreter\linkResolver.cpp, line 759]
Event: 1.050 Thread 0x000001f42aeecf30 Exception <a 'java/lang/NoSuchMethodError'{0x0000000713e3ad58}: 'java.lang.Object java.lang.invoke.DirectMethodHandle$Holder.invokeVirtual(java.lang.Object, java.lang.Object, java.lang.Object)'> (0x0000000713e3ad58) 
thrown [s\src\hotspot\share\interpreter\linkResolver.cpp, line 759]
Event: 1.134 Thread 0x000001f42aeecf30 Exception <a 'java/lang/NoSuchMethodError'{0x0000000713d1f498}: 'java.lang.Object java.lang.invoke.DirectMethodHandle$Holder.newInvokeSpecial(java.lang.Object, java.lang.Object, java.lang.Object, java.lang.Object, java.lang.Object)'> (0x0000000713d1f498) 
thrown [s\src\hotspot\share\interpreter\linkResolver.cpp, line 759]
Event: 1.159 Thread 0x000001f42aeecf30 Exception <a 'java/lang/NoSuchMethodError'{0x0000000713a328e0}: 'void java.lang.invoke.DirectMethodHandle$Holder.invokeSpecial(java.lang.Object, java.lang.Object, java.lang.Object)'> (0x0000000713a328e0) 
thrown [s\src\hotspot\share\interpreter\linkResolver.cpp, line 759]
Event: 1.180 Thread 0x000001f42aeecf30 Exception <a 'java/lang/NoSuchMethodError'{0x0000000713b20e88}: 'int java.lang.invoke.DirectMethodHandle$Holder.invokeVirtual(java.lang.Object, java.lang.Object, java.lang.Object)'> (0x0000000713b20e88) 
thrown [s\src\hotspot\share\interpreter\linkResolver.cpp, line 759]
Event: 1.195 Thread 0x000001f42aeecf30 Exception <a 'java/lang/NoSuchMethodError'{0x0000000713b89bd0}: 'java.lang.Object java.lang.invoke.DirectMethodHandle$Holder.invokeStaticInit(java.lang.Object, int, int, int, int)'> (0x0000000713b89bd0) 
thrown [s\src\hotspot\share\interpreter\linkResolver.cpp, line 759]
Event: 1.312 Thread 0x000001f42aeecf30 Exception <a 'java/lang/NoSuchMethodError'{0x00000007134677e0}: 'java.lang.Object java.lang.invoke.DirectMethodHandle$Holder.invokeStaticInit(java.lang.Object, java.lang.Object, int, int, int, int)'> (0x00000007134677e0) 
thrown [s\src\hotspot\share\interpreter\linkResolver.cpp, line 759]
Event: 1.325 Thread 0x000001f42aeecf30 Exception <a 'java/lang/NoSuchMethodError'{0x0000000713497f30}: 'int java.lang.invoke.DirectMethodHandle$Holder.invokeStatic(java.lang.Object)'> (0x0000000713497f30) 
thrown [s\src\hotspot\share\interpreter\linkResolver.cpp, line 759]
Event: 1.325 Thread 0x000001f42aeecf30 Exception <a 'java/lang/NoSuchMethodError'{0x000000071349b688}: 'int java.lang.invoke.DirectMethodHandle$Holder.invokeStaticInit(java.lang.Object)'> (0x000000071349b688) 
thrown [s\src\hotspot\share\interpreter\linkResolver.cpp, line 759]
Event: 1.329 Thread 0x000001f42aeecf30 Implicit null exception at 0x000001f43a56b855 to 0x000001f43a56be68
Event: 1.463 Thread 0x000001f42aeecf30 Exception <a 'java/lang/NoSuchMethodError'{0x00000007133482e0}: 'java.lang.Object java.lang.invoke.DirectMethodHandle$Holder.invokeSpecialIFC(java.lang.Object, java.lang.Object, java.lang.Object, java.lang.Object)'> (0x00000007133482e0) 
thrown [s\src\hotspot\share\interpreter\linkResolver.cpp, line 759]
Event: 2.014 Thread 0x000001f493d4c820 Exception <a 'java/lang/NoSuchMethodError'{0x0000000714e0c1d0}: 'void java.lang.invoke.DirectMethodHandle$Holder.invokeStatic(java.lang.Object, long)'> (0x0000000714e0c1d0) 
thrown [s\src\hotspot\share\interpreter\linkResolver.cpp, line 759]
Event: 2.015 Thread 0x000001f493d4c820 Exception <a 'java/lang/NoSuchMethodError'{0x0000000714e11b28}: 'java.lang.Object java.lang.invoke.DirectMethodHandle$Holder.newInvokeSpecial(java.lang.Object, long)'> (0x0000000714e11b28) 
thrown [s\src\hotspot\share\interpreter\linkResolver.cpp, line 759]
Event: 2.017 Thread 0x000001f493d4c820 Exception <a 'java/lang/NoSuchMethodError'{0x0000000714e1c740}: 'java.lang.Object java.lang.invoke.DirectMethodHandle$Holder.invokeStaticInit(java.lang.Object, java.lang.Object, long, java.lang.Object)'> (0x0000000714e1c740) 
thrown [s\src\hotspot\share\interpreter\linkResolver.cpp, line 759]
Event: 2.018 Thread 0x000001f493d4c820 Exception <a 'java/lang/NoSuchMethodError'{0x0000000714e22dc8}: 'java.lang.Object java.lang.invoke.DirectMethodHandle$Holder.newInvokeSpecial(java.lang.Object, java.lang.Object, long)'> (0x0000000714e22dc8) 
thrown [s\src\hotspot\share\interpreter\linkResolver.cpp, line 759]
Event: 2.019 Thread 0x000001f493d4c820 Exception <a 'java/lang/NoSuchMethodError'{0x0000000714e270b8}: 'java.lang.Object java.lang.invoke.Invokers$Holder.linkToTargetMethod(java.lang.Object, long, java.lang.Object)'> (0x0000000714e270b8) 
thrown [s\src\hotspot\share\interpreter\linkResolver.cpp, line 759]
Event: 4.523 Thread 0x000001f42aeecf30 Exception <a 'java/lang/NoSuchMethodError'{0x0000000714f30638}: 'void java.lang.invoke.DirectMethodHandle$Holder.invokeStatic(java.lang.Object, java.lang.Object, java.lang.Object)'> (0x0000000714f30638) 
thrown [s\src\hotspot\share\interpreter\linkResolver.cpp, line 759]

VM Operations (20 events):
Event: 18.787 Executing VM operation: Cleanup
Event: 18.787 Executing VM operation: Cleanup done
Event: 19.795 Executing VM operation: Cleanup
Event: 19.795 Executing VM operation: Cleanup done
Event: 26.836 Executing VM operation: Cleanup
Event: 26.836 Executing VM operation: Cleanup done
Event: 30.868 Executing VM operation: Cleanup
Event: 30.868 Executing VM operation: Cleanup done
Event: 31.870 Executing VM operation: Cleanup
Event: 31.870 Executing VM operation: Cleanup done
Event: 32.874 Executing VM operation: Cleanup
Event: 32.874 Executing VM operation: Cleanup done
Event: 36.904 Executing VM operation: Cleanup
Event: 36.904 Executing VM operation: Cleanup done
Event: 39.938 Executing VM operation: Cleanup
Event: 39.938 Executing VM operation: Cleanup done
Event: 41.943 Executing VM operation: Cleanup
Event: 41.943 Executing VM operation: Cleanup done
Event: 43.959 Executing VM operation: Cleanup
Event: 43.959 Executing VM operation: Cleanup done

Memory protections (0 events):
No events

Nmethod flushes (0 events):
No events

Events (20 events):
Event: 0.052 Thread 0x000001f42aeecf30 Thread added: 0x000001f493017520
Event: 0.052 Thread 0x000001f42aeecf30 Thread added: 0x000001f493017df0
Event: 0.052 Thread 0x000001f42aeecf30 Thread added: 0x000001f493020e10
Event: 0.052 Thread 0x000001f42aeecf30 Thread added: 0x000001f493024740
Event: 0.053 Thread 0x000001f42aeecf30 Thread added: 0x000001f493031860
Event: 0.072 Thread 0x000001f42aeecf30 Thread added: 0x000001f493191730
Event: 0.074 Thread 0x000001f42aeecf30 Thread added: 0x000001f49319a4b0
Event: 0.396 Thread 0x000001f493024740 Thread added: 0x000001f493381f50
Event: 0.463 Thread 0x000001f493024740 Thread added: 0x000001f493382f40
Event: 1.089 Thread 0x000001f42aeecf30 Thread added: 0x000001f494015bb0
Event: 1.460 Thread 0x000001f493382f40 Thread exited: 0x000001f493382f40
Event: 1.860 Thread 0x000001f42aeecf30 Thread added: 0x000001f493d4c820
Event: 1.941 Thread 0x000001f493381f50 Thread exited: 0x000001f493381f50
Event: 2.022 Thread 0x000001f493d4c820 Thread added: 0x000001f493db9220
Event: 2.023 Thread 0x000001f493d4c820 Thread added: 0x000001f494baa0b0
Event: 2.066 Thread 0x000001f493db9220 Thread exited: 0x000001f493db9220
Event: 4.362 Thread 0x000001f494baa0b0 Thread exited: 0x000001f494baa0b0
Event: 4.362 Thread 0x000001f493d4c820 Thread exited: 0x000001f493d4c820
Event: 4.592 Thread 0x000001f493024740 Thread added: 0x000001f493381f50
Event: 5.394 Thread 0x000001f493381f50 Thread exited: 0x000001f493381f50


Dynamic libraries:
0x00007ff6f05f0000 - 0x00007ff6f05fe000 	E:\JAVA\bin\java.exe
0x00007ffad2460000 - 0x00007ffad26c6000 	C:\WINDOWS\SYSTEM32\ntdll.dll
0x00007ffad12a0000 - 0x00007ffad1369000 	C:\WINDOWS\System32\KERNEL32.DLL
0x00007ffacfdd0000 - 0x00007ffad01ca000 	C:\WINDOWS\System32\KERNELBASE.dll
0x00007ffacfc80000 - 0x00007ffacfdcc000 	C:\WINDOWS\System32\ucrtbase.dll
0x00007ffaabec0000 - 0x00007ffaabede000 	E:\JAVA\bin\VCRUNTIME140.dll
0x00007ffabb5b0000 - 0x00007ffabb5c8000 	E:\JAVA\bin\jli.dll
0x00007ffad2250000 - 0x00007ffad2417000 	C:\WINDOWS\System32\USER32.dll
0x00007ffaba700000 - 0x00007ffaba992000 	C:\WINDOWS\WinSxS\amd64_microsoft.windows.common-controls_6595b64144ccf1df_6.0.26100.8521_none_3e08b75ce33403b3\COMCTL32.dll
0x00007ffacf910000 - 0x00007ffacf937000 	C:\WINDOWS\System32\win32u.dll
0x00007ffad1820000 - 0x00007ffad18c9000 	C:\WINDOWS\System32\msvcrt.dll
0x00007ffad18d0000 - 0x00007ffad18fb000 	C:\WINDOWS\System32\GDI32.dll
0x00007ffacfac0000 - 0x00007ffacfbeb000 	C:\WINDOWS\System32\gdi32full.dll
0x00007ffacf7b0000 - 0x00007ffacf853000 	C:\WINDOWS\System32\msvcp_win.dll
0x00007ffad01d0000 - 0x00007ffad0202000 	C:\WINDOWS\System32\IMM32.DLL
0x00007ffabdbd0000 - 0x00007ffabdbdc000 	E:\JAVA\bin\vcruntime140_1.dll
0x00007ffaabe30000 - 0x00007ffaabebd000 	E:\JAVA\bin\msvcp140.dll
0x00007ffa2e380000 - 0x00007ffa2efeb000 	E:\JAVA\bin\server\jvm.dll
0x00007ffad0e60000 - 0x00007ffad0f16000 	C:\WINDOWS\System32\ADVAPI32.dll
0x00007ffad1900000 - 0x00007ffad19aa000 	C:\WINDOWS\System32\sechost.dll
0x00007ffad1700000 - 0x00007ffad1818000 	C:\WINDOWS\System32\RPCRT4.dll
0x00007ffad1a20000 - 0x00007ffad1aa0000 	C:\WINDOWS\System32\WS2_32.dll
0x00007ffacf550000 - 0x00007ffacf5ae000 	C:\WINDOWS\SYSTEM32\POWRPROF.dll
0x00007ffaba9a0000 - 0x00007ffaba9d6000 	C:\WINDOWS\SYSTEM32\WINMM.dll
0x00007ffabefa0000 - 0x00007ffabefab000 	C:\WINDOWS\SYSTEM32\VERSION.dll
0x00007ffacf530000 - 0x00007ffacf544000 	C:\WINDOWS\SYSTEM32\UMPDC.dll
0x00007fface440000 - 0x00007fface45b000 	C:\WINDOWS\SYSTEM32\kernel.appcore.dll
0x00007ffabb5a0000 - 0x00007ffabb5aa000 	E:\JAVA\bin\jimage.dll
0x00007ffacce70000 - 0x00007ffacd0b2000 	C:\WINDOWS\SYSTEM32\DBGHELP.DLL
0x00007ffad0ad0000 - 0x00007ffad0e53000 	C:\WINDOWS\System32\combase.dll
0x00007ffad0fb0000 - 0x00007ffad1089000 	C:\WINDOWS\System32\OLEAUT32.dll
0x00007ffabb1d0000 - 0x00007ffabb20b000 	C:\WINDOWS\SYSTEM32\dbgcore.DLL
0x00007ffacf860000 - 0x00007ffacf908000 	C:\WINDOWS\System32\bcryptPrimitives.dll
0x00007ffaa9010000 - 0x00007ffaa9035000 	E:\JAVA\bin\java.dll
0x00007ffaa7240000 - 0x00007ffaa7317000 	E:\JAVA\bin\jsvml.dll
0x00007ffad1ab0000 - 0x00007ffad2234000 	C:\WINDOWS\System32\SHELL32.dll
0x00007ffacd270000 - 0x00007ffacdaf0000 	C:\WINDOWS\SYSTEM32\windows.storage.dll
0x00007ffad0850000 - 0x00007ffad0946000 	C:\WINDOWS\System32\SHCORE.dll
0x00007ffad0720000 - 0x00007ffad0787000 	C:\WINDOWS\System32\shlwapi.dll
0x00007ffacf610000 - 0x00007ffacf639000 	C:\WINDOWS\SYSTEM32\profapi.dll
0x00007ffaaa3c0000 - 0x00007ffaaa3da000 	E:\JAVA\bin\net.dll
0x00007ffabfa20000 - 0x00007ffabfb49000 	C:\WINDOWS\SYSTEM32\WINHTTP.dll
0x00007fface990000 - 0x00007fface9fc000 	C:\WINDOWS\system32\mswsock.dll
0x00007ffaa8ff0000 - 0x00007ffaa9006000 	E:\JAVA\bin\nio.dll
0x00007ffaa8f00000 - 0x00007ffaa8f18000 	E:\JAVA\bin\zip.dll
0x00007ffabee50000 - 0x00007ffabee60000 	E:\JAVA\bin\verify.dll
0x00007ffab9950000 - 0x00007ffab995a000 	E:\JAVA\bin\management.dll
0x00007ffab9890000 - 0x00007ffab989c000 	E:\JAVA\bin\management_ext.dll
0x00007ffad2240000 - 0x00007ffad2248000 	C:\WINDOWS\System32\PSAPI.DLL
0x00007ffab93c0000 - 0x00007ffab93e7000 	E:\gradle\native\c067742578af261105cb4f569cf0c3c89f3d7b1fecec35dd04571415982c5e48\windows-amd64\native-platform.dll
0x00007ffaced90000 - 0x00007ffacedab000 	C:\WINDOWS\SYSTEM32\CRYPTSP.dll
0x00007fface3a0000 - 0x00007fface3d9000 	C:\WINDOWS\system32\rsaenh.dll
0x00007ffacea40000 - 0x00007ffacea73000 	C:\WINDOWS\SYSTEM32\USERENV.dll
0x00007ffacf5e0000 - 0x00007ffacf60a000 	C:\WINDOWS\SYSTEM32\bcrypt.dll
0x00007ffacebf0000 - 0x00007ffacebfc000 	C:\WINDOWS\SYSTEM32\CRYPTBASE.dll
0x00007ffacde20000 - 0x00007ffacde53000 	C:\WINDOWS\SYSTEM32\IPHLPAPI.DLL
0x00007ffad19b0000 - 0x00007ffad19ba000 	C:\WINDOWS\System32\NSI.dll
0x00007ffac44d0000 - 0x00007ffac44ed000 	C:\WINDOWS\SYSTEM32\dhcpcsvc6.DLL
0x00007ffac44a0000 - 0x00007ffac44c5000 	C:\WINDOWS\SYSTEM32\dhcpcsvc.DLL
0x00007ffacdeb0000 - 0x00007ffacdffa000 	C:\WINDOWS\SYSTEM32\DNSAPI.dll
0x00007fface7d0000 - 0x00007fface7dd000 	C:\WINDOWS\SYSTEM32\DSPARSE.dll
0x00007ffaaea90000 - 0x00007ffaaea99000 	E:\JAVA\bin\extnet.dll
0x00007ffabb4b0000 - 0x00007ffabb4be000 	E:\JAVA\bin\sunmscapi.dll
0x00007ffacf940000 - 0x00007ffacfab8000 	C:\WINDOWS\System32\CRYPT32.dll
0x00007ffaceef0000 - 0x00007ffacef20000 	C:\WINDOWS\SYSTEM32\ncrypt.dll
0x00007ffaceea0000 - 0x00007ffaceedf000 	C:\WINDOWS\SYSTEM32\NTASN1.dll
0x00007ffab7250000 - 0x00007ffab7258000 	C:\WINDOWS\system32\wshunix.dll

dbghelp: loaded successfully - version: 4.0.5 - missing functions: none
symbol engine: initialized successfully - sym options: 0x614 - pdb path: .;E:\JAVA\bin;C:\WINDOWS\SYSTEM32;C:\WINDOWS\WinSxS\amd64_microsoft.windows.common-controls_6595b64144ccf1df_6.0.26100.8521_none_3e08b75ce33403b3;E:\JAVA\bin\server;E:\gradle\native\c067742578af261105cb4f569cf0c3c89f3d7b1fecec35dd04571415982c5e48\windows-amd64

VM Arguments:
jvm_args: -Dorg.gradle.appname=gradlew 
java_command: org.gradle.wrapper.GradleWrapperMain -q -Ptarget-platform=android-arm,android-arm64,android-x64 -Ptarget=lib\main.dart -Pbase-application-name=android.app.Application -Pdart-defines=RkxVVFRFUl9WRVJTSU9OPTMuNDEuOQ==,RkxVVFRFUl9DSEFOTkVMPXN0YWJsZQ==,RkxVVFRFUl9HSVRfVVJMPWh0dHBzOi8vZ2l0aHViLmNvbS9mbHV0dGVyL2ZsdXR0ZXIuZ2l0,RkxVVFRFUl9GUkFNRVdPUktfUkVWSVNJT049MDBiMGM5MWYwNg==,RkxVVFRFUl9FTkdJTkVfUkVWSVNJT049NDJkM2Q3NWE1Ng==,RkxVVFRFUl9EQVJUX1ZFUlNJT049My4xMS41 -Pdart-obfuscation=false -Ptrack-widget-creation=true -Ptree-shake-icons=true assembleRelease
java_class_path (initial): E:\voice_test\android\\gradle\wrapper\gradle-wrapper.jar
Launcher Type: SUN_STANDARD

[Global flags]
     intx CICompilerCount                          = 4                                         {product} {ergonomic}
     uint ConcGCThreads                            = 2                                         {product} {ergonomic}
     uint G1ConcRefinementThreads                  = 8                                         {product} {ergonomic}
   size_t G1HeapRegionSize                         = 2097152                                   {product} {ergonomic}
    uintx GCDrainStackTargetSize                   = 64                                        {product} {ergonomic}
   size_t InitialHeapSize                          = 264241152                                 {product} {ergonomic}
   size_t MarkStackSize                            = 4194304                                   {product} {ergonomic}
   size_t MaxHeapSize                              = 4206886912                                {product} {ergonomic}
   size_t MaxNewSize                               = 2522873856                                {product} {ergonomic}
   size_t MinHeapDeltaBytes                        = 2097152                                   {product} {ergonomic}
   size_t MinHeapSize                              = 8388608                                   {product} {ergonomic}
    uintx NonNMethodCodeHeapSize                   = 5839372                                {pd product} {ergonomic}
    uintx NonProfiledCodeHeapSize                  = 122909434                              {pd product} {ergonomic}
    uintx ProfiledCodeHeapSize                     = 122909434                              {pd product} {ergonomic}
    uintx ReservedCodeCacheSize                    = 251658240                              {pd product} {ergonomic}
     bool SegmentedCodeCache                       = true                                      {product} {ergonomic}
   size_t SoftMaxHeapSize                          = 4206886912                             {manageable} {ergonomic}
     bool UseCompressedClassPointers               = true                           {product lp64_product} {ergonomic}
     bool UseCompressedOops                        = true                           {product lp64_product} {ergonomic}
     bool UseG1GC                                  = true                                      {product} {ergonomic}
     bool UseLargePagesIndividualAllocation        = false                                  {pd product} {ergonomic}

Logging:
Log output configuration:
 #0: stdout all=warning uptime,level,tags
 #1: stderr all=off uptime,level,tags

Environment Variables:
JAVA_HOME=E:\JAVA
CLASSPATH=E:\voice_test\android\\gradle\wrapper\gradle-wrapper.jar
PATH=E:\JAVA\bin;C:\Program Files\Common Files\Oracle\Java\javapath;C:\WINDOWS\system32;C:\WINDOWS;C:\WINDOWS\System32\Wbem;C:\WINDOWS\System32\WindowsPowerShell\v1.0\;C:\WINDOWS\System32\OpenSSH\;C:\Program Files\Git\cmd;C:\Program Files\Microsoft SQL Server\170\Tools\Binn\;C:\Program Files\Microsoft SQL Server\Client SDK\ODBC\170\Tools\Binn\;C:\Program Files\Microsoft SQL Server\170\DTS\Binn\;C:\Program Files\dotnet\;D:\Basira\;C:\ProgramData\chocolatey\bin;E:\JAVA\bin;E:\DOWNLOAD\New folder (2)\bin;C:\Program Files\Common Files\Oracle\Java\javapath;C:\WINDOWS\system32;C:\WINDOWS;C:\WINDOWS\System32\Wbem;C:\WINDOWS\System32\WindowsPowerShell\v1.0\;C:\WINDOWS\System32\OpenSSH\;C:\Program Files\Git\cmd;C:\Program Files\Microsoft SQL Server\170\Tools\Binn\;C:\Program Files\Microsoft SQL Server\Client SDK\ODBC\170\Tools\Binn\;C:\Program Files\Microsoft SQL Server\170\DTS\Binn\;C:\Program Files\dotnet\;D:\Basira\;C:\ProgramData\chocolatey\bin;C:\WINDOWS\system32;C:\WINDOWS;C:\WINDOWS\System32\Wbem;C:\WINDOWS\System32\WindowsPowerShell\v1.0\;C:\WINDOWS\System32\OpenSSH\;C:\Program Files\Git\cmd;C:\Program Files\Microsoft SQL Server\170\Tools\Binn\;C:\Program Files\Microsoft SQL Server\Client SDK\ODBC\170\Tools\Binn\;C:\Program Files\Microsoft SQL Server\170\DTS\Binn\;C:\Program Files\dotnet\;D:\Basira\;C:\ProgramData\chocolatey\bin;C:\Users\DELL\AppData\Local\Programs\Python\Python310\Scripts\;C:\Users\DELL\AppData\Local\Programs\Python\Python310\;C:\Users\DELL\AppData\Local\Prog;D:\flutter\bin;D:\download\Antigravity\bin;c:\Users\DELL\.antigravity\extensions\ms-python.debugpy-2026.6.0-win32-x64\bundled\scripts\noConfigScripts;D:\flutter\bin\mingit\cmd
USERNAME=DELL
LANG=en_US.UTF-8
OS=Windows_NT
PROCESSOR_IDENTIFIER=Intel64 Family 6 Model 142 Stepping 12, GenuineIntel
TMP=C:\Users\DELL\AppData\Local\Temp
TEMP=C:\Users\DELL\AppData\Local\Temp



Periodic native trim disabled


---------------  S Y S T E M  ---------------

OS:
 Windows 11 , 64 bit Build 26100 (10.0.26100.8521)
OS uptime: 0 days 2:56 hours
Hyper-V role detected

CPU: total 8 (initial active 8) (4 cores per cpu, 2 threads per core) family 6 model 142 stepping 12 microcode 0xf8, cx8, cmov, fxsr, ht, mmx, 3dnowpref, sse, sse2, sse3, ssse3, sse4.1, sse4.2, popcnt, lzcnt, tsc, tscinvbit, avx, avx2, aes, erms, clmul, bmi1, bmi2, adx, fma, vzeroupper, clflush, clflushopt, hv
Processor Information for all 8 processors :
  Max Mhz: 2304, Current Mhz: 1803, Mhz Limit: 1797

Memory: 4k page, system-wide physical 16043M (3572M free)
TotalPageFile size 19326M (AvailPageFile size 1M)
current process WorkingSet (physical memory assigned to process): 115M, peak: 128M
current process commit charge ("private bytes"): 365M, peak: 378M

vm_info: OpenJDK 64-Bit Server VM (17.0.18+8) for windows-amd64 JRE (17.0.18+8), built on Jan 20 2026 22:28:22 by "admin" with MS VC++ 17.12 (VS2022)

END.
