#
# There is insufficient memory for the Java Runtime Environment to continue.
# Native memory allocation (malloc) failed to allocate 32744 bytes. Error detail: ChunkPool::allocate
# Possible reasons:
#   The system is out of physical RAM or swap space
#   This process is running with CompressedOops enabled, and the Java Heap may be blocking the growth of the native heap
# Possible solutions:
#   Reduce memory load on the system
#   Increase physical memory or swap space
#   Check if swap backing store is full
#   Decrease Java heap size (-Xmx/-Xms)
#   Decrease number of Java threads
#   Decrease Java thread stack sizes (-Xss)
#   Set larger code cache with -XX:ReservedCodeCacheSize=
#   JVM is running with Zero Based Compressed Oops mode in which the Java heap is
#     placed in the first 32GB address space. The Java Heap base address is the
#     maximum limit for the native heap growth. Please use -XX:HeapBaseMinAddress
#     to set the Java Heap base and to place the Java Heap above 32GB virtual address.
# This output file may be truncated or incomplete.
#
#  Out of Memory Error (arena.cpp:79), pid=22224, tid=25496
#
# JRE version: OpenJDK Runtime Environment Temurin-17.0.18+8 (17.0.18+8) (build 17.0.18+8)
# Java VM: OpenJDK 64-Bit Server VM Temurin-17.0.18+8 (17.0.18+8, mixed mode, sharing, tiered, compressed oops, compressed class ptrs, g1 gc, windows-amd64)
# No core dump will be written. Minidumps are not enabled by default on client versions of Windows
#

---------------  S U M M A R Y ------------

Command Line: -Dorg.gradle.appname=gradlew org.gradle.wrapper.GradleWrapperMain -q -Ptarget-platform=android-arm,android-arm64,android-x64 -Ptarget=lib\main.dart -Pbase-application-name=android.app.Application -Pdart-defines=RkxVVFRFUl9WRVJTSU9OPTMuNDEuOQ==,RkxVVFRFUl9DSEFOTkVMPXN0YWJsZQ==,RkxVVFRFUl9HSVRfVVJMPWh0dHBzOi8vZ2l0aHViLmNvbS9mbHV0dGVyL2ZsdXR0ZXIuZ2l0,RkxVVFRFUl9GUkFNRVdPUktfUkVWSVNJT049MDBiMGM5MWYwNg==,RkxVVFRFUl9FTkdJTkVfUkVWSVNJT049NDJkM2Q3NWE1Ng==,RkxVVFRFUl9EQVJUX1ZFUlNJT049My4xMS41 -Pdart-obfuscation=false -Ptrack-widget-creation=true -Ptree-shake-icons=true assembleRelease

Host: Intel(R) Core(TM) i7-10610U CPU @ 1.80GHz, 8 cores, 15G,  Windows 11 , 64 bit Build 26100 (10.0.26100.8521)
Time: Fri Jun 12 00:59:40 2026 Egypt Daylight Time elapsed time: 953.942087 seconds (0d 0h 15m 53s)

---------------  T H R E A D  ---------------

Current thread (0x000001a9adec68d0):  JavaThread "C2 CompilerThread0" daemon [_thread_in_native, id=25496, stack(0x0000008510000000,0x0000008510100000)]


Current CompileTask:
C2:953942 1842       4       java.lang.AbstractStringBuilder::append (45 bytes)

Stack: [0x0000008510000000,0x0000008510100000]
Native frames: (J=compiled Java code, j=interpreted, Vv=VM code, C=native code)
V  [jvm.dll+0x6846f9]
V  [jvm.dll+0x839ea5]
V  [jvm.dll+0x83b91e]
V  [jvm.dll+0x83bfa3]
V  [jvm.dll+0x248eff]
V  [jvm.dll+0xad69e]
V  [jvm.dll+0xadb3c]
V  [jvm.dll+0xad5a4]
V  [jvm.dll+0x66228c]
V  [jvm.dll+0x610389]
V  [jvm.dll+0x615897]
V  [jvm.dll+0x6166d6]
V  [jvm.dll+0x614b9e]
V  [jvm.dll+0x219c30]
V  [jvm.dll+0x219200]
V  [jvm.dll+0x1a4920]
V  [jvm.dll+0x22989a]
V  [jvm.dll+0x227a4b]
V  [jvm.dll+0x7f0658]
V  [jvm.dll+0x7eaaec]
V  [jvm.dll+0x6835c7]
C  [ucrtbase.dll+0x2cd30]
C  [KERNEL32.DLL+0x2e957]
C  [ntdll.dll+0x87c1c]


---------------  P R O C E S S  ---------------

Threads class SMR info:
_java_thread_list=0x000001a9ae630c20, length=13, elements={
0x000001a98995e4b0, 0x000001a9ade9c850, 0x000001a9ade9dd80, 0x000001a9adeb5730,
0x000001a9adeb6c60, 0x000001a9adeb7620, 0x000001a9adeb9b60, 0x000001a9adec68d0,
0x000001a9adecdf20, 0x000001a9adece930, 0x000001a9ae6eef50, 0x000001a9ae6fdb40,
0x000001a9f43862f0
}

Java Threads: ( => current thread )
  0x000001a98995e4b0 JavaThread "main" [_thread_in_vm, id=25568, stack(0x000000850f300000,0x000000850f400000)]
  0x000001a9ade9c850 JavaThread "Reference Handler" daemon [_thread_blocked, id=16108, stack(0x000000850fa00000,0x000000850fb00000)]
  0x000001a9ade9dd80 JavaThread "Finalizer" daemon [_thread_blocked, id=2900, stack(0x000000850fb00000,0x000000850fc00000)]
  0x000001a9adeb5730 JavaThread "Signal Dispatcher" daemon [_thread_blocked, id=10488, stack(0x000000850fc00000,0x000000850fd00000)]
  0x000001a9adeb6c60 JavaThread "Attach Listener" daemon [_thread_blocked, id=12724, stack(0x000000850fd00000,0x000000850fe00000)]
  0x000001a9adeb7620 JavaThread "Service Thread" daemon [_thread_blocked, id=19716, stack(0x000000850fe00000,0x000000850ff00000)]
  0x000001a9adeb9b60 JavaThread "Monitor Deflation Thread" daemon [_thread_blocked, id=21740, stack(0x000000850ff00000,0x0000008510000000)]
=>0x000001a9adec68d0 JavaThread "C2 CompilerThread0" daemon [_thread_in_native, id=25496, stack(0x0000008510000000,0x0000008510100000)]
  0x000001a9adecdf20 JavaThread "C1 CompilerThread0" daemon [_thread_blocked, id=18236, stack(0x0000008510100000,0x0000008510200000)]
  0x000001a9adece930 JavaThread "Sweeper thread" daemon [_thread_blocked, id=18352, stack(0x0000008510200000,0x0000008510300000)]
  0x000001a9ae6eef50 JavaThread "Notification Thread" daemon [_thread_blocked, id=26900, stack(0x0000008510300000,0x0000008510400000)]
  0x000001a9ae6fdb40 JavaThread "Common-Cleaner" daemon [_thread_blocked, id=22476, stack(0x0000008510500000,0x0000008510600000)]
  0x000001a9f43862f0 JavaThread "pool-1-thread-1" [_thread_blocked, id=24232, stack(0x0000008510700000,0x0000008510800000)]

Other Threads:
  0x000001a9ade95890 VMThread "VM Thread" [stack: 0x000000850f900000,0x000000850fa00000] [id=14460]
  0x000001a9ae6f5450 WatcherThread [stack: 0x0000008510400000,0x0000008510500000] [id=8976]
  0x000001a9899c9180 GCTaskThread "GC Thread#0" [stack: 0x000000850f400000,0x000000850f500000] [id=22772]
  0x000001a9f412a860 GCTaskThread "GC Thread#1" [stack: 0x0000008510800000,0x0000008510900000] [id=7632]
  0x000001a9f4716b90 GCTaskThread "GC Thread#2" [stack: 0x0000008510900000,0x0000008510a00000] [id=26916]
  0x000001a9f4716350 GCTaskThread "GC Thread#3" [stack: 0x0000008510a00000,0x0000008510b00000] [id=26932]
  0x000001a9f4716090 GCTaskThread "GC Thread#4" [stack: 0x0000008510b00000,0x0000008510c00000] [id=26284]
  0x000001a9f4717110 GCTaskThread "GC Thread#5" [stack: 0x0000008510c00000,0x0000008510d00000] [id=16840]
  0x000001a9f47173d0 GCTaskThread "GC Thread#6" [stack: 0x0000008510e00000,0x0000008510f00000] [id=13624]
  0x000001a9899da760 ConcurrentGCThread "G1 Main Marker" [stack: 0x000000850f500000,0x000000850f600000] [id=13248]
  0x000001a9899dd830 ConcurrentGCThread "G1 Conc#0" [stack: 0x000000850f600000,0x000000850f700000] [id=19428]
  0x000001a989a0e070 ConcurrentGCThread "G1 Refine#0" [stack: 0x000000850f700000,0x000000850f800000] [id=17304]
  0x000001a9f4c14720 ConcurrentGCThread "G1 Refine#1" [stack: 0x0000008510f00000,0x0000008511000000] [id=23584]
  0x000001a989a0e840 ConcurrentGCThread "G1 Service" [stack: 0x000000850f800000,0x000000850f900000] [id=22244]

Threads with active compile tasks:
C2 CompilerThread0  953964 1842       4       java.lang.AbstractStringBuilder::append (45 bytes)
C1 CompilerThread0  953964 1862       3       org.gradle.internal.logging.text.AbstractLineChoppingStyledTextOutput$2::execute (77 bytes)

VM state: not at safepoint (normal execution)

VM Mutex/Monitor currently owned by a thread:  ([mutex/lock_event])
[0x000001a98995bb30] CodeCache_lock - owner thread: 0x0000000000000000

Heap address: 0x0000000705400000, size: 4012 MB, Compressed Oops mode: Zero based, Oop shift amount: 3

CDS archive(s) mapped at: [0x000001a9af000000-0x000001a9afbb0000-0x000001a9afbb0000), size 12255232, SharedBaseAddress: 0x000001a9af000000, ArchiveRelocationMode: 1.
Compressed class space mapped at: 0x000001a9b0000000-0x000001a9f0000000, reserved size: 1073741824
Narrow klass base: 0x000001a9af000000, Narrow klass shift: 0, Narrow klass range: 0x100000000

GC Precious Log:
 CPUs: 8 total, 8 available
 Memory: 16043M
 Large Page Support: Disabled
 NUMA Support: Disabled
 Compressed Oops: Enabled (Zero based)
 Heap Region Size: 2M
 Heap Min Capacity: 8M
 Heap Initial Capacity: 252M
 Heap Max Capacity: 4012M
 Pre-touch: Disabled
 Parallel Workers: 8
 Concurrent Workers: 2
 Concurrent Refinement Workers: 8
 Periodic GC: Disabled

Heap:
 garbage-first heap   total 258048K, used 19999K [0x0000000705400000, 0x0000000800000000)
  region size 2048K, 8 young (16384K), 3 survivors (6144K)
 Metaspace       used 10334K, committed 10560K, reserved 1114112K
  class space    used 1354K, committed 1408K, reserved 1048576K

Heap Regions: E=young(eden), S=young(survivor), O=old, HS=humongous(starts), HC=humongous(continues), CS=collection set, F=free, OA=open archive, CA=closed archive, TAMS=top-at-mark-start (previous, next)
|   0|0x0000000705400000, 0x0000000705600000, 0x0000000705600000|100%|HS|  |TAMS 0x0000000705400000, 0x0000000705400000| Complete 
|   1|0x0000000705600000, 0x0000000705800000, 0x0000000705800000|100%|HC|  |TAMS 0x0000000705600000, 0x0000000705600000| Complete 
|   2|0x0000000705800000, 0x0000000705987e00, 0x0000000705a00000| 76%| O|  |TAMS 0x0000000705800000, 0x0000000705800000| Untracked 
|   3|0x0000000705a00000, 0x0000000705a00000, 0x0000000705c00000|  0%| F|  |TAMS 0x0000000705a00000, 0x0000000705a00000| Untracked 
|   4|0x0000000705c00000, 0x0000000705c00000, 0x0000000705e00000|  0%| F|  |TAMS 0x0000000705c00000, 0x0000000705c00000| Untracked 
|   5|0x0000000705e00000, 0x0000000705e00000, 0x0000000706000000|  0%| F|  |TAMS 0x0000000705e00000, 0x0000000705e00000| Untracked 
|   6|0x0000000706000000, 0x0000000706000000, 0x0000000706200000|  0%| F|  |TAMS 0x0000000706000000, 0x0000000706000000| Untracked 
|   7|0x0000000706200000, 0x0000000706200000, 0x0000000706400000|  0%| F|  |TAMS 0x0000000706200000, 0x0000000706200000| Untracked 
|   8|0x0000000706400000, 0x0000000706400000, 0x0000000706600000|  0%| F|  |TAMS 0x0000000706400000, 0x0000000706400000| Untracked 
|   9|0x0000000706600000, 0x0000000706600000, 0x0000000706800000|  0%| F|  |TAMS 0x0000000706600000, 0x0000000706600000| Untracked 
|  10|0x0000000706800000, 0x0000000706800000, 0x0000000706a00000|  0%| F|  |TAMS 0x0000000706800000, 0x0000000706800000| Untracked 
|  11|0x0000000706a00000, 0x0000000706a00000, 0x0000000706c00000|  0%| F|  |TAMS 0x0000000706a00000, 0x0000000706a00000| Untracked 
|  12|0x0000000706c00000, 0x0000000706c00000, 0x0000000706e00000|  0%| F|  |TAMS 0x0000000706c00000, 0x0000000706c00000| Untracked 
|  13|0x0000000706e00000, 0x0000000706e00000, 0x0000000707000000|  0%| F|  |TAMS 0x0000000706e00000, 0x0000000706e00000| Untracked 
|  14|0x0000000707000000, 0x0000000707000000, 0x0000000707200000|  0%| F|  |TAMS 0x0000000707000000, 0x0000000707000000| Untracked 
|  15|0x0000000707200000, 0x0000000707200000, 0x0000000707400000|  0%| F|  |TAMS 0x0000000707200000, 0x0000000707200000| Untracked 
|  16|0x0000000707400000, 0x0000000707400000, 0x0000000707600000|  0%| F|  |TAMS 0x0000000707400000, 0x0000000707400000| Untracked 
|  17|0x0000000707600000, 0x0000000707600000, 0x0000000707800000|  0%| F|  |TAMS 0x0000000707600000, 0x0000000707600000| Untracked 
|  18|0x0000000707800000, 0x0000000707800000, 0x0000000707a00000|  0%| F|  |TAMS 0x0000000707800000, 0x0000000707800000| Untracked 
|  19|0x0000000707a00000, 0x0000000707a00000, 0x0000000707c00000|  0%| F|  |TAMS 0x0000000707a00000, 0x0000000707a00000| Untracked 
|  20|0x0000000707c00000, 0x0000000707c00000, 0x0000000707e00000|  0%| F|  |TAMS 0x0000000707c00000, 0x0000000707c00000| Untracked 
|  21|0x0000000707e00000, 0x0000000707e00000, 0x0000000708000000|  0%| F|  |TAMS 0x0000000707e00000, 0x0000000707e00000| Untracked 
|  22|0x0000000708000000, 0x0000000708000000, 0x0000000708200000|  0%| F|  |TAMS 0x0000000708000000, 0x0000000708000000| Untracked 
|  23|0x0000000708200000, 0x0000000708200000, 0x0000000708400000|  0%| F|  |TAMS 0x0000000708200000, 0x0000000708200000| Untracked 
|  24|0x0000000708400000, 0x0000000708400000, 0x0000000708600000|  0%| F|  |TAMS 0x0000000708400000, 0x0000000708400000| Untracked 
|  25|0x0000000708600000, 0x0000000708600000, 0x0000000708800000|  0%| F|  |TAMS 0x0000000708600000, 0x0000000708600000| Untracked 
|  26|0x0000000708800000, 0x0000000708800000, 0x0000000708a00000|  0%| F|  |TAMS 0x0000000708800000, 0x0000000708800000| Untracked 
|  27|0x0000000708a00000, 0x0000000708a00000, 0x0000000708c00000|  0%| F|  |TAMS 0x0000000708a00000, 0x0000000708a00000| Untracked 
|  28|0x0000000708c00000, 0x0000000708c00000, 0x0000000708e00000|  0%| F|  |TAMS 0x0000000708c00000, 0x0000000708c00000| Untracked 
|  29|0x0000000708e00000, 0x0000000708e00000, 0x0000000709000000|  0%| F|  |TAMS 0x0000000708e00000, 0x0000000708e00000| Untracked 
|  30|0x0000000709000000, 0x0000000709000000, 0x0000000709200000|  0%| F|  |TAMS 0x0000000709000000, 0x0000000709000000| Untracked 
|  31|0x0000000709200000, 0x0000000709200000, 0x0000000709400000|  0%| F|  |TAMS 0x0000000709200000, 0x0000000709200000| Untracked 
|  32|0x0000000709400000, 0x0000000709400000, 0x0000000709600000|  0%| F|  |TAMS 0x0000000709400000, 0x0000000709400000| Untracked 
|  33|0x0000000709600000, 0x0000000709600000, 0x0000000709800000|  0%| F|  |TAMS 0x0000000709600000, 0x0000000709600000| Untracked 
|  34|0x0000000709800000, 0x0000000709800000, 0x0000000709a00000|  0%| F|  |TAMS 0x0000000709800000, 0x0000000709800000| Untracked 
|  35|0x0000000709a00000, 0x0000000709a00000, 0x0000000709c00000|  0%| F|  |TAMS 0x0000000709a00000, 0x0000000709a00000| Untracked 
|  36|0x0000000709c00000, 0x0000000709c00000, 0x0000000709e00000|  0%| F|  |TAMS 0x0000000709c00000, 0x0000000709c00000| Untracked 
|  37|0x0000000709e00000, 0x0000000709e00000, 0x000000070a000000|  0%| F|  |TAMS 0x0000000709e00000, 0x0000000709e00000| Untracked 
|  38|0x000000070a000000, 0x000000070a000000, 0x000000070a200000|  0%| F|  |TAMS 0x000000070a000000, 0x000000070a000000| Untracked 
|  39|0x000000070a200000, 0x000000070a200000, 0x000000070a400000|  0%| F|  |TAMS 0x000000070a200000, 0x000000070a200000| Untracked 
|  40|0x000000070a400000, 0x000000070a400000, 0x000000070a600000|  0%| F|  |TAMS 0x000000070a400000, 0x000000070a400000| Untracked 
|  41|0x000000070a600000, 0x000000070a600000, 0x000000070a800000|  0%| F|  |TAMS 0x000000070a600000, 0x000000070a600000| Untracked 
|  42|0x000000070a800000, 0x000000070a800000, 0x000000070aa00000|  0%| F|  |TAMS 0x000000070a800000, 0x000000070a800000| Untracked 
|  43|0x000000070aa00000, 0x000000070aa00000, 0x000000070ac00000|  0%| F|  |TAMS 0x000000070aa00000, 0x000000070aa00000| Untracked 
|  44|0x000000070ac00000, 0x000000070ac00000, 0x000000070ae00000|  0%| F|  |TAMS 0x000000070ac00000, 0x000000070ac00000| Untracked 
|  45|0x000000070ae00000, 0x000000070ae00000, 0x000000070b000000|  0%| F|  |TAMS 0x000000070ae00000, 0x000000070ae00000| Untracked 
|  46|0x000000070b000000, 0x000000070b000000, 0x000000070b200000|  0%| F|  |TAMS 0x000000070b000000, 0x000000070b000000| Untracked 
|  47|0x000000070b200000, 0x000000070b200000, 0x000000070b400000|  0%| F|  |TAMS 0x000000070b200000, 0x000000070b200000| Untracked 
|  48|0x000000070b400000, 0x000000070b400000, 0x000000070b600000|  0%| F|  |TAMS 0x000000070b400000, 0x000000070b400000| Untracked 
|  49|0x000000070b600000, 0x000000070b600000, 0x000000070b800000|  0%| F|  |TAMS 0x000000070b600000, 0x000000070b600000| Untracked 
|  50|0x000000070b800000, 0x000000070b800000, 0x000000070ba00000|  0%| F|  |TAMS 0x000000070b800000, 0x000000070b800000| Untracked 
|  51|0x000000070ba00000, 0x000000070ba00000, 0x000000070bc00000|  0%| F|  |TAMS 0x000000070ba00000, 0x000000070ba00000| Untracked 
|  52|0x000000070bc00000, 0x000000070bc00000, 0x000000070be00000|  0%| F|  |TAMS 0x000000070bc00000, 0x000000070bc00000| Untracked 
|  53|0x000000070be00000, 0x000000070be00000, 0x000000070c000000|  0%| F|  |TAMS 0x000000070be00000, 0x000000070be00000| Untracked 
|  54|0x000000070c000000, 0x000000070c000000, 0x000000070c200000|  0%| F|  |TAMS 0x000000070c000000, 0x000000070c000000| Untracked 
|  55|0x000000070c200000, 0x000000070c200000, 0x000000070c400000|  0%| F|  |TAMS 0x000000070c200000, 0x000000070c200000| Untracked 
|  56|0x000000070c400000, 0x000000070c400000, 0x000000070c600000|  0%| F|  |TAMS 0x000000070c400000, 0x000000070c400000| Untracked 
|  57|0x000000070c600000, 0x000000070c600000, 0x000000070c800000|  0%| F|  |TAMS 0x000000070c600000, 0x000000070c600000| Untracked 
|  58|0x000000070c800000, 0x000000070c800000, 0x000000070ca00000|  0%| F|  |TAMS 0x000000070c800000, 0x000000070c800000| Untracked 
|  59|0x000000070ca00000, 0x000000070ca00000, 0x000000070cc00000|  0%| F|  |TAMS 0x000000070ca00000, 0x000000070ca00000| Untracked 
|  60|0x000000070cc00000, 0x000000070cc00000, 0x000000070ce00000|  0%| F|  |TAMS 0x000000070cc00000, 0x000000070cc00000| Untracked 
|  61|0x000000070ce00000, 0x000000070ce00000, 0x000000070d000000|  0%| F|  |TAMS 0x000000070ce00000, 0x000000070ce00000| Untracked 
|  62|0x000000070d000000, 0x000000070d000000, 0x000000070d200000|  0%| F|  |TAMS 0x000000070d000000, 0x000000070d000000| Untracked 
|  63|0x000000070d200000, 0x000000070d200000, 0x000000070d400000|  0%| F|  |TAMS 0x000000070d200000, 0x000000070d200000| Untracked 
|  64|0x000000070d400000, 0x000000070d400000, 0x000000070d600000|  0%| F|  |TAMS 0x000000070d400000, 0x000000070d400000| Untracked 
|  65|0x000000070d600000, 0x000000070d600000, 0x000000070d800000|  0%| F|  |TAMS 0x000000070d600000, 0x000000070d600000| Untracked 
|  66|0x000000070d800000, 0x000000070d800000, 0x000000070da00000|  0%| F|  |TAMS 0x000000070d800000, 0x000000070d800000| Untracked 
|  67|0x000000070da00000, 0x000000070da00000, 0x000000070dc00000|  0%| F|  |TAMS 0x000000070da00000, 0x000000070da00000| Untracked 
|  68|0x000000070dc00000, 0x000000070dc00000, 0x000000070de00000|  0%| F|  |TAMS 0x000000070dc00000, 0x000000070dc00000| Untracked 
|  69|0x000000070de00000, 0x000000070de00000, 0x000000070e000000|  0%| F|  |TAMS 0x000000070de00000, 0x000000070de00000| Untracked 
|  70|0x000000070e000000, 0x000000070e000000, 0x000000070e200000|  0%| F|  |TAMS 0x000000070e000000, 0x000000070e000000| Untracked 
|  71|0x000000070e200000, 0x000000070e200000, 0x000000070e400000|  0%| F|  |TAMS 0x000000070e200000, 0x000000070e200000| Untracked 
|  72|0x000000070e400000, 0x000000070e400000, 0x000000070e600000|  0%| F|  |TAMS 0x000000070e400000, 0x000000070e400000| Untracked 
|  73|0x000000070e600000, 0x000000070e600000, 0x000000070e800000|  0%| F|  |TAMS 0x000000070e600000, 0x000000070e600000| Untracked 
|  74|0x000000070e800000, 0x000000070e800000, 0x000000070ea00000|  0%| F|  |TAMS 0x000000070e800000, 0x000000070e800000| Untracked 
|  75|0x000000070ea00000, 0x000000070ea00000, 0x000000070ec00000|  0%| F|  |TAMS 0x000000070ea00000, 0x000000070ea00000| Untracked 
|  76|0x000000070ec00000, 0x000000070ec00000, 0x000000070ee00000|  0%| F|  |TAMS 0x000000070ec00000, 0x000000070ec00000| Untracked 
|  77|0x000000070ee00000, 0x000000070ee00000, 0x000000070f000000|  0%| F|  |TAMS 0x000000070ee00000, 0x000000070ee00000| Untracked 
|  78|0x000000070f000000, 0x000000070f000000, 0x000000070f200000|  0%| F|  |TAMS 0x000000070f000000, 0x000000070f000000| Untracked 
|  79|0x000000070f200000, 0x000000070f200000, 0x000000070f400000|  0%| F|  |TAMS 0x000000070f200000, 0x000000070f200000| Untracked 
|  80|0x000000070f400000, 0x000000070f400000, 0x000000070f600000|  0%| F|  |TAMS 0x000000070f400000, 0x000000070f400000| Untracked 
|  81|0x000000070f600000, 0x000000070f600000, 0x000000070f800000|  0%| F|  |TAMS 0x000000070f600000, 0x000000070f600000| Untracked 
|  82|0x000000070f800000, 0x000000070f800000, 0x000000070fa00000|  0%| F|  |TAMS 0x000000070f800000, 0x000000070f800000| Untracked 
|  83|0x000000070fa00000, 0x000000070fa00000, 0x000000070fc00000|  0%| F|  |TAMS 0x000000070fa00000, 0x000000070fa00000| Untracked 
|  84|0x000000070fc00000, 0x000000070fc00000, 0x000000070fe00000|  0%| F|  |TAMS 0x000000070fc00000, 0x000000070fc00000| Untracked 
|  85|0x000000070fe00000, 0x000000070fe00000, 0x0000000710000000|  0%| F|  |TAMS 0x000000070fe00000, 0x000000070fe00000| Untracked 
|  86|0x0000000710000000, 0x0000000710000000, 0x0000000710200000|  0%| F|  |TAMS 0x0000000710000000, 0x0000000710000000| Untracked 
|  87|0x0000000710200000, 0x0000000710200000, 0x0000000710400000|  0%| F|  |TAMS 0x0000000710200000, 0x0000000710200000| Untracked 
|  88|0x0000000710400000, 0x0000000710400000, 0x0000000710600000|  0%| F|  |TAMS 0x0000000710400000, 0x0000000710400000| Untracked 
|  89|0x0000000710600000, 0x0000000710600000, 0x0000000710800000|  0%| F|  |TAMS 0x0000000710600000, 0x0000000710600000| Untracked 
|  90|0x0000000710800000, 0x0000000710800000, 0x0000000710a00000|  0%| F|  |TAMS 0x0000000710800000, 0x0000000710800000| Untracked 
|  91|0x0000000710a00000, 0x0000000710a00000, 0x0000000710c00000|  0%| F|  |TAMS 0x0000000710a00000, 0x0000000710a00000| Untracked 
|  92|0x0000000710c00000, 0x0000000710c00000, 0x0000000710e00000|  0%| F|  |TAMS 0x0000000710c00000, 0x0000000710c00000| Untracked 
|  93|0x0000000710e00000, 0x0000000710e00000, 0x0000000711000000|  0%| F|  |TAMS 0x0000000710e00000, 0x0000000710e00000| Untracked 
|  94|0x0000000711000000, 0x0000000711000000, 0x0000000711200000|  0%| F|  |TAMS 0x0000000711000000, 0x0000000711000000| Untracked 
|  95|0x0000000711200000, 0x0000000711200000, 0x0000000711400000|  0%| F|  |TAMS 0x0000000711200000, 0x0000000711200000| Untracked 
|  96|0x0000000711400000, 0x0000000711400000, 0x0000000711600000|  0%| F|  |TAMS 0x0000000711400000, 0x0000000711400000| Untracked 
|  97|0x0000000711600000, 0x0000000711600000, 0x0000000711800000|  0%| F|  |TAMS 0x0000000711600000, 0x0000000711600000| Untracked 
|  98|0x0000000711800000, 0x0000000711800000, 0x0000000711a00000|  0%| F|  |TAMS 0x0000000711800000, 0x0000000711800000| Untracked 
|  99|0x0000000711a00000, 0x0000000711a00000, 0x0000000711c00000|  0%| F|  |TAMS 0x0000000711a00000, 0x0000000711a00000| Untracked 
| 100|0x0000000711c00000, 0x0000000711c00000, 0x0000000711e00000|  0%| F|  |TAMS 0x0000000711c00000, 0x0000000711c00000| Untracked 
| 101|0x0000000711e00000, 0x0000000711e00000, 0x0000000712000000|  0%| F|  |TAMS 0x0000000711e00000, 0x0000000711e00000| Untracked 
| 102|0x0000000712000000, 0x0000000712000000, 0x0000000712200000|  0%| F|  |TAMS 0x0000000712000000, 0x0000000712000000| Untracked 
| 103|0x0000000712200000, 0x0000000712200000, 0x0000000712400000|  0%| F|  |TAMS 0x0000000712200000, 0x0000000712200000| Untracked 
| 104|0x0000000712400000, 0x0000000712600000, 0x0000000712600000|100%| S|CS|TAMS 0x0000000712400000, 0x0000000712400000| Complete 
| 105|0x0000000712600000, 0x0000000712800000, 0x0000000712800000|100%| S|CS|TAMS 0x0000000712600000, 0x0000000712600000| Complete 
| 106|0x0000000712800000, 0x0000000712a00000, 0x0000000712a00000|100%| S|CS|TAMS 0x0000000712800000, 0x0000000712800000| Complete 
| 107|0x0000000712a00000, 0x0000000712a00000, 0x0000000712c00000|  0%| F|  |TAMS 0x0000000712a00000, 0x0000000712a00000| Untracked 
| 108|0x0000000712c00000, 0x0000000712c00000, 0x0000000712e00000|  0%| F|  |TAMS 0x0000000712c00000, 0x0000000712c00000| Untracked 
| 109|0x0000000712e00000, 0x0000000712e00000, 0x0000000713000000|  0%| F|  |TAMS 0x0000000712e00000, 0x0000000712e00000| Untracked 
| 110|0x0000000713000000, 0x0000000713000000, 0x0000000713200000|  0%| F|  |TAMS 0x0000000713000000, 0x0000000713000000| Untracked 
| 111|0x0000000713200000, 0x0000000713200000, 0x0000000713400000|  0%| F|  |TAMS 0x0000000713200000, 0x0000000713200000| Untracked 
| 112|0x0000000713400000, 0x0000000713400000, 0x0000000713600000|  0%| F|  |TAMS 0x0000000713400000, 0x0000000713400000| Untracked 
| 113|0x0000000713600000, 0x0000000713600000, 0x0000000713800000|  0%| F|  |TAMS 0x0000000713600000, 0x0000000713600000| Untracked 
| 114|0x0000000713800000, 0x0000000713800000, 0x0000000713a00000|  0%| F|  |TAMS 0x0000000713800000, 0x0000000713800000| Untracked 
| 115|0x0000000713a00000, 0x0000000713a00000, 0x0000000713c00000|  0%| F|  |TAMS 0x0000000713a00000, 0x0000000713a00000| Untracked 
| 116|0x0000000713c00000, 0x0000000713c00000, 0x0000000713e00000|  0%| F|  |TAMS 0x0000000713c00000, 0x0000000713c00000| Untracked 
| 117|0x0000000713e00000, 0x0000000713e00000, 0x0000000714000000|  0%| F|  |TAMS 0x0000000713e00000, 0x0000000713e00000| Untracked 
| 118|0x0000000714000000, 0x0000000714000000, 0x0000000714200000|  0%| F|  |TAMS 0x0000000714000000, 0x0000000714000000| Untracked 
| 119|0x0000000714200000, 0x0000000714200000, 0x0000000714400000|  0%| F|  |TAMS 0x0000000714200000, 0x0000000714200000| Untracked 
| 120|0x0000000714400000, 0x0000000714400000, 0x0000000714600000|  0%| F|  |TAMS 0x0000000714400000, 0x0000000714400000| Untracked 
| 121|0x0000000714600000, 0x0000000714714878, 0x0000000714800000| 54%| E|  |TAMS 0x0000000714600000, 0x0000000714600000| Complete 
| 122|0x0000000714800000, 0x0000000714a00000, 0x0000000714a00000|100%| E|CS|TAMS 0x0000000714800000, 0x0000000714800000| Complete 
| 123|0x0000000714a00000, 0x0000000714c00000, 0x0000000714c00000|100%| E|CS|TAMS 0x0000000714a00000, 0x0000000714a00000| Complete 
| 124|0x0000000714c00000, 0x0000000714e00000, 0x0000000714e00000|100%| E|CS|TAMS 0x0000000714c00000, 0x0000000714c00000| Complete 
| 125|0x0000000714e00000, 0x0000000715000000, 0x0000000715000000|100%| E|CS|TAMS 0x0000000714e00000, 0x0000000714e00000| Complete 

Card table byte_map: [0x000001a9a2d30000,0x000001a9a3510000] _byte_map_base: 0x000001a99f506000

Marking Bits (Prev, Next): (CMBitMap*) 0x000001a9899c96a0, (CMBitMap*) 0x000001a9899c96e0
 Prev Bits: [0x000001a9a3cf0000, 0x000001a9a7ba0000)
 Next Bits: [0x000001a9a7ba0000, 0x000001a9aba50000)

Polling page: 0x000001a989680000

Metaspace:

Usage:
  Non-class:      8.77 MB used.
      Class:      1.32 MB used.
       Both:     10.09 MB used.

Virtual space:
  Non-class space:       64.00 MB reserved,       8.94 MB ( 14%) committed,  1 nodes.
      Class space:        1.00 GB reserved,       1.38 MB ( <1%) committed,  1 nodes.
             Both:        1.06 GB reserved,      10.31 MB ( <1%) committed. 

Chunk freelists:
   Non-Class:  6.31 MB
       Class:  14.58 MB
        Both:  20.89 MB

MaxMetaspaceSize: unlimited
CompressedClassSpaceSize: 1.00 GB
Initial GC threshold: 21.00 MB
Current GC threshold: 21.00 MB
CDS: on
MetaspaceReclaimPolicy: balanced
 - commit_granule_bytes: 65536.
 - commit_granule_words: 8192.
 - virtual_space_node_default_size: 8388608.
 - enlarge_chunks_in_place: 1.
 - new_chunks_are_fully_committed: 0.
 - uncommit_free_chunks: 1.
 - use_allocation_guard: 0.
 - handle_deallocations: 1.


Internal statistics:

num_allocs_failed_limit: 0.
num_arena_births: 88.
num_arena_deaths: 0.
num_vsnodes_births: 2.
num_vsnodes_deaths: 0.
num_space_committed: 165.
num_space_uncommitted: 0.
num_chunks_returned_to_freelist: 0.
num_chunks_taken_from_freelist: 376.
num_chunk_merges: 0.
num_chunk_splits: 239.
num_chunks_enlarged: 197.
num_inconsistent_stats: 0.

CodeHeap 'non-profiled nmethods': size=120000Kb used=1077Kb max_used=1077Kb free=118922Kb
 bounds [0x000001a99a5c0000, 0x000001a99a830000, 0x000001a9a1af0000]
CodeHeap 'profiled nmethods': size=120000Kb used=3417Kb max_used=3417Kb free=116582Kb
 bounds [0x000001a992af0000, 0x000001a992e50000, 0x000001a99a020000]
CodeHeap 'non-nmethods': size=5760Kb used=1179Kb max_used=1252Kb free=4580Kb
 bounds [0x000001a99a020000, 0x000001a99a290000, 0x000001a99a5c0000]
 total_blobs=2338 nmethods=1861 adapters=390
 compilation: enabled
              stopped_count=0, restarted_count=0
 full_count=0

Compilation events (20 events):
Event: 619.821 Thread 0x000001a9adecdf20 nmethod 1832 0x000001a992e3c210 code [0x000001a992e3c520, 0x000001a992e3d4f8]
Event: 619.821 Thread 0x000001a9adecdf20 1833       1       java.lang.reflect.Constructor::getDeclaringClass (5 bytes)
Event: 619.821 Thread 0x000001a9adecdf20 nmethod 1833 0x000001a99a6c8510 code [0x000001a99a6c86a0, 0x000001a99a6c8778]
Event: 619.821 Thread 0x000001a9adecdf20 1834       1       java.util.concurrent.CopyOnWriteArrayList::setArray (6 bytes)
Event: 619.821 Thread 0x000001a9adecdf20 nmethod 1834 0x000001a99a6c8810 code [0x000001a99a6c89a0, 0x000001a99a6c8ab8]
Event: 619.834 Thread 0x000001a9adecdf20 1835       3       org.gradle.internal.logging.text.AbstractLineChoppingStyledTextOutput$StateContext::next (11 bytes)
Event: 619.835 Thread 0x000001a9adecdf20 nmethod 1835 0x000001a992e3da90 code [0x000001a992e3dc20, 0x000001a992e3dd38]
Event: 641.541 Thread 0x000001a9adec68d0 1836       4       java.util.concurrent.ScheduledThreadPoolExecutor$ScheduledFutureTask::run (57 bytes)
Event: 641.561 Thread 0x000001a9adec68d0 nmethod 1836 0x000001a99a6c8b10 code [0x000001a99a6c8d00, 0x000001a99a6c9708]
Event: 641.561 Thread 0x000001a9adec68d0 1839       4       java.util.concurrent.ThreadPoolExecutor::ensurePrestart (41 bytes)
Event: 641.562 Thread 0x000001a9adec68d0 nmethod 1839 0x000001a99a6c9f90 code [0x000001a99a6ca120, 0x000001a99a6ca1f8]
Event: 641.562 Thread 0x000001a9adec68d0 1837       4       java.util.concurrent.ScheduledThreadPoolExecutor$ScheduledFutureTask::setNextRunTime (38 bytes)
Event: 641.563 Thread 0x000001a9adec68d0 nmethod 1837 0x000001a99a6ca310 code [0x000001a99a6ca4a0, 0x000001a99a6ca558]
Event: 641.563 Thread 0x000001a9adec68d0 1838       4       java.util.concurrent.ScheduledThreadPoolExecutor::reExecutePeriodic (49 bytes)
Event: 641.580 Thread 0x000001a9adec68d0 nmethod 1838 0x000001a99a6ca610 code [0x000001a99a6ca7e0, 0x000001a99a6cb158]
Event: 780.942 Thread 0x000001a9adecdf20 1840       3       org.gradle.internal.time.TimeSource$1::currentTimeMillis (4 bytes)
Event: 780.943 Thread 0x000001a9adecdf20 nmethod 1840 0x000001a992e3de10 code [0x000001a992e3dfa0, 0x000001a992e3e0d8]
Event: 808.444 Thread 0x000001a9adecdf20 1841       3       org.gradle.internal.time.MonotonicClock::sync (26 bytes)
Event: 808.445 Thread 0x000001a9adecdf20 nmethod 1841 0x000001a992e3e190 code [0x000001a992e3e360, 0x000001a992e3e5b8]
Event: 953.938 Thread 0x000001a9adec68d0 1842       4       java.lang.AbstractStringBuilder::append (45 bytes)

GC Heap History (4 events):
Event: 0.619 GC heap before
{Heap before GC invocations=0 (full 0):
 garbage-first heap   total 258048K, used 20480K [0x0000000705400000, 0x0000000800000000)
  region size 2048K, 11 young (22528K), 0 survivors (0K)
 Metaspace       used 1889K, committed 1984K, reserved 1114112K
  class space    used 169K, committed 192K, reserved 1048576K
}
Event: 0.623 GC heap after
{Heap after GC invocations=1 (full 0):
 garbage-first heap   total 258048K, used 2901K [0x0000000705400000, 0x0000000800000000)
  region size 2048K, 2 young (4096K), 2 survivors (4096K)
 Metaspace       used 1889K, committed 1984K, reserved 1114112K
  class space    used 169K, committed 192K, reserved 1048576K
}
Event: 2.344 GC heap before
{Heap before GC invocations=1 (full 0):
 garbage-first heap   total 258048K, used 39765K [0x0000000705400000, 0x0000000800000000)
  region size 2048K, 19 young (38912K), 2 survivors (4096K)
 Metaspace       used 8610K, committed 8832K, reserved 1114112K
  class space    used 1164K, committed 1280K, reserved 1048576K
}
Event: 2.350 GC heap after
{Heap after GC invocations=2 (full 0):
 garbage-first heap   total 258048K, used 11807K [0x0000000705400000, 0x0000000800000000)
  region size 2048K, 3 young (6144K), 3 survivors (6144K)
 Metaspace       used 8610K, committed 8832K, reserved 1114112K
  class space    used 1164K, committed 1280K, reserved 1048576K
}

Dll operation events (12 events):
Event: 0.014 Loaded shared library E:\JAVA\bin\java.dll
Event: 0.044 Loaded shared library E:\JAVA\bin\jsvml.dll
Event: 0.097 Loaded shared library E:\JAVA\bin\net.dll
Event: 0.100 Loaded shared library E:\JAVA\bin\nio.dll
Event: 0.104 Loaded shared library E:\JAVA\bin\zip.dll
Event: 0.108 Loaded shared library E:\JAVA\bin\verify.dll
Event: 0.161 Loaded shared library E:\JAVA\bin\jimage.dll
Event: 1.267 Loaded shared library E:\JAVA\bin\management.dll
Event: 1.269 Loaded shared library E:\JAVA\bin\management_ext.dll
Event: 1.501 Loaded shared library E:\gradle\native\c067742578af261105cb4f569cf0c3c89f3d7b1fecec35dd04571415982c5e48\windows-amd64\native-platform.dll
Event: 2.185 Loaded shared library E:\JAVA\bin\extnet.dll
Event: 5.790 Loaded shared library E:\JAVA\bin\sunmscapi.dll

Deoptimization events (20 events):
Event: 953.935 Thread 0x000001a98995e4b0 Uncommon trap: trap_request=0xffffff45 fr.pc=0x000001a99a69f4d0 relative=0x00000000000007b0
Event: 953.935 Thread 0x000001a98995e4b0 Uncommon trap: reason=unstable_if action=reinterpret pc=0x000001a99a69f4d0 method=sun.nio.ch.WEPollSelectorImpl.toReadyOps(I)I @ 5 c2
Event: 953.935 Thread 0x000001a98995e4b0 DEOPT PACKING pc=0x000001a99a69f4d0 sp=0x000000850f3fd2c0
Event: 953.935 Thread 0x000001a98995e4b0 DEOPT UNPACKING pc=0x000001a99a0769a3 sp=0x000000850f3fd1c8 mode 2
Event: 953.935 Thread 0x000001a98995e4b0 Uncommon trap: trap_request=0xffffff45 fr.pc=0x000001a99a69e55c relative=0x000000000000013c
Event: 953.935 Thread 0x000001a98995e4b0 Uncommon trap: reason=unstable_if action=reinterpret pc=0x000001a99a69e55c method=sun.nio.ch.SocketChannelImpl.translateReadyOps(IILsun/nio/ch/SelectionKeyImpl;)Z @ 34 c2
Event: 953.935 Thread 0x000001a98995e4b0 DEOPT PACKING pc=0x000001a99a69e55c sp=0x000000850f3fd170
Event: 953.935 Thread 0x000001a98995e4b0 DEOPT UNPACKING pc=0x000001a99a0769a3 sp=0x000000850f3fd070 mode 2
Event: 953.936 Thread 0x000001a98995e4b0 Uncommon trap: trap_request=0xffffffb5 fr.pc=0x000001a99a6a2d60 relative=0x0000000000002500
Event: 953.936 Thread 0x000001a98995e4b0 Uncommon trap: reason=unloaded action=reinterpret pc=0x000001a99a6a2d60 method=sun.nio.ch.SocketChannelImpl.read(Ljava/nio/ByteBuffer;)I @ 194 c2
Event: 953.936 Thread 0x000001a98995e4b0 DEOPT PACKING pc=0x000001a99a6a2d60 sp=0x000000850f3fd320
Event: 953.936 Thread 0x000001a98995e4b0 DEOPT UNPACKING pc=0x000001a99a0769a3 sp=0x000000850f3fd290 mode 2
Event: 953.938 Thread 0x000001a98995e4b0 Uncommon trap: trap_request=0xffffff45 fr.pc=0x000001a99a6979c4 relative=0x0000000000000724
Event: 953.938 Thread 0x000001a98995e4b0 Uncommon trap: reason=unstable_if action=reinterpret pc=0x000001a99a6979c4 method=com.esotericsoftware.kryo.io.Input.require(I)I @ 180 c2
Event: 953.938 Thread 0x000001a98995e4b0 DEOPT PACKING pc=0x000001a99a6979c4 sp=0x000000850f3fd3f0
Event: 953.938 Thread 0x000001a98995e4b0 DEOPT UNPACKING pc=0x000001a99a0769a3 sp=0x000000850f3fd0d0 mode 2
Event: 953.940 Thread 0x000001a98995e4b0 Uncommon trap: trap_request=0xffffffde fr.pc=0x000001a99a6aee54 relative=0x0000000000007434
Event: 953.940 Thread 0x000001a98995e4b0 Uncommon trap: reason=class_check action=maybe_recompile pc=0x000001a99a6aee54 method=org.gradle.internal.logging.sink.OutputEventTransformer.onOutput(Lorg/gradle/internal/logging/events/OutputEvent;)V @ 308 c2
Event: 953.940 Thread 0x000001a98995e4b0 DEOPT PACKING pc=0x000001a99a6aee54 sp=0x000000850f3fcff0
Event: 953.940 Thread 0x000001a98995e4b0 DEOPT UNPACKING pc=0x000001a99a0769a3 sp=0x000000850f3fd008 mode 2

Classes loaded (20 events):
Event: 619.820 Loading class jdk/internal/logger/LoggerFinderLoader done
Event: 619.820 Loading class jdk/internal/logger/LoggerFinderLoader$TemporaryLoggerFinder
Event: 619.820 Loading class jdk/internal/logger/LoggerFinderLoader$TemporaryLoggerFinder done
Event: 619.820 Loading class sun/util/logging/internal/LoggingProviderImpl$JULWrapper
Event: 619.820 Loading class sun/util/logging/PlatformLogger$ConfigurableBridge$LoggerConfiguration
Event: 619.820 Loading class sun/util/logging/PlatformLogger$ConfigurableBridge$LoggerConfiguration done
Event: 619.820 Loading class sun/util/logging/internal/LoggingProviderImpl$JULWrapper done
Event: 619.821 Loading class java/io/ObjectInputFilter
Event: 619.821 Loading class java/io/ObjectInputFilter done
Event: 619.821 Loading class java/io/ObjectInputFilter$Config$BuiltinFilterFactory
Event: 619.821 Loading class java/io/ObjectInputFilter$Config$BuiltinFilterFactory done
Event: 619.821 Loading class jdk/internal/access/JavaObjectInputFilterAccess
Event: 619.821 Loading class jdk/internal/access/JavaObjectInputFilterAccess done
Event: 619.822 Loading class java/lang/System$Logger$Level
Event: 619.822 Loading class java/lang/System$Logger$Level done
Event: 619.822 Loading class java/io/Bits
Event: 619.822 Loading class java/io/Bits done
Event: 953.935 Loading class sun/net/ConnectionResetException
Event: 953.936 Loading class sun/net/ConnectionResetException done
Event: 953.940 Loading class java/nio/file/FileChannelLinesSpliterator

Classes unloaded (0 events):
No events

Classes redefined (0 events):
No events

Internal exceptions (20 events):
Event: 1.453 Thread 0x000001a98995e4b0 Exception <a 'java/lang/NoSuchMethodError'{0x00000007141a6b20}: 'java.lang.Object java.lang.invoke.Invokers$Holder.invoker(java.lang.Object, java.lang.Object, java.lang.Object)'> (0x00000007141a6b20) 
thrown [s\src\hotspot\share\interpreter\linkResolver.cpp, line 759]
Event: 1.455 Thread 0x000001a98995e4b0 Exception <a 'java/lang/NoSuchMethodError'{0x00000007141afc78}: 'java.lang.Object java.lang.invoke.DirectMethodHandle$Holder.invokeStatic(java.lang.Object, java.lang.Object, int)'> (0x00000007141afc78) 
thrown [s\src\hotspot\share\interpreter\linkResolver.cpp, line 759]
Event: 1.458 Thread 0x000001a98995e4b0 Exception <a 'java/lang/NoSuchMethodError'{0x00000007141bb968}: 'void java.lang.invoke.DelegatingMethodHandle$Holder.delegate(java.lang.Object, java.lang.Object, int, java.lang.Object)'> (0x00000007141bb968) 
thrown [s\src\hotspot\share\interpreter\linkResolver.cpp, line 759]
Event: 1.468 Thread 0x000001a98995e4b0 Exception <a 'java/lang/NoSuchMethodError'{0x00000007141cefb0}: 'java.lang.Object java.lang.invoke.Invokers$Holder.invokeExact_MT(java.lang.Object, java.lang.Object, java.lang.Object, java.lang.Object)'> (0x00000007141cefb0) 
thrown [s\src\hotspot\share\interpreter\linkResolver.cpp, line 759]
Event: 1.487 Thread 0x000001a98995e4b0 Exception <a 'java/lang/NoSuchMethodError'{0x00000007141fc250}: 'java.lang.Object java.lang.invoke.DirectMethodHandle$Holder.invokeVirtual(java.lang.Object, java.lang.Object, java.lang.Object)'> (0x00000007141fc250) 
thrown [s\src\hotspot\share\interpreter\linkResolver.cpp, line 759]
Event: 1.594 Thread 0x000001a98995e4b0 Exception <a 'java/lang/NoSuchMethodError'{0x0000000713d305a8}: 'java.lang.Object java.lang.invoke.DirectMethodHandle$Holder.newInvokeSpecial(java.lang.Object, java.lang.Object, java.lang.Object, java.lang.Object, java.lang.Object)'> (0x0000000713d305a8) 
thrown [s\src\hotspot\share\interpreter\linkResolver.cpp, line 759]
Event: 1.634 Thread 0x000001a98995e4b0 Exception <a 'java/lang/NoSuchMethodError'{0x0000000713a43398}: 'void java.lang.invoke.DirectMethodHandle$Holder.invokeSpecial(java.lang.Object, java.lang.Object, java.lang.Object)'> (0x0000000713a43398) 
thrown [s\src\hotspot\share\interpreter\linkResolver.cpp, line 759]
Event: 1.673 Thread 0x000001a98995e4b0 Exception <a 'java/lang/NoSuchMethodError'{0x0000000713b32be0}: 'int java.lang.invoke.DirectMethodHandle$Holder.invokeVirtual(java.lang.Object, java.lang.Object, java.lang.Object)'> (0x0000000713b32be0) 
thrown [s\src\hotspot\share\interpreter\linkResolver.cpp, line 759]
Event: 1.775 Thread 0x000001a98995e4b0 Exception <a 'java/lang/NoSuchMethodError'{0x0000000713206690}: 'java.lang.Object java.lang.invoke.DirectMethodHandle$Holder.invokeSpecialIFC(java.lang.Object, java.lang.Object, java.lang.Object, java.lang.Object)'> (0x0000000713206690) 
thrown [s\src\hotspot\share\interpreter\linkResolver.cpp, line 759]
Event: 1.872 Thread 0x000001a98995e4b0 Exception <a 'java/lang/NoSuchMethodError'{0x00000007130d1d50}: 'java.lang.Object java.lang.invoke.DirectMethodHandle$Holder.invokeStaticInit(java.lang.Object, int, int, int, int)'> (0x00000007130d1d50) 
thrown [s\src\hotspot\share\interpreter\linkResolver.cpp, line 759]
Event: 1.964 Thread 0x000001a98995e4b0 Exception <a 'java/lang/NoSuchMethodError'{0x00000007130f3f68}: 'java.lang.Object java.lang.invoke.DirectMethodHandle$Holder.invokeStaticInit(java.lang.Object, java.lang.Object, int, int, int, int)'> (0x00000007130f3f68) 
thrown [s\src\hotspot\share\interpreter\linkResolver.cpp, line 759]
Event: 2.188 Thread 0x000001a98995e4b0 Exception <a 'java/lang/NoSuchMethodError'{0x0000000713126928}: 'void java.lang.invoke.DirectMethodHandle$Holder.invokeStatic(java.lang.Object, java.lang.Object, java.lang.Object)'> (0x0000000713126928) 
thrown [s\src\hotspot\share\interpreter\linkResolver.cpp, line 759]
Event: 2.215 Thread 0x000001a98995e4b0 Implicit null exception at 0x000001a99a6061f2 to 0x000001a99a60684c
Event: 2.216 Thread 0x000001a98995e4b0 Implicit null exception at 0x000001a99a61d172 to 0x000001a99a61d7cc
Event: 2.361 Thread 0x000001a9f4c1f260 Exception <a 'java/lang/NoSuchMethodError'{0x0000000714e0a358}: 'void java.lang.invoke.DirectMethodHandle$Holder.invokeStatic(java.lang.Object, long)'> (0x0000000714e0a358) 
thrown [s\src\hotspot\share\interpreter\linkResolver.cpp, line 759]
Event: 2.362 Thread 0x000001a9f4c1f260 Exception <a 'java/lang/NoSuchMethodError'{0x0000000714e0fcb0}: 'java.lang.Object java.lang.invoke.DirectMethodHandle$Holder.newInvokeSpecial(java.lang.Object, long)'> (0x0000000714e0fcb0) 
thrown [s\src\hotspot\share\interpreter\linkResolver.cpp, line 759]
Event: 2.364 Thread 0x000001a9f4c1f260 Exception <a 'java/lang/NoSuchMethodError'{0x0000000714e1a8c8}: 'java.lang.Object java.lang.invoke.DirectMethodHandle$Holder.invokeStaticInit(java.lang.Object, java.lang.Object, long, java.lang.Object)'> (0x0000000714e1a8c8) 
thrown [s\src\hotspot\share\interpreter\linkResolver.cpp, line 759]
Event: 2.365 Thread 0x000001a9f4c1f260 Exception <a 'java/lang/NoSuchMethodError'{0x0000000714e20f50}: 'java.lang.Object java.lang.invoke.DirectMethodHandle$Holder.newInvokeSpecial(java.lang.Object, java.lang.Object, long)'> (0x0000000714e20f50) 
thrown [s\src\hotspot\share\interpreter\linkResolver.cpp, line 759]
Event: 2.366 Thread 0x000001a9f4c1f260 Exception <a 'java/lang/NoSuchMethodError'{0x0000000714e25240}: 'java.lang.Object java.lang.invoke.Invokers$Holder.linkToTargetMethod(java.lang.Object, long, java.lang.Object)'> (0x0000000714e25240) 
thrown [s\src\hotspot\share\interpreter\linkResolver.cpp, line 759]
Event: 953.936 Thread 0x000001a98995e4b0 Exception <a 'sun/net/ConnectionResetException'{0x000000071463e990}: Connection reset> (0x000000071463e990) 
thrown [s\src\hotspot\share\prims\jni.cpp, line 535]

VM Operations (20 events):
Event: 426.691 Executing VM operation: Cleanup
Event: 426.691 Executing VM operation: Cleanup done
Event: 437.753 Executing VM operation: Cleanup
Event: 437.753 Executing VM operation: Cleanup done
Event: 446.795 Executing VM operation: Cleanup
Event: 446.795 Executing VM operation: Cleanup done
Event: 460.863 Executing VM operation: Cleanup
Event: 460.863 Executing VM operation: Cleanup done
Event: 461.868 Executing VM operation: Cleanup
Event: 461.868 Executing VM operation: Cleanup done
Event: 480.686 Executing VM operation: HandshakeAllThreads
Event: 480.686 Executing VM operation: HandshakeAllThreads done
Event: 540.065 Executing VM operation: Cleanup
Event: 540.065 Executing VM operation: Cleanup done
Event: 601.059 Executing VM operation: HandshakeAllThreads
Event: 601.059 Executing VM operation: HandshakeAllThreads done
Event: 620.199 Executing VM operation: Cleanup
Event: 620.199 Executing VM operation: Cleanup done
Event: 661.233 Executing VM operation: HandshakeAllThreads
Event: 661.233 Executing VM operation: HandshakeAllThreads done

Memory protections (0 events):
No events

Nmethod flushes (0 events):
No events

Events (20 events):
Event: 0.068 Thread 0x000001a98995e4b0 Thread added: 0x000001a9adece930
Event: 0.090 Thread 0x000001a98995e4b0 Thread added: 0x000001a9ae6eef50
Event: 0.094 Thread 0x000001a98995e4b0 Thread added: 0x000001a9ae6fdb40
Event: 0.472 Thread 0x000001a9adecdf20 Thread added: 0x000001a9ae9245b0
Event: 0.526 Thread 0x000001a9adecdf20 Thread added: 0x000001a9ae922b20
Event: 1.194 Thread 0x000001a9ae922b20 Thread exited: 0x000001a9ae922b20
Event: 1.532 Thread 0x000001a98995e4b0 Thread added: 0x000001a9f43862f0
Event: 1.863 Thread 0x000001a9ae9245b0 Thread exited: 0x000001a9ae9245b0
Event: 2.260 Thread 0x000001a9adecdf20 Thread added: 0x000001a9ae923b10
Event: 2.342 Thread 0x000001a98995e4b0 Thread added: 0x000001a9f4c1f260
Event: 2.368 Thread 0x000001a9f4c1f260 Thread added: 0x000001a9f516beb0
Event: 2.369 Thread 0x000001a9f516beb0 Thread exited: 0x000001a9f516beb0
Event: 2.370 Thread 0x000001a9f4c1f260 Thread added: 0x000001a9f516beb0
Event: 2.545 Thread 0x000001a9ae923b10 Thread exited: 0x000001a9ae923b10
Event: 5.744 Thread 0x000001a9f4c1f260 Thread exited: 0x000001a9f4c1f260
Event: 5.744 Thread 0x000001a9f516beb0 Thread exited: 0x000001a9f516beb0
Event: 5.823 Thread 0x000001a9adecdf20 Thread added: 0x000001a9ae925af0
Event: 5.824 Thread 0x000001a9adecdf20 Thread added: 0x000001a9ae923070
Event: 6.344 Thread 0x000001a9ae923070 Thread exited: 0x000001a9ae923070
Event: 6.344 Thread 0x000001a9ae925af0 Thread exited: 0x000001a9ae925af0


Dynamic libraries:
0x00007ff6972c0000 - 0x00007ff6972ce000 	E:\JAVA\bin\java.exe
0x00007ffad2460000 - 0x00007ffad26c6000 	C:\WINDOWS\SYSTEM32\ntdll.dll
0x00007ffad12a0000 - 0x00007ffad1369000 	C:\WINDOWS\System32\KERNEL32.DLL
0x00007ffacfdd0000 - 0x00007ffad01ca000 	C:\WINDOWS\System32\KERNELBASE.dll
0x00007ffacfc80000 - 0x00007ffacfdcc000 	C:\WINDOWS\System32\ucrtbase.dll
0x00007ffab9050000 - 0x00007ffab9068000 	E:\JAVA\bin\jli.dll
0x00007ffaaf7e0000 - 0x00007ffaaf7fe000 	E:\JAVA\bin\VCRUNTIME140.dll
0x00007ffad2250000 - 0x00007ffad2417000 	C:\WINDOWS\System32\USER32.dll
0x00007ffacf910000 - 0x00007ffacf937000 	C:\WINDOWS\System32\win32u.dll
0x00007ffaba700000 - 0x00007ffaba992000 	C:\WINDOWS\WinSxS\amd64_microsoft.windows.common-controls_6595b64144ccf1df_6.0.26100.8521_none_3e08b75ce33403b3\COMCTL32.dll
0x00007ffad1820000 - 0x00007ffad18c9000 	C:\WINDOWS\System32\msvcrt.dll
0x00007ffad18d0000 - 0x00007ffad18fb000 	C:\WINDOWS\System32\GDI32.dll
0x00007ffacfac0000 - 0x00007ffacfbeb000 	C:\WINDOWS\System32\gdi32full.dll
0x00007ffacf7b0000 - 0x00007ffacf853000 	C:\WINDOWS\System32\msvcp_win.dll
0x00007ffad01d0000 - 0x00007ffad0202000 	C:\WINDOWS\System32\IMM32.DLL
0x00007ffabdba0000 - 0x00007ffabdbac000 	E:\JAVA\bin\vcruntime140_1.dll
0x00007ffa6fc50000 - 0x00007ffa6fcdd000 	E:\JAVA\bin\msvcp140.dll
0x00007ffa547d0000 - 0x00007ffa5543b000 	E:\JAVA\bin\server\jvm.dll
0x00007ffad0e60000 - 0x00007ffad0f16000 	C:\WINDOWS\System32\ADVAPI32.dll
0x00007ffad1900000 - 0x00007ffad19aa000 	C:\WINDOWS\System32\sechost.dll
0x00007ffad1700000 - 0x00007ffad1818000 	C:\WINDOWS\System32\RPCRT4.dll
0x00007ffad1a20000 - 0x00007ffad1aa0000 	C:\WINDOWS\System32\WS2_32.dll
0x00007ffacf550000 - 0x00007ffacf5ae000 	C:\WINDOWS\SYSTEM32\POWRPROF.dll
0x00007ffaba9a0000 - 0x00007ffaba9d6000 	C:\WINDOWS\SYSTEM32\WINMM.dll
0x00007ffabefa0000 - 0x00007ffabefab000 	C:\WINDOWS\SYSTEM32\VERSION.dll
0x00007ffacf530000 - 0x00007ffacf544000 	C:\WINDOWS\SYSTEM32\UMPDC.dll
0x00007fface440000 - 0x00007fface45b000 	C:\WINDOWS\SYSTEM32\kernel.appcore.dll
0x00007ffabdb10000 - 0x00007ffabdb1a000 	E:\JAVA\bin\jimage.dll
0x00007ffacce70000 - 0x00007ffacd0b2000 	C:\WINDOWS\SYSTEM32\DBGHELP.DLL
0x00007ffad0ad0000 - 0x00007ffad0e53000 	C:\WINDOWS\System32\combase.dll
0x00007ffad0fb0000 - 0x00007ffad1089000 	C:\WINDOWS\System32\OLEAUT32.dll
0x00007ffabb1d0000 - 0x00007ffabb20b000 	C:\WINDOWS\SYSTEM32\dbgcore.DLL
0x00007ffacf860000 - 0x00007ffacf908000 	C:\WINDOWS\System32\bcryptPrimitives.dll
0x00007ffaa66f0000 - 0x00007ffaa6715000 	E:\JAVA\bin\java.dll
0x00007ffa66e60000 - 0x00007ffa66f37000 	E:\JAVA\bin\jsvml.dll
0x00007ffad1ab0000 - 0x00007ffad2234000 	C:\WINDOWS\System32\SHELL32.dll
0x00007ffacd270000 - 0x00007ffacdaf0000 	C:\WINDOWS\SYSTEM32\windows.storage.dll
0x00007ffad0850000 - 0x00007ffad0946000 	C:\WINDOWS\System32\SHCORE.dll
0x00007ffad0720000 - 0x00007ffad0787000 	C:\WINDOWS\System32\shlwapi.dll
0x00007ffacf610000 - 0x00007ffacf639000 	C:\WINDOWS\SYSTEM32\profapi.dll
0x00007ffaac140000 - 0x00007ffaac15a000 	E:\JAVA\bin\net.dll
0x00007ffabfa20000 - 0x00007ffabfb49000 	C:\WINDOWS\SYSTEM32\WINHTTP.dll
0x00007fface990000 - 0x00007fface9fc000 	C:\WINDOWS\system32\mswsock.dll
0x00007ffaaa3c0000 - 0x00007ffaaa3d6000 	E:\JAVA\bin\nio.dll
0x00007ffaa8ed0000 - 0x00007ffaa8ee8000 	E:\JAVA\bin\zip.dll
0x00007ffabb4b0000 - 0x00007ffabb4c0000 	E:\JAVA\bin\verify.dll
0x00007ffabda90000 - 0x00007ffabda9a000 	E:\JAVA\bin\management.dll
0x00007ffabd970000 - 0x00007ffabd97c000 	E:\JAVA\bin\management_ext.dll
0x00007ffad2240000 - 0x00007ffad2248000 	C:\WINDOWS\System32\PSAPI.DLL
0x00007ffab8d90000 - 0x00007ffab8db7000 	E:\gradle\native\c067742578af261105cb4f569cf0c3c89f3d7b1fecec35dd04571415982c5e48\windows-amd64\native-platform.dll
0x00007ffaced90000 - 0x00007ffacedab000 	C:\WINDOWS\SYSTEM32\CRYPTSP.dll
0x00007fface3a0000 - 0x00007fface3d9000 	C:\WINDOWS\system32\rsaenh.dll
0x00007ffacea40000 - 0x00007ffacea73000 	C:\WINDOWS\SYSTEM32\USERENV.dll
0x00007ffacf5e0000 - 0x00007ffacf60a000 	C:\WINDOWS\SYSTEM32\bcrypt.dll
0x00007ffacebf0000 - 0x00007ffacebfc000 	C:\WINDOWS\SYSTEM32\CRYPTBASE.dll
0x00007ffacde20000 - 0x00007ffacde53000 	C:\WINDOWS\SYSTEM32\IPHLPAPI.DLL
0x00007ffad19b0000 - 0x00007ffad19ba000 	C:\WINDOWS\System32\NSI.dll
0x00007ffac44d0000 - 0x00007ffac44ed000 	C:\WINDOWS\SYSTEM32\dhcpcsvc6.DLL
0x00007ffac44a0000 - 0x00007ffac44c5000 	C:\WINDOWS\SYSTEM32\dhcpcsvc.DLL
0x00007ffacdeb0000 - 0x00007ffacdffa000 	C:\WINDOWS\SYSTEM32\DNSAPI.dll
0x00007fface7d0000 - 0x00007fface7dd000 	C:\WINDOWS\SYSTEM32\DSPARSE.dll
0x00007ffabd7f0000 - 0x00007ffabd7f9000 	E:\JAVA\bin\extnet.dll
0x00007ffabdaa0000 - 0x00007ffabdaae000 	E:\JAVA\bin\sunmscapi.dll
0x00007ffacf940000 - 0x00007ffacfab8000 	C:\WINDOWS\System32\CRYPT32.dll
0x00007ffaceef0000 - 0x00007ffacef20000 	C:\WINDOWS\SYSTEM32\ncrypt.dll
0x00007ffaceea0000 - 0x00007ffaceedf000 	C:\WINDOWS\SYSTEM32\NTASN1.dll
0x00007ffab7250000 - 0x00007ffab7258000 	C:\WINDOWS\system32\wshunix.dll

dbghelp: loaded successfully - version: 4.0.5 - missing functions: none
symbol engine: initialized successfully - sym options: 0x614 - pdb path: .;E:\JAVA\bin;C:\WINDOWS\SYSTEM32;C:\WINDOWS\WinSxS\amd64_microsoft.windows.common-controls_6595b64144ccf1df_6.0.26100.8521_none_3e08b75ce33403b3;E:\JAVA\bin\server;E:\gradle\native\c067742578af261105cb4f569cf0c3c89f3d7b1fecec35dd04571415982c5e48\windows-amd64

VM Arguments:
jvm_args: -Dorg.gradle.appname=gradlew 
java_command: org.gradle.wrapper.GradleWrapperMain -q -Ptarget-platform=android-arm,android-arm64,android-x64 -Ptarget=lib\main.dart -Pbase-application-name=android.app.Application -Pdart-defines=RkxVVFRFUl9WRVJTSU9OPTMuNDEuOQ==,RkxVVFRFUl9DSEFOTkVMPXN0YWJsZQ==,RkxVVFRFUl9HSVRfVVJMPWh0dHBzOi8vZ2l0aHViLmNvbS9mbHV0dGVyL2ZsdXR0ZXIuZ2l0,RkxVVFRFUl9GUkFNRVdPUktfUkVWSVNJT049MDBiMGM5MWYwNg==,RkxVVFRFUl9FTkdJTkVfUkVWSVNJT049NDJkM2Q3NWE1Ng==,RkxVVFRFUl9EQVJUX1ZFUlNJT049My4xMS41 -Pdart-obfuscation=false -Ptrack-widget-creation=true -Ptree-shake-icons=true assembleRelease
java_class_path (initial): E:\voice_test\android\\gradle\wrapper\gradle-wrapper.jar
Launcher Type: SUN_STANDARD

[Global flags]
     intx CICompilerCount                          = 4                                         {product} {ergonomic}
     uint ConcGCThreads                            = 2                                         {product} {ergonomic}
     uint G1ConcRefinementThreads                  = 8                                         {product} {ergonomic}
   size_t G1HeapRegionSize                         = 2097152                                   {product} {ergonomic}
    uintx GCDrainStackTargetSize                   = 64                                        {product} {ergonomic}
   size_t InitialHeapSize                          = 264241152                                 {product} {ergonomic}
   size_t MarkStackSize                            = 4194304                                   {product} {ergonomic}
   size_t MaxHeapSize                              = 4206886912                                {product} {ergonomic}
   size_t MaxNewSize                               = 2522873856                                {product} {ergonomic}
   size_t MinHeapDeltaBytes                        = 2097152                                   {product} {ergonomic}
   size_t MinHeapSize                              = 8388608                                   {product} {ergonomic}
    uintx NonNMethodCodeHeapSize                   = 5839372                                {pd product} {ergonomic}
    uintx NonProfiledCodeHeapSize                  = 122909434                              {pd product} {ergonomic}
    uintx ProfiledCodeHeapSize                     = 122909434                              {pd product} {ergonomic}
    uintx ReservedCodeCacheSize                    = 251658240                              {pd product} {ergonomic}
     bool SegmentedCodeCache                       = true                                      {product} {ergonomic}
   size_t SoftMaxHeapSize                          = 4206886912                             {manageable} {ergonomic}
     bool UseCompressedClassPointers               = true                           {product lp64_product} {ergonomic}
     bool UseCompressedOops                        = true                           {product lp64_product} {ergonomic}
     bool UseG1GC                                  = true                                      {product} {ergonomic}
     bool UseLargePagesIndividualAllocation        = false                                  {pd product} {ergonomic}

Logging:
Log output configuration:
 #0: stdout all=warning uptime,level,tags
 #1: stderr all=off uptime,level,tags

Environment Variables:
JAVA_HOME=E:\JAVA
CLASSPATH=E:\voice_test\android\\gradle\wrapper\gradle-wrapper.jar
PATH=E:\JAVA\bin;C:\Program Files\Common Files\Oracle\Java\javapath;C:\WINDOWS\system32;C:\WINDOWS;C:\WINDOWS\System32\Wbem;C:\WINDOWS\System32\WindowsPowerShell\v1.0\;C:\WINDOWS\System32\OpenSSH\;C:\Program Files\Git\cmd;C:\Program Files\Microsoft SQL Server\170\Tools\Binn\;C:\Program Files\Microsoft SQL Server\Client SDK\ODBC\170\Tools\Binn\;C:\Program Files\Microsoft SQL Server\170\DTS\Binn\;C:\Program Files\dotnet\;D:\Basira\;C:\ProgramData\chocolatey\bin;E:\JAVA\bin;E:\DOWNLOAD\New folder (2)\bin;C:\Program Files\Common Files\Oracle\Java\javapath;C:\WINDOWS\system32;C:\WINDOWS;C:\WINDOWS\System32\Wbem;C:\WINDOWS\System32\WindowsPowerShell\v1.0\;C:\WINDOWS\System32\OpenSSH\;C:\Program Files\Git\cmd;C:\Program Files\Microsoft SQL Server\170\Tools\Binn\;C:\Program Files\Microsoft SQL Server\Client SDK\ODBC\170\Tools\Binn\;C:\Program Files\Microsoft SQL Server\170\DTS\Binn\;C:\Program Files\dotnet\;D:\Basira\;C:\ProgramData\chocolatey\bin;C:\WINDOWS\system32;C:\WINDOWS;C:\WINDOWS\System32\Wbem;C:\WINDOWS\System32\WindowsPowerShell\v1.0\;C:\WINDOWS\System32\OpenSSH\;C:\Program Files\Git\cmd;C:\Program Files\Microsoft SQL Server\170\Tools\Binn\;C:\Program Files\Microsoft SQL Server\Client SDK\ODBC\170\Tools\Binn\;C:\Program Files\Microsoft SQL Server\170\DTS\Binn\;C:\Program Files\dotnet\;D:\Basira\;C:\ProgramData\chocolatey\bin;C:\Users\DELL\AppData\Local\Programs\Python\Python310\Scripts\;C:\Users\DELL\AppData\Local\Programs\Python\Python310\;C:\Users\DELL\AppData\Local\Prog;E:\flutter\bin;D:\download\Antigravity\bin;;c:\Users\DELL\.antigravity\extensions\ms-python.debugpy-2026.6.0-win32-x64\bundled\scripts\noConfigScripts;E:\flutter\bin\mingit\cmd
USERNAME=DELL
LANG=en_US.UTF-8
OS=Windows_NT
PROCESSOR_IDENTIFIER=Intel64 Family 6 Model 142 Stepping 12, GenuineIntel
TMP=C:\Users\DELL\AppData\Local\Temp
TEMP=C:\Users\DELL\AppData\Local\Temp



Periodic native trim disabled


---------------  S Y S T E M  ---------------

OS:
 Windows 11 , 64 bit Build 26100 (10.0.26100.8521)
OS uptime: 1 days 9:19 hours
Hyper-V role detected

CPU: total 8 (initial active 8) (4 cores per cpu, 2 threads per core) family 6 model 142 stepping 12 microcode 0xf8, cx8, cmov, fxsr, ht, mmx, 3dnowpref, sse, sse2, sse3, ssse3, sse4.1, sse4.2, popcnt, lzcnt, tsc, tscinvbit, avx, avx2, aes, erms, clmul, bmi1, bmi2, adx, fma, vzeroupper, clflush, clflushopt, hv
Processor Information for all 8 processors :
  Max Mhz: 2304, Current Mhz: 1803, Mhz Limit: 1797

Memory: 4k page, system-wide physical 16043M (1984M free)
TotalPageFile size 19538M (AvailPageFile size 3M)
current process WorkingSet (physical memory assigned to process): 115M, peak: 133M
current process commit charge ("private bytes"): 363M, peak: 382M

vm_info: OpenJDK 64-Bit Server VM (17.0.18+8) for windows-amd64 JRE (17.0.18+8), built on Jan 20 2026 22:28:22 by "admin" with MS VC++ 17.12 (VS2022)

END.
