#
# There is insufficient memory for the Java Runtime Environment to continue.
# Native memory allocation (malloc) failed to allocate 1077776 bytes. Error detail: Chunk::new
# Possible reasons:
#   The system is out of physical RAM or swap space
#   This process is running with CompressedOops enabled, and the Java Heap may be blocking the growth of the native heap
# Possible solutions:
#   Reduce memory load on the system
#   Increase physical memory or swap space
#   Check if swap backing store is full
#   Decrease Java heap size (-Xmx/-Xms)
#   Decrease number of Java threads
#   Decrease Java thread stack sizes (-Xss)
#   Set larger code cache with -XX:ReservedCodeCacheSize=
#   JVM is running with Unscaled Compressed Oops mode in which the Java heap is
#     placed in the first 4GB address space. The Java Heap base address is the
#     maximum limit for the native heap growth. Please use -XX:HeapBaseMinAddress
#     to set the Java Heap base and to place the Java Heap above 4GB virtual address.
# This output file may be truncated or incomplete.
#
#  Out of Memory Error (arena.cpp:191), pid=4716, tid=2988
#
# JRE version: OpenJDK Runtime Environment Temurin-17.0.18+8 (17.0.18+8) (build 17.0.18+8)
# Java VM: OpenJDK 64-Bit Server VM Temurin-17.0.18+8 (17.0.18+8, mixed mode, sharing, tiered, compressed oops, compressed class ptrs, serial gc, windows-amd64)
# No core dump will be written. Minidumps are not enabled by default on client versions of Windows
#

---------------  S U M M A R Y ------------

Command Line: --add-opens=java.base/java.lang=ALL-UNNAMED --add-opens=java.base/java.lang.invoke=ALL-UNNAMED --add-opens=java.base/java.util=ALL-UNNAMED --add-opens=java.prefs/java.util.prefs=ALL-UNNAMED --add-exports=jdk.compiler/com.sun.tools.javac.api=ALL-UNNAMED --add-exports=jdk.compiler/com.sun.tools.javac.util=ALL-UNNAMED --add-opens=java.base/java.util=ALL-UNNAMED --add-opens=java.prefs/java.util.prefs=ALL-UNNAMED --add-opens=java.base/java.nio.charset=ALL-UNNAMED --add-opens=java.base/java.net=ALL-UNNAMED --add-opens=java.base/java.util.concurrent.atomic=ALL-UNNAMED --add-opens=java.xml/javax.xml.namespace=ALL-UNNAMED -XX:MaxMetaspaceSize=256m -XX:+UseSerialGC -XX:+HeapDumpOnOutOfMemoryError -Xmx1024m -Dfile.encoding=UTF-8 -Duser.country=US -Duser.language=en -Duser.variant -javaagent:E:\gradle\wrapper\dists\gradle-8.11.1-all\2qik7nd48slq1ooc2496ixf4i\gradle-8.11.1\lib\agents\gradle-instrumentation-agent-8.11.1.jar org.gradle.launcher.daemon.bootstrap.GradleDaemon 8.11.1

Host: Intel(R) Core(TM) i7-10610U CPU @ 1.80GHz, 8 cores, 15G,  Windows 11 , 64 bit Build 26100 (10.0.26100.8521)
Time: Sat Jul  4 05:44:56 2026 Egypt Daylight Time elapsed time: 78.795186 seconds (0d 0h 1m 18s)

---------------  T H R E A D  ---------------

Current thread (0x000001402d05a580):  JavaThread "C2 CompilerThread1" daemon [_thread_in_native, id=2988, stack(0x0000003bbbb00000,0x0000003bbbc00000)]


Current CompileTask:
C2:78795 16156   !   4       java.io.ObjectOutputStream::writeObject0 (620 bytes)

Stack: [0x0000003bbbb00000,0x0000003bbbc00000]
Native frames: (J=compiled Java code, j=interpreted, Vv=VM code, C=native code)
V  [jvm.dll+0x6846f9]
V  [jvm.dll+0x839ea5]
V  [jvm.dll+0x83b91e]
V  [jvm.dll+0x83bfa3]
V  [jvm.dll+0x248eff]
V  [jvm.dll+0xad496]
V  [jvm.dll+0xadb3c]
V  [jvm.dll+0x368bcf]
V  [jvm.dll+0x1bc1ef]
V  [jvm.dll+0x219f10]
V  [jvm.dll+0x219200]
V  [jvm.dll+0x1a4920]
V  [jvm.dll+0x22989a]
V  [jvm.dll+0x227a4b]
V  [jvm.dll+0x7f0658]
V  [jvm.dll+0x7eaaec]
V  [jvm.dll+0x6835c7]
C  [ucrtbase.dll+0x2cd30]
C  [KERNEL32.DLL+0x2e957]
C  [ntdll.dll+0x87c1c]


---------------  P R O C E S S  ---------------

Threads class SMR info:
_java_thread_list=0x000001402f4ba700, length=51, elements={
0x00000140032d66e0, 0x00000140033511c0, 0x0000014003352c20, 0x0000014003366880,
0x0000014003367250, 0x00000140033698a0, 0x000001400336d490, 0x00000140033776c0,
0x000001400337e7f0, 0x00000140030b24b0, 0x000001400319d460, 0x000001402c0f6a20,
0x000001402d9acbf0, 0x000001402cfab580, 0x000001402cff1b10, 0x000001402d694900,
0x000001402de53e40, 0x000001402de515c0, 0x000001402de510b0, 0x000001402de54860,
0x000001402de52a00, 0x000001402de52f10, 0x000001402de53930, 0x000001402de524f0,
0x000001402de53420, 0x000001402de51ad0, 0x000001402de51fe0, 0x000001402eafcfc0,
0x000001402eafc090, 0x000001402eafb670, 0x000001402eafb160, 0x000001402eafa740,
0x000001402eaf9d20, 0x000001402eafd9e0, 0x000001402eafdef0, 0x000001402eafee20,
0x000001402eb00260, 0x000001402eb00770, 0x000001402eb00c80, 0x000001402eb01190,
0x000001402eb016a0, 0x000001402c240570, 0x000001402c2428e0, 0x000001402c240060,
0x000001402c242df0, 0x000001402c2414a0, 0x000001402c243300, 0x000001402c245b80,
0x00000140328d7d80, 0x00000140328d7870, 0x000001402d05a580
}

Java Threads: ( => current thread )
  0x00000140032d66e0 JavaThread "main" [_thread_blocked, id=4644, stack(0x0000003bbbe00000,0x0000003bbbf00000)]
  0x00000140033511c0 JavaThread "Reference Handler" daemon [_thread_blocked, id=2324, stack(0x0000003bbc000000,0x0000003bbc100000)]
  0x0000014003352c20 JavaThread "Finalizer" daemon [_thread_blocked, id=13756, stack(0x0000003bbc100000,0x0000003bbc200000)]
  0x0000014003366880 JavaThread "Signal Dispatcher" daemon [_thread_blocked, id=18672, stack(0x0000003bbc200000,0x0000003bbc300000)]
  0x0000014003367250 JavaThread "Attach Listener" daemon [_thread_blocked, id=2660, stack(0x0000003bbc300000,0x0000003bbc400000)]
  0x00000140033698a0 JavaThread "Service Thread" daemon [_thread_blocked, id=948, stack(0x0000003bbc400000,0x0000003bbc500000)]
  0x000001400336d490 JavaThread "Monitor Deflation Thread" daemon [_thread_blocked, id=10900, stack(0x0000003bbc500000,0x0000003bbc600000)]
  0x00000140033776c0 JavaThread "C2 CompilerThread0" daemon [_thread_blocked, id=15828, stack(0x0000003bbc600000,0x0000003bbc700000)]
  0x000001400337e7f0 JavaThread "C1 CompilerThread0" daemon [_thread_blocked, id=13380, stack(0x0000003bbc700000,0x0000003bbc800000)]
  0x00000140030b24b0 JavaThread "Sweeper thread" daemon [_thread_blocked, id=18264, stack(0x0000003bbc800000,0x0000003bbc900000)]
  0x000001400319d460 JavaThread "Common-Cleaner" daemon [_thread_blocked, id=16412, stack(0x0000003bbc900000,0x0000003bbca00000)]
  0x000001402c0f6a20 JavaThread "Notification Thread" daemon [_thread_blocked, id=5756, stack(0x0000003bbca00000,0x0000003bbcb00000)]
  0x000001402d9acbf0 JavaThread "Daemon health stats" [_thread_blocked, id=12544, stack(0x0000003bbce00000,0x0000003bbcf00000)]
  0x000001402cfab580 JavaThread "Incoming local TCP Connector on port 58485" [_thread_in_native, id=11204, stack(0x0000003bbcf00000,0x0000003bbd000000)]
  0x000001402cff1b10 JavaThread "Daemon periodic checks" [_thread_blocked, id=19008, stack(0x0000003bbd000000,0x0000003bbd100000)]
  0x000001402d694900 JavaThread "Daemon" [_thread_blocked, id=11448, stack(0x0000003bbcc00000,0x0000003bbcd00000)]
  0x000001402de53e40 JavaThread "Handler for socket connection from /127.0.0.1:58485 to /127.0.0.1:58486" [_thread_in_native, id=12196, stack(0x0000003bbcd00000,0x0000003bbce00000)]
  0x000001402de515c0 JavaThread "Cancel handler" [_thread_blocked, id=18620, stack(0x0000003bbd100000,0x0000003bbd200000)]
  0x000001402de510b0 JavaThread "Daemon worker" [_thread_in_vm, id=10612, stack(0x0000003bbd200000,0x0000003bbd300000)]
  0x000001402de54860 JavaThread "Asynchronous log dispatcher for DefaultDaemonConnection: socket connection from /127.0.0.1:58485 to /127.0.0.1:58486" [_thread_blocked, id=19180, stack(0x0000003bbd300000,0x0000003bbd400000)]
  0x000001402de52a00 JavaThread "Stdin handler" [_thread_blocked, id=18744, stack(0x0000003bbd500000,0x0000003bbd600000)]
  0x000001402de52f10 JavaThread "Daemon client event forwarder" [_thread_blocked, id=10892, stack(0x0000003bbd600000,0x0000003bbd700000)]
  0x000001402de53930 JavaThread "Cache worker for journal cache (E:\gradle\caches\journal-1)" [_thread_blocked, id=4012, stack(0x0000003bbd700000,0x0000003bbd800000)]
  0x000001402de524f0 JavaThread "File lock request listener" [_thread_in_native, id=19056, stack(0x0000003bbd800000,0x0000003bbd900000)]
  0x000001402de53420 JavaThread "Cache worker for file hash cache (E:\gradle\caches\8.11.1\fileHashes)" [_thread_blocked, id=11256, stack(0x0000003bbd900000,0x0000003bbda00000)]
  0x000001402de51ad0 JavaThread "Cache worker for file content cache (E:\gradle\caches\8.11.1\fileContent)" [_thread_blocked, id=19060, stack(0x0000003bbdb00000,0x0000003bbdc00000)]
  0x000001402de51fe0 JavaThread "Cache worker for file hash cache (E:\voice_test\android\.gradle\8.11.1\fileHashes)" [_thread_blocked, id=18216, stack(0x0000003bbdc00000,0x0000003bbdd00000)]
  0x000001402eafcfc0 JavaThread "File watcher server" daemon [_thread_in_native, id=17792, stack(0x0000003bbda00000,0x0000003bbdb00000)]
  0x000001402eafc090 JavaThread "File watcher consumer" daemon [_thread_blocked, id=17232, stack(0x0000003bbde00000,0x0000003bbdf00000)]
  0x000001402eafb670 JavaThread "Cache worker for checksums cache (E:\voice_test\android\.gradle\8.11.1\checksums)" [_thread_blocked, id=16588, stack(0x0000003bbdf00000,0x0000003bbe000000)]
  0x000001402eafb160 JavaThread "jar transforms" [_thread_blocked, id=9284, stack(0x0000003bbe300000,0x0000003bbe400000)]
  0x000001402eafa740 JavaThread "Unconstrained build operations" [_thread_blocked, id=2912, stack(0x0000003bbe500000,0x0000003bbe600000)]
  0x000001402eaf9d20 JavaThread "Unconstrained build operations Thread 2" [_thread_blocked, id=12348, stack(0x0000003bbd400000,0x0000003bbd500000)]
  0x000001402eafd9e0 JavaThread "Unconstrained build operations Thread 3" [_thread_blocked, id=18456, stack(0x0000003bbe600000,0x0000003bbe700000)]
  0x000001402eafdef0 JavaThread "Memory manager" [_thread_blocked, id=18644, stack(0x0000003bbe700000,0x0000003bbe800000)]
  0x000001402eafee20 JavaThread "included builds" [_thread_blocked, id=3784, stack(0x0000003bbea00000,0x0000003bbeb00000)]
  0x000001402eb00260 JavaThread "Unconstrained build operations Thread 4" [_thread_blocked, id=18520, stack(0x0000003bbec00000,0x0000003bbed00000)]
  0x000001402eb00770 JavaThread "Unconstrained build operations Thread 5" [_thread_blocked, id=9628, stack(0x0000003bbed00000,0x0000003bbee00000)]
  0x000001402eb00c80 JavaThread "Unconstrained build operations Thread 6" [_thread_blocked, id=9048, stack(0x0000003bbee00000,0x0000003bbef00000)]
  0x000001402eb01190 JavaThread "Unconstrained build operations Thread 7" [_thread_blocked, id=8960, stack(0x0000003bbe900000,0x0000003bbea00000)]
  0x000001402eb016a0 JavaThread "Unconstrained build operations Thread 8" [_thread_blocked, id=15024, stack(0x0000003bbe800000,0x0000003bbe900000)]
  0x000001402c240570 JavaThread "Unconstrained build operations Thread 9" [_thread_blocked, id=10596, stack(0x0000003bbf000000,0x0000003bbf100000)]
  0x000001402c2428e0 JavaThread "Unconstrained build operations Thread 10" [_thread_blocked, id=7924, stack(0x0000003bbef00000,0x0000003bbf000000)]
  0x000001402c240060 JavaThread "jar transforms Thread 2" [_thread_blocked, id=19144, stack(0x0000003bbf200000,0x0000003bbf300000)]
  0x000001402c242df0 JavaThread "jar transforms Thread 3" [_thread_blocked, id=4184, stack(0x0000003bbf400000,0x0000003bbf500000)]
  0x000001402c2414a0 JavaThread "jar transforms Thread 4" [_thread_blocked, id=6272, stack(0x0000003bbf500000,0x0000003bbf600000)]
  0x000001402c243300 JavaThread "jar transforms Thread 5" [_thread_blocked, id=8184, stack(0x0000003bbf600000,0x0000003bbf700000)]
  0x000001402c245b80 JavaThread "jar transforms Thread 6" [_thread_blocked, id=11872, stack(0x0000003bbf900000,0x0000003bbfa00000)]
  0x00000140328d7d80 JavaThread "jar transforms Thread 7" [_thread_blocked, id=18580, stack(0x0000003bbfb00000,0x0000003bbfc00000)]
  0x00000140328d7870 JavaThread "jar transforms Thread 8" [_thread_blocked, id=6888, stack(0x0000003bbf300000,0x0000003bbf400000)]
=>0x000001402d05a580 JavaThread "C2 CompilerThread1" daemon [_thread_in_native, id=2988, stack(0x0000003bbbb00000,0x0000003bbbc00000)]

Other Threads:
  0x0000014003348bf0 VMThread "VM Thread" [stack: 0x0000003bbbf00000,0x0000003bbc000000] [id=8608]
  0x000001402c0f9720 WatcherThread [stack: 0x0000003bbcb00000,0x0000003bbcc00000] [id=8672]

Threads with active compile tasks:
C2 CompilerThread1  78993 16156   !   4       java.io.ObjectOutputStream::writeObject0 (620 bytes)

VM state: not at safepoint (normal execution)

VM Mutex/Monitor currently owned by a thread: None

Heap address: 0x00000000c0000000, size: 1024 MB, Compressed Oops mode: 32-bit

CDS archive(s) mapped at: [0x000001401a000000-0x000001401abb0000-0x000001401abb0000), size 12255232, SharedBaseAddress: 0x000001401a000000, ArchiveRelocationMode: 1.
Compressed class space mapped at: 0x000001401b000000-0x0000014028000000, reserved size: 218103808
Narrow klass base: 0x000001401a000000, Narrow klass shift: 0, Narrow klass range: 0x100000000

GC Precious Log:
 CPUs: 8 total, 8 available
 Memory: 16043M
 Large Page Support: Disabled
 NUMA Support: Disabled
 Compressed Oops: Enabled (32-bit)
 Heap Min Capacity: 8M
 Heap Initial Capacity: 252M
 Heap Max Capacity: 1G
 Pre-touch: Disabled

Heap:
 def new generation   total 94336K, used 79172K [0x00000000c0000000, 0x00000000c6650000, 0x00000000d5550000)
  eden space 83904K,  88% used [0x00000000c0000000, 0x00000000c48cf080, 0x00000000c51f0000)
  from space 10432K,  44% used [0x00000000c51f0000, 0x00000000c5672218, 0x00000000c5c20000)
  to   space 10432K,   0% used [0x00000000c5c20000, 0x00000000c5c20000, 0x00000000c6650000)
 tenured generation   total 209068K, used 201018K [0x00000000d5550000, 0x00000000e217b000, 0x0000000100000000)
   the space 209068K,  96% used [0x00000000d5550000, 0x00000000e199ea48, 0x00000000e199ec00, 0x00000000e217b000)
 Metaspace       used 102092K, committed 103424K, reserved 344064K
  class space    used 14301K, committed 14912K, reserved 212992K

Card table byte_map: [0x0000014002c60000,0x0000014002e70000] _byte_map_base: 0x0000014002660000

Polling page: 0x00000140013e0000

Metaspace:

Usage:
  Non-class:     85.73 MB used.
      Class:     13.97 MB used.
       Both:     99.70 MB used.

Virtual space:
  Non-class space:      128.00 MB reserved,      86.44 MB ( 68%) committed,  2 nodes.
      Class space:      208.00 MB reserved,      14.56 MB (  7%) committed,  1 nodes.
             Both:      336.00 MB reserved,     101.00 MB ( 30%) committed. 

Chunk freelists:
   Non-Class:  9.28 MB
       Class:  1.36 MB
        Both:  10.64 MB

MaxMetaspaceSize: 256.00 MB
CompressedClassSpaceSize: 208.00 MB
Initial GC threshold: 21.00 MB
Current GC threshold: 162.19 MB
CDS: on
MetaspaceReclaimPolicy: balanced
 - commit_granule_bytes: 65536.
 - commit_granule_words: 8192.
 - virtual_space_node_default_size: 8388608.
 - enlarge_chunks_in_place: 1.
 - new_chunks_are_fully_committed: 0.
 - uncommit_free_chunks: 1.
 - use_allocation_guard: 0.
 - handle_deallocations: 1.


Internal statistics:

num_allocs_failed_limit: 12.
num_arena_births: 1820.
num_arena_deaths: 0.
num_vsnodes_births: 3.
num_vsnodes_deaths: 0.
num_space_committed: 1616.
num_space_uncommitted: 0.
num_chunks_returned_to_freelist: 12.
num_chunks_taken_from_freelist: 6633.
num_chunk_merges: 12.
num_chunk_splits: 4174.
num_chunks_enlarged: 2520.
num_inconsistent_stats: 0.

CodeHeap 'non-profiled nmethods': size=120000Kb used=10649Kb max_used=10649Kb free=109350Kb
 bounds [0x0000014012900000, 0x0000014013370000, 0x0000014019e30000]
CodeHeap 'profiled nmethods': size=120000Kb used=26324Kb max_used=26324Kb free=93675Kb
 bounds [0x000001400ae30000, 0x000001400c7f0000, 0x0000014012360000]
CodeHeap 'non-nmethods': size=5760Kb used=2438Kb max_used=2517Kb free=3321Kb
 bounds [0x0000014012360000, 0x00000140125f0000, 0x0000014012900000]
 total_blobs=14692 nmethods=13718 adapters=887
 compilation: enabled
              stopped_count=0, restarted_count=0
 full_count=0

Compilation events (20 events):
Event: 78.487 Thread 0x000001400337e7f0 16209       3       java.io.SerialCallbackContext::getObj (9 bytes)
Event: 78.487 Thread 0x000001400337e7f0 nmethod 16209 0x000001400c7e1110 code [0x000001400c7e12c0, 0x000001400c7e1528]
Event: 78.491 Thread 0x00000140033776c0 nmethod 16204 0x0000014013360a90 code [0x0000014013360c40, 0x0000014013361188]
Event: 78.492 Thread 0x00000140033776c0 16199       4       org.gradle.internal.serialize.StackTraceElementPlaceholder::<init> (88 bytes)
Event: 78.496 Thread 0x00000140033776c0 nmethod 16199 0x0000014013361490 code [0x0000014013361620, 0x0000014013361758]
Event: 78.496 Thread 0x00000140033776c0 16210 %     4       java.util.Arrays::fill @ 10 (28 bytes)
Event: 78.503 Thread 0x00000140033776c0 nmethod 16210% 0x0000014013361890 code [0x0000014013361a20, 0x0000014013361c38]
Event: 78.517 Thread 0x00000140033776c0 16211 % !   4       java.io.ObjectOutputStream::writeArray @ 457 (589 bytes)
Event: 78.523 Thread 0x00000140033776c0 nmethod 16211% 0x0000014013361d10 code [0x0000014013361ea0, 0x0000014013362068]
Event: 78.524 Thread 0x000001400337e7f0 16212       3       org.gradle.tooling.internal.provider.serialization.DefaultPayloadClassLoaderRegistry$1::visitClass (107 bytes)
Event: 78.527 Thread 0x000001400337e7f0 nmethod 16212 0x000001400c7e1610 code [0x000001400c7e1920, 0x000001400c7e2b98]
Event: 78.530 Thread 0x000001400337e7f0 16213       3       java.io.ObjectOutputStream$HandleTable::clear (27 bytes)
Event: 78.530 Thread 0x000001400337e7f0 nmethod 16213 0x000001400c7e3210 code [0x000001400c7e33c0, 0x000001400c7e3558]
Event: 78.532 Thread 0x000001400337e7f0 16214   !   3       java.io.ObjectStreamClass::invokeWriteObject (79 bytes)
Event: 78.534 Thread 0x000001402d05b020 nmethod 16189 0x0000014013362210 code [0x0000014013362420, 0x00000140133634f0]
Event: 78.535 Thread 0x000001400337e7f0 nmethod 16214 0x000001400c7e3610 code [0x000001400c7e38a0, 0x000001400c7e4668]
Event: 78.538 Thread 0x000001402d05b020 16215   !   4       java.io.ObjectOutputStream::writeArray (589 bytes)
Event: 78.595 Thread 0x000001402d05b020 nmethod 16215 0x0000014013364090 code [0x0000014013364320, 0x00000140133652c0]
Event: 78.625 Thread 0x000001400337e7f0 16216  s!   3       java.lang.Throwable::writeObject (45 bytes)
Event: 78.625 Thread 0x000001400337e7f0 nmethod 16216 0x000001400c7e4b90 code [0x000001400c7e4d60, 0x000001400c7e51b8]

GC Heap History (20 events):
Event: 58.167 GC heap before
{Heap before GC invocations=28 (full 4):
 def new generation   total 94336K, used 94335K [0x00000000c0000000, 0x00000000c6650000, 0x00000000d5550000)
  eden space 83904K, 100% used [0x00000000c0000000, 0x00000000c51f0000, 0x00000000c51f0000)
  from space 10432K,  99% used [0x00000000c51f0000, 0x00000000c5c1fff8, 0x00000000c5c20000)
  to   space 10432K,   0% used [0x00000000c5c20000, 0x00000000c5c20000, 0x00000000c6650000)
 tenured generation   total 209068K, used 130564K [0x00000000d5550000, 0x00000000e217b000, 0x0000000100000000)
   the space 209068K,  62% used [0x00000000d5550000, 0x00000000dd4d11d0, 0x00000000dd4d1200, 0x00000000e217b000)
 Metaspace       used 99071K, committed 100160K, reserved 344064K
  class space    used 13880K, committed 14400K, reserved 212992K
}
Event: 58.228 GC heap after
{Heap after GC invocations=29 (full 4):
 def new generation   total 94336K, used 10273K [0x00000000c0000000, 0x00000000c6650000, 0x00000000d5550000)
  eden space 83904K,   0% used [0x00000000c0000000, 0x00000000c0000000, 0x00000000c51f0000)
  from space 10432K,  98% used [0x00000000c5c20000, 0x00000000c6628660, 0x00000000c6650000)
  to   space 10432K,   0% used [0x00000000c51f0000, 0x00000000c51f0000, 0x00000000c5c20000)
 tenured generation   total 209068K, used 139970K [0x00000000d5550000, 0x00000000e217b000, 0x0000000100000000)
   the space 209068K,  66% used [0x00000000d5550000, 0x00000000dde008e8, 0x00000000dde00a00, 0x00000000e217b000)
 Metaspace       used 99071K, committed 100160K, reserved 344064K
  class space    used 13880K, committed 14400K, reserved 212992K
}
Event: 60.604 GC heap before
{Heap before GC invocations=29 (full 4):
 def new generation   total 94336K, used 94177K [0x00000000c0000000, 0x00000000c6650000, 0x00000000d5550000)
  eden space 83904K, 100% used [0x00000000c0000000, 0x00000000c51f0000, 0x00000000c51f0000)
  from space 10432K,  98% used [0x00000000c5c20000, 0x00000000c6628660, 0x00000000c6650000)
  to   space 10432K,   0% used [0x00000000c51f0000, 0x00000000c51f0000, 0x00000000c5c20000)
 tenured generation   total 209068K, used 139970K [0x00000000d5550000, 0x00000000e217b000, 0x0000000100000000)
   the space 209068K,  66% used [0x00000000d5550000, 0x00000000dde008e8, 0x00000000dde00a00, 0x00000000e217b000)
 Metaspace       used 99470K, committed 100480K, reserved 344064K
  class space    used 13934K, committed 14400K, reserved 212992K
}
Event: 60.678 GC heap after
{Heap after GC invocations=30 (full 4):
 def new generation   total 94336K, used 8444K [0x00000000c0000000, 0x00000000c6650000, 0x00000000d5550000)
  eden space 83904K,   0% used [0x00000000c0000000, 0x00000000c0000000, 0x00000000c51f0000)
  from space 10432K,  80% used [0x00000000c51f0000, 0x00000000c5a2f0d8, 0x00000000c5c20000)
  to   space 10432K,   0% used [0x00000000c5c20000, 0x00000000c5c20000, 0x00000000c6650000)
 tenured generation   total 209068K, used 148516K [0x00000000d5550000, 0x00000000e217b000, 0x0000000100000000)
   the space 209068K,  71% used [0x00000000d5550000, 0x00000000de659220, 0x00000000de659400, 0x00000000e217b000)
 Metaspace       used 99470K, committed 100480K, reserved 344064K
  class space    used 13934K, committed 14400K, reserved 212992K
}
Event: 62.727 GC heap before
{Heap before GC invocations=30 (full 4):
 def new generation   total 94336K, used 92348K [0x00000000c0000000, 0x00000000c6650000, 0x00000000d5550000)
  eden space 83904K, 100% used [0x00000000c0000000, 0x00000000c51f0000, 0x00000000c51f0000)
  from space 10432K,  80% used [0x00000000c51f0000, 0x00000000c5a2f0d8, 0x00000000c5c20000)
  to   space 10432K,   0% used [0x00000000c5c20000, 0x00000000c5c20000, 0x00000000c6650000)
 tenured generation   total 209068K, used 148516K [0x00000000d5550000, 0x00000000e217b000, 0x0000000100000000)
   the space 209068K,  71% used [0x00000000d5550000, 0x00000000de659220, 0x00000000de659400, 0x00000000e217b000)
 Metaspace       used 99815K, committed 100928K, reserved 344064K
  class space    used 13980K, committed 14464K, reserved 212992K
}
Event: 62.808 GC heap after
{Heap after GC invocations=31 (full 4):
 def new generation   total 94336K, used 8067K [0x00000000c0000000, 0x00000000c6650000, 0x00000000d5550000)
  eden space 83904K,   0% used [0x00000000c0000000, 0x00000000c0000000, 0x00000000c51f0000)
  from space 10432K,  77% used [0x00000000c5c20000, 0x00000000c6400c38, 0x00000000c6650000)
  to   space 10432K,   0% used [0x00000000c51f0000, 0x00000000c51f0000, 0x00000000c5c20000)
 tenured generation   total 209068K, used 155281K [0x00000000d5550000, 0x00000000e217b000, 0x0000000100000000)
   the space 209068K,  74% used [0x00000000d5550000, 0x00000000decf4640, 0x00000000decf4800, 0x00000000e217b000)
 Metaspace       used 99815K, committed 100928K, reserved 344064K
  class space    used 13980K, committed 14464K, reserved 212992K
}
Event: 65.927 GC heap before
{Heap before GC invocations=31 (full 4):
 def new generation   total 94336K, used 91971K [0x00000000c0000000, 0x00000000c6650000, 0x00000000d5550000)
  eden space 83904K, 100% used [0x00000000c0000000, 0x00000000c51f0000, 0x00000000c51f0000)
  from space 10432K,  77% used [0x00000000c5c20000, 0x00000000c6400c38, 0x00000000c6650000)
  to   space 10432K,   0% used [0x00000000c51f0000, 0x00000000c51f0000, 0x00000000c5c20000)
 tenured generation   total 209068K, used 155281K [0x00000000d5550000, 0x00000000e217b000, 0x0000000100000000)
   the space 209068K,  74% used [0x00000000d5550000, 0x00000000decf4640, 0x00000000decf4800, 0x00000000e217b000)
 Metaspace       used 100142K, committed 101248K, reserved 344064K
  class space    used 14016K, committed 14528K, reserved 212992K
}
Event: 66.008 GC heap after
{Heap after GC invocations=32 (full 4):
 def new generation   total 94336K, used 10432K [0x00000000c0000000, 0x00000000c6650000, 0x00000000d5550000)
  eden space 83904K,   0% used [0x00000000c0000000, 0x00000000c0000000, 0x00000000c51f0000)
  from space 10432K, 100% used [0x00000000c51f0000, 0x00000000c5c20000, 0x00000000c5c20000)
  to   space 10432K,   0% used [0x00000000c5c20000, 0x00000000c5c20000, 0x00000000c6650000)
 tenured generation   total 209068K, used 162099K [0x00000000d5550000, 0x00000000e217b000, 0x0000000100000000)
   the space 209068K,  77% used [0x00000000d5550000, 0x00000000df39ce20, 0x00000000df39d000, 0x00000000e217b000)
 Metaspace       used 100142K, committed 101248K, reserved 344064K
  class space    used 14016K, committed 14528K, reserved 212992K
}
Event: 67.951 GC heap before
{Heap before GC invocations=32 (full 4):
 def new generation   total 94336K, used 94336K [0x00000000c0000000, 0x00000000c6650000, 0x00000000d5550000)
  eden space 83904K, 100% used [0x00000000c0000000, 0x00000000c51f0000, 0x00000000c51f0000)
  from space 10432K, 100% used [0x00000000c51f0000, 0x00000000c5c20000, 0x00000000c5c20000)
  to   space 10432K,   0% used [0x00000000c5c20000, 0x00000000c5c20000, 0x00000000c6650000)
 tenured generation   total 209068K, used 162099K [0x00000000d5550000, 0x00000000e217b000, 0x0000000100000000)
   the space 209068K,  77% used [0x00000000d5550000, 0x00000000df39ce20, 0x00000000df39d000, 0x00000000e217b000)
 Metaspace       used 100307K, committed 101504K, reserved 344064K
  class space    used 14040K, committed 14592K, reserved 212992K
}
Event: 68.022 GC heap after
{Heap after GC invocations=33 (full 4):
 def new generation   total 94336K, used 6611K [0x00000000c0000000, 0x00000000c6650000, 0x00000000d5550000)
  eden space 83904K,   0% used [0x00000000c0000000, 0x00000000c0000000, 0x00000000c51f0000)
  from space 10432K,  63% used [0x00000000c5c20000, 0x00000000c6294da0, 0x00000000c6650000)
  to   space 10432K,   0% used [0x00000000c51f0000, 0x00000000c51f0000, 0x00000000c5c20000)
 tenured generation   total 209068K, used 170717K [0x00000000d5550000, 0x00000000e217b000, 0x0000000100000000)
   the space 209068K,  81% used [0x00000000d5550000, 0x00000000dfc07470, 0x00000000dfc07600, 0x00000000e217b000)
 Metaspace       used 100307K, committed 101504K, reserved 344064K
  class space    used 14040K, committed 14592K, reserved 212992K
}
Event: 69.594 GC heap before
{Heap before GC invocations=33 (full 4):
 def new generation   total 94336K, used 90515K [0x00000000c0000000, 0x00000000c6650000, 0x00000000d5550000)
  eden space 83904K, 100% used [0x00000000c0000000, 0x00000000c51f0000, 0x00000000c51f0000)
  from space 10432K,  63% used [0x00000000c5c20000, 0x00000000c6294da0, 0x00000000c6650000)
  to   space 10432K,   0% used [0x00000000c51f0000, 0x00000000c51f0000, 0x00000000c5c20000)
 tenured generation   total 209068K, used 170717K [0x00000000d5550000, 0x00000000e217b000, 0x0000000100000000)
   the space 209068K,  81% used [0x00000000d5550000, 0x00000000dfc07470, 0x00000000dfc07600, 0x00000000e217b000)
 Metaspace       used 100444K, committed 101632K, reserved 344064K
  class space    used 14059K, committed 14592K, reserved 212992K
}
Event: 69.639 GC heap after
{Heap after GC invocations=34 (full 4):
 def new generation   total 94336K, used 6443K [0x00000000c0000000, 0x00000000c6650000, 0x00000000d5550000)
  eden space 83904K,   0% used [0x00000000c0000000, 0x00000000c0000000, 0x00000000c51f0000)
  from space 10432K,  61% used [0x00000000c51f0000, 0x00000000c583af60, 0x00000000c5c20000)
  to   space 10432K,   0% used [0x00000000c5c20000, 0x00000000c5c20000, 0x00000000c6650000)
 tenured generation   total 209068K, used 175467K [0x00000000d5550000, 0x00000000e217b000, 0x0000000100000000)
   the space 209068K,  83% used [0x00000000d5550000, 0x00000000e00aac20, 0x00000000e00aae00, 0x00000000e217b000)
 Metaspace       used 100444K, committed 101632K, reserved 344064K
  class space    used 14059K, committed 14592K, reserved 212992K
}
Event: 70.928 GC heap before
{Heap before GC invocations=34 (full 4):
 def new generation   total 94336K, used 90347K [0x00000000c0000000, 0x00000000c6650000, 0x00000000d5550000)
  eden space 83904K, 100% used [0x00000000c0000000, 0x00000000c51f0000, 0x00000000c51f0000)
  from space 10432K,  61% used [0x00000000c51f0000, 0x00000000c583af60, 0x00000000c5c20000)
  to   space 10432K,   0% used [0x00000000c5c20000, 0x00000000c5c20000, 0x00000000c6650000)
 tenured generation   total 209068K, used 175467K [0x00000000d5550000, 0x00000000e217b000, 0x0000000100000000)
   the space 209068K,  83% used [0x00000000d5550000, 0x00000000e00aac20, 0x00000000e00aae00, 0x00000000e217b000)
 Metaspace       used 100516K, committed 101696K, reserved 344064K
  class space    used 14070K, committed 14592K, reserved 212992K
}
Event: 70.959 GC heap after
{Heap after GC invocations=35 (full 4):
 def new generation   total 94336K, used 9817K [0x00000000c0000000, 0x00000000c6650000, 0x00000000d5550000)
  eden space 83904K,   0% used [0x00000000c0000000, 0x00000000c0000000, 0x00000000c51f0000)
  from space 10432K,  94% used [0x00000000c5c20000, 0x00000000c65b6430, 0x00000000c6650000)
  to   space 10432K,   0% used [0x00000000c51f0000, 0x00000000c51f0000, 0x00000000c5c20000)
 tenured generation   total 209068K, used 180041K [0x00000000d5550000, 0x00000000e217b000, 0x0000000100000000)
   the space 209068K,  86% used [0x00000000d5550000, 0x00000000e05225d0, 0x00000000e0522600, 0x00000000e217b000)
 Metaspace       used 100516K, committed 101696K, reserved 344064K
  class space    used 14070K, committed 14592K, reserved 212992K
}
Event: 72.454 GC heap before
{Heap before GC invocations=35 (full 4):
 def new generation   total 94336K, used 93721K [0x00000000c0000000, 0x00000000c6650000, 0x00000000d5550000)
  eden space 83904K, 100% used [0x00000000c0000000, 0x00000000c51f0000, 0x00000000c51f0000)
  from space 10432K,  94% used [0x00000000c5c20000, 0x00000000c65b6430, 0x00000000c6650000)
  to   space 10432K,   0% used [0x00000000c51f0000, 0x00000000c51f0000, 0x00000000c5c20000)
 tenured generation   total 209068K, used 180041K [0x00000000d5550000, 0x00000000e217b000, 0x0000000100000000)
   the space 209068K,  86% used [0x00000000d5550000, 0x00000000e05225d0, 0x00000000e0522600, 0x00000000e217b000)
 Metaspace       used 100666K, committed 101888K, reserved 344064K
  class space    used 14095K, committed 14656K, reserved 212992K
}
Event: 72.490 GC heap after
{Heap after GC invocations=36 (full 4):
 def new generation   total 94336K, used 10157K [0x00000000c0000000, 0x00000000c6650000, 0x00000000d5550000)
  eden space 83904K,   0% used [0x00000000c0000000, 0x00000000c0000000, 0x00000000c51f0000)
  from space 10432K,  97% used [0x00000000c51f0000, 0x00000000c5bdb478, 0x00000000c5c20000)
  to   space 10432K,   0% used [0x00000000c5c20000, 0x00000000c5c20000, 0x00000000c6650000)
 tenured generation   total 209068K, used 188103K [0x00000000d5550000, 0x00000000e217b000, 0x0000000100000000)
   the space 209068K,  89% used [0x00000000d5550000, 0x00000000e0d01d18, 0x00000000e0d01e00, 0x00000000e217b000)
 Metaspace       used 100666K, committed 101888K, reserved 344064K
  class space    used 14095K, committed 14656K, reserved 212992K
}
Event: 73.685 GC heap before
{Heap before GC invocations=36 (full 4):
 def new generation   total 94336K, used 94061K [0x00000000c0000000, 0x00000000c6650000, 0x00000000d5550000)
  eden space 83904K, 100% used [0x00000000c0000000, 0x00000000c51f0000, 0x00000000c51f0000)
  from space 10432K,  97% used [0x00000000c51f0000, 0x00000000c5bdb478, 0x00000000c5c20000)
  to   space 10432K,   0% used [0x00000000c5c20000, 0x00000000c5c20000, 0x00000000c6650000)
 tenured generation   total 209068K, used 188103K [0x00000000d5550000, 0x00000000e217b000, 0x0000000100000000)
   the space 209068K,  89% used [0x00000000d5550000, 0x00000000e0d01d18, 0x00000000e0d01e00, 0x00000000e217b000)
 Metaspace       used 100801K, committed 102080K, reserved 344064K
  class space    used 14113K, committed 14656K, reserved 212992K
}
Event: 73.736 GC heap after
{Heap after GC invocations=37 (full 4):
 def new generation   total 94336K, used 6315K [0x00000000c0000000, 0x00000000c6650000, 0x00000000d5550000)
  eden space 83904K,   0% used [0x00000000c0000000, 0x00000000c0000000, 0x00000000c51f0000)
  from space 10432K,  60% used [0x00000000c5c20000, 0x00000000c624ae18, 0x00000000c6650000)
  to   space 10432K,   0% used [0x00000000c51f0000, 0x00000000c51f0000, 0x00000000c5c20000)
 tenured generation   total 209068K, used 196534K [0x00000000d5550000, 0x00000000e217b000, 0x0000000100000000)
   the space 209068K,  94% used [0x00000000d5550000, 0x00000000e153d8e8, 0x00000000e153da00, 0x00000000e217b000)
 Metaspace       used 100801K, committed 102080K, reserved 344064K
  class space    used 14113K, committed 14656K, reserved 212992K
}
Event: 74.772 GC heap before
{Heap before GC invocations=37 (full 4):
 def new generation   total 94336K, used 90219K [0x00000000c0000000, 0x00000000c6650000, 0x00000000d5550000)
  eden space 83904K, 100% used [0x00000000c0000000, 0x00000000c51f0000, 0x00000000c51f0000)
  from space 10432K,  60% used [0x00000000c5c20000, 0x00000000c624ae18, 0x00000000c6650000)
  to   space 10432K,   0% used [0x00000000c51f0000, 0x00000000c51f0000, 0x00000000c5c20000)
 tenured generation   total 209068K, used 196534K [0x00000000d5550000, 0x00000000e217b000, 0x0000000100000000)
   the space 209068K,  94% used [0x00000000d5550000, 0x00000000e153d8e8, 0x00000000e153da00, 0x00000000e217b000)
 Metaspace       used 100905K, committed 102208K, reserved 344064K
  class space    used 14128K, committed 14720K, reserved 212992K
}
Event: 74.809 GC heap after
{Heap after GC invocations=38 (full 4):
 def new generation   total 94336K, used 4616K [0x00000000c0000000, 0x00000000c6650000, 0x00000000d5550000)
  eden space 83904K,   0% used [0x00000000c0000000, 0x00000000c0000000, 0x00000000c51f0000)
  from space 10432K,  44% used [0x00000000c51f0000, 0x00000000c5672218, 0x00000000c5c20000)
  to   space 10432K,   0% used [0x00000000c5c20000, 0x00000000c5c20000, 0x00000000c6650000)
 tenured generation   total 209068K, used 201018K [0x00000000d5550000, 0x00000000e217b000, 0x0000000100000000)
   the space 209068K,  96% used [0x00000000d5550000, 0x00000000e199ea48, 0x00000000e199ec00, 0x00000000e217b000)
 Metaspace       used 100905K, committed 102208K, reserved 344064K
  class space    used 14128K, committed 14720K, reserved 212992K
}

Dll operation events (15 events):
Event: 0.020 Loaded shared library E:\JAVA\bin\java.dll
Event: 0.053 Loaded shared library E:\JAVA\bin\jsvml.dll
Event: 0.143 Loaded shared library E:\JAVA\bin\zip.dll
Event: 0.146 Loaded shared library E:\JAVA\bin\instrument.dll
Event: 0.154 Loaded shared library E:\JAVA\bin\net.dll
Event: 0.156 Loaded shared library E:\JAVA\bin\nio.dll
Event: 0.160 Loaded shared library E:\JAVA\bin\zip.dll
Event: 0.516 Loaded shared library E:\JAVA\bin\jimage.dll
Event: 0.793 Loaded shared library E:\JAVA\bin\verify.dll
Event: 1.552 Loaded shared library E:\gradle\native\c067742578af261105cb4f569cf0c3c89f3d7b1fecec35dd04571415982c5e48\windows-amd64\native-platform.dll
Event: 1.560 Loaded shared library E:\gradle\native\100fb08df4bc3b14c8652ba06237920a3bd2aa13389f12d3474272988ae205f9\windows-amd64\native-platform-file-events.dll
Event: 2.847 Loaded shared library E:\JAVA\bin\management.dll
Event: 2.851 Loaded shared library E:\JAVA\bin\management_ext.dll
Event: 3.151 Loaded shared library E:\JAVA\bin\extnet.dll
Event: 3.794 Loaded shared library E:\JAVA\bin\sunmscapi.dll

Deoptimization events (20 events):
Event: 78.154 Thread 0x000001402de510b0 DEOPT PACKING pc=0x000001401290f2c8 sp=0x0000003bbd2fc9d0
Event: 78.154 Thread 0x000001402de510b0 DEOPT UNPACKING pc=0x00000140123b66a3 sp=0x0000003bbd2fc978 mode 2
Event: 78.154 Thread 0x000001402de510b0 Uncommon trap: trap_request=0xffffffde fr.pc=0x000001401290f2c8 relative=0x00000000000001a8
Event: 78.154 Thread 0x000001402de510b0 Uncommon trap: reason=class_check action=maybe_recompile pc=0x000001401290f2c8 method=java.lang.String.equals(Ljava/lang/Object;)Z @ 8 c2
Event: 78.154 Thread 0x000001402de510b0 DEOPT PACKING pc=0x000001401290f2c8 sp=0x0000003bbd2fc9d0
Event: 78.154 Thread 0x000001402de510b0 DEOPT UNPACKING pc=0x00000140123b66a3 sp=0x0000003bbd2fc978 mode 2
Event: 78.154 Thread 0x000001402de510b0 Uncommon trap: trap_request=0xffffffde fr.pc=0x000001401290f2c8 relative=0x00000000000001a8
Event: 78.154 Thread 0x000001402de510b0 Uncommon trap: reason=class_check action=maybe_recompile pc=0x000001401290f2c8 method=java.lang.String.equals(Ljava/lang/Object;)Z @ 8 c2
Event: 78.154 Thread 0x000001402de510b0 DEOPT PACKING pc=0x000001401290f2c8 sp=0x0000003bbd2fc9d0
Event: 78.154 Thread 0x000001402de510b0 DEOPT UNPACKING pc=0x00000140123b66a3 sp=0x0000003bbd2fc978 mode 2
Event: 78.463 Thread 0x000001402de510b0 DEOPT PACKING pc=0x000001400c7d7f17 sp=0x0000003bbd2fad10
Event: 78.463 Thread 0x000001402de510b0 DEOPT UNPACKING pc=0x00000140123b6e43 sp=0x0000003bbd2fa1b8 mode 0
Event: 78.483 Thread 0x000001402de510b0 DEOPT PACKING pc=0x000001400c7d7f17 sp=0x0000003bbd2fb1c0
Event: 78.483 Thread 0x000001402de510b0 DEOPT UNPACKING pc=0x00000140123b6e43 sp=0x0000003bbd2fa668 mode 0
Event: 78.531 Thread 0x000001402de510b0 DEOPT PACKING pc=0x000001400c7db45c sp=0x0000003bbd2fd8d0
Event: 78.531 Thread 0x000001402de510b0 DEOPT UNPACKING pc=0x00000140123b6e43 sp=0x0000003bbd2fcd38 mode 0
Event: 78.538 Thread 0x000001402de510b0 DEOPT PACKING pc=0x000001400c7dd13b sp=0x0000003bbd2fd1e0
Event: 78.539 Thread 0x000001402de510b0 DEOPT UNPACKING pc=0x00000140123b6e43 sp=0x0000003bbd2fc6f8 mode 0
Event: 78.559 Thread 0x000001402de510b0 DEOPT PACKING pc=0x000001400c7dd13b sp=0x0000003bbd2fb7f0
Event: 78.559 Thread 0x000001402de510b0 DEOPT UNPACKING pc=0x00000140123b6e43 sp=0x0000003bbd2fad08 mode 0

Classes loaded (20 events):
Event: 71.100 Loading class java/lang/BooleanCustomizer
Event: 71.100 Loading class java/lang/BooleanCustomizer done
Event: 71.100 Loading class jdk/internal/ValueBased
Event: 71.100 Loading class jdk/internal/ValueBased done
Event: 76.460 Loading class java/lang/StackTraceElement$HashedModules
Event: 76.460 Loading class java/lang/StackTraceElement$HashedModules done
Event: 76.519 Loading class sun/reflect/misc/MethodUtil
Event: 76.520 Loading class sun/reflect/misc/MethodUtil done
Event: 76.521 Loading class sun/reflect/misc/MethodUtil$1
Event: 76.521 Loading class sun/reflect/misc/MethodUtil$1 done
Event: 76.549 Loading class java/util/regex/Pattern$1
Event: 76.549 Loading class java/util/regex/Pattern$1 done
Event: 77.996 Loading class java/time/Instant$1
Event: 77.996 Loading class java/time/Instant$1 done
Event: 78.079 Loading class java/lang/Throwable$PrintStreamOrWriter
Event: 78.080 Loading class java/lang/Throwable$PrintStreamOrWriter done
Event: 78.144 Loading class java/lang/Short$ShortCache
Event: 78.145 Loading class java/lang/Short$ShortCache done
Event: 78.260 Loading class java/util/Collections$EmptyListIterator
Event: 78.260 Loading class java/util/Collections$EmptyListIterator done

Classes unloaded (0 events):
No events

Classes redefined (0 events):
No events

Internal exceptions (20 events):
Event: 71.087 Thread 0x000001402de510b0 Exception <a 'java/lang/ClassNotFoundException'{0x00000000c0848370}: com/android/build/gradle/internal/dsl/TestOptions$UnitTestOptionsCustomizer> (0x00000000c0848370) 
thrown [s\src\hotspot\share\classfile\systemDictionary.cpp, line 256]
Event: 71.088 Thread 0x000001402de510b0 Exception <a 'java/lang/ClassNotFoundException'{0x00000000c085eab0}: com/android/build/gradle/internal/dsl/TestOptions$UnitTestOptions_DecoratedCustomizer> (0x00000000c085eab0) 
thrown [s\src\hotspot\share\classfile\systemDictionary.cpp, line 256]
Event: 71.099 Thread 0x000001402de510b0 Exception <a 'java/lang/ClassNotFoundException'{0x00000000c08b1cb8}: java/lang/BooleanBeanInfo> (0x00000000c08b1cb8) 
thrown [s\src\hotspot\share\classfile\systemDictionary.cpp, line 256]
Event: 71.100 Thread 0x000001402de510b0 Exception <a 'java/lang/ClassNotFoundException'{0x00000000c08bb630}: java/lang/BooleanCustomizer> (0x00000000c08bb630) 
thrown [s\src\hotspot\share\classfile\systemDictionary.cpp, line 256]
Event: 71.271 Thread 0x000001402de510b0 Exception <a 'java/lang/ClassNotFoundException'{0x00000000c11b2f50}: build_dk4smf01fiwf5t865euk4ff1cBeanInfo> (0x00000000c11b2f50) 
thrown [s\src\hotspot\share\classfile\systemDictionary.cpp, line 256]
Event: 71.271 Thread 0x000001402de510b0 Exception <a 'java/lang/ClassNotFoundException'{0x00000000c11ba188}: build_dk4smf01fiwf5t865euk4ff1cCustomizer> (0x00000000c11ba188) 
thrown [s\src\hotspot\share\classfile\systemDictionary.cpp, line 256]
Event: 73.092 Thread 0x000001402de510b0 Exception <a 'java/lang/ClassNotFoundException'{0x00000000c2b316b8}: build_dk4smf01fiwf5t865euk4ff1cBeanInfo> (0x00000000c2b316b8) 
thrown [s\src\hotspot\share\classfile\systemDictionary.cpp, line 256]
Event: 73.092 Thread 0x000001402de510b0 Exception <a 'java/lang/ClassNotFoundException'{0x00000000c2b38da8}: build_dk4smf01fiwf5t865euk4ff1cCustomizer> (0x00000000c2b38da8) 
thrown [s\src\hotspot\share\classfile\systemDictionary.cpp, line 256]
Event: 75.102 Thread 0x000001402de510b0 Exception <a 'java/lang/ClassNotFoundException'{0x00000000c10a8918}: build_ajpkzip2p8417za3kxdgvuvgoBeanInfo> (0x00000000c10a8918) 
thrown [s\src\hotspot\share\classfile\systemDictionary.cpp, line 256]
Event: 75.102 Thread 0x000001402de510b0 Exception <a 'java/lang/ClassNotFoundException'{0x00000000c10b0068}: build_ajpkzip2p8417za3kxdgvuvgoCustomizer> (0x00000000c10b0068) 
thrown [s\src\hotspot\share\classfile\systemDictionary.cpp, line 256]
Event: 75.791 Thread 0x000001402de510b0 Exception <a 'java/lang/ClassNotFoundException'{0x00000000c1d66fe8}: build_2xchduho3xjves7g5j8s483daBeanInfo> (0x00000000c1d66fe8) 
thrown [s\src\hotspot\share\classfile\systemDictionary.cpp, line 256]
Event: 75.792 Thread 0x000001402de510b0 Exception <a 'java/lang/ClassNotFoundException'{0x00000000c1d6e220}: build_2xchduho3xjves7g5j8s483daCustomizer> (0x00000000c1d6e220) 
thrown [s\src\hotspot\share\classfile\systemDictionary.cpp, line 256]
Event: 76.425 Thread 0x000001402de510b0 Implicit null exception at 0x0000014012f1a550 to 0x0000014012f1a7f0
Event: 76.524 Thread 0x000001402de510b0 Implicit null exception at 0x0000014012ca8fe0 to 0x0000014012ca9140
Event: 76.524 Thread 0x000001402de510b0 Implicit null exception at 0x0000014012a862c2 to 0x0000014012a8646c
Event: 77.291 Thread 0x000001402de510b0 Exception <a 'java/lang/NoSuchMethodError'{0x00000000c334ef10}: static Ljava/lang/Object;.<clinit>()V> (0x00000000c334ef10) 
thrown [s\src\hotspot\share\prims\jni.cpp, line 1112]
Event: 77.294 Thread 0x000001402de510b0 Exception <a 'java/lang/NoSuchMethodError'{0x00000000c3360960}: static Lorg/jetbrains/kotlin/gradle/plugin/statistics/MetricContainer;.<clinit>()V> (0x00000000c3360960) 
thrown [s\src\hotspot\share\prims\jni.cpp, line 1112]
Event: 77.877 Thread 0x000001402de510b0 Exception <a 'java/lang/NoSuchMethodError'{0x00000000c35fdac8}: 'void java.lang.invoke.DirectMethodHandle$Holder.invokeSpecial(java.lang.Object, java.lang.Object, int)'> (0x00000000c35fdac8) 
thrown [s\src\hotspot\share\interpreter\linkResolver.cpp, line 759]
Event: 77.898 Thread 0x000001402de510b0 Exception <a 'java/lang/NoSuchMethodError'{0x00000000c3684f18}: 'void java.lang.invoke.DirectMethodHandle$Holder.invokeStatic(java.lang.Object, int, java.lang.Object)'> (0x00000000c3684f18) 
thrown [s\src\hotspot\share\interpreter\linkResolver.cpp, line 759]
Event: 78.023 Thread 0x000001402de510b0 Implicit null exception at 0x0000014012dd902f to 0x0000014012dd907c

VM Operations (20 events):
Event: 72.454 Executing VM operation: GenCollectForAllocation
Event: 72.490 Executing VM operation: GenCollectForAllocation done
Event: 73.491 Executing VM operation: Cleanup
Event: 73.491 Executing VM operation: Cleanup done
Event: 73.685 Executing VM operation: GenCollectForAllocation
Event: 73.736 Executing VM operation: GenCollectForAllocation done
Event: 74.742 Executing VM operation: Cleanup
Event: 74.742 Executing VM operation: Cleanup done
Event: 74.772 Executing VM operation: GenCollectForAllocation
Event: 74.809 Executing VM operation: GenCollectForAllocation done
Event: 75.818 Executing VM operation: Cleanup
Event: 75.819 Executing VM operation: Cleanup done
Event: 76.417 Executing VM operation: HandshakeAllThreads
Event: 76.417 Executing VM operation: HandshakeAllThreads done
Event: 77.431 Executing VM operation: Cleanup
Event: 77.432 Executing VM operation: Cleanup done
Event: 77.897 Executing VM operation: HandshakeAllThreads
Event: 77.897 Executing VM operation: HandshakeAllThreads done
Event: 78.073 Executing VM operation: HandshakeAllThreads
Event: 78.073 Executing VM operation: HandshakeAllThreads done

Memory protections (0 events):
No events

Nmethod flushes (20 events):
Event: 61.479 Thread 0x00000140030b24b0 flushing  nmethod 0x000001400bfd8d10
Event: 61.479 Thread 0x00000140030b24b0 flushing  nmethod 0x000001400bfdfd90
Event: 61.480 Thread 0x00000140030b24b0 flushing  nmethod 0x000001400bfe5a90
Event: 61.480 Thread 0x00000140030b24b0 flushing  nmethod 0x000001400bff5090
Event: 61.480 Thread 0x00000140030b24b0 flushing  nmethod 0x000001400bffce90
Event: 61.480 Thread 0x00000140030b24b0 flushing  nmethod 0x000001400c027410
Event: 61.480 Thread 0x00000140030b24b0 flushing  nmethod 0x000001400c04e110
Event: 61.480 Thread 0x00000140030b24b0 flushing  nmethod 0x000001400c078990
Event: 61.481 Thread 0x00000140030b24b0 flushing  nmethod 0x000001400c105490
Event: 61.481 Thread 0x00000140030b24b0 flushing  nmethod 0x000001400c134210
Event: 61.481 Thread 0x00000140030b24b0 flushing  nmethod 0x000001400c155b90
Event: 61.481 Thread 0x00000140030b24b0 flushing  nmethod 0x000001400c15c290
Event: 61.481 Thread 0x00000140030b24b0 flushing  nmethod 0x000001400c1a8a10
Event: 61.482 Thread 0x00000140030b24b0 flushing  nmethod 0x000001400c1c3c90
Event: 61.482 Thread 0x00000140030b24b0 flushing  nmethod 0x000001400c211610
Event: 61.483 Thread 0x00000140030b24b0 flushing  nmethod 0x000001400c2c8f10
Event: 61.483 Thread 0x00000140030b24b0 flushing  nmethod 0x000001400c305e90
Event: 61.483 Thread 0x00000140030b24b0 flushing  nmethod 0x000001400c361190
Event: 61.483 Thread 0x00000140030b24b0 flushing  nmethod 0x000001400c364790
Event: 61.484 Thread 0x00000140030b24b0 flushing  nmethod 0x000001400c382110

Events (20 events):
Event: 67.386 Thread 0x000001402d05c560 Thread exited: 0x000001402d05c560
Event: 71.368 Thread 0x000001400337e7f0 Thread added: 0x000001402d05aad0
Event: 72.846 Thread 0x000001402d05aad0 Thread exited: 0x000001402d05aad0
Event: 73.135 Thread 0x000001400337e7f0 Thread added: 0x000001402d05d000
Event: 74.134 Thread 0x000001402d05d000 Thread exited: 0x000001402d05d000
Event: 74.585 Thread 0x000001400337e7f0 Thread added: 0x000001402d05daa0
Event: 74.736 Thread 0x000001402d05daa0 Thread exited: 0x000001402d05daa0
Event: 75.049 Thread 0x000001400337e7f0 Thread added: 0x000001402d05c560
Event: 75.723 Thread 0x000001402d05c560 Thread exited: 0x000001402d05c560
Event: 76.082 Thread 0x000001400337e7f0 Thread added: 0x000001402d05a580
Event: 76.620 Thread 0x000001402d05a580 Thread exited: 0x000001402d05a580
Event: 77.195 Thread 0x000001402eafe400 Thread exited: 0x000001402eafe400
Event: 77.284 Thread 0x000001402c244c50 Thread exited: 0x000001402c244c50
Event: 77.903 Thread 0x000001400337e7f0 Thread added: 0x000001402d05a580
Event: 77.908 Thread 0x000001400337e7f0 Thread added: 0x000001402d05b020
Event: 77.961 Thread 0x000001402eafd4d0 Thread exited: 0x000001402eafd4d0
Event: 77.965 Thread 0x000001402eaff840 Thread exited: 0x000001402eaff840
Event: 77.978 Thread 0x000001402eafc5a0 Thread exited: 0x000001402eafc5a0
Event: 77.981 Thread 0x000001402de54350 Thread exited: 0x000001402de54350
Event: 78.008 Thread 0x000001402eafbb80 Thread exited: 0x000001402eafbb80


Dynamic libraries:
0x00007ff6afd80000 - 0x00007ff6afd8e000 	E:\JAVA\bin\java.exe
0x00007ffdaae00000 - 0x00007ffdab066000 	C:\WINDOWS\SYSTEM32\ntdll.dll
0x00007ffdaa650000 - 0x00007ffdaa719000 	C:\WINDOWS\System32\KERNEL32.DLL
0x00007ffda83b0000 - 0x00007ffda87aa000 	C:\WINDOWS\System32\KERNELBASE.dll
0x00007ffda8840000 - 0x00007ffda898c000 	C:\WINDOWS\System32\ucrtbase.dll
0x00007ffd8dbc0000 - 0x00007ffd8dbd8000 	E:\JAVA\bin\jli.dll
0x00007ffd8e4f0000 - 0x00007ffd8e50e000 	E:\JAVA\bin\VCRUNTIME140.dll
0x00007ffdaa9c0000 - 0x00007ffdaab87000 	C:\WINDOWS\System32\USER32.dll
0x00007ffd94270000 - 0x00007ffd94502000 	C:\WINDOWS\WinSxS\amd64_microsoft.windows.common-controls_6595b64144ccf1df_6.0.26100.8521_none_3e08b75ce33403b3\COMCTL32.dll
0x00007ffda8090000 - 0x00007ffda80b7000 	C:\WINDOWS\System32\win32u.dll
0x00007ffda97e0000 - 0x00007ffda9889000 	C:\WINDOWS\System32\msvcrt.dll
0x00007ffdaad90000 - 0x00007ffdaadbb000 	C:\WINDOWS\System32\GDI32.dll
0x00007ffda8a40000 - 0x00007ffda8b6b000 	C:\WINDOWS\System32\gdi32full.dll
0x00007ffda8300000 - 0x00007ffda83a3000 	C:\WINDOWS\System32\msvcp_win.dll
0x00007ffda95d0000 - 0x00007ffda9602000 	C:\WINDOWS\System32\IMM32.DLL
0x00007ffd9f570000 - 0x00007ffd9f57c000 	E:\JAVA\bin\vcruntime140_1.dll
0x00007ffd80780000 - 0x00007ffd8080d000 	E:\JAVA\bin\msvcp140.dll
0x00007ffd045b0000 - 0x00007ffd0521b000 	E:\JAVA\bin\server\jvm.dll
0x00007ffda9c70000 - 0x00007ffda9d26000 	C:\WINDOWS\System32\ADVAPI32.dll
0x00007ffda9b50000 - 0x00007ffda9bfa000 	C:\WINDOWS\System32\sechost.dll
0x00007ffda9a30000 - 0x00007ffda9b48000 	C:\WINDOWS\System32\RPCRT4.dll
0x00007ffdaa870000 - 0x00007ffdaa8f0000 	C:\WINDOWS\System32\WS2_32.dll
0x00007ffda7ef0000 - 0x00007ffda7f4e000 	C:\WINDOWS\SYSTEM32\POWRPROF.dll
0x00007ffd94510000 - 0x00007ffd94546000 	C:\WINDOWS\SYSTEM32\WINMM.dll
0x00007ffd981a0000 - 0x00007ffd981ab000 	C:\WINDOWS\SYSTEM32\VERSION.dll
0x00007ffda7ed0000 - 0x00007ffda7ee4000 	C:\WINDOWS\SYSTEM32\UMPDC.dll
0x00007ffda6de0000 - 0x00007ffda6dfb000 	C:\WINDOWS\SYSTEM32\kernel.appcore.dll
0x00007ffd98090000 - 0x00007ffd9809a000 	E:\JAVA\bin\jimage.dll
0x00007ffda5660000 - 0x00007ffda58a2000 	C:\WINDOWS\SYSTEM32\DBGHELP.DLL
0x00007ffdaa2c0000 - 0x00007ffdaa643000 	C:\WINDOWS\System32\combase.dll
0x00007ffda8b70000 - 0x00007ffda8c49000 	C:\WINDOWS\System32\OLEAUT32.dll
0x00007ffd80ff0000 - 0x00007ffd8102b000 	C:\WINDOWS\SYSTEM32\dbgcore.DLL
0x00007ffda8990000 - 0x00007ffda8a38000 	C:\WINDOWS\System32\bcryptPrimitives.dll
0x00007ffd95060000 - 0x00007ffd9506e000 	E:\JAVA\bin\instrument.dll
0x00007ffd856c0000 - 0x00007ffd856e5000 	E:\JAVA\bin\java.dll
0x00007ffd7ef50000 - 0x00007ffd7f027000 	E:\JAVA\bin\jsvml.dll
0x00007ffda8c60000 - 0x00007ffda93e4000 	C:\WINDOWS\System32\SHELL32.dll
0x00007ffda5c00000 - 0x00007ffda6480000 	C:\WINDOWS\SYSTEM32\windows.storage.dll
0x00007ffda9610000 - 0x00007ffda9706000 	C:\WINDOWS\System32\SHCORE.dll
0x00007ffda9c00000 - 0x00007ffda9c67000 	C:\WINDOWS\System32\shlwapi.dll
0x00007ffda7f80000 - 0x00007ffda7fa9000 	C:\WINDOWS\SYSTEM32\profapi.dll
0x00007ffd85720000 - 0x00007ffd85738000 	E:\JAVA\bin\zip.dll
0x00007ffd89ae0000 - 0x00007ffd89afa000 	E:\JAVA\bin\net.dll
0x00007ffd99100000 - 0x00007ffd99229000 	C:\WINDOWS\SYSTEM32\WINHTTP.dll
0x00007ffda7330000 - 0x00007ffda739c000 	C:\WINDOWS\system32\mswsock.dll
0x00007ffd873a0000 - 0x00007ffd873b6000 	E:\JAVA\bin\nio.dll
0x00007ffd959b0000 - 0x00007ffd959c0000 	E:\JAVA\bin\verify.dll
0x00007ffd84ba0000 - 0x00007ffd84bc7000 	E:\gradle\native\c067742578af261105cb4f569cf0c3c89f3d7b1fecec35dd04571415982c5e48\windows-amd64\native-platform.dll
0x00007ffd65f80000 - 0x00007ffd660c4000 	E:\gradle\native\100fb08df4bc3b14c8652ba06237920a3bd2aa13389f12d3474272988ae205f9\windows-amd64\native-platform-file-events.dll
0x00007ffd955d0000 - 0x00007ffd955da000 	E:\JAVA\bin\management.dll
0x00007ffd950c0000 - 0x00007ffd950cc000 	E:\JAVA\bin\management_ext.dll
0x00007ffdaa900000 - 0x00007ffdaa908000 	C:\WINDOWS\System32\PSAPI.DLL
0x00007ffda7730000 - 0x00007ffda774b000 	C:\WINDOWS\SYSTEM32\CRYPTSP.dll
0x00007ffda6d40000 - 0x00007ffda6d79000 	C:\WINDOWS\system32\rsaenh.dll
0x00007ffda73e0000 - 0x00007ffda7413000 	C:\WINDOWS\SYSTEM32\USERENV.dll
0x00007ffda7fb0000 - 0x00007ffda7fda000 	C:\WINDOWS\SYSTEM32\bcrypt.dll
0x00007ffda7590000 - 0x00007ffda759c000 	C:\WINDOWS\SYSTEM32\CRYPTBASE.dll
0x00007ffda6860000 - 0x00007ffda6893000 	C:\WINDOWS\SYSTEM32\IPHLPAPI.DLL
0x00007ffda8c50000 - 0x00007ffda8c5a000 	C:\WINDOWS\System32\NSI.dll
0x00007ffd9e710000 - 0x00007ffd9e72d000 	C:\WINDOWS\SYSTEM32\dhcpcsvc6.DLL
0x00007ffd9e6e0000 - 0x00007ffd9e705000 	C:\WINDOWS\SYSTEM32\dhcpcsvc.DLL
0x00007ffda68a0000 - 0x00007ffda69ea000 	C:\WINDOWS\SYSTEM32\DNSAPI.dll
0x00007ffda7150000 - 0x00007ffda715d000 	C:\WINDOWS\SYSTEM32\DSPARSE.dll
0x00007ffd8f7a0000 - 0x00007ffd8f7a9000 	E:\JAVA\bin\extnet.dll
0x00007ffd8f620000 - 0x00007ffd8f62e000 	E:\JAVA\bin\sunmscapi.dll
0x00007ffda8180000 - 0x00007ffda82f8000 	C:\WINDOWS\System32\CRYPT32.dll
0x00007ffda7890000 - 0x00007ffda78c0000 	C:\WINDOWS\SYSTEM32\ncrypt.dll
0x00007ffda7840000 - 0x00007ffda787f000 	C:\WINDOWS\SYSTEM32\NTASN1.dll
0x00007ffd85810000 - 0x00007ffd85818000 	C:\WINDOWS\system32\wshunix.dll
0x00007ffd73190000 - 0x00007ffd731a8000 	C:\WINDOWS\system32\napinsp.dll
0x00007ffd7ded0000 - 0x00007ffd7dee3000 	C:\WINDOWS\System32\winrnr.dll
0x00007ffd63120000 - 0x00007ffd63142000 	C:\WINDOWS\system32\nlansp_c.dll
0x00007ffd8e4d0000 - 0x00007ffd8e4e6000 	C:\WINDOWS\system32\wshbth.dll
0x00007ffd98960000 - 0x00007ffd9896b000 	C:\Windows\System32\rasadhlp.dll
0x00007ffd9ec70000 - 0x00007ffd9ecf6000 	C:\WINDOWS\System32\fwpuclnt.dll

dbghelp: loaded successfully - version: 4.0.5 - missing functions: none
symbol engine: initialized successfully - sym options: 0x614 - pdb path: .;E:\JAVA\bin;C:\WINDOWS\SYSTEM32;C:\WINDOWS\WinSxS\amd64_microsoft.windows.common-controls_6595b64144ccf1df_6.0.26100.8521_none_3e08b75ce33403b3;E:\JAVA\bin\server;E:\gradle\native\c067742578af261105cb4f569cf0c3c89f3d7b1fecec35dd04571415982c5e48\windows-amd64;E:\gradle\native\100fb08df4bc3b14c8652ba06237920a3bd2aa13389f12d3474272988ae205f9\windows-amd64

VM Arguments:
jvm_args: --add-opens=java.base/java.lang=ALL-UNNAMED --add-opens=java.base/java.lang.invoke=ALL-UNNAMED --add-opens=java.base/java.util=ALL-UNNAMED --add-opens=java.prefs/java.util.prefs=ALL-UNNAMED --add-exports=jdk.compiler/com.sun.tools.javac.api=ALL-UNNAMED --add-exports=jdk.compiler/com.sun.tools.javac.util=ALL-UNNAMED --add-opens=java.base/java.util=ALL-UNNAMED --add-opens=java.prefs/java.util.prefs=ALL-UNNAMED --add-opens=java.base/java.nio.charset=ALL-UNNAMED --add-opens=java.base/java.net=ALL-UNNAMED --add-opens=java.base/java.util.concurrent.atomic=ALL-UNNAMED --add-opens=java.xml/javax.xml.namespace=ALL-UNNAMED -XX:MaxMetaspaceSize=256m -XX:+UseSerialGC -XX:+HeapDumpOnOutOfMemoryError -Xmx1024m -Dfile.encoding=UTF-8 -Duser.country=US -Duser.language=en -Duser.variant -javaagent:E:\gradle\wrapper\dists\gradle-8.11.1-all\2qik7nd48slq1ooc2496ixf4i\gradle-8.11.1\lib\agents\gradle-instrumentation-agent-8.11.1.jar 
java_command: org.gradle.launcher.daemon.bootstrap.GradleDaemon 8.11.1
java_class_path (initial): E:\gradle\wrapper\dists\gradle-8.11.1-all\2qik7nd48slq1ooc2496ixf4i\gradle-8.11.1\lib\gradle-daemon-main-8.11.1.jar
Launcher Type: SUN_STANDARD

[Global flags]
     intx CICompilerCount                          = 4                                         {product} {ergonomic}
   size_t CompressedClassSpaceSize                 = 218103808                                 {product} {ergonomic}
     bool HeapDumpOnOutOfMemoryError               = true                                   {manageable} {command line}
   size_t InitialHeapSize                          = 264241152                                 {product} {ergonomic}
   size_t MaxHeapSize                              = 1073741824                                {product} {command line}
   size_t MaxMetaspaceSize                         = 268435456                                 {product} {command line}
   size_t MaxNewSize                               = 357892096                                 {product} {ergonomic}
   size_t MinHeapDeltaBytes                        = 196608                                    {product} {ergonomic}
   size_t MinHeapSize                              = 8388608                                   {product} {ergonomic}
   size_t NewSize                                  = 88080384                                  {product} {ergonomic}
    uintx NonNMethodCodeHeapSize                   = 5839372                                {pd product} {ergonomic}
    uintx NonProfiledCodeHeapSize                  = 122909434                              {pd product} {ergonomic}
   size_t OldSize                                  = 176160768                                 {product} {ergonomic}
    uintx ProfiledCodeHeapSize                     = 122909434                              {pd product} {ergonomic}
    uintx ReservedCodeCacheSize                    = 251658240                              {pd product} {ergonomic}
     bool SegmentedCodeCache                       = true                                      {product} {ergonomic}
   size_t SoftMaxHeapSize                          = 1073741824                             {manageable} {ergonomic}
     bool UseCompressedClassPointers               = true                           {product lp64_product} {ergonomic}
     bool UseCompressedOops                        = true                           {product lp64_product} {ergonomic}
     bool UseLargePagesIndividualAllocation        = false                                  {pd product} {ergonomic}
     bool UseSerialGC                              = true                                      {product} {command line}

Logging:
Log output configuration:
 #0: stdout all=warning uptime,level,tags
 #1: stderr all=off uptime,level,tags

Environment Variables:
JAVA_HOME=E:\JAVA
CLASSPATH=E:\voice_test\android\\gradle\wrapper\gradle-wrapper.jar
PATH=E:\JAVA\bin;C:\Program Files\Common Files\Oracle\Java\javapath;C:\WINDOWS\system32;C:\WINDOWS;C:\WINDOWS\System32\Wbem;C:\WINDOWS\System32\WindowsPowerShell\v1.0\;C:\WINDOWS\System32\OpenSSH\;C:\Program Files\Git\cmd;C:\Program Files\Microsoft SQL Server\170\Tools\Binn\;C:\Program Files\Microsoft SQL Server\Client SDK\ODBC\170\Tools\Binn\;C:\Program Files\Microsoft SQL Server\170\DTS\Binn\;C:\Program Files\dotnet\;D:\Basira\;C:\ProgramData\chocolatey\bin;E:\JAVA\bin;E:\DOWNLOAD\New folder (2)\bin;C:\Program Files\Common Files\Oracle\Java\javapath;C:\WINDOWS\system32;C:\WINDOWS;C:\WINDOWS\System32\Wbem;C:\WINDOWS\System32\WindowsPowerShell\v1.0\;C:\WINDOWS\System32\OpenSSH\;C:\Program Files\Git\cmd;C:\Program Files\Microsoft SQL Server\170\Tools\Binn\;C:\Program Files\Microsoft SQL Server\Client SDK\ODBC\170\Tools\Binn\;C:\Program Files\Microsoft SQL Server\170\DTS\Binn\;C:\Program Files\dotnet\;D:\Basira\;C:\ProgramData\chocolatey\bin;C:\WINDOWS\system32;C:\WINDOWS;C:\WINDOWS\System32\Wbem;C:\WINDOWS\System32\WindowsPowerShell\v1.0\;C:\WINDOWS\System32\OpenSSH\;C:\Program Files\Git\cmd;C:\Program Files\Microsoft SQL Server\170\Tools\Binn\;C:\Program Files\Microsoft SQL Server\Client SDK\ODBC\170\Tools\Binn\;C:\Program Files\Microsoft SQL Server\170\DTS\Binn\;C:\Program Files\dotnet\;D:\Basira\;C:\ProgramData\chocolatey\bin;C:\Users\DELL\AppData\Local\Programs\Python\Python310\Scripts\;C:\Users\DELL\AppData\Local\Programs\Python\Python310\;C:\Users\DELL\AppData\Local\Prog;E:\flutter\bin;D:\download\Antigravity\bin;C:\Users\DELL\AppData\Roaming\npm;E:\flutter\bin\mingit\cmd
USERNAME=DELL
OS=Windows_NT
PROCESSOR_IDENTIFIER=Intel64 Family 6 Model 142 Stepping 12, GenuineIntel
TMP=C:\Users\DELL\AppData\Local\Temp
TEMP=C:\Users\DELL\AppData\Local\Temp



Periodic native trim disabled


---------------  S Y S T E M  ---------------

OS:
 Windows 11 , 64 bit Build 26100 (10.0.26100.8521)
OS uptime: 0 days 2:19 hours
Hyper-V role detected

CPU: total 8 (initial active 8) (4 cores per cpu, 2 threads per core) family 6 model 142 stepping 12 microcode 0xf8, cx8, cmov, fxsr, ht, mmx, 3dnowpref, sse, sse2, sse3, ssse3, sse4.1, sse4.2, popcnt, lzcnt, tsc, tscinvbit, avx, avx2, aes, erms, clmul, bmi1, bmi2, adx, fma, vzeroupper, clflush, clflushopt, hv
Processor Information for all 8 processors :
  Max Mhz: 2304, Current Mhz: 1803, Mhz Limit: 1797

Memory: 4k page, system-wide physical 16043M (2307M free)
TotalPageFile size 16425M (AvailPageFile size 3M)
current process WorkingSet (physical memory assigned to process): 591M, peak: 594M
current process commit charge ("private bytes"): 590M, peak: 597M

vm_info: OpenJDK 64-Bit Server VM (17.0.18+8) for windows-amd64 JRE (17.0.18+8), built on Jan 20 2026 22:28:22 by "admin" with MS VC++ 17.12 (VS2022)

END.
