#
# There is insufficient memory for the Java Runtime Environment to continue.
# Native memory allocation (mmap) failed to map 168820736 bytes. Error detail: G1 virtual space
# Possible reasons:
#   The system is out of physical RAM or swap space
#   This process is running with CompressedOops enabled, and the Java Heap may be blocking the growth of the native heap
# Possible solutions:
#   Reduce memory load on the system
#   Increase physical memory or swap space
#   Check if swap backing store is full
#   Decrease Java heap size (-Xmx/-Xms)
#   Decrease number of Java threads
#   Decrease Java thread stack sizes (-Xss)
#   Set larger code cache with -XX:ReservedCodeCacheSize=
#   JVM is running with Unscaled Compressed Oops mode in which the Java heap is
#     placed in the first 4GB address space. The Java Heap base address is the
#     maximum limit for the native heap growth. Please use -XX:HeapBaseMinAddress
#     to set the Java Heap base and to place the Java Heap above 4GB virtual address.
# This output file may be truncated or incomplete.
#
#  Out of Memory Error (os_windows.cpp:3618), pid=6472, tid=1452
#
# JRE version: OpenJDK Runtime Environment Temurin-17.0.18+8 (17.0.18+8) (build 17.0.18+8)
# Java VM: OpenJDK 64-Bit Server VM Temurin-17.0.18+8 (17.0.18+8, mixed mode, sharing, tiered, compressed oops, compressed class ptrs, g1 gc, windows-amd64)
# No core dump will be written. Minidumps are not enabled by default on client versions of Windows
#

---------------  S U M M A R Y ------------

Command Line: --add-opens=java.base/java.lang=ALL-UNNAMED --add-opens=java.base/java.lang.invoke=ALL-UNNAMED --add-opens=java.base/java.util=ALL-UNNAMED --add-opens=java.prefs/java.util.prefs=ALL-UNNAMED --add-exports=jdk.compiler/com.sun.tools.javac.api=ALL-UNNAMED --add-exports=jdk.compiler/com.sun.tools.javac.util=ALL-UNNAMED --add-opens=java.base/java.util=ALL-UNNAMED --add-opens=java.prefs/java.util.prefs=ALL-UNNAMED --add-opens=java.base/java.nio.charset=ALL-UNNAMED --add-opens=java.base/java.net=ALL-UNNAMED --add-opens=java.base/java.util.concurrent.atomic=ALL-UNNAMED --add-opens=java.xml/javax.xml.namespace=ALL-UNNAMED -XX:MaxMetaspaceSize=256m -Xss256k -Xmx1024M -Dfile.encoding=windows-1252 -Duser.country=US -Duser.language=en -Duser.variant -javaagent:E:\gradle\wrapper\dists\gradle-8.11.1-all\2qik7nd48slq1ooc2496ixf4i\gradle-8.11.1\lib\agents\gradle-instrumentation-agent-8.11.1.jar org.gradle.launcher.daemon.bootstrap.GradleDaemon 8.11.1

Host: Intel(R) Core(TM) i7-10610U CPU @ 1.80GHz, 8 cores, 15G,  Windows 11 , 64 bit Build 26100 (10.0.26100.8521)
Time: Tue Jun  9 23:46:34 2026 Egypt Daylight Time elapsed time: 114.266686 seconds (0d 0h 1m 54s)

---------------  T H R E A D  ---------------

Current thread (0x00000203e577c7b0):  VMThread "VM Thread" [stack: 0x0000008927000000,0x0000008927100000] [id=1452]

Stack: [0x0000008927000000,0x0000008927100000]
Native frames: (J=compiled Java code, j=interpreted, Vv=VM code, C=native code)
V  [jvm.dll+0x6846f9]
V  [jvm.dll+0x839ea5]
V  [jvm.dll+0x83b91e]
V  [jvm.dll+0x83bfa3]
V  [jvm.dll+0x248eff]
V  [jvm.dll+0x6814b9]
V  [jvm.dll+0x6762ba]
V  [jvm.dll+0x309257]
V  [jvm.dll+0x310826]
V  [jvm.dll+0x360d9e]
V  [jvm.dll+0x360fdd]
V  [jvm.dll+0x2e02dc]
V  [jvm.dll+0x2e3366]
V  [jvm.dll+0x2edaa4]
V  [jvm.dll+0x320d5d]
V  [jvm.dll+0x8407bd]
V  [jvm.dll+0x8414f3]
V  [jvm.dll+0x841a1f]
V  [jvm.dll+0x841e05]
V  [jvm.dll+0x841ece]
V  [jvm.dll+0x7eaaec]
V  [jvm.dll+0x6835c7]
C  [ucrtbase.dll+0x2cd30]
C  [KERNEL32.DLL+0x2e957]
C  [ntdll.dll+0x87c1c]

VM_Operation (0x0000008926cff760): G1PauseRemark, mode: safepoint, requested by thread 0x00000203c98e7650


---------------  P R O C E S S  ---------------

Threads class SMR info:
_java_thread_list=0x00000203fad05180, length=57, elements={
0x00000203c989fd10, 0x00000203e5783ab0, 0x00000203e57850f0, 0x00000203e579ae70,
0x00000203e579b740, 0x00000203e579c010, 0x00000203e579c8e0, 0x00000203e579d4e0,
0x00000203e57a7750, 0x00000203e59227d0, 0x00000203e5956a00, 0x00000203e5a62f10,
0x00000203f9e9a090, 0x00000203fa0836b0, 0x00000203f8a05ef0, 0x00000203f9cc7820,
0x00000203f8a47b70, 0x00000203f8a48fb0, 0x00000203f8a47150, 0x00000203f8a48590,
0x00000203f8a48aa0, 0x00000203f8a46730, 0x00000203f8a45d10, 0x00000203f8a46220,
0x00000203f8a46c40, 0x00000203f8a47660, 0x00000203f8a48080, 0x00000203fba22300,
0x00000203fba22810, 0x00000203fba23740, 0x00000203fba218e0, 0x00000203fba23c50,
0x00000203fba24b80, 0x00000203fba213d0, 0x00000203fba24670, 0x00000203fba25fc0,
0x00000203fba28840, 0x00000203fba264d0, 0x00000203fba28d50, 0x00000203fba269e0,
0x00000203fba27e20, 0x00000203fba28330, 0x00000203fa5b7640, 0x00000203fa5b57e0,
0x00000203fa5b7b50, 0x00000203fa5b6710, 0x00000203fa5b6200, 0x00000203fa5b6c20,
0x00000203fa5b5cf0, 0x00000203fa5b4dc0, 0x00000203fa5b7130, 0x00000203f8a45800,
0x00000203fb1cb0b0, 0x00000203fb1c7e10, 0x00000203fb1cbad0, 0x00000203fb1c9760,
0x00000203fb1ccf10
}

Java Threads: ( => current thread )
  0x00000203c989fd10 JavaThread "main" [_thread_blocked, id=7480, stack(0x00000089265b0000,0x00000089265f0000)]
  0x00000203e5783ab0 JavaThread "Reference Handler" daemon [_thread_blocked, id=9660, stack(0x0000008927100000,0x0000008927140000)]
  0x00000203e57850f0 JavaThread "Finalizer" daemon [_thread_blocked, id=16332, stack(0x0000008927140000,0x0000008927180000)]
  0x00000203e579ae70 JavaThread "Signal Dispatcher" daemon [_thread_blocked, id=14448, stack(0x0000008927180000,0x00000089271c0000)]
  0x00000203e579b740 JavaThread "Attach Listener" daemon [_thread_blocked, id=11396, stack(0x00000089271c0000,0x0000008927200000)]
  0x00000203e579c010 JavaThread "Service Thread" daemon [_thread_blocked, id=11320, stack(0x0000008927200000,0x0000008927240000)]
  0x00000203e579c8e0 JavaThread "Monitor Deflation Thread" daemon [_thread_blocked, id=3128, stack(0x0000008927240000,0x0000008927280000)]
  0x00000203e579d4e0 JavaThread "C2 CompilerThread0" daemon [_thread_blocked, id=7344, stack(0x0000008927280000,0x0000008927380000)]
  0x00000203e57a7750 JavaThread "C1 CompilerThread0" daemon [_thread_blocked, id=16648, stack(0x0000008927380000,0x0000008927480000)]
  0x00000203e59227d0 JavaThread "Sweeper thread" daemon [_thread_blocked, id=11448, stack(0x0000008927480000,0x00000089274c0000)]
  0x00000203e5956a00 JavaThread "Common-Cleaner" daemon [_thread_blocked, id=7128, stack(0x00000089274c0000,0x0000008927500000)]
  0x00000203e5a62f10 JavaThread "Notification Thread" daemon [_thread_blocked, id=8332, stack(0x0000008927600000,0x0000008927640000)]
  0x00000203f9e9a090 JavaThread "Daemon health stats" [_thread_blocked, id=4760, stack(0x0000008927740000,0x0000008927780000)]
  0x00000203fa0836b0 JavaThread "Incoming local TCP Connector on port 59440" [_thread_in_native, id=20080, stack(0x0000008927500000,0x0000008927540000)]
  0x00000203f8a05ef0 JavaThread "Daemon periodic checks" [_thread_blocked, id=21192, stack(0x0000008927540000,0x0000008927580000)]
  0x00000203f9cc7820 JavaThread "Daemon" [_thread_blocked, id=7144, stack(0x0000008927580000,0x00000089275c0000)]
  0x00000203f8a47b70 JavaThread "Handler for socket connection from /127.0.0.1:59440 to /127.0.0.1:59441" [_thread_in_native, id=17012, stack(0x00000089275c0000,0x0000008927600000)]
  0x00000203f8a48fb0 JavaThread "Cancel handler" [_thread_blocked, id=17420, stack(0x0000008927780000,0x00000089277c0000)]
  0x00000203f8a47150 JavaThread "Daemon worker" [_thread_blocked, id=20132, stack(0x00000089277c0000,0x0000008927800000)]
  0x00000203f8a48590 JavaThread "Asynchronous log dispatcher for DefaultDaemonConnection: socket connection from /127.0.0.1:59440 to /127.0.0.1:59441" [_thread_blocked, id=21244, stack(0x0000008927800000,0x0000008927840000)]
  0x00000203f8a48aa0 JavaThread "Stdin handler" [_thread_blocked, id=2464, stack(0x0000008927d40000,0x0000008927d80000)]
  0x00000203f8a46730 JavaThread "Daemon client event forwarder" [_thread_blocked, id=17584, stack(0x0000008927d80000,0x0000008927dc0000)]
  0x00000203f8a45d10 JavaThread "Cache worker for journal cache (E:\gradle\caches\journal-1)" [_thread_blocked, id=10520, stack(0x0000008927dc0000,0x0000008927e00000)]
  0x00000203f8a46220 JavaThread "File lock request listener" [_thread_in_native, id=19784, stack(0x0000008927e00000,0x0000008927e40000)]
  0x00000203f8a46c40 JavaThread "Cache worker for file hash cache (E:\gradle\caches\8.11.1\fileHashes)" [_thread_blocked, id=7084, stack(0x0000008927e40000,0x0000008927e80000)]
  0x00000203f8a47660 JavaThread "Cache worker for file content cache (E:\gradle\caches\8.11.1\fileContent)" [_thread_blocked, id=15824, stack(0x0000008928080000,0x00000089280c0000)]
  0x00000203f8a48080 JavaThread "Cache worker for file hash cache (E:\voice_test\android\.gradle\8.11.1\fileHashes)" [_thread_blocked, id=15540, stack(0x00000089280c0000,0x0000008928100000)]
  0x00000203fba22300 JavaThread "Cache worker for Build Output Cleanup Cache (E:\voice_test\android\.gradle\buildOutputCleanup)" [_thread_blocked, id=18500, stack(0x0000008927e80000,0x0000008927ec0000)]
  0x00000203fba22810 JavaThread "File watcher server" daemon [_thread_in_native, id=15080, stack(0x0000008927ec0000,0x0000008927f00000)]
  0x00000203fba23740 JavaThread "File watcher consumer" daemon [_thread_blocked, id=11488, stack(0x0000008927f00000,0x0000008927f40000)]
  0x00000203fba218e0 JavaThread "Cache worker for checksums cache (E:\voice_test\android\.gradle\8.11.1\checksums)" [_thread_blocked, id=19292, stack(0x0000008928040000,0x0000008928080000)]
  0x00000203fba23c50 JavaThread "File lock release action executor" [_thread_blocked, id=7012, stack(0x0000008928400000,0x0000008928440000)]
  0x00000203fba24b80 JavaThread "Cache worker for cache directory md-rule (E:\gradle\caches\8.11.1\md-rule)" [_thread_blocked, id=1480, stack(0x0000008928440000,0x0000008928480000)]
  0x00000203fba213d0 JavaThread "Cache worker for cache directory md-supplier (E:\gradle\caches\8.11.1\md-supplier)" [_thread_blocked, id=18376, stack(0x0000008927f40000,0x0000008927f80000)]
  0x00000203fba24670 JavaThread "jar transforms" [_thread_blocked, id=21444, stack(0x0000008927f80000,0x0000008927fc0000)]
  0x00000203fba25fc0 JavaThread "Cache worker for Build Output Cleanup Cache (D:\flutter\packages\flutter_tools\gradle\.gradle\buildOutputCleanup)" [_thread_blocked, id=8720, stack(0x0000008927fc0000,0x0000008928000000)]
  0x00000203fba28840 JavaThread "Unconstrained build operations" [_thread_blocked, id=9188, stack(0x0000008928000000,0x0000008928040000)]
  0x00000203fba264d0 JavaThread "Unconstrained build operations Thread 2" [_thread_blocked, id=2812, stack(0x0000008928480000,0x00000089284c0000)]
  0x00000203fba28d50 JavaThread "Unconstrained build operations Thread 3" [_thread_blocked, id=16200, stack(0x00000089284c0000,0x0000008928500000)]
  0x00000203fba269e0 JavaThread "Memory manager" [_thread_blocked, id=3496, stack(0x0000008928600000,0x0000008928640000)]
  0x00000203fba27e20 JavaThread "build event listener" [_thread_blocked, id=18936, stack(0x0000008928500000,0x0000008928540000)]
  0x00000203fba28330 JavaThread "Cache worker for execution history cache (D:\flutter\packages\flutter_tools\gradle\.gradle\8.11.1\executionHistory)" [_thread_blocked, id=10284, stack(0x0000008928580000,0x00000089285c0000)]
  0x00000203fa5b7640 JavaThread "Unconstrained build operations Thread 4" [_thread_blocked, id=4212, stack(0x00000089285c0000,0x0000008928600000)]
  0x00000203fa5b57e0 JavaThread "Unconstrained build operations Thread 5" [_thread_blocked, id=10344, stack(0x0000008928840000,0x0000008928880000)]
  0x00000203fa5b7b50 JavaThread "Unconstrained build operations Thread 6" [_thread_blocked, id=14752, stack(0x0000008928880000,0x00000089288c0000)]
  0x00000203fa5b6710 JavaThread "Unconstrained build operations Thread 7" [_thread_blocked, id=10444, stack(0x00000089288c0000,0x0000008928900000)]
  0x00000203fa5b6200 JavaThread "Unconstrained build operations Thread 8" [_thread_blocked, id=8360, stack(0x0000008928900000,0x0000008928940000)]
  0x00000203fa5b6c20 JavaThread "Unconstrained build operations Thread 9" [_thread_blocked, id=6516, stack(0x0000008928940000,0x0000008928980000)]
  0x00000203fa5b5cf0 JavaThread "Unconstrained build operations Thread 10" [_thread_blocked, id=11932, stack(0x0000008926800000,0x0000008926840000)]
  0x00000203fa5b4dc0 JavaThread "jar transforms Thread 2" [_thread_blocked, id=19600, stack(0x0000008926840000,0x0000008926880000)]
  0x00000203fa5b7130 JavaThread "jar transforms Thread 3" [_thread_blocked, id=956, stack(0x0000008926880000,0x00000089268c0000)]
  0x00000203f8a45800 JavaThread "jar transforms Thread 4" [_thread_blocked, id=11856, stack(0x00000089268c0000,0x0000008926900000)]
  0x00000203fb1cb0b0 JavaThread "jar transforms Thread 5" [_thread_blocked, id=20632, stack(0x0000008928b80000,0x0000008928bc0000)]
  0x00000203fb1c7e10 JavaThread "build event listener" [_thread_blocked, id=2504, stack(0x0000008928a80000,0x0000008928ac0000)]
  0x00000203fb1cbad0 JavaThread "jar transforms Thread 6" [_thread_blocked, id=1092, stack(0x0000008928980000,0x00000089289c0000)]
  0x00000203fb1c9760 JavaThread "jar transforms Thread 7" [_thread_blocked, id=16572, stack(0x00000089289c0000,0x0000008928a00000)]
  0x00000203fb1ccf10 JavaThread "jar transforms Thread 8" [_thread_blocked, id=17332, stack(0x0000008926900000,0x0000008926940000)]

Other Threads:
=>0x00000203e577c7b0 VMThread "VM Thread" [stack: 0x0000008927000000,0x0000008927100000] [id=1452]
  0x00000203c98a0aa0 WatcherThread [stack: 0x0000008927640000,0x0000008927740000] [id=11376]
  0x00000203c98de7f0 GCTaskThread "GC Thread#0" [stack: 0x0000008926b00000,0x0000008926c00000] [id=21212]
  0x00000203f8504d20 GCTaskThread "GC Thread#1" [stack: 0x0000008927840000,0x0000008927940000] [id=18108]
  0x00000203f8504fe0 GCTaskThread "GC Thread#2" [stack: 0x0000008927940000,0x0000008927a40000] [id=14312]
  0x00000203f850d4e0 GCTaskThread "GC Thread#3" [stack: 0x0000008927a40000,0x0000008927b40000] [id=19084]
  0x00000203f850d7a0 GCTaskThread "GC Thread#4" [stack: 0x0000008927b40000,0x0000008927c40000] [id=16968]
  0x00000203f850da60 GCTaskThread "GC Thread#5" [stack: 0x0000008927c40000,0x0000008927d40000] [id=2992]
  0x00000203f8f187b0 GCTaskThread "GC Thread#6" [stack: 0x0000008928100000,0x0000008928200000] [id=7868]
  0x00000203e597f030 GCTaskThread "GC Thread#7" [stack: 0x0000008928200000,0x0000008928300000] [id=20544]
  0x00000203c98e7650 ConcurrentGCThread "G1 Main Marker" [stack: 0x0000008926c00000,0x0000008926d00000] [id=20988]
  0x00000203c98e7f80 ConcurrentGCThread "G1 Conc#0" [stack: 0x0000008926d00000,0x0000008926e00000] [id=17956]
  0x00000203f80dfcb0 ConcurrentGCThread "G1 Conc#1" [stack: 0x0000008928300000,0x0000008928400000] [id=10988]
  0x00000203c994d240 ConcurrentGCThread "G1 Refine#0" [stack: 0x0000008926e00000,0x0000008926f00000] [id=2596]
  0x00000203c994db80 ConcurrentGCThread "G1 Service" [stack: 0x0000008926f00000,0x0000008927000000] [id=19184]

Threads with active compile tasks:

VM state: at safepoint (normal execution)

VM Mutex/Monitor currently owned by a thread:  ([mutex/lock_event])
[0x00000203c9899f40] Threads_lock - owner thread: 0x00000203e577c7b0
[0x00000203c989a450] Heap_lock - owner thread: 0x00000203c98e7650

Heap address: 0x00000000c0000000, size: 1024 MB, Compressed Oops mode: 32-bit

CDS archive(s) mapped at: [0x00000203e6000000-0x00000203e6bb0000-0x00000203e6bb0000), size 12255232, SharedBaseAddress: 0x00000203e6000000, ArchiveRelocationMode: 1.
Compressed class space mapped at: 0x00000203e7000000-0x00000203f4000000, reserved size: 218103808
Narrow klass base: 0x00000203e6000000, Narrow klass shift: 0, Narrow klass range: 0x100000000

GC Precious Log:
 CPUs: 8 total, 8 available
 Memory: 16043M
 Large Page Support: Disabled
 NUMA Support: Disabled
 Compressed Oops: Enabled (32-bit)
 Heap Region Size: 1M
 Heap Min Capacity: 8M
 Heap Initial Capacity: 252M
 Heap Max Capacity: 1G
 Pre-touch: Disabled
 Parallel Workers: 8
 Concurrent Workers: 2
 Concurrent Refinement Workers: 8
 Periodic GC: Disabled

Heap:
 garbage-first heap   total 321536K, used 290155K [0x00000000c0000000, 0x0000000100000000)
  region size 1024K, 6 young (6144K), 2 survivors (2048K)
 Metaspace       used 102236K, committed 103616K, reserved 344064K
  class space    used 14265K, committed 14912K, reserved 212992K

Heap Regions: E=young(eden), S=young(survivor), O=old, HS=humongous(starts), HC=humongous(continues), CS=collection set, F=free, OA=open archive, CA=closed archive, TAMS=top-at-mark-start (previous, next)
|   0|0x00000000c0000000, 0x00000000c0100000, 0x00000000c0100000|100%| O|  |TAMS 0x00000000c0100000, 0x00000000c0000000| Updating 
|   1|0x00000000c0100000, 0x00000000c0200000, 0x00000000c0200000|100%|HS|  |TAMS 0x00000000c0200000, 0x00000000c0100000| Complete 
|   2|0x00000000c0200000, 0x00000000c0300000, 0x00000000c0300000|100%|HC|  |TAMS 0x00000000c0300000, 0x00000000c0200000| Complete 
|   3|0x00000000c0300000, 0x00000000c0400000, 0x00000000c0400000|100%|HC|  |TAMS 0x00000000c0400000, 0x00000000c0300000| Complete 
|   4|0x00000000c0400000, 0x00000000c0500000, 0x00000000c0500000|100%| O|  |TAMS 0x00000000c0500000, 0x00000000c0400000| Untracked 
|   5|0x00000000c0500000, 0x00000000c0600000, 0x00000000c0600000|100%| O|  |TAMS 0x00000000c0600000, 0x00000000c0500000| Untracked 
|   6|0x00000000c0600000, 0x00000000c0700000, 0x00000000c0700000|100%| O|  |TAMS 0x00000000c0700000, 0x00000000c0600000| Untracked 
|   7|0x00000000c0700000, 0x00000000c0800000, 0x00000000c0800000|100%|HS|  |TAMS 0x00000000c0800000, 0x00000000c0700000| Complete 
|   8|0x00000000c0800000, 0x00000000c0900000, 0x00000000c0900000|100%| O|  |TAMS 0x00000000c0900000, 0x00000000c0800000| Untracked 
|   9|0x00000000c0900000, 0x00000000c0a00000, 0x00000000c0a00000|100%| O|  |TAMS 0x00000000c0a00000, 0x00000000c0900000| Untracked 
|  10|0x00000000c0a00000, 0x00000000c0b00000, 0x00000000c0b00000|100%| O|  |TAMS 0x00000000c0b00000, 0x00000000c0a00000| Updating 
|  11|0x00000000c0b00000, 0x00000000c0c00000, 0x00000000c0c00000|100%| O|  |TAMS 0x00000000c0c00000, 0x00000000c0b00000| Untracked 
|  12|0x00000000c0c00000, 0x00000000c0ce4e00, 0x00000000c0d00000| 89%| O|  |TAMS 0x00000000c0ce4e00, 0x00000000c0c00000| Updating 
|  13|0x00000000c0d00000, 0x00000000c0e00000, 0x00000000c0e00000|100%| O|  |TAMS 0x00000000c0e00000, 0x00000000c0d00000| Untracked 
|  14|0x00000000c0e00000, 0x00000000c0f00000, 0x00000000c0f00000|100%| O|  |TAMS 0x00000000c0f00000, 0x00000000c0e00000| Untracked 
|  15|0x00000000c0f00000, 0x00000000c1000000, 0x00000000c1000000|100%| O|  |TAMS 0x00000000c1000000, 0x00000000c0f00000| Untracked 
|  16|0x00000000c1000000, 0x00000000c1100000, 0x00000000c1100000|100%| O|  |TAMS 0x00000000c1100000, 0x00000000c1000000| Untracked 
|  17|0x00000000c1100000, 0x00000000c1200000, 0x00000000c1200000|100%| O|  |TAMS 0x00000000c1200000, 0x00000000c1100000| Untracked 
|  18|0x00000000c1200000, 0x00000000c1300000, 0x00000000c1300000|100%| O|  |TAMS 0x00000000c1300000, 0x00000000c1200000| Untracked 
|  19|0x00000000c1300000, 0x00000000c1400000, 0x00000000c1400000|100%| O|  |TAMS 0x00000000c1400000, 0x00000000c1300000| Untracked 
|  20|0x00000000c1400000, 0x00000000c1500000, 0x00000000c1500000|100%| O|  |TAMS 0x00000000c1500000, 0x00000000c1400000| Untracked 
|  21|0x00000000c1500000, 0x00000000c1600000, 0x00000000c1600000|100%| O|  |TAMS 0x00000000c1600000, 0x00000000c1500000| Untracked 
|  22|0x00000000c1600000, 0x00000000c1700000, 0x00000000c1700000|100%| O|  |TAMS 0x00000000c1700000, 0x00000000c1600000| Untracked 
|  23|0x00000000c1700000, 0x00000000c1800000, 0x00000000c1800000|100%| O|  |TAMS 0x00000000c1800000, 0x00000000c1700000| Updating 
|  24|0x00000000c1800000, 0x00000000c1900000, 0x00000000c1900000|100%| O|  |TAMS 0x00000000c1900000, 0x00000000c1800000| Untracked 
|  25|0x00000000c1900000, 0x00000000c1a00000, 0x00000000c1a00000|100%| O|  |TAMS 0x00000000c1a00000, 0x00000000c1900000| Updating 
|  26|0x00000000c1a00000, 0x00000000c1b00000, 0x00000000c1b00000|100%| O|  |TAMS 0x00000000c1b00000, 0x00000000c1a00000| Untracked 
|  27|0x00000000c1b00000, 0x00000000c1c00000, 0x00000000c1c00000|100%| O|  |TAMS 0x00000000c1c00000, 0x00000000c1b00000| Untracked 
|  28|0x00000000c1c00000, 0x00000000c1d00000, 0x00000000c1d00000|100%| O|  |TAMS 0x00000000c1d00000, 0x00000000c1c00000| Untracked 
|  29|0x00000000c1d00000, 0x00000000c1e00000, 0x00000000c1e00000|100%| O|  |TAMS 0x00000000c1e00000, 0x00000000c1d00000| Untracked 
|  30|0x00000000c1e00000, 0x00000000c1f00000, 0x00000000c1f00000|100%| O|  |TAMS 0x00000000c1f00000, 0x00000000c1e00000| Untracked 
|  31|0x00000000c1f00000, 0x00000000c2000000, 0x00000000c2000000|100%| O|  |TAMS 0x00000000c2000000, 0x00000000c1f00000| Untracked 
|  32|0x00000000c2000000, 0x00000000c2100000, 0x00000000c2100000|100%| O|  |TAMS 0x00000000c2100000, 0x00000000c2000000| Untracked 
|  33|0x00000000c2100000, 0x00000000c2200000, 0x00000000c2200000|100%| O|  |TAMS 0x00000000c2200000, 0x00000000c2100000| Updating 
|  34|0x00000000c2200000, 0x00000000c2300000, 0x00000000c2300000|100%| O|  |TAMS 0x00000000c2300000, 0x00000000c2200000| Untracked 
|  35|0x00000000c2300000, 0x00000000c2400000, 0x00000000c2400000|100%| O|  |TAMS 0x00000000c2400000, 0x00000000c2300000| Untracked 
|  36|0x00000000c2400000, 0x00000000c2500000, 0x00000000c2500000|100%| O|  |TAMS 0x00000000c2500000, 0x00000000c2400000| Updating 
|  37|0x00000000c2500000, 0x00000000c2600000, 0x00000000c2600000|100%| O|  |TAMS 0x00000000c2600000, 0x00000000c2500000| Untracked 
|  38|0x00000000c2600000, 0x00000000c2700000, 0x00000000c2700000|100%| O|  |TAMS 0x00000000c2700000, 0x00000000c2600000| Untracked 
|  39|0x00000000c2700000, 0x00000000c2800000, 0x00000000c2800000|100%| O|  |TAMS 0x00000000c2800000, 0x00000000c2700000| Updating 
|  40|0x00000000c2800000, 0x00000000c2900000, 0x00000000c2900000|100%| O|  |TAMS 0x00000000c2900000, 0x00000000c2800000| Updating 
|  41|0x00000000c2900000, 0x00000000c2a00000, 0x00000000c2a00000|100%| O|  |TAMS 0x00000000c2a00000, 0x00000000c2900000| Updating 
|  42|0x00000000c2a00000, 0x00000000c2b00000, 0x00000000c2b00000|100%| O|  |TAMS 0x00000000c2b00000, 0x00000000c2a00000| Updating 
|  43|0x00000000c2b00000, 0x00000000c2c00000, 0x00000000c2c00000|100%| O|  |TAMS 0x00000000c2c00000, 0x00000000c2b00000| Updating 
|  44|0x00000000c2c00000, 0x00000000c2d00000, 0x00000000c2d00000|100%| O|  |TAMS 0x00000000c2d00000, 0x00000000c2c00000| Untracked 
|  45|0x00000000c2d00000, 0x00000000c2e00000, 0x00000000c2e00000|100%| O|  |TAMS 0x00000000c2e00000, 0x00000000c2d00000| Untracked 
|  46|0x00000000c2e00000, 0x00000000c2f00000, 0x00000000c2f00000|100%| O|  |TAMS 0x00000000c2f00000, 0x00000000c2e00000| Untracked 
|  47|0x00000000c2f00000, 0x00000000c3000000, 0x00000000c3000000|100%| O|  |TAMS 0x00000000c3000000, 0x00000000c2f00000| Updating 
|  48|0x00000000c3000000, 0x00000000c3100000, 0x00000000c3100000|100%| O|  |TAMS 0x00000000c3100000, 0x00000000c3000000| Updating 
|  49|0x00000000c3100000, 0x00000000c3200000, 0x00000000c3200000|100%|HS|  |TAMS 0x00000000c3200000, 0x00000000c3100000| Complete 
|  50|0x00000000c3200000, 0x00000000c3300000, 0x00000000c3300000|100%|HC|  |TAMS 0x00000000c3300000, 0x00000000c3200000| Complete 
|  51|0x00000000c3300000, 0x00000000c3400000, 0x00000000c3400000|100%|HS|  |TAMS 0x00000000c3400000, 0x00000000c3300000| Complete 
|  52|0x00000000c3400000, 0x00000000c3500000, 0x00000000c3500000|100%|HC|  |TAMS 0x00000000c3500000, 0x00000000c3400000| Complete 
|  53|0x00000000c3500000, 0x00000000c3600000, 0x00000000c3600000|100%|HS|  |TAMS 0x00000000c3600000, 0x00000000c3500000| Complete 
|  54|0x00000000c3600000, 0x00000000c3700000, 0x00000000c3700000|100%|HC|  |TAMS 0x00000000c3700000, 0x00000000c3600000| Complete 
|  55|0x00000000c3700000, 0x00000000c3800000, 0x00000000c3800000|100%|HC|  |TAMS 0x00000000c3800000, 0x00000000c3700000| Complete 
|  56|0x00000000c3800000, 0x00000000c3900000, 0x00000000c3900000|100%| O|  |TAMS 0x00000000c3900000, 0x00000000c3800000| Updating 
|  57|0x00000000c3900000, 0x00000000c3a00000, 0x00000000c3a00000|100%|HS|  |TAMS 0x00000000c3a00000, 0x00000000c3900000| Complete 
|  58|0x00000000c3a00000, 0x00000000c3b00000, 0x00000000c3b00000|100%|HC|  |TAMS 0x00000000c3b00000, 0x00000000c3a00000| Complete 
|  59|0x00000000c3b00000, 0x00000000c3c00000, 0x00000000c3c00000|100%|HC|  |TAMS 0x00000000c3c00000, 0x00000000c3b00000| Complete 
|  60|0x00000000c3c00000, 0x00000000c3d00000, 0x00000000c3d00000|100%| O|  |TAMS 0x00000000c3d00000, 0x00000000c3c00000| Untracked 
|  61|0x00000000c3d00000, 0x00000000c3e00000, 0x00000000c3e00000|100%| O|  |TAMS 0x00000000c3e00000, 0x00000000c3d00000| Untracked 
|  62|0x00000000c3e00000, 0x00000000c3f00000, 0x00000000c3f00000|100%| O|  |TAMS 0x00000000c3f00000, 0x00000000c3e00000| Untracked 
|  63|0x00000000c3f00000, 0x00000000c4000000, 0x00000000c4000000|100%| O|  |TAMS 0x00000000c4000000, 0x00000000c3f00000| Updating 
|  64|0x00000000c4000000, 0x00000000c4100000, 0x00000000c4100000|100%| O|  |TAMS 0x00000000c4100000, 0x00000000c4000000| Updating 
|  65|0x00000000c4100000, 0x00000000c4200000, 0x00000000c4200000|100%| O|  |TAMS 0x00000000c4200000, 0x00000000c4100000| Updating 
|  66|0x00000000c4200000, 0x00000000c4300000, 0x00000000c4300000|100%| O|  |TAMS 0x00000000c4300000, 0x00000000c4200000| Updating 
|  67|0x00000000c4300000, 0x00000000c4400000, 0x00000000c4400000|100%| O|  |TAMS 0x00000000c4400000, 0x00000000c4300000| Updating 
|  68|0x00000000c4400000, 0x00000000c4500000, 0x00000000c4500000|100%| O|  |TAMS 0x00000000c4500000, 0x00000000c4400000| Untracked 
|  69|0x00000000c4500000, 0x00000000c4600000, 0x00000000c4600000|100%| O|  |TAMS 0x00000000c4600000, 0x00000000c4500000| Updating 
|  70|0x00000000c4600000, 0x00000000c4700000, 0x00000000c4700000|100%| O|  |TAMS 0x00000000c4700000, 0x00000000c4600000| Untracked 
|  71|0x00000000c4700000, 0x00000000c4800000, 0x00000000c4800000|100%| O|  |TAMS 0x00000000c4800000, 0x00000000c4700000| Updating 
|  72|0x00000000c4800000, 0x00000000c4900000, 0x00000000c4900000|100%| O|  |TAMS 0x00000000c4900000, 0x00000000c4800000| Untracked 
|  73|0x00000000c4900000, 0x00000000c4a00000, 0x00000000c4a00000|100%| O|  |TAMS 0x00000000c4a00000, 0x00000000c4900000| Untracked 
|  74|0x00000000c4a00000, 0x00000000c4b00000, 0x00000000c4b00000|100%| O|  |TAMS 0x00000000c4b00000, 0x00000000c4a00000| Updating 
|  75|0x00000000c4b00000, 0x00000000c4c00000, 0x00000000c4c00000|100%| O|  |TAMS 0x00000000c4c00000, 0x00000000c4b00000| Untracked 
|  76|0x00000000c4c00000, 0x00000000c4d00000, 0x00000000c4d00000|100%|HS|  |TAMS 0x00000000c4d00000, 0x00000000c4c00000| Complete 
|  77|0x00000000c4d00000, 0x00000000c4e00000, 0x00000000c4e00000|100%|HC|  |TAMS 0x00000000c4e00000, 0x00000000c4d00000| Complete 
|  78|0x00000000c4e00000, 0x00000000c4f00000, 0x00000000c4f00000|100%|HS|  |TAMS 0x00000000c4f00000, 0x00000000c4e00000| Complete 
|  79|0x00000000c4f00000, 0x00000000c5000000, 0x00000000c5000000|100%|HS|  |TAMS 0x00000000c5000000, 0x00000000c4f00000| Complete 
|  80|0x00000000c5000000, 0x00000000c5100000, 0x00000000c5100000|100%|HS|  |TAMS 0x00000000c5100000, 0x00000000c5000000| Complete 
|  81|0x00000000c5100000, 0x00000000c5200000, 0x00000000c5200000|100%|HS|  |TAMS 0x00000000c5200000, 0x00000000c5100000| Complete 
|  82|0x00000000c5200000, 0x00000000c5300000, 0x00000000c5300000|100%| O|  |TAMS 0x00000000c5300000, 0x00000000c5200000| Updating 
|  83|0x00000000c5300000, 0x00000000c5400000, 0x00000000c5400000|100%| O|  |TAMS 0x00000000c5400000, 0x00000000c5300000| Updating 
|  84|0x00000000c5400000, 0x00000000c5500000, 0x00000000c5500000|100%| O|  |TAMS 0x00000000c5500000, 0x00000000c5400000| Updating 
|  85|0x00000000c5500000, 0x00000000c5600000, 0x00000000c5600000|100%| O|  |TAMS 0x00000000c5600000, 0x00000000c5500000| Updating 
|  86|0x00000000c5600000, 0x00000000c5700000, 0x00000000c5700000|100%| O|  |TAMS 0x00000000c5700000, 0x00000000c5600000| Untracked 
|  87|0x00000000c5700000, 0x00000000c5800000, 0x00000000c5800000|100%| O|  |TAMS 0x00000000c5800000, 0x00000000c5700000| Untracked 
|  88|0x00000000c5800000, 0x00000000c5900000, 0x00000000c5900000|100%| O|  |TAMS 0x00000000c5900000, 0x00000000c5800000| Updating 
|  89|0x00000000c5900000, 0x00000000c5a00000, 0x00000000c5a00000|100%| O|  |TAMS 0x00000000c5a00000, 0x00000000c5900000| Untracked 
|  90|0x00000000c5a00000, 0x00000000c5b00000, 0x00000000c5b00000|100%| O|  |TAMS 0x00000000c5b00000, 0x00000000c5a00000| Untracked 
|  91|0x00000000c5b00000, 0x00000000c5c00000, 0x00000000c5c00000|100%| O|  |TAMS 0x00000000c5c00000, 0x00000000c5b00000| Untracked 
|  92|0x00000000c5c00000, 0x00000000c5d00000, 0x00000000c5d00000|100%| O|  |TAMS 0x00000000c5d00000, 0x00000000c5c00000| Untracked 
|  93|0x00000000c5d00000, 0x00000000c5e00000, 0x00000000c5e00000|100%| O|  |TAMS 0x00000000c5e00000, 0x00000000c5d00000| Updating 
|  94|0x00000000c5e00000, 0x00000000c5f00000, 0x00000000c5f00000|100%| O|  |TAMS 0x00000000c5f00000, 0x00000000c5e00000| Updating 
|  95|0x00000000c5f00000, 0x00000000c6000000, 0x00000000c6000000|100%| O|  |TAMS 0x00000000c6000000, 0x00000000c5f00000| Updating 
|  96|0x00000000c6000000, 0x00000000c6100000, 0x00000000c6100000|100%| O|  |TAMS 0x00000000c6100000, 0x00000000c6000000| Updating 
|  97|0x00000000c6100000, 0x00000000c6200000, 0x00000000c6200000|100%|HS|  |TAMS 0x00000000c6200000, 0x00000000c6100000| Complete 
|  98|0x00000000c6200000, 0x00000000c6300000, 0x00000000c6300000|100%|HS|  |TAMS 0x00000000c6300000, 0x00000000c6200000| Complete 
|  99|0x00000000c6300000, 0x00000000c6400000, 0x00000000c6400000|100%|HS|  |TAMS 0x00000000c6400000, 0x00000000c6300000| Complete 
| 100|0x00000000c6400000, 0x00000000c6500000, 0x00000000c6500000|100%|HS|  |TAMS 0x00000000c6500000, 0x00000000c6400000| Complete 
| 101|0x00000000c6500000, 0x00000000c6600000, 0x00000000c6600000|100%|HS|  |TAMS 0x00000000c6600000, 0x00000000c6500000| Complete 
| 102|0x00000000c6600000, 0x00000000c6700000, 0x00000000c6700000|100%|HS|  |TAMS 0x00000000c6700000, 0x00000000c6600000| Complete 
| 103|0x00000000c6700000, 0x00000000c6800000, 0x00000000c6800000|100%|HC|  |TAMS 0x00000000c6800000, 0x00000000c6700000| Complete 
| 104|0x00000000c6800000, 0x00000000c6900000, 0x00000000c6900000|100%|HS|  |TAMS 0x00000000c6900000, 0x00000000c6800000| Complete 
| 105|0x00000000c6900000, 0x00000000c6a00000, 0x00000000c6a00000|100%| O|  |TAMS 0x00000000c6a00000, 0x00000000c6900000| Updating 
| 106|0x00000000c6a00000, 0x00000000c6b00000, 0x00000000c6b00000|100%| O|  |TAMS 0x00000000c6b00000, 0x00000000c6a00000| Untracked 
| 107|0x00000000c6b00000, 0x00000000c6c00000, 0x00000000c6c00000|100%| O|  |TAMS 0x00000000c6c00000, 0x00000000c6b00000| Updating 
| 108|0x00000000c6c00000, 0x00000000c6d00000, 0x00000000c6d00000|100%| O|  |TAMS 0x00000000c6d00000, 0x00000000c6c00000| Untracked 
| 109|0x00000000c6d00000, 0x00000000c6e00000, 0x00000000c6e00000|100%| O|  |TAMS 0x00000000c6e00000, 0x00000000c6d00000| Untracked 
| 110|0x00000000c6e00000, 0x00000000c6f00000, 0x00000000c6f00000|100%| O|  |TAMS 0x00000000c6f00000, 0x00000000c6e00000| Untracked 
| 111|0x00000000c6f00000, 0x00000000c7000000, 0x00000000c7000000|100%| O|  |TAMS 0x00000000c7000000, 0x00000000c6f00000| Updating 
| 112|0x00000000c7000000, 0x00000000c7100000, 0x00000000c7100000|100%| O|  |TAMS 0x00000000c7100000, 0x00000000c7000000| Untracked 
| 113|0x00000000c7100000, 0x00000000c7200000, 0x00000000c7200000|100%| O|  |TAMS 0x00000000c7200000, 0x00000000c7100000| Updating 
| 114|0x00000000c7200000, 0x00000000c7300000, 0x00000000c7300000|100%|HS|  |TAMS 0x00000000c7300000, 0x00000000c7200000| Complete 
| 115|0x00000000c7300000, 0x00000000c7400000, 0x00000000c7400000|100%| O|  |TAMS 0x00000000c7400000, 0x00000000c7300000| Untracked 
| 116|0x00000000c7400000, 0x00000000c7500000, 0x00000000c7500000|100%| O|  |TAMS 0x00000000c7500000, 0x00000000c7400000| Untracked 
| 117|0x00000000c7500000, 0x00000000c7600000, 0x00000000c7600000|100%| O|  |TAMS 0x00000000c7600000, 0x00000000c7500000| Untracked 
| 118|0x00000000c7600000, 0x00000000c7700000, 0x00000000c7700000|100%| O|  |TAMS 0x00000000c7700000, 0x00000000c7600000| Untracked 
| 119|0x00000000c7700000, 0x00000000c7800000, 0x00000000c7800000|100%| O|  |TAMS 0x00000000c7800000, 0x00000000c7700000| Untracked 
| 120|0x00000000c7800000, 0x00000000c7900000, 0x00000000c7900000|100%| O|  |TAMS 0x00000000c7900000, 0x00000000c7800000| Updating 
| 121|0x00000000c7900000, 0x00000000c7a00000, 0x00000000c7a00000|100%| O|  |TAMS 0x00000000c7a00000, 0x00000000c7900000| Untracked 
| 122|0x00000000c7a00000, 0x00000000c7b00000, 0x00000000c7b00000|100%| O|  |TAMS 0x00000000c7b00000, 0x00000000c7a00000| Untracked 
| 123|0x00000000c7b00000, 0x00000000c7c00000, 0x00000000c7c00000|100%| O|  |TAMS 0x00000000c7c00000, 0x00000000c7b00000| Untracked 
| 124|0x00000000c7c00000, 0x00000000c7d00000, 0x00000000c7d00000|100%| O|  |TAMS 0x00000000c7d00000, 0x00000000c7c00000| Untracked 
| 125|0x00000000c7d00000, 0x00000000c7e00000, 0x00000000c7e00000|100%| O|  |TAMS 0x00000000c7e00000, 0x00000000c7d00000| Untracked 
| 126|0x00000000c7e00000, 0x00000000c7f00000, 0x00000000c7f00000|100%| O|  |TAMS 0x00000000c7f00000, 0x00000000c7e00000| Untracked 
| 127|0x00000000c7f00000, 0x00000000c8000000, 0x00000000c8000000|100%| O|  |TAMS 0x00000000c8000000, 0x00000000c7f00000| Updating 
| 128|0x00000000c8000000, 0x00000000c8100000, 0x00000000c8100000|100%| O|  |TAMS 0x00000000c8100000, 0x00000000c8000000| Untracked 
| 129|0x00000000c8100000, 0x00000000c8200000, 0x00000000c8200000|100%| O|  |TAMS 0x00000000c8200000, 0x00000000c8100000| Untracked 
| 130|0x00000000c8200000, 0x00000000c8300000, 0x00000000c8300000|100%| O|  |TAMS 0x00000000c8300000, 0x00000000c8200000| Updating 
| 131|0x00000000c8300000, 0x00000000c8400000, 0x00000000c8400000|100%| O|  |TAMS 0x00000000c8400000, 0x00000000c8300000| Untracked 
| 132|0x00000000c8400000, 0x00000000c8500000, 0x00000000c8500000|100%| O|  |TAMS 0x00000000c8500000, 0x00000000c8400000| Updating 
| 133|0x00000000c8500000, 0x00000000c8600000, 0x00000000c8600000|100%| O|  |TAMS 0x00000000c8600000, 0x00000000c8500000| Updating 
| 134|0x00000000c8600000, 0x00000000c8700000, 0x00000000c8700000|100%| O|  |TAMS 0x00000000c8700000, 0x00000000c8600000| Updating 
| 135|0x00000000c8700000, 0x00000000c8800000, 0x00000000c8800000|100%|HS|  |TAMS 0x00000000c8800000, 0x00000000c8700000| Complete 
| 136|0x00000000c8800000, 0x00000000c8900000, 0x00000000c8900000|100%|HS|  |TAMS 0x00000000c8900000, 0x00000000c8800000| Complete 
| 137|0x00000000c8900000, 0x00000000c8a00000, 0x00000000c8a00000|100%|HS|  |TAMS 0x00000000c8a00000, 0x00000000c8900000| Complete 
| 138|0x00000000c8a00000, 0x00000000c8b00000, 0x00000000c8b00000|100%|HS|  |TAMS 0x00000000c8b00000, 0x00000000c8a00000| Complete 
| 139|0x00000000c8b00000, 0x00000000c8c00000, 0x00000000c8c00000|100%| O|  |TAMS 0x00000000c8c00000, 0x00000000c8b00000| Untracked 
| 140|0x00000000c8c00000, 0x00000000c8d00000, 0x00000000c8d00000|100%| O|  |TAMS 0x00000000c8d00000, 0x00000000c8c00000| Updating 
| 141|0x00000000c8d00000, 0x00000000c8e00000, 0x00000000c8e00000|100%| O|  |TAMS 0x00000000c8e00000, 0x00000000c8d00000| Untracked 
| 142|0x00000000c8e00000, 0x00000000c8f00000, 0x00000000c8f00000|100%| O|  |TAMS 0x00000000c8f00000, 0x00000000c8e00000| Untracked 
| 143|0x00000000c8f00000, 0x00000000c9000000, 0x00000000c9000000|100%| O|  |TAMS 0x00000000c9000000, 0x00000000c8f00000| Untracked 
| 144|0x00000000c9000000, 0x00000000c9100000, 0x00000000c9100000|100%| O|  |TAMS 0x00000000c9100000, 0x00000000c9000000| Untracked 
| 145|0x00000000c9100000, 0x00000000c9200000, 0x00000000c9200000|100%| O|  |TAMS 0x00000000c9200000, 0x00000000c9100000| Untracked 
| 146|0x00000000c9200000, 0x00000000c9300000, 0x00000000c9300000|100%| O|  |TAMS 0x00000000c9300000, 0x00000000c9200000| Updating 
| 147|0x00000000c9300000, 0x00000000c9400000, 0x00000000c9400000|100%| O|  |TAMS 0x00000000c9400000, 0x00000000c9300000| Untracked 
| 148|0x00000000c9400000, 0x00000000c9500000, 0x00000000c9500000|100%| O|  |TAMS 0x00000000c9500000, 0x00000000c9400000| Untracked 
| 149|0x00000000c9500000, 0x00000000c9600000, 0x00000000c9600000|100%| O|  |TAMS 0x00000000c9600000, 0x00000000c9500000| Updating 
| 150|0x00000000c9600000, 0x00000000c9700000, 0x00000000c9700000|100%|HS|  |TAMS 0x00000000c9700000, 0x00000000c9600000| Complete 
| 151|0x00000000c9700000, 0x00000000c9800000, 0x00000000c9800000|100%|HC|  |TAMS 0x00000000c9800000, 0x00000000c9700000| Complete 
| 152|0x00000000c9800000, 0x00000000c9900000, 0x00000000c9900000|100%|HS|  |TAMS 0x00000000c9900000, 0x00000000c9800000| Complete 
| 153|0x00000000c9900000, 0x00000000c9a00000, 0x00000000c9a00000|100%| O|  |TAMS 0x00000000c9a00000, 0x00000000c9900000| Updating 
| 154|0x00000000c9a00000, 0x00000000c9b00000, 0x00000000c9b00000|100%| O|  |TAMS 0x00000000c9b00000, 0x00000000c9a00000| Updating 
| 155|0x00000000c9b00000, 0x00000000c9c00000, 0x00000000c9c00000|100%| O|  |TAMS 0x00000000c9c00000, 0x00000000c9b00000| Untracked 
| 156|0x00000000c9c00000, 0x00000000c9d00000, 0x00000000c9d00000|100%| O|  |TAMS 0x00000000c9d00000, 0x00000000c9c00000| Updating 
| 157|0x00000000c9d00000, 0x00000000c9e00000, 0x00000000c9e00000|100%| O|  |TAMS 0x00000000c9e00000, 0x00000000c9d00000| Updating 
| 158|0x00000000c9e00000, 0x00000000c9f00000, 0x00000000c9f00000|100%| O|  |TAMS 0x00000000c9f00000, 0x00000000c9e00000| Untracked 
| 159|0x00000000c9f00000, 0x00000000ca000000, 0x00000000ca000000|100%| O|  |TAMS 0x00000000ca000000, 0x00000000c9f00000| Updating 
| 160|0x00000000ca000000, 0x00000000ca100000, 0x00000000ca100000|100%|HS|  |TAMS 0x00000000ca100000, 0x00000000ca000000| Complete 
| 161|0x00000000ca100000, 0x00000000ca200000, 0x00000000ca200000|100%|HS|  |TAMS 0x00000000ca200000, 0x00000000ca100000| Complete 
| 162|0x00000000ca200000, 0x00000000ca300000, 0x00000000ca300000|100%|HC|  |TAMS 0x00000000ca300000, 0x00000000ca200000| Complete 
| 163|0x00000000ca300000, 0x00000000ca400000, 0x00000000ca400000|100%|HS|  |TAMS 0x00000000ca400000, 0x00000000ca300000| Complete 
| 164|0x00000000ca400000, 0x00000000ca500000, 0x00000000ca500000|100%|HS|  |TAMS 0x00000000ca500000, 0x00000000ca400000| Complete 
| 165|0x00000000ca500000, 0x00000000ca600000, 0x00000000ca600000|100%| O|  |TAMS 0x00000000ca600000, 0x00000000ca500000| Updating 
| 166|0x00000000ca600000, 0x00000000ca700000, 0x00000000ca700000|100%| O|  |TAMS 0x00000000ca700000, 0x00000000ca600000| Updating 
| 167|0x00000000ca700000, 0x00000000ca800000, 0x00000000ca800000|100%| O|  |TAMS 0x00000000ca800000, 0x00000000ca700000| Updating 
| 168|0x00000000ca800000, 0x00000000ca900000, 0x00000000ca900000|100%| O|  |TAMS 0x00000000ca900000, 0x00000000ca800000| Untracked 
| 169|0x00000000ca900000, 0x00000000caa00000, 0x00000000caa00000|100%| O|  |TAMS 0x00000000caa00000, 0x00000000ca900000| Untracked 
| 170|0x00000000caa00000, 0x00000000cab00000, 0x00000000cab00000|100%| O|  |TAMS 0x00000000cab00000, 0x00000000caa00000| Untracked 
| 171|0x00000000cab00000, 0x00000000cac00000, 0x00000000cac00000|100%| O|  |TAMS 0x00000000cac00000, 0x00000000cab00000| Untracked 
| 172|0x00000000cac00000, 0x00000000cad00000, 0x00000000cad00000|100%| O|  |TAMS 0x00000000cad00000, 0x00000000cac00000| Untracked 
| 173|0x00000000cad00000, 0x00000000cae00000, 0x00000000cae00000|100%| O|  |TAMS 0x00000000cae00000, 0x00000000cad00000| Updating 
| 174|0x00000000cae00000, 0x00000000caf00000, 0x00000000caf00000|100%| O|  |TAMS 0x00000000caf00000, 0x00000000cae00000| Updating 
| 175|0x00000000caf00000, 0x00000000cb000000, 0x00000000cb000000|100%| O|  |TAMS 0x00000000cb000000, 0x00000000caf00000| Untracked 
| 176|0x00000000cb000000, 0x00000000cb100000, 0x00000000cb100000|100%| O|  |TAMS 0x00000000cb100000, 0x00000000cb000000| Updating 
| 177|0x00000000cb100000, 0x00000000cb200000, 0x00000000cb200000|100%| O|  |TAMS 0x00000000cb200000, 0x00000000cb100000| Updating 
| 178|0x00000000cb200000, 0x00000000cb300000, 0x00000000cb300000|100%| O|  |TAMS 0x00000000cb300000, 0x00000000cb200000| Updating 
| 179|0x00000000cb300000, 0x00000000cb400000, 0x00000000cb400000|100%| O|  |TAMS 0x00000000cb400000, 0x00000000cb300000| Updating 
| 180|0x00000000cb400000, 0x00000000cb500000, 0x00000000cb500000|100%| O|  |TAMS 0x00000000cb500000, 0x00000000cb400000| Untracked 
| 181|0x00000000cb500000, 0x00000000cb600000, 0x00000000cb600000|100%| O|  |TAMS 0x00000000cb600000, 0x00000000cb500000| Untracked 
| 182|0x00000000cb600000, 0x00000000cb700000, 0x00000000cb700000|100%| O|  |TAMS 0x00000000cb700000, 0x00000000cb600000| Updating 
| 183|0x00000000cb700000, 0x00000000cb800000, 0x00000000cb800000|100%| O|  |TAMS 0x00000000cb800000, 0x00000000cb700000| Updating 
| 184|0x00000000cb800000, 0x00000000cb900000, 0x00000000cb900000|100%| O|  |TAMS 0x00000000cb900000, 0x00000000cb800000| Updating 
| 185|0x00000000cb900000, 0x00000000cba00000, 0x00000000cba00000|100%| O|  |TAMS 0x00000000cba00000, 0x00000000cb900000| Untracked 
| 186|0x00000000cba00000, 0x00000000cbb00000, 0x00000000cbb00000|100%| O|  |TAMS 0x00000000cbb00000, 0x00000000cba00000| Updating 
| 187|0x00000000cbb00000, 0x00000000cbc00000, 0x00000000cbc00000|100%| O|  |TAMS 0x00000000cbc00000, 0x00000000cbb00000| Updating 
| 188|0x00000000cbc00000, 0x00000000cbd00000, 0x00000000cbd00000|100%| O|  |TAMS 0x00000000cbd00000, 0x00000000cbc00000| Untracked 
| 189|0x00000000cbd00000, 0x00000000cbe00000, 0x00000000cbe00000|100%| O|  |TAMS 0x00000000cbe00000, 0x00000000cbd00000| Untracked 
| 190|0x00000000cbe00000, 0x00000000cbf00000, 0x00000000cbf00000|100%| O|  |TAMS 0x00000000cbf00000, 0x00000000cbe00000| Updating 
| 191|0x00000000cbf00000, 0x00000000cbf00000, 0x00000000cc000000|  0%| F|  |TAMS 0x00000000cbf00000, 0x00000000cbf00000| Untracked 
| 192|0x00000000cc000000, 0x00000000cc100000, 0x00000000cc100000|100%| O|  |TAMS 0x00000000cc100000, 0x00000000cc000000| Updating 
| 193|0x00000000cc100000, 0x00000000cc200000, 0x00000000cc200000|100%| O|  |TAMS 0x00000000cc200000, 0x00000000cc100000| Updating 
| 194|0x00000000cc200000, 0x00000000cc300000, 0x00000000cc300000|100%| O|  |TAMS 0x00000000cc300000, 0x00000000cc200000| Updating 
| 195|0x00000000cc300000, 0x00000000cc400000, 0x00000000cc400000|100%| O|  |TAMS 0x00000000cc400000, 0x00000000cc300000| Untracked 
| 196|0x00000000cc400000, 0x00000000cc500000, 0x00000000cc500000|100%| O|  |TAMS 0x00000000cc500000, 0x00000000cc400000| Untracked 
| 197|0x00000000cc500000, 0x00000000cc600000, 0x00000000cc600000|100%| O|  |TAMS 0x00000000cc600000, 0x00000000cc500000| Untracked 
| 198|0x00000000cc600000, 0x00000000cc700000, 0x00000000cc700000|100%| O|  |TAMS 0x00000000cc700000, 0x00000000cc600000| Untracked 
| 199|0x00000000cc700000, 0x00000000cc800000, 0x00000000cc800000|100%| O|  |TAMS 0x00000000cc800000, 0x00000000cc700000| Updating 
| 200|0x00000000cc800000, 0x00000000cc900000, 0x00000000cc900000|100%|HS|  |TAMS 0x00000000cc900000, 0x00000000cc800000| Complete 
| 201|0x00000000cc900000, 0x00000000cca00000, 0x00000000cca00000|100%|HC|  |TAMS 0x00000000cca00000, 0x00000000cc900000| Complete 
| 202|0x00000000cca00000, 0x00000000ccb00000, 0x00000000ccb00000|100%| O|  |TAMS 0x00000000ccb00000, 0x00000000cca00000| Untracked 
| 203|0x00000000ccb00000, 0x00000000ccc00000, 0x00000000ccc00000|100%| O|  |TAMS 0x00000000ccc00000, 0x00000000ccb00000| Untracked 
| 204|0x00000000ccc00000, 0x00000000ccd00000, 0x00000000ccd00000|100%| O|  |TAMS 0x00000000ccd00000, 0x00000000ccc00000| Untracked 
| 205|0x00000000ccd00000, 0x00000000cce00000, 0x00000000cce00000|100%| O|  |TAMS 0x00000000cce00000, 0x00000000ccd00000| Untracked 
| 206|0x00000000cce00000, 0x00000000ccf00000, 0x00000000ccf00000|100%| O|  |TAMS 0x00000000ccf00000, 0x00000000cce00000| Updating 
| 207|0x00000000ccf00000, 0x00000000cd000000, 0x00000000cd000000|100%| O|  |TAMS 0x00000000cd000000, 0x00000000ccf00000| Updating 
| 208|0x00000000cd000000, 0x00000000cd100000, 0x00000000cd100000|100%| O|  |TAMS 0x00000000cd100000, 0x00000000cd000000| Untracked 
| 209|0x00000000cd100000, 0x00000000cd200000, 0x00000000cd200000|100%| O|  |TAMS 0x00000000cd200000, 0x00000000cd100000| Untracked 
| 210|0x00000000cd200000, 0x00000000cd300000, 0x00000000cd300000|100%| O|  |TAMS 0x00000000cd300000, 0x00000000cd200000| Untracked 
| 211|0x00000000cd300000, 0x00000000cd400000, 0x00000000cd400000|100%| O|  |TAMS 0x00000000cd400000, 0x00000000cd300000| Untracked 
| 212|0x00000000cd400000, 0x00000000cd500000, 0x00000000cd500000|100%| O|  |TAMS 0x00000000cd500000, 0x00000000cd400000| Untracked 
| 213|0x00000000cd500000, 0x00000000cd600000, 0x00000000cd600000|100%| O|  |TAMS 0x00000000cd600000, 0x00000000cd500000| Untracked 
| 214|0x00000000cd600000, 0x00000000cd700000, 0x00000000cd700000|100%| O|  |TAMS 0x00000000cd700000, 0x00000000cd600000| Updating 
| 215|0x00000000cd700000, 0x00000000cd800000, 0x00000000cd800000|100%| O|  |TAMS 0x00000000cd800000, 0x00000000cd700000| Updating 
| 216|0x00000000cd800000, 0x00000000cd900000, 0x00000000cd900000|100%| O|  |TAMS 0x00000000cd900000, 0x00000000cd800000| Untracked 
| 217|0x00000000cd900000, 0x00000000cda00000, 0x00000000cda00000|100%| O|  |TAMS 0x00000000cda00000, 0x00000000cd900000| Untracked 
| 218|0x00000000cda00000, 0x00000000cdb00000, 0x00000000cdb00000|100%| O|  |TAMS 0x00000000cdb00000, 0x00000000cda00000| Updating 
| 219|0x00000000cdb00000, 0x00000000cdc00000, 0x00000000cdc00000|100%| O|  |TAMS 0x00000000cdc00000, 0x00000000cdb00000| Updating 
| 220|0x00000000cdc00000, 0x00000000cdd00000, 0x00000000cdd00000|100%| O|  |TAMS 0x00000000cdd00000, 0x00000000cdc00000| Updating 
| 221|0x00000000cdd00000, 0x00000000cde00000, 0x00000000cde00000|100%| O|  |TAMS 0x00000000cde00000, 0x00000000cdd00000| Updating 
| 222|0x00000000cde00000, 0x00000000cdf00000, 0x00000000cdf00000|100%|HS|  |TAMS 0x00000000cdf00000, 0x00000000cde00000| Complete 
| 223|0x00000000cdf00000, 0x00000000ce000000, 0x00000000ce000000|100%|HS|  |TAMS 0x00000000ce000000, 0x00000000cdf00000| Complete 
| 224|0x00000000ce000000, 0x00000000ce100000, 0x00000000ce100000|100%|HC|  |TAMS 0x00000000ce100000, 0x00000000ce000000| Complete 
| 225|0x00000000ce100000, 0x00000000ce200000, 0x00000000ce200000|100%|HS|  |TAMS 0x00000000ce200000, 0x00000000ce100000| Complete 
| 226|0x00000000ce200000, 0x00000000ce300000, 0x00000000ce300000|100%|HS|  |TAMS 0x00000000ce300000, 0x00000000ce200000| Complete 
| 227|0x00000000ce300000, 0x00000000ce400000, 0x00000000ce400000|100%|HS|  |TAMS 0x00000000ce400000, 0x00000000ce300000| Complete 
| 228|0x00000000ce400000, 0x00000000ce500000, 0x00000000ce500000|100%|HC|  |TAMS 0x00000000ce500000, 0x00000000ce400000| Complete 
| 229|0x00000000ce500000, 0x00000000ce600000, 0x00000000ce600000|100%|HC|  |TAMS 0x00000000ce600000, 0x00000000ce500000| Complete 
| 230|0x00000000ce600000, 0x00000000ce700000, 0x00000000ce700000|100%|HC|  |TAMS 0x00000000ce700000, 0x00000000ce600000| Complete 
| 231|0x00000000ce700000, 0x00000000ce800000, 0x00000000ce800000|100%| O|  |TAMS 0x00000000ce800000, 0x00000000ce700000| Untracked 
| 232|0x00000000ce800000, 0x00000000ce900000, 0x00000000ce900000|100%| O|  |TAMS 0x00000000ce900000, 0x00000000ce800000| Updating 
| 233|0x00000000ce900000, 0x00000000cea00000, 0x00000000cea00000|100%| O|  |TAMS 0x00000000cea00000, 0x00000000ce900000| Updating 
| 234|0x00000000cea00000, 0x00000000ceb00000, 0x00000000ceb00000|100%| O|  |TAMS 0x00000000ceb00000, 0x00000000cea00000| Updating 
| 235|0x00000000ceb00000, 0x00000000cec00000, 0x00000000cec00000|100%| O|  |TAMS 0x00000000cec00000, 0x00000000ceb00000| Updating 
| 236|0x00000000cec00000, 0x00000000ced00000, 0x00000000ced00000|100%| O|  |TAMS 0x00000000ced00000, 0x00000000cec00000| Updating 
| 237|0x00000000ced00000, 0x00000000cee00000, 0x00000000cee00000|100%| O|  |TAMS 0x00000000cee00000, 0x00000000ced00000| Untracked 
| 238|0x00000000cee00000, 0x00000000cef00000, 0x00000000cef00000|100%| O|  |TAMS 0x00000000cef00000, 0x00000000cee00000| Untracked 
| 239|0x00000000cef00000, 0x00000000cf000000, 0x00000000cf000000|100%| O|  |TAMS 0x00000000cf000000, 0x00000000cef00000| Untracked 
| 240|0x00000000cf000000, 0x00000000cf100000, 0x00000000cf100000|100%| O|  |TAMS 0x00000000cf100000, 0x00000000cf000000| Updating 
| 241|0x00000000cf100000, 0x00000000cf200000, 0x00000000cf200000|100%| O|  |TAMS 0x00000000cf200000, 0x00000000cf100000| Updating 
| 242|0x00000000cf200000, 0x00000000cf300000, 0x00000000cf300000|100%| O|  |TAMS 0x00000000cf300000, 0x00000000cf200000| Updating 
| 243|0x00000000cf300000, 0x00000000cf400000, 0x00000000cf400000|100%| O|  |TAMS 0x00000000cf400000, 0x00000000cf300000| Updating 
| 244|0x00000000cf400000, 0x00000000cf500000, 0x00000000cf500000|100%| O|  |TAMS 0x00000000cf500000, 0x00000000cf400000| Updating 
| 245|0x00000000cf500000, 0x00000000cf600000, 0x00000000cf600000|100%| O|  |TAMS 0x00000000cf600000, 0x00000000cf500000| Updating 
| 246|0x00000000cf600000, 0x00000000cf700000, 0x00000000cf700000|100%| O|  |TAMS 0x00000000cf700000, 0x00000000cf600000| Updating 
| 247|0x00000000cf700000, 0x00000000cf800000, 0x00000000cf800000|100%| O|  |TAMS 0x00000000cf800000, 0x00000000cf700000| Updating 
| 248|0x00000000cf800000, 0x00000000cf900000, 0x00000000cf900000|100%| O|  |TAMS 0x00000000cf900000, 0x00000000cf800000| Updating 
| 249|0x00000000cf900000, 0x00000000cfa00000, 0x00000000cfa00000|100%| O|  |TAMS 0x00000000cfa00000, 0x00000000cf900000| Updating 
| 250|0x00000000cfa00000, 0x00000000cfb00000, 0x00000000cfb00000|100%| O|  |TAMS 0x00000000cfb00000, 0x00000000cfa00000| Updating 
| 251|0x00000000cfb00000, 0x00000000cfc00000, 0x00000000cfc00000|100%| O|  |TAMS 0x00000000cfc00000, 0x00000000cfb00000| Updating 
| 252|0x00000000cfc00000, 0x00000000cfd00000, 0x00000000cfd00000|100%| O|  |TAMS 0x00000000cfd00000, 0x00000000cfc00000| Updating 
| 253|0x00000000cfd00000, 0x00000000cfe00000, 0x00000000cfe00000|100%| O|  |TAMS 0x00000000cfe00000, 0x00000000cfd00000| Untracked 
| 254|0x00000000cfe00000, 0x00000000cff00000, 0x00000000cff00000|100%| O|  |TAMS 0x00000000cff00000, 0x00000000cfe00000| Updating 
| 255|0x00000000cff00000, 0x00000000d0000000, 0x00000000d0000000|100%| O|  |TAMS 0x00000000d0000000, 0x00000000cff00000| Updating 
| 256|0x00000000d0000000, 0x00000000d0100000, 0x00000000d0100000|100%| O|  |TAMS 0x00000000d0100000, 0x00000000d0000000| Updating 
| 257|0x00000000d0100000, 0x00000000d0200000, 0x00000000d0200000|100%| O|  |TAMS 0x00000000d0200000, 0x00000000d0100000| Untracked 
| 258|0x00000000d0200000, 0x00000000d0300000, 0x00000000d0300000|100%| O|  |TAMS 0x00000000d0300000, 0x00000000d0200000| Untracked 
| 259|0x00000000d0300000, 0x00000000d0400000, 0x00000000d0400000|100%| O|  |TAMS 0x00000000d0400000, 0x00000000d0300000| Updating 
| 260|0x00000000d0400000, 0x00000000d0500000, 0x00000000d0500000|100%| O|  |TAMS 0x00000000d0500000, 0x00000000d0400000| Updating 
| 261|0x00000000d0500000, 0x00000000d0600000, 0x00000000d0600000|100%| O|  |TAMS 0x00000000d0600000, 0x00000000d0500000| Updating 
| 262|0x00000000d0600000, 0x00000000d0700000, 0x00000000d0700000|100%| O|  |TAMS 0x00000000d0700000, 0x00000000d0600000| Updating 
| 263|0x00000000d0700000, 0x00000000d0800000, 0x00000000d0800000|100%| O|  |TAMS 0x00000000d0800000, 0x00000000d0700000| Updating 
| 264|0x00000000d0800000, 0x00000000d0900000, 0x00000000d0900000|100%| O|  |TAMS 0x00000000d0900000, 0x00000000d0800000| Updating 
| 265|0x00000000d0900000, 0x00000000d0a00000, 0x00000000d0a00000|100%| O|  |TAMS 0x00000000d0a00000, 0x00000000d0900000| Updating 
| 266|0x00000000d0a00000, 0x00000000d0b00000, 0x00000000d0b00000|100%| O|  |TAMS 0x00000000d0b00000, 0x00000000d0a00000| Updating 
| 267|0x00000000d0b00000, 0x00000000d0c00000, 0x00000000d0c00000|100%|HS|  |TAMS 0x00000000d0c00000, 0x00000000d0b00000| Complete 
| 268|0x00000000d0c00000, 0x00000000d0d00000, 0x00000000d0d00000|100%|HS|  |TAMS 0x00000000d0d00000, 0x00000000d0c00000| Complete 
| 269|0x00000000d0d00000, 0x00000000d0e00000, 0x00000000d0e00000|100%| O|  |TAMS 0x00000000d0e00000, 0x00000000d0d00000| Untracked 
| 270|0x00000000d0e00000, 0x00000000d0f00000, 0x00000000d0f00000|100%| O|  |TAMS 0x00000000d0f00000, 0x00000000d0e00000| Updating 
| 271|0x00000000d0f00000, 0x00000000d1000000, 0x00000000d1000000|100%| O|  |TAMS 0x00000000d1000000, 0x00000000d0f00000| Updating 
| 272|0x00000000d1000000, 0x00000000d1100000, 0x00000000d1100000|100%| O|  |TAMS 0x00000000d1100000, 0x00000000d1000000| Updating 
| 273|0x00000000d1100000, 0x00000000d1200000, 0x00000000d1200000|100%| O|  |TAMS 0x00000000d1200000, 0x00000000d1100000| Updating 
| 274|0x00000000d1200000, 0x00000000d1300000, 0x00000000d1300000|100%| O|  |TAMS 0x00000000d1300000, 0x00000000d1200000| Updating 
| 275|0x00000000d1300000, 0x00000000d1400000, 0x00000000d1400000|100%| O|  |TAMS 0x00000000d1381400, 0x00000000d1300000| Updating 
| 276|0x00000000d1400000, 0x00000000d1500000, 0x00000000d1500000|100%| O|  |TAMS 0x00000000d1400000, 0x00000000d1400000| Untracked 
| 277|0x00000000d1500000, 0x00000000d1600000, 0x00000000d1600000|100%| O|  |TAMS 0x00000000d1500000, 0x00000000d1500000| Untracked 
| 278|0x00000000d1600000, 0x00000000d1700000, 0x00000000d1700000|100%| O|  |TAMS 0x00000000d1600000, 0x00000000d1600000| Untracked 
| 279|0x00000000d1700000, 0x00000000d1776000, 0x00000000d1800000| 46%| O|  |TAMS 0x00000000d1700000, 0x00000000d1700000| Updating 
| 280|0x00000000d1800000, 0x00000000d1800000, 0x00000000d1900000|  0%| F|  |TAMS 0x00000000d1800000, 0x00000000d1800000| Untracked 
| 281|0x00000000d1900000, 0x00000000d1900000, 0x00000000d1a00000|  0%| F|  |TAMS 0x00000000d1900000, 0x00000000d1900000| Untracked 
| 282|0x00000000d1a00000, 0x00000000d1a00000, 0x00000000d1b00000|  0%| F|  |TAMS 0x00000000d1a00000, 0x00000000d1a00000| Untracked 
| 283|0x00000000d1b00000, 0x00000000d1b00000, 0x00000000d1c00000|  0%| F|  |TAMS 0x00000000d1b00000, 0x00000000d1b00000| Untracked 
| 284|0x00000000d1c00000, 0x00000000d1c00000, 0x00000000d1d00000|  0%| F|  |TAMS 0x00000000d1c00000, 0x00000000d1c00000| Untracked 
| 285|0x00000000d1d00000, 0x00000000d1d00000, 0x00000000d1e00000|  0%| F|  |TAMS 0x00000000d1d00000, 0x00000000d1d00000| Untracked 
| 286|0x00000000d1e00000, 0x00000000d1e00000, 0x00000000d1f00000|  0%| F|  |TAMS 0x00000000d1e00000, 0x00000000d1e00000| Untracked 
| 287|0x00000000d1f00000, 0x00000000d1f00000, 0x00000000d2000000|  0%| F|  |TAMS 0x00000000d1f00000, 0x00000000d1f00000| Untracked 
| 288|0x00000000d2000000, 0x00000000d2000000, 0x00000000d2100000|  0%| F|  |TAMS 0x00000000d2000000, 0x00000000d2000000| Untracked 
| 289|0x00000000d2100000, 0x00000000d2100000, 0x00000000d2200000|  0%| F|  |TAMS 0x00000000d2100000, 0x00000000d2100000| Untracked 
| 290|0x00000000d2200000, 0x00000000d2200000, 0x00000000d2300000|  0%| F|  |TAMS 0x00000000d2200000, 0x00000000d2200000| Untracked 
| 291|0x00000000d2300000, 0x00000000d2300000, 0x00000000d2400000|  0%| F|  |TAMS 0x00000000d2300000, 0x00000000d2300000| Untracked 
| 292|0x00000000d2400000, 0x00000000d2400000, 0x00000000d2500000|  0%| F|  |TAMS 0x00000000d2400000, 0x00000000d2400000| Untracked 
| 293|0x00000000d2500000, 0x00000000d2500000, 0x00000000d2600000|  0%| F|  |TAMS 0x00000000d2500000, 0x00000000d2500000| Untracked 
| 294|0x00000000d2600000, 0x00000000d2600000, 0x00000000d2700000|  0%| F|  |TAMS 0x00000000d2600000, 0x00000000d2600000| Untracked 
| 295|0x00000000d2700000, 0x00000000d2700000, 0x00000000d2800000|  0%| F|  |TAMS 0x00000000d2700000, 0x00000000d2700000| Untracked 
| 296|0x00000000d2800000, 0x00000000d2800000, 0x00000000d2900000|  0%| F|  |TAMS 0x00000000d2800000, 0x00000000d2800000| Untracked 
| 297|0x00000000d2900000, 0x00000000d2900000, 0x00000000d2a00000|  0%| F|  |TAMS 0x00000000d2900000, 0x00000000d2900000| Untracked 
| 298|0x00000000d2a00000, 0x00000000d2a00000, 0x00000000d2b00000|  0%| F|  |TAMS 0x00000000d2a00000, 0x00000000d2a00000| Untracked 
| 299|0x00000000d2b00000, 0x00000000d2c00000, 0x00000000d2c00000|100%| S|CS|TAMS 0x00000000d2b00000, 0x00000000d2b00000| Complete 
| 300|0x00000000d2c00000, 0x00000000d2d00000, 0x00000000d2d00000|100%| S|CS|TAMS 0x00000000d2c00000, 0x00000000d2c00000| Complete 
| 301|0x00000000d2d00000, 0x00000000d2d00000, 0x00000000d2e00000|  0%| F|  |TAMS 0x00000000d2d00000, 0x00000000d2d00000| Untracked 
| 302|0x00000000d2e00000, 0x00000000d2e00000, 0x00000000d2f00000|  0%| F|  |TAMS 0x00000000d2e00000, 0x00000000d2e00000| Untracked 
| 303|0x00000000d2f00000, 0x00000000d2f00000, 0x00000000d3000000|  0%| F|  |TAMS 0x00000000d2f00000, 0x00000000d2f00000| Untracked 
| 304|0x00000000d3000000, 0x00000000d3000000, 0x00000000d3100000|  0%| F|  |TAMS 0x00000000d3000000, 0x00000000d3000000| Untracked 
| 305|0x00000000d3100000, 0x00000000d3100000, 0x00000000d3200000|  0%| F|  |TAMS 0x00000000d3100000, 0x00000000d3100000| Untracked 
| 306|0x00000000d3200000, 0x00000000d3200000, 0x00000000d3300000|  0%| F|  |TAMS 0x00000000d3200000, 0x00000000d3200000| Untracked 
| 307|0x00000000d3300000, 0x00000000d3300000, 0x00000000d3400000|  0%| F|  |TAMS 0x00000000d3300000, 0x00000000d3300000| Untracked 
| 308|0x00000000d3400000, 0x00000000d3400000, 0x00000000d3500000|  0%| F|  |TAMS 0x00000000d3400000, 0x00000000d3400000| Untracked 
| 309|0x00000000d3500000, 0x00000000d3500000, 0x00000000d3600000|  0%| F|  |TAMS 0x00000000d3500000, 0x00000000d3500000| Untracked 
| 310|0x00000000d3600000, 0x00000000d3658220, 0x00000000d3700000| 34%| E|  |TAMS 0x00000000d3600000, 0x00000000d3600000| Complete 
| 311|0x00000000d3700000, 0x00000000d3800000, 0x00000000d3800000|100%| E|CS|TAMS 0x00000000d3700000, 0x00000000d3700000| Complete 
| 312|0x00000000d3800000, 0x00000000d3900000, 0x00000000d3900000|100%| E|CS|TAMS 0x00000000d3800000, 0x00000000d3800000| Complete 
| 313|0x00000000d3900000, 0x00000000d3a00000, 0x00000000d3a00000|100%| E|CS|TAMS 0x00000000d3900000, 0x00000000d3900000| Complete 

Card table byte_map: [0x00000203e0930000,0x00000203e0b30000] _byte_map_base: 0x00000203e0330000

Marking Bits (Prev, Next): (CMBitMap*) 0x00000203c98ded60, (CMBitMap*) 0x00000203c98ded20
 Prev Bits: [0x00000203e1d30000, 0x00000203e2d30000)
 Next Bits: [0x00000203e0d30000, 0x00000203e1d30000)

Polling page: 0x00000203c76f0000

Metaspace:

Usage:
  Non-class:     85.91 MB used.
      Class:     13.93 MB used.
       Both:     99.84 MB used.

Virtual space:
  Non-class space:      128.00 MB reserved,      86.62 MB ( 68%) committed,  2 nodes.
      Class space:      208.00 MB reserved,      14.56 MB (  7%) committed,  1 nodes.
             Both:      336.00 MB reserved,     101.19 MB ( 30%) committed. 

Chunk freelists:
   Non-Class:  9.26 MB
       Class:  1.28 MB
        Both:  10.53 MB

MaxMetaspaceSize: 256.00 MB
CompressedClassSpaceSize: 208.00 MB
Initial GC threshold: 21.00 MB
Current GC threshold: 163.88 MB
CDS: on
MetaspaceReclaimPolicy: balanced
 - commit_granule_bytes: 65536.
 - commit_granule_words: 8192.
 - virtual_space_node_default_size: 8388608.
 - enlarge_chunks_in_place: 1.
 - new_chunks_are_fully_committed: 0.
 - uncommit_free_chunks: 1.
 - use_allocation_guard: 0.
 - handle_deallocations: 1.


Internal statistics:

num_allocs_failed_limit: 6.
num_arena_births: 1812.
num_arena_deaths: 0.
num_vsnodes_births: 3.
num_vsnodes_deaths: 0.
num_space_committed: 1619.
num_space_uncommitted: 0.
num_chunks_returned_to_freelist: 6.
num_chunks_taken_from_freelist: 6571.
num_chunk_merges: 6.
num_chunk_splits: 4182.
num_chunks_enlarged: 2568.
num_inconsistent_stats: 0.

CodeHeap 'non-profiled nmethods': size=120000Kb used=11838Kb max_used=11838Kb free=108161Kb
 bounds [0x00000203d8ed0000, 0x00000203d9a60000, 0x00000203e0400000]
CodeHeap 'profiled nmethods': size=120000Kb used=27377Kb max_used=27377Kb free=92622Kb
 bounds [0x00000203d1400000, 0x00000203d2ec0000, 0x00000203d8930000]
CodeHeap 'non-nmethods': size=5760Kb used=2439Kb max_used=2585Kb free=3320Kb
 bounds [0x00000203d8930000, 0x00000203d8bd0000, 0x00000203d8ed0000]
 total_blobs=14892 nmethods=13918 adapters=885
 compilation: enabled
              stopped_count=0, restarted_count=0
 full_count=0

Compilation events (20 events):
Event: 113.626 Thread 0x00000203e579d4e0 nmethod 16335 0x00000203d9a5d890 code [0x00000203d9a5da20, 0x00000203d9a5db58]
Event: 113.629 Thread 0x0000020385da6910 nmethod 16334 0x00000203d9a5dd10 code [0x00000203d9a5dec0, 0x00000203d9a5e208]
Event: 113.638 Thread 0x00000203e57a7750 16339   !   3       java.util.concurrent.ThreadPoolExecutor::getTask (177 bytes)
Event: 113.639 Thread 0x0000020385da6910 16341       4       com.google.common.collect.Iterators$9::<init> (10 bytes)
Event: 113.639 Thread 0x00000203e57a7750 nmethod 16339 0x00000203d2eb7c10 code [0x00000203d2eb7ea0, 0x00000203d2eb8d18]
Event: 113.639 Thread 0x00000203e57a7750 16340       3       org.gradle.api.internal.attributes.FreezableAttributeContainer::asImmutable (10 bytes)
Event: 113.640 Thread 0x00000203e57a7750 nmethod 16340 0x00000203d2eb9190 code [0x00000203d2eb9340, 0x00000203d2eb9508]
Event: 113.641 Thread 0x00000203e579d4e0 16342       4       org.gradle.internal.component.external.model.DefaultModuleComponentArtifactMetadata::getComponentId (8 bytes)
Event: 113.642 Thread 0x00000203e579d4e0 nmethod 16342 0x00000203d9a5e490 code [0x00000203d9a5e620, 0x00000203d9a5e6b8]
Event: 113.642 Thread 0x0000020385da6910 nmethod 16341 0x00000203d9a5e790 code [0x00000203d9a5e900, 0x00000203d9a5ea58]
Event: 113.642 Thread 0x0000020385da6910 16343       4       org.gradle.api.internal.artifacts.transform.DefaultTransformedVariantFactory$VariantKey::hashCode (16 bytes)
Event: 113.652 Thread 0x0000020385da6910 nmethod 16343 0x00000203d9a5eb10 code [0x00000203d9a5ecc0, 0x00000203d9a5f008]
Event: 113.729 Thread 0x00000203e579d4e0 16344       4       org.gradle.api.internal.artifacts.transform.TransformExecutionResult$Builder$MixedInputAndProducedOutputResult$$Lambda$1009/0x00000203e76cf748::apply (12 bytes)
Event: 113.733 Thread 0x00000203e579d4e0 nmethod 16344 0x00000203d9a5f310 code [0x00000203d9a5f4c0, 0x00000203d9a5f6c8]
Event: 114.175 Thread 0x00000203e57a7750 16345       3       java.net.DatagramSocket::send (9 bytes)
Event: 114.176 Thread 0x00000203e57a7750 nmethod 16345 0x00000203d2eb9610 code [0x00000203d2eb97c0, 0x00000203d2eb9a58]
Event: 114.176 Thread 0x00000203e57a7750 16346   !   3       sun.nio.ch.DatagramSocketAdaptor::send (189 bytes)
Event: 114.178 Thread 0x00000203e57a7750 nmethod 16346 0x00000203d2eb9b10 code [0x00000203d2eb9e80, 0x00000203d2ebb5d8]
Event: 114.178 Thread 0x00000203e57a7750 16347   !   3       sun.nio.ch.DatagramChannelImpl::blockingSend (54 bytes)
Event: 114.179 Thread 0x00000203e57a7750 nmethod 16347 0x00000203d2ebc310 code [0x00000203d2ebc5c0, 0x00000203d2ebd2e8]

GC Heap History (20 events):
Event: 112.276 GC heap before
{Heap before GC invocations=115 (full 0):
 garbage-first heap   total 321536K, used 282803K [0x00000000c0000000, 0x0000000100000000)
  region size 1024K, 15 young (15360K), 2 survivors (2048K)
 Metaspace       used 102059K, committed 103424K, reserved 344064K
  class space    used 14237K, committed 14848K, reserved 212992K
}
Event: 112.279 GC heap after
{Heap after GC invocations=116 (full 0):
 garbage-first heap   total 321536K, used 271325K [0x00000000c0000000, 0x0000000100000000)
  region size 1024K, 2 young (2048K), 2 survivors (2048K)
 Metaspace       used 102059K, committed 103424K, reserved 344064K
  class space    used 14237K, committed 14848K, reserved 212992K
}
Event: 112.570 GC heap before
{Heap before GC invocations=116 (full 0):
 garbage-first heap   total 321536K, used 284637K [0x00000000c0000000, 0x0000000100000000)
  region size 1024K, 15 young (15360K), 2 survivors (2048K)
 Metaspace       used 102059K, committed 103424K, reserved 344064K
  class space    used 14237K, committed 14848K, reserved 212992K
}
Event: 112.573 GC heap after
{Heap after GC invocations=117 (full 0):
 garbage-first heap   total 321536K, used 272110K [0x00000000c0000000, 0x0000000100000000)
  region size 1024K, 2 young (2048K), 2 survivors (2048K)
 Metaspace       used 102059K, committed 103424K, reserved 344064K
  class space    used 14237K, committed 14848K, reserved 212992K
}
Event: 112.808 GC heap before
{Heap before GC invocations=117 (full 0):
 garbage-first heap   total 321536K, used 284398K [0x00000000c0000000, 0x0000000100000000)
  region size 1024K, 15 young (15360K), 2 survivors (2048K)
 Metaspace       used 102059K, committed 103424K, reserved 344064K
  class space    used 14237K, committed 14848K, reserved 212992K
}
Event: 112.812 GC heap after
{Heap after GC invocations=118 (full 0):
 garbage-first heap   total 321536K, used 272929K [0x00000000c0000000, 0x0000000100000000)
  region size 1024K, 2 young (2048K), 2 survivors (2048K)
 Metaspace       used 102059K, committed 103424K, reserved 344064K
  class space    used 14237K, committed 14848K, reserved 212992K
}
Event: 113.061 GC heap before
{Heap before GC invocations=118 (full 0):
 garbage-first heap   total 321536K, used 285217K [0x00000000c0000000, 0x0000000100000000)
  region size 1024K, 15 young (15360K), 2 survivors (2048K)
 Metaspace       used 102059K, committed 103424K, reserved 344064K
  class space    used 14237K, committed 14848K, reserved 212992K
}
Event: 113.064 GC heap after
{Heap after GC invocations=119 (full 0):
 garbage-first heap   total 321536K, used 273738K [0x00000000c0000000, 0x0000000100000000)
  region size 1024K, 2 young (2048K), 2 survivors (2048K)
 Metaspace       used 102059K, committed 103424K, reserved 344064K
  class space    used 14237K, committed 14848K, reserved 212992K
}
Event: 113.228 GC heap before
{Heap before GC invocations=119 (full 0):
 garbage-first heap   total 321536K, used 286026K [0x00000000c0000000, 0x0000000100000000)
  region size 1024K, 15 young (15360K), 2 survivors (2048K)
 Metaspace       used 102059K, committed 103424K, reserved 344064K
  class space    used 14237K, committed 14848K, reserved 212992K
}
Event: 113.231 GC heap after
{Heap after GC invocations=120 (full 0):
 garbage-first heap   total 321536K, used 274569K [0x00000000c0000000, 0x0000000100000000)
  region size 1024K, 2 young (2048K), 2 survivors (2048K)
 Metaspace       used 102059K, committed 103424K, reserved 344064K
  class space    used 14237K, committed 14848K, reserved 212992K
}
Event: 113.414 GC heap before
{Heap before GC invocations=120 (full 0):
 garbage-first heap   total 321536K, used 289929K [0x00000000c0000000, 0x0000000100000000)
  region size 1024K, 15 young (15360K), 2 survivors (2048K)
 Metaspace       used 102125K, committed 103552K, reserved 344064K
  class space    used 14249K, committed 14912K, reserved 212992K
}
Event: 113.418 GC heap after
{Heap after GC invocations=121 (full 0):
 garbage-first heap   total 321536K, used 280021K [0x00000000c0000000, 0x0000000100000000)
  region size 1024K, 2 young (2048K), 2 survivors (2048K)
 Metaspace       used 102125K, committed 103552K, reserved 344064K
  class space    used 14249K, committed 14912K, reserved 212992K
}
Event: 113.668 GC heap before
{Heap before GC invocations=121 (full 0):
 garbage-first heap   total 321536K, used 293333K [0x00000000c0000000, 0x0000000100000000)
  region size 1024K, 15 young (15360K), 2 survivors (2048K)
 Metaspace       used 102230K, committed 103616K, reserved 344064K
  class space    used 14265K, committed 14912K, reserved 212992K
}
Event: 113.674 GC heap after
{Heap after GC invocations=122 (full 0):
 garbage-first heap   total 321536K, used 284056K [0x00000000c0000000, 0x0000000100000000)
  region size 1024K, 2 young (2048K), 2 survivors (2048K)
 Metaspace       used 102230K, committed 103616K, reserved 344064K
  class space    used 14265K, committed 14912K, reserved 212992K
}
Event: 113.832 GC heap before
{Heap before GC invocations=122 (full 0):
 garbage-first heap   total 321536K, used 296344K [0x00000000c0000000, 0x0000000100000000)
  region size 1024K, 15 young (15360K), 2 survivors (2048K)
 Metaspace       used 102230K, committed 103616K, reserved 344064K
  class space    used 14265K, committed 14912K, reserved 212992K
}
Event: 113.837 GC heap after
{Heap after GC invocations=123 (full 0):
 garbage-first heap   total 321536K, used 286134K [0x00000000c0000000, 0x0000000100000000)
  region size 1024K, 2 young (2048K), 2 survivors (2048K)
 Metaspace       used 102230K, committed 103616K, reserved 344064K
  class space    used 14265K, committed 14912K, reserved 212992K
}
Event: 114.013 GC heap before
{Heap before GC invocations=123 (full 0):
 garbage-first heap   total 321536K, used 298422K [0x00000000c0000000, 0x0000000100000000)
  region size 1024K, 15 young (15360K), 2 survivors (2048K)
 Metaspace       used 102230K, committed 103616K, reserved 344064K
  class space    used 14265K, committed 14912K, reserved 212992K
}
Event: 114.016 GC heap after
{Heap after GC invocations=124 (full 0):
 garbage-first heap   total 321536K, used 287216K [0x00000000c0000000, 0x0000000100000000)
  region size 1024K, 2 young (2048K), 2 survivors (2048K)
 Metaspace       used 102230K, committed 103616K, reserved 344064K
  class space    used 14265K, committed 14912K, reserved 212992K
}
Event: 114.205 GC heap before
{Heap before GC invocations=124 (full 0):
 garbage-first heap   total 321536K, used 299504K [0x00000000c0000000, 0x0000000100000000)
  region size 1024K, 15 young (15360K), 2 survivors (2048K)
 Metaspace       used 102236K, committed 103616K, reserved 344064K
  class space    used 14265K, committed 14912K, reserved 212992K
}
Event: 114.210 GC heap after
{Heap after GC invocations=125 (full 0):
 garbage-first heap   total 321536K, used 288107K [0x00000000c0000000, 0x0000000100000000)
  region size 1024K, 2 young (2048K), 2 survivors (2048K)
 Metaspace       used 102236K, committed 103616K, reserved 344064K
  class space    used 14265K, committed 14912K, reserved 212992K
}

Dll operation events (15 events):
Event: 0.027 Loaded shared library E:\JAVA\bin\java.dll
Event: 0.061 Loaded shared library E:\JAVA\bin\jsvml.dll
Event: 0.207 Loaded shared library E:\JAVA\bin\zip.dll
Event: 0.210 Loaded shared library E:\JAVA\bin\instrument.dll
Event: 0.217 Loaded shared library E:\JAVA\bin\net.dll
Event: 0.220 Loaded shared library E:\JAVA\bin\nio.dll
Event: 0.224 Loaded shared library E:\JAVA\bin\zip.dll
Event: 0.662 Loaded shared library E:\JAVA\bin\jimage.dll
Event: 1.063 Loaded shared library E:\JAVA\bin\verify.dll
Event: 1.409 Loaded shared library E:\gradle\native\c067742578af261105cb4f569cf0c3c89f3d7b1fecec35dd04571415982c5e48\windows-amd64\native-platform.dll
Event: 1.417 Loaded shared library E:\gradle\native\100fb08df4bc3b14c8652ba06237920a3bd2aa13389f12d3474272988ae205f9\windows-amd64\native-platform-file-events.dll
Event: 3.527 Loaded shared library E:\JAVA\bin\management.dll
Event: 3.530 Loaded shared library E:\JAVA\bin\management_ext.dll
Event: 4.105 Loaded shared library E:\JAVA\bin\extnet.dll
Event: 5.379 Loaded shared library E:\JAVA\bin\sunmscapi.dll

Deoptimization events (20 events):
Event: 109.611 Thread 0x00000203f8a47150 Uncommon trap: trap_request=0xffffffbe fr.pc=0x00000203d99ef798 relative=0x0000000000000578
Event: 109.611 Thread 0x00000203f8a47150 Uncommon trap: reason=profile_predicate action=maybe_recompile pc=0x00000203d99ef798 method=org.gradle.api.internal.artifacts.transform.TransformingAsyncArtifactListener$TransformedArtifact.lambda$visit$3(Lorg/gradle/api/internal/artifacts/ivyservice/reso
Event: 109.611 Thread 0x00000203f8a47150 DEOPT PACKING pc=0x00000203d99ef798 sp=0x00000089277f8d20
Event: 109.611 Thread 0x00000203f8a47150 DEOPT UNPACKING pc=0x00000203d89869a3 sp=0x00000089277f8cd0 mode 2
Event: 109.719 Thread 0x00000203f8a47150 Uncommon trap: trap_request=0xffffffc6 fr.pc=0x00000203d98327a8 relative=0x00000000000009a8
Event: 109.719 Thread 0x00000203f8a47150 Uncommon trap: reason=bimorphic_or_optimized_type_check action=maybe_recompile pc=0x00000203d98327a8 method=com.google.common.collect.ImmutableMapEntrySet.contains(Ljava/lang/Object;)Z @ 37 c2
Event: 109.719 Thread 0x00000203f8a47150 DEOPT PACKING pc=0x00000203d98327a8 sp=0x00000089277f9370
Event: 109.719 Thread 0x00000203f8a47150 DEOPT UNPACKING pc=0x00000203d89869a3 sp=0x00000089277f91b0 mode 2
Event: 110.295 Thread 0x00000203fa5b7130 Uncommon trap: trap_request=0xffffffc6 fr.pc=0x00000203d947d640 relative=0x0000000000000740
Event: 110.295 Thread 0x00000203fa5b7130 Uncommon trap: reason=bimorphic_or_optimized_type_check action=maybe_recompile pc=0x00000203d947d640 method=org.gradle.internal.fingerprint.impl.DefaultCurrentFileCollectionFingerprint.from(Lorg/gradle/internal/snapshot/FileSystemSnapshot;Lorg/gradle/inte
Event: 110.295 Thread 0x00000203fa5b7130 DEOPT PACKING pc=0x00000203d947d640 sp=0x00000089268bedc0
Event: 110.295 Thread 0x00000203fa5b7130 DEOPT UNPACKING pc=0x00000203d89869a3 sp=0x00000089268bed30 mode 2
Event: 113.405 Thread 0x00000203f8a47150 DEOPT PACKING pc=0x00000203d2c74c34 sp=0x00000089277f81b0
Event: 113.405 Thread 0x00000203f8a47150 DEOPT UNPACKING pc=0x00000203d8987143 sp=0x00000089277f76c0 mode 0
Event: 113.405 Thread 0x00000203f8a47150 DEOPT PACKING pc=0x00000203d1696994 sp=0x00000089277f9b90
Event: 113.405 Thread 0x00000203f8a47150 DEOPT UNPACKING pc=0x00000203d8987143 sp=0x00000089277f9080 mode 0
Event: 113.590 Thread 0x00000203f8a47150 Uncommon trap: trap_request=0xffffff76 fr.pc=0x00000203d9a56724 relative=0x0000000000000464
Event: 113.590 Thread 0x00000203f8a47150 Uncommon trap: reason=predicate action=maybe_recompile pc=0x00000203d9a56724 method=com.google.common.collect.ImmutableList.copyIntoArray([Ljava/lang/Object;I)I @ 11 c2
Event: 113.590 Thread 0x00000203f8a47150 DEOPT PACKING pc=0x00000203d9a56724 sp=0x00000089277f8620
Event: 113.591 Thread 0x00000203f8a47150 DEOPT UNPACKING pc=0x00000203d89869a3 sp=0x00000089277f85e0 mode 2

Classes loaded (20 events):
Event: 72.700 Loading class java/util/ArrayListCustomizer
Event: 72.700 Loading class java/util/ArrayListCustomizer done
Event: 72.702 Loading class java/util/ArrayListCustomizer
Event: 72.702 Loading class java/util/ArrayListCustomizer done
Event: 78.432 Loading class jdk/internal/misc/ScopedMemoryAccess$Scope$Handle
Event: 78.432 Loading class jdk/internal/misc/ScopedMemoryAccess$Scope$Handle done
Event: 101.542 Loading class java/beans/ParameterDescriptor
Event: 101.543 Loading class java/beans/ParameterDescriptor done
Event: 104.246 Loading class java/math/BigDecimal$StringBuilderHelper
Event: 104.246 Loading class java/math/BigDecimal$StringBuilderHelper done
Event: 106.811 Loading class java/lang/BooleanBeanInfo
Event: 106.811 Loading class java/lang/BooleanBeanInfo done
Event: 106.812 Loading class java/lang/BooleanBeanInfo
Event: 106.812 Loading class java/lang/BooleanBeanInfo done
Event: 106.813 Loading class java/lang/BooleanCustomizer
Event: 106.813 Loading class java/lang/BooleanCustomizer done
Event: 106.814 Loading class java/lang/BooleanCustomizer
Event: 106.814 Loading class java/lang/BooleanCustomizer done
Event: 106.814 Loading class jdk/internal/ValueBased
Event: 106.814 Loading class jdk/internal/ValueBased done

Classes unloaded (0 events):
No events

Classes redefined (0 events):
No events

Internal exceptions (20 events):
Event: 106.813 Thread 0x00000203f8a47150 Exception <a 'java/lang/ClassNotFoundException'{0x00000000d192c058}: java/lang/BooleanBeanInfo> (0x00000000d192c058) 
thrown [s\src\hotspot\share\classfile\systemDictionary.cpp, line 256]
Event: 106.814 Thread 0x00000203f8a47150 Exception <a 'java/lang/ClassNotFoundException'{0x00000000d1937710}: java/lang/BooleanCustomizer> (0x00000000d1937710) 
thrown [s\src\hotspot\share\classfile\systemDictionary.cpp, line 256]
Event: 107.021 Thread 0x00000203f8a47150 Exception <a 'java/lang/ClassNotFoundException'{0x00000000d10a3438}: build_dk4smf01fiwf5t865euk4ff1cBeanInfo> (0x00000000d10a3438) 
thrown [s\src\hotspot\share\classfile\systemDictionary.cpp, line 256]
Event: 107.022 Thread 0x00000203f8a47150 Exception <a 'java/lang/ClassNotFoundException'{0x00000000d10aa6a0}: build_dk4smf01fiwf5t865euk4ff1cCustomizer> (0x00000000d10aa6a0) 
thrown [s\src\hotspot\share\classfile\systemDictionary.cpp, line 256]
Event: 109.129 Thread 0x00000203f8a47150 Exception <a 'java/lang/ClassNotFoundException'{0x00000000d2eee1d8}: build_dk4smf01fiwf5t865euk4ff1cBeanInfo> (0x00000000d2eee1d8) 
thrown [s\src\hotspot\share\classfile\systemDictionary.cpp, line 256]
Event: 109.129 Thread 0x00000203f8a47150 Exception <a 'java/lang/ClassNotFoundException'{0x00000000d2ef53a8}: build_dk4smf01fiwf5t865euk4ff1cCustomizer> (0x00000000d2ef53a8) 
thrown [s\src\hotspot\share\classfile\systemDictionary.cpp, line 256]
Event: 110.313 Thread 0x00000203f8a47150 Exception <a 'java/lang/ClassNotFoundException'{0x00000000d2bcdd28}: build_ajpkzip2p8417za3kxdgvuvgoBeanInfo> (0x00000000d2bcdd28) 
thrown [s\src\hotspot\share\classfile\systemDictionary.cpp, line 256]
Event: 110.313 Thread 0x00000203f8a47150 Exception <a 'java/lang/ClassNotFoundException'{0x00000000d2bd4f58}: build_ajpkzip2p8417za3kxdgvuvgoCustomizer> (0x00000000d2bd4f58) 
thrown [s\src\hotspot\share\classfile\systemDictionary.cpp, line 256]
Event: 111.005 Thread 0x00000203f8a47150 Exception <a 'java/lang/ClassNotFoundException'{0x00000000d32ca268}: build_2xchduho3xjves7g5j8s483daBeanInfo> (0x00000000d32ca268) 
thrown [s\src\hotspot\share\classfile\systemDictionary.cpp, line 256]
Event: 111.005 Thread 0x00000203f8a47150 Exception <a 'java/lang/ClassNotFoundException'{0x00000000d32d14d0}: build_2xchduho3xjves7g5j8s483daCustomizer> (0x00000000d32d14d0) 
thrown [s\src\hotspot\share\classfile\systemDictionary.cpp, line 256]
Event: 113.296 Thread 0x00000203f8a47150 Exception <a 'java/lang/ClassNotFoundException'{0x00000000d346a410}: build_2xchduho3xjves7g5j8s483daBeanInfo> (0x00000000d346a410) 
thrown [s\src\hotspot\share\classfile\systemDictionary.cpp, line 256]
Event: 113.297 Thread 0x00000203f8a47150 Exception <a 'java/lang/ClassNotFoundException'{0x00000000d34715e0}: build_2xchduho3xjves7g5j8s483daCustomizer> (0x00000000d34715e0) 
thrown [s\src\hotspot\share\classfile\systemDictionary.cpp, line 256]
Event: 113.383 Thread 0x00000203f8a47150 Exception <a 'java/lang/ClassNotFoundException'{0x00000000d2e6c500}: org/gradle/invocation/DefaultGradle_DecoratedBeanInfo> (0x00000000d2e6c500) 
thrown [s\src\hotspot\share\classfile\systemDictionary.cpp, line 256]
Event: 113.385 Thread 0x00000203f8a47150 Exception <a 'java/lang/ClassNotFoundException'{0x00000000d2e86e68}: org/gradle/invocation/DefaultGradleBeanInfo> (0x00000000d2e86e68) 
thrown [s\src\hotspot\share\classfile\systemDictionary.cpp, line 256]
Event: 113.387 Thread 0x00000203f8a47150 Exception <a 'java/lang/ClassNotFoundException'{0x00000000d2ea0f00}: org/gradle/invocation/DefaultGradleCustomizer> (0x00000000d2ea0f00) 
thrown [s\src\hotspot\share\classfile\systemDictionary.cpp, line 256]
Event: 113.391 Thread 0x00000203f8a47150 Exception <a 'java/lang/ClassNotFoundException'{0x00000000d2eef9c8}: org/gradle/invocation/DefaultGradle_DecoratedCustomizer> (0x00000000d2eef9c8) 
thrown [s\src\hotspot\share\classfile\systemDictionary.cpp, line 256]
Event: 113.402 Thread 0x00000203f8a47150 Exception <a 'java/lang/ClassNotFoundException'{0x00000000d2d923a8}: org/gradle/configuration/internal/DefaultListenerBuildOperationDecorator$BuildOperationEmittingClosureBeanInfo> (0x00000000d2d923a8) 
thrown [s\src\hotspot\share\classfile\systemDictionary.cpp, line 256]
Event: 113.404 Thread 0x00000203f8a47150 Exception <a 'java/lang/ClassNotFoundException'{0x00000000d2dafbe0}: org/gradle/configuration/internal/DefaultListenerBuildOperationDecorator$BuildOperationEmittingClosureCustomizer> (0x00000000d2dafbe0) 
thrown [s\src\hotspot\share\classfile\systemDictionary.cpp, line 256]
Event: 113.524 Thread 0x00000203f8a47150 Exception <a 'java/lang/ClassNotFoundException'{0x00000000d34b8af8}: build_aexwj1gwz40al11dfipaa3n6xBeanInfo> (0x00000000d34b8af8) 
thrown [s\src\hotspot\share\classfile\systemDictionary.cpp, line 256]
Event: 113.524 Thread 0x00000203f8a47150 Exception <a 'java/lang/ClassNotFoundException'{0x00000000d34bfd60}: build_aexwj1gwz40al11dfipaa3n6xCustomizer> (0x00000000d34bfd60) 
thrown [s\src\hotspot\share\classfile\systemDictionary.cpp, line 256]

VM Operations (20 events):
Event: 112.573 Executing VM operation: G1CollectForAllocation done
Event: 112.808 Executing VM operation: G1CollectForAllocation
Event: 112.812 Executing VM operation: G1CollectForAllocation done
Event: 113.061 Executing VM operation: G1CollectForAllocation
Event: 113.064 Executing VM operation: G1CollectForAllocation done
Event: 113.228 Executing VM operation: G1CollectForAllocation
Event: 113.231 Executing VM operation: G1CollectForAllocation done
Event: 113.398 Executing VM operation: HandshakeAllThreads
Event: 113.398 Executing VM operation: HandshakeAllThreads done
Event: 113.414 Executing VM operation: G1CollectForAllocation
Event: 113.418 Executing VM operation: G1CollectForAllocation done
Event: 113.668 Executing VM operation: G1CollectForAllocation
Event: 113.674 Executing VM operation: G1CollectForAllocation done
Event: 113.832 Executing VM operation: G1CollectForAllocation
Event: 113.837 Executing VM operation: G1CollectForAllocation done
Event: 114.013 Executing VM operation: G1CollectForAllocation
Event: 114.016 Executing VM operation: G1CollectForAllocation done
Event: 114.205 Executing VM operation: G1CollectForAllocation
Event: 114.210 Executing VM operation: G1CollectForAllocation done
Event: 114.254 Executing VM operation: G1PauseRemark

Memory protections (0 events):
No events

Nmethod flushes (20 events):
Event: 84.253 Thread 0x00000203e59227d0 flushing  nmethod 0x00000203d2766190
Event: 84.253 Thread 0x00000203e59227d0 flushing  nmethod 0x00000203d2766810
Event: 84.253 Thread 0x00000203e59227d0 flushing  nmethod 0x00000203d2774f90
Event: 84.253 Thread 0x00000203e59227d0 flushing  nmethod 0x00000203d2788390
Event: 84.253 Thread 0x00000203e59227d0 flushing  nmethod 0x00000203d27fec90
Event: 84.253 Thread 0x00000203e59227d0 flushing  nmethod 0x00000203d27ff110
Event: 84.253 Thread 0x00000203e59227d0 flushing  nmethod 0x00000203d2802e10
Event: 84.253 Thread 0x00000203e59227d0 flushing  nmethod 0x00000203d2804e10
Event: 84.253 Thread 0x00000203e59227d0 flushing  nmethod 0x00000203d2807990
Event: 84.253 Thread 0x00000203e59227d0 flushing  nmethod 0x00000203d281a390
Event: 84.253 Thread 0x00000203e59227d0 flushing  nmethod 0x00000203d281cd90
Event: 84.254 Thread 0x00000203e59227d0 flushing  nmethod 0x00000203d28a6890
Event: 84.254 Thread 0x00000203e59227d0 flushing  nmethod 0x00000203d28f0590
Event: 84.255 Thread 0x00000203e59227d0 flushing  nmethod 0x00000203d2985890
Event: 84.255 Thread 0x00000203e59227d0 flushing  nmethod 0x00000203d29bb910
Event: 84.256 Thread 0x00000203e59227d0 flushing  nmethod 0x00000203d2ae9910
Event: 110.519 Thread 0x00000203e59227d0 flushing  nmethod 0x00000203d1e2a390
Event: 110.519 Thread 0x00000203e59227d0 flushing  nmethod 0x00000203d1e8ba90
Event: 110.520 Thread 0x00000203e59227d0 flushing  nmethod 0x00000203d1e93d10
Event: 110.524 Thread 0x00000203e59227d0 flushing  nmethod 0x00000203d21cbd90

Events (20 events):
Event: 94.515 Thread 0x00000203f99f9be0 Thread exited: 0x00000203f99f9be0
Event: 94.725 Thread 0x00000203fba27910 Thread exited: 0x00000203fba27910
Event: 95.606 Thread 0x00000203e57a7750 Thread added: 0x00000203f99f9690
Event: 95.846 Thread 0x00000203f99f9690 Thread exited: 0x00000203f99f9690
Event: 97.630 Thread 0x00000203e57a7750 Thread added: 0x00000203f99fabd0
Event: 98.096 Thread 0x00000203e57a7750 Thread added: 0x00000203f99fa680
Event: 98.856 Thread 0x00000203f99fa680 Thread exited: 0x00000203f99fa680
Event: 99.072 Thread 0x00000203f99fabd0 Thread exited: 0x00000203f99fabd0
Event: 101.593 Thread 0x00000203e57a7750 Thread added: 0x00000203f99fa680
Event: 103.031 Thread 0x00000203f99fa680 Thread exited: 0x00000203f99fa680
Event: 106.481 Thread 0x00000203e57a7750 Thread added: 0x00000203f99fabd0
Event: 107.172 Thread 0x00000203e57a7750 Thread added: 0x00000203f99fb670
Event: 107.675 Thread 0x00000203f99fb670 Thread exited: 0x00000203f99fb670
Event: 107.676 Thread 0x00000203f99fabd0 Thread exited: 0x00000203f99fabd0
Event: 109.541 Thread 0x00000203e57a7750 Thread added: 0x00000203f99fabd0
Event: 109.886 Thread 0x00000203f99fabd0 Thread exited: 0x00000203f99fabd0
Event: 110.365 Thread 0x00000203e579d4e0 Thread added: 0x00000203f99fabd0
Event: 110.770 Thread 0x00000203f99fabd0 Thread exited: 0x00000203f99fabd0
Event: 113.521 Thread 0x00000203e579d4e0 Thread added: 0x0000020385da6910
Event: 114.175 Thread 0x0000020385da6910 Thread exited: 0x0000020385da6910


Dynamic libraries:
0x00007ff7e82c0000 - 0x00007ff7e82ce000 	E:\JAVA\bin\java.exe
0x00007ffb02ae0000 - 0x00007ffb02d46000 	C:\WINDOWS\SYSTEM32\ntdll.dll
0x00007ffb01df0000 - 0x00007ffb01eb9000 	C:\WINDOWS\System32\KERNEL32.DLL
0x00007ffaffe30000 - 0x00007ffb0022a000 	C:\WINDOWS\System32\KERNELBASE.dll
0x00007ffb005c0000 - 0x00007ffb0070c000 	C:\WINDOWS\System32\ucrtbase.dll
0x00007ffaec2e0000 - 0x00007ffaec2f8000 	E:\JAVA\bin\jli.dll
0x00007ffb020d0000 - 0x00007ffb02297000 	C:\WINDOWS\System32\USER32.dll
0x00007ffaec2c0000 - 0x00007ffaec2de000 	E:\JAVA\bin\VCRUNTIME140.dll
0x00007ffb00590000 - 0x00007ffb005b7000 	C:\WINDOWS\System32\win32u.dll
0x00007ffae6c50000 - 0x00007ffae6ee2000 	C:\WINDOWS\WinSxS\amd64_microsoft.windows.common-controls_6595b64144ccf1df_6.0.26100.8521_none_3e08b75ce33403b3\COMCTL32.dll
0x00007ffb020a0000 - 0x00007ffb020cb000 	C:\WINDOWS\System32\GDI32.dll
0x00007ffb02940000 - 0x00007ffb029e9000 	C:\WINDOWS\System32\msvcrt.dll
0x00007ffb00460000 - 0x00007ffb0058b000 	C:\WINDOWS\System32\gdi32full.dll
0x00007ffb003b0000 - 0x00007ffb00453000 	C:\WINDOWS\System32\msvcp_win.dll
0x00007ffb00a10000 - 0x00007ffb00a42000 	C:\WINDOWS\System32\IMM32.DLL
0x00007ffaed680000 - 0x00007ffaed68c000 	E:\JAVA\bin\vcruntime140_1.dll
0x00007ffacd300000 - 0x00007ffacd38d000 	E:\JAVA\bin\msvcp140.dll
0x00007ffa634d0000 - 0x00007ffa6413b000 	E:\JAVA\bin\server\jvm.dll
0x00007ffb022a0000 - 0x00007ffb02356000 	C:\WINDOWS\System32\ADVAPI32.dll
0x00007ffb029f0000 - 0x00007ffb02a9a000 	C:\WINDOWS\System32\sechost.dll
0x00007ffb01540000 - 0x00007ffb01658000 	C:\WINDOWS\System32\RPCRT4.dll
0x00007ffb02380000 - 0x00007ffb02400000 	C:\WINDOWS\System32\WS2_32.dll
0x00007ffaffbd0000 - 0x00007ffaffc2e000 	C:\WINDOWS\SYSTEM32\POWRPROF.dll
0x00007ffae6ef0000 - 0x00007ffae6f26000 	C:\WINDOWS\SYSTEM32\WINMM.dll
0x00007ffaee2d0000 - 0x00007ffaee2db000 	C:\WINDOWS\SYSTEM32\VERSION.dll
0x00007ffaffbb0000 - 0x00007ffaffbc4000 	C:\WINDOWS\SYSTEM32\UMPDC.dll
0x00007ffafeac0000 - 0x00007ffafeadb000 	C:\WINDOWS\SYSTEM32\kernel.appcore.dll
0x00007ffaec930000 - 0x00007ffaec93a000 	E:\JAVA\bin\jimage.dll
0x00007ffafd510000 - 0x00007ffafd752000 	C:\WINDOWS\SYSTEM32\DBGHELP.DLL
0x00007ffb025b0000 - 0x00007ffb02933000 	C:\WINDOWS\System32\combase.dll
0x00007ffb00df0000 - 0x00007ffb00ec9000 	C:\WINDOWS\System32\OLEAUT32.dll
0x00007ffad9430000 - 0x00007ffad946b000 	C:\WINDOWS\SYSTEM32\dbgcore.DLL
0x00007ffb00710000 - 0x00007ffb007b8000 	C:\WINDOWS\System32\bcryptPrimitives.dll
0x00007ffaec040000 - 0x00007ffaec04e000 	E:\JAVA\bin\instrument.dll
0x00007ffaec7e0000 - 0x00007ffaec805000 	E:\JAVA\bin\java.dll
0x00007ffacb210000 - 0x00007ffacb2e7000 	E:\JAVA\bin\jsvml.dll
0x00007ffb01660000 - 0x00007ffb01de4000 	C:\WINDOWS\System32\SHELL32.dll
0x00007ffafd8f0000 - 0x00007ffafe170000 	C:\WINDOWS\SYSTEM32\windows.storage.dll
0x00007ffb01f20000 - 0x00007ffb02016000 	C:\WINDOWS\System32\SHCORE.dll
0x00007ffb00850000 - 0x00007ffb008b7000 	C:\WINDOWS\System32\shlwapi.dll
0x00007ffaffc90000 - 0x00007ffaffcb9000 	C:\WINDOWS\SYSTEM32\profapi.dll
0x00007ffaec070000 - 0x00007ffaec088000 	E:\JAVA\bin\zip.dll
0x00007ffaedcd0000 - 0x00007ffaedcea000 	E:\JAVA\bin\net.dll
0x00007ffaf49d0000 - 0x00007ffaf4af9000 	C:\WINDOWS\SYSTEM32\WINHTTP.dll
0x00007ffaff010000 - 0x00007ffaff07c000 	C:\WINDOWS\system32\mswsock.dll
0x00007ffaec2a0000 - 0x00007ffaec2b6000 	E:\JAVA\bin\nio.dll
0x00007ffaec6c0000 - 0x00007ffaec6d0000 	E:\JAVA\bin\verify.dll
0x00007ffad8510000 - 0x00007ffad8537000 	E:\gradle\native\c067742578af261105cb4f569cf0c3c89f3d7b1fecec35dd04571415982c5e48\windows-amd64\native-platform.dll
0x00007ffa8a690000 - 0x00007ffa8a7d4000 	E:\gradle\native\100fb08df4bc3b14c8652ba06237920a3bd2aa13389f12d3474272988ae205f9\windows-amd64\native-platform-file-events.dll
0x00007ffaec6b0000 - 0x00007ffaec6ba000 	E:\JAVA\bin\management.dll
0x00007ffaec6a0000 - 0x00007ffaec6ac000 	E:\JAVA\bin\management_ext.dll
0x00007ffb01ec0000 - 0x00007ffb01ec8000 	C:\WINDOWS\System32\PSAPI.DLL
0x00007ffaff410000 - 0x00007ffaff42b000 	C:\WINDOWS\SYSTEM32\CRYPTSP.dll
0x00007ffafea20000 - 0x00007ffafea59000 	C:\WINDOWS\system32\rsaenh.dll
0x00007ffaff0c0000 - 0x00007ffaff0f3000 	C:\WINDOWS\SYSTEM32\USERENV.dll
0x00007ffaffc60000 - 0x00007ffaffc8a000 	C:\WINDOWS\SYSTEM32\bcrypt.dll
0x00007ffaff270000 - 0x00007ffaff27c000 	C:\WINDOWS\SYSTEM32\CRYPTBASE.dll
0x00007ffafe4a0000 - 0x00007ffafe4d3000 	C:\WINDOWS\SYSTEM32\IPHLPAPI.DLL
0x00007ffb02360000 - 0x00007ffb0236a000 	C:\WINDOWS\System32\NSI.dll
0x00007ffaf5660000 - 0x00007ffaf567d000 	C:\WINDOWS\SYSTEM32\dhcpcsvc6.DLL
0x00007ffaf4f10000 - 0x00007ffaf4f35000 	C:\WINDOWS\SYSTEM32\dhcpcsvc.DLL
0x00007ffafe530000 - 0x00007ffafe67a000 	C:\WINDOWS\SYSTEM32\DNSAPI.dll
0x00007ffafee50000 - 0x00007ffafee5d000 	C:\WINDOWS\SYSTEM32\DSPARSE.dll
0x00007ffaec060000 - 0x00007ffaec069000 	E:\JAVA\bin\extnet.dll
0x00007ffaec290000 - 0x00007ffaec29e000 	E:\JAVA\bin\sunmscapi.dll
0x00007ffb00230000 - 0x00007ffb003a8000 	C:\WINDOWS\System32\CRYPT32.dll
0x00007ffaff570000 - 0x00007ffaff5a0000 	C:\WINDOWS\SYSTEM32\ncrypt.dll
0x00007ffaff520000 - 0x00007ffaff55f000 	C:\WINDOWS\SYSTEM32\NTASN1.dll
0x00007ffac96b0000 - 0x00007ffac96b8000 	C:\WINDOWS\system32\wshunix.dll
0x00007ffac4cc0000 - 0x00007ffac4cd8000 	C:\WINDOWS\system32\napinsp.dll
0x00007ffaacca0000 - 0x00007ffaaccb3000 	C:\WINDOWS\System32\winrnr.dll
0x00007ffac7e60000 - 0x00007ffac7e82000 	C:\WINDOWS\system32\nlansp_c.dll
0x00007ffaee1d0000 - 0x00007ffaee1e6000 	C:\WINDOWS\system32\wshbth.dll
0x00007ffaf0110000 - 0x00007ffaf011b000 	C:\Windows\System32\rasadhlp.dll
0x00007ffaf5ec0000 - 0x00007ffaf5f46000 	C:\WINDOWS\System32\fwpuclnt.dll

dbghelp: loaded successfully - version: 4.0.5 - missing functions: none
symbol engine: initialized successfully - sym options: 0x614 - pdb path: .;E:\JAVA\bin;C:\WINDOWS\SYSTEM32;C:\WINDOWS\WinSxS\amd64_microsoft.windows.common-controls_6595b64144ccf1df_6.0.26100.8521_none_3e08b75ce33403b3;E:\JAVA\bin\server;E:\gradle\native\c067742578af261105cb4f569cf0c3c89f3d7b1fecec35dd04571415982c5e48\windows-amd64;E:\gradle\native\100fb08df4bc3b14c8652ba06237920a3bd2aa13389f12d3474272988ae205f9\windows-amd64

VM Arguments:
jvm_args: --add-opens=java.base/java.lang=ALL-UNNAMED --add-opens=java.base/java.lang.invoke=ALL-UNNAMED --add-opens=java.base/java.util=ALL-UNNAMED --add-opens=java.prefs/java.util.prefs=ALL-UNNAMED --add-exports=jdk.compiler/com.sun.tools.javac.api=ALL-UNNAMED --add-exports=jdk.compiler/com.sun.tools.javac.util=ALL-UNNAMED --add-opens=java.base/java.util=ALL-UNNAMED --add-opens=java.prefs/java.util.prefs=ALL-UNNAMED --add-opens=java.base/java.nio.charset=ALL-UNNAMED --add-opens=java.base/java.net=ALL-UNNAMED --add-opens=java.base/java.util.concurrent.atomic=ALL-UNNAMED --add-opens=java.xml/javax.xml.namespace=ALL-UNNAMED -XX:MaxMetaspaceSize=256m -Xss256k -Xmx1024M -Dfile.encoding=windows-1252 -Duser.country=US -Duser.language=en -Duser.variant -javaagent:E:\gradle\wrapper\dists\gradle-8.11.1-all\2qik7nd48slq1ooc2496ixf4i\gradle-8.11.1\lib\agents\gradle-instrumentation-agent-8.11.1.jar 
java_command: org.gradle.launcher.daemon.bootstrap.GradleDaemon 8.11.1
java_class_path (initial): E:\gradle\wrapper\dists\gradle-8.11.1-all\2qik7nd48slq1ooc2496ixf4i\gradle-8.11.1\lib\gradle-daemon-main-8.11.1.jar
Launcher Type: SUN_STANDARD

[Global flags]
     intx CICompilerCount                          = 4                                         {product} {ergonomic}
   size_t CompressedClassSpaceSize                 = 218103808                                 {product} {ergonomic}
     uint ConcGCThreads                            = 2                                         {product} {ergonomic}
     uint G1ConcRefinementThreads                  = 8                                         {product} {ergonomic}
   size_t G1HeapRegionSize                         = 1048576                                   {product} {ergonomic}
    uintx GCDrainStackTargetSize                   = 64                                        {product} {ergonomic}
   size_t InitialHeapSize                          = 264241152                                 {product} {ergonomic}
   size_t MarkStackSize                            = 4194304                                   {product} {ergonomic}
   size_t MaxHeapSize                              = 1073741824                                {product} {command line}
   size_t MaxMetaspaceSize                         = 268435456                                 {product} {command line}
   size_t MaxNewSize                               = 643825664                                 {product} {ergonomic}
   size_t MinHeapDeltaBytes                        = 1048576                                   {product} {ergonomic}
   size_t MinHeapSize                              = 8388608                                   {product} {ergonomic}
    uintx NonNMethodCodeHeapSize                   = 5839372                                {pd product} {ergonomic}
    uintx NonProfiledCodeHeapSize                  = 122909434                              {pd product} {ergonomic}
    uintx ProfiledCodeHeapSize                     = 122909434                              {pd product} {ergonomic}
    uintx ReservedCodeCacheSize                    = 251658240                              {pd product} {ergonomic}
     bool SegmentedCodeCache                       = true                                      {product} {ergonomic}
   size_t SoftMaxHeapSize                          = 1073741824                             {manageable} {ergonomic}
     intx ThreadStackSize                          = 256                                    {pd product} {command line}
     bool UseCompressedClassPointers               = true                           {product lp64_product} {ergonomic}
     bool UseCompressedOops                        = true                           {product lp64_product} {ergonomic}
     bool UseG1GC                                  = true                                      {product} {ergonomic}
     bool UseLargePagesIndividualAllocation        = false                                  {pd product} {ergonomic}

Logging:
Log output configuration:
 #0: stdout all=warning uptime,level,tags
 #1: stderr all=off uptime,level,tags

Environment Variables:
JAVA_HOME=E:\JAVA
CLASSPATH=E:\voice_test\android\\gradle\wrapper\gradle-wrapper.jar
PATH=E:\JAVA\bin;C:\Program Files\Common Files\Oracle\Java\javapath;C:\WINDOWS\system32;C:\WINDOWS;C:\WINDOWS\System32\Wbem;C:\WINDOWS\System32\WindowsPowerShell\v1.0\;C:\WINDOWS\System32\OpenSSH\;C:\Program Files\Git\cmd;C:\Program Files\Microsoft SQL Server\170\Tools\Binn\;C:\Program Files\Microsoft SQL Server\Client SDK\ODBC\170\Tools\Binn\;C:\Program Files\Microsoft SQL Server\170\DTS\Binn\;C:\Program Files\dotnet\;D:\Basira\;C:\ProgramData\chocolatey\bin;E:\JAVA\bin;E:\DOWNLOAD\New folder (2)\bin;C:\Program Files\Common Files\Oracle\Java\javapath;C:\WINDOWS\system32;C:\WINDOWS;C:\WINDOWS\System32\Wbem;C:\WINDOWS\System32\WindowsPowerShell\v1.0\;C:\WINDOWS\System32\OpenSSH\;C:\Program Files\Git\cmd;C:\Program Files\Microsoft SQL Server\170\Tools\Binn\;C:\Program Files\Microsoft SQL Server\Client SDK\ODBC\170\Tools\Binn\;C:\Program Files\Microsoft SQL Server\170\DTS\Binn\;C:\Program Files\dotnet\;D:\Basira\;C:\ProgramData\chocolatey\bin;C:\WINDOWS\system32;C:\WINDOWS;C:\WINDOWS\System32\Wbem;C:\WINDOWS\System32\WindowsPowerShell\v1.0\;C:\WINDOWS\System32\OpenSSH\;C:\Program Files\Git\cmd;C:\Program Files\Microsoft SQL Server\170\Tools\Binn\;C:\Program Files\Microsoft SQL Server\Client SDK\ODBC\170\Tools\Binn\;C:\Program Files\Microsoft SQL Server\170\DTS\Binn\;C:\Program Files\dotnet\;D:\Basira\;C:\ProgramData\chocolatey\bin;C:\Users\DELL\AppData\Local\Programs\Python\Python310\Scripts\;C:\Users\DELL\AppData\Local\Programs\Python\Python310\;C:\Users\DELL\AppData\Local\Prog;D:\flutter\bin;D:\download\Antigravity\bin;c:\Users\DELL\.antigravity\extensions\ms-python.debugpy-2026.6.0-win32-x64\bundled\scripts\noConfigScripts;D:\flutter\bin\mingit\cmd
USERNAME=DELL
LANG=en_US.UTF-8
OS=Windows_NT
PROCESSOR_IDENTIFIER=Intel64 Family 6 Model 142 Stepping 12, GenuineIntel
TMP=C:\Users\DELL\AppData\Local\Temp
TEMP=C:\Users\DELL\AppData\Local\Temp



Periodic native trim disabled


---------------  S Y S T E M  ---------------

OS:
 Windows 11 , 64 bit Build 26100 (10.0.26100.8521)
OS uptime: 0 days 2:38 hours
Hyper-V role detected

CPU: total 8 (initial active 8) (4 cores per cpu, 2 threads per core) family 6 model 142 stepping 12 microcode 0xf8, cx8, cmov, fxsr, ht, mmx, 3dnowpref, sse, sse2, sse3, ssse3, sse4.1, sse4.2, popcnt, lzcnt, tsc, tscinvbit, avx, avx2, aes, erms, clmul, bmi1, bmi2, adx, fma, vzeroupper, clflush, clflushopt, hv
Processor Information for all 8 processors :
  Max Mhz: 2304, Current Mhz: 1803, Mhz Limit: 1797

Memory: 4k page, system-wide physical 16043M (2340M free)
TotalPageFile size 18563M (AvailPageFile size 99M)
current process WorkingSet (physical memory assigned to process): 630M, peak: 632M
current process commit charge ("private bytes"): 673M, peak: 834M

vm_info: OpenJDK 64-Bit Server VM (17.0.18+8) for windows-amd64 JRE (17.0.18+8), built on Jan 20 2026 22:28:22 by "admin" with MS VC++ 17.12 (VS2022)

END.
