#
# There is insufficient memory for the Java Runtime Environment to continue.
# Native memory allocation (malloc) failed to allocate 971936 bytes. Error detail: Chunk::new
# Possible reasons:
#   The system is out of physical RAM or swap space
#   This process is running with CompressedOops enabled, and the Java Heap may be blocking the growth of the native heap
# Possible solutions:
#   Reduce memory load on the system
#   Increase physical memory or swap space
#   Check if swap backing store is full
#   Decrease Java heap size (-Xmx/-Xms)
#   Decrease number of Java threads
#   Decrease Java thread stack sizes (-Xss)
#   Set larger code cache with -XX:ReservedCodeCacheSize=
#   JVM is running with Unscaled Compressed Oops mode in which the Java heap is
#     placed in the first 4GB address space. The Java Heap base address is the
#     maximum limit for the native heap growth. Please use -XX:HeapBaseMinAddress
#     to set the Java Heap base and to place the Java Heap above 4GB virtual address.
# This output file may be truncated or incomplete.
#
#  Out of Memory Error (arena.cpp:191), pid=9196, tid=15740
#
# JRE version: OpenJDK Runtime Environment Temurin-17.0.18+8 (17.0.18+8) (build 17.0.18+8)
# Java VM: OpenJDK 64-Bit Server VM Temurin-17.0.18+8 (17.0.18+8, mixed mode, sharing, tiered, compressed oops, compressed class ptrs, parallel gc, windows-amd64)
# No core dump will be written. Minidumps are not enabled by default on client versions of Windows
#

---------------  S U M M A R Y ------------

Command Line: --add-opens=java.base/java.lang=ALL-UNNAMED --add-opens=java.base/java.lang.invoke=ALL-UNNAMED --add-opens=java.base/java.util=ALL-UNNAMED --add-opens=java.prefs/java.util.prefs=ALL-UNNAMED --add-exports=jdk.compiler/com.sun.tools.javac.api=ALL-UNNAMED --add-exports=jdk.compiler/com.sun.tools.javac.util=ALL-UNNAMED --add-opens=java.base/java.util=ALL-UNNAMED --add-opens=java.prefs/java.util.prefs=ALL-UNNAMED --add-opens=java.base/java.nio.charset=ALL-UNNAMED --add-opens=java.base/java.net=ALL-UNNAMED --add-opens=java.base/java.util.concurrent.atomic=ALL-UNNAMED --add-opens=java.xml/javax.xml.namespace=ALL-UNNAMED -XX:MaxMetaspaceSize=256m -XX:+UseParallelGC -Xmx1536m -Dfile.encoding=UTF-8 -Duser.country=US -Duser.language=en -Duser.variant -javaagent:E:\gradle\wrapper\dists\gradle-8.11.1-all\2qik7nd48slq1ooc2496ixf4i\gradle-8.11.1\lib\agents\gradle-instrumentation-agent-8.11.1.jar org.gradle.launcher.daemon.bootstrap.GradleDaemon 8.11.1

Host: Intel(R) Core(TM) i7-10610U CPU @ 1.80GHz, 8 cores, 15G,  Windows 11 , 64 bit Build 26100 (10.0.26100.8521)
Time: Fri Jun 12 05:53:20 2026 Egypt Daylight Time elapsed time: 14.170673 seconds (0d 0h 0m 14s)

---------------  T H R E A D  ---------------

Current thread (0x000001bc79da0b80):  JavaThread "C2 CompilerThread0" daemon [_thread_in_native, id=15740, stack(0x0000004253b00000,0x0000004253c00000)]


Current CompileTask:
C2:14170 2283       4       jdk.internal.org.objectweb.asm.Frame::execute (2305 bytes)

Stack: [0x0000004253b00000,0x0000004253c00000]
Native frames: (J=compiled Java code, j=interpreted, Vv=VM code, C=native code)
V  [jvm.dll+0x6846f9]
V  [jvm.dll+0x839ea5]
V  [jvm.dll+0x83b91e]
V  [jvm.dll+0x83bfa3]
V  [jvm.dll+0x248eff]
V  [jvm.dll+0xad496]
V  [jvm.dll+0xadb3c]
V  [jvm.dll+0x2b05df]
V  [jvm.dll+0x58acf5]
V  [jvm.dll+0x222e84]
V  [jvm.dll+0x22327d]
V  [jvm.dll+0x21bfdb]
V  [jvm.dll+0x2190fe]
V  [jvm.dll+0x1a4920]
V  [jvm.dll+0x22989a]
V  [jvm.dll+0x227a4b]
V  [jvm.dll+0x7f0658]
V  [jvm.dll+0x7eaaec]
V  [jvm.dll+0x6835c7]
C  [ucrtbase.dll+0x2cd30]
C  [KERNEL32.DLL+0x2e957]
C  [ntdll.dll+0x87c1c]


---------------  P R O C E S S  ---------------

Threads class SMR info:
_java_thread_list=0x000001bc2c3c43a0, length=22, elements={
0x000001bc79cfedf0, 0x000001bc16cd22d0, 0x000001bc16cd3c30, 0x000001bc79d9a3f0,
0x000001bc79d9adc0, 0x000001bc79d9d6a0, 0x000001bc79d9df70, 0x000001bc79da0b80,
0x000001bc79da8fe0, 0x000001bc79daac00, 0x000001bc79d62320, 0x000001bc26dc9380,
0x000001bc2c86f500, 0x000001bc2bdce030, 0x000001bc2bec5e30, 0x000001bc26ced0f0,
0x000001bc2b84beb0, 0x000001bc2b84c3c0, 0x000001bc2b84cde0, 0x000001bc2b84c8d0,
0x000001bc2b84d2f0, 0x000001bc2b84ec40
}

Java Threads: ( => current thread )
  0x000001bc79cfedf0 JavaThread "main" [_thread_blocked, id=17928, stack(0x0000004253200000,0x0000004253300000)]
  0x000001bc16cd22d0 JavaThread "Reference Handler" daemon [_thread_blocked, id=14892, stack(0x0000004253500000,0x0000004253600000)]
  0x000001bc16cd3c30 JavaThread "Finalizer" daemon [_thread_blocked, id=916, stack(0x0000004253600000,0x0000004253700000)]
  0x000001bc79d9a3f0 JavaThread "Signal Dispatcher" daemon [_thread_blocked, id=1744, stack(0x0000004253700000,0x0000004253800000)]
  0x000001bc79d9adc0 JavaThread "Attach Listener" daemon [_thread_blocked, id=12732, stack(0x0000004253800000,0x0000004253900000)]
  0x000001bc79d9d6a0 JavaThread "Service Thread" daemon [_thread_blocked, id=11324, stack(0x0000004253900000,0x0000004253a00000)]
  0x000001bc79d9df70 JavaThread "Monitor Deflation Thread" daemon [_thread_blocked, id=6744, stack(0x0000004253a00000,0x0000004253b00000)]
=>0x000001bc79da0b80 JavaThread "C2 CompilerThread0" daemon [_thread_in_native, id=15740, stack(0x0000004253b00000,0x0000004253c00000)]
  0x000001bc79da8fe0 JavaThread "C1 CompilerThread0" daemon [_thread_blocked, id=5488, stack(0x0000004253c00000,0x0000004253d00000)]
  0x000001bc79daac00 JavaThread "Sweeper thread" daemon [_thread_blocked, id=17876, stack(0x0000004253d00000,0x0000004253e00000)]
  0x000001bc79d62320 JavaThread "Common-Cleaner" daemon [_thread_blocked, id=3656, stack(0x0000004253e00000,0x0000004253f00000)]
  0x000001bc26dc9380 JavaThread "Notification Thread" daemon [_thread_blocked, id=15336, stack(0x0000004253f00000,0x0000004254000000)]
  0x000001bc2c86f500 JavaThread "Daemon health stats" [_thread_blocked, id=14828, stack(0x0000004254500000,0x0000004254600000)]
  0x000001bc2bdce030 JavaThread "Incoming local TCP Connector on port 63117" [_thread_in_native, id=7968, stack(0x0000004254600000,0x0000004254700000)]
  0x000001bc2bec5e30 JavaThread "Daemon periodic checks" [_thread_blocked, id=7096, stack(0x0000004254700000,0x0000004254800000)]
  0x000001bc26ced0f0 JavaThread "Daemon" [_thread_blocked, id=1124, stack(0x0000004254800000,0x0000004254900000)]
  0x000001bc2b84beb0 JavaThread "Handler for socket connection from /127.0.0.1:63117 to /127.0.0.1:63118" [_thread_in_native, id=10876, stack(0x0000004254900000,0x0000004254a00000)]
  0x000001bc2b84c3c0 JavaThread "Cancel handler" [_thread_blocked, id=9088, stack(0x0000004254d00000,0x0000004254e00000)]
  0x000001bc2b84cde0 JavaThread "Daemon worker" [_thread_in_native, id=968, stack(0x0000004254e00000,0x0000004254f00000)]
  0x000001bc2b84c8d0 JavaThread "Asynchronous log dispatcher for DefaultDaemonConnection: socket connection from /127.0.0.1:63117 to /127.0.0.1:63118" [_thread_blocked, id=7088, stack(0x0000004254f00000,0x0000004255000000)]
  0x000001bc2b84d2f0 JavaThread "Stdin handler" [_thread_blocked, id=16308, stack(0x0000004255000000,0x0000004255100000)]
  0x000001bc2b84ec40 JavaThread "Daemon client event forwarder" [_thread_blocked, id=14512, stack(0x0000004255100000,0x0000004255200000)]

Other Threads:
  0x000001bc79d93790 VMThread "VM Thread" [stack: 0x0000004253400000,0x0000004253500000] [id=5912]
  0x000001bc26dca030 WatcherThread [stack: 0x0000004254000000,0x0000004254100000] [id=12380]
  0x000001bc79d16b40 GCTaskThread "GC Thread#0" [stack: 0x0000004253300000,0x0000004253400000] [id=7536]
  0x000001bc2c0d7ce0 GCTaskThread "GC Thread#1" [stack: 0x0000004254100000,0x0000004254200000] [id=16276]
  0x000001bc2bd06db0 GCTaskThread "GC Thread#2" [stack: 0x0000004254200000,0x0000004254300000] [id=13412]
  0x000001bc2bd07070 GCTaskThread "GC Thread#3" [stack: 0x0000004254300000,0x0000004254400000] [id=16416]
  0x000001bc2c0d5c90 GCTaskThread "GC Thread#4" [stack: 0x0000004254400000,0x0000004254500000] [id=2852]
  0x000001bc2bf857c0 GCTaskThread "GC Thread#5" [stack: 0x0000004254a00000,0x0000004254b00000] [id=13208]
  0x000001bc2bf85a80 GCTaskThread "GC Thread#6" [stack: 0x0000004254b00000,0x0000004254c00000] [id=7664]
  0x000001bc2bf85d40 GCTaskThread "GC Thread#7" [stack: 0x0000004254c00000,0x0000004254d00000] [id=11720]

Threads with active compile tasks:
C2 CompilerThread0  14221 2283       4       jdk.internal.org.objectweb.asm.Frame::execute (2305 bytes)

VM state: not at safepoint (normal execution)

VM Mutex/Monitor currently owned by a thread: None

Heap address: 0x00000000a0000000, size: 1536 MB, Compressed Oops mode: 32-bit

CDS archive(s) mapped at: [0x000001bc17000000-0x000001bc17bb0000-0x000001bc17bb0000), size 12255232, SharedBaseAddress: 0x000001bc17000000, ArchiveRelocationMode: 1.
Compressed class space mapped at: 0x000001bc18000000-0x000001bc25000000, reserved size: 218103808
Narrow klass base: 0x000001bc17000000, Narrow klass shift: 0, Narrow klass range: 0x100000000

GC Precious Log:
 CPUs: 8 total, 8 available
 Memory: 16043M
 Large Page Support: Disabled
 NUMA Support: Disabled
 Compressed Oops: Enabled (32-bit)
 Alignments: Space 512K, Generation 512K, Heap 2M
 Heap Min Capacity: 8M
 Heap Initial Capacity: 252M
 Heap Max Capacity: 1536M
 Pre-touch: Disabled
 Parallel Workers: 8

Heap:
 PSYoungGen      total 139776K, used 39537K [0x00000000e0000000, 0x00000000e9300000, 0x0000000100000000)
  eden space 129024K, 22% used [0x00000000e0000000,0x00000000e1c1cd10,0x00000000e7e00000)
  from space 10752K, 99% used [0x00000000e8880000,0x00000000e92ff9d8,0x00000000e9300000)
  to   space 10752K, 0% used [0x00000000e7e00000,0x00000000e7e00000,0x00000000e8880000)
 ParOldGen       total 172032K, used 7504K [0x00000000a0000000, 0x00000000aa800000, 0x00000000e0000000)
  object space 172032K, 4% used [0x00000000a0000000,0x00000000a0754098,0x00000000aa800000)
 Metaspace       used 13517K, committed 13888K, reserved 278528K
  class space    used 1859K, committed 2048K, reserved 212992K

Card table byte_map: [0x000001bc79690000,0x000001bc799a0000] _byte_map_base: 0x000001bc79190000

Marking Bits: (ParMarkBitMap*) 0x00007ff88b086980
 Begin Bits: [0x000001bc79db0000, 0x000001bc7b5b0000)
 End Bits:   [0x000001bc7b5b0000, 0x000001bc7cdb0000)

Polling page: 0x000001bc77ca0000

Metaspace:

Usage:
  Non-class:     11.38 MB used.
      Class:      1.82 MB used.
       Both:     13.20 MB used.

Virtual space:
  Non-class space:       64.00 MB reserved,      11.56 MB ( 18%) committed,  1 nodes.
      Class space:      208.00 MB reserved,       2.00 MB ( <1%) committed,  1 nodes.
             Both:      272.00 MB reserved,      13.56 MB (  5%) committed. 

Chunk freelists:
   Non-Class:  4.05 MB
       Class:  14.05 MB
        Both:  18.09 MB

MaxMetaspaceSize: 256.00 MB
CompressedClassSpaceSize: 208.00 MB
Initial GC threshold: 21.00 MB
Current GC threshold: 21.00 MB
CDS: on
MetaspaceReclaimPolicy: balanced
 - commit_granule_bytes: 65536.
 - commit_granule_words: 8192.
 - virtual_space_node_default_size: 8388608.
 - enlarge_chunks_in_place: 1.
 - new_chunks_are_fully_committed: 0.
 - uncommit_free_chunks: 1.
 - use_allocation_guard: 0.
 - handle_deallocations: 1.


Internal statistics:

num_allocs_failed_limit: 0.
num_arena_births: 168.
num_arena_deaths: 0.
num_vsnodes_births: 2.
num_vsnodes_deaths: 0.
num_space_committed: 217.
num_space_uncommitted: 0.
num_chunks_returned_to_freelist: 0.
num_chunks_taken_from_freelist: 567.
num_chunk_merges: 0.
num_chunk_splits: 391.
num_chunks_enlarged: 297.
num_inconsistent_stats: 0.

CodeHeap 'non-profiled nmethods': size=120000Kb used=1101Kb max_used=1101Kb free=118899Kb
 bounds [0x000001bc0f580000, 0x000001bc0f7f0000, 0x000001bc16ab0000]
CodeHeap 'profiled nmethods': size=120000Kb used=4604Kb max_used=4604Kb free=115395Kb
 bounds [0x000001bc07ab0000, 0x000001bc07f30000, 0x000001bc0efe0000]
CodeHeap 'non-nmethods': size=5760Kb used=1213Kb max_used=1237Kb free=4546Kb
 bounds [0x000001bc0efe0000, 0x000001bc0f250000, 0x000001bc0f580000]
 total_blobs=2854 nmethods=2333 adapters=435
 compilation: enabled
              stopped_count=0, restarted_count=0
 full_count=0

Compilation events (20 events):
Event: 14.104 Thread 0x000001bc79da8fe0 2325       3       sun.reflect.annotation.AnnotationInvocationHandler::<init> (71 bytes)
Event: 14.106 Thread 0x000001bc79da8fe0 nmethod 2325 0x000001bc07f1d790 code [0x000001bc07f1da20, 0x000001bc07f1e3d8]
Event: 14.106 Thread 0x000001bc79da8fe0 2326       3       org.gradle.internal.service.DefaultServiceRegistry$OwnServices::collectProvidersForClassHierarchy (129 bytes)
Event: 14.108 Thread 0x000001bc79da8fe0 nmethod 2326 0x000001bc07f1e790 code [0x000001bc07f1eae0, 0x000001bc07f1ff68]
Event: 14.108 Thread 0x000001bc79da8fe0 2324       3       org.gradle.internal.service.DefaultServiceMethodFactory::toServiceMethod (11 bytes)
Event: 14.108 Thread 0x000001bc79da8fe0 nmethod 2324 0x000001bc07f20610 code [0x000001bc07f207c0, 0x000001bc07f20988]
Event: 14.138 Thread 0x000001bc79da8fe0 2327       3       jdk.proxy1.$Proxy2::<init> (6 bytes)
Event: 14.138 Thread 0x000001bc79da8fe0 nmethod 2327 0x000001bc07f20a90 code [0x000001bc07f20c60, 0x000001bc07f20fa8]
Event: 14.138 Thread 0x000001bc79da8fe0 2328   !   3       jdk.proxy1.$Proxy2::annotationType (29 bytes)
Event: 14.139 Thread 0x000001bc79da8fe0 nmethod 2328 0x000001bc07f21110 code [0x000001bc07f212e0, 0x000001bc07f216d8]
Event: 14.139 Thread 0x000001bc79da8fe0 2329       3       org.gradle.internal.service.ReflectionBasedServiceMethod::<init> (16 bytes)
Event: 14.140 Thread 0x000001bc79da8fe0 nmethod 2329 0x000001bc07f21890 code [0x000001bc07f21ac0, 0x000001bc07f222f8]
Event: 14.140 Thread 0x000001bc79da8fe0 2331       3       jdk.internal.org.objectweb.asm.ClassWriter::toByteArray (1515 bytes)
Event: 14.154 Thread 0x000001bc79da8fe0 nmethod 2331 0x000001bc07f22610 code [0x000001bc07f22f40, 0x000001bc07f26b78]
Event: 14.154 Thread 0x000001bc79da8fe0 2334       3       sun.nio.fs.WindowsPathParser::normalize (233 bytes)
Event: 14.160 Thread 0x000001bc79da8fe0 nmethod 2334 0x000001bc07f28b10 code [0x000001bc07f290e0, 0x000001bc07f2bc28]
Event: 14.160 Thread 0x000001bc79da8fe0 2332       1       org.gradle.initialization.DefaultLegacyTypesSupport::getClassesToMixInGroovyObject (5 bytes)
Event: 14.161 Thread 0x000001bc79da8fe0 nmethod 2332 0x000001bc0f692510 code [0x000001bc0f6926a0, 0x000001bc0f692778]
Event: 14.161 Thread 0x000001bc79da8fe0 2333       1       org.gradle.initialization.DefaultLegacyTypesSupport::getSyntheticClasses (5 bytes)
Event: 14.161 Thread 0x000001bc79da8fe0 nmethod 2333 0x000001bc0f692810 code [0x000001bc0f6929a0, 0x000001bc0f692a78]

GC Heap History (4 events):
Event: 5.140 GC heap before
{Heap before GC invocations=1 (full 0):
 PSYoungGen      total 75264K, used 64512K [0x00000000e0000000, 0x00000000e5400000, 0x0000000100000000)
  eden space 64512K, 100% used [0x00000000e0000000,0x00000000e3f00000,0x00000000e3f00000)
  from space 10752K, 0% used [0x00000000e4980000,0x00000000e4980000,0x00000000e5400000)
  to   space 10752K, 0% used [0x00000000e3f00000,0x00000000e3f00000,0x00000000e4980000)
 ParOldGen       total 172032K, used 0K [0x00000000a0000000, 0x00000000aa800000, 0x00000000e0000000)
  object space 172032K, 0% used [0x00000000a0000000,0x00000000a0000000,0x00000000aa800000)
 Metaspace       used 4360K, committed 4544K, reserved 278528K
  class space    used 539K, committed 640K, reserved 212992K
}
Event: 5.307 GC heap after
{Heap after GC invocations=1 (full 0):
 PSYoungGen      total 75264K, used 10417K [0x00000000e0000000, 0x00000000e9300000, 0x0000000100000000)
  eden space 64512K, 0% used [0x00000000e0000000,0x00000000e0000000,0x00000000e3f00000)
  from space 10752K, 96% used [0x00000000e3f00000,0x00000000e492c478,0x00000000e4980000)
  to   space 10752K, 0% used [0x00000000e8880000,0x00000000e8880000,0x00000000e9300000)
 ParOldGen       total 172032K, used 8K [0x00000000a0000000, 0x00000000aa800000, 0x00000000e0000000)
  object space 172032K, 0% used [0x00000000a0000000,0x00000000a0002000,0x00000000aa800000)
 Metaspace       used 4360K, committed 4544K, reserved 278528K
  class space    used 539K, committed 640K, reserved 212992K
}
Event: 9.868 GC heap before
{Heap before GC invocations=2 (full 0):
 PSYoungGen      total 75264K, used 74929K [0x00000000e0000000, 0x00000000e9300000, 0x0000000100000000)
  eden space 64512K, 100% used [0x00000000e0000000,0x00000000e3f00000,0x00000000e3f00000)
  from space 10752K, 96% used [0x00000000e3f00000,0x00000000e492c478,0x00000000e4980000)
  to   space 10752K, 0% used [0x00000000e8880000,0x00000000e8880000,0x00000000e9300000)
 ParOldGen       total 172032K, used 8K [0x00000000a0000000, 0x00000000aa800000, 0x00000000e0000000)
  object space 172032K, 0% used [0x00000000a0000000,0x00000000a0002000,0x00000000aa800000)
 Metaspace       used 9844K, committed 10048K, reserved 278528K
  class space    used 1293K, committed 1408K, reserved 212992K
}
Event: 10.378 GC heap after
{Heap after GC invocations=2 (full 0):
 PSYoungGen      total 139776K, used 10750K [0x00000000e0000000, 0x00000000e9300000, 0x0000000100000000)
  eden space 129024K, 0% used [0x00000000e0000000,0x00000000e0000000,0x00000000e7e00000)
  from space 10752K, 99% used [0x00000000e8880000,0x00000000e92ff9d8,0x00000000e9300000)
  to   space 10752K, 0% used [0x00000000e7e00000,0x00000000e7e00000,0x00000000e8880000)
 ParOldGen       total 172032K, used 7504K [0x00000000a0000000, 0x00000000aa800000, 0x00000000e0000000)
  object space 172032K, 4% used [0x00000000a0000000,0x00000000a0754098,0x00000000aa800000)
 Metaspace       used 9844K, committed 10048K, reserved 278528K
  class space    used 1293K, committed 1408K, reserved 212992K
}

Dll operation events (15 events):
Event: 0.032 Loaded shared library E:\JAVA\bin\java.dll
Event: 0.103 Loaded shared library E:\JAVA\bin\jsvml.dll
Event: 0.414 Loaded shared library E:\JAVA\bin\zip.dll
Event: 0.418 Loaded shared library E:\JAVA\bin\instrument.dll
Event: 0.430 Loaded shared library E:\JAVA\bin\net.dll
Event: 0.433 Loaded shared library E:\JAVA\bin\nio.dll
Event: 0.438 Loaded shared library E:\JAVA\bin\zip.dll
Event: 1.573 Loaded shared library E:\JAVA\bin\jimage.dll
Event: 2.363 Loaded shared library E:\JAVA\bin\verify.dll
Event: 3.234 Loaded shared library E:\gradle\native\c067742578af261105cb4f569cf0c3c89f3d7b1fecec35dd04571415982c5e48\windows-amd64\native-platform.dll
Event: 3.539 Loaded shared library E:\gradle\native\100fb08df4bc3b14c8652ba06237920a3bd2aa13389f12d3474272988ae205f9\windows-amd64\native-platform-file-events.dll
Event: 7.024 Loaded shared library E:\JAVA\bin\management.dll
Event: 7.028 Loaded shared library E:\JAVA\bin\management_ext.dll
Event: 8.387 Loaded shared library E:\JAVA\bin\extnet.dll
Event: 9.649 Loaded shared library E:\JAVA\bin\sunmscapi.dll

Deoptimization events (20 events):
Event: 10.565 Thread 0x000001bc2b84cde0 Uncommon trap: trap_request=0xffffff6e fr.pc=0x000001bc0f627330 relative=0x0000000000000390
Event: 10.565 Thread 0x000001bc2b84cde0 Uncommon trap: reason=loop_limit_check action=maybe_recompile pc=0x000001bc0f627330 method=java.lang.StringLatin1.indexOf([BI[BII)I @ 37 c2
Event: 10.565 Thread 0x000001bc2b84cde0 DEOPT PACKING pc=0x000001bc0f627330 sp=0x0000004254efef60
Event: 10.565 Thread 0x000001bc2b84cde0 DEOPT UNPACKING pc=0x000001bc0f0366a3 sp=0x0000004254efeec0 mode 2
Event: 10.686 Thread 0x000001bc2b84cde0 Uncommon trap: trap_request=0xffffff45 fr.pc=0x000001bc0f640fc4 relative=0x00000000000001a4
Event: 10.686 Thread 0x000001bc2b84cde0 Uncommon trap: reason=unstable_if action=reinterpret pc=0x000001bc0f640fc4 method=java.util.WeakHashMap.expungeStaleEntries()V @ 9 c2
Event: 10.686 Thread 0x000001bc2b84cde0 DEOPT PACKING pc=0x000001bc0f640fc4 sp=0x0000004254ef8f10
Event: 10.686 Thread 0x000001bc2b84cde0 DEOPT UNPACKING pc=0x000001bc0f0366a3 sp=0x0000004254ef8ea8 mode 2
Event: 11.819 Thread 0x000001bc2b84cde0 Uncommon trap: trap_request=0xffffff45 fr.pc=0x000001bc0f65fd10 relative=0x0000000000000410
Event: 11.819 Thread 0x000001bc2b84cde0 Uncommon trap: reason=unstable_if action=reinterpret pc=0x000001bc0f65fd10 method=java.util.HashMap.getNode(Ljava/lang/Object;)Ljava/util/HashMap$Node; @ 66 c2
Event: 11.819 Thread 0x000001bc2b84cde0 DEOPT PACKING pc=0x000001bc0f65fd10 sp=0x0000004254efc340
Event: 11.819 Thread 0x000001bc2b84cde0 DEOPT UNPACKING pc=0x000001bc0f0366a3 sp=0x0000004254efc290 mode 2
Event: 11.819 Thread 0x000001bc2b84cde0 Uncommon trap: trap_request=0xffffff45 fr.pc=0x000001bc0f5be4a4 relative=0x00000000000003e4
Event: 11.819 Thread 0x000001bc2b84cde0 Uncommon trap: reason=unstable_if action=reinterpret pc=0x000001bc0f5be4a4 method=java.util.HashMap.getNode(Ljava/lang/Object;)Ljava/util/HashMap$Node; @ 66 c2
Event: 11.819 Thread 0x000001bc2b84cde0 DEOPT PACKING pc=0x000001bc0f5be4a4 sp=0x0000004254efc300
Event: 11.819 Thread 0x000001bc2b84cde0 DEOPT UNPACKING pc=0x000001bc0f0366a3 sp=0x0000004254efc290 mode 2
Event: 11.973 Thread 0x000001bc2b84cde0 Uncommon trap: trap_request=0xffffff45 fr.pc=0x000001bc0f63a890 relative=0x0000000000000270
Event: 11.973 Thread 0x000001bc2b84cde0 Uncommon trap: reason=unstable_if action=reinterpret pc=0x000001bc0f63a890 method=java.util.concurrent.ConcurrentHashMap.get(Ljava/lang/Object;)Ljava/lang/Object; @ 76 c2
Event: 11.973 Thread 0x000001bc2b84cde0 DEOPT PACKING pc=0x000001bc0f63a890 sp=0x0000004254efb7e0
Event: 11.973 Thread 0x000001bc2b84cde0 DEOPT UNPACKING pc=0x000001bc0f0366a3 sp=0x0000004254efb748 mode 2

Classes loaded (20 events):
Event: 11.971 Loading class jdk/internal/vm/annotation/IntrinsicCandidate
Event: 11.972 Loading class jdk/internal/vm/annotation/IntrinsicCandidate done
Event: 11.980 Loading class java/util/stream/MatchOps$MatchKind
Event: 11.981 Loading class java/util/stream/MatchOps$MatchKind done
Event: 11.981 Loading class java/util/stream/MatchOps
Event: 11.981 Loading class java/util/stream/MatchOps done
Event: 11.981 Loading class java/util/stream/MatchOps$MatchOp
Event: 11.981 Loading class java/util/stream/MatchOps$MatchOp done
Event: 11.981 Loading class java/util/stream/MatchOps$BooleanTerminalSink
Event: 11.981 Loading class java/util/stream/MatchOps$BooleanTerminalSink done
Event: 11.982 Loading class java/util/stream/MatchOps$1MatchSink
Event: 11.982 Loading class java/util/stream/MatchOps$1MatchSink done
Event: 12.392 Loading class java/lang/TypeNotPresentException
Event: 12.398 Loading class java/lang/TypeNotPresentException done
Event: 12.908 Loading class java/lang/invoke/MethodHandle$1
Event: 12.908 Loading class java/lang/invoke/MethodHandle$1 done
Event: 13.189 Loading class java/util/ConcurrentModificationException
Event: 13.189 Loading class java/util/ConcurrentModificationException done
Event: 13.642 Loading class sun/reflect/generics/scope/ConstructorScope
Event: 13.649 Loading class sun/reflect/generics/scope/ConstructorScope done

Classes unloaded (0 events):
No events

Classes redefined (0 events):
No events

Internal exceptions (20 events):
Event: 3.681 Thread 0x000001bc79cfedf0 Exception <a 'java/lang/NoSuchMethodError'{0x00000000e246b7c8}: 'int java.lang.invoke.DirectMethodHandle$Holder.invokeStatic(java.lang.Object)'> (0x00000000e246b7c8) 
thrown [s\src\hotspot\share\interpreter\linkResolver.cpp, line 759]
Event: 3.682 Thread 0x000001bc79cfedf0 Exception <a 'java/lang/NoSuchMethodError'{0x00000000e246ec78}: 'int java.lang.invoke.DirectMethodHandle$Holder.invokeStaticInit(java.lang.Object)'> (0x00000000e246ec78) 
thrown [s\src\hotspot\share\interpreter\linkResolver.cpp, line 759]
Event: 4.586 Thread 0x000001bc79cfedf0 Exception <a 'java/lang/NoSuchMethodError'{0x00000000e2d48bb8}: 'void java.lang.invoke.DirectMethodHandle$Holder.invokeInterface(java.lang.Object, java.lang.Object, java.lang.Object)'> (0x00000000e2d48bb8) 
thrown [s\src\hotspot\share\interpreter\linkResolver.cpp, line 759]
Event: 7.021 Thread 0x000001bc79cfedf0 Exception <a 'java/lang/NoSuchMethodError'{0x00000000e30aa3a0}: 'java.lang.Object java.lang.invoke.DirectMethodHandle$Holder.invokeStaticInit(java.lang.Object)'> (0x00000000e30aa3a0) 
thrown [s\src\hotspot\share\interpreter\linkResolver.cpp, line 759]
Event: 7.115 Thread 0x000001bc79cfedf0 Exception <a 'java/lang/NoSuchMethodError'{0x00000000e3132ef0}: 'java.lang.Object java.lang.invoke.DirectMethodHandle$Holder.invokeInterface(java.lang.Object, java.lang.Object)'> (0x00000000e3132ef0) 
thrown [s\src\hotspot\share\interpreter\linkResolver.cpp, line 759]
Event: 7.532 Thread 0x000001bc79cfedf0 Exception <a 'java/lang/NoSuchMethodError'{0x00000000e3704120}: 'java.lang.Object java.lang.invoke.DirectMethodHandle$Holder.invokeStaticInit(java.lang.Object, int, int, int, int)'> (0x00000000e3704120) 
thrown [s\src\hotspot\share\interpreter\linkResolver.cpp, line 759]
Event: 8.328 Thread 0x000001bc79cfedf0 Exception <a 'java/lang/NoSuchMethodError'{0x00000000e377c828}: 'java.lang.Object java.lang.invoke.DirectMethodHandle$Holder.invokeStaticInit(java.lang.Object, java.lang.Object, int, int, int, int)'> (0x00000000e377c828) 
thrown [s\src\hotspot\share\interpreter\linkResolver.cpp, line 759]
Event: 9.528 Thread 0x000001bc79cfedf0 Exception <a 'java/lang/NoSuchMethodError'{0x00000000e3a35e18}: 'void java.lang.invoke.DirectMethodHandle$Holder.invokeStatic(java.lang.Object, java.lang.Object, java.lang.Object)'> (0x00000000e3a35e18) 
thrown [s\src\hotspot\share\interpreter\linkResolver.cpp, line 759]
Event: 9.597 Thread 0x000001bc79cfedf0 Exception <a 'java/io/IOException'{0x00000000e3b46820}> (0x00000000e3b46820) 
thrown [s\src\hotspot\share\prims\jni.cpp, line 516]
Event: 9.603 Thread 0x000001bc79cfedf0 Implicit null exception at 0x000001bc0f5edad5 to 0x000001bc0f5edff4
Event: 9.613 Thread 0x000001bc79cfedf0 Exception <a 'java/lang/NoSuchMethodError'{0x00000000e3ba5d30}: 'java.lang.Object java.lang.invoke.DirectMethodHandle$Holder.newInvokeSpecial(java.lang.Object, java.lang.Object, java.lang.Object, java.lang.Object, java.lang.Object)'> (0x00000000e3ba5d30) 
thrown [s\src\hotspot\share\interpreter\linkResolver.cpp, line 759]
Event: 10.500 Thread 0x000001bc26ced0f0 Exception <a 'java/lang/NoSuchMethodError'{0x00000000e04413a0}: 'void java.lang.invoke.DirectMethodHandle$Holder.invokeSpecial(java.lang.Object, java.lang.Object, java.lang.Object)'> (0x00000000e04413a0) 
thrown [s\src\hotspot\share\interpreter\linkResolver.cpp, line 759]
Event: 10.748 Thread 0x000001bc2b84cde0 Exception <a 'java/lang/NoSuchMethodError'{0x00000000e0be8618}: 'long java.lang.invoke.DirectMethodHandle$Holder.invokeInterface(java.lang.Object, java.lang.Object)'> (0x00000000e0be8618) 
thrown [s\src\hotspot\share\interpreter\linkResolver.cpp, line 759]
Event: 11.266 Thread 0x000001bc2b84cde0 Exception <a 'java/lang/NoSuchMethodError'{0x00000000e104e848}: 'void java.lang.invoke.DirectMethodHandle$Holder.invokeStatic(java.lang.Object, java.lang.Object)'> (0x00000000e104e848) 
thrown [s\src\hotspot\share\interpreter\linkResolver.cpp, line 759]
Event: 12.103 Thread 0x000001bc2b84cde0 Exception <a 'java/lang/NoSuchMethodError'{0x00000000e12655b8}: 'int java.lang.invoke.DirectMethodHandle$Holder.invokeVirtual(java.lang.Object, java.lang.Object, java.lang.Object)'> (0x00000000e12655b8) 
thrown [s\src\hotspot\share\interpreter\linkResolver.cpp, line 759]
Event: 12.899 Thread 0x000001bc2b84cde0 Exception <a 'java/lang/NoSuchMethodError'{0x00000000e14eb068}: 'java.lang.Object java.lang.invoke.DirectMethodHandle$Holder.newInvokeSpecial(java.lang.Object, java.lang.Object, java.lang.Object, java.lang.Object, java.lang.Object, java.lang.Object)'> (0x00000000e14eb068) 
thrown [s\src\hotspot\share\interpreter\linkResolver.cpp, line 759]
Event: 13.871 Thread 0x000001bc2b84cde0 Exception <a 'java/lang/NoSuchMethodError'{0x00000000e17e6648}: 'void java.lang.invoke.DelegatingMethodHandle$Holder.reinvoke_L(java.lang.Object, java.lang.Object, java.lang.Object, java.lang.Object, java.lang.Object, java.lang.Object, java.lang.Object, java.lang.Object, java.lang.Object, java.lang.Object)'> (0x00000000e17e6648) 
thrown [s\src\hotspot\share\interpreter\linkResolver.cpp, line 759]
Event: 13.873 Thread 0x000001bc2b84cde0 Exception <a 'java/lang/NoSuchMethodError'{0x00000000e17f1be8}: 'java.lang.Object java.lang.invoke.DirectMethodHandle$Holder.invokeSpecial(java.lang.Object, java.lang.Object, java.lang.Object, java.lang.Object, java.lang.Object, java.lang.Object, java.lang.Object, java.lang.Object, java.lang.Object, java.lang.Object)'> (0x00000000e17f1be8) 
thrown [s\src\hotspot\share\interpreter\linkResolver.cpp, line 759]
Event: 13.874 Thread 0x000001bc2b84cde0 Exception <a 'java/lang/NoSuchMethodError'{0x00000000e17f64b8}: 'java.lang.Object java.lang.invoke.Invokers$Holder.invoker(java.lang.Object, java.lang.Object, java.lang.Object, java.lang.Object, java.lang.Object, java.lang.Object, java.lang.Object, java.lang.Object, java.lang.Object, java.lang.Object)'> (0x00000000e17f64b8) 
thrown [s\src\hotspot\share\interpreter\linkResolver.cpp, line 759]
Event: 13.874 Thread 0x000001bc2b84cde0 Exception <a 'java/lang/NoSuchMethodError'{0x00000000e17fc0c0}: 'java.lang.Object java.lang.invoke.DirectMethodHandle$Holder.invokeSpecial(java.lang.Object, java.lang.Object, java.lang.Object, java.lang.Object, java.lang.Object, java.lang.Object, java.lang.Object, java.lang.Object, java.lang.Object, java.lang.Object, java.lang.Object)'> (0x00000000e17fc0c0) 
thrown [s\src\hotspot\share\interpreter\linkResolver.cpp, line 759]

VM Operations (20 events):
Event: 7.494 Executing VM operation: Cleanup
Event: 7.494 Executing VM operation: Cleanup done
Event: 7.567 Executing VM operation: HandshakeAllThreads
Event: 7.567 Executing VM operation: HandshakeAllThreads done
Event: 8.319 Executing VM operation: HandshakeAllThreads
Event: 8.319 Executing VM operation: HandshakeAllThreads done
Event: 9.325 Executing VM operation: Cleanup
Event: 9.325 Executing VM operation: Cleanup done
Event: 9.523 Executing VM operation: HandshakeAllThreads
Event: 9.523 Executing VM operation: HandshakeAllThreads done
Event: 9.658 Executing VM operation: HandshakeAllThreads
Event: 9.658 Executing VM operation: HandshakeAllThreads done
Event: 9.868 Executing VM operation: ParallelGCFailedAllocation
Event: 10.378 Executing VM operation: ParallelGCFailedAllocation done
Event: 11.384 Executing VM operation: Cleanup
Event: 11.516 Executing VM operation: Cleanup done
Event: 12.516 Executing VM operation: Cleanup
Event: 12.562 Executing VM operation: Cleanup done
Event: 13.571 Executing VM operation: Cleanup
Event: 13.605 Executing VM operation: Cleanup done

Memory protections (0 events):
No events

Nmethod flushes (0 events):
No events

Events (20 events):
Event: 1.888 Thread 0x000001bc79da8fe0 Thread added: 0x000001bc26fc3740
Event: 2.291 Thread 0x000001bc26fc3740 Thread exited: 0x000001bc26fc3740
Event: 2.483 Thread 0x000001bc79da0b80 Thread added: 0x000001bc2b7f40f0
Event: 4.072 Thread 0x000001bc2b7f40f0 Thread exited: 0x000001bc2b7f40f0
Event: 4.142 Thread 0x000001bc79da8fe0 Thread added: 0x000001bc2c7b35e0
Event: 4.169 Thread 0x000001bc79da8fe0 Thread added: 0x000001bc2bd0dde0
Event: 4.663 Thread 0x000001bc2bd0dde0 Thread exited: 0x000001bc2bd0dde0
Event: 4.663 Thread 0x000001bc2c7b35e0 Thread exited: 0x000001bc2c7b35e0
Event: 5.416 Thread 0x000001bc79da0b80 Thread added: 0x000001bc2bab5ec0
Event: 5.668 Thread 0x000001bc2bab5ec0 Thread exited: 0x000001bc2bab5ec0
Event: 7.181 Thread 0x000001bc79cfedf0 Thread added: 0x000001bc2c86f500
Event: 9.442 Thread 0x000001bc79cfedf0 Thread added: 0x000001bc2bdce030
Event: 9.633 Thread 0x000001bc79cfedf0 Thread added: 0x000001bc2bec5e30
Event: 9.860 Thread 0x000001bc2bdce030 Thread added: 0x000001bc26ced0f0
Event: 9.868 Thread 0x000001bc26ced0f0 Thread added: 0x000001bc2b84beb0
Event: 10.475 Thread 0x000001bc26ced0f0 Thread added: 0x000001bc2b84c3c0
Event: 10.502 Thread 0x000001bc26ced0f0 Thread added: 0x000001bc2b84cde0
Event: 10.597 Thread 0x000001bc2b84cde0 Thread added: 0x000001bc2b84c8d0
Event: 10.604 Thread 0x000001bc2b84cde0 Thread added: 0x000001bc2b84d2f0
Event: 10.610 Thread 0x000001bc2b84cde0 Thread added: 0x000001bc2b84ec40


Dynamic libraries:
0x00007ff7ceb00000 - 0x00007ff7ceb0e000 	E:\JAVA\bin\java.exe
0x00007ff93c640000 - 0x00007ff93c8a6000 	C:\WINDOWS\SYSTEM32\ntdll.dll
0x00007ff93b7f0000 - 0x00007ff93b8b9000 	C:\WINDOWS\System32\KERNEL32.DLL
0x00007ff939f00000 - 0x00007ff93a2fa000 	C:\WINDOWS\System32\KERNELBASE.dll
0x00007ff939db0000 - 0x00007ff939efc000 	C:\WINDOWS\System32\ucrtbase.dll
0x00007ff905c50000 - 0x00007ff905c68000 	E:\JAVA\bin\jli.dll
0x00007ff905c70000 - 0x00007ff905c8e000 	E:\JAVA\bin\VCRUNTIME140.dll
0x00007ff93acb0000 - 0x00007ff93ae77000 	C:\WINDOWS\System32\USER32.dll
0x00007ff9398d0000 - 0x00007ff9398f7000 	C:\WINDOWS\System32\win32u.dll
0x00007ff924e00000 - 0x00007ff925092000 	C:\WINDOWS\WinSxS\amd64_microsoft.windows.common-controls_6595b64144ccf1df_6.0.26100.8521_none_3e08b75ce33403b3\COMCTL32.dll
0x00007ff93a420000 - 0x00007ff93a4c9000 	C:\WINDOWS\System32\msvcrt.dll
0x00007ff93b7c0000 - 0x00007ff93b7eb000 	C:\WINDOWS\System32\GDI32.dll
0x00007ff939bf0000 - 0x00007ff939d1b000 	C:\WINDOWS\System32\gdi32full.dll
0x00007ff93a300000 - 0x00007ff93a3a3000 	C:\WINDOWS\System32\msvcp_win.dll
0x00007ff93bba0000 - 0x00007ff93bbd2000 	C:\WINDOWS\System32\IMM32.DLL
0x00007ff9265d0000 - 0x00007ff9265dc000 	E:\JAVA\bin\vcruntime140_1.dll
0x00007ff9022f0000 - 0x00007ff90237d000 	E:\JAVA\bin\msvcp140.dll
0x00007ff88a4e0000 - 0x00007ff88b14b000 	E:\JAVA\bin\server\jvm.dll
0x00007ff93a760000 - 0x00007ff93a816000 	C:\WINDOWS\System32\ADVAPI32.dll
0x00007ff93b0a0000 - 0x00007ff93b14a000 	C:\WINDOWS\System32\sechost.dll
0x00007ff93bbe0000 - 0x00007ff93bcf8000 	C:\WINDOWS\System32\RPCRT4.dll
0x00007ff93b000000 - 0x00007ff93b080000 	C:\WINDOWS\System32\WS2_32.dll
0x00007ff939730000 - 0x00007ff93978e000 	C:\WINDOWS\SYSTEM32\POWRPROF.dll
0x00007ff9250a0000 - 0x00007ff9250d6000 	C:\WINDOWS\SYSTEM32\WINMM.dll
0x00007ff92b110000 - 0x00007ff92b11b000 	C:\WINDOWS\SYSTEM32\VERSION.dll
0x00007ff939710000 - 0x00007ff939724000 	C:\WINDOWS\SYSTEM32\UMPDC.dll
0x00007ff938620000 - 0x00007ff93863b000 	C:\WINDOWS\SYSTEM32\kernel.appcore.dll
0x00007ff916750000 - 0x00007ff91675a000 	E:\JAVA\bin\jimage.dll
0x00007ff937060000 - 0x00007ff9372a2000 	C:\WINDOWS\SYSTEM32\DBGHELP.DLL
0x00007ff93b230000 - 0x00007ff93b5b3000 	C:\WINDOWS\System32\combase.dll
0x00007ff93b150000 - 0x00007ff93b229000 	C:\WINDOWS\System32\OLEAUT32.dll
0x00007ff912d00000 - 0x00007ff912d3b000 	C:\WINDOWS\SYSTEM32\dbgcore.DLL
0x00007ff939900000 - 0x00007ff9399a8000 	C:\WINDOWS\System32\bcryptPrimitives.dll
0x00007ff907a00000 - 0x00007ff907a0e000 	E:\JAVA\bin\instrument.dll
0x00007ff905ce0000 - 0x00007ff905d05000 	E:\JAVA\bin\java.dll
0x00007ff902480000 - 0x00007ff902557000 	E:\JAVA\bin\jsvml.dll
0x00007ff93be00000 - 0x00007ff93c584000 	C:\WINDOWS\System32\SHELL32.dll
0x00007ff937440000 - 0x00007ff937cc0000 	C:\WINDOWS\SYSTEM32\windows.storage.dll
0x00007ff93bd00000 - 0x00007ff93bdf6000 	C:\WINDOWS\System32\SHCORE.dll
0x00007ff93c590000 - 0x00007ff93c5f7000 	C:\WINDOWS\System32\shlwapi.dll
0x00007ff9397f0000 - 0x00007ff939819000 	C:\WINDOWS\SYSTEM32\profapi.dll
0x00007ff905ca0000 - 0x00007ff905cb8000 	E:\JAVA\bin\zip.dll
0x00007ff906e70000 - 0x00007ff906e8a000 	E:\JAVA\bin\net.dll
0x00007ff92bab0000 - 0x00007ff92bbd9000 	C:\WINDOWS\SYSTEM32\WINHTTP.dll
0x00007ff938b70000 - 0x00007ff938bdc000 	C:\WINDOWS\system32\mswsock.dll
0x00007ff905cc0000 - 0x00007ff905cd6000 	E:\JAVA\bin\nio.dll
0x00007ff905c40000 - 0x00007ff905c50000 	E:\JAVA\bin\verify.dll
0x00007ff9103f0000 - 0x00007ff910417000 	E:\gradle\native\c067742578af261105cb4f569cf0c3c89f3d7b1fecec35dd04571415982c5e48\windows-amd64\native-platform.dll
0x00007ff8d0560000 - 0x00007ff8d06a4000 	E:\gradle\native\100fb08df4bc3b14c8652ba06237920a3bd2aa13389f12d3474272988ae205f9\windows-amd64\native-platform-file-events.dll
0x00007ff925ca0000 - 0x00007ff925caa000 	E:\JAVA\bin\management.dll
0x00007ff925c90000 - 0x00007ff925c9c000 	E:\JAVA\bin\management_ext.dll
0x00007ff93b090000 - 0x00007ff93b098000 	C:\WINDOWS\System32\PSAPI.DLL
0x00007ff938f70000 - 0x00007ff938f8b000 	C:\WINDOWS\SYSTEM32\CRYPTSP.dll
0x00007ff938580000 - 0x00007ff9385b9000 	C:\WINDOWS\system32\rsaenh.dll
0x00007ff938c20000 - 0x00007ff938c53000 	C:\WINDOWS\SYSTEM32\USERENV.dll
0x00007ff9397c0000 - 0x00007ff9397ea000 	C:\WINDOWS\SYSTEM32\bcrypt.dll
0x00007ff938dd0000 - 0x00007ff938ddc000 	C:\WINDOWS\SYSTEM32\CRYPTBASE.dll
0x00007ff937ff0000 - 0x00007ff938023000 	C:\WINDOWS\SYSTEM32\IPHLPAPI.DLL
0x00007ff93baa0000 - 0x00007ff93baaa000 	C:\WINDOWS\System32\NSI.dll
0x00007ff9304c0000 - 0x00007ff9304dd000 	C:\WINDOWS\SYSTEM32\dhcpcsvc6.DLL
0x00007ff930490000 - 0x00007ff9304b5000 	C:\WINDOWS\SYSTEM32\dhcpcsvc.DLL
0x00007ff938080000 - 0x00007ff9381ca000 	C:\WINDOWS\SYSTEM32\DNSAPI.dll
0x00007ff9389b0000 - 0x00007ff9389bd000 	C:\WINDOWS\SYSTEM32\DSPARSE.dll
0x00007ff905c90000 - 0x00007ff905c99000 	E:\JAVA\bin\extnet.dll
0x00007ff907950000 - 0x00007ff90795e000 	E:\JAVA\bin\sunmscapi.dll
0x00007ff939a70000 - 0x00007ff939be8000 	C:\WINDOWS\System32\CRYPT32.dll
0x00007ff9390d0000 - 0x00007ff939100000 	C:\WINDOWS\SYSTEM32\ncrypt.dll
0x00007ff939080000 - 0x00007ff9390bf000 	C:\WINDOWS\SYSTEM32\NTASN1.dll
0x00007ff8dd7c0000 - 0x00007ff8dd7c8000 	C:\WINDOWS\system32\wshunix.dll

dbghelp: loaded successfully - version: 4.0.5 - missing functions: none
symbol engine: initialized successfully - sym options: 0x614 - pdb path: .;E:\JAVA\bin;C:\WINDOWS\SYSTEM32;C:\WINDOWS\WinSxS\amd64_microsoft.windows.common-controls_6595b64144ccf1df_6.0.26100.8521_none_3e08b75ce33403b3;E:\JAVA\bin\server;E:\gradle\native\c067742578af261105cb4f569cf0c3c89f3d7b1fecec35dd04571415982c5e48\windows-amd64;E:\gradle\native\100fb08df4bc3b14c8652ba06237920a3bd2aa13389f12d3474272988ae205f9\windows-amd64

VM Arguments:
jvm_args: --add-opens=java.base/java.lang=ALL-UNNAMED --add-opens=java.base/java.lang.invoke=ALL-UNNAMED --add-opens=java.base/java.util=ALL-UNNAMED --add-opens=java.prefs/java.util.prefs=ALL-UNNAMED --add-exports=jdk.compiler/com.sun.tools.javac.api=ALL-UNNAMED --add-exports=jdk.compiler/com.sun.tools.javac.util=ALL-UNNAMED --add-opens=java.base/java.util=ALL-UNNAMED --add-opens=java.prefs/java.util.prefs=ALL-UNNAMED --add-opens=java.base/java.nio.charset=ALL-UNNAMED --add-opens=java.base/java.net=ALL-UNNAMED --add-opens=java.base/java.util.concurrent.atomic=ALL-UNNAMED --add-opens=java.xml/javax.xml.namespace=ALL-UNNAMED -XX:MaxMetaspaceSize=256m -XX:+UseParallelGC -Xmx1536m -Dfile.encoding=UTF-8 -Duser.country=US -Duser.language=en -Duser.variant -javaagent:E:\gradle\wrapper\dists\gradle-8.11.1-all\2qik7nd48slq1ooc2496ixf4i\gradle-8.11.1\lib\agents\gradle-instrumentation-agent-8.11.1.jar 
java_command: org.gradle.launcher.daemon.bootstrap.GradleDaemon 8.11.1
java_class_path (initial): E:\gradle\wrapper\dists\gradle-8.11.1-all\2qik7nd48slq1ooc2496ixf4i\gradle-8.11.1\lib\gradle-daemon-main-8.11.1.jar
Launcher Type: SUN_STANDARD

[Global flags]
     intx CICompilerCount                          = 4                                         {product} {ergonomic}
   size_t CompressedClassSpaceSize                 = 218103808                                 {product} {ergonomic}
   size_t InitialHeapSize                          = 264241152                                 {product} {ergonomic}
   size_t MaxHeapSize                              = 1610612736                                {product} {command line}
   size_t MaxMetaspaceSize                         = 268435456                                 {product} {command line}
   size_t MaxNewSize                               = 536870912                                 {product} {ergonomic}
   size_t MinHeapDeltaBytes                        = 524288                                    {product} {ergonomic}
   size_t MinHeapSize                              = 8388608                                   {product} {ergonomic}
   size_t NewSize                                  = 88080384                                  {product} {ergonomic}
    uintx NonNMethodCodeHeapSize                   = 5839372                                {pd product} {ergonomic}
    uintx NonProfiledCodeHeapSize                  = 122909434                              {pd product} {ergonomic}
   size_t OldSize                                  = 176160768                                 {product} {ergonomic}
    uintx ProfiledCodeHeapSize                     = 122909434                              {pd product} {ergonomic}
    uintx ReservedCodeCacheSize                    = 251658240                              {pd product} {ergonomic}
     bool SegmentedCodeCache                       = true                                      {product} {ergonomic}
   size_t SoftMaxHeapSize                          = 1610612736                             {manageable} {ergonomic}
     bool UseCompressedClassPointers               = true                           {product lp64_product} {ergonomic}
     bool UseCompressedOops                        = true                           {product lp64_product} {ergonomic}
     bool UseLargePagesIndividualAllocation        = false                                  {pd product} {ergonomic}
     bool UseParallelGC                            = true                                      {product} {command line}

Logging:
Log output configuration:
 #0: stdout all=warning uptime,level,tags
 #1: stderr all=off uptime,level,tags

Environment Variables:
JAVA_HOME=E:\JAVA
CLASSPATH=E:\voice_test\android\\gradle\wrapper\gradle-wrapper.jar
PATH=E:\JAVA\bin;C:\Program Files\Common Files\Oracle\Java\javapath;C:\WINDOWS\system32;C:\WINDOWS;C:\WINDOWS\System32\Wbem;C:\WINDOWS\System32\WindowsPowerShell\v1.0\;C:\WINDOWS\System32\OpenSSH\;C:\Program Files\Git\cmd;C:\Program Files\Microsoft SQL Server\170\Tools\Binn\;C:\Program Files\Microsoft SQL Server\Client SDK\ODBC\170\Tools\Binn\;C:\Program Files\Microsoft SQL Server\170\DTS\Binn\;C:\Program Files\dotnet\;D:\Basira\;C:\ProgramData\chocolatey\bin;E:\JAVA\bin;E:\DOWNLOAD\New folder (2)\bin;C:\Program Files\Common Files\Oracle\Java\javapath;C:\WINDOWS\system32;C:\WINDOWS;C:\WINDOWS\System32\Wbem;C:\WINDOWS\System32\WindowsPowerShell\v1.0\;C:\WINDOWS\System32\OpenSSH\;C:\Program Files\Git\cmd;C:\Program Files\Microsoft SQL Server\170\Tools\Binn\;C:\Program Files\Microsoft SQL Server\Client SDK\ODBC\170\Tools\Binn\;C:\Program Files\Microsoft SQL Server\170\DTS\Binn\;C:\Program Files\dotnet\;D:\Basira\;C:\ProgramData\chocolatey\bin;C:\WINDOWS\system32;C:\WINDOWS;C:\WINDOWS\System32\Wbem;C:\WINDOWS\System32\WindowsPowerShell\v1.0\;C:\WINDOWS\System32\OpenSSH\;C:\Program Files\Git\cmd;C:\Program Files\Microsoft SQL Server\170\Tools\Binn\;C:\Program Files\Microsoft SQL Server\Client SDK\ODBC\170\Tools\Binn\;C:\Program Files\Microsoft SQL Server\170\DTS\Binn\;C:\Program Files\dotnet\;D:\Basira\;C:\ProgramData\chocolatey\bin;C:\Users\DELL\AppData\Local\Programs\Python\Python310\Scripts\;C:\Users\DELL\AppData\Local\Programs\Python\Python310\;C:\Users\DELL\AppData\Local\Prog;E:\flutter\bin;D:\download\Antigravity\bin;;c:\Users\DELL\.antigravity\extensions\ms-python.debugpy-2026.6.0-win32-x64\bundled\scripts\noConfigScripts;E:\flutter\bin\mingit\cmd
USERNAME=DELL
LANG=en_US.UTF-8
OS=Windows_NT
PROCESSOR_IDENTIFIER=Intel64 Family 6 Model 142 Stepping 12, GenuineIntel
TMP=C:\Users\DELL\AppData\Local\Temp
TEMP=C:\Users\DELL\AppData\Local\Temp



Periodic native trim disabled


---------------  S Y S T E M  ---------------

OS:
 Windows 11 , 64 bit Build 26100 (10.0.26100.8521)
OS uptime: 0 days 1:25 hours
Hyper-V role detected

CPU: total 8 (initial active 8) (4 cores per cpu, 2 threads per core) family 6 model 142 stepping 12 microcode 0xf8, cx8, cmov, fxsr, ht, mmx, 3dnowpref, sse, sse2, sse3, ssse3, sse4.1, sse4.2, popcnt, lzcnt, tsc, tscinvbit, avx, avx2, aes, erms, clmul, bmi1, bmi2, adx, fma, vzeroupper, clflush, clflushopt, hv
Processor Information for processor 0
  Max Mhz: 2304, Current Mhz: 1803, Mhz Limit: 1797
Processor Information for processor 1
  Max Mhz: 2304, Current Mhz: 1803, Mhz Limit: 1797
Processor Information for processor 2
  Max Mhz: 2304, Current Mhz: 1803, Mhz Limit: 1797
Processor Information for processor 3
  Max Mhz: 2304, Current Mhz: 1803, Mhz Limit: 1797
Processor Information for processor 4
  Max Mhz: 2304, Current Mhz: 1502, Mhz Limit: 1797
Processor Information for processor 5
  Max Mhz: 2304, Current Mhz: 1803, Mhz Limit: 1797
Processor Information for processor 6
  Max Mhz: 2304, Current Mhz: 1803, Mhz Limit: 1797
Processor Information for processor 7
  Max Mhz: 2304, Current Mhz: 1502, Mhz Limit: 1797

Memory: 4k page, system-wide physical 16043M (2203M free)
TotalPageFile size 18268M (AvailPageFile size 5M)
current process WorkingSet (physical memory assigned to process): 180M, peak: 180M
current process commit charge ("private bytes"): 473M, peak: 474M

vm_info: OpenJDK 64-Bit Server VM (17.0.18+8) for windows-amd64 JRE (17.0.18+8), built on Jan 20 2026 22:28:22 by "admin" with MS VC++ 17.12 (VS2022)

END.
