#
# There is insufficient memory for the Java Runtime Environment to continue.
# Native memory allocation (malloc) failed to allocate 743056 bytes. Error detail: Chunk::new
# Possible reasons:
#   The system is out of physical RAM or swap space
#   This process is running with CompressedOops enabled, and the Java Heap may be blocking the growth of the native heap
# Possible solutions:
#   Reduce memory load on the system
#   Increase physical memory or swap space
#   Check if swap backing store is full
#   Decrease Java heap size (-Xmx/-Xms)
#   Decrease number of Java threads
#   Decrease Java thread stack sizes (-Xss)
#   Set larger code cache with -XX:ReservedCodeCacheSize=
#   JVM is running with Zero Based Compressed Oops mode in which the Java heap is
#     placed in the first 32GB address space. The Java Heap base address is the
#     maximum limit for the native heap growth. Please use -XX:HeapBaseMinAddress
#     to set the Java Heap base and to place the Java Heap above 32GB virtual address.
# This output file may be truncated or incomplete.
#
#  Out of Memory Error (arena.cpp:191), pid=23960, tid=23772
#
# JRE version: OpenJDK Runtime Environment Temurin-17.0.18+8 (17.0.18+8) (build 17.0.18+8)
# Java VM: OpenJDK 64-Bit Server VM Temurin-17.0.18+8 (17.0.18+8, mixed mode, sharing, tiered, compressed oops, compressed class ptrs, serial gc, windows-amd64)
# No core dump will be written. Minidumps are not enabled by default on client versions of Windows
#

---------------  S U M M A R Y ------------

Command Line: --add-opens=java.base/java.lang=ALL-UNNAMED --add-opens=java.base/java.lang.invoke=ALL-UNNAMED --add-opens=java.base/java.util=ALL-UNNAMED --add-opens=java.prefs/java.util.prefs=ALL-UNNAMED --add-exports=jdk.compiler/com.sun.tools.javac.api=ALL-UNNAMED --add-exports=jdk.compiler/com.sun.tools.javac.util=ALL-UNNAMED --add-opens=java.base/java.util=ALL-UNNAMED --add-opens=java.prefs/java.util.prefs=ALL-UNNAMED --add-opens=java.base/java.nio.charset=ALL-UNNAMED --add-opens=java.base/java.net=ALL-UNNAMED --add-opens=java.base/java.util.concurrent.atomic=ALL-UNNAMED --add-opens=java.xml/javax.xml.namespace=ALL-UNNAMED -XX:+UseSerialGC -XX:MaxMetaspaceSize=1024m -Xss256k -Xmx8g -Dfile.encoding=windows-1252 -Duser.country=US -Duser.language=en -Duser.variant -javaagent:E:\gradle\wrapper\dists\gradle-8.11.1-all\2qik7nd48slq1ooc2496ixf4i\gradle-8.11.1\lib\agents\gradle-instrumentation-agent-8.11.1.jar org.gradle.launcher.daemon.bootstrap.GradleDaemon 8.11.1

Host: Intel(R) Core(TM) i7-10610U CPU @ 1.80GHz, 8 cores, 15G,  Windows 11 , 64 bit Build 26100 (10.0.26100.8521)
Time: Thu Jun 11 21:33:07 2026 Egypt Daylight Time elapsed time: 31.546311 seconds (0d 0h 0m 31s)

---------------  T H R E A D  ---------------

Current thread (0x0000029773785ae0):  JavaThread "C2 CompilerThread1" daemon [_thread_in_native, id=23772, stack(0x000000cc96d00000,0x000000cc96e00000)]


Current CompileTask:
C2:31546 10405       4       org.gradle.internal.snapshot.impl.DirectorySnapshotter$PathVisitor::visitResolvedFile (44 bytes)

Stack: [0x000000cc96d00000,0x000000cc96e00000]
Native frames: (J=compiled Java code, j=interpreted, Vv=VM code, C=native code)
V  [jvm.dll+0x6846f9]
V  [jvm.dll+0x839ea5]
V  [jvm.dll+0x83b91e]
V  [jvm.dll+0x83bfa3]
V  [jvm.dll+0x248eff]
V  [jvm.dll+0xad496]
V  [jvm.dll+0xadb3c]
V  [jvm.dll+0x2b05df]
V  [jvm.dll+0x58acf5]
V  [jvm.dll+0x222e84]
V  [jvm.dll+0x22327d]
V  [jvm.dll+0x21bfdb]
V  [jvm.dll+0x2190fe]
V  [jvm.dll+0x1a4920]
V  [jvm.dll+0x22989a]
V  [jvm.dll+0x227a4b]
V  [jvm.dll+0x7f0658]
V  [jvm.dll+0x7eaaec]
V  [jvm.dll+0x6835c7]
C  [ucrtbase.dll+0x2cd30]
C  [KERNEL32.DLL+0x2e957]
C  [ntdll.dll+0x87c1c]


---------------  P R O C E S S  ---------------

Threads class SMR info:
_java_thread_list=0x0000029774459ce0, length=53, elements={
0x00000297549afcb0, 0x0000029754a297b0, 0x0000029754a2b210, 0x0000029754a42020,
0x0000029754a429f0, 0x0000029754a45040, 0x0000029754a4ac40, 0x0000029754a4fff0,
0x0000029754a51150, 0x0000029754a5d6e0, 0x000002975450f780, 0x00000297710f74a0,
0x00000297715b1f70, 0x0000029772dff300, 0x0000029772ab3720, 0x0000029772170240,
0x0000029772170720, 0x0000029772fd87a0, 0x0000029772fd7360, 0x0000029772fd7870,
0x0000029772fd96d0, 0x0000029772fd9be0, 0x0000029772fd7d80, 0x0000029772fda600,
0x0000029772fd91c0, 0x0000029772fd8290, 0x0000029772fda0f0, 0x0000029772fdab10,
0x0000029772fd8cb0, 0x00000297760746f0, 0x0000029776073cd0, 0x0000029776075110,
0x0000029776076550, 0x0000029776076a60, 0x00000297760741e0, 0x00000297760788c0,
0x0000029776078dd0, 0x00000297760783b0, 0x00000297760792e0, 0x0000029776076f70,
0x000002977607a210, 0x0000029776077ea0, 0x000002977607ac30, 0x0000029776077480,
0x000002977607b140, 0x0000029776077990, 0x000002977607b650, 0x0000029771e72a40,
0x0000029771e710f0, 0x0000029771e72020, 0x0000029771e73460, 0x0000029773785ae0,
0x0000029771e706d0
}

Java Threads: ( => current thread )
  0x00000297549afcb0 JavaThread "main" [_thread_blocked, id=24016, stack(0x000000cc95940000,0x000000cc95980000)]
  0x0000029754a297b0 JavaThread "Reference Handler" daemon [_thread_blocked, id=24024, stack(0x000000cc95980000,0x000000cc959c0000)]
  0x0000029754a2b210 JavaThread "Finalizer" daemon [_thread_blocked, id=24028, stack(0x000000cc959c0000,0x000000cc95a00000)]
  0x0000029754a42020 JavaThread "Signal Dispatcher" daemon [_thread_blocked, id=24032, stack(0x000000cc96000000,0x000000cc96040000)]
  0x0000029754a429f0 JavaThread "Attach Listener" daemon [_thread_blocked, id=24036, stack(0x000000cc96040000,0x000000cc96080000)]
  0x0000029754a45040 JavaThread "Service Thread" daemon [_thread_blocked, id=24040, stack(0x000000cc96080000,0x000000cc960c0000)]
  0x0000029754a4ac40 JavaThread "Monitor Deflation Thread" daemon [_thread_blocked, id=24044, stack(0x000000cc960c0000,0x000000cc96100000)]
  0x0000029754a4fff0 JavaThread "C2 CompilerThread0" daemon [_thread_in_native, id=24048, stack(0x000000cc96100000,0x000000cc96200000)]
  0x0000029754a51150 JavaThread "C1 CompilerThread0" daemon [_thread_blocked, id=24052, stack(0x000000cc96200000,0x000000cc96300000)]
  0x0000029754a5d6e0 JavaThread "Sweeper thread" daemon [_thread_blocked, id=24056, stack(0x000000cc96300000,0x000000cc96340000)]
  0x000002975450f780 JavaThread "Common-Cleaner" daemon [_thread_blocked, id=24060, stack(0x000000cc96340000,0x000000cc96380000)]
  0x00000297710f74a0 JavaThread "Notification Thread" daemon [_thread_blocked, id=24064, stack(0x000000cc96380000,0x000000cc963c0000)]
  0x00000297715b1f70 JavaThread "Daemon health stats" [_thread_blocked, id=24248, stack(0x000000cc965c0000,0x000000cc96600000)]
  0x0000029772dff300 JavaThread "Incoming local TCP Connector on port 64854" [_thread_in_native, id=24364, stack(0x000000cc964c0000,0x000000cc96500000)]
  0x0000029772ab3720 JavaThread "Daemon periodic checks" [_thread_blocked, id=24368, stack(0x000000cc96500000,0x000000cc96540000)]
  0x0000029772170240 JavaThread "Daemon" [_thread_blocked, id=24380, stack(0x000000cc96540000,0x000000cc96580000)]
  0x0000029772170720 JavaThread "Handler for socket connection from /127.0.0.1:64854 to /127.0.0.1:64855" [_thread_in_native, id=24384, stack(0x000000cc96580000,0x000000cc965c0000)]
  0x0000029772fd87a0 JavaThread "Cancel handler" [_thread_blocked, id=24392, stack(0x000000cc96600000,0x000000cc96640000)]
  0x0000029772fd7360 JavaThread "Daemon worker" [_thread_blocked, id=24396, stack(0x000000cc96640000,0x000000cc96680000)]
  0x0000029772fd7870 JavaThread "Asynchronous log dispatcher for DefaultDaemonConnection: socket connection from /127.0.0.1:64854 to /127.0.0.1:64855" [_thread_blocked, id=24400, stack(0x000000cc96680000,0x000000cc966c0000)]
  0x0000029772fd96d0 JavaThread "Stdin handler" [_thread_blocked, id=24404, stack(0x000000cc966c0000,0x000000cc96700000)]
  0x0000029772fd9be0 JavaThread "Daemon client event forwarder" [_thread_blocked, id=24408, stack(0x000000cc96700000,0x000000cc96740000)]
  0x0000029772fd7d80 JavaThread "Cache worker for journal cache (E:\gradle\caches\journal-1)" [_thread_blocked, id=24496, stack(0x000000cc96840000,0x000000cc96880000)]
  0x0000029772fda600 JavaThread "File lock request listener" [_thread_in_native, id=24500, stack(0x000000cc96880000,0x000000cc968c0000)]
  0x0000029772fd91c0 JavaThread "Cache worker for file hash cache (E:\gradle\caches\8.11.1\fileHashes)" [_thread_blocked, id=24508, stack(0x000000cc968c0000,0x000000cc96900000)]
  0x0000029772fd8290 JavaThread "Cache worker for file content cache (E:\gradle\caches\8.11.1\fileContent)" [_thread_blocked, id=24520, stack(0x000000cc96900000,0x000000cc96940000)]
  0x0000029772fda0f0 JavaThread "Cache worker for file hash cache (E:\voice_test\android\.gradle\8.11.1\fileHashes)" [_thread_blocked, id=24528, stack(0x000000cc96a40000,0x000000cc96a80000)]
  0x0000029772fdab10 JavaThread "Cache worker for Build Output Cleanup Cache (E:\voice_test\android\.gradle\buildOutputCleanup)" [_thread_blocked, id=24532, stack(0x000000cc96a80000,0x000000cc96ac0000)]
  0x0000029772fd8cb0 JavaThread "File watcher server" daemon [_thread_in_native, id=24540, stack(0x000000cc96ac0000,0x000000cc96b00000)]
  0x00000297760746f0 JavaThread "File watcher consumer" daemon [_thread_blocked, id=24544, stack(0x000000cc96b00000,0x000000cc96b40000)]
  0x0000029776073cd0 JavaThread "Cache worker for checksums cache (E:\voice_test\android\.gradle\8.11.1\checksums)" [_thread_blocked, id=24552, stack(0x000000cc96b40000,0x000000cc96b80000)]
  0x0000029776075110 JavaThread "Cache worker for cache directory md-rule (E:\gradle\caches\8.11.1\md-rule)" [_thread_blocked, id=24556, stack(0x000000cc96b80000,0x000000cc96bc0000)]
  0x0000029776076550 JavaThread "Cache worker for cache directory md-supplier (E:\gradle\caches\8.11.1\md-supplier)" [_thread_blocked, id=24560, stack(0x000000cc96bc0000,0x000000cc96c00000)]
  0x0000029776076a60 JavaThread "jar transforms" [_thread_blocked, id=24572, stack(0x000000cc96c00000,0x000000cc96c40000)]
  0x00000297760741e0 JavaThread "Cache worker for Build Output Cleanup Cache (D:\flutter\packages\flutter_tools\gradle\.gradle\buildOutputCleanup)" [_thread_blocked, id=15096, stack(0x000000cc96940000,0x000000cc96980000)]
  0x00000297760788c0 JavaThread "File lock release action executor" [_thread_blocked, id=16116, stack(0x000000cc96980000,0x000000cc969c0000)]
  0x0000029776078dd0 JavaThread "Unconstrained build operations" [_thread_blocked, id=3604, stack(0x000000cc969c0000,0x000000cc96a00000)]
  0x00000297760783b0 JavaThread "Unconstrained build operations Thread 2" [_thread_blocked, id=23600, stack(0x000000cc96a00000,0x000000cc96a40000)]
  0x00000297760792e0 JavaThread "Unconstrained build operations Thread 3" [_thread_blocked, id=23564, stack(0x000000cc96c40000,0x000000cc96c80000)]
  0x0000029776076f70 JavaThread "Memory manager" [_thread_blocked, id=23580, stack(0x000000cc96c80000,0x000000cc96cc0000)]
  0x000002977607a210 JavaThread "build event listener" [_thread_blocked, id=21000, stack(0x000000cc96cc0000,0x000000cc96d00000)]
  0x0000029776077ea0 JavaThread "included builds" [_thread_blocked, id=14024, stack(0x000000cc96e00000,0x000000cc96e40000)]
  0x000002977607ac30 JavaThread "Cache worker for execution history cache (D:\flutter\packages\flutter_tools\gradle\.gradle\8.11.1\executionHistory)" [_thread_blocked, id=23720, stack(0x000000cc96e40000,0x000000cc96e80000)]
  0x0000029776077480 JavaThread "Unconstrained build operations Thread 4" [_thread_blocked, id=23736, stack(0x000000cc96e80000,0x000000cc96ec0000)]
  0x000002977607b140 JavaThread "Unconstrained build operations Thread 5" [_thread_blocked, id=23652, stack(0x000000cc96ec0000,0x000000cc96f00000)]
  0x0000029776077990 JavaThread "Unconstrained build operations Thread 6" [_thread_blocked, id=23748, stack(0x000000cc96f00000,0x000000cc96f40000)]
  0x000002977607b650 JavaThread "Unconstrained build operations Thread 7" [_thread_blocked, id=23640, stack(0x000000cc96f40000,0x000000cc96f80000)]
  0x0000029771e72a40 JavaThread "Unconstrained build operations Thread 8" [_thread_blocked, id=23656, stack(0x000000cc96f80000,0x000000cc96fc0000)]
  0x0000029771e710f0 JavaThread "Unconstrained build operations Thread 9" [_thread_blocked, id=23660, stack(0x000000cc96fc0000,0x000000cc97000000)]
  0x0000029771e72020 JavaThread "Unconstrained build operations Thread 10" [_thread_blocked, id=23664, stack(0x000000cc97000000,0x000000cc97040000)]
  0x0000029771e73460 JavaThread "jar transforms Thread 2" [_thread_blocked, id=22824, stack(0x000000cc96740000,0x000000cc96780000)]
=>0x0000029773785ae0 JavaThread "C2 CompilerThread1" daemon [_thread_in_native, id=23772, stack(0x000000cc96d00000,0x000000cc96e00000)]
  0x0000029771e706d0 JavaThread "jar transforms Thread 3" [_thread_blocked, id=23768, stack(0x000000cc96780000,0x000000cc967c0000)]

Other Threads:
  0x0000029754a211e0 VMThread "VM Thread" [stack: 0x000000cc95f00000,0x000000cc96000000] [id=24020]
  0x00000297710f84f0 WatcherThread [stack: 0x000000cc963c0000,0x000000cc964c0000] [id=24068]

Threads with active compile tasks:
C2 CompilerThread0  31604 10404       4       org.gradle.internal.snapshot.impl.DirectorySnapshotterStatistics$CollectingFileVisitor::visitFile (10 bytes)
C2 CompilerThread1  31604 10405       4       org.gradle.internal.snapshot.impl.DirectorySnapshotter$PathVisitor::visitResolvedFile (44 bytes)

VM state: not at safepoint (normal execution)

VM Mutex/Monitor currently owned by a thread: None

Heap address: 0x0000000600000000, size: 8192 MB, Compressed Oops mode: Zero based, Oop shift amount: 3

CDS archive(s) mapped at: [0x0000029700000000-0x0000029700bb0000-0x0000029700bb0000), size 12255232, SharedBaseAddress: 0x0000029700000000, ArchiveRelocationMode: 1.
Compressed class space mapped at: 0x0000029701000000-0x0000029735000000, reserved size: 872415232
Narrow klass base: 0x0000029700000000, Narrow klass shift: 0, Narrow klass range: 0x100000000

GC Precious Log:
 CPUs: 8 total, 8 available
 Memory: 16043M
 Large Page Support: Disabled
 NUMA Support: Disabled
 Compressed Oops: Enabled (Zero based)
 Heap Min Capacity: 8M
 Heap Initial Capacity: 252M
 Heap Max Capacity: 8G
 Pre-touch: Disabled

Heap:
 def new generation   total 77632K, used 76825K [0x0000000600000000, 0x0000000605430000, 0x00000006aaaa0000)
  eden space 69056K,  98% used [0x0000000600000000, 0x00000006042a6500, 0x0000000604370000)
  from space 8576K,  99% used [0x0000000604bd0000, 0x000000060542fff8, 0x0000000605430000)
  to   space 8576K,   0% used [0x0000000604370000, 0x0000000604370000, 0x0000000604bd0000)
 tenured generation   total 172032K, used 74370K [0x00000006aaaa0000, 0x00000006b52a0000, 0x0000000800000000)
   the space 172032K,  43% used [0x00000006aaaa0000, 0x00000006af3409f8, 0x00000006af340a00, 0x00000006b52a0000)
 Metaspace       used 69604K, committed 70336K, reserved 917504K
  class space    used 9862K, committed 10240K, reserved 851968K

Card table byte_map: [0x000002976b510000,0x000002976c520000] _byte_map_base: 0x0000029768510000

Polling page: 0x00000297528f0000

Metaspace:

Usage:
  Non-class:     58.34 MB used.
      Class:      9.63 MB used.
       Both:     67.97 MB used.

Virtual space:
  Non-class space:       64.00 MB reserved,      58.69 MB ( 92%) committed,  1 nodes.
      Class space:      832.00 MB reserved,      10.00 MB (  1%) committed,  1 nodes.
             Both:      896.00 MB reserved,      68.69 MB (  8%) committed. 

Chunk freelists:
   Non-Class:  5.19 MB
       Class:  6.03 MB
        Both:  11.22 MB

MaxMetaspaceSize: 1.00 GB
CompressedClassSpaceSize: 832.00 MB
Initial GC threshold: 21.00 MB
Current GC threshold: 98.12 MB
CDS: on
MetaspaceReclaimPolicy: balanced
 - commit_granule_bytes: 65536.
 - commit_granule_words: 8192.
 - virtual_space_node_default_size: 8388608.
 - enlarge_chunks_in_place: 1.
 - new_chunks_are_fully_committed: 0.
 - uncommit_free_chunks: 1.
 - use_allocation_guard: 0.
 - handle_deallocations: 1.


Internal statistics:

num_allocs_failed_limit: 13.
num_arena_births: 904.
num_arena_deaths: 0.
num_vsnodes_births: 2.
num_vsnodes_deaths: 0.
num_space_committed: 1099.
num_space_uncommitted: 0.
num_chunks_returned_to_freelist: 13.
num_chunks_taken_from_freelist: 3873.
num_chunk_merges: 9.
num_chunk_splits: 2505.
num_chunks_enlarged: 1623.
num_inconsistent_stats: 0.

CodeHeap 'non-profiled nmethods': size=120000Kb used=5589Kb max_used=5842Kb free=114411Kb
 bounds [0x0000029763fe0000, 0x00000297645a0000, 0x000002976b510000]
CodeHeap 'profiled nmethods': size=120000Kb used=16864Kb max_used=18137Kb free=103135Kb
 bounds [0x000002975c510000, 0x000002975d6d0000, 0x0000029763a40000]
CodeHeap 'non-nmethods': size=5760Kb used=2379Kb max_used=2473Kb free=3380Kb
 bounds [0x0000029763a40000, 0x0000029763cd0000, 0x0000029763fe0000]
 total_blobs=10088 nmethods=9178 adapters=824
 compilation: enabled
              stopped_count=0, restarted_count=0
 full_count=0

Compilation events (20 events):
Event: 31.107 Thread 0x0000029773785ae0 nmethod 10395 0x000002976458f110 code [0x000002976458f2a0, 0x000002976458f378]
Event: 31.137 Thread 0x0000029754a4fff0 nmethod 10391 0x000002976458f410 code [0x000002976458f6a0, 0x00000297645919c0]
Event: 31.166 Thread 0x0000029754a4fff0 10396       4       java.util.Spliterators$ArraySpliterator::forEachRemaining (68 bytes)
Event: 31.172 Thread 0x0000029754a4fff0 nmethod 10396 0x0000029764592d90 code [0x0000029764592f20, 0x0000029764593138]
Event: 31.187 Thread 0x0000029754a4fff0 10397       4       org.gradle.internal.snapshot.impl.DirectorySnapshotter$PathVisitor::shouldVisit (92 bytes)
Event: 31.195 Thread 0x0000029773785ae0 10398       4       org.gradle.api.internal.changedetection.state.CachingFileHasher$FileInfoSerializer::read (6 bytes)
Event: 31.244 Thread 0x0000029754a4fff0 nmethod 10397 0x0000029764593310 code [0x0000029764593520, 0x0000029764593f60]
Event: 31.244 Thread 0x0000029754a4fff0 10399       4       sun.nio.fs.WindowsFileAttributes::isRegularFile (27 bytes)
Event: 31.246 Thread 0x0000029754a4fff0 nmethod 10399 0x0000029764010a10 code [0x0000029764010ba0, 0x0000029764010c78]
Event: 31.246 Thread 0x0000029754a4fff0 10400       4       java.util.stream.Collectors$CollectorImpl::<init> (13 bytes)
Event: 31.248 Thread 0x0000029754a4fff0 nmethod 10400 0x00000297641c0a90 code [0x00000297641c0c20, 0x00000297641c0cd8]
Event: 31.274 Thread 0x0000029773785ae0 nmethod 10398 0x000002976421d410 code [0x000002976421d680, 0x000002976421ec00]
Event: 31.283 Thread 0x0000029773785ae0 10401       4       org.gradle.internal.operations.DefaultBuildOperationListenerManager$1::progress (47 bytes)
Event: 31.298 Thread 0x0000029773785ae0 nmethod 10401 0x00000297641ecd10 code [0x00000297641ecee0, 0x00000297641ed498]
Event: 31.309 Thread 0x0000029773785ae0 10402       4       com.google.common.collect.MapMakerInternalMap$Segment::getEntry (80 bytes)
Event: 31.318 Thread 0x0000029773785ae0 nmethod 10402 0x00000297642fd990 code [0x00000297642fdb40, 0x00000297642fde18]
Event: 31.330 Thread 0x0000029773785ae0 10403       4       org.gradle.internal.vfs.impl.DefaultFileSystemAccess$$Lambda$531/0x00000297014d1a10::apply (8 bytes)
Event: 31.332 Thread 0x0000029773785ae0 nmethod 10403 0x0000029764196990 code [0x0000029764196b20, 0x0000029764196c58]
Event: 31.367 Thread 0x0000029754a4fff0 10404       4       org.gradle.internal.snapshot.impl.DirectorySnapshotterStatistics$CollectingFileVisitor::visitFile (10 bytes)
Event: 31.367 Thread 0x0000029773785ae0 10405       4       org.gradle.internal.snapshot.impl.DirectorySnapshotter$PathVisitor::visitResolvedFile (44 bytes)

GC Heap History (20 events):
Event: 13.025 GC heap before
{Heap before GC invocations=7 (full 2):
 def new generation   total 77568K, used 68992K [0x0000000600000000, 0x0000000605420000, 0x00000006aaaa0000)
  eden space 68992K, 100% used [0x0000000600000000, 0x0000000604360000, 0x0000000604360000)
  from space 8576K,   0% used [0x0000000604360000, 0x0000000604360000, 0x0000000604bc0000)
  to   space 8576K,   0% used [0x0000000604bc0000, 0x0000000604bc0000, 0x0000000605420000)
 tenured generation   total 172032K, used 31675K [0x00000006aaaa0000, 0x00000006b52a0000, 0x0000000800000000)
   the space 172032K,  18% used [0x00000006aaaa0000, 0x00000006ac98ec88, 0x00000006ac98ee00, 0x00000006b52a0000)
 Metaspace       used 40484K, committed 40960K, reserved 917504K
  class space    used 5734K, committed 5952K, reserved 851968K
}
Event: 13.039 GC heap after
{Heap after GC invocations=8 (full 2):
 def new generation   total 77568K, used 2812K [0x0000000600000000, 0x0000000605420000, 0x00000006aaaa0000)
  eden space 68992K,   0% used [0x0000000600000000, 0x0000000600000000, 0x0000000604360000)
  from space 8576K,  32% used [0x0000000604bc0000, 0x0000000604e7f160, 0x0000000605420000)
  to   space 8576K,   0% used [0x0000000604360000, 0x0000000604360000, 0x0000000604bc0000)
 tenured generation   total 172032K, used 31675K [0x00000006aaaa0000, 0x00000006b52a0000, 0x0000000800000000)
   the space 172032K,  18% used [0x00000006aaaa0000, 0x00000006ac98ec88, 0x00000006ac98ee00, 0x00000006b52a0000)
 Metaspace       used 40484K, committed 40960K, reserved 917504K
  class space    used 5734K, committed 5952K, reserved 851968K
}
Event: 15.356 GC heap before
{Heap before GC invocations=8 (full 2):
 def new generation   total 77568K, used 71804K [0x0000000600000000, 0x0000000605420000, 0x00000006aaaa0000)
  eden space 68992K, 100% used [0x0000000600000000, 0x0000000604360000, 0x0000000604360000)
  from space 8576K,  32% used [0x0000000604bc0000, 0x0000000604e7f160, 0x0000000605420000)
  to   space 8576K,   0% used [0x0000000604360000, 0x0000000604360000, 0x0000000604bc0000)
 tenured generation   total 172032K, used 31675K [0x00000006aaaa0000, 0x00000006b52a0000, 0x0000000800000000)
   the space 172032K,  18% used [0x00000006aaaa0000, 0x00000006ac98ec88, 0x00000006ac98ee00, 0x00000006b52a0000)
 Metaspace       used 46652K, committed 47232K, reserved 917504K
  class space    used 6598K, committed 6848K, reserved 851968K
}
Event: 15.393 GC heap after
{Heap after GC invocations=9 (full 2):
 def new generation   total 77568K, used 8314K [0x0000000600000000, 0x0000000605420000, 0x00000006aaaa0000)
  eden space 68992K,   0% used [0x0000000600000000, 0x0000000600000000, 0x0000000604360000)
  from space 8576K,  96% used [0x0000000604360000, 0x0000000604b7eb68, 0x0000000604bc0000)
  to   space 8576K,   0% used [0x0000000604bc0000, 0x0000000604bc0000, 0x0000000605420000)
 tenured generation   total 172032K, used 31675K [0x00000006aaaa0000, 0x00000006b52a0000, 0x0000000800000000)
   the space 172032K,  18% used [0x00000006aaaa0000, 0x00000006ac98ec88, 0x00000006ac98ee00, 0x00000006b52a0000)
 Metaspace       used 46652K, committed 47232K, reserved 917504K
  class space    used 6598K, committed 6848K, reserved 851968K
}
Event: 17.628 GC heap before
{Heap before GC invocations=9 (full 2):
 def new generation   total 77568K, used 77306K [0x0000000600000000, 0x0000000605420000, 0x00000006aaaa0000)
  eden space 68992K, 100% used [0x0000000600000000, 0x0000000604360000, 0x0000000604360000)
  from space 8576K,  96% used [0x0000000604360000, 0x0000000604b7eb68, 0x0000000604bc0000)
  to   space 8576K,   0% used [0x0000000604bc0000, 0x0000000604bc0000, 0x0000000605420000)
 tenured generation   total 172032K, used 31675K [0x00000006aaaa0000, 0x00000006b52a0000, 0x0000000800000000)
   the space 172032K,  18% used [0x00000006aaaa0000, 0x00000006ac98ec88, 0x00000006ac98ee00, 0x00000006b52a0000)
 Metaspace       used 51093K, committed 51648K, reserved 917504K
  class space    used 7278K, committed 7552K, reserved 851968K
}
Event: 17.661 GC heap after
{Heap after GC invocations=10 (full 2):
 def new generation   total 77568K, used 8575K [0x0000000600000000, 0x0000000605420000, 0x00000006aaaa0000)
  eden space 68992K,   0% used [0x0000000600000000, 0x0000000600000000, 0x0000000604360000)
  from space 8576K,  99% used [0x0000000604bc0000, 0x000000060541fff8, 0x0000000605420000)
  to   space 8576K,   0% used [0x0000000604360000, 0x0000000604360000, 0x0000000604bc0000)
 tenured generation   total 172032K, used 37036K [0x00000006aaaa0000, 0x00000006b52a0000, 0x0000000800000000)
   the space 172032K,  21% used [0x00000006aaaa0000, 0x00000006acecb118, 0x00000006acecb200, 0x00000006b52a0000)
 Metaspace       used 51093K, committed 51648K, reserved 917504K
  class space    used 7278K, committed 7552K, reserved 851968K
}
Event: 19.530 GC heap before
{Heap before GC invocations=10 (full 2):
 def new generation   total 77568K, used 77567K [0x0000000600000000, 0x0000000605420000, 0x00000006aaaa0000)
  eden space 68992K, 100% used [0x0000000600000000, 0x0000000604360000, 0x0000000604360000)
  from space 8576K,  99% used [0x0000000604bc0000, 0x000000060541fff8, 0x0000000605420000)
  to   space 8576K,   0% used [0x0000000604360000, 0x0000000604360000, 0x0000000604bc0000)
 tenured generation   total 172032K, used 37036K [0x00000006aaaa0000, 0x00000006b52a0000, 0x0000000800000000)
   the space 172032K,  21% used [0x00000006aaaa0000, 0x00000006acecb118, 0x00000006acecb200, 0x00000006b52a0000)
 Metaspace       used 58135K, committed 58752K, reserved 917504K
  class space    used 8240K, committed 8512K, reserved 851968K
}
Event: 19.561 GC heap after
{Heap after GC invocations=11 (full 2):
 def new generation   total 77568K, used 2404K [0x0000000600000000, 0x0000000605420000, 0x00000006aaaa0000)
  eden space 68992K,   0% used [0x0000000600000000, 0x0000000600000000, 0x0000000604360000)
  from space 8576K,  28% used [0x0000000604360000, 0x00000006045b92a0, 0x0000000604bc0000)
  to   space 8576K,   0% used [0x0000000604bc0000, 0x0000000604bc0000, 0x0000000605420000)
 tenured generation   total 172032K, used 45453K [0x00000006aaaa0000, 0x00000006b52a0000, 0x0000000800000000)
   the space 172032K,  26% used [0x00000006aaaa0000, 0x00000006ad703588, 0x00000006ad703600, 0x00000006b52a0000)
 Metaspace       used 58135K, committed 58752K, reserved 917504K
  class space    used 8240K, committed 8512K, reserved 851968K
}
Event: 20.391 GC heap before
{Heap before GC invocations=11 (full 2):
 def new generation   total 77568K, used 30481K [0x0000000600000000, 0x0000000605420000, 0x00000006aaaa0000)
  eden space 68992K,  40% used [0x0000000600000000, 0x0000000601b6b160, 0x0000000604360000)
  from space 8576K,  28% used [0x0000000604360000, 0x00000006045b92a0, 0x0000000604bc0000)
  to   space 8576K,   0% used [0x0000000604bc0000, 0x0000000604bc0000, 0x0000000605420000)
 tenured generation   total 172032K, used 45453K [0x00000006aaaa0000, 0x00000006b52a0000, 0x0000000800000000)
   the space 172032K,  26% used [0x00000006aaaa0000, 0x00000006ad703588, 0x00000006ad703600, 0x00000006b52a0000)
 Metaspace       used 59695K, committed 60288K, reserved 917504K
  class space    used 8451K, committed 8768K, reserved 851968K
}
Event: 20.539 GC heap after
{Heap after GC invocations=12 (full 3):
 def new generation   total 77632K, used 0K [0x0000000600000000, 0x0000000605430000, 0x00000006aaaa0000)
  eden space 69056K,   0% used [0x0000000600000000, 0x0000000600000000, 0x0000000604370000)
  from space 8576K,   0% used [0x0000000604370000, 0x0000000604370000, 0x0000000604bd0000)
  to   space 8576K,   0% used [0x0000000604bd0000, 0x0000000604bd0000, 0x0000000605430000)
 tenured generation   total 172032K, used 51965K [0x00000006aaaa0000, 0x00000006b52a0000, 0x0000000800000000)
   the space 172032K,  30% used [0x00000006aaaa0000, 0x00000006add5f560, 0x00000006add5f600, 0x00000006b52a0000)
 Metaspace       used 59695K, committed 60288K, reserved 917504K
  class space    used 8451K, committed 8768K, reserved 851968K
}
Event: 22.130 GC heap before
{Heap before GC invocations=12 (full 3):
 def new generation   total 77632K, used 69056K [0x0000000600000000, 0x0000000605430000, 0x00000006aaaa0000)
  eden space 69056K, 100% used [0x0000000600000000, 0x0000000604370000, 0x0000000604370000)
  from space 8576K,   0% used [0x0000000604370000, 0x0000000604370000, 0x0000000604bd0000)
  to   space 8576K,   0% used [0x0000000604bd0000, 0x0000000604bd0000, 0x0000000605430000)
 tenured generation   total 172032K, used 51965K [0x00000006aaaa0000, 0x00000006b52a0000, 0x0000000800000000)
   the space 172032K,  30% used [0x00000006aaaa0000, 0x00000006add5f560, 0x00000006add5f600, 0x00000006b52a0000)
 Metaspace       used 63617K, committed 64256K, reserved 917504K
  class space    used 9023K, committed 9344K, reserved 851968K
}
Event: 22.144 GC heap after
{Heap after GC invocations=13 (full 3):
 def new generation   total 77632K, used 2983K [0x0000000600000000, 0x0000000605430000, 0x00000006aaaa0000)
  eden space 69056K,   0% used [0x0000000600000000, 0x0000000600000000, 0x0000000604370000)
  from space 8576K,  34% used [0x0000000604bd0000, 0x0000000604eb9e68, 0x0000000605430000)
  to   space 8576K,   0% used [0x0000000604370000, 0x0000000604370000, 0x0000000604bd0000)
 tenured generation   total 172032K, used 51965K [0x00000006aaaa0000, 0x00000006b52a0000, 0x0000000800000000)
   the space 172032K,  30% used [0x00000006aaaa0000, 0x00000006add5f560, 0x00000006add5f600, 0x00000006b52a0000)
 Metaspace       used 63617K, committed 64256K, reserved 917504K
  class space    used 9023K, committed 9344K, reserved 851968K
}
Event: 24.416 GC heap before
{Heap before GC invocations=13 (full 3):
 def new generation   total 77632K, used 72039K [0x0000000600000000, 0x0000000605430000, 0x00000006aaaa0000)
  eden space 69056K, 100% used [0x0000000600000000, 0x0000000604370000, 0x0000000604370000)
  from space 8576K,  34% used [0x0000000604bd0000, 0x0000000604eb9e68, 0x0000000605430000)
  to   space 8576K,   0% used [0x0000000604370000, 0x0000000604370000, 0x0000000604bd0000)
 tenured generation   total 172032K, used 51965K [0x00000006aaaa0000, 0x00000006b52a0000, 0x0000000800000000)
   the space 172032K,  30% used [0x00000006aaaa0000, 0x00000006add5f560, 0x00000006add5f600, 0x00000006b52a0000)
 Metaspace       used 67833K, committed 68416K, reserved 917504K
  class space    used 9708K, committed 9984K, reserved 851968K
}
Event: 24.470 GC heap after
{Heap after GC invocations=14 (full 3):
 def new generation   total 77632K, used 8576K [0x0000000600000000, 0x0000000605430000, 0x00000006aaaa0000)
  eden space 69056K,   0% used [0x0000000600000000, 0x0000000600000000, 0x0000000604370000)
  from space 8576K, 100% used [0x0000000604370000, 0x0000000604bd0000, 0x0000000604bd0000)
  to   space 8576K,   0% used [0x0000000604bd0000, 0x0000000604bd0000, 0x0000000605430000)
 tenured generation   total 172032K, used 54742K [0x00000006aaaa0000, 0x00000006b52a0000, 0x0000000800000000)
   the space 172032K,  31% used [0x00000006aaaa0000, 0x00000006ae015820, 0x00000006ae015a00, 0x00000006b52a0000)
 Metaspace       used 67833K, committed 68416K, reserved 917504K
  class space    used 9708K, committed 9984K, reserved 851968K
}
Event: 26.555 GC heap before
{Heap before GC invocations=14 (full 3):
 def new generation   total 77632K, used 77632K [0x0000000600000000, 0x0000000605430000, 0x00000006aaaa0000)
  eden space 69056K, 100% used [0x0000000600000000, 0x0000000604370000, 0x0000000604370000)
  from space 8576K, 100% used [0x0000000604370000, 0x0000000604bd0000, 0x0000000604bd0000)
  to   space 8576K,   0% used [0x0000000604bd0000, 0x0000000604bd0000, 0x0000000605430000)
 tenured generation   total 172032K, used 54742K [0x00000006aaaa0000, 0x00000006b52a0000, 0x0000000800000000)
   the space 172032K,  31% used [0x00000006aaaa0000, 0x00000006ae015820, 0x00000006ae015a00, 0x00000006b52a0000)
 Metaspace       used 68359K, committed 68992K, reserved 917504K
  class space    used 9728K, committed 10048K, reserved 851968K
}
Event: 26.628 GC heap after
{Heap after GC invocations=15 (full 3):
 def new generation   total 77632K, used 6369K [0x0000000600000000, 0x0000000605430000, 0x00000006aaaa0000)
  eden space 69056K,   0% used [0x0000000600000000, 0x0000000600000000, 0x0000000604370000)
  from space 8576K,  74% used [0x0000000604bd0000, 0x00000006052086c8, 0x0000000605430000)
  to   space 8576K,   0% used [0x0000000604370000, 0x0000000604370000, 0x0000000604bd0000)
 tenured generation   total 172032K, used 61729K [0x00000006aaaa0000, 0x00000006b52a0000, 0x0000000800000000)
   the space 172032K,  35% used [0x00000006aaaa0000, 0x00000006ae6e8488, 0x00000006ae6e8600, 0x00000006b52a0000)
 Metaspace       used 68359K, committed 68992K, reserved 917504K
  class space    used 9728K, committed 10048K, reserved 851968K
}
Event: 28.435 GC heap before
{Heap before GC invocations=15 (full 3):
 def new generation   total 77632K, used 75425K [0x0000000600000000, 0x0000000605430000, 0x00000006aaaa0000)
  eden space 69056K, 100% used [0x0000000600000000, 0x0000000604370000, 0x0000000604370000)
  from space 8576K,  74% used [0x0000000604bd0000, 0x00000006052086c8, 0x0000000605430000)
  to   space 8576K,   0% used [0x0000000604370000, 0x0000000604370000, 0x0000000604bd0000)
 tenured generation   total 172032K, used 61729K [0x00000006aaaa0000, 0x00000006b52a0000, 0x0000000800000000)
   the space 172032K,  35% used [0x00000006aaaa0000, 0x00000006ae6e8488, 0x00000006ae6e8600, 0x00000006b52a0000)
 Metaspace       used 68373K, committed 69056K, reserved 917504K
  class space    used 9729K, committed 10048K, reserved 851968K
}
Event: 28.474 GC heap after
{Heap after GC invocations=16 (full 3):
 def new generation   total 77632K, used 4648K [0x0000000600000000, 0x0000000605430000, 0x00000006aaaa0000)
  eden space 69056K,   0% used [0x0000000600000000, 0x0000000600000000, 0x0000000604370000)
  from space 8576K,  54% used [0x0000000604370000, 0x00000006047fa300, 0x0000000604bd0000)
  to   space 8576K,   0% used [0x0000000604bd0000, 0x0000000604bd0000, 0x0000000605430000)
 tenured generation   total 172032K, used 65490K [0x00000006aaaa0000, 0x00000006b52a0000, 0x0000000800000000)
   the space 172032K,  38% used [0x00000006aaaa0000, 0x00000006aea94860, 0x00000006aea94a00, 0x00000006b52a0000)
 Metaspace       used 68373K, committed 69056K, reserved 917504K
  class space    used 9729K, committed 10048K, reserved 851968K
}
Event: 29.942 GC heap before
{Heap before GC invocations=16 (full 3):
 def new generation   total 77632K, used 73704K [0x0000000600000000, 0x0000000605430000, 0x00000006aaaa0000)
  eden space 69056K, 100% used [0x0000000600000000, 0x0000000604370000, 0x0000000604370000)
  from space 8576K,  54% used [0x0000000604370000, 0x00000006047fa300, 0x0000000604bd0000)
  to   space 8576K,   0% used [0x0000000604bd0000, 0x0000000604bd0000, 0x0000000605430000)
 tenured generation   total 172032K, used 65490K [0x00000006aaaa0000, 0x00000006b52a0000, 0x0000000800000000)
   the space 172032K,  38% used [0x00000006aaaa0000, 0x00000006aea94860, 0x00000006aea94a00, 0x00000006b52a0000)
 Metaspace       used 69556K, committed 70336K, reserved 917504K
  class space    used 9862K, committed 10240K, reserved 851968K
}
Event: 29.993 GC heap after
{Heap after GC invocations=17 (full 3):
 def new generation   total 77632K, used 8575K [0x0000000600000000, 0x0000000605430000, 0x00000006aaaa0000)
  eden space 69056K,   0% used [0x0000000600000000, 0x0000000600000000, 0x0000000604370000)
  from space 8576K,  99% used [0x0000000604bd0000, 0x000000060542fff8, 0x0000000605430000)
  to   space 8576K,   0% used [0x0000000604370000, 0x0000000604370000, 0x0000000604bd0000)
 tenured generation   total 172032K, used 74370K [0x00000006aaaa0000, 0x00000006b52a0000, 0x0000000800000000)
   the space 172032K,  43% used [0x00000006aaaa0000, 0x00000006af3409f8, 0x00000006af340a00, 0x00000006b52a0000)
 Metaspace       used 69556K, committed 70336K, reserved 917504K
  class space    used 9862K, committed 10240K, reserved 851968K
}

Dll operation events (15 events):
Event: 0.020 Loaded shared library E:\JAVA\bin\java.dll
Event: 0.042 Loaded shared library E:\JAVA\bin\jsvml.dll
Event: 0.145 Loaded shared library E:\JAVA\bin\zip.dll
Event: 0.187 Loaded shared library E:\JAVA\bin\instrument.dll
Event: 0.196 Loaded shared library E:\JAVA\bin\net.dll
Event: 0.203 Loaded shared library E:\JAVA\bin\nio.dll
Event: 0.210 Loaded shared library E:\JAVA\bin\zip.dll
Event: 0.697 Loaded shared library E:\JAVA\bin\jimage.dll
Event: 0.915 Loaded shared library E:\JAVA\bin\verify.dll
Event: 1.243 Loaded shared library E:\gradle\native\c067742578af261105cb4f569cf0c3c89f3d7b1fecec35dd04571415982c5e48\windows-amd64\native-platform.dll
Event: 1.250 Loaded shared library E:\gradle\native\100fb08df4bc3b14c8652ba06237920a3bd2aa13389f12d3474272988ae205f9\windows-amd64\native-platform-file-events.dll
Event: 2.947 Loaded shared library E:\JAVA\bin\management.dll
Event: 2.950 Loaded shared library E:\JAVA\bin\management_ext.dll
Event: 3.587 Loaded shared library E:\JAVA\bin\extnet.dll
Event: 4.262 Loaded shared library E:\JAVA\bin\sunmscapi.dll

Deoptimization events (20 events):
Event: 30.057 Thread 0x0000029772fd7360 Uncommon trap: trap_request=0xffffffd6 fr.pc=0x000002976452de08 relative=0x0000000000000448
Event: 30.057 Thread 0x0000029772fd7360 Uncommon trap: reason=array_check action=maybe_recompile pc=0x000002976452de08 method=java.util.TimSort.reverseRange([Ljava/lang/Object;II)V @ 20 c2
Event: 30.057 Thread 0x0000029772fd7360 DEOPT PACKING pc=0x000002976452de08 sp=0x000000cc96674580
Event: 30.057 Thread 0x0000029772fd7360 DEOPT UNPACKING pc=0x0000029763a966a3 sp=0x000000cc96674490 mode 2
Event: 30.057 Thread 0x0000029772fd7360 Uncommon trap: trap_request=0xffffffd6 fr.pc=0x000002976452de08 relative=0x0000000000000448
Event: 30.057 Thread 0x0000029772fd7360 Uncommon trap: reason=array_check action=maybe_recompile pc=0x000002976452de08 method=java.util.TimSort.reverseRange([Ljava/lang/Object;II)V @ 20 c2
Event: 30.057 Thread 0x0000029772fd7360 DEOPT PACKING pc=0x000002976452de08 sp=0x000000cc96674580
Event: 30.057 Thread 0x0000029772fd7360 DEOPT UNPACKING pc=0x0000029763a966a3 sp=0x000000cc96674490 mode 2
Event: 30.057 Thread 0x0000029772fd7360 Uncommon trap: trap_request=0xffffffd6 fr.pc=0x000002976452de08 relative=0x0000000000000448
Event: 30.057 Thread 0x0000029772fd7360 Uncommon trap: reason=array_check action=maybe_recompile pc=0x000002976452de08 method=java.util.TimSort.reverseRange([Ljava/lang/Object;II)V @ 20 c2
Event: 30.057 Thread 0x0000029772fd7360 DEOPT PACKING pc=0x000002976452de08 sp=0x000000cc96674580
Event: 30.057 Thread 0x0000029772fd7360 DEOPT UNPACKING pc=0x0000029763a966a3 sp=0x000000cc96674490 mode 2
Event: 30.647 Thread 0x0000029772fd7360 Uncommon trap: trap_request=0xffffffd6 fr.pc=0x000002976456de48 relative=0x0000000000001c48
Event: 30.647 Thread 0x0000029772fd7360 Uncommon trap: reason=array_check action=maybe_recompile pc=0x000002976456de48 method=java.util.TimSort.reverseRange([Ljava/lang/Object;II)V @ 27 c2
Event: 30.647 Thread 0x0000029772fd7360 DEOPT PACKING pc=0x000002976456de48 sp=0x000000cc96676580
Event: 30.647 Thread 0x0000029772fd7360 DEOPT UNPACKING pc=0x0000029763a966a3 sp=0x000000cc96676458 mode 2
Event: 30.647 Thread 0x0000029772fd7360 Uncommon trap: trap_request=0xffffffd6 fr.pc=0x000002976456de48 relative=0x0000000000001c48
Event: 30.647 Thread 0x0000029772fd7360 Uncommon trap: reason=array_check action=maybe_recompile pc=0x000002976456de48 method=java.util.TimSort.reverseRange([Ljava/lang/Object;II)V @ 27 c2
Event: 30.647 Thread 0x0000029772fd7360 DEOPT PACKING pc=0x000002976456de48 sp=0x000000cc96676580
Event: 30.647 Thread 0x0000029772fd7360 DEOPT UNPACKING pc=0x0000029763a966a3 sp=0x000000cc96676458 mode 2

Classes loaded (20 events):
Event: 23.188 Loading class java/util/stream/ReduceOps$5ReducingSink
Event: 23.189 Loading class java/util/stream/ReduceOps$5ReducingSink done
Event: 23.189 Loading class java/util/stream/ReferencePipeline$4$1
Event: 23.189 Loading class java/util/stream/ReferencePipeline$4$1 done
Event: 24.123 Loading class java/util/concurrent/ConcurrentLinkedQueue$Itr
Event: 24.124 Loading class java/util/concurrent/ConcurrentLinkedQueue$Itr done
Event: 24.692 Loading class java/util/Collections$ReverseComparator
Event: 24.693 Loading class java/util/Collections$ReverseComparator done
Event: 24.693 Loading class java/util/Collections$ReverseComparator2
Event: 24.693 Loading class java/util/Collections$ReverseComparator2 done
Event: 28.931 Loading class java/io/NotSerializableException
Event: 28.931 Loading class java/io/NotSerializableException done
Event: 29.561 Loading class jdk/internal/reflect/UnsafeObjectFieldAccessorImpl
Event: 29.563 Loading class jdk/internal/reflect/UnsafeObjectFieldAccessorImpl done
Event: 29.624 Loading class org/xml/sax/Locator
Event: 29.624 Loading class org/xml/sax/Locator done
Event: 29.624 Loading class org/xml/sax/SAXParseException
Event: 29.625 Loading class org/xml/sax/SAXParseException done
Event: 29.626 Loading class org/xml/sax/Attributes
Event: 29.626 Loading class org/xml/sax/Attributes done

Classes unloaded (0 events):
No events

Classes redefined (0 events):
No events

Internal exceptions (20 events):
Event: 27.455 Thread 0x0000029772fd7360 Implicit null exception at 0x00000297644e58e4 to 0x00000297644e60aa
Event: 28.979 Thread 0x0000029772fd7360 Exception <a 'java/lang/NoSuchMethodError'{0x00000006023924e8}: 'java.lang.Object java.lang.invoke.Invokers$Holder.invokeExact_MT(java.lang.Object, java.lang.Object, java.lang.Object, int, java.lang.Object, java.lang.Object)'> (0x00000006023924e8) 
thrown [s\src\hotspot\share\interpreter\linkResolver.cpp, line 759]
Event: 29.375 Thread 0x0000029772fd7360 Exception <a 'java/lang/ClassNotFoundException'{0x00000006033165c0}: settings_cdspc61ifaf5hnjkscuv4iim2BeanInfo> (0x00000006033165c0) 
thrown [s\src\hotspot\share\classfile\systemDictionary.cpp, line 256]
Event: 29.376 Thread 0x0000029772fd7360 Exception <a 'java/lang/ClassNotFoundException'{0x000000060331cfb0}: settings_cdspc61ifaf5hnjkscuv4iim2Customizer> (0x000000060331cfb0) 
thrown [s\src\hotspot\share\classfile\systemDictionary.cpp, line 256]
Event: 29.525 Thread 0x0000029772fd7360 Exception <a 'java/lang/ClassNotFoundException'{0x00000006037e7ad8}: build_aspvyrfyj4l80i10o0q167edpBeanInfo> (0x00000006037e7ad8) 
thrown [s\src\hotspot\share\classfile\systemDictionary.cpp, line 256]
Event: 29.526 Thread 0x0000029772fd7360 Exception <a 'java/lang/ClassNotFoundException'{0x00000006037f38b8}: org/gradle/api/internal/project/ProjectScriptBeanInfo> (0x00000006037f38b8) 
thrown [s\src\hotspot\share\classfile\systemDictionary.cpp, line 256]
Event: 29.527 Thread 0x0000029772fd7360 Exception <a 'java/lang/ClassNotFoundException'{0x00000006037ff4d0}: org/gradle/api/internal/project/ProjectScriptCustomizer> (0x00000006037ff4d0) 
thrown [s\src\hotspot\share\classfile\systemDictionary.cpp, line 256]
Event: 29.529 Thread 0x0000029772fd7360 Exception <a 'java/lang/ClassNotFoundException'{0x0000000603817220}: build_aspvyrfyj4l80i10o0q167edpCustomizer> (0x0000000603817220) 
thrown [s\src\hotspot\share\classfile\systemDictionary.cpp, line 256]
Event: 29.550 Thread 0x0000029772fd7360 Exception <a 'java/lang/ClassNotFoundException'{0x0000000603879c80}: org/gradle/api/internal/initialization/DefaultScriptHandler_DecoratedBeanInfo> (0x0000000603879c80) 
thrown [s\src\hotspot\share\classfile\systemDictionary.cpp, line 256]
Event: 29.553 Thread 0x0000029772fd7360 Exception <a 'java/lang/ClassNotFoundException'{0x000000060388efa8}: org/gradle/api/internal/initialization/DefaultScriptHandlerBeanInfo> (0x000000060388efa8) 
thrown [s\src\hotspot\share\classfile\systemDictionary.cpp, line 256]
Event: 29.555 Thread 0x0000029772fd7360 Exception <a 'java/lang/ClassNotFoundException'{0x00000006038a4518}: org/gradle/api/internal/initialization/DefaultScriptHandlerCustomizer> (0x00000006038a4518) 
thrown [s\src\hotspot\share\classfile\systemDictionary.cpp, line 256]
Event: 29.558 Thread 0x0000029772fd7360 Exception <a 'java/lang/ClassNotFoundException'{0x00000006038c6d38}: org/gradle/api/internal/initialization/DefaultScriptHandler_DecoratedCustomizer> (0x00000006038c6d38) 
thrown [s\src\hotspot\share\classfile\systemDictionary.cpp, line 256]
Event: 29.588 Thread 0x0000029772fd7360 Exception <a 'java/lang/ClassNotFoundException'{0x00000006039dcc38}: org/gradle/api/internal/project/DefaultProject_DecoratedBeanInfo> (0x00000006039dcc38) 
thrown [s\src\hotspot\share\classfile\systemDictionary.cpp, line 256]
Event: 29.591 Thread 0x0000029772fd7360 Exception <a 'java/lang/ClassNotFoundException'{0x00000006039f1890}: org/gradle/api/internal/project/DefaultProjectBeanInfo> (0x00000006039f1890) 
thrown [s\src\hotspot\share\classfile\systemDictionary.cpp, line 256]
Event: 29.593 Thread 0x0000029772fd7360 Exception <a 'java/lang/ClassNotFoundException'{0x0000000603a06640}: org/gradle/api/internal/project/DefaultProjectCustomizer> (0x0000000603a06640) 
thrown [s\src\hotspot\share\classfile\systemDictionary.cpp, line 256]
Event: 29.615 Thread 0x0000029772fd7360 Exception <a 'java/lang/ClassNotFoundException'{0x0000000603aca358}: org/gradle/api/internal/project/DefaultProject_DecoratedCustomizer> (0x0000000603aca358) 
thrown [s\src\hotspot\share\classfile\systemDictionary.cpp, line 256]
Event: 29.677 Thread 0x0000029772fd7360 Exception <a 'java/lang/ClassNotFoundException'{0x0000000603bdb260}: org/gradle/api/internal/artifacts/dsl/dependencies/DefaultDependencyHandler_DecoratedBeanInfo> (0x0000000603bdb260) 
thrown [s\src\hotspot\share\classfile\systemDictionary.cpp, line 256]
Event: 29.680 Thread 0x0000029772fd7360 Exception <a 'java/lang/ClassNotFoundException'{0x0000000603bf5ee8}: org/gradle/api/internal/artifacts/dsl/dependencies/DefaultDependencyHandlerBeanInfo> (0x0000000603bf5ee8) 
thrown [s\src\hotspot\share\classfile\systemDictionary.cpp, line 256]
Event: 29.690 Thread 0x0000029772fd7360 Exception <a 'java/lang/ClassNotFoundException'{0x0000000603c10818}: org/gradle/api/internal/artifacts/dsl/dependencies/DefaultDependencyHandlerCustomizer> (0x0000000603c10818) 
thrown [s\src\hotspot\share\classfile\systemDictionary.cpp, line 256]
Event: 29.695 Thread 0x0000029772fd7360 Exception <a 'java/lang/ClassNotFoundException'{0x0000000603c6e238}: org/gradle/api/internal/artifacts/dsl/dependencies/DefaultDependencyHandler_DecoratedCustomizer> (0x0000000603c6e238) 
thrown [s\src\hotspot\share\classfile\systemDictionary.cpp, line 256]

VM Operations (20 events):
Event: 26.555 Executing VM operation: GenCollectForAllocation
Event: 26.628 Executing VM operation: GenCollectForAllocation done
Event: 27.638 Executing VM operation: Cleanup
Event: 27.638 Executing VM operation: Cleanup done
Event: 28.435 Executing VM operation: GenCollectForAllocation
Event: 28.474 Executing VM operation: GenCollectForAllocation done
Event: 28.996 Executing VM operation: ICBufferFull
Event: 28.996 Executing VM operation: ICBufferFull done
Event: 29.053 Executing VM operation: HandshakeAllThreads
Event: 29.054 Executing VM operation: HandshakeAllThreads done
Event: 29.863 Executing VM operation: ICBufferFull
Event: 29.863 Executing VM operation: ICBufferFull done
Event: 29.941 Executing VM operation: GenCollectForAllocation
Event: 29.994 Executing VM operation: GenCollectForAllocation done
Event: 30.990 Executing VM operation: HandshakeAllThreads
Event: 30.990 Executing VM operation: HandshakeAllThreads done
Event: 31.017 Executing VM operation: ICBufferFull
Event: 31.018 Executing VM operation: ICBufferFull done
Event: 31.243 Executing VM operation: HandshakeAllThreads
Event: 31.243 Executing VM operation: HandshakeAllThreads done

Memory protections (0 events):
No events

Nmethod flushes (20 events):
Event: 31.261 Thread 0x0000029754a5d6e0 flushing  nmethod 0x000002975ce44d90
Event: 31.261 Thread 0x0000029754a5d6e0 flushing  nmethod 0x000002975ce6b610
Event: 31.261 Thread 0x0000029754a5d6e0 flushing  nmethod 0x000002975ce92210
Event: 31.263 Thread 0x0000029754a5d6e0 flushing  nmethod 0x000002975cfd9410
Event: 31.263 Thread 0x0000029754a5d6e0 flushing  nmethod 0x000002975cfdc590
Event: 31.263 Thread 0x0000029754a5d6e0 flushing  nmethod 0x000002975d030d10
Event: 31.263 Thread 0x0000029754a5d6e0 flushing  nmethod 0x000002975d059590
Event: 31.263 Thread 0x0000029754a5d6e0 flushing  nmethod 0x000002975d059d90
Event: 31.263 Thread 0x0000029754a5d6e0 flushing  nmethod 0x000002975d05a810
Event: 31.263 Thread 0x0000029754a5d6e0 flushing  nmethod 0x000002975d05af10
Event: 31.263 Thread 0x0000029754a5d6e0 flushing  nmethod 0x000002975d05b310
Event: 31.263 Thread 0x0000029754a5d6e0 flushing  nmethod 0x000002975d05d990
Event: 31.263 Thread 0x0000029754a5d6e0 flushing  nmethod 0x000002975d05e110
Event: 31.263 Thread 0x0000029754a5d6e0 flushing  nmethod 0x000002975d05ec90
Event: 31.263 Thread 0x0000029754a5d6e0 flushing  nmethod 0x000002975d061010
Event: 31.263 Thread 0x0000029754a5d6e0 flushing  nmethod 0x000002975d064910
Event: 31.263 Thread 0x0000029754a5d6e0 flushing  nmethod 0x000002975d06be90
Event: 31.264 Thread 0x0000029754a5d6e0 flushing  nmethod 0x000002975d0efb90
Event: 31.265 Thread 0x0000029754a5d6e0 flushing  nmethod 0x000002975d14fa90
Event: 31.265 Thread 0x0000029754a5d6e0 flushing  nmethod 0x000002975d14fe10

Events (20 events):
Event: 23.009 Thread 0x0000029772fd7360 Thread added: 0x0000029776077ea0
Event: 23.080 Thread 0x0000029776077ea0 Thread added: 0x000002977607ac30
Event: 23.441 Thread 0x0000029776077ea0 Thread added: 0x0000029776077480
Event: 23.545 Thread 0x0000029776077ea0 Thread added: 0x000002977607b140
Event: 23.606 Thread 0x0000029776077ea0 Thread added: 0x0000029776077990
Event: 23.932 Thread 0x0000029776077ea0 Thread added: 0x000002977607b650
Event: 24.056 Thread 0x0000029776d7b450 Thread exited: 0x0000029776d7b450
Event: 24.143 Thread 0x0000029754a51150 Thread added: 0x0000029776d7b450
Event: 24.814 Thread 0x0000029772fd7360 Thread added: 0x0000029771e72a40
Event: 24.958 Thread 0x0000029772fd7360 Thread added: 0x0000029771e710f0
Event: 25.835 Thread 0x0000029772fd7360 Thread added: 0x0000029771e72020
Event: 25.979 Thread 0x0000029776d7b450 Thread exited: 0x0000029776d7b450
Event: 26.640 Thread 0x000002977212b5a0 Thread exited: 0x000002977212b5a0
Event: 28.524 Thread 0x0000029754a4fff0 Thread added: 0x0000029773785ae0
Event: 29.313 Thread 0x0000029773785ae0 Thread exited: 0x0000029773785ae0
Event: 29.362 Thread 0x0000029772fd7360 Thread added: 0x0000029771e73460
Event: 29.427 Thread 0x0000029754a51150 Thread added: 0x0000029773785ae0
Event: 29.509 Thread 0x0000029772fd7360 Thread added: 0x0000029771e706d0
Event: 29.907 Thread 0x0000029754a51150 Thread added: 0x0000029774addaa0
Event: 30.299 Thread 0x0000029774addaa0 Thread exited: 0x0000029774addaa0


Dynamic libraries:
0x00007ff6972c0000 - 0x00007ff6972ce000 	E:\JAVA\bin\java.exe
0x00007ffad2460000 - 0x00007ffad26c6000 	C:\WINDOWS\SYSTEM32\ntdll.dll
0x00007ffad12a0000 - 0x00007ffad1369000 	C:\WINDOWS\System32\KERNEL32.DLL
0x00007ffacfdd0000 - 0x00007ffad01ca000 	C:\WINDOWS\System32\KERNELBASE.dll
0x00007ffacfc80000 - 0x00007ffacfdcc000 	C:\WINDOWS\System32\ucrtbase.dll
0x00007ffabd920000 - 0x00007ffabd93e000 	E:\JAVA\bin\VCRUNTIME140.dll
0x00007ffabd9b0000 - 0x00007ffabd9c8000 	E:\JAVA\bin\jli.dll
0x00007ffad2250000 - 0x00007ffad2417000 	C:\WINDOWS\System32\USER32.dll
0x00007ffaba700000 - 0x00007ffaba992000 	C:\WINDOWS\WinSxS\amd64_microsoft.windows.common-controls_6595b64144ccf1df_6.0.26100.8521_none_3e08b75ce33403b3\COMCTL32.dll
0x00007ffacf910000 - 0x00007ffacf937000 	C:\WINDOWS\System32\win32u.dll
0x00007ffad1820000 - 0x00007ffad18c9000 	C:\WINDOWS\System32\msvcrt.dll
0x00007ffad18d0000 - 0x00007ffad18fb000 	C:\WINDOWS\System32\GDI32.dll
0x00007ffacfac0000 - 0x00007ffacfbeb000 	C:\WINDOWS\System32\gdi32full.dll
0x00007ffacf7b0000 - 0x00007ffacf853000 	C:\WINDOWS\System32\msvcp_win.dll
0x00007ffad01d0000 - 0x00007ffad0202000 	C:\WINDOWS\System32\IMM32.DLL
0x00007ffabee50000 - 0x00007ffabee5c000 	E:\JAVA\bin\vcruntime140_1.dll
0x00007ffaa3970000 - 0x00007ffaa39fd000 	E:\JAVA\bin\msvcp140.dll
0x00007ffa57830000 - 0x00007ffa5849b000 	E:\JAVA\bin\server\jvm.dll
0x00007ffad0e60000 - 0x00007ffad0f16000 	C:\WINDOWS\System32\ADVAPI32.dll
0x00007ffad1900000 - 0x00007ffad19aa000 	C:\WINDOWS\System32\sechost.dll
0x00007ffad1700000 - 0x00007ffad1818000 	C:\WINDOWS\System32\RPCRT4.dll
0x00007ffad1a20000 - 0x00007ffad1aa0000 	C:\WINDOWS\System32\WS2_32.dll
0x00007ffaba9a0000 - 0x00007ffaba9d6000 	C:\WINDOWS\SYSTEM32\WINMM.dll
0x00007ffabefa0000 - 0x00007ffabefab000 	C:\WINDOWS\SYSTEM32\VERSION.dll
0x00007ffacf550000 - 0x00007ffacf5ae000 	C:\WINDOWS\SYSTEM32\POWRPROF.dll
0x00007ffacf530000 - 0x00007ffacf544000 	C:\WINDOWS\SYSTEM32\UMPDC.dll
0x00007fface440000 - 0x00007fface45b000 	C:\WINDOWS\SYSTEM32\kernel.appcore.dll
0x00007ffabdba0000 - 0x00007ffabdbaa000 	E:\JAVA\bin\jimage.dll
0x00007ffacce70000 - 0x00007ffacd0b2000 	C:\WINDOWS\SYSTEM32\DBGHELP.DLL
0x00007ffad0ad0000 - 0x00007ffad0e53000 	C:\WINDOWS\System32\combase.dll
0x00007ffad0fb0000 - 0x00007ffad1089000 	C:\WINDOWS\System32\OLEAUT32.dll
0x00007ffabb1d0000 - 0x00007ffabb20b000 	C:\WINDOWS\SYSTEM32\dbgcore.DLL
0x00007ffacf860000 - 0x00007ffacf908000 	C:\WINDOWS\System32\bcryptPrimitives.dll
0x00007ffab9210000 - 0x00007ffab921e000 	E:\JAVA\bin\instrument.dll
0x00007ffab91a0000 - 0x00007ffab91c5000 	E:\JAVA\bin\java.dll
0x00007ffa9b580000 - 0x00007ffa9b657000 	E:\JAVA\bin\jsvml.dll
0x00007ffad1ab0000 - 0x00007ffad2234000 	C:\WINDOWS\System32\SHELL32.dll
0x00007ffacd270000 - 0x00007ffacdaf0000 	C:\WINDOWS\SYSTEM32\windows.storage.dll
0x00007ffad0850000 - 0x00007ffad0946000 	C:\WINDOWS\System32\SHCORE.dll
0x00007ffad0720000 - 0x00007ffad0787000 	C:\WINDOWS\System32\shlwapi.dll
0x00007ffacf610000 - 0x00007ffacf639000 	C:\WINDOWS\SYSTEM32\profapi.dll
0x00007ffab9140000 - 0x00007ffab9158000 	E:\JAVA\bin\zip.dll
0x00007ffabd8b0000 - 0x00007ffabd8ca000 	E:\JAVA\bin\net.dll
0x00007ffabfa20000 - 0x00007ffabfb49000 	C:\WINDOWS\SYSTEM32\WINHTTP.dll
0x00007fface990000 - 0x00007fface9fc000 	C:\WINDOWS\system32\mswsock.dll
0x00007ffabc690000 - 0x00007ffabc6a6000 	E:\JAVA\bin\nio.dll
0x00007ffabdb10000 - 0x00007ffabdb20000 	E:\JAVA\bin\verify.dll
0x00007ffab8da0000 - 0x00007ffab8dc7000 	E:\gradle\native\c067742578af261105cb4f569cf0c3c89f3d7b1fecec35dd04571415982c5e48\windows-amd64\native-platform.dll
0x00007ffa55df0000 - 0x00007ffa55f34000 	E:\gradle\native\100fb08df4bc3b14c8652ba06237920a3bd2aa13389f12d3474272988ae205f9\windows-amd64\native-platform-file-events.dll
0x00007ffabdb20000 - 0x00007ffabdb2a000 	E:\JAVA\bin\management.dll
0x00007ffabb4b0000 - 0x00007ffabb4bc000 	E:\JAVA\bin\management_ext.dll
0x00007ffad2240000 - 0x00007ffad2248000 	C:\WINDOWS\System32\PSAPI.DLL
0x00007ffaced90000 - 0x00007ffacedab000 	C:\WINDOWS\SYSTEM32\CRYPTSP.dll
0x00007fface3a0000 - 0x00007fface3d9000 	C:\WINDOWS\system32\rsaenh.dll
0x00007ffacea40000 - 0x00007ffacea73000 	C:\WINDOWS\SYSTEM32\USERENV.dll
0x00007ffacf5e0000 - 0x00007ffacf60a000 	C:\WINDOWS\SYSTEM32\bcrypt.dll
0x00007ffacebf0000 - 0x00007ffacebfc000 	C:\WINDOWS\SYSTEM32\CRYPTBASE.dll
0x00007ffacde20000 - 0x00007ffacde53000 	C:\WINDOWS\SYSTEM32\IPHLPAPI.DLL
0x00007ffad19b0000 - 0x00007ffad19ba000 	C:\WINDOWS\System32\NSI.dll
0x00007ffac44d0000 - 0x00007ffac44ed000 	C:\WINDOWS\SYSTEM32\dhcpcsvc6.DLL
0x00007ffac44a0000 - 0x00007ffac44c5000 	C:\WINDOWS\SYSTEM32\dhcpcsvc.DLL
0x00007ffacdeb0000 - 0x00007ffacdffa000 	C:\WINDOWS\SYSTEM32\DNSAPI.dll
0x00007fface7d0000 - 0x00007fface7dd000 	C:\WINDOWS\SYSTEM32\DSPARSE.dll
0x00007ffabd7f0000 - 0x00007ffabd7f9000 	E:\JAVA\bin\extnet.dll
0x00007ffabdaa0000 - 0x00007ffabdaae000 	E:\JAVA\bin\sunmscapi.dll
0x00007ffacf940000 - 0x00007ffacfab8000 	C:\WINDOWS\System32\CRYPT32.dll
0x00007ffaceef0000 - 0x00007ffacef20000 	C:\WINDOWS\SYSTEM32\ncrypt.dll
0x00007ffaceea0000 - 0x00007ffaceedf000 	C:\WINDOWS\SYSTEM32\NTASN1.dll
0x00007ffab7250000 - 0x00007ffab7258000 	C:\WINDOWS\system32\wshunix.dll
0x00007ffabe350000 - 0x00007ffabe368000 	C:\WINDOWS\system32\napinsp.dll
0x00007ffabe310000 - 0x00007ffabe323000 	C:\WINDOWS\System32\winrnr.dll
0x00007ffa69ff0000 - 0x00007ffa6a012000 	C:\WINDOWS\system32\nlansp_c.dll
0x00007ffabd6b0000 - 0x00007ffabd6c6000 	C:\WINDOWS\system32\wshbth.dll
0x00007ffac0c80000 - 0x00007ffac0c8b000 	C:\Windows\System32\rasadhlp.dll
0x00007ffac5520000 - 0x00007ffac55a6000 	C:\WINDOWS\System32\fwpuclnt.dll

dbghelp: loaded successfully - version: 4.0.5 - missing functions: none
symbol engine: initialized successfully - sym options: 0x614 - pdb path: .;E:\JAVA\bin;C:\WINDOWS\SYSTEM32;C:\WINDOWS\WinSxS\amd64_microsoft.windows.common-controls_6595b64144ccf1df_6.0.26100.8521_none_3e08b75ce33403b3;E:\JAVA\bin\server;E:\gradle\native\c067742578af261105cb4f569cf0c3c89f3d7b1fecec35dd04571415982c5e48\windows-amd64;E:\gradle\native\100fb08df4bc3b14c8652ba06237920a3bd2aa13389f12d3474272988ae205f9\windows-amd64

VM Arguments:
jvm_args: --add-opens=java.base/java.lang=ALL-UNNAMED --add-opens=java.base/java.lang.invoke=ALL-UNNAMED --add-opens=java.base/java.util=ALL-UNNAMED --add-opens=java.prefs/java.util.prefs=ALL-UNNAMED --add-exports=jdk.compiler/com.sun.tools.javac.api=ALL-UNNAMED --add-exports=jdk.compiler/com.sun.tools.javac.util=ALL-UNNAMED --add-opens=java.base/java.util=ALL-UNNAMED --add-opens=java.prefs/java.util.prefs=ALL-UNNAMED --add-opens=java.base/java.nio.charset=ALL-UNNAMED --add-opens=java.base/java.net=ALL-UNNAMED --add-opens=java.base/java.util.concurrent.atomic=ALL-UNNAMED --add-opens=java.xml/javax.xml.namespace=ALL-UNNAMED -XX:+UseSerialGC -XX:MaxMetaspaceSize=1024m -Xss256k -Xmx8g -Dfile.encoding=windows-1252 -Duser.country=US -Duser.language=en -Duser.variant -javaagent:E:\gradle\wrapper\dists\gradle-8.11.1-all\2qik7nd48slq1ooc2496ixf4i\gradle-8.11.1\lib\agents\gradle-instrumentation-agent-8.11.1.jar 
java_command: org.gradle.launcher.daemon.bootstrap.GradleDaemon 8.11.1
java_class_path (initial): E:\gradle\wrapper\dists\gradle-8.11.1-all\2qik7nd48slq1ooc2496ixf4i\gradle-8.11.1\lib\gradle-daemon-main-8.11.1.jar
Launcher Type: SUN_STANDARD

[Global flags]
     intx CICompilerCount                          = 4                                         {product} {ergonomic}
   size_t CompressedClassSpaceSize                 = 872415232                                 {product} {ergonomic}
   size_t InitialHeapSize                          = 264241152                                 {product} {ergonomic}
   size_t MaxHeapSize                              = 8589934592                                {product} {command line}
   size_t MaxMetaspaceSize                         = 1073741824                                {product} {command line}
   size_t MaxNewSize                               = 2863267840                                {product} {ergonomic}
   size_t MinHeapDeltaBytes                        = 196608                                    {product} {ergonomic}
   size_t MinHeapSize                              = 8388608                                   {product} {ergonomic}
   size_t NewSize                                  = 88080384                                  {product} {ergonomic}
    uintx NonNMethodCodeHeapSize                   = 5839372                                {pd product} {ergonomic}
    uintx NonProfiledCodeHeapSize                  = 122909434                              {pd product} {ergonomic}
   size_t OldSize                                  = 176160768                                 {product} {ergonomic}
    uintx ProfiledCodeHeapSize                     = 122909434                              {pd product} {ergonomic}
    uintx ReservedCodeCacheSize                    = 251658240                              {pd product} {ergonomic}
     bool SegmentedCodeCache                       = true                                      {product} {ergonomic}
   size_t SoftMaxHeapSize                          = 8589934592                             {manageable} {ergonomic}
     intx ThreadStackSize                          = 256                                    {pd product} {command line}
     bool UseCompressedClassPointers               = true                           {product lp64_product} {ergonomic}
     bool UseCompressedOops                        = true                           {product lp64_product} {ergonomic}
     bool UseLargePagesIndividualAllocation        = false                                  {pd product} {ergonomic}
     bool UseSerialGC                              = true                                      {product} {command line}

Logging:
Log output configuration:
 #0: stdout all=warning uptime,level,tags
 #1: stderr all=off uptime,level,tags

Environment Variables:
JAVA_HOME=E:\JAVA
CLASSPATH=E:\voice_test\android\\gradle\wrapper\gradle-wrapper.jar
PATH=E:\JAVA\bin;C:\Program Files\Common Files\Oracle\Java\javapath;C:\WINDOWS\system32;C:\WINDOWS;C:\WINDOWS\System32\Wbem;C:\WINDOWS\System32\WindowsPowerShell\v1.0\;C:\WINDOWS\System32\OpenSSH\;C:\Program Files\Git\cmd;C:\Program Files\Microsoft SQL Server\170\Tools\Binn\;C:\Program Files\Microsoft SQL Server\Client SDK\ODBC\170\Tools\Binn\;C:\Program Files\Microsoft SQL Server\170\DTS\Binn\;C:\Program Files\dotnet\;D:\Basira\;C:\ProgramData\chocolatey\bin;E:\JAVA\bin;E:\DOWNLOAD\New folder (2)\bin;C:\Program Files\Common Files\Oracle\Java\javapath;C:\WINDOWS\system32;C:\WINDOWS;C:\WINDOWS\System32\Wbem;C:\WINDOWS\System32\WindowsPowerShell\v1.0\;C:\WINDOWS\System32\OpenSSH\;C:\Program Files\Git\cmd;C:\Program Files\Microsoft SQL Server\170\Tools\Binn\;C:\Program Files\Microsoft SQL Server\Client SDK\ODBC\170\Tools\Binn\;C:\Program Files\Microsoft SQL Server\170\DTS\Binn\;C:\Program Files\dotnet\;D:\Basira\;C:\ProgramData\chocolatey\bin;C:\WINDOWS\system32;C:\WINDOWS;C:\WINDOWS\System32\Wbem;C:\WINDOWS\System32\WindowsPowerShell\v1.0\;C:\WINDOWS\System32\OpenSSH\;C:\Program Files\Git\cmd;C:\Program Files\Microsoft SQL Server\170\Tools\Binn\;C:\Program Files\Microsoft SQL Server\Client SDK\ODBC\170\Tools\Binn\;C:\Program Files\Microsoft SQL Server\170\DTS\Binn\;C:\Program Files\dotnet\;D:\Basira\;C:\ProgramData\chocolatey\bin;C:\Users\DELL\AppData\Local\Programs\Python\Python310\Scripts\;C:\Users\DELL\AppData\Local\Programs\Python\Python310\;C:\Users\DELL\AppData\Local\Prog;D:\flutter\bin;D:\download\Antigravity\bin;;c:\Users\DELL\.antigravity\extensions\ms-python.debugpy-2026.6.0-win32-x64\bundled\scripts\noConfigScripts;D:\flutter\bin\mingit\cmd
USERNAME=DELL
LANG=en_US.UTF-8
OS=Windows_NT
PROCESSOR_IDENTIFIER=Intel64 Family 6 Model 142 Stepping 12, GenuineIntel
TMP=C:\Users\DELL\AppData\Local\Temp
TEMP=C:\Users\DELL\AppData\Local\Temp



Periodic native trim disabled


---------------  S Y S T E M  ---------------

OS:
 Windows 11 , 64 bit Build 26100 (10.0.26100.8521)
OS uptime: 1 days 5:53 hours
Hyper-V role detected

CPU: total 8 (initial active 8) (4 cores per cpu, 2 threads per core) family 6 model 142 stepping 12 microcode 0xf8, cx8, cmov, fxsr, ht, mmx, 3dnowpref, sse, sse2, sse3, ssse3, sse4.1, sse4.2, popcnt, lzcnt, tsc, tscinvbit, avx, avx2, aes, erms, clmul, bmi1, bmi2, adx, fma, vzeroupper, clflush, clflushopt, hv
Processor Information for processor 0
  Max Mhz: 2304, Current Mhz: 1803, Mhz Limit: 1797
Processor Information for processor 1
  Max Mhz: 2304, Current Mhz: 1803, Mhz Limit: 1797
Processor Information for processor 2
  Max Mhz: 2304, Current Mhz: 1502, Mhz Limit: 1797
Processor Information for processor 3
  Max Mhz: 2304, Current Mhz: 1803, Mhz Limit: 1797
Processor Information for processor 4
  Max Mhz: 2304, Current Mhz: 1803, Mhz Limit: 1797
Processor Information for processor 5
  Max Mhz: 2304, Current Mhz: 1502, Mhz Limit: 1797
Processor Information for processor 6
  Max Mhz: 2304, Current Mhz: 1803, Mhz Limit: 1797
Processor Information for processor 7
  Max Mhz: 2304, Current Mhz: 1803, Mhz Limit: 1797

Memory: 4k page, system-wide physical 16043M (1702M free)
TotalPageFile size 19198M (AvailPageFile size 2M)
current process WorkingSet (physical memory assigned to process): 372M, peak: 386M
current process commit charge ("private bytes"): 454M, peak: 489M

vm_info: OpenJDK 64-Bit Server VM (17.0.18+8) for windows-amd64 JRE (17.0.18+8), built on Jan 20 2026 22:28:22 by "admin" with MS VC++ 17.12 (VS2022)

END.
