#
# There is insufficient memory for the Java Runtime Environment to continue.
# Native memory allocation (malloc) failed to allocate 32744 bytes. Error detail: ChunkPool::allocate
# Possible reasons:
#   The system is out of physical RAM or swap space
#   This process is running with CompressedOops enabled, and the Java Heap may be blocking the growth of the native heap
# Possible solutions:
#   Reduce memory load on the system
#   Increase physical memory or swap space
#   Check if swap backing store is full
#   Decrease Java heap size (-Xmx/-Xms)
#   Decrease number of Java threads
#   Decrease Java thread stack sizes (-Xss)
#   Set larger code cache with -XX:ReservedCodeCacheSize=
#   JVM is running with Unscaled Compressed Oops mode in which the Java heap is
#     placed in the first 4GB address space. The Java Heap base address is the
#     maximum limit for the native heap growth. Please use -XX:HeapBaseMinAddress
#     to set the Java Heap base and to place the Java Heap above 4GB virtual address.
# This output file may be truncated or incomplete.
#
#  Out of Memory Error (arena.cpp:79), pid=8848, tid=18256
#
# JRE version: OpenJDK Runtime Environment Temurin-17.0.18+8 (17.0.18+8) (build 17.0.18+8)
# Java VM: OpenJDK 64-Bit Server VM Temurin-17.0.18+8 (17.0.18+8, mixed mode, sharing, tiered, compressed oops, compressed class ptrs, g1 gc, windows-amd64)
# No core dump will be written. Minidumps are not enabled by default on client versions of Windows
#

---------------  S U M M A R Y ------------

Command Line: --add-opens=java.base/java.util=ALL-UNNAMED --add-opens=java.base/java.lang=ALL-UNNAMED --add-opens=java.base/java.lang.invoke=ALL-UNNAMED --add-opens=java.prefs/java.util.prefs=ALL-UNNAMED --add-opens=java.base/java.nio.charset=ALL-UNNAMED --add-opens=java.base/java.net=ALL-UNNAMED --add-opens=java.base/java.util.concurrent.atomic=ALL-UNNAMED -Xmx1536M -Dfile.encoding=windows-1252 -Duser.country=US -Duser.language=en -Duser.variant -javaagent:E:\gradle\wrapper\dists\gradle-8.2-all\6mxqtxovn2faat1idb7p6lxsa\gradle-8.2\lib\agents\gradle-instrumentation-agent-8.2.jar org.gradle.launcher.daemon.bootstrap.GradleDaemon 8.2

Host: Intel(R) Core(TM) i7-10610U CPU @ 1.80GHz, 8 cores, 15G,  Windows 11 , 64 bit Build 26100 (10.0.26100.8246)
Time: Sat May  2 22:17:02 2026 Egypt Daylight Time elapsed time: 4.588656 seconds (0d 0h 0m 4s)

---------------  T H R E A D  ---------------

Current thread (0x0000026f543a8c10):  JavaThread "C2 CompilerThread0" daemon [_thread_in_native, id=18256, stack(0x000000bdc5a00000,0x000000bdc5b00000)]


Current CompileTask:
C2:4588 2235   !   4       java.lang.ClassLoader::loadClass (121 bytes)

Stack: [0x000000bdc5a00000,0x000000bdc5b00000]
Native frames: (J=compiled Java code, j=interpreted, Vv=VM code, C=native code)
V  [jvm.dll+0x6846f9]
V  [jvm.dll+0x839ea5]
V  [jvm.dll+0x83b91e]
V  [jvm.dll+0x83bfa3]
V  [jvm.dll+0x248eff]
V  [jvm.dll+0xad69e]
V  [jvm.dll+0xadb3c]
V  [jvm.dll+0x36e6ef]
V  [jvm.dll+0x36dca1]
V  [jvm.dll+0x36dce4]
V  [jvm.dll+0x56bd1a]
V  [jvm.dll+0x56c58d]
V  [jvm.dll+0x1bc40f]
V  [jvm.dll+0x219f10]
V  [jvm.dll+0x219200]
V  [jvm.dll+0x1a4920]
V  [jvm.dll+0x22989a]
V  [jvm.dll+0x227a4b]
V  [jvm.dll+0x7f0658]
V  [jvm.dll+0x7eaaec]
V  [jvm.dll+0x6835c7]
C  [ucrtbase.dll+0x37b0]
C  [KERNEL32.DLL+0x2e8d7]
C  [ntdll.dll+0x8c3fc]


---------------  P R O C E S S  ---------------

Threads class SMR info:
_java_thread_list=0x0000026f9c3d1fb0, length=27, elements={
0x0000026f3717e4b0, 0x0000026f54390930, 0x0000026f54391200, 0x0000026f543a65a0,
0x0000026f543a6e70, 0x0000026f543a7740, 0x0000026f543a8010, 0x0000026f543a8c10,
0x0000026f543a95d0, 0x0000026f543ae6b0, 0x0000026f54377900, 0x0000026f54669940,
0x0000026f9c00ddc0, 0x0000026f9c31d020, 0x0000026f9aafbd70, 0x0000026f9b1c0140,
0x0000026f9c579f50, 0x0000026f9c5b8d60, 0x0000026f9c5b7920, 0x0000026f9c5b9780,
0x0000026f9c5b7e30, 0x0000026f9c5ba1a0, 0x0000026f9c5b8340, 0x0000026f9c5b8850,
0x0000026f9c5ba6b0, 0x0000026f9cf889b0, 0x0000026f9c177730
}

Java Threads: ( => current thread )
  0x0000026f3717e4b0 JavaThread "main" [_thread_blocked, id=7844, stack(0x000000bdc4d00000,0x000000bdc4e00000)]
  0x0000026f54390930 JavaThread "Reference Handler" daemon [_thread_blocked, id=21464, stack(0x000000bdc5400000,0x000000bdc5500000)]
  0x0000026f54391200 JavaThread "Finalizer" daemon [_thread_blocked, id=8976, stack(0x000000bdc5500000,0x000000bdc5600000)]
  0x0000026f543a65a0 JavaThread "Signal Dispatcher" daemon [_thread_blocked, id=19844, stack(0x000000bdc5600000,0x000000bdc5700000)]
  0x0000026f543a6e70 JavaThread "Attach Listener" daemon [_thread_blocked, id=18288, stack(0x000000bdc5700000,0x000000bdc5800000)]
  0x0000026f543a7740 JavaThread "Service Thread" daemon [_thread_blocked, id=9532, stack(0x000000bdc5800000,0x000000bdc5900000)]
  0x0000026f543a8010 JavaThread "Monitor Deflation Thread" daemon [_thread_blocked, id=14200, stack(0x000000bdc5900000,0x000000bdc5a00000)]
=>0x0000026f543a8c10 JavaThread "C2 CompilerThread0" daemon [_thread_in_native, id=18256, stack(0x000000bdc5a00000,0x000000bdc5b00000)]
  0x0000026f543a95d0 JavaThread "C1 CompilerThread0" daemon [_thread_in_native, id=12892, stack(0x000000bdc5b00000,0x000000bdc5c00000)]
  0x0000026f543ae6b0 JavaThread "Sweeper thread" daemon [_thread_blocked, id=8256, stack(0x000000bdc5c00000,0x000000bdc5d00000)]
  0x0000026f54377900 JavaThread "Common-Cleaner" daemon [_thread_blocked, id=23848, stack(0x000000bdc5d00000,0x000000bdc5e00000)]
  0x0000026f54669940 JavaThread "Notification Thread" daemon [_thread_blocked, id=13248, stack(0x000000bdc5e00000,0x000000bdc5f00000)]
  0x0000026f9c00ddc0 JavaThread "Daemon health stats" [_thread_blocked, id=8180, stack(0x000000bdc6700000,0x000000bdc6800000)]
  0x0000026f9c31d020 JavaThread "Incoming local TCP Connector on port 54623" [_thread_in_native, id=3632, stack(0x000000bdc6000000,0x000000bdc6100000)]
  0x0000026f9aafbd70 JavaThread "Daemon periodic checks" [_thread_blocked, id=16932, stack(0x000000bdc6800000,0x000000bdc6900000)]
  0x0000026f9b1c0140 JavaThread "Daemon" [_thread_blocked, id=23104, stack(0x000000bdc6100000,0x000000bdc6200000)]
  0x0000026f9c579f50 JavaThread "Handler for socket connection from /127.0.0.1:54623 to /127.0.0.1:54624" [_thread_in_native, id=8392, stack(0x000000bdc6900000,0x000000bdc6a00000)]
  0x0000026f9c5b8d60 JavaThread "Cancel handler" [_thread_blocked, id=19492, stack(0x000000bdc6a00000,0x000000bdc6b00000)]
  0x0000026f9c5b7920 JavaThread "Daemon worker" [_thread_in_native, id=13592, stack(0x000000bdc6b00000,0x000000bdc6c00000)]
  0x0000026f9c5b9780 JavaThread "Asynchronous log dispatcher for DefaultDaemonConnection: socket connection from /127.0.0.1:54623 to /127.0.0.1:54624" [_thread_blocked, id=2780, stack(0x000000bdc6c00000,0x000000bdc6d00000)]
  0x0000026f9c5b7e30 JavaThread "Stdin handler" [_thread_blocked, id=1864, stack(0x000000bdc6d00000,0x000000bdc6e00000)]
  0x0000026f9c5ba1a0 JavaThread "Daemon client event forwarder" [_thread_blocked, id=21320, stack(0x000000bdc6e00000,0x000000bdc6f00000)]
  0x0000026f9c5b8340 JavaThread "Cache worker for journal cache (E:\gradle\caches\journal-1)" [_thread_blocked, id=6660, stack(0x000000bdc7000000,0x000000bdc7100000)]
  0x0000026f9c5b8850 JavaThread "File lock request listener" [_thread_in_native, id=16104, stack(0x000000bdc7100000,0x000000bdc7200000)]
  0x0000026f9c5ba6b0 JavaThread "Cache worker for file hash cache (E:\gradle\caches\8.2\fileHashes)" [_thread_blocked, id=23268, stack(0x000000bdc6f00000,0x000000bdc7000000)]
  0x0000026f9cf889b0 JavaThread "C2 CompilerThread1" daemon [_thread_in_native, id=19988, stack(0x000000bdc7200000,0x000000bdc7300000)]
  0x0000026f9c177730 JavaThread "C2 CompilerThread2" daemon [_thread_in_native, id=2656, stack(0x000000bdc7300000,0x000000bdc7400000)]

Other Threads:
  0x0000026f543f2010 VMThread "VM Thread" [stack: 0x000000bdc5300000,0x000000bdc5400000] [id=23220]
  0x0000026f3717efe0 WatcherThread [stack: 0x000000bdc5f00000,0x000000bdc6000000] [id=11716]
  0x0000026f371ccf40 GCTaskThread "GC Thread#0" [stack: 0x000000bdc4e00000,0x000000bdc4f00000] [id=19028]
  0x0000026f9a2437d0 GCTaskThread "GC Thread#1" [stack: 0x000000bdc6200000,0x000000bdc6300000] [id=21696]
  0x0000026f9a243a90 GCTaskThread "GC Thread#2" [stack: 0x000000bdc6300000,0x000000bdc6400000] [id=11456]
  0x0000026f9a9c9100 GCTaskThread "GC Thread#3" [stack: 0x000000bdc6400000,0x000000bdc6500000] [id=22984]
  0x0000026f547962c0 GCTaskThread "GC Thread#4" [stack: 0x000000bdc6500000,0x000000bdc6600000] [id=8728]
  0x0000026f54794cc0 GCTaskThread "GC Thread#5" [stack: 0x000000bdc6600000,0x000000bdc6700000] [id=23616]
  0x0000026f371d9da0 ConcurrentGCThread "G1 Main Marker" [stack: 0x000000bdc4f00000,0x000000bdc5000000] [id=9492]
  0x0000026f371db3a0 ConcurrentGCThread "G1 Conc#0" [stack: 0x000000bdc5000000,0x000000bdc5100000] [id=25164]
  0x0000026f54240570 ConcurrentGCThread "G1 Refine#0" [stack: 0x000000bdc5100000,0x000000bdc5200000] [id=6616]
  0x0000026f54241c60 ConcurrentGCThread "G1 Service" [stack: 0x000000bdc5200000,0x000000bdc5300000] [id=15596]

Threads with active compile tasks:
C2 CompilerThread0  4630 2235   !   4       java.lang.ClassLoader::loadClass (121 bytes)
C1 CompilerThread0  4630 2493       3       jdk.internal.org.objectweb.asm.SymbolTable::addUninitializedType (103 bytes)
C2 CompilerThread1  4630 2397   !   4       java.net.URLClassLoader::findClass (47 bytes)
C2 CompilerThread2  4630 2408       4       java.net.URLClassLoader$1::run (5 bytes)

VM state: not at safepoint (normal execution)

VM Mutex/Monitor currently owned by a thread: None

Heap address: 0x00000000a0000000, size: 1536 MB, Compressed Oops mode: 32-bit

CDS archive(s) mapped at: [0x0000026f55000000-0x0000026f55bb0000-0x0000026f55bb0000), size 12255232, SharedBaseAddress: 0x0000026f55000000, ArchiveRelocationMode: 1.
Compressed class space mapped at: 0x0000026f56000000-0x0000026f96000000, reserved size: 1073741824
Narrow klass base: 0x0000026f55000000, Narrow klass shift: 0, Narrow klass range: 0x100000000

GC Precious Log:
 CPUs: 8 total, 8 available
 Memory: 16043M
 Large Page Support: Disabled
 NUMA Support: Disabled
 Compressed Oops: Enabled (32-bit)
 Heap Region Size: 1M
 Heap Min Capacity: 8M
 Heap Initial Capacity: 252M
 Heap Max Capacity: 1536M
 Pre-touch: Disabled
 Parallel Workers: 8
 Concurrent Workers: 2
 Concurrent Refinement Workers: 8
 Periodic GC: Disabled

Heap:
 garbage-first heap   total 258048K, used 102366K [0x00000000a0000000, 0x0000000100000000)
  region size 1024K, 91 young (93184K), 3 survivors (3072K)
 Metaspace       used 18036K, committed 18368K, reserved 1114112K
  class space    used 2636K, committed 2816K, reserved 1048576K

Heap Regions: E=young(eden), S=young(survivor), O=old, HS=humongous(starts), HC=humongous(continues), CS=collection set, F=free, OA=open archive, CA=closed archive, TAMS=top-at-mark-start (previous, next)
|   0|0x00000000a0000000, 0x00000000a0100000, 0x00000000a0100000|100%|HS|  |TAMS 0x00000000a0000000, 0x00000000a0000000| Complete 
|   1|0x00000000a0100000, 0x00000000a0200000, 0x00000000a0200000|100%|HC|  |TAMS 0x00000000a0100000, 0x00000000a0100000| Complete 
|   2|0x00000000a0200000, 0x00000000a0300000, 0x00000000a0300000|100%|HC|  |TAMS 0x00000000a0200000, 0x00000000a0200000| Complete 
|   3|0x00000000a0300000, 0x00000000a0400000, 0x00000000a0400000|100%|HC|  |TAMS 0x00000000a0300000, 0x00000000a0300000| Complete 
|   4|0x00000000a0400000, 0x00000000a0500000, 0x00000000a0500000|100%| O|  |TAMS 0x00000000a0400000, 0x00000000a0400000| Untracked 
|   5|0x00000000a0500000, 0x00000000a0600000, 0x00000000a0600000|100%| O|  |TAMS 0x00000000a0500000, 0x00000000a0500000| Untracked 
|   6|0x00000000a0600000, 0x00000000a0700000, 0x00000000a0700000|100%| O|  |TAMS 0x00000000a0600000, 0x00000000a0600000| Untracked 
|   7|0x00000000a0700000, 0x00000000a0800000, 0x00000000a0800000|100%| O|  |TAMS 0x00000000a0700000, 0x00000000a0700000| Untracked 
|   8|0x00000000a0800000, 0x00000000a0800000, 0x00000000a0900000|  0%| F|  |TAMS 0x00000000a0800000, 0x00000000a0800000| Untracked 
|   9|0x00000000a0900000, 0x00000000a0a00000, 0x00000000a0a00000|100%| O|  |TAMS 0x00000000a0900000, 0x00000000a0900000| Untracked 
|  10|0x00000000a0a00000, 0x00000000a0b00000, 0x00000000a0b00000|100%| O|  |TAMS 0x00000000a0a00000, 0x00000000a0a00000| Untracked 
|  11|0x00000000a0b00000, 0x00000000a0b52c00, 0x00000000a0c00000| 32%| O|  |TAMS 0x00000000a0b00000, 0x00000000a0b00000| Untracked 
|  12|0x00000000a0c00000, 0x00000000a0c00000, 0x00000000a0d00000|  0%| F|  |TAMS 0x00000000a0c00000, 0x00000000a0c00000| Untracked 
|  13|0x00000000a0d00000, 0x00000000a0d00000, 0x00000000a0e00000|  0%| F|  |TAMS 0x00000000a0d00000, 0x00000000a0d00000| Untracked 
|  14|0x00000000a0e00000, 0x00000000a0e00000, 0x00000000a0f00000|  0%| F|  |TAMS 0x00000000a0e00000, 0x00000000a0e00000| Untracked 
|  15|0x00000000a0f00000, 0x00000000a0f00000, 0x00000000a1000000|  0%| F|  |TAMS 0x00000000a0f00000, 0x00000000a0f00000| Untracked 
|  16|0x00000000a1000000, 0x00000000a1000000, 0x00000000a1100000|  0%| F|  |TAMS 0x00000000a1000000, 0x00000000a1000000| Untracked 
|  17|0x00000000a1100000, 0x00000000a1100000, 0x00000000a1200000|  0%| F|  |TAMS 0x00000000a1100000, 0x00000000a1100000| Untracked 
|  18|0x00000000a1200000, 0x00000000a1200000, 0x00000000a1300000|  0%| F|  |TAMS 0x00000000a1200000, 0x00000000a1200000| Untracked 
|  19|0x00000000a1300000, 0x00000000a1300000, 0x00000000a1400000|  0%| F|  |TAMS 0x00000000a1300000, 0x00000000a1300000| Untracked 
|  20|0x00000000a1400000, 0x00000000a1400000, 0x00000000a1500000|  0%| F|  |TAMS 0x00000000a1400000, 0x00000000a1400000| Untracked 
|  21|0x00000000a1500000, 0x00000000a1500000, 0x00000000a1600000|  0%| F|  |TAMS 0x00000000a1500000, 0x00000000a1500000| Untracked 
|  22|0x00000000a1600000, 0x00000000a1600000, 0x00000000a1700000|  0%| F|  |TAMS 0x00000000a1600000, 0x00000000a1600000| Untracked 
|  23|0x00000000a1700000, 0x00000000a1700000, 0x00000000a1800000|  0%| F|  |TAMS 0x00000000a1700000, 0x00000000a1700000| Untracked 
|  24|0x00000000a1800000, 0x00000000a1800000, 0x00000000a1900000|  0%| F|  |TAMS 0x00000000a1800000, 0x00000000a1800000| Untracked 
|  25|0x00000000a1900000, 0x00000000a1900000, 0x00000000a1a00000|  0%| F|  |TAMS 0x00000000a1900000, 0x00000000a1900000| Untracked 
|  26|0x00000000a1a00000, 0x00000000a1a00000, 0x00000000a1b00000|  0%| F|  |TAMS 0x00000000a1a00000, 0x00000000a1a00000| Untracked 
|  27|0x00000000a1b00000, 0x00000000a1b00000, 0x00000000a1c00000|  0%| F|  |TAMS 0x00000000a1b00000, 0x00000000a1b00000| Untracked 
|  28|0x00000000a1c00000, 0x00000000a1c00000, 0x00000000a1d00000|  0%| F|  |TAMS 0x00000000a1c00000, 0x00000000a1c00000| Untracked 
|  29|0x00000000a1d00000, 0x00000000a1d00000, 0x00000000a1e00000|  0%| F|  |TAMS 0x00000000a1d00000, 0x00000000a1d00000| Untracked 
|  30|0x00000000a1e00000, 0x00000000a1e00000, 0x00000000a1f00000|  0%| F|  |TAMS 0x00000000a1e00000, 0x00000000a1e00000| Untracked 
|  31|0x00000000a1f00000, 0x00000000a1f00000, 0x00000000a2000000|  0%| F|  |TAMS 0x00000000a1f00000, 0x00000000a1f00000| Untracked 
|  32|0x00000000a2000000, 0x00000000a2000000, 0x00000000a2100000|  0%| F|  |TAMS 0x00000000a2000000, 0x00000000a2000000| Untracked 
|  33|0x00000000a2100000, 0x00000000a2100000, 0x00000000a2200000|  0%| F|  |TAMS 0x00000000a2100000, 0x00000000a2100000| Untracked 
|  34|0x00000000a2200000, 0x00000000a2200000, 0x00000000a2300000|  0%| F|  |TAMS 0x00000000a2200000, 0x00000000a2200000| Untracked 
|  35|0x00000000a2300000, 0x00000000a2300000, 0x00000000a2400000|  0%| F|  |TAMS 0x00000000a2300000, 0x00000000a2300000| Untracked 
|  36|0x00000000a2400000, 0x00000000a2400000, 0x00000000a2500000|  0%| F|  |TAMS 0x00000000a2400000, 0x00000000a2400000| Untracked 
|  37|0x00000000a2500000, 0x00000000a2500000, 0x00000000a2600000|  0%| F|  |TAMS 0x00000000a2500000, 0x00000000a2500000| Untracked 
|  38|0x00000000a2600000, 0x00000000a2600000, 0x00000000a2700000|  0%| F|  |TAMS 0x00000000a2600000, 0x00000000a2600000| Untracked 
|  39|0x00000000a2700000, 0x00000000a2700000, 0x00000000a2800000|  0%| F|  |TAMS 0x00000000a2700000, 0x00000000a2700000| Untracked 
|  40|0x00000000a2800000, 0x00000000a2800000, 0x00000000a2900000|  0%| F|  |TAMS 0x00000000a2800000, 0x00000000a2800000| Untracked 
|  41|0x00000000a2900000, 0x00000000a2900000, 0x00000000a2a00000|  0%| F|  |TAMS 0x00000000a2900000, 0x00000000a2900000| Untracked 
|  42|0x00000000a2a00000, 0x00000000a2a00000, 0x00000000a2b00000|  0%| F|  |TAMS 0x00000000a2a00000, 0x00000000a2a00000| Untracked 
|  43|0x00000000a2b00000, 0x00000000a2b00000, 0x00000000a2c00000|  0%| F|  |TAMS 0x00000000a2b00000, 0x00000000a2b00000| Untracked 
|  44|0x00000000a2c00000, 0x00000000a2c00000, 0x00000000a2d00000|  0%| F|  |TAMS 0x00000000a2c00000, 0x00000000a2c00000| Untracked 
|  45|0x00000000a2d00000, 0x00000000a2d00000, 0x00000000a2e00000|  0%| F|  |TAMS 0x00000000a2d00000, 0x00000000a2d00000| Untracked 
|  46|0x00000000a2e00000, 0x00000000a2e00000, 0x00000000a2f00000|  0%| F|  |TAMS 0x00000000a2e00000, 0x00000000a2e00000| Untracked 
|  47|0x00000000a2f00000, 0x00000000a2f00000, 0x00000000a3000000|  0%| F|  |TAMS 0x00000000a2f00000, 0x00000000a2f00000| Untracked 
|  48|0x00000000a3000000, 0x00000000a3000000, 0x00000000a3100000|  0%| F|  |TAMS 0x00000000a3000000, 0x00000000a3000000| Untracked 
|  49|0x00000000a3100000, 0x00000000a3100000, 0x00000000a3200000|  0%| F|  |TAMS 0x00000000a3100000, 0x00000000a3100000| Untracked 
|  50|0x00000000a3200000, 0x00000000a3200000, 0x00000000a3300000|  0%| F|  |TAMS 0x00000000a3200000, 0x00000000a3200000| Untracked 
|  51|0x00000000a3300000, 0x00000000a3300000, 0x00000000a3400000|  0%| F|  |TAMS 0x00000000a3300000, 0x00000000a3300000| Untracked 
|  52|0x00000000a3400000, 0x00000000a3400000, 0x00000000a3500000|  0%| F|  |TAMS 0x00000000a3400000, 0x00000000a3400000| Untracked 
|  53|0x00000000a3500000, 0x00000000a3500000, 0x00000000a3600000|  0%| F|  |TAMS 0x00000000a3500000, 0x00000000a3500000| Untracked 
|  54|0x00000000a3600000, 0x00000000a3600000, 0x00000000a3700000|  0%| F|  |TAMS 0x00000000a3600000, 0x00000000a3600000| Untracked 
|  55|0x00000000a3700000, 0x00000000a3700000, 0x00000000a3800000|  0%| F|  |TAMS 0x00000000a3700000, 0x00000000a3700000| Untracked 
|  56|0x00000000a3800000, 0x00000000a3800000, 0x00000000a3900000|  0%| F|  |TAMS 0x00000000a3800000, 0x00000000a3800000| Untracked 
|  57|0x00000000a3900000, 0x00000000a3900000, 0x00000000a3a00000|  0%| F|  |TAMS 0x00000000a3900000, 0x00000000a3900000| Untracked 
|  58|0x00000000a3a00000, 0x00000000a3a00000, 0x00000000a3b00000|  0%| F|  |TAMS 0x00000000a3a00000, 0x00000000a3a00000| Untracked 
|  59|0x00000000a3b00000, 0x00000000a3b00000, 0x00000000a3c00000|  0%| F|  |TAMS 0x00000000a3b00000, 0x00000000a3b00000| Untracked 
|  60|0x00000000a3c00000, 0x00000000a3c00000, 0x00000000a3d00000|  0%| F|  |TAMS 0x00000000a3c00000, 0x00000000a3c00000| Untracked 
|  61|0x00000000a3d00000, 0x00000000a3d00000, 0x00000000a3e00000|  0%| F|  |TAMS 0x00000000a3d00000, 0x00000000a3d00000| Untracked 
|  62|0x00000000a3e00000, 0x00000000a3e00000, 0x00000000a3f00000|  0%| F|  |TAMS 0x00000000a3e00000, 0x00000000a3e00000| Untracked 
|  63|0x00000000a3f00000, 0x00000000a3f00000, 0x00000000a4000000|  0%| F|  |TAMS 0x00000000a3f00000, 0x00000000a3f00000| Untracked 
|  64|0x00000000a4000000, 0x00000000a4000000, 0x00000000a4100000|  0%| F|  |TAMS 0x00000000a4000000, 0x00000000a4000000| Untracked 
|  65|0x00000000a4100000, 0x00000000a4100000, 0x00000000a4200000|  0%| F|  |TAMS 0x00000000a4100000, 0x00000000a4100000| Untracked 
|  66|0x00000000a4200000, 0x00000000a4200000, 0x00000000a4300000|  0%| F|  |TAMS 0x00000000a4200000, 0x00000000a4200000| Untracked 
|  67|0x00000000a4300000, 0x00000000a4300000, 0x00000000a4400000|  0%| F|  |TAMS 0x00000000a4300000, 0x00000000a4300000| Untracked 
|  68|0x00000000a4400000, 0x00000000a4400000, 0x00000000a4500000|  0%| F|  |TAMS 0x00000000a4400000, 0x00000000a4400000| Untracked 
|  69|0x00000000a4500000, 0x00000000a4500000, 0x00000000a4600000|  0%| F|  |TAMS 0x00000000a4500000, 0x00000000a4500000| Untracked 
|  70|0x00000000a4600000, 0x00000000a4600000, 0x00000000a4700000|  0%| F|  |TAMS 0x00000000a4600000, 0x00000000a4600000| Untracked 
|  71|0x00000000a4700000, 0x00000000a4700000, 0x00000000a4800000|  0%| F|  |TAMS 0x00000000a4700000, 0x00000000a4700000| Untracked 
|  72|0x00000000a4800000, 0x00000000a4800000, 0x00000000a4900000|  0%| F|  |TAMS 0x00000000a4800000, 0x00000000a4800000| Untracked 
|  73|0x00000000a4900000, 0x00000000a4900000, 0x00000000a4a00000|  0%| F|  |TAMS 0x00000000a4900000, 0x00000000a4900000| Untracked 
|  74|0x00000000a4a00000, 0x00000000a4a00000, 0x00000000a4b00000|  0%| F|  |TAMS 0x00000000a4a00000, 0x00000000a4a00000| Untracked 
|  75|0x00000000a4b00000, 0x00000000a4b00000, 0x00000000a4c00000|  0%| F|  |TAMS 0x00000000a4b00000, 0x00000000a4b00000| Untracked 
|  76|0x00000000a4c00000, 0x00000000a4c00000, 0x00000000a4d00000|  0%| F|  |TAMS 0x00000000a4c00000, 0x00000000a4c00000| Untracked 
|  77|0x00000000a4d00000, 0x00000000a4d00000, 0x00000000a4e00000|  0%| F|  |TAMS 0x00000000a4d00000, 0x00000000a4d00000| Untracked 
|  78|0x00000000a4e00000, 0x00000000a4e00000, 0x00000000a4f00000|  0%| F|  |TAMS 0x00000000a4e00000, 0x00000000a4e00000| Untracked 
|  79|0x00000000a4f00000, 0x00000000a4f00000, 0x00000000a5000000|  0%| F|  |TAMS 0x00000000a4f00000, 0x00000000a4f00000| Untracked 
|  80|0x00000000a5000000, 0x00000000a5000000, 0x00000000a5100000|  0%| F|  |TAMS 0x00000000a5000000, 0x00000000a5000000| Untracked 
|  81|0x00000000a5100000, 0x00000000a5100000, 0x00000000a5200000|  0%| F|  |TAMS 0x00000000a5100000, 0x00000000a5100000| Untracked 
|  82|0x00000000a5200000, 0x00000000a5200000, 0x00000000a5300000|  0%| F|  |TAMS 0x00000000a5200000, 0x00000000a5200000| Untracked 
|  83|0x00000000a5300000, 0x00000000a5300000, 0x00000000a5400000|  0%| F|  |TAMS 0x00000000a5300000, 0x00000000a5300000| Untracked 
|  84|0x00000000a5400000, 0x00000000a5400000, 0x00000000a5500000|  0%| F|  |TAMS 0x00000000a5400000, 0x00000000a5400000| Untracked 
|  85|0x00000000a5500000, 0x00000000a5500000, 0x00000000a5600000|  0%| F|  |TAMS 0x00000000a5500000, 0x00000000a5500000| Untracked 
|  86|0x00000000a5600000, 0x00000000a5600000, 0x00000000a5700000|  0%| F|  |TAMS 0x00000000a5600000, 0x00000000a5600000| Untracked 
|  87|0x00000000a5700000, 0x00000000a5700000, 0x00000000a5800000|  0%| F|  |TAMS 0x00000000a5700000, 0x00000000a5700000| Untracked 
|  88|0x00000000a5800000, 0x00000000a5800000, 0x00000000a5900000|  0%| F|  |TAMS 0x00000000a5800000, 0x00000000a5800000| Untracked 
|  89|0x00000000a5900000, 0x00000000a5900000, 0x00000000a5a00000|  0%| F|  |TAMS 0x00000000a5900000, 0x00000000a5900000| Untracked 
|  90|0x00000000a5a00000, 0x00000000a5a00000, 0x00000000a5b00000|  0%| F|  |TAMS 0x00000000a5a00000, 0x00000000a5a00000| Untracked 
|  91|0x00000000a5b00000, 0x00000000a5b00000, 0x00000000a5c00000|  0%| F|  |TAMS 0x00000000a5b00000, 0x00000000a5b00000| Untracked 
|  92|0x00000000a5c00000, 0x00000000a5c00000, 0x00000000a5d00000|  0%| F|  |TAMS 0x00000000a5c00000, 0x00000000a5c00000| Untracked 
|  93|0x00000000a5d00000, 0x00000000a5d00000, 0x00000000a5e00000|  0%| F|  |TAMS 0x00000000a5d00000, 0x00000000a5d00000| Untracked 
|  94|0x00000000a5e00000, 0x00000000a5e00000, 0x00000000a5f00000|  0%| F|  |TAMS 0x00000000a5e00000, 0x00000000a5e00000| Untracked 
|  95|0x00000000a5f00000, 0x00000000a5f00000, 0x00000000a6000000|  0%| F|  |TAMS 0x00000000a5f00000, 0x00000000a5f00000| Untracked 
|  96|0x00000000a6000000, 0x00000000a6000000, 0x00000000a6100000|  0%| F|  |TAMS 0x00000000a6000000, 0x00000000a6000000| Untracked 
|  97|0x00000000a6100000, 0x00000000a6100000, 0x00000000a6200000|  0%| F|  |TAMS 0x00000000a6100000, 0x00000000a6100000| Untracked 
|  98|0x00000000a6200000, 0x00000000a6200000, 0x00000000a6300000|  0%| F|  |TAMS 0x00000000a6200000, 0x00000000a6200000| Untracked 
|  99|0x00000000a6300000, 0x00000000a6300000, 0x00000000a6400000|  0%| F|  |TAMS 0x00000000a6300000, 0x00000000a6300000| Untracked 
| 100|0x00000000a6400000, 0x00000000a6400000, 0x00000000a6500000|  0%| F|  |TAMS 0x00000000a6400000, 0x00000000a6400000| Untracked 
| 101|0x00000000a6500000, 0x00000000a6500000, 0x00000000a6600000|  0%| F|  |TAMS 0x00000000a6500000, 0x00000000a6500000| Untracked 
| 102|0x00000000a6600000, 0x00000000a6600000, 0x00000000a6700000|  0%| F|  |TAMS 0x00000000a6600000, 0x00000000a6600000| Untracked 
| 103|0x00000000a6700000, 0x00000000a6700000, 0x00000000a6800000|  0%| F|  |TAMS 0x00000000a6700000, 0x00000000a6700000| Untracked 
| 104|0x00000000a6800000, 0x00000000a6800000, 0x00000000a6900000|  0%| F|  |TAMS 0x00000000a6800000, 0x00000000a6800000| Untracked 
| 105|0x00000000a6900000, 0x00000000a6900000, 0x00000000a6a00000|  0%| F|  |TAMS 0x00000000a6900000, 0x00000000a6900000| Untracked 
| 106|0x00000000a6a00000, 0x00000000a6a00000, 0x00000000a6b00000|  0%| F|  |TAMS 0x00000000a6a00000, 0x00000000a6a00000| Untracked 
| 107|0x00000000a6b00000, 0x00000000a6b00000, 0x00000000a6c00000|  0%| F|  |TAMS 0x00000000a6b00000, 0x00000000a6b00000| Untracked 
| 108|0x00000000a6c00000, 0x00000000a6c00000, 0x00000000a6d00000|  0%| F|  |TAMS 0x00000000a6c00000, 0x00000000a6c00000| Untracked 
| 109|0x00000000a6d00000, 0x00000000a6d00000, 0x00000000a6e00000|  0%| F|  |TAMS 0x00000000a6d00000, 0x00000000a6d00000| Untracked 
| 110|0x00000000a6e00000, 0x00000000a6e00000, 0x00000000a6f00000|  0%| F|  |TAMS 0x00000000a6e00000, 0x00000000a6e00000| Untracked 
| 111|0x00000000a6f00000, 0x00000000a6f00000, 0x00000000a7000000|  0%| F|  |TAMS 0x00000000a6f00000, 0x00000000a6f00000| Untracked 
| 112|0x00000000a7000000, 0x00000000a7000000, 0x00000000a7100000|  0%| F|  |TAMS 0x00000000a7000000, 0x00000000a7000000| Untracked 
| 113|0x00000000a7100000, 0x00000000a7100000, 0x00000000a7200000|  0%| F|  |TAMS 0x00000000a7100000, 0x00000000a7100000| Untracked 
| 114|0x00000000a7200000, 0x00000000a7200000, 0x00000000a7300000|  0%| F|  |TAMS 0x00000000a7200000, 0x00000000a7200000| Untracked 
| 115|0x00000000a7300000, 0x00000000a7300000, 0x00000000a7400000|  0%| F|  |TAMS 0x00000000a7300000, 0x00000000a7300000| Untracked 
| 116|0x00000000a7400000, 0x00000000a7400000, 0x00000000a7500000|  0%| F|  |TAMS 0x00000000a7400000, 0x00000000a7400000| Untracked 
| 117|0x00000000a7500000, 0x00000000a7500000, 0x00000000a7600000|  0%| F|  |TAMS 0x00000000a7500000, 0x00000000a7500000| Untracked 
| 118|0x00000000a7600000, 0x00000000a7600000, 0x00000000a7700000|  0%| F|  |TAMS 0x00000000a7600000, 0x00000000a7600000| Untracked 
| 119|0x00000000a7700000, 0x00000000a7700000, 0x00000000a7800000|  0%| F|  |TAMS 0x00000000a7700000, 0x00000000a7700000| Untracked 
| 120|0x00000000a7800000, 0x00000000a7800000, 0x00000000a7900000|  0%| F|  |TAMS 0x00000000a7800000, 0x00000000a7800000| Untracked 
| 121|0x00000000a7900000, 0x00000000a7900000, 0x00000000a7a00000|  0%| F|  |TAMS 0x00000000a7900000, 0x00000000a7900000| Untracked 
| 122|0x00000000a7a00000, 0x00000000a7a00000, 0x00000000a7b00000|  0%| F|  |TAMS 0x00000000a7a00000, 0x00000000a7a00000| Untracked 
| 123|0x00000000a7b00000, 0x00000000a7b00000, 0x00000000a7c00000|  0%| F|  |TAMS 0x00000000a7b00000, 0x00000000a7b00000| Untracked 
| 124|0x00000000a7c00000, 0x00000000a7c00000, 0x00000000a7d00000|  0%| F|  |TAMS 0x00000000a7c00000, 0x00000000a7c00000| Untracked 
| 125|0x00000000a7d00000, 0x00000000a7d00000, 0x00000000a7e00000|  0%| F|  |TAMS 0x00000000a7d00000, 0x00000000a7d00000| Untracked 
| 126|0x00000000a7e00000, 0x00000000a7e00000, 0x00000000a7f00000|  0%| F|  |TAMS 0x00000000a7e00000, 0x00000000a7e00000| Untracked 
| 127|0x00000000a7f00000, 0x00000000a7f00000, 0x00000000a8000000|  0%| F|  |TAMS 0x00000000a7f00000, 0x00000000a7f00000| Untracked 
| 128|0x00000000a8000000, 0x00000000a8000000, 0x00000000a8100000|  0%| F|  |TAMS 0x00000000a8000000, 0x00000000a8000000| Untracked 
| 129|0x00000000a8100000, 0x00000000a8100000, 0x00000000a8200000|  0%| F|  |TAMS 0x00000000a8100000, 0x00000000a8100000| Untracked 
| 130|0x00000000a8200000, 0x00000000a8200000, 0x00000000a8300000|  0%| F|  |TAMS 0x00000000a8200000, 0x00000000a8200000| Untracked 
| 131|0x00000000a8300000, 0x00000000a8300000, 0x00000000a8400000|  0%| F|  |TAMS 0x00000000a8300000, 0x00000000a8300000| Untracked 
| 132|0x00000000a8400000, 0x00000000a8400000, 0x00000000a8500000|  0%| F|  |TAMS 0x00000000a8400000, 0x00000000a8400000| Untracked 
| 133|0x00000000a8500000, 0x00000000a8500000, 0x00000000a8600000|  0%| F|  |TAMS 0x00000000a8500000, 0x00000000a8500000| Untracked 
| 134|0x00000000a8600000, 0x00000000a8600000, 0x00000000a8700000|  0%| F|  |TAMS 0x00000000a8600000, 0x00000000a8600000| Untracked 
| 135|0x00000000a8700000, 0x00000000a8700000, 0x00000000a8800000|  0%| F|  |TAMS 0x00000000a8700000, 0x00000000a8700000| Untracked 
| 136|0x00000000a8800000, 0x00000000a8800000, 0x00000000a8900000|  0%| F|  |TAMS 0x00000000a8800000, 0x00000000a8800000| Untracked 
| 137|0x00000000a8900000, 0x00000000a8900000, 0x00000000a8a00000|  0%| F|  |TAMS 0x00000000a8900000, 0x00000000a8900000| Untracked 
| 138|0x00000000a8a00000, 0x00000000a8a00000, 0x00000000a8b00000|  0%| F|  |TAMS 0x00000000a8a00000, 0x00000000a8a00000| Untracked 
| 139|0x00000000a8b00000, 0x00000000a8b00000, 0x00000000a8c00000|  0%| F|  |TAMS 0x00000000a8b00000, 0x00000000a8b00000| Untracked 
| 140|0x00000000a8c00000, 0x00000000a8c00000, 0x00000000a8d00000|  0%| F|  |TAMS 0x00000000a8c00000, 0x00000000a8c00000| Untracked 
| 141|0x00000000a8d00000, 0x00000000a8d00000, 0x00000000a8e00000|  0%| F|  |TAMS 0x00000000a8d00000, 0x00000000a8d00000| Untracked 
| 142|0x00000000a8e00000, 0x00000000a8e00000, 0x00000000a8f00000|  0%| F|  |TAMS 0x00000000a8e00000, 0x00000000a8e00000| Untracked 
| 143|0x00000000a8f00000, 0x00000000a8f00000, 0x00000000a9000000|  0%| F|  |TAMS 0x00000000a8f00000, 0x00000000a8f00000| Untracked 
| 144|0x00000000a9000000, 0x00000000a9000000, 0x00000000a9100000|  0%| F|  |TAMS 0x00000000a9000000, 0x00000000a9000000| Untracked 
| 145|0x00000000a9100000, 0x00000000a9100000, 0x00000000a9200000|  0%| F|  |TAMS 0x00000000a9100000, 0x00000000a9100000| Untracked 
| 146|0x00000000a9200000, 0x00000000a9200000, 0x00000000a9300000|  0%| F|  |TAMS 0x00000000a9200000, 0x00000000a9200000| Untracked 
| 147|0x00000000a9300000, 0x00000000a9300000, 0x00000000a9400000|  0%| F|  |TAMS 0x00000000a9300000, 0x00000000a9300000| Untracked 
| 148|0x00000000a9400000, 0x00000000a9400000, 0x00000000a9500000|  0%| F|  |TAMS 0x00000000a9400000, 0x00000000a9400000| Untracked 
| 149|0x00000000a9500000, 0x00000000a9500000, 0x00000000a9600000|  0%| F|  |TAMS 0x00000000a9500000, 0x00000000a9500000| Untracked 
| 150|0x00000000a9600000, 0x00000000a9600000, 0x00000000a9700000|  0%| F|  |TAMS 0x00000000a9600000, 0x00000000a9600000| Untracked 
| 151|0x00000000a9700000, 0x00000000a9700000, 0x00000000a9800000|  0%| F|  |TAMS 0x00000000a9700000, 0x00000000a9700000| Untracked 
| 152|0x00000000a9800000, 0x00000000a9800000, 0x00000000a9900000|  0%| F|  |TAMS 0x00000000a9800000, 0x00000000a9800000| Untracked 
| 153|0x00000000a9900000, 0x00000000a9900000, 0x00000000a9a00000|  0%| F|  |TAMS 0x00000000a9900000, 0x00000000a9900000| Untracked 
| 154|0x00000000a9a00000, 0x00000000a9a00000, 0x00000000a9b00000|  0%| F|  |TAMS 0x00000000a9a00000, 0x00000000a9a00000| Untracked 
| 155|0x00000000a9b00000, 0x00000000a9b00000, 0x00000000a9c00000|  0%| F|  |TAMS 0x00000000a9b00000, 0x00000000a9b00000| Untracked 
| 156|0x00000000a9c00000, 0x00000000a9c00000, 0x00000000a9d00000|  0%| F|  |TAMS 0x00000000a9c00000, 0x00000000a9c00000| Untracked 
| 157|0x00000000a9d00000, 0x00000000a9d00000, 0x00000000a9e00000|  0%| F|  |TAMS 0x00000000a9d00000, 0x00000000a9d00000| Untracked 
| 158|0x00000000a9e00000, 0x00000000a9e00000, 0x00000000a9f00000|  0%| F|  |TAMS 0x00000000a9e00000, 0x00000000a9e00000| Untracked 
| 159|0x00000000a9f00000, 0x00000000a9f00000, 0x00000000aa000000|  0%| F|  |TAMS 0x00000000a9f00000, 0x00000000a9f00000| Untracked 
| 160|0x00000000aa000000, 0x00000000aa000000, 0x00000000aa100000|  0%| F|  |TAMS 0x00000000aa000000, 0x00000000aa000000| Untracked 
| 161|0x00000000aa100000, 0x00000000aa200000, 0x00000000aa200000|100%| E|  |TAMS 0x00000000aa100000, 0x00000000aa100000| Complete 
| 162|0x00000000aa200000, 0x00000000aa300000, 0x00000000aa300000|100%| E|CS|TAMS 0x00000000aa200000, 0x00000000aa200000| Complete 
| 163|0x00000000aa300000, 0x00000000aa400000, 0x00000000aa400000|100%| E|CS|TAMS 0x00000000aa300000, 0x00000000aa300000| Complete 
| 164|0x00000000aa400000, 0x00000000aa500000, 0x00000000aa500000|100%| E|CS|TAMS 0x00000000aa400000, 0x00000000aa400000| Complete 
| 165|0x00000000aa500000, 0x00000000aa600000, 0x00000000aa600000|100%| E|CS|TAMS 0x00000000aa500000, 0x00000000aa500000| Complete 
| 166|0x00000000aa600000, 0x00000000aa700000, 0x00000000aa700000|100%| E|CS|TAMS 0x00000000aa600000, 0x00000000aa600000| Complete 
| 167|0x00000000aa700000, 0x00000000aa800000, 0x00000000aa800000|100%| E|CS|TAMS 0x00000000aa700000, 0x00000000aa700000| Complete 
| 168|0x00000000aa800000, 0x00000000aa900000, 0x00000000aa900000|100%| E|CS|TAMS 0x00000000aa800000, 0x00000000aa800000| Complete 
| 169|0x00000000aa900000, 0x00000000aaa00000, 0x00000000aaa00000|100%| E|CS|TAMS 0x00000000aa900000, 0x00000000aa900000| Complete 
| 170|0x00000000aaa00000, 0x00000000aab00000, 0x00000000aab00000|100%| E|CS|TAMS 0x00000000aaa00000, 0x00000000aaa00000| Complete 
| 171|0x00000000aab00000, 0x00000000aac00000, 0x00000000aac00000|100%| E|CS|TAMS 0x00000000aab00000, 0x00000000aab00000| Complete 
| 172|0x00000000aac00000, 0x00000000aad00000, 0x00000000aad00000|100%| E|CS|TAMS 0x00000000aac00000, 0x00000000aac00000| Complete 
| 173|0x00000000aad00000, 0x00000000aae00000, 0x00000000aae00000|100%| E|CS|TAMS 0x00000000aad00000, 0x00000000aad00000| Complete 
| 174|0x00000000aae00000, 0x00000000aaf00000, 0x00000000aaf00000|100%| E|CS|TAMS 0x00000000aae00000, 0x00000000aae00000| Complete 
| 175|0x00000000aaf00000, 0x00000000ab000000, 0x00000000ab000000|100%| E|CS|TAMS 0x00000000aaf00000, 0x00000000aaf00000| Complete 
| 176|0x00000000ab000000, 0x00000000ab100000, 0x00000000ab100000|100%| E|CS|TAMS 0x00000000ab000000, 0x00000000ab000000| Complete 
| 177|0x00000000ab100000, 0x00000000ab200000, 0x00000000ab200000|100%| E|CS|TAMS 0x00000000ab100000, 0x00000000ab100000| Complete 
| 178|0x00000000ab200000, 0x00000000ab300000, 0x00000000ab300000|100%| E|CS|TAMS 0x00000000ab200000, 0x00000000ab200000| Complete 
| 179|0x00000000ab300000, 0x00000000ab400000, 0x00000000ab400000|100%| E|CS|TAMS 0x00000000ab300000, 0x00000000ab300000| Complete 
| 180|0x00000000ab400000, 0x00000000ab500000, 0x00000000ab500000|100%| E|CS|TAMS 0x00000000ab400000, 0x00000000ab400000| Complete 
| 181|0x00000000ab500000, 0x00000000ab600000, 0x00000000ab600000|100%| E|CS|TAMS 0x00000000ab500000, 0x00000000ab500000| Complete 
| 182|0x00000000ab600000, 0x00000000ab700000, 0x00000000ab700000|100%| E|CS|TAMS 0x00000000ab600000, 0x00000000ab600000| Complete 
| 183|0x00000000ab700000, 0x00000000ab800000, 0x00000000ab800000|100%| E|CS|TAMS 0x00000000ab700000, 0x00000000ab700000| Complete 
| 184|0x00000000ab800000, 0x00000000ab900000, 0x00000000ab900000|100%| E|CS|TAMS 0x00000000ab800000, 0x00000000ab800000| Complete 
| 185|0x00000000ab900000, 0x00000000aba00000, 0x00000000aba00000|100%| E|CS|TAMS 0x00000000ab900000, 0x00000000ab900000| Complete 
| 186|0x00000000aba00000, 0x00000000abb00000, 0x00000000abb00000|100%| E|CS|TAMS 0x00000000aba00000, 0x00000000aba00000| Complete 
| 187|0x00000000abb00000, 0x00000000abc00000, 0x00000000abc00000|100%| E|CS|TAMS 0x00000000abb00000, 0x00000000abb00000| Complete 
| 188|0x00000000abc00000, 0x00000000abd00000, 0x00000000abd00000|100%| E|CS|TAMS 0x00000000abc00000, 0x00000000abc00000| Complete 
| 189|0x00000000abd00000, 0x00000000abe00000, 0x00000000abe00000|100%| E|CS|TAMS 0x00000000abd00000, 0x00000000abd00000| Complete 
| 190|0x00000000abe00000, 0x00000000abf00000, 0x00000000abf00000|100%| E|CS|TAMS 0x00000000abe00000, 0x00000000abe00000| Complete 
| 191|0x00000000abf00000, 0x00000000ac000000, 0x00000000ac000000|100%| E|CS|TAMS 0x00000000abf00000, 0x00000000abf00000| Complete 
| 192|0x00000000ac000000, 0x00000000ac100000, 0x00000000ac100000|100%| E|CS|TAMS 0x00000000ac000000, 0x00000000ac000000| Complete 
| 193|0x00000000ac100000, 0x00000000ac200000, 0x00000000ac200000|100%| E|CS|TAMS 0x00000000ac100000, 0x00000000ac100000| Complete 
| 194|0x00000000ac200000, 0x00000000ac300000, 0x00000000ac300000|100%| E|CS|TAMS 0x00000000ac200000, 0x00000000ac200000| Complete 
| 195|0x00000000ac300000, 0x00000000ac400000, 0x00000000ac400000|100%| E|CS|TAMS 0x00000000ac300000, 0x00000000ac300000| Complete 
| 196|0x00000000ac400000, 0x00000000ac500000, 0x00000000ac500000|100%| E|CS|TAMS 0x00000000ac400000, 0x00000000ac400000| Complete 
| 197|0x00000000ac500000, 0x00000000ac600000, 0x00000000ac600000|100%| E|CS|TAMS 0x00000000ac500000, 0x00000000ac500000| Complete 
| 198|0x00000000ac600000, 0x00000000ac700000, 0x00000000ac700000|100%| E|CS|TAMS 0x00000000ac600000, 0x00000000ac600000| Complete 
| 199|0x00000000ac700000, 0x00000000ac800000, 0x00000000ac800000|100%| E|CS|TAMS 0x00000000ac700000, 0x00000000ac700000| Complete 
| 200|0x00000000ac800000, 0x00000000ac900000, 0x00000000ac900000|100%| E|CS|TAMS 0x00000000ac800000, 0x00000000ac800000| Complete 
| 201|0x00000000ac900000, 0x00000000aca00000, 0x00000000aca00000|100%| E|CS|TAMS 0x00000000ac900000, 0x00000000ac900000| Complete 
| 202|0x00000000aca00000, 0x00000000acb00000, 0x00000000acb00000|100%| E|CS|TAMS 0x00000000aca00000, 0x00000000aca00000| Complete 
| 203|0x00000000acb00000, 0x00000000acc00000, 0x00000000acc00000|100%| E|CS|TAMS 0x00000000acb00000, 0x00000000acb00000| Complete 
| 204|0x00000000acc00000, 0x00000000acd00000, 0x00000000acd00000|100%| E|CS|TAMS 0x00000000acc00000, 0x00000000acc00000| Complete 
| 205|0x00000000acd00000, 0x00000000ace00000, 0x00000000ace00000|100%| E|CS|TAMS 0x00000000acd00000, 0x00000000acd00000| Complete 
| 206|0x00000000ace00000, 0x00000000acf00000, 0x00000000acf00000|100%| E|CS|TAMS 0x00000000ace00000, 0x00000000ace00000| Complete 
| 207|0x00000000acf00000, 0x00000000ad000000, 0x00000000ad000000|100%| E|CS|TAMS 0x00000000acf00000, 0x00000000acf00000| Complete 
| 208|0x00000000ad000000, 0x00000000ad100000, 0x00000000ad100000|100%| E|CS|TAMS 0x00000000ad000000, 0x00000000ad000000| Complete 
| 209|0x00000000ad100000, 0x00000000ad200000, 0x00000000ad200000|100%| E|CS|TAMS 0x00000000ad100000, 0x00000000ad100000| Complete 
| 210|0x00000000ad200000, 0x00000000ad300000, 0x00000000ad300000|100%| E|CS|TAMS 0x00000000ad200000, 0x00000000ad200000| Complete 
| 211|0x00000000ad300000, 0x00000000ad400000, 0x00000000ad400000|100%| E|CS|TAMS 0x00000000ad300000, 0x00000000ad300000| Complete 
| 212|0x00000000ad400000, 0x00000000ad500000, 0x00000000ad500000|100%| E|CS|TAMS 0x00000000ad400000, 0x00000000ad400000| Complete 
| 213|0x00000000ad500000, 0x00000000ad600000, 0x00000000ad600000|100%| E|CS|TAMS 0x00000000ad500000, 0x00000000ad500000| Complete 
| 214|0x00000000ad600000, 0x00000000ad700000, 0x00000000ad700000|100%| E|CS|TAMS 0x00000000ad600000, 0x00000000ad600000| Complete 
| 215|0x00000000ad700000, 0x00000000ad800000, 0x00000000ad800000|100%| E|CS|TAMS 0x00000000ad700000, 0x00000000ad700000| Complete 
| 216|0x00000000ad800000, 0x00000000ad900000, 0x00000000ad900000|100%| E|CS|TAMS 0x00000000ad800000, 0x00000000ad800000| Complete 
| 217|0x00000000ad900000, 0x00000000ada00000, 0x00000000ada00000|100%| E|CS|TAMS 0x00000000ad900000, 0x00000000ad900000| Complete 
| 218|0x00000000ada00000, 0x00000000adb00000, 0x00000000adb00000|100%| E|CS|TAMS 0x00000000ada00000, 0x00000000ada00000| Complete 
| 219|0x00000000adb00000, 0x00000000adba4da0, 0x00000000adc00000| 64%| S|CS|TAMS 0x00000000adb00000, 0x00000000adb00000| Complete 
| 220|0x00000000adc00000, 0x00000000add00000, 0x00000000add00000|100%| S|CS|TAMS 0x00000000adc00000, 0x00000000adc00000| Complete 
| 221|0x00000000add00000, 0x00000000ade00000, 0x00000000ade00000|100%| S|CS|TAMS 0x00000000add00000, 0x00000000add00000| Complete 
| 222|0x00000000ade00000, 0x00000000adf00000, 0x00000000adf00000|100%| E|CS|TAMS 0x00000000ade00000, 0x00000000ade00000| Complete 
| 223|0x00000000adf00000, 0x00000000ae000000, 0x00000000ae000000|100%| E|CS|TAMS 0x00000000adf00000, 0x00000000adf00000| Complete 
| 224|0x00000000ae000000, 0x00000000ae100000, 0x00000000ae100000|100%| E|CS|TAMS 0x00000000ae000000, 0x00000000ae000000| Complete 
| 225|0x00000000ae100000, 0x00000000ae200000, 0x00000000ae200000|100%| E|CS|TAMS 0x00000000ae100000, 0x00000000ae100000| Complete 
| 226|0x00000000ae200000, 0x00000000ae300000, 0x00000000ae300000|100%| E|CS|TAMS 0x00000000ae200000, 0x00000000ae200000| Complete 
| 227|0x00000000ae300000, 0x00000000ae400000, 0x00000000ae400000|100%| E|CS|TAMS 0x00000000ae300000, 0x00000000ae300000| Complete 
| 228|0x00000000ae400000, 0x00000000ae500000, 0x00000000ae500000|100%| E|CS|TAMS 0x00000000ae400000, 0x00000000ae400000| Complete 
| 229|0x00000000ae500000, 0x00000000ae600000, 0x00000000ae600000|100%| E|CS|TAMS 0x00000000ae500000, 0x00000000ae500000| Complete 
| 230|0x00000000ae600000, 0x00000000ae700000, 0x00000000ae700000|100%| E|CS|TAMS 0x00000000ae600000, 0x00000000ae600000| Complete 
| 231|0x00000000ae700000, 0x00000000ae800000, 0x00000000ae800000|100%| E|CS|TAMS 0x00000000ae700000, 0x00000000ae700000| Complete 
| 232|0x00000000ae800000, 0x00000000ae900000, 0x00000000ae900000|100%| E|CS|TAMS 0x00000000ae800000, 0x00000000ae800000| Complete 
| 233|0x00000000ae900000, 0x00000000aea00000, 0x00000000aea00000|100%| E|CS|TAMS 0x00000000ae900000, 0x00000000ae900000| Complete 
| 234|0x00000000aea00000, 0x00000000aeb00000, 0x00000000aeb00000|100%| E|CS|TAMS 0x00000000aea00000, 0x00000000aea00000| Complete 
| 235|0x00000000aeb00000, 0x00000000aec00000, 0x00000000aec00000|100%| E|CS|TAMS 0x00000000aeb00000, 0x00000000aeb00000| Complete 
| 236|0x00000000aec00000, 0x00000000aed00000, 0x00000000aed00000|100%| E|CS|TAMS 0x00000000aec00000, 0x00000000aec00000| Complete 
| 237|0x00000000aed00000, 0x00000000aee00000, 0x00000000aee00000|100%| E|CS|TAMS 0x00000000aed00000, 0x00000000aed00000| Complete 
| 238|0x00000000aee00000, 0x00000000aef00000, 0x00000000aef00000|100%| E|CS|TAMS 0x00000000aee00000, 0x00000000aee00000| Complete 
| 239|0x00000000aef00000, 0x00000000af000000, 0x00000000af000000|100%| E|CS|TAMS 0x00000000aef00000, 0x00000000aef00000| Complete 
| 240|0x00000000af000000, 0x00000000af100000, 0x00000000af100000|100%| E|CS|TAMS 0x00000000af000000, 0x00000000af000000| Complete 
| 241|0x00000000af100000, 0x00000000af200000, 0x00000000af200000|100%| E|CS|TAMS 0x00000000af100000, 0x00000000af100000| Complete 
| 242|0x00000000af200000, 0x00000000af300000, 0x00000000af300000|100%| E|CS|TAMS 0x00000000af200000, 0x00000000af200000| Complete 
| 243|0x00000000af300000, 0x00000000af400000, 0x00000000af400000|100%| E|CS|TAMS 0x00000000af300000, 0x00000000af300000| Complete 
| 244|0x00000000af400000, 0x00000000af500000, 0x00000000af500000|100%| E|CS|TAMS 0x00000000af400000, 0x00000000af400000| Complete 
| 245|0x00000000af500000, 0x00000000af600000, 0x00000000af600000|100%| E|CS|TAMS 0x00000000af500000, 0x00000000af500000| Complete 
| 246|0x00000000af600000, 0x00000000af700000, 0x00000000af700000|100%| E|CS|TAMS 0x00000000af600000, 0x00000000af600000| Complete 
| 247|0x00000000af700000, 0x00000000af800000, 0x00000000af800000|100%| E|CS|TAMS 0x00000000af700000, 0x00000000af700000| Complete 
| 248|0x00000000af800000, 0x00000000af900000, 0x00000000af900000|100%| E|CS|TAMS 0x00000000af800000, 0x00000000af800000| Complete 
| 249|0x00000000af900000, 0x00000000afa00000, 0x00000000afa00000|100%| E|CS|TAMS 0x00000000af900000, 0x00000000af900000| Complete 
| 250|0x00000000afa00000, 0x00000000afb00000, 0x00000000afb00000|100%| E|CS|TAMS 0x00000000afa00000, 0x00000000afa00000| Complete 
| 251|0x00000000afb00000, 0x00000000afc00000, 0x00000000afc00000|100%| E|CS|TAMS 0x00000000afb00000, 0x00000000afb00000| Complete 

Card table byte_map: [0x0000026f4e310000,0x0000026f4e610000] _byte_map_base: 0x0000026f4de10000

Marking Bits (Prev, Next): (CMBitMap*) 0x0000026f371cd470, (CMBitMap*) 0x0000026f371cd4b0
 Prev Bits: [0x0000026f4e910000, 0x0000026f50110000)
 Next Bits: [0x0000026f50110000, 0x0000026f51910000)

Polling page: 0x0000026f35150000

Metaspace:

Usage:
  Non-class:     15.06 MB used.
      Class:      2.58 MB used.
       Both:     17.64 MB used.

Virtual space:
  Non-class space:       64.00 MB reserved,      15.19 MB ( 24%) committed,  1 nodes.
      Class space:        1.00 GB reserved,       2.75 MB ( <1%) committed,  1 nodes.
             Both:        1.06 GB reserved,      17.94 MB (  2%) committed. 

Chunk freelists:
   Non-Class:  272.00 KB
       Class:  13.28 MB
        Both:  13.55 MB

MaxMetaspaceSize: unlimited
CompressedClassSpaceSize: 1.00 GB
Initial GC threshold: 21.00 MB
Current GC threshold: 21.00 MB
CDS: on
MetaspaceReclaimPolicy: balanced
 - commit_granule_bytes: 65536.
 - commit_granule_words: 8192.
 - virtual_space_node_default_size: 8388608.
 - enlarge_chunks_in_place: 1.
 - new_chunks_are_fully_committed: 0.
 - uncommit_free_chunks: 1.
 - use_allocation_guard: 0.
 - handle_deallocations: 1.


Internal statistics:

num_allocs_failed_limit: 0.
num_arena_births: 218.
num_arena_deaths: 0.
num_vsnodes_births: 2.
num_vsnodes_deaths: 0.
num_space_committed: 287.
num_space_uncommitted: 0.
num_chunks_returned_to_freelist: 0.
num_chunks_taken_from_freelist: 809.
num_chunk_merges: 0.
num_chunk_splits: 554.
num_chunks_enlarged: 424.
num_inconsistent_stats: 0.

CodeHeap 'non-profiled nmethods': size=120000Kb used=1273Kb max_used=1273Kb free=118727Kb
 bounds [0x0000026f467b0000, 0x0000026f46a20000, 0x0000026f4dce0000]
CodeHeap 'profiled nmethods': size=120000Kb used=5035Kb max_used=5035Kb free=114964Kb
 bounds [0x0000026f3ece0000, 0x0000026f3f1d0000, 0x0000026f46210000]
CodeHeap 'non-nmethods': size=5760Kb used=1213Kb max_used=1279Kb free=4547Kb
 bounds [0x0000026f46210000, 0x0000026f46480000, 0x0000026f467b0000]
 total_blobs=3004 nmethods=2484 adapters=432
 compilation: enabled
              stopped_count=0, restarted_count=0
 full_count=0

Compilation events (20 events):
Event: 4.547 Thread 0x0000026f543a95d0 2479       3       com.google.common.io.LineBuffer::add (204 bytes)
Event: 4.548 Thread 0x0000026f543a95d0 nmethod 2479 0x0000026f3f1c4490 code [0x0000026f3f1c46c0, 0x0000026f3f1c4e78]
Event: 4.548 Thread 0x0000026f543a95d0 2481       3       com.google.common.collect.RegularImmutableMap::checkNoConflictInKeyBucket (119 bytes)
Event: 4.551 Thread 0x0000026f543a95d0 nmethod 2481 0x0000026f3f1c5210 code [0x0000026f3f1c5560, 0x0000026f3f1c68d8]
Event: 4.551 Thread 0x0000026f543a95d0 2480       1       com.google.common.collect.ImmutableMapEntry::isReusable (2 bytes)
Event: 4.551 Thread 0x0000026f543a95d0 nmethod 2480 0x0000026f468edb10 code [0x0000026f468edca0, 0x0000026f468edd78]
Event: 4.551 Thread 0x0000026f543a95d0 2482       3       com.google.common.collect.RegularImmutableMap::makeImmutable (44 bytes)
Event: 4.552 Thread 0x0000026f543a95d0 nmethod 2482 0x0000026f3f1c7090 code [0x0000026f3f1c72a0, 0x0000026f3f1c7b18]
Event: 4.552 Thread 0x0000026f543a95d0 2483       1       com.google.common.collect.ImmutableMapEntry::getNextInKeyBucket (2 bytes)
Event: 4.552 Thread 0x0000026f543a95d0 nmethod 2483 0x0000026f468ede10 code [0x0000026f468edfa0, 0x0000026f468ee078]
Event: 4.552 Thread 0x0000026f543a95d0 2485       3       com.google.common.collect.ImmutableMapEntry$NonTerminalImmutableMapEntry::<init> (12 bytes)
Event: 4.552 Thread 0x0000026f543a95d0 nmethod 2485 0x0000026f3f1c7d10 code [0x0000026f3f1c7ee0, 0x0000026f3f1c82c8]
Event: 4.552 Thread 0x0000026f543a95d0 2484       1       com.google.common.collect.ImmutableMapEntry$NonTerminalImmutableMapEntry::getNextInKeyBucket (5 bytes)
Event: 4.552 Thread 0x0000026f543a95d0 nmethod 2484 0x0000026f468ee110 code [0x0000026f468ee2a0, 0x0000026f468ee378]
Event: 4.562 Thread 0x0000026f543a95d0 2486       3       java.util.concurrent.locks.AbstractQueuedSynchronizer::<init> (5 bytes)
Event: 4.563 Thread 0x0000026f543a95d0 nmethod 2486 0x0000026f3f1c8490 code [0x0000026f3f1c8640, 0x0000026f3f1c87f8]
Event: 4.563 Thread 0x0000026f543a95d0 2487       3       java.util.concurrent.locks.AbstractOwnableSynchronizer::<init> (5 bytes)
Event: 4.563 Thread 0x0000026f543a95d0 nmethod 2487 0x0000026f3f1c8910 code [0x0000026f3f1c8ac0, 0x0000026f3f1c8c18]
Event: 4.563 Thread 0x0000026f543a95d0 2488       3       java.lang.WeakPairMap$Pair$Lookup::equals (31 bytes)
Event: 4.563 Thread 0x0000026f543a95d0 nmethod 2488 0x0000026f3f1c8d10 code [0x0000026f3f1c8f00, 0x0000026f3f1c95b8]

GC Heap History (4 events):
Event: 0.919 GC heap before
{Heap before GC invocations=0 (full 0):
 garbage-first heap   total 258048K, used 27648K [0x00000000a0000000, 0x0000000100000000)
  region size 1024K, 23 young (23552K), 0 survivors (0K)
 Metaspace       used 3075K, committed 3200K, reserved 1114112K
  class space    used 393K, committed 448K, reserved 1048576K
}
Event: 0.927 GC heap after
{Heap after GC invocations=1 (full 0):
 garbage-first heap   total 258048K, used 10400K [0x00000000a0000000, 0x0000000100000000)
  region size 1024K, 3 young (3072K), 3 survivors (3072K)
 Metaspace       used 3075K, committed 3200K, reserved 1114112K
  class space    used 393K, committed 448K, reserved 1048576K
}
Event: 1.346 GC heap before
{Heap before GC invocations=1 (full 0):
 garbage-first heap   total 258048K, used 39072K [0x00000000a0000000, 0x0000000100000000)
  region size 1024K, 30 young (30720K), 3 survivors (3072K)
 Metaspace       used 4033K, committed 4224K, reserved 1114112K
  class space    used 491K, committed 576K, reserved 1048576K
}
Event: 1.351 GC heap after
{Heap after GC invocations=2 (full 0):
 garbage-first heap   total 258048K, used 13278K [0x00000000a0000000, 0x0000000100000000)
  region size 1024K, 3 young (3072K), 3 survivors (3072K)
 Metaspace       used 4033K, committed 4224K, reserved 1114112K
  class space    used 491K, committed 576K, reserved 1048576K
}

Dll operation events (15 events):
Event: 0.013 Loaded shared library E:\JAVA\bin\java.dll
Event: 0.038 Loaded shared library E:\JAVA\bin\jsvml.dll
Event: 0.115 Loaded shared library E:\JAVA\bin\zip.dll
Event: 0.118 Loaded shared library E:\JAVA\bin\instrument.dll
Event: 0.125 Loaded shared library E:\JAVA\bin\net.dll
Event: 0.128 Loaded shared library E:\JAVA\bin\nio.dll
Event: 0.133 Loaded shared library E:\JAVA\bin\zip.dll
Event: 0.321 Loaded shared library E:\JAVA\bin\jimage.dll
Event: 0.430 Loaded shared library E:\JAVA\bin\verify.dll
Event: 0.746 Loaded shared library E:\gradle\native\68d5fa5c4cc2d200863cafc0d521ce42e7d3e7ee720ec0a83991735586a16f82\windows-amd64\native-platform.dll
Event: 0.758 Loaded shared library E:\gradle\native\e376f236ea51e6404a007f0833ffe2c6e607c4080706a723a18a27aeea778392\windows-amd64\native-platform-file-events.dll
Event: 1.753 Loaded shared library E:\JAVA\bin\management.dll
Event: 1.757 Loaded shared library E:\JAVA\bin\management_ext.dll
Event: 2.160 Loaded shared library E:\JAVA\bin\extnet.dll
Event: 2.853 Loaded shared library E:\JAVA\bin\sunmscapi.dll

Deoptimization events (20 events):
Event: 3.531 Thread 0x0000026f9c5b7920 DEOPT PACKING pc=0x0000026f468769c4 sp=0x000000bdc6bfb910
Event: 3.531 Thread 0x0000026f9c5b7920 DEOPT UNPACKING pc=0x0000026f462669a3 sp=0x000000bdc6bfb8a8 mode 2
Event: 3.643 Thread 0x0000026f9c5b7920 Uncommon trap: trap_request=0xffffff45 fr.pc=0x0000026f467cfc74 relative=0x00000000000001d4
Event: 3.643 Thread 0x0000026f9c5b7920 Uncommon trap: reason=unstable_if action=reinterpret pc=0x0000026f467cfc74 method=java.util.regex.Matcher.reset()Ljava/util/regex/Matcher; @ 47 c2
Event: 3.643 Thread 0x0000026f9c5b7920 DEOPT PACKING pc=0x0000026f467cfc74 sp=0x000000bdc6bfad90
Event: 3.643 Thread 0x0000026f9c5b7920 DEOPT UNPACKING pc=0x0000026f462669a3 sp=0x000000bdc6bfad20 mode 2
Event: 3.678 Thread 0x0000026f9c5b7920 Uncommon trap: trap_request=0xffffff45 fr.pc=0x0000026f4683a41c relative=0x000000000000075c
Event: 3.678 Thread 0x0000026f9c5b7920 Uncommon trap: reason=unstable_if action=reinterpret pc=0x0000026f4683a41c method=java.util.ArrayList.grow(I)[Ljava/lang/Object; @ 17 c2
Event: 3.678 Thread 0x0000026f9c5b7920 DEOPT PACKING pc=0x0000026f4683a41c sp=0x000000bdc6bfcd50
Event: 3.678 Thread 0x0000026f9c5b7920 DEOPT UNPACKING pc=0x0000026f462669a3 sp=0x000000bdc6bfcbe8 mode 2
Event: 3.718 Thread 0x0000026f9c5b7920 Uncommon trap: trap_request=0xffffff45 fr.pc=0x0000026f467d63a4 relative=0x0000000000000b04
Event: 3.718 Thread 0x0000026f9c5b7920 Uncommon trap: reason=unstable_if action=reinterpret pc=0x0000026f467d63a4 method=java.io.WinNTFileSystem.resolve(Ljava/lang/String;Ljava/lang/String;)Ljava/lang/String; @ 19 c2
Event: 3.718 Thread 0x0000026f9c5b7920 DEOPT PACKING pc=0x0000026f467d63a4 sp=0x000000bdc6bfcc30
Event: 3.718 Thread 0x0000026f9c5b7920 DEOPT UNPACKING pc=0x0000026f462669a3 sp=0x000000bdc6bfcbd8 mode 2
Event: 4.255 Thread 0x0000026f9c5b7920 Uncommon trap: trap_request=0xffffff45 fr.pc=0x0000026f468ca9b4 relative=0x00000000000003f4
Event: 4.255 Thread 0x0000026f9c5b7920 Uncommon trap: reason=unstable_if action=reinterpret pc=0x0000026f468ca9b4 method=java.util.HashMap.getNode(Ljava/lang/Object;)Ljava/util/HashMap$Node; @ 131 c2
Event: 4.255 Thread 0x0000026f9c5b7920 DEOPT PACKING pc=0x0000026f468ca9b4 sp=0x000000bdc6bfac60
Event: 4.255 Thread 0x0000026f9c5b7920 DEOPT UNPACKING pc=0x0000026f462669a3 sp=0x000000bdc6bfab80 mode 2
Event: 4.384 Thread 0x0000026f9c5b7920 DEOPT PACKING pc=0x0000026f3f0f96fc sp=0x000000bdc6bf9730
Event: 4.384 Thread 0x0000026f9c5b7920 DEOPT UNPACKING pc=0x0000026f46267143 sp=0x000000bdc6bf8cb0 mode 0

Classes loaded (20 events):
Event: 3.986 Loading class java/io/ObjectOutputStream
Event: 3.986 Loading class java/io/ObjectOutput
Event: 3.986 Loading class java/io/ObjectOutput done
Event: 3.987 Loading class java/io/ObjectStreamConstants
Event: 3.987 Loading class java/io/ObjectStreamConstants done
Event: 3.987 Loading class java/io/ObjectOutputStream done
Event: 3.988 Loading class java/io/ObjectInputStream
Event: 3.989 Loading class java/io/ObjectInput
Event: 3.989 Loading class java/io/ObjectInput done
Event: 3.989 Loading class java/io/ObjectInputStream done
Event: 4.180 Loading class javax/xml/parsers/ParserConfigurationException
Event: 4.180 Loading class javax/xml/parsers/ParserConfigurationException done
Event: 4.180 Loading class org/xml/sax/SAXException
Event: 4.180 Loading class org/xml/sax/SAXException done
Event: 4.180 Loading class javax/xml/xpath/XPathExpressionException
Event: 4.180 Loading class javax/xml/xpath/XPathException
Event: 4.180 Loading class javax/xml/xpath/XPathException done
Event: 4.180 Loading class javax/xml/xpath/XPathExpressionException done
Event: 4.181 Loading class org/xml/sax/ErrorHandler
Event: 4.181 Loading class org/xml/sax/ErrorHandler done

Classes unloaded (0 events):
No events

Classes redefined (0 events):
No events

Internal exceptions (20 events):
Event: 3.265 Thread 0x0000026f9c5b7920 Exception <a 'java/lang/NoSuchMethodError'{0x00000000acf90520}: 'java.lang.Object java.lang.invoke.DirectMethodHandle$Holder.newInvokeSpecial(java.lang.Object, java.lang.Object, java.lang.Object, java.lang.Object, java.lang.Object, java.lang.Object)'> (0x00000000acf90520) 
thrown [s\src\hotspot\share\interpreter\linkResolver.cpp, line 759]
Event: 3.268 Thread 0x0000026f9c5b7920 Exception <a 'java/lang/NoSuchMethodError'{0x00000000acfa7f68}: 'void java.lang.invoke.DirectMethodHandle$Holder.invokeSpecial(java.lang.Object, java.lang.Object, java.lang.Object, java.lang.Object, java.lang.Object)'> (0x00000000acfa7f68) 
thrown [s\src\hotspot\share\interpreter\linkResolver.cpp, line 759]
Event: 3.273 Thread 0x0000026f9c5b7920 Exception <a 'java/lang/NoSuchMethodError'{0x00000000acfbbcc8}: 'void java.lang.invoke.DirectMethodHandle$Holder.invokeStaticInit(java.lang.Object, java.lang.Object)'> (0x00000000acfbbcc8) 
thrown [s\src\hotspot\share\interpreter\linkResolver.cpp, line 759]
Event: 3.396 Thread 0x0000026f9c5b7920 Exception <a 'java/lang/NoSuchMethodError'{0x00000000acc81538}: 'void java.lang.invoke.DelegatingMethodHandle$Holder.reinvoke_L(java.lang.Object, java.lang.Object, java.lang.Object, java.lang.Object, java.lang.Object, java.lang.Object, java.lang.Object, java.lang.Object, java.lang.Object, java.lang.Object)'> (0x00000000acc81538) 
thrown [s\src\hotspot\share\interpreter\linkResolver.cpp, line 759]
Event: 3.397 Thread 0x0000026f9c5b7920 Exception <a 'java/lang/NoSuchMethodError'{0x00000000acc899a8}: 'java.lang.Object java.lang.invoke.DirectMethodHandle$Holder.invokeSpecial(java.lang.Object, java.lang.Object, java.lang.Object, java.lang.Object, java.lang.Object, java.lang.Object, java.lang.Object, java.lang.Object, java.lang.Object, java.lang.Object)'> (0x00000000acc899a8) 
thrown [s\src\hotspot\share\interpreter\linkResolver.cpp, line 759]
Event: 3.397 Thread 0x0000026f9c5b7920 Exception <a 'java/lang/NoSuchMethodError'{0x00000000acc8e278}: 'java.lang.Object java.lang.invoke.Invokers$Holder.invoker(java.lang.Object, java.lang.Object, java.lang.Object, java.lang.Object, java.lang.Object, java.lang.Object, java.lang.Object, java.lang.Object, java.lang.Object, java.lang.Object)'> (0x00000000acc8e278) 
thrown [s\src\hotspot\share\interpreter\linkResolver.cpp, line 759]
Event: 3.398 Thread 0x0000026f9c5b7920 Exception <a 'java/lang/NoSuchMethodError'{0x00000000acc93e00}: 'java.lang.Object java.lang.invoke.DirectMethodHandle$Holder.invokeSpecial(java.lang.Object, java.lang.Object, java.lang.Object, java.lang.Object, java.lang.Object, java.lang.Object, java.lang.Object, java.lang.Object, java.lang.Object, java.lang.Object, java.lang.Object)'> (0x00000000acc93e00) 
thrown [s\src\hotspot\share\interpreter\linkResolver.cpp, line 759]
Event: 3.570 Thread 0x0000026f9c5b7920 Exception <a 'java/lang/NoSuchMethodError'{0x00000000ac7fd550}: 'void java.lang.invoke.DirectMethodHandle$Holder.invokeStaticInit(java.lang.Object)'> (0x00000000ac7fd550) 
thrown [s\src\hotspot\share\interpreter\linkResolver.cpp, line 759]
Event: 3.595 Thread 0x0000026f9c5b7920 Exception <a 'java/lang/NoSuchMethodError'{0x00000000ac6aad38}: 'java.lang.Object java.lang.invoke.DirectMethodHandle$Holder.newInvokeSpecial(java.lang.Object, java.lang.Object, java.lang.Object, int)'> (0x00000000ac6aad38) 
thrown [s\src\hotspot\share\interpreter\linkResolver.cpp, line 759]
Event: 3.596 Thread 0x0000026f9c5b7920 Exception <a 'java/lang/NoSuchMethodError'{0x00000000ac6af668}: 'java.lang.Object java.lang.invoke.DirectMethodHandle$Holder.invokeSpecial(java.lang.Object, java.lang.Object, java.lang.Object, java.lang.Object, int)'> (0x00000000ac6af668) 
thrown [s\src\hotspot\share\interpreter\linkResolver.cpp, line 759]
Event: 3.597 Thread 0x0000026f9c5b7920 Exception <a 'java/lang/NoSuchMethodError'{0x00000000ac6b3780}: 'java.lang.Object java.lang.invoke.Invokers$Holder.linkToTargetMethod(java.lang.Object, java.lang.Object, int, java.lang.Object)'> (0x00000000ac6b3780) 
thrown [s\src\hotspot\share\interpreter\linkResolver.cpp, line 759]
Event: 3.971 Thread 0x0000026f9c5b7920 Exception <a 'java/lang/NoSuchMethodError'{0x00000000ab971c28}: 'int java.lang.invoke.DirectMethodHandle$Holder.invokeSpecialIFC(java.lang.Object, java.lang.Object, java.lang.Object, java.lang.Object)'> (0x00000000ab971c28) 
thrown [s\src\hotspot\share\interpreter\linkResolver.cpp, line 759]
Event: 3.974 Thread 0x0000026f9c5b7920 Exception <a 'java/lang/NoSuchMethodError'{0x00000000ab801130}: 'java.lang.Object java.lang.invoke.DirectMethodHandle$Holder.invokeInterface(java.lang.Object, java.lang.Object, java.lang.Object)'> (0x00000000ab801130) 
thrown [s\src\hotspot\share\interpreter\linkResolver.cpp, line 759]
Event: 3.975 Thread 0x0000026f9c5b7920 Exception <a 'java/lang/IncompatibleClassChangeError'{0x00000000ab804d48}: Found class java.lang.Object, but interface was expected> (0x00000000ab804d48) 
thrown [s\src\hotspot\share\interpreter\linkResolver.cpp, line 826]
Event: 4.002 Thread 0x0000026f9c5b7920 Exception <a 'java/lang/NoSuchMethodError'{0x00000000ab8f8928}: 'int java.lang.invoke.DirectMethodHandle$Holder.invokeStatic(java.lang.Object, java.lang.Object, java.lang.Object, java.lang.Object)'> (0x00000000ab8f8928) 
thrown [s\src\hotspot\share\interpreter\linkResolver.cpp, line 759]
Event: 4.003 Thread 0x0000026f9c5b7920 Exception <a 'java/lang/NoSuchMethodError'{0x00000000ab8fc550}: 'java.lang.Object java.lang.invoke.Invokers$Holder.invokeExact_MT(java.lang.Object, java.lang.Object, java.lang.Object, java.lang.Object, java.lang.Object, java.lang.Object)'> (0x00000000ab8fc550) 
thrown [s\src\hotspot\share\interpreter\linkResolver.cpp, line 759]
Event: 4.090 Thread 0x0000026f9c5b7920 Exception <a 'java/lang/NoSuchMethodError'{0x00000000ab4dba80}: 'java.lang.Object java.lang.invoke.DirectMethodHandle$Holder.invokeSpecial(java.lang.Object, java.lang.Object, java.lang.Object, java.lang.Object, java.lang.Object, java.lang.Object, java.lang.Object, java.lang.Object, java.lang.Object)'> (0x00000000ab4dba80) 
thrown [s\src\hotspot\share\interpreter\linkResolver.cpp, line 759]
Event: 4.227 Thread 0x0000026f9c5b7920 Exception <a 'java/lang/NoSuchMethodError'{0x00000000aaec63d0}: 'java.lang.Object java.lang.invoke.DirectMethodHandle$Holder.invokeVirtual(java.lang.Object, java.lang.Object, java.lang.Object, java.lang.Object)'> (0x00000000aaec63d0) 
thrown [s\src\hotspot\share\interpreter\linkResolver.cpp, line 759]
Event: 4.272 Thread 0x0000026f9c5b7920 Exception <a 'java/lang/NoSuchMethodError'{0x00000000aac183d0}: 'java.lang.Object java.lang.invoke.DirectMethodHandle$Holder.newInvokeSpecial(java.lang.Object, java.lang.Object, java.lang.Object, java.lang.Object, java.lang.Object, java.lang.Object, java.lang.Object)'> (0x00000000aac183d0) 
thrown [s\src\hotspot\share\interpreter\linkResolver.cpp, line 759]
Event: 4.273 Thread 0x0000026f9c5b7920 Exception <a 'java/lang/NoSuchMethodError'{0x00000000aac1d0a0}: 'java.lang.Object java.lang.invoke.Invokers$Holder.linkToTargetMethod(java.lang.Object, java.lang.Object, java.lang.Object, java.lang.Object, java.lang.Object, java.lang.Object, java.lang.Object)'> (0x00000000aac1d0a0) 
thrown [s\src\hotspot\share\interpreter\linkResolver.cpp, line 759]

VM Operations (20 events):
Event: 1.976 Executing VM operation: HandshakeAllThreads
Event: 1.976 Executing VM operation: HandshakeAllThreads done
Event: 2.134 Executing VM operation: HandshakeAllThreads
Event: 2.134 Executing VM operation: HandshakeAllThreads done
Event: 2.489 Executing VM operation: HandshakeAllThreads
Event: 2.489 Executing VM operation: HandshakeAllThreads done
Event: 2.489 Executing VM operation: Cleanup
Event: 2.489 Executing VM operation: Cleanup done
Event: 2.831 Executing VM operation: HandshakeAllThreads
Event: 2.831 Executing VM operation: HandshakeAllThreads done
Event: 3.340 Executing VM operation: HandshakeAllThreads
Event: 3.340 Executing VM operation: HandshakeAllThreads done
Event: 3.727 Executing VM operation: HandshakeAllThreads
Event: 3.727 Executing VM operation: HandshakeAllThreads done
Event: 3.727 Executing VM operation: Cleanup
Event: 3.728 Executing VM operation: Cleanup done
Event: 3.773 Executing VM operation: HandshakeAllThreads
Event: 3.773 Executing VM operation: HandshakeAllThreads done
Event: 3.774 Executing VM operation: HandshakeAllThreads
Event: 3.774 Executing VM operation: HandshakeAllThreads done

Memory protections (0 events):
No events

Nmethod flushes (0 events):
No events

Events (20 events):
Event: 2.134 Thread 0x0000026f546fdfb0 Thread exited: 0x0000026f546fdfb0
Event: 2.134 Thread 0x0000026f546fd700 Thread exited: 0x0000026f546fd700
Event: 2.449 Thread 0x0000026f3717e4b0 Thread added: 0x0000026f9c31d020
Event: 2.479 Thread 0x0000026f543a95d0 Thread added: 0x0000026f546fdfb0
Event: 2.549 Thread 0x0000026f3717e4b0 Thread added: 0x0000026f9aafbd70
Event: 2.811 Thread 0x0000026f546fdfb0 Thread exited: 0x0000026f546fdfb0
Event: 2.884 Thread 0x0000026f9c31d020 Thread added: 0x0000026f9b1c0140
Event: 2.890 Thread 0x0000026f9b1c0140 Thread added: 0x0000026f9c579f50
Event: 2.958 Thread 0x0000026f9b1c0140 Thread added: 0x0000026f9c5b8d60
Event: 2.965 Thread 0x0000026f9b1c0140 Thread added: 0x0000026f9c5b7920
Event: 2.980 Thread 0x0000026f9c5b7920 Thread added: 0x0000026f9c5b9780
Event: 2.981 Thread 0x0000026f9c5b7920 Thread added: 0x0000026f9c5b7e30
Event: 2.987 Thread 0x0000026f9c5b7920 Thread added: 0x0000026f9c5ba1a0
Event: 3.180 Thread 0x0000026f543a95d0 Thread added: 0x0000026f9b2db070
Event: 3.591 Thread 0x0000026f9c5b7920 Thread added: 0x0000026f9c5b8340
Event: 3.620 Thread 0x0000026f9c5b7920 Thread added: 0x0000026f9c5b8850
Event: 3.774 Thread 0x0000026f9b2db070 Thread exited: 0x0000026f9b2db070
Event: 3.957 Thread 0x0000026f9c5b7920 Thread added: 0x0000026f9c5ba6b0
Event: 4.263 Thread 0x0000026f543a95d0 Thread added: 0x0000026f9cf889b0
Event: 4.529 Thread 0x0000026f543a95d0 Thread added: 0x0000026f9c177730


Dynamic libraries:
0x00007ff7c5e70000 - 0x00007ff7c5e7e000 	E:\JAVA\bin\java.exe
0x00007ffc0f7c0000 - 0x00007ffc0fa27000 	C:\WINDOWS\SYSTEM32\ntdll.dll
0x00007ffc0e690000 - 0x00007ffc0e759000 	C:\WINDOWS\System32\KERNEL32.DLL
0x00007ffc0d150000 - 0x00007ffc0d544000 	C:\WINDOWS\System32\KERNELBASE.dll
0x00007ffc0cde0000 - 0x00007ffc0cf2b000 	C:\WINDOWS\System32\ucrtbase.dll
0x00007ffbfead0000 - 0x00007ffbfeaee000 	E:\JAVA\bin\VCRUNTIME140.dll
0x00007ffbf9160000 - 0x00007ffbf9178000 	E:\JAVA\bin\jli.dll
0x00007ffc0e8f0000 - 0x00007ffc0eab5000 	C:\WINDOWS\System32\USER32.dll
0x00007ffc0cb10000 - 0x00007ffc0cb37000 	C:\WINDOWS\System32\win32u.dll
0x00007ffc0e840000 - 0x00007ffc0e86b000 	C:\WINDOWS\System32\GDI32.dll
0x00007ffbf7e10000 - 0x00007ffbf80a3000 	C:\WINDOWS\WinSxS\amd64_microsoft.windows.common-controls_6595b64144ccf1df_6.0.26100.8115_none_3e075c82e3354f9c\COMCTL32.dll
0x00007ffc0ccb0000 - 0x00007ffc0cddb000 	C:\WINDOWS\System32\gdi32full.dll
0x00007ffc0eac0000 - 0x00007ffc0eb69000 	C:\WINDOWS\System32\msvcrt.dll
0x00007ffc0cc00000 - 0x00007ffc0cca3000 	C:\WINDOWS\System32\msvcp_win.dll
0x00007ffc0ec30000 - 0x00007ffc0ec62000 	C:\WINDOWS\System32\IMM32.DLL
0x00007ffbfc610000 - 0x00007ffbfc61c000 	E:\JAVA\bin\vcruntime140_1.dll
0x00007ffbe9770000 - 0x00007ffbe97fd000 	E:\JAVA\bin\msvcp140.dll
0x00007ffb83560000 - 0x00007ffb841cb000 	E:\JAVA\bin\server\jvm.dll
0x00007ffc0eb70000 - 0x00007ffc0ec26000 	C:\WINDOWS\System32\ADVAPI32.dll
0x00007ffc0f420000 - 0x00007ffc0f4c7000 	C:\WINDOWS\System32\sechost.dll
0x00007ffc0f200000 - 0x00007ffc0f318000 	C:\WINDOWS\System32\RPCRT4.dll
0x00007ffc0f670000 - 0x00007ffc0f6f0000 	C:\WINDOWS\System32\WS2_32.dll
0x00007ffc0bef0000 - 0x00007ffc0bf4e000 	C:\WINDOWS\SYSTEM32\POWRPROF.dll
0x00007ffbf8130000 - 0x00007ffbf8166000 	C:\WINDOWS\SYSTEM32\WINMM.dll
0x00007ffbfe8f0000 - 0x00007ffbfe8fb000 	C:\WINDOWS\SYSTEM32\VERSION.dll
0x00007ffc0bed0000 - 0x00007ffc0bee4000 	C:\WINDOWS\SYSTEM32\UMPDC.dll
0x00007ffc0ade0000 - 0x00007ffc0adfb000 	C:\WINDOWS\SYSTEM32\kernel.appcore.dll
0x00007ffbf9150000 - 0x00007ffbf915a000 	E:\JAVA\bin\jimage.dll
0x00007ffc09f10000 - 0x00007ffc0a152000 	C:\WINDOWS\SYSTEM32\DBGHELP.DLL
0x00007ffc0ec70000 - 0x00007ffc0eff2000 	C:\WINDOWS\System32\combase.dll
0x00007ffc0e760000 - 0x00007ffc0e838000 	C:\WINDOWS\System32\OLEAUT32.dll
0x00007ffbf8950000 - 0x00007ffbf898b000 	C:\WINDOWS\SYSTEM32\dbgcore.DLL
0x00007ffc0d0a0000 - 0x00007ffc0d145000 	C:\WINDOWS\System32\bcryptPrimitives.dll
0x00007ffbfad20000 - 0x00007ffbfad2e000 	E:\JAVA\bin\instrument.dll
0x00007ffbe92f0000 - 0x00007ffbe9315000 	E:\JAVA\bin\java.dll
0x00007ffbe6f00000 - 0x00007ffbe6fd7000 	E:\JAVA\bin\jsvml.dll
0x00007ffc0d5d0000 - 0x00007ffc0dd37000 	C:\WINDOWS\System32\SHELL32.dll
0x00007ffc0cf30000 - 0x00007ffc0d09a000 	C:\WINDOWS\System32\wintypes.dll
0x00007ffc0c090000 - 0x00007ffc0c8f8000 	C:\WINDOWS\System32\windows.storage.dll
0x00007ffc0e230000 - 0x00007ffc0e328000 	C:\WINDOWS\System32\SHCORE.dll
0x00007ffc0d550000 - 0x00007ffc0d5b6000 	C:\WINDOWS\System32\shlwapi.dll
0x00007ffc0bfb0000 - 0x00007ffc0bfd9000 	C:\WINDOWS\SYSTEM32\profapi.dll
0x00007ffbe9290000 - 0x00007ffbe92a8000 	E:\JAVA\bin\zip.dll
0x00007ffbed0f0000 - 0x00007ffbed10a000 	E:\JAVA\bin\net.dll
0x00007ffc022b0000 - 0x00007ffc023dd000 	C:\WINDOWS\SYSTEM32\WINHTTP.dll
0x00007ffc0b330000 - 0x00007ffc0b39c000 	C:\WINDOWS\system32\mswsock.dll
0x00007ffbe96d0000 - 0x00007ffbe96e6000 	E:\JAVA\bin\nio.dll
0x00007ffbf9140000 - 0x00007ffbf9150000 	E:\JAVA\bin\verify.dll
0x00007ffbe42d0000 - 0x00007ffbe42f7000 	E:\gradle\native\68d5fa5c4cc2d200863cafc0d521ce42e7d3e7ee720ec0a83991735586a16f82\windows-amd64\native-platform.dll
0x00007ffb785c0000 - 0x00007ffb78704000 	E:\gradle\native\e376f236ea51e6404a007f0833ffe2c6e607c4080706a723a18a27aeea778392\windows-amd64\native-platform-file-events.dll
0x00007ffbe8ce0000 - 0x00007ffbe8cea000 	E:\JAVA\bin\management.dll
0x00007ffbe6ec0000 - 0x00007ffbe6ecc000 	E:\JAVA\bin\management_ext.dll
0x00007ffc0f060000 - 0x00007ffc0f068000 	C:\WINDOWS\System32\PSAPI.DLL
0x00007ffc0b730000 - 0x00007ffc0b74b000 	C:\WINDOWS\SYSTEM32\CRYPTSP.dll
0x00007ffc0ad40000 - 0x00007ffc0ad79000 	C:\WINDOWS\system32\rsaenh.dll
0x00007ffc0b3e0000 - 0x00007ffc0b413000 	C:\WINDOWS\SYSTEM32\USERENV.dll
0x00007ffc0bf80000 - 0x00007ffc0bfaa000 	C:\WINDOWS\SYSTEM32\bcrypt.dll
0x00007ffc0b590000 - 0x00007ffc0b59c000 	C:\WINDOWS\SYSTEM32\CRYPTBASE.dll
0x00007ffc0a7c0000 - 0x00007ffc0a7f2000 	C:\WINDOWS\SYSTEM32\IPHLPAPI.DLL
0x00007ffc0d5c0000 - 0x00007ffc0d5ca000 	C:\WINDOWS\System32\NSI.dll
0x00007ffc03510000 - 0x00007ffc0352d000 	C:\WINDOWS\SYSTEM32\dhcpcsvc6.DLL
0x00007ffc032d0000 - 0x00007ffc032f5000 	C:\WINDOWS\SYSTEM32\dhcpcsvc.DLL
0x00007ffc0a850000 - 0x00007ffc0a982000 	C:\WINDOWS\SYSTEM32\DNSAPI.dll
0x00007ffbe6e90000 - 0x00007ffbe6e99000 	E:\JAVA\bin\extnet.dll
0x00007ffbe6eb0000 - 0x00007ffbe6ebe000 	E:\JAVA\bin\sunmscapi.dll
0x00007ffc0c900000 - 0x00007ffc0ca77000 	C:\WINDOWS\System32\CRYPT32.dll
0x00007ffc0b890000 - 0x00007ffc0b8c0000 	C:\WINDOWS\SYSTEM32\ncrypt.dll
0x00007ffc0b840000 - 0x00007ffc0b87f000 	C:\WINDOWS\SYSTEM32\NTASN1.dll
0x00007ffb991a0000 - 0x00007ffb991a8000 	C:\WINDOWS\system32\wshunix.dll

dbghelp: loaded successfully - version: 4.0.5 - missing functions: none
symbol engine: initialized successfully - sym options: 0x614 - pdb path: .;E:\JAVA\bin;C:\WINDOWS\SYSTEM32;C:\WINDOWS\WinSxS\amd64_microsoft.windows.common-controls_6595b64144ccf1df_6.0.26100.8115_none_3e075c82e3354f9c;E:\JAVA\bin\server;E:\gradle\native\68d5fa5c4cc2d200863cafc0d521ce42e7d3e7ee720ec0a83991735586a16f82\windows-amd64;E:\gradle\native\e376f236ea51e6404a007f0833ffe2c6e607c4080706a723a18a27aeea778392\windows-amd64

VM Arguments:
jvm_args: --add-opens=java.base/java.util=ALL-UNNAMED --add-opens=java.base/java.lang=ALL-UNNAMED --add-opens=java.base/java.lang.invoke=ALL-UNNAMED --add-opens=java.prefs/java.util.prefs=ALL-UNNAMED --add-opens=java.base/java.nio.charset=ALL-UNNAMED --add-opens=java.base/java.net=ALL-UNNAMED --add-opens=java.base/java.util.concurrent.atomic=ALL-UNNAMED -Xmx1536M -Dfile.encoding=windows-1252 -Duser.country=US -Duser.language=en -Duser.variant -javaagent:E:\gradle\wrapper\dists\gradle-8.2-all\6mxqtxovn2faat1idb7p6lxsa\gradle-8.2\lib\agents\gradle-instrumentation-agent-8.2.jar 
java_command: org.gradle.launcher.daemon.bootstrap.GradleDaemon 8.2
java_class_path (initial): E:\gradle\wrapper\dists\gradle-8.2-all\6mxqtxovn2faat1idb7p6lxsa\gradle-8.2\lib\gradle-launcher-8.2.jar
Launcher Type: SUN_STANDARD

[Global flags]
     intx CICompilerCount                          = 4                                         {product} {ergonomic}
     uint ConcGCThreads                            = 2                                         {product} {ergonomic}
     uint G1ConcRefinementThreads                  = 8                                         {product} {ergonomic}
   size_t G1HeapRegionSize                         = 1048576                                   {product} {ergonomic}
    uintx GCDrainStackTargetSize                   = 64                                        {product} {ergonomic}
   size_t InitialHeapSize                          = 264241152                                 {product} {ergonomic}
   size_t MarkStackSize                            = 4194304                                   {product} {ergonomic}
   size_t MaxHeapSize                              = 1610612736                                {product} {command line}
   size_t MaxNewSize                               = 965738496                                 {product} {ergonomic}
   size_t MinHeapDeltaBytes                        = 1048576                                   {product} {ergonomic}
   size_t MinHeapSize                              = 8388608                                   {product} {ergonomic}
    uintx NonNMethodCodeHeapSize                   = 5839372                                {pd product} {ergonomic}
    uintx NonProfiledCodeHeapSize                  = 122909434                              {pd product} {ergonomic}
    uintx ProfiledCodeHeapSize                     = 122909434                              {pd product} {ergonomic}
    uintx ReservedCodeCacheSize                    = 251658240                              {pd product} {ergonomic}
     bool SegmentedCodeCache                       = true                                      {product} {ergonomic}
   size_t SoftMaxHeapSize                          = 1610612736                             {manageable} {ergonomic}
     bool UseCompressedClassPointers               = true                           {product lp64_product} {ergonomic}
     bool UseCompressedOops                        = true                           {product lp64_product} {ergonomic}
     bool UseG1GC                                  = true                                      {product} {ergonomic}
     bool UseLargePagesIndividualAllocation        = false                                  {pd product} {ergonomic}

Logging:
Log output configuration:
 #0: stdout all=warning uptime,level,tags
 #1: stderr all=off uptime,level,tags

Environment Variables:
JAVA_HOME=E:\JAVA
CLASSPATH=E:\voice_test\android\\gradle\wrapper\gradle-wrapper.jar
PATH=E:\JAVA\bin;C:\Program Files\Common Files\Oracle\Java\javapath;C:\WINDOWS\system32;C:\WINDOWS;C:\WINDOWS\System32\Wbem;C:\WINDOWS\System32\WindowsPowerShell\v1.0\;C:\WINDOWS\System32\OpenSSH\;C:\Program Files\Git\cmd;C:\Program Files\Microsoft SQL Server\170\Tools\Binn\;C:\Program Files\Microsoft SQL Server\Client SDK\ODBC\170\Tools\Binn\;C:\Program Files\Microsoft SQL Server\170\DTS\Binn\;C:\Program Files\dotnet\;D:\Basira\;C:\ProgramData\chocolatey\bin;E:\JAVA\bin;E:\DOWNLOAD\New folder (2)\bin;C:\Program Files\Common Files\Oracle\Java\javapath;C:\WINDOWS\system32;C:\WINDOWS;C:\WINDOWS\System32\Wbem;C:\WINDOWS\System32\WindowsPowerShell\v1.0\;C:\WINDOWS\System32\OpenSSH\;C:\Program Files\Git\cmd;C:\Program Files\Microsoft SQL Server\170\Tools\Binn\;C:\Program Files\Microsoft SQL Server\Client SDK\ODBC\170\Tools\Binn\;C:\Program Files\Microsoft SQL Server\170\DTS\Binn\;C:\Program Files\dotnet\;D:\Basira\;C:\ProgramData\chocolatey\bin;C:\WINDOWS\system32;C:\WINDOWS;C:\WINDOWS\System32\Wbem;C:\WINDOWS\System32\WindowsPowerShell\v1.0\;C:\WINDOWS\System32\OpenSSH\;C:\Program Files\Git\cmd;C:\Program Files\Microsoft SQL Server\170\Tools\Binn\;C:\Program Files\Microsoft SQL Server\Client SDK\ODBC\170\Tools\Binn\;C:\Program Files\Microsoft SQL Server\170\DTS\Binn\;C:\Program Files\dotnet\;D:\Basira\;C:\ProgramData\chocolatey\bin;C:\Users\DELL\AppData\Local\Programs\Python\Python310\Scripts\;C:\Users\DELL\AppData\Local\Programs\Python\Python310\;C:\Users\DELL\AppData\Local\Prog;D:\download\Microsoft VS Code\bin;D:\flutter\bin;;D:\flutter\bin\mingit\cmd
USERNAME=DELL
OS=Windows_NT
PROCESSOR_IDENTIFIER=Intel64 Family 6 Model 142 Stepping 12, GenuineIntel
TMP=C:\Users\DELL\AppData\Local\Temp
TEMP=C:\Users\DELL\AppData\Local\Temp



Periodic native trim disabled


---------------  S Y S T E M  ---------------

OS:
 Windows 11 , 64 bit Build 26100 (10.0.26100.8246)
OS uptime: 1 days 21:17 hours
Hyper-V role detected

CPU: total 8 (initial active 8) (4 cores per cpu, 2 threads per core) family 6 model 142 stepping 12 microcode 0xf8, cx8, cmov, fxsr, ht, mmx, 3dnowpref, sse, sse2, sse3, ssse3, sse4.1, sse4.2, popcnt, lzcnt, tsc, tscinvbit, avx, avx2, aes, erms, clmul, bmi1, bmi2, adx, fma, vzeroupper, clflush, clflushopt, hv
Processor Information for all 8 processors :
  Max Mhz: 2304, Current Mhz: 1803, Mhz Limit: 1797

Memory: 4k page, system-wide physical 16043M (2630M free)
TotalPageFile size 18144M (AvailPageFile size 3M)
current process WorkingSet (physical memory assigned to process): 231M, peak: 231M
current process commit charge ("private bytes"): 431M, peak: 431M

vm_info: OpenJDK 64-Bit Server VM (17.0.18+8) for windows-amd64 JRE (17.0.18+8), built on Jan 20 2026 22:28:22 by "admin" with MS VC++ 17.12 (VS2022)

END.
