#
# There is insufficient memory for the Java Runtime Environment to continue.
# Native memory allocation (mmap) failed to map 65536 bytes. Error detail: Failed to commit metaspace.
# Possible reasons:
#   The system is out of physical RAM or swap space
#   This process is running with CompressedOops enabled, and the Java Heap may be blocking the growth of the native heap
# Possible solutions:
#   Reduce memory load on the system
#   Increase physical memory or swap space
#   Check if swap backing store is full
#   Decrease Java heap size (-Xmx/-Xms)
#   Decrease number of Java threads
#   Decrease Java thread stack sizes (-Xss)
#   Set larger code cache with -XX:ReservedCodeCacheSize=
#   JVM is running with Zero Based Compressed Oops mode in which the Java heap is
#     placed in the first 32GB address space. The Java Heap base address is the
#     maximum limit for the native heap growth. Please use -XX:HeapBaseMinAddress
#     to set the Java Heap base and to place the Java Heap above 32GB virtual address.
# This output file may be truncated or incomplete.
#
#  Out of Memory Error (virtualSpaceNode.cpp:110), pid=10676, tid=9580
#
# JRE version: OpenJDK Runtime Environment Temurin-17.0.18+8 (17.0.18+8) (build 17.0.18+8)
# Java VM: OpenJDK 64-Bit Server VM Temurin-17.0.18+8 (17.0.18+8, mixed mode, sharing, tiered, compressed oops, compressed class ptrs, g1 gc, windows-amd64)
# No core dump will be written. Minidumps are not enabled by default on client versions of Windows
#

---------------  S U M M A R Y ------------

Command Line: -Dorg.gradle.appname=gradlew org.gradle.wrapper.GradleWrapperMain -q -Ptarget-platform=android-arm,android-arm64,android-x64 -Ptarget=lib\main.dart -Pbase-application-name=android.app.Application -Pdart-defines=RkxVVFRFUl9WRVJTSU9OPTMuNDEuOQ==,RkxVVFRFUl9DSEFOTkVMPXN0YWJsZQ==,RkxVVFRFUl9HSVRfVVJMPWh0dHBzOi8vZ2l0aHViLmNvbS9mbHV0dGVyL2ZsdXR0ZXIuZ2l0,RkxVVFRFUl9GUkFNRVdPUktfUkVWSVNJT049MDBiMGM5MWYwNg==,RkxVVFRFUl9FTkdJTkVfUkVWSVNJT049NDJkM2Q3NWE1Ng==,RkxVVFRFUl9EQVJUX1ZFUlNJT049My4xMS41 -Pdart-obfuscation=false -Ptrack-widget-creation=true -Ptree-shake-icons=true assembleRelease

Host: Intel(R) Core(TM) i7-10610U CPU @ 1.80GHz, 8 cores, 15G,  Windows 11 , 64 bit Build 26100 (10.0.26100.8521)
Time: Tue Jun  9 21:54:38 2026 Egypt Daylight Time elapsed time: 460.899897 seconds (0d 0h 7m 40s)

---------------  T H R E A D  ---------------

Current thread (0x0000014101d09ce0):  JavaThread "main" [_thread_in_vm, id=9580, stack(0x0000003628f00000,0x0000003629000000)]

Stack: [0x0000003628f00000,0x0000003629000000]
Native frames: (J=compiled Java code, j=interpreted, Vv=VM code, C=native code)
V  [jvm.dll+0x6846f9]
V  [jvm.dll+0x839ea5]
V  [jvm.dll+0x83b91e]
V  [jvm.dll+0x83bfa3]
V  [jvm.dll+0x248eff]
V  [jvm.dll+0x835c8d]
V  [jvm.dll+0x6291fd]
V  [jvm.dll+0x1c0710]
V  [jvm.dll+0x62bb72]
V  [jvm.dll+0x629bb6]
V  [jvm.dll+0x633a88]
V  [jvm.dll+0x1ea5d1]
V  [jvm.dll+0x1eaa55]
V  [jvm.dll+0x1eb407]
V  [jvm.dll+0x1e08d1]
V  [jvm.dll+0x548119]
V  [jvm.dll+0x7b4b68]
V  [jvm.dll+0x7b4c64]
V  [jvm.dll+0x414bb4]
V  [jvm.dll+0x41b619]
C  [java.dll+0x17ec]

Java frames: (J=compiled Java code, j=interpreted, Vv=VM code)
J 750  java.lang.ClassLoader.defineClass1(Ljava/lang/ClassLoader;Ljava/lang/String;[BIILjava/security/ProtectionDomain;Ljava/lang/String;)Ljava/lang/Class; java.base@17.0.18 (0 bytes) @ 0x0000014112b6c783 [0x0000014112b6c6c0+0x00000000000000c3]
J 955 c1 java.lang.ClassLoader.defineClass(Ljava/lang/String;[BIILjava/security/ProtectionDomain;)Ljava/lang/Class; java.base@17.0.18 (43 bytes) @ 0x000001410b214cd4 [0x000001410b214980+0x0000000000000354]
J 899 c1 java.security.SecureClassLoader.defineClass(Ljava/lang/String;[BIILjava/security/CodeSource;)Ljava/lang/Class; java.base@17.0.18 (16 bytes) @ 0x000001410b1f9e0c [0x000001410b1f9d40+0x00000000000000cc]
J 872 c1 java.net.URLClassLoader.defineClass(Ljava/lang/String;Ljdk/internal/loader/Resource;)Ljava/lang/Class; java.base@17.0.18 (224 bytes) @ 0x000001410b1e3634 [0x000001410b1e1b40+0x0000000000001af4]
J 878 c1 java.net.URLClassLoader$1.run()Ljava/lang/Class; java.base@17.0.18 (81 bytes) @ 0x000001410b1e9b84 [0x000001410b1e8f40+0x0000000000000c44]
J 862 c1 java.net.URLClassLoader$1.run()Ljava/lang/Object; java.base@17.0.18 (5 bytes) @ 0x000001410b1d7044 [0x000001410b1d6fc0+0x0000000000000084]
J 677 c1 java.security.AccessController.doPrivileged(Ljava/security/PrivilegedExceptionAction;Ljava/security/AccessControlContext;)Ljava/lang/Object; java.base@17.0.18 (26 bytes) @ 0x000001410b16f774 [0x000001410b16f5a0+0x00000000000001d4]
J 791 c1 java.net.URLClassLoader.findClass(Ljava/lang/String;)Ljava/lang/Class; java.base@17.0.18 (47 bytes) @ 0x000001410b1ab724 [0x000001410b1ab580+0x00000000000001a4]
J 786 c1 java.lang.ClassLoader.loadClass(Ljava/lang/String;Z)Ljava/lang/Class; java.base@17.0.18 (121 bytes) @ 0x000001410b1a6354 [0x000001410b1a5dc0+0x0000000000000594]
J 739 c1 java.lang.ClassLoader.loadClass(Ljava/lang/String;)Ljava/lang/Class; java.base@17.0.18 (7 bytes) @ 0x000001410b19244c [0x000001410b192340+0x000000000000010c]
v  ~StubRoutines::call_stub
j  org.gradle.internal.logging.slf4j.BuildOperationAwareLogger.log(Lorg/gradle/api/logging/LogLevel;Ljava/lang/Throwable;Ljava/lang/String;[Ljava/lang/Object;)V+3
j  org.gradle.internal.logging.slf4j.BuildOperationAwareLogger.log(Lorg/gradle/api/logging/LogLevel;Ljava/lang/Throwable;Ljava/lang/String;Ljava/lang/Object;)V+13
j  org.gradle.internal.logging.slf4j.BuildOperationAwareLogger.error(Ljava/lang/String;Ljava/lang/Object;)V+14
j  org.gradle.internal.logging.slf4j.OutputEventListenerBackedLogger.error(Ljava/lang/String;Ljava/lang/Object;)V+3
j  org.gradle.launcher.daemon.client.DaemonClient.handleDaemonDisappearance(Lorg/gradle/launcher/daemon/protocol/Build;Lorg/gradle/launcher/daemon/diagnostics/DaemonDiagnostics;)Lorg/gradle/launcher/daemon/protocol/Result;+6
j  org.gradle.launcher.daemon.client.DaemonClient.monitorBuild(Lorg/gradle/launcher/daemon/protocol/Build;Lorg/gradle/launcher/daemon/diagnostics/DaemonDiagnostics;Lorg/gradle/launcher/daemon/client/DaemonClientConnection;Lorg/gradle/initialization/BuildCancellationToken;Lorg/gradle/initialization/BuildEventConsumer;)Ljava/lang/Object;+105
j  org.gradle.launcher.daemon.client.DaemonClient.executeBuild(Lorg/gradle/launcher/daemon/protocol/Build;Lorg/gradle/launcher/daemon/client/DaemonClientConnection;Lorg/gradle/initialization/BuildCancellationToken;Lorg/gradle/initialization/BuildEventConsumer;)Lorg/gradle/launcher/exec/BuildActionResult;+128
j  org.gradle.launcher.daemon.client.DaemonClient.execute(Lorg/gradle/internal/invocation/BuildAction;Lorg/gradle/launcher/exec/BuildActionParameters;Lorg/gradle/internal/daemon/client/execution/ClientBuildRequestContext;)Lorg/gradle/launcher/exec/BuildActionResult;+129
j  org.gradle.launcher.daemon.client.DaemonClient.execute(Lorg/gradle/internal/invocation/BuildAction;Ljava/lang/Object;Ljava/lang/Object;)Lorg/gradle/launcher/exec/BuildActionResult;+10
j  org.gradle.launcher.cli.RunBuildAction.run()V+67
j  org.gradle.internal.Actions$RunnableActionAdapter.execute(Ljava/lang/Object;)V+4
j  org.gradle.launcher.cli.DefaultCommandLineActionFactory$ParseAndBuildAction.execute(Lorg/gradle/launcher/bootstrap/ExecutionListener;)V+129
j  org.gradle.launcher.cli.DefaultCommandLineActionFactory$ParseAndBuildAction.execute(Ljava/lang/Object;)V+5
j  org.gradle.launcher.cli.DebugLoggerWarningAction.execute(Lorg/gradle/launcher/bootstrap/ExecutionListener;)V+9
j  org.gradle.launcher.cli.DebugLoggerWarningAction.execute(Ljava/lang/Object;)V+5
j  org.gradle.launcher.cli.WelcomeMessageAction.execute(Lorg/gradle/launcher/bootstrap/ExecutionListener;)V+218
j  org.gradle.launcher.cli.WelcomeMessageAction.execute(Ljava/lang/Object;)V+5
j  org.gradle.launcher.cli.NativeServicesInitializingAction.execute(Lorg/gradle/launcher/bootstrap/ExecutionListener;)V+38
j  org.gradle.launcher.cli.NativeServicesInitializingAction.execute(Ljava/lang/Object;)V+5
j  org.gradle.launcher.cli.ExceptionReportingAction.execute(Lorg/gradle/launcher/bootstrap/ExecutionListener;)V+5
j  org.gradle.launcher.cli.ExceptionReportingAction.execute(Ljava/lang/Object;)V+5
j  org.gradle.launcher.cli.DefaultCommandLineActionFactory$WithLogging.execute(Lorg/gradle/launcher/bootstrap/ExecutionListener;)V+309
j  org.gradle.launcher.Main.doAction([Ljava/lang/String;Lorg/gradle/launcher/bootstrap/ExecutionListener;)V+14
j  org.gradle.launcher.bootstrap.EntryPoint.run([Ljava/lang/String;)V+12
v  ~StubRoutines::call_stub
j  jdk.internal.reflect.NativeMethodAccessorImpl.invoke0(Ljava/lang/reflect/Method;Ljava/lang/Object;[Ljava/lang/Object;)Ljava/lang/Object;+0 java.base@17.0.18
j  jdk.internal.reflect.NativeMethodAccessorImpl.invoke(Ljava/lang/Object;[Ljava/lang/Object;)Ljava/lang/Object;+133 java.base@17.0.18
j  jdk.internal.reflect.DelegatingMethodAccessorImpl.invoke(Ljava/lang/Object;[Ljava/lang/Object;)Ljava/lang/Object;+6 java.base@17.0.18
j  java.lang.reflect.Method.invoke(Ljava/lang/Object;[Ljava/lang/Object;)Ljava/lang/Object;+59 java.base@17.0.18
j  org.gradle.launcher.bootstrap.ProcessBootstrap.runNoExit(Ljava/lang/String;Ljava/lang/String;Ljava/lang/String;[Ljava/lang/String;)V+205
j  org.gradle.launcher.bootstrap.ProcessBootstrap.run(Ljava/lang/String;Ljava/lang/String;Ljava/lang/String;[Ljava/lang/String;)V+4
j  org.gradle.launcher.GradleMain.main([Ljava/lang/String;)V+68
v  ~StubRoutines::call_stub
j  jdk.internal.reflect.NativeMethodAccessorImpl.invoke0(Ljava/lang/reflect/Method;Ljava/lang/Object;[Ljava/lang/Object;)Ljava/lang/Object;+0 java.base@17.0.18
j  jdk.internal.reflect.NativeMethodAccessorImpl.invoke(Ljava/lang/Object;[Ljava/lang/Object;)Ljava/lang/Object;+133 java.base@17.0.18
j  jdk.internal.reflect.DelegatingMethodAccessorImpl.invoke(Ljava/lang/Object;[Ljava/lang/Object;)Ljava/lang/Object;+6 java.base@17.0.18
j  java.lang.reflect.Method.invoke(Ljava/lang/Object;[Ljava/lang/Object;)Ljava/lang/Object;+59 java.base@17.0.18
j  org.gradle.wrapper.BootstrapMainStarter.start([Ljava/lang/String;Ljava/io/File;)V+82
j  org.gradle.wrapper.WrapperExecutor.execute([Ljava/lang/String;Lorg/gradle/wrapper/Install;Lorg/gradle/wrapper/BootstrapMainStarter;)V+14
j  org.gradle.wrapper.GradleWrapperMain.main([Ljava/lang/String;)V+190
v  ~StubRoutines::call_stub

Compiled method (n/a) 460968  750     n 0       java.lang.ClassLoader::defineClass1 (native)
 total in heap  [0x0000014112b6c510,0x0000014112b6ca10] = 1280
 relocation     [0x0000014112b6c670,0x0000014112b6c6a8] = 56
 main code      [0x0000014112b6c6c0,0x0000014112b6ca10] = 848

[Constant Pool (empty)]

[MachCode]
[Entry Point]
  # {method} {0x0000014127010f18} 'defineClass1' '(Ljava/lang/ClassLoader;Ljava/lang/String;[BIILjava/security/ProtectionDomain;Ljava/lang/String;)Ljava/lang/Class;' in 'java/lang/ClassLoader'
  # parm0:    rdx:rdx   = 'java/lang/ClassLoader'
  # parm1:    r8:r8     = 'java/lang/String'
  # parm2:    r9:r9     = '[B'
  # parm3:    rdi       = int
  # parm4:    rsi       = int
  # parm5:    rcx:rcx   = 'java/security/ProtectionDomain'
  # parm6:    [sp+0xa0]   = 'java/lang/String'  (sp of caller)
  0x0000014112b6c6c0: 448b 5208 | 49bb 0000 | 0027 4101 | 0000 4d03 | d349 3bc2 | 0f84 0600 

  0x0000014112b6c6d8: ;   {runtime_call ic_miss_stub}
  0x0000014112b6c6d8: 0000 e9a1 | 49a6 ff90 
[Verified Entry Point]
  0x0000014112b6c6e0: 8984 2400 | 90ff ff55 | 488b ec48 | 81ec 9000 | 0000 4881 | 7d10 0000 | 0000 488d | 4510 480f 
  0x0000014112b6c700: 4445 1048 | 8944 2440 | 4889 4c24 | 7048 83f9 | 0048 8d44 | 2470 480f | 4444 2470 | 4889 4424 
  0x0000014112b6c720: 3848 8974 | 2430 4889 | 7c24 284c | 894c 2458 | 4983 f900 | 488d 4424 | 5848 0f44 | 4424 5848 
  0x0000014112b6c740: 8944 2420 | 4c89 4424 | 5049 83f8 | 004c 8d4c | 2450 4c0f | 444c 2450 | 4889 5424 | 4848 83fa 
  0x0000014112b6c760: 004c 8d44 | 2448 4c0f | 4444 2448 

  0x0000014112b6c76c: ;   {oop(a 'java/lang/Class'{0x0000000713800ab0} = 'java/lang/ClassLoader')}
  0x0000014112b6c76c: 49be b00a | 8013 0700 | 0000 4c89 | 7424 784c | 8d74 2478 | 498b d6c5 

  0x0000014112b6c784: ;   {internal_word}
  0x0000014112b6c784: f877 49ba | 83c7 b612 | 4101 0000 | 4d89 97a0 | 0200 0049 | 89a7 9802 

  0x0000014112b6c79c: ;   {external_word}
  0x0000014112b6c79c: 0000 49ba | d5c6 0564 | fa7f 0000 | 4180 3a00 | 0f84 5200 | 0000 5241 

  0x0000014112b6c7b4: ;   {metadata({method} {0x0000014127010f18} 'defineClass1' '(Ljava/lang/ClassLoader;Ljava/lang/String;[BIILjava/security/ProtectionDomain;Ljava/lang/String;)Ljava/lang/Class;' in 'java/lang/ClassLoader')}
  0x0000014112b6c7b4: 5041 5148 | ba10 0f01 | 2741 0100 | 0049 8bcf | 4883 ec20 | f7c4 0f00 | 0000 0f84 | 1a00 0000 
  0x0000014112b6c7d4: 4883 ec08 

  0x0000014112b6c7d8: ;   {runtime_call}
  0x0000014112b6c7d8: 49ba 50a0 | bb63 fa7f | 0000 41ff | d248 83c4 | 08e9 0d00 

  0x0000014112b6c7ec: ;   {runtime_call}
  0x0000014112b6c7ec: 0000 49ba | 50a0 bb63 | fa7f 0000 | 41ff d248 | 83c4 2041 | 5941 585a | 498d 8fb8 | 0200 0041 
  0x0000014112b6c80c: c787 4003 | 0000 0400 

  0x0000014112b6c814: ;   {runtime_call}
  0x0000014112b6c814: 0000 49ba | ac16 7eec | fa7f 0000 | 41ff d2c5 | f877 41c7 | 8740 0300 | 0005 0000 | 00f0 8344 
  0x0000014112b6c834: 24c0 0049 | 3baf 4803 | 0000 0f87 | 1100 0000 | 4181 bf30 | 0300 0000 | 0000 000f | 842c 0000 
  0x0000014112b6c854: 00c5 f877 | 4889 45f8 | 498b cf4c | 8be4 4883 | ec20 4883 

  0x0000014112b6c868: ;   {runtime_call}
  0x0000014112b6c868: e4f0 49ba | a0af cb63 | fa7f 0000 | 41ff d249 | 8be4 4d33 | e448 8b45 | f841 c787 | 4003 0000 
  0x0000014112b6c888: 0800 0000 | 4181 bfb0 | 0300 0002 | 0000 000f | 843f 0100 

  0x0000014112b6c89c: ;   {external_word}
  0x0000014112b6c89c: 0049 bad5 | c605 64fa | 7f00 0041 | 803a 000f | 8450 0000 | 0048 8945 

  0x0000014112b6c8b4: ;   {metadata({method} {0x0000014127010f18} 'defineClass1' '(Ljava/lang/ClassLoader;Ljava/lang/String;[BIILjava/security/ProtectionDomain;Ljava/lang/String;)Ljava/lang/Class;' in 'java/lang/ClassLoader')}
  0x0000014112b6c8b4: f848 ba10 | 0f01 2741 | 0100 0049 | 8bcf 4883 | ec20 f7c4 | 0f00 0000 | 0f84 1a00 | 0000 4883 
  0x0000014112b6c8d4: ;   {runtime_call}
  0x0000014112b6c8d4: ec08 49ba | 50a0 bb63 | fa7f 0000 | 41ff d248 | 83c4 08e9 | 0d00 0000 

  0x0000014112b6c8ec: ;   {runtime_call}
  0x0000014112b6c8ec: 49ba 50a0 | bb63 fa7f | 0000 41ff | d248 83c4 | 2048 8b45 | f849 c787 | 9802 0000 | 0000 0000 
  0x0000014112b6c90c: 49c7 87a0 | 0200 0000 | 0000 00c5 | f877 4885 | c00f 8493 | 0000 0048 | f7c0 0100 | 0000 0f84 
  0x0000014112b6c92c: 8300 0000 | 488b 40ff | 4180 7f38 | 000f 846f | 0000 0048 | 83f8 000f | 8465 0000 | 0049 8b4f 
  0x0000014112b6c94c: 2048 83f9 | 000f 8414 | 0000 0048 | 83e9 0849 | 894f 2049 | 034f 3048 | 8901 e943 | 0000 0050 
  0x0000014112b6c96c: 498b d748 | 8bc8 4883 | ec20 f7c4 | 0f00 0000 | 0f84 1a00 | 0000 4883 

  0x0000014112b6c984: ;   {runtime_call}
  0x0000014112b6c984: ec08 49ba | 106a 7a63 | fa7f 0000 | 41ff d248 | 83c4 08e9 | 0d00 0000 

  0x0000014112b6c99c: ;   {runtime_call}
  0x0000014112b6c99c: 49ba 106a | 7a63 fa7f | 0000 41ff | d248 83c4 | 2058 e903 | 0000 0048 | 8b00 498b | 8fd8 0000 
  0x0000014112b6c9bc: 00c7 8100 | 0100 0000 | 0000 00c9 | 4981 7f08 | 0000 0000 | 0f85 0100 

  0x0000014112b6c9d4: ;   {runtime_call StubRoutines (1)}
  0x0000014112b6c9d4: 0000 c3e9 | 2445 a1ff | c5f8 7748 | 8945 f84c | 8be4 4883 | ec20 4883 

  0x0000014112b6c9ec: ;   {runtime_call}
  0x0000014112b6c9ec: e4f0 49ba | 40d1 bb63 | fa7f 0000 | 41ff d249 | 8be4 4d33 | e448 8b45 | f8e9 93fe | ffff f4f4 
  0x0000014112b6ca0c: f4f4 f4f4 
[/MachCode]


Compiled method (c1) 461000  955       3       java.lang.ClassLoader::defineClass (43 bytes)
 total in heap  [0x000001410b214790,0x000001410b2150c8] = 2360
 relocation     [0x000001410b2148f0,0x000001410b214980] = 144
 main code      [0x000001410b214980,0x000001410b214e20] = 1184
 stub code      [0x000001410b214e20,0x000001410b214e98] = 120
 metadata       [0x000001410b214e98,0x000001410b214ec8] = 48
 scopes data    [0x000001410b214ec8,0x000001410b214fb8] = 240
 scopes pcs     [0x000001410b214fb8,0x000001410b215098] = 224
 dependencies   [0x000001410b215098,0x000001410b2150a0] = 8
 nul chk table  [0x000001410b2150a0,0x000001410b2150c8] = 40

[Constant Pool (empty)]

[MachCode]
[Entry Point]
  # {method} {0x0000014127010cb0} 'defineClass' '(Ljava/lang/String;[BIILjava/security/ProtectionDomain;)Ljava/lang/Class;' in 'java/lang/ClassLoader'
  # this:     rdx:rdx   = 'java/lang/ClassLoader'
  # parm0:    r8:r8     = 'java/lang/String'
  # parm1:    r9:r9     = '[B'
  # parm2:    rdi       = int
  # parm3:    rsi       = int
  # parm4:    rcx:rcx   = 'java/security/ProtectionDomain'
  #           [sp+0xc0]  (sp of caller)
  0x000001410b214980: 448b 5208 | 49bb 0000 | 0027 4101 | 0000 4d03 | d34c 3bd0 

  0x000001410b214994: ;   {runtime_call ic_miss_stub}
  0x000001410b214994: 0f85 e6c6 | 3b07 660f | 1f44 0000 
[Verified Entry Point]
  0x000001410b2149a0: 8984 2400 | 90ff ff55 | 4881 ecb0 | 0000 0048 | 8954 2478 

  0x000001410b2149b4: ;   {metadata(method data for {method} {0x0000014127010cb0} 'defineClass' '(Ljava/lang/String;[BIILjava/security/ProtectionDomain;)Ljava/lang/Class;' in 'java/lang/ClassLoader')}
  0x000001410b2149b4: 48bb 60f6 | 1d68 4101 | 0000 8b83 | cc00 0000 | 83c0 0289 | 83cc 0000 | 0081 e0fe | 0700 0083 
  0x000001410b2149d4: f800 0f84 | 4e03 0000 | 89b4 2494 | 0000 0089 | bc24 9000 | 0000 4c89 | 8c24 8800 | 0000 488b 
  0x000001410b2149f4: ;   {metadata(method data for {method} {0x0000014127010cb0} 'defineClass' '(Ljava/lang/String;[BIILjava/security/ProtectionDomain;)Ljava/lang/Class;' in 'java/lang/ClassLoader')}
  0x000001410b2149f4: da48 b860 | f61d 6841 | 0100 0048 | 8380 1001 | 0000 0149 | 8bd8 4c8b | c34c 8bc9 | 488b ca48 
  0x000001410b214a14: 8bd1 4889 | 9c24 8000 

  0x000001410b214a1c: ;   {optimized virtual_call}
  0x000001410b214a1c: 0000 90e8 

  0x000001410b214a20: ; ImmutableOopMap {[120]=Oop [136]=Oop [128]=Oop }
                      ;*invokevirtual preDefineClass {reexecute=0 rethrow=0 return_oop=0}
                      ; - java.lang.ClassLoader::defineClass@4 (line 1015)
  0x000001410b214a20: 7ca0 ffff | 4889 8424 | 9800 0000 | 488b 5424 

  0x000001410b214a30: ;   {metadata(method data for {method} {0x0000014127010cb0} 'defineClass' '(Ljava/lang/String;[BIILjava/security/ProtectionDomain;)Ljava/lang/Class;' in 'java/lang/ClassLoader')}
  0x000001410b214a30: 7849 b860 | f61d 6841 | 0100 0049 | 8380 4801 

  0x000001410b214a40: ;   {metadata(method data for {method} {0x0000014127010ec0} 'defineClassSourceLocation' '(Ljava/security/ProtectionDomain;)Ljava/lang/String;' in 'java/lang/ClassLoader')}
  0x000001410b214a40: 0000 0149 | b8f0 0022 | 6841 0100 | 0041 8b90 | cc00 0000 | 83c2 0241 | 8990 cc00 | 0000 81e2 
  0x000001410b214a60: feff 1f00 | 83fa 000f | 84de 0200 | 0048 3b00 

  0x000001410b214a70: ;   {metadata(method data for {method} {0x0000014127010ec0} 'defineClassSourceLocation' '(Ljava/security/ProtectionDomain;)Ljava/lang/String;' in 'java/lang/ClassLoader')}
  0x000001410b214a70: 4c8b c048 | baf0 0022 | 6841 0100 | 0048 8382 | 1001 0000 | 0144 8b40 | 1049 c1e0 | 0349 83f8 
  0x000001410b214a90: ;   {metadata(method data for {method} {0x0000014127010ec0} 'defineClassSourceLocation' '(Ljava/security/ProtectionDomain;)Ljava/lang/String;' in 'java/lang/ClassLoader')}
  0x000001410b214a90: 0048 baf0 | 0022 6841 | 0100 0048 | c7c6 5801 | 0000 0f85 | 0700 0000 | 48c7 c648 | 0100 0048 
  0x000001410b214ab0: 8b3c 3248 | 8d7f 0148 | 893c 320f | 850f 0000 

  0x000001410b214ac0: ;   {oop(NULL)}
  0x000001410b214ac0: 0048 bb00 | 0000 0000 | 0000 00e9 | af01 0000 

  0x000001410b214ad0: ; implicit exception: dispatches to 0x000001410b214d71
  0x000001410b214ad0: 493b 0049 

  0x000001410b214ad4: ;   {metadata(method data for {method} {0x0000014127010ec0} 'defineClassSourceLocation' '(Ljava/security/ProtectionDomain;)Ljava/lang/String;' in 'java/lang/ClassLoader')}
  0x000001410b214ad4: 8bd0 48be | f000 2268 | 4101 0000 | 4883 8668 | 0100 0001 | 418b 500c | 48c1 e203 | 4883 fa00 
  0x000001410b214af4: ;   {metadata(method data for {method} {0x0000014127010ec0} 'defineClassSourceLocation' '(Ljava/security/ProtectionDomain;)Ljava/lang/String;' in 'java/lang/ClassLoader')}
  0x000001410b214af4: 48be f000 | 2268 4101 | 0000 48c7 | c7b0 0100 | 000f 8507 | 0000 0048 | c7c7 a001 | 0000 488b 
  0x000001410b214b14: 1c3e 488d | 5b01 4889 | 1c3e 0f85 | 0f00 0000 

  0x000001410b214b24: ;   {oop(NULL)}
  0x000001410b214b24: 48bb 0000 | 0000 0000 | 0000 e94c 

  0x000001410b214b30: ;   {metadata(method data for {method} {0x0000014127010ec0} 'defineClassSourceLocation' '(Ljava/security/ProtectionDomain;)Ljava/lang/String;' in 'java/lang/ClassLoader')}
  0x000001410b214b30: 0100 0048 | bef0 0022 | 6841 0100 | 0048 8386 | c001 0000 | 0148 3b02 

  0x000001410b214b48: ;   {metadata(method data for {method} {0x0000014127010ec0} 'defineClassSourceLocation' '(Ljava/security/ProtectionDomain;)Ljava/lang/String;' in 'java/lang/ClassLoader')}
  0x000001410b214b48: 4c8b c248 | bef0 0022 | 6841 0100 | 0048 8386 | f801 0000 

  0x000001410b214b5c: ;   {metadata(method data for {method} {0x0000014127068a68} 'toString' '()Ljava/lang/String;' in 'java/net/URL')}
  0x000001410b214b5c: 0149 b828 | 1017 6841 | 0100 0041 | 8bb0 cc00 | 0000 83c6 | 0241 89b0 | cc00 0000 | 81e6 feff 
  0x000001410b214b7c: 1f00 83fe | 000f 84f4 | 0100 004c 

  0x000001410b214b88: ;   {metadata(method data for {method} {0x0000014127068a68} 'toString' '()Ljava/lang/String;' in 'java/net/URL')}
  0x000001410b214b88: 8bc2 48be | 2810 1768 | 4101 0000 | 4883 8610 | 0100 0001 

  0x000001410b214b9c: ;   {metadata(method data for {method} {0x0000014127069300} 'toExternalForm' '()Ljava/lang/String;' in 'java/net/URL')}
  0x000001410b214b9c: 49b8 b011 | 1768 4101 | 0000 418b | b0cc 0000 | 0083 c602 | 4189 b0cc | 0000 0081 | e6fe ff1f 
  0x000001410b214bbc: 0083 fe00 | 0f84 d601 | 0000 8b72 | 3848 c1e6 | 0348 3b06 

  0x000001410b214bd0: ;   {metadata(method data for {method} {0x0000014127069300} 'toExternalForm' '()Ljava/lang/String;' in 'java/net/URL')}
  0x000001410b214bd0: 4c8b c648 | bfb0 1117 | 6841 0100 | 0045 8b40 | 0849 ba00 | 0000 2741 | 0100 004d | 03c2 4c3b 
  0x000001410b214bf0: 8720 0100 | 0075 0d48 | 8387 2801 | 0000 01e9 | 6600 0000 | 4c3b 8730 | 0100 0075 | 0d48 8387 
  0x000001410b214c10: 3801 0000 | 01e9 5000 | 0000 4881 | bf20 0100 | 0000 0000 | 0075 174c | 8987 2001 | 0000 48c7 
  0x000001410b214c30: 8728 0100 | 0001 0000 | 00e9 2c00 | 0000 4881 | bf30 0100 | 0000 0000 | 0075 174c | 8987 3001 
  0x000001410b214c50: 0000 48c7 | 8738 0100 | 0001 0000 | 00e9 0800 | 0000 4883 | 8710 0100 | 0001 4c8b | c248 8bd6 
  0x000001410b214c70: 0f1f 8000 

  0x000001410b214c74: ;   {optimized virtual_call}
  0x000001410b214c74: 0000 00e8 

  0x000001410b214c78: ; ImmutableOopMap {[120]=Oop [136]=Oop [128]=Oop [152]=Oop }
                      ;*invokevirtual toExternalForm {reexecute=0 rethrow=0 return_oop=0}
                      ; - java.net.URL::toExternalForm@5 (line 1039)
                      ; - java.net.URL::toString@1 (line 1025)
                      ; - java.lang.ClassLoader::defineClassSourceLocation@22 (line 917)
                      ; - java.lang.ClassLoader::defineClass@12 (line 1016)
  0x000001410b214c78: 646e fdff | 488b d848 | 8b84 2498 | 0000 008b | b424 9400 | 0000 8bbc | 2490 0000 | 004c 8b8c 
  0x000001410b214c98: 2488 0000 | 004c 8b84 | 2480 0000 | 0048 8b54 

  0x000001410b214ca8: ;   {metadata(method data for {method} {0x0000014127010cb0} 'defineClass' '(Ljava/lang/String;[BIILjava/security/ProtectionDomain;)Ljava/lang/Class;' in 'java/lang/ClassLoader')}
  0x000001410b214ca8: 2478 48b9 | 60f6 1d68 | 4101 0000 | 4883 8180 | 0100 0001 | 4c8b da49 | 8bd3 488b | c848 891c 
  0x000001410b214cc8: 2466 0f1f 

  0x000001410b214ccc: ;   {static_call}
  0x000001410b214ccc: 4400 00e8 

  0x000001410b214cd0: ; ImmutableOopMap {[152]=Oop [120]=Oop }
                      ;*invokestatic defineClass1 {reexecute=0 rethrow=0 return_oop=0}
                      ; - java.lang.ClassLoader::defineClass@27 (line 1017)
  0x000001410b214cd0: 0c7a 9507 | 488b 5424 

  0x000001410b214cd8: ;   {metadata(method data for {method} {0x0000014127010cb0} 'defineClass' '(Ljava/lang/String;[BIILjava/security/ProtectionDomain;)Ljava/lang/Class;' in 'java/lang/ClassLoader')}
  0x000001410b214cd8: 7849 b860 | f61d 6841 | 0100 0049 | 8380 9001 | 0000 014c | 8bc0 4c8b | 8c24 9800 | 0000 488b 
  0x000001410b214cf8: 5424 7848 | 8984 24a0 | 0000 000f 

  0x000001410b214d04: ;   {optimized virtual_call}
  0x000001410b214d04: 1f40 00e8 

  0x000001410b214d08: ; ImmutableOopMap {[160]=Oop }
                      ;*invokevirtual postDefineClass {reexecute=0 rethrow=0 return_oop=0}
                      ; - java.lang.ClassLoader::defineClass@37 (line 1018)
  0x000001410b214d08: 149e fcff | 488b 8424 | a000 0000 | 4881 c4b0 | 0000 005d 

  0x000001410b214d1c: ;   {poll_return}
  0x000001410b214d1c: 493b a748 | 0300 000f | 8799 0000 

  0x000001410b214d28: ;   {metadata({method} {0x0000014127010cb0} 'defineClass' '(Ljava/lang/String;[BIILjava/security/ProtectionDomain;)Ljava/lang/Class;' in 'java/lang/ClassLoader')}
  0x000001410b214d28: 00c3 49ba | a80c 0127 | 4101 0000 | 4c89 5424 | 0848 c704 | 24ff ffff 

  0x000001410b214d40: ;   {runtime_call counter_overflow Runtime1 stub}
  0x000001410b214d40: ffe8 3a71 

  0x000001410b214d44: ; ImmutableOopMap {rdx=Oop [120]=Oop r8=Oop r9=Oop rcx=Oop }
                      ;*synchronization entry
                      ; - java.lang.ClassLoader::defineClass@-1 (line 1015)
  0x000001410b214d44: 4607 e991 

  0x000001410b214d48: ;   {metadata({method} {0x0000014127010ec0} 'defineClassSourceLocation' '(Ljava/security/ProtectionDomain;)Ljava/lang/String;' in 'java/lang/ClassLoader')}
  0x000001410b214d48: fcff ff49 | bab8 0e01 | 2741 0100 | 004c 8954 | 2408 48c7 | 0424 ffff 

  0x000001410b214d60: ;   {runtime_call counter_overflow Runtime1 stub}
  0x000001410b214d60: ffff e819 

  0x000001410b214d64: ; ImmutableOopMap {[120]=Oop [136]=Oop [128]=Oop rax=Oop [152]=Oop }
                      ;*synchronization entry
                      ; - java.lang.ClassLoader::defineClassSourceLocation@-1 (line 914)
                      ; - java.lang.ClassLoader::defineClass@12 (line 1016)
  0x000001410b214d64: 7146 07e9 | 01fd ffff 

  0x000001410b214d6c: ;   {runtime_call throw_null_pointer_exception Runtime1 stub}
  0x000001410b214d6c: e82f 1446 

  0x000001410b214d70: ; ImmutableOopMap {[120]=Oop [136]=Oop [128]=Oop rax=Oop [152]=Oop }
                      ;*invokevirtual getCodeSource {reexecute=0 rethrow=0 return_oop=0}
                      ; - java.lang.ClassLoader::defineClassSourceLocation@1 (line 914)
                      ; - java.lang.ClassLoader::defineClass@12 (line 1016)
                      ;   {runtime_call throw_null_pointer_exception Runtime1 stub}
  0x000001410b214d70: 07e8 2a14 

  0x000001410b214d74: ; ImmutableOopMap {[120]=Oop [136]=Oop [128]=Oop rax=Oop [152]=Oop r8=Oop }
                      ;*invokevirtual getLocation {reexecute=0 rethrow=0 return_oop=0}
                      ; - java.lang.ClassLoader::defineClassSourceLocation@12 (line 916)
                      ; - java.lang.ClassLoader::defineClass@12 (line 1016)
                      ;   {runtime_call throw_null_pointer_exception Runtime1 stub}
  0x000001410b214d74: 4607 e825 

  0x000001410b214d78: ; ImmutableOopMap {[120]=Oop [136]=Oop [128]=Oop [152]=Oop rdx=Oop }
                      ;*invokevirtual toString {reexecute=0 rethrow=0 return_oop=0}
                      ; - java.lang.ClassLoader::defineClassSourceLocation@22 (line 917)
                      ; - java.lang.ClassLoader::defineClass@12 (line 1016)
                      ;   {metadata({method} {0x0000014127068a68} 'toString' '()Ljava/lang/String;' in 'java/net/URL')}
  0x000001410b214d78: 1446 0749 | ba60 8a06 | 2741 0100 | 004c 8954 | 2408 48c7 | 0424 ffff 

  0x000001410b214d90: ;   {runtime_call counter_overflow Runtime1 stub}
  0x000001410b214d90: ffff e8e9 

  0x000001410b214d94: ; ImmutableOopMap {[120]=Oop [136]=Oop [128]=Oop [152]=Oop rdx=Oop }
                      ;*synchronization entry
                      ; - java.net.URL::toString@-1 (line 1025)
                      ; - java.lang.ClassLoader::defineClassSourceLocation@22 (line 917)
                      ; - java.lang.ClassLoader::defineClass@12 (line 1016)
  0x000001410b214d94: 7046 07e9 | ebfd ffff 

  0x000001410b214d9c: ;   {metadata({method} {0x0000014127069300} 'toExternalForm' '()Ljava/lang/String;' in 'java/net/URL')}
  0x000001410b214d9c: 49ba f892 | 0627 4101 | 0000 4c89 | 5424 0848 | c704 24ff 

  0x000001410b214db0: ;   {runtime_call counter_overflow Runtime1 stub}
  0x000001410b214db0: ffff ffe8 

  0x000001410b214db4: ; ImmutableOopMap {[120]=Oop [136]=Oop [128]=Oop [152]=Oop rdx=Oop }
                      ;*synchronization entry
                      ; - java.net.URL::toExternalForm@-1 (line 1039)
                      ; - java.net.URL::toString@1 (line 1025)
                      ; - java.lang.ClassLoader::defineClassSourceLocation@22 (line 917)
                      ; - java.lang.ClassLoader::defineClass@12 (line 1016)
  0x000001410b214db4: c870 4607 | e909 feff 

  0x000001410b214dbc: ;   {runtime_call throw_null_pointer_exception Runtime1 stub}
  0x000001410b214dbc: ffe8 de13 

  0x000001410b214dc0: ; ImmutableOopMap {[120]=Oop [136]=Oop [128]=Oop [152]=Oop rdx=Oop rsi=Oop }
                      ;*invokevirtual toExternalForm {reexecute=0 rethrow=0 return_oop=0}
                      ; - java.net.URL::toExternalForm@5 (line 1039)
                      ; - java.net.URL::toString@1 (line 1025)
                      ; - java.lang.ClassLoader::defineClassSourceLocation@22 (line 917)
                      ; - java.lang.ClassLoader::defineClass@12 (line 1016)
                      ;   {internal_word}
  0x000001410b214dc0: 4607 49ba | 1c4d 210b | 4101 0000 | 4d89 9760 

  0x000001410b214dd0: ;   {runtime_call SafepointBlob}
  0x000001410b214dd0: 0300 00e9 | 282c 3c07 | 9090 498b | 87d8 0300 | 0049 c787 | d803 0000 | 0000 0000 | 49c7 87e0 
  0x000001410b214df0: 0300 0000 | 0000 0048 | 81c4 b000 

  0x000001410b214dfc: ;   {runtime_call unwind_exception Runtime1 stub}
  0x000001410b214dfc: 0000 5de9 | fc33 3d07 | f4f4 f4f4 | f4f4 f4f4 | f4f4 f4f4 | f4f4 f4f4 | f4f4 f4f4 | f4f4 f4f4 
  0x000001410b214e1c: f4f4 f4f4 
[Stub Code]
  0x000001410b214e20: ;   {no_reloc}
  0x000001410b214e20: 0f1f 4400 

  0x000001410b214e24: ;   {static_stub}
  0x000001410b214e24: 0048 bb00 | 0000 0000 

  0x000001410b214e2c: ;   {runtime_call}
  0x000001410b214e2c: 0000 00e9 | fbff ffff 

  0x000001410b214e34: ;   {static_stub}
  0x000001410b214e34: 9048 bb00 | 0000 0000 

  0x000001410b214e3c: ;   {runtime_call}
  0x000001410b214e3c: 0000 00e9 | fbff ffff 

  0x000001410b214e44: ;   {static_stub}
  0x000001410b214e44: 9048 bb00 | 0000 0000 

  0x000001410b214e4c: ;   {runtime_call}
  0x000001410b214e4c: 0000 00e9 | fbff ffff 

  0x000001410b214e54: ;   {static_stub}
  0x000001410b214e54: 9048 bb00 | 0000 0000 

  0x000001410b214e5c: ;   {runtime_call}
  0x000001410b214e5c: 0000 00e9 | fbff ffff 
[Exception Handler]
  0x000001410b214e64: ;   {runtime_call handle_exception_from_callee Runtime1 stub}
  0x000001410b214e64: e817 3146 

  0x000001410b214e68: ;   {external_word}
  0x000001410b214e68: 0748 b900 | eadf 63fa | 7f00 0048 

  0x000001410b214e74: ;   {runtime_call}
  0x000001410b214e74: 83e4 f049 | ba40 96a8 | 63fa 7f00 | 0041 ffd2 

  0x000001410b214e84: ;   {section_word}
  0x000001410b214e84: f449 ba85 | 4e21 0b41 | 0100 0041 

  0x000001410b214e90: ;   {runtime_call DeoptimizationBlob}
  0x000001410b214e90: 52e9 0a1e | 3c07 f4f4 
[/MachCode]


Compiled method (c1) 461038  899       3       java.security.SecureClassLoader::defineClass (16 bytes)
 total in heap  [0x000001410b1f9b90,0x000001410b1f9f80] = 1008
 relocation     [0x000001410b1f9cf0,0x000001410b1f9d38] = 72
 main code      [0x000001410b1f9d40,0x000001410b1f9e80] = 320
 stub code      [0x000001410b1f9e80,0x000001410b1f9ed8] = 88
 metadata       [0x000001410b1f9ed8,0x000001410b1f9ee0] = 8
 scopes data    [0x000001410b1f9ee0,0x000001410b1f9f28] = 72
 scopes pcs     [0x000001410b1f9f28,0x000001410b1f9f78] = 80
 dependencies   [0x000001410b1f9f78,0x000001410b1f9f80] = 8

[Constant Pool (empty)]

[MachCode]
[Entry Point]
  # {method} {0x0000014127435008} 'defineClass' '(Ljava/lang/String;[BIILjava/security/CodeSource;)Ljava/lang/Class;' in 'java/security/SecureClassLoader'
  # this:     rdx:rdx   = 'java/security/SecureClassLoader'
  # parm0:    r8:r8     = 'java/lang/String'
  # parm1:    r9:r9     = '[B'
  # parm2:    rdi       = int
  # parm3:    rsi       = int
  # parm4:    rcx:rcx   = 'java/security/CodeSource'
  #           [sp+0x80]  (sp of caller)
  0x000001410b1f9d40: 448b 5208 | 49bb 0000 | 0027 4101 | 0000 4d03 | d34c 3bd0 

  0x000001410b1f9d54: ;   {runtime_call ic_miss_stub}
  0x000001410b1f9d54: 0f85 2673 | 3d07 660f | 1f44 0000 
[Verified Entry Point]
  0x000001410b1f9d60: 8984 2400 | 90ff ff55 | 4883 ec70 

  0x000001410b1f9d6c: ;   {metadata(method data for {method} {0x0000014127435008} 'defineClass' '(Ljava/lang/String;[BIILjava/security/CodeSource;)Ljava/lang/Class;' in 'java/security/SecureClassLoader')}
  0x000001410b1f9d6c: 48bb 408d | 1d68 4101 | 0000 8b83 | cc00 0000 | 83c0 0289 | 83cc 0000 | 0081 e0fe | 0700 0083 
  0x000001410b1f9d8c: f800 0f84 | 8b00 0000 | 8974 245c | 897c 2458 | 4c89 4c24 | 504c 8944 | 2448 488b 

  0x000001410b1f9da8: ;   {metadata(method data for {method} {0x0000014127435008} 'defineClass' '(Ljava/lang/String;[BIILjava/security/CodeSource;)Ljava/lang/Class;' in 'java/security/SecureClassLoader')}
  0x000001410b1f9da8: da48 b840 | 8d1d 6841 | 0100 0048 | 8380 1001 | 0000 014c | 8bc1 488b | c248 8bd0 | 4889 4424 
  0x000001410b1f9dc8: 4066 0f1f 

  0x000001410b1f9dcc: ;   {optimized virtual_call}
  0x000001410b1f9dcc: 4400 00e8 

  0x000001410b1f9dd0: ; ImmutableOopMap {[80]=Oop [64]=Oop [72]=Oop }
                      ;*invokevirtual getProtectionDomain {reexecute=0 rethrow=0 return_oop=0}
                      ; - java.security.SecureClassLoader::defineClass@9 (line 150)
  0x000001410b1f9dd0: 4ca1 0100 | 488b 5424 

  0x000001410b1f9dd8: ;   {metadata(method data for {method} {0x0000014127435008} 'defineClass' '(Ljava/lang/String;[BIILjava/security/CodeSource;)Ljava/lang/Class;' in 'java/security/SecureClassLoader')}
  0x000001410b1f9dd8: 4049 b840 | 8d1d 6841 | 0100 0049 | 8380 4801 | 0000 014c | 8b44 2448 | 4c8b 4c24 | 508b 7c24 
  0x000001410b1f9df8: 588b 7424 | 5c48 8bc8 | 488b 5424 

  0x000001410b1f9e04: ;   {optimized virtual_call}
  0x000001410b1f9e04: 4066 90e8 

  0x000001410b1f9e08: ; ImmutableOopMap {}
                      ;*invokevirtual defineClass {reexecute=0 rethrow=0 return_oop=0}
                      ; - java.security.SecureClassLoader::defineClass@12 (line 150)
  0x000001410b1f9e08: 94ab 0100 | 4883 c470 

  0x000001410b1f9e10: ;   {poll_return}
  0x000001410b1f9e10: 5d49 3ba7 | 4803 0000 | 0f87 2200 

  0x000001410b1f9e1c: ;   {metadata({method} {0x0000014127435008} 'defineClass' '(Ljava/lang/String;[BIILjava/security/CodeSource;)Ljava/lang/Class;' in 'java/security/SecureClassLoader')}
  0x000001410b1f9e1c: 0000 c349 | ba00 5043 | 2741 0100 | 004c 8954 | 2408 48c7 | 0424 ffff 

  0x000001410b1f9e34: ;   {runtime_call counter_overflow Runtime1 stub}
  0x000001410b1f9e34: ffff e845 

  0x000001410b1f9e38: ; ImmutableOopMap {rdx=Oop r8=Oop r9=Oop rcx=Oop }
                      ;*synchronization entry
                      ; - java.security.SecureClassLoader::defineClass@-1 (line 150)
  0x000001410b1f9e38: 2048 07e9 | 54ff ffff 

  0x000001410b1f9e40: ;   {internal_word}
  0x000001410b1f9e40: 49ba 119e | 1f0b 4101 | 0000 4d89 | 9760 0300 

  0x000001410b1f9e50: ;   {runtime_call SafepointBlob}
  0x000001410b1f9e50: 00e9 aadb | 3d07 9090 | 498b 87d8 | 0300 0049 | c787 d803 | 0000 0000 | 0000 49c7 | 87e0 0300 
  0x000001410b1f9e70: 0000 0000 | 0048 83c4 

  0x000001410b1f9e78: ;   {runtime_call unwind_exception Runtime1 stub}
  0x000001410b1f9e78: 705d e981 | e33e 07f4 
[Stub Code]
  0x000001410b1f9e80: ;   {no_reloc}
  0x000001410b1f9e80: 0f1f 4400 

  0x000001410b1f9e84: ;   {static_stub}
  0x000001410b1f9e84: 0048 bbb0 | 5043 2741 

  0x000001410b1f9e8c: ;   {runtime_call I2C/C2I adapters}
  0x000001410b1f9e8c: 0100 00e9 | c9c7 3d07 

  0x000001410b1f9e94: ;   {static_stub}
  0x000001410b1f9e94: 9048 bba8 | 0c01 2741 

  0x000001410b1f9e9c: ;   {runtime_call I2C/C2I adapters}
  0x000001410b1f9e9c: 0100 00e9 | 47d8 3c07 
[Exception Handler]
  0x000001410b1f9ea4: ;   {runtime_call handle_exception_from_callee Runtime1 stub}
  0x000001410b1f9ea4: e8d7 e047 

  0x000001410b1f9ea8: ;   {external_word}
  0x000001410b1f9ea8: 0748 b900 | eadf 63fa | 7f00 0048 

  0x000001410b1f9eb4: ;   {runtime_call}
  0x000001410b1f9eb4: 83e4 f049 | ba40 96a8 | 63fa 7f00 | 0041 ffd2 

  0x000001410b1f9ec4: ;   {section_word}
  0x000001410b1f9ec4: f449 bac5 | 9e1f 0b41 | 0100 0041 

  0x000001410b1f9ed0: ;   {runtime_call DeoptimizationBlob}
  0x000001410b1f9ed0: 52e9 cacd | 3d07 f4f4 
[/MachCode]


---------------  P R O C E S S  ---------------

Threads class SMR info:
_java_thread_list=0x000001416c6b6390, length=13, elements={
0x0000014101d09ce0, 0x0000014126ae5b50, 0x0000014126ae7720, 0x0000014126af6420,
0x0000014126af6cf0, 0x0000014126af76b0, 0x0000014126afa080, 0x0000014126afbd80,
0x0000014126b07000, 0x0000014126b2a030, 0x0000014126c6fd00, 0x0000014126c7ac80,
0x000001416c3a3aa0
}

Java Threads: ( => current thread )
=>0x0000014101d09ce0 JavaThread "main" [_thread_in_vm, id=9580, stack(0x0000003628f00000,0x0000003629000000)]
  0x0000014126ae5b50 JavaThread "Reference Handler" daemon [_thread_blocked, id=6776, stack(0x0000003629600000,0x0000003629700000)]
  0x0000014126ae7720 JavaThread "Finalizer" daemon [_thread_blocked, id=1752, stack(0x0000003629700000,0x0000003629800000)]
  0x0000014126af6420 JavaThread "Signal Dispatcher" daemon [_thread_blocked, id=17324, stack(0x0000003629800000,0x0000003629900000)]
  0x0000014126af6cf0 JavaThread "Attach Listener" daemon [_thread_blocked, id=12392, stack(0x0000003629900000,0x0000003629a00000)]
  0x0000014126af76b0 JavaThread "Service Thread" daemon [_thread_blocked, id=13624, stack(0x0000003629a00000,0x0000003629b00000)]
  0x0000014126afa080 JavaThread "Monitor Deflation Thread" daemon [_thread_blocked, id=9244, stack(0x0000003629b00000,0x0000003629c00000)]
  0x0000014126afbd80 JavaThread "C2 CompilerThread0" daemon [_thread_blocked, id=16772, stack(0x0000003629c00000,0x0000003629d00000)]
  0x0000014126b07000 JavaThread "C1 CompilerThread0" daemon [_thread_blocked, id=15936, stack(0x0000003629d00000,0x0000003629e00000)]
  0x0000014126b2a030 JavaThread "Sweeper thread" daemon [_thread_blocked, id=17268, stack(0x0000003629e00000,0x0000003629f00000)]
  0x0000014126c6fd00 JavaThread "Notification Thread" daemon [_thread_blocked, id=13360, stack(0x0000003629f00000,0x000000362a000000)]
  0x0000014126c7ac80 JavaThread "Common-Cleaner" daemon [_thread_blocked, id=3068, stack(0x000000362a100000,0x000000362a200000)]
  0x000001416c3a3aa0 JavaThread "pool-1-thread-1" [_thread_blocked, id=2504, stack(0x000000362a300000,0x000000362a400000)]

Other Threads:
  0x0000014126ad6490 VMThread "VM Thread" [stack: 0x0000003629500000,0x0000003629600000] [id=9276]
  0x0000014126c721f0 WatcherThread [stack: 0x000000362a000000,0x000000362a100000] [id=6052]
  0x0000014101d76840 GCTaskThread "GC Thread#0" [stack: 0x0000003629000000,0x0000003629100000] [id=3356]
  0x000001416c439370 GCTaskThread "GC Thread#1" [stack: 0x000000362a400000,0x000000362a500000] [id=9316]
  0x000001416c1341d0 GCTaskThread "GC Thread#2" [stack: 0x000000362a500000,0x000000362a600000] [id=2816]
  0x000001416c5238c0 GCTaskThread "GC Thread#3" [stack: 0x000000362a600000,0x000000362a700000] [id=3240]
  0x000001416c205bf0 GCTaskThread "GC Thread#4" [stack: 0x000000362a700000,0x000000362a800000] [id=16716]
  0x000001416c205eb0 GCTaskThread "GC Thread#5" [stack: 0x000000362a800000,0x000000362a900000] [id=12848]
  0x0000014101d87f90 ConcurrentGCThread "G1 Main Marker" [stack: 0x0000003629100000,0x0000003629200000] [id=2872]
  0x0000014101d8b160 ConcurrentGCThread "G1 Conc#0" [stack: 0x0000003629200000,0x0000003629300000] [id=13392]
  0x0000014101dbece0 ConcurrentGCThread "G1 Refine#0" [stack: 0x0000003629300000,0x0000003629400000] [id=10764]
  0x0000014126985780 ConcurrentGCThread "G1 Service" [stack: 0x0000003629400000,0x0000003629500000] [id=2040]

Threads with active compile tasks:

VM state: not at safepoint (normal execution)

VM Mutex/Monitor currently owned by a thread:  ([mutex/lock_event])
[0x0000014101d05e00] Metaspace_lock - owner thread: 0x0000014101d09ce0

Heap address: 0x0000000705400000, size: 4012 MB, Compressed Oops mode: Zero based, Oop shift amount: 3

CDS archive(s) mapped at: [0x0000014127000000-0x0000014127bb0000-0x0000014127bb0000), size 12255232, SharedBaseAddress: 0x0000014127000000, ArchiveRelocationMode: 1.
Compressed class space mapped at: 0x0000014128000000-0x0000014168000000, reserved size: 1073741824
Narrow klass base: 0x0000014127000000, Narrow klass shift: 0, Narrow klass range: 0x100000000

GC Precious Log:
 CPUs: 8 total, 8 available
 Memory: 16043M
 Large Page Support: Disabled
 NUMA Support: Disabled
 Compressed Oops: Enabled (Zero based)
 Heap Region Size: 2M
 Heap Min Capacity: 8M
 Heap Initial Capacity: 252M
 Heap Max Capacity: 4012M
 Pre-touch: Disabled
 Parallel Workers: 8
 Concurrent Workers: 2
 Concurrent Refinement Workers: 8
 Periodic GC: Disabled

Heap:
 garbage-first heap   total 258048K, used 39722K [0x0000000705400000, 0x0000000800000000)
  region size 2048K, 19 young (38912K), 2 survivors (4096K)
 Metaspace       used 9331K, committed 9536K, reserved 1114112K
  class space    used 1231K, committed 1344K, reserved 1048576K

Heap Regions: E=young(eden), S=young(survivor), O=old, HS=humongous(starts), HC=humongous(continues), CS=collection set, F=free, OA=open archive, CA=closed archive, TAMS=top-at-mark-start (previous, next)
|   0|0x0000000705400000, 0x0000000705600000, 0x0000000705600000|100%|HS|  |TAMS 0x0000000705400000, 0x0000000705400000| Complete 
|   1|0x0000000705600000, 0x0000000705800000, 0x0000000705800000|100%|HC|  |TAMS 0x0000000705600000, 0x0000000705600000| Complete 
|   2|0x0000000705800000, 0x0000000705800000, 0x0000000705a00000|  0%| F|  |TAMS 0x0000000705800000, 0x0000000705800000| Untracked 
|   3|0x0000000705a00000, 0x0000000705a00000, 0x0000000705c00000|  0%| F|  |TAMS 0x0000000705a00000, 0x0000000705a00000| Untracked 
|   4|0x0000000705c00000, 0x0000000705c00000, 0x0000000705e00000|  0%| F|  |TAMS 0x0000000705c00000, 0x0000000705c00000| Untracked 
|   5|0x0000000705e00000, 0x0000000705e00000, 0x0000000706000000|  0%| F|  |TAMS 0x0000000705e00000, 0x0000000705e00000| Untracked 
|   6|0x0000000706000000, 0x0000000706000000, 0x0000000706200000|  0%| F|  |TAMS 0x0000000706000000, 0x0000000706000000| Untracked 
|   7|0x0000000706200000, 0x0000000706200000, 0x0000000706400000|  0%| F|  |TAMS 0x0000000706200000, 0x0000000706200000| Untracked 
|   8|0x0000000706400000, 0x0000000706400000, 0x0000000706600000|  0%| F|  |TAMS 0x0000000706400000, 0x0000000706400000| Untracked 
|   9|0x0000000706600000, 0x0000000706600000, 0x0000000706800000|  0%| F|  |TAMS 0x0000000706600000, 0x0000000706600000| Untracked 
|  10|0x0000000706800000, 0x0000000706800000, 0x0000000706a00000|  0%| F|  |TAMS 0x0000000706800000, 0x0000000706800000| Untracked 
|  11|0x0000000706a00000, 0x0000000706a00000, 0x0000000706c00000|  0%| F|  |TAMS 0x0000000706a00000, 0x0000000706a00000| Untracked 
|  12|0x0000000706c00000, 0x0000000706c00000, 0x0000000706e00000|  0%| F|  |TAMS 0x0000000706c00000, 0x0000000706c00000| Untracked 
|  13|0x0000000706e00000, 0x0000000706e00000, 0x0000000707000000|  0%| F|  |TAMS 0x0000000706e00000, 0x0000000706e00000| Untracked 
|  14|0x0000000707000000, 0x0000000707000000, 0x0000000707200000|  0%| F|  |TAMS 0x0000000707000000, 0x0000000707000000| Untracked 
|  15|0x0000000707200000, 0x0000000707200000, 0x0000000707400000|  0%| F|  |TAMS 0x0000000707200000, 0x0000000707200000| Untracked 
|  16|0x0000000707400000, 0x0000000707400000, 0x0000000707600000|  0%| F|  |TAMS 0x0000000707400000, 0x0000000707400000| Untracked 
|  17|0x0000000707600000, 0x0000000707600000, 0x0000000707800000|  0%| F|  |TAMS 0x0000000707600000, 0x0000000707600000| Untracked 
|  18|0x0000000707800000, 0x0000000707800000, 0x0000000707a00000|  0%| F|  |TAMS 0x0000000707800000, 0x0000000707800000| Untracked 
|  19|0x0000000707a00000, 0x0000000707a00000, 0x0000000707c00000|  0%| F|  |TAMS 0x0000000707a00000, 0x0000000707a00000| Untracked 
|  20|0x0000000707c00000, 0x0000000707c00000, 0x0000000707e00000|  0%| F|  |TAMS 0x0000000707c00000, 0x0000000707c00000| Untracked 
|  21|0x0000000707e00000, 0x0000000707e00000, 0x0000000708000000|  0%| F|  |TAMS 0x0000000707e00000, 0x0000000707e00000| Untracked 
|  22|0x0000000708000000, 0x0000000708000000, 0x0000000708200000|  0%| F|  |TAMS 0x0000000708000000, 0x0000000708000000| Untracked 
|  23|0x0000000708200000, 0x0000000708200000, 0x0000000708400000|  0%| F|  |TAMS 0x0000000708200000, 0x0000000708200000| Untracked 
|  24|0x0000000708400000, 0x0000000708400000, 0x0000000708600000|  0%| F|  |TAMS 0x0000000708400000, 0x0000000708400000| Untracked 
|  25|0x0000000708600000, 0x0000000708600000, 0x0000000708800000|  0%| F|  |TAMS 0x0000000708600000, 0x0000000708600000| Untracked 
|  26|0x0000000708800000, 0x0000000708800000, 0x0000000708a00000|  0%| F|  |TAMS 0x0000000708800000, 0x0000000708800000| Untracked 
|  27|0x0000000708a00000, 0x0000000708a00000, 0x0000000708c00000|  0%| F|  |TAMS 0x0000000708a00000, 0x0000000708a00000| Untracked 
|  28|0x0000000708c00000, 0x0000000708c00000, 0x0000000708e00000|  0%| F|  |TAMS 0x0000000708c00000, 0x0000000708c00000| Untracked 
|  29|0x0000000708e00000, 0x0000000708e00000, 0x0000000709000000|  0%| F|  |TAMS 0x0000000708e00000, 0x0000000708e00000| Untracked 
|  30|0x0000000709000000, 0x0000000709000000, 0x0000000709200000|  0%| F|  |TAMS 0x0000000709000000, 0x0000000709000000| Untracked 
|  31|0x0000000709200000, 0x0000000709200000, 0x0000000709400000|  0%| F|  |TAMS 0x0000000709200000, 0x0000000709200000| Untracked 
|  32|0x0000000709400000, 0x0000000709400000, 0x0000000709600000|  0%| F|  |TAMS 0x0000000709400000, 0x0000000709400000| Untracked 
|  33|0x0000000709600000, 0x0000000709600000, 0x0000000709800000|  0%| F|  |TAMS 0x0000000709600000, 0x0000000709600000| Untracked 
|  34|0x0000000709800000, 0x0000000709800000, 0x0000000709a00000|  0%| F|  |TAMS 0x0000000709800000, 0x0000000709800000| Untracked 
|  35|0x0000000709a00000, 0x0000000709a00000, 0x0000000709c00000|  0%| F|  |TAMS 0x0000000709a00000, 0x0000000709a00000| Untracked 
|  36|0x0000000709c00000, 0x0000000709c00000, 0x0000000709e00000|  0%| F|  |TAMS 0x0000000709c00000, 0x0000000709c00000| Untracked 
|  37|0x0000000709e00000, 0x0000000709e00000, 0x000000070a000000|  0%| F|  |TAMS 0x0000000709e00000, 0x0000000709e00000| Untracked 
|  38|0x000000070a000000, 0x000000070a000000, 0x000000070a200000|  0%| F|  |TAMS 0x000000070a000000, 0x000000070a000000| Untracked 
|  39|0x000000070a200000, 0x000000070a200000, 0x000000070a400000|  0%| F|  |TAMS 0x000000070a200000, 0x000000070a200000| Untracked 
|  40|0x000000070a400000, 0x000000070a400000, 0x000000070a600000|  0%| F|  |TAMS 0x000000070a400000, 0x000000070a400000| Untracked 
|  41|0x000000070a600000, 0x000000070a600000, 0x000000070a800000|  0%| F|  |TAMS 0x000000070a600000, 0x000000070a600000| Untracked 
|  42|0x000000070a800000, 0x000000070a800000, 0x000000070aa00000|  0%| F|  |TAMS 0x000000070a800000, 0x000000070a800000| Untracked 
|  43|0x000000070aa00000, 0x000000070aa00000, 0x000000070ac00000|  0%| F|  |TAMS 0x000000070aa00000, 0x000000070aa00000| Untracked 
|  44|0x000000070ac00000, 0x000000070ac00000, 0x000000070ae00000|  0%| F|  |TAMS 0x000000070ac00000, 0x000000070ac00000| Untracked 
|  45|0x000000070ae00000, 0x000000070ae00000, 0x000000070b000000|  0%| F|  |TAMS 0x000000070ae00000, 0x000000070ae00000| Untracked 
|  46|0x000000070b000000, 0x000000070b000000, 0x000000070b200000|  0%| F|  |TAMS 0x000000070b000000, 0x000000070b000000| Untracked 
|  47|0x000000070b200000, 0x000000070b200000, 0x000000070b400000|  0%| F|  |TAMS 0x000000070b200000, 0x000000070b200000| Untracked 
|  48|0x000000070b400000, 0x000000070b400000, 0x000000070b600000|  0%| F|  |TAMS 0x000000070b400000, 0x000000070b400000| Untracked 
|  49|0x000000070b600000, 0x000000070b600000, 0x000000070b800000|  0%| F|  |TAMS 0x000000070b600000, 0x000000070b600000| Untracked 
|  50|0x000000070b800000, 0x000000070b800000, 0x000000070ba00000|  0%| F|  |TAMS 0x000000070b800000, 0x000000070b800000| Untracked 
|  51|0x000000070ba00000, 0x000000070ba00000, 0x000000070bc00000|  0%| F|  |TAMS 0x000000070ba00000, 0x000000070ba00000| Untracked 
|  52|0x000000070bc00000, 0x000000070bc00000, 0x000000070be00000|  0%| F|  |TAMS 0x000000070bc00000, 0x000000070bc00000| Untracked 
|  53|0x000000070be00000, 0x000000070be00000, 0x000000070c000000|  0%| F|  |TAMS 0x000000070be00000, 0x000000070be00000| Untracked 
|  54|0x000000070c000000, 0x000000070c000000, 0x000000070c200000|  0%| F|  |TAMS 0x000000070c000000, 0x000000070c000000| Untracked 
|  55|0x000000070c200000, 0x000000070c200000, 0x000000070c400000|  0%| F|  |TAMS 0x000000070c200000, 0x000000070c200000| Untracked 
|  56|0x000000070c400000, 0x000000070c400000, 0x000000070c600000|  0%| F|  |TAMS 0x000000070c400000, 0x000000070c400000| Untracked 
|  57|0x000000070c600000, 0x000000070c600000, 0x000000070c800000|  0%| F|  |TAMS 0x000000070c600000, 0x000000070c600000| Untracked 
|  58|0x000000070c800000, 0x000000070c800000, 0x000000070ca00000|  0%| F|  |TAMS 0x000000070c800000, 0x000000070c800000| Untracked 
|  59|0x000000070ca00000, 0x000000070ca00000, 0x000000070cc00000|  0%| F|  |TAMS 0x000000070ca00000, 0x000000070ca00000| Untracked 
|  60|0x000000070cc00000, 0x000000070cc00000, 0x000000070ce00000|  0%| F|  |TAMS 0x000000070cc00000, 0x000000070cc00000| Untracked 
|  61|0x000000070ce00000, 0x000000070ce00000, 0x000000070d000000|  0%| F|  |TAMS 0x000000070ce00000, 0x000000070ce00000| Untracked 
|  62|0x000000070d000000, 0x000000070d000000, 0x000000070d200000|  0%| F|  |TAMS 0x000000070d000000, 0x000000070d000000| Untracked 
|  63|0x000000070d200000, 0x000000070d200000, 0x000000070d400000|  0%| F|  |TAMS 0x000000070d200000, 0x000000070d200000| Untracked 
|  64|0x000000070d400000, 0x000000070d400000, 0x000000070d600000|  0%| F|  |TAMS 0x000000070d400000, 0x000000070d400000| Untracked 
|  65|0x000000070d600000, 0x000000070d600000, 0x000000070d800000|  0%| F|  |TAMS 0x000000070d600000, 0x000000070d600000| Untracked 
|  66|0x000000070d800000, 0x000000070d800000, 0x000000070da00000|  0%| F|  |TAMS 0x000000070d800000, 0x000000070d800000| Untracked 
|  67|0x000000070da00000, 0x000000070da00000, 0x000000070dc00000|  0%| F|  |TAMS 0x000000070da00000, 0x000000070da00000| Untracked 
|  68|0x000000070dc00000, 0x000000070dc00000, 0x000000070de00000|  0%| F|  |TAMS 0x000000070dc00000, 0x000000070dc00000| Untracked 
|  69|0x000000070de00000, 0x000000070de00000, 0x000000070e000000|  0%| F|  |TAMS 0x000000070de00000, 0x000000070de00000| Untracked 
|  70|0x000000070e000000, 0x000000070e000000, 0x000000070e200000|  0%| F|  |TAMS 0x000000070e000000, 0x000000070e000000| Untracked 
|  71|0x000000070e200000, 0x000000070e200000, 0x000000070e400000|  0%| F|  |TAMS 0x000000070e200000, 0x000000070e200000| Untracked 
|  72|0x000000070e400000, 0x000000070e400000, 0x000000070e600000|  0%| F|  |TAMS 0x000000070e400000, 0x000000070e400000| Untracked 
|  73|0x000000070e600000, 0x000000070e600000, 0x000000070e800000|  0%| F|  |TAMS 0x000000070e600000, 0x000000070e600000| Untracked 
|  74|0x000000070e800000, 0x000000070e800000, 0x000000070ea00000|  0%| F|  |TAMS 0x000000070e800000, 0x000000070e800000| Untracked 
|  75|0x000000070ea00000, 0x000000070ea00000, 0x000000070ec00000|  0%| F|  |TAMS 0x000000070ea00000, 0x000000070ea00000| Untracked 
|  76|0x000000070ec00000, 0x000000070ec00000, 0x000000070ee00000|  0%| F|  |TAMS 0x000000070ec00000, 0x000000070ec00000| Untracked 
|  77|0x000000070ee00000, 0x000000070ee00000, 0x000000070f000000|  0%| F|  |TAMS 0x000000070ee00000, 0x000000070ee00000| Untracked 
|  78|0x000000070f000000, 0x000000070f000000, 0x000000070f200000|  0%| F|  |TAMS 0x000000070f000000, 0x000000070f000000| Untracked 
|  79|0x000000070f200000, 0x000000070f200000, 0x000000070f400000|  0%| F|  |TAMS 0x000000070f200000, 0x000000070f200000| Untracked 
|  80|0x000000070f400000, 0x000000070f400000, 0x000000070f600000|  0%| F|  |TAMS 0x000000070f400000, 0x000000070f400000| Untracked 
|  81|0x000000070f600000, 0x000000070f600000, 0x000000070f800000|  0%| F|  |TAMS 0x000000070f600000, 0x000000070f600000| Untracked 
|  82|0x000000070f800000, 0x000000070f800000, 0x000000070fa00000|  0%| F|  |TAMS 0x000000070f800000, 0x000000070f800000| Untracked 
|  83|0x000000070fa00000, 0x000000070fa00000, 0x000000070fc00000|  0%| F|  |TAMS 0x000000070fa00000, 0x000000070fa00000| Untracked 
|  84|0x000000070fc00000, 0x000000070fc00000, 0x000000070fe00000|  0%| F|  |TAMS 0x000000070fc00000, 0x000000070fc00000| Untracked 
|  85|0x000000070fe00000, 0x000000070fe00000, 0x0000000710000000|  0%| F|  |TAMS 0x000000070fe00000, 0x000000070fe00000| Untracked 
|  86|0x0000000710000000, 0x0000000710000000, 0x0000000710200000|  0%| F|  |TAMS 0x0000000710000000, 0x0000000710000000| Untracked 
|  87|0x0000000710200000, 0x0000000710200000, 0x0000000710400000|  0%| F|  |TAMS 0x0000000710200000, 0x0000000710200000| Untracked 
|  88|0x0000000710400000, 0x0000000710400000, 0x0000000710600000|  0%| F|  |TAMS 0x0000000710400000, 0x0000000710400000| Untracked 
|  89|0x0000000710600000, 0x0000000710600000, 0x0000000710800000|  0%| F|  |TAMS 0x0000000710600000, 0x0000000710600000| Untracked 
|  90|0x0000000710800000, 0x0000000710800000, 0x0000000710a00000|  0%| F|  |TAMS 0x0000000710800000, 0x0000000710800000| Untracked 
|  91|0x0000000710a00000, 0x0000000710a00000, 0x0000000710c00000|  0%| F|  |TAMS 0x0000000710a00000, 0x0000000710a00000| Untracked 
|  92|0x0000000710c00000, 0x0000000710c00000, 0x0000000710e00000|  0%| F|  |TAMS 0x0000000710c00000, 0x0000000710c00000| Untracked 
|  93|0x0000000710e00000, 0x0000000710e00000, 0x0000000711000000|  0%| F|  |TAMS 0x0000000710e00000, 0x0000000710e00000| Untracked 
|  94|0x0000000711000000, 0x0000000711000000, 0x0000000711200000|  0%| F|  |TAMS 0x0000000711000000, 0x0000000711000000| Untracked 
|  95|0x0000000711200000, 0x0000000711200000, 0x0000000711400000|  0%| F|  |TAMS 0x0000000711200000, 0x0000000711200000| Untracked 
|  96|0x0000000711400000, 0x0000000711400000, 0x0000000711600000|  0%| F|  |TAMS 0x0000000711400000, 0x0000000711400000| Untracked 
|  97|0x0000000711600000, 0x0000000711600000, 0x0000000711800000|  0%| F|  |TAMS 0x0000000711600000, 0x0000000711600000| Untracked 
|  98|0x0000000711800000, 0x0000000711800000, 0x0000000711a00000|  0%| F|  |TAMS 0x0000000711800000, 0x0000000711800000| Untracked 
|  99|0x0000000711a00000, 0x0000000711a00000, 0x0000000711c00000|  0%| F|  |TAMS 0x0000000711a00000, 0x0000000711a00000| Untracked 
| 100|0x0000000711c00000, 0x0000000711c00000, 0x0000000711e00000|  0%| F|  |TAMS 0x0000000711c00000, 0x0000000711c00000| Untracked 
| 101|0x0000000711e00000, 0x0000000711e00000, 0x0000000712000000|  0%| F|  |TAMS 0x0000000711e00000, 0x0000000711e00000| Untracked 
| 102|0x0000000712000000, 0x0000000712000000, 0x0000000712200000|  0%| F|  |TAMS 0x0000000712000000, 0x0000000712000000| Untracked 
| 103|0x0000000712200000, 0x0000000712200000, 0x0000000712400000|  0%| F|  |TAMS 0x0000000712200000, 0x0000000712200000| Untracked 
| 104|0x0000000712400000, 0x0000000712400000, 0x0000000712600000|  0%| F|  |TAMS 0x0000000712400000, 0x0000000712400000| Untracked 
| 105|0x0000000712600000, 0x0000000712600000, 0x0000000712800000|  0%| F|  |TAMS 0x0000000712600000, 0x0000000712600000| Untracked 
| 106|0x0000000712800000, 0x0000000712800000, 0x0000000712a00000|  0%| F|  |TAMS 0x0000000712800000, 0x0000000712800000| Untracked 
| 107|0x0000000712a00000, 0x0000000712aff170, 0x0000000712c00000| 49%| E|  |TAMS 0x0000000712a00000, 0x0000000712a00000| Complete 
| 108|0x0000000712c00000, 0x0000000712e00000, 0x0000000712e00000|100%| E|CS|TAMS 0x0000000712c00000, 0x0000000712c00000| Complete 
| 109|0x0000000712e00000, 0x0000000713000000, 0x0000000713000000|100%| E|CS|TAMS 0x0000000712e00000, 0x0000000712e00000| Complete 
| 110|0x0000000713000000, 0x0000000713200000, 0x0000000713200000|100%| E|CS|TAMS 0x0000000713000000, 0x0000000713000000| Complete 
| 111|0x0000000713200000, 0x0000000713400000, 0x0000000713400000|100%| E|CS|TAMS 0x0000000713200000, 0x0000000713200000| Complete 
| 112|0x0000000713400000, 0x0000000713600000, 0x0000000713600000|100%| E|CS|TAMS 0x0000000713400000, 0x0000000713400000| Complete 
| 113|0x0000000713600000, 0x00000007136caa78, 0x0000000713800000| 39%| S|CS|TAMS 0x0000000713600000, 0x0000000713600000| Complete 
| 114|0x0000000713800000, 0x0000000713a00000, 0x0000000713a00000|100%| S|CS|TAMS 0x0000000713800000, 0x0000000713800000| Complete 
| 115|0x0000000713a00000, 0x0000000713c00000, 0x0000000713c00000|100%| E|CS|TAMS 0x0000000713a00000, 0x0000000713a00000| Complete 
| 116|0x0000000713c00000, 0x0000000713e00000, 0x0000000713e00000|100%| E|CS|TAMS 0x0000000713c00000, 0x0000000713c00000| Complete 
| 117|0x0000000713e00000, 0x0000000714000000, 0x0000000714000000|100%| E|CS|TAMS 0x0000000713e00000, 0x0000000713e00000| Complete 
| 118|0x0000000714000000, 0x0000000714200000, 0x0000000714200000|100%| E|CS|TAMS 0x0000000714000000, 0x0000000714000000| Complete 
| 119|0x0000000714200000, 0x0000000714400000, 0x0000000714400000|100%| E|CS|TAMS 0x0000000714200000, 0x0000000714200000| Complete 
| 120|0x0000000714400000, 0x0000000714600000, 0x0000000714600000|100%| E|CS|TAMS 0x0000000714400000, 0x0000000714400000| Complete 
| 121|0x0000000714600000, 0x0000000714800000, 0x0000000714800000|100%| E|CS|TAMS 0x0000000714600000, 0x0000000714600000| Complete 
| 122|0x0000000714800000, 0x0000000714a00000, 0x0000000714a00000|100%| E|CS|TAMS 0x0000000714800000, 0x0000000714800000| Complete 
| 123|0x0000000714a00000, 0x0000000714c00000, 0x0000000714c00000|100%| E|CS|TAMS 0x0000000714a00000, 0x0000000714a00000| Complete 
| 124|0x0000000714c00000, 0x0000000714e00000, 0x0000000714e00000|100%| E|CS|TAMS 0x0000000714c00000, 0x0000000714c00000| Complete 
| 125|0x0000000714e00000, 0x0000000715000000, 0x0000000715000000|100%| E|CS|TAMS 0x0000000714e00000, 0x0000000714e00000| Complete 

Card table byte_map: [0x000001411b2a0000,0x000001411ba80000] _byte_map_base: 0x0000014117a76000

Marking Bits (Prev, Next): (CMBitMap*) 0x0000014101d76e60, (CMBitMap*) 0x0000014101d76ea0
 Prev Bits: [0x000001411c260000, 0x0000014120110000)
 Next Bits: [0x0000014120110000, 0x0000014123fc0000)

Polling page: 0x0000014102160000

Metaspace:

Usage:
  Non-class:      7.91 MB used.
      Class:      1.20 MB used.
       Both:      9.11 MB used.

Virtual space:
  Non-class space:       64.00 MB reserved,       8.00 MB ( 12%) committed,  1 nodes.
      Class space:        1.00 GB reserved,       1.31 MB ( <1%) committed,  1 nodes.
             Both:        1.06 GB reserved,       9.31 MB ( <1%) committed. 

Chunk freelists:
   Non-Class:  7.67 MB
       Class:  14.51 MB
        Both:  22.19 MB

MaxMetaspaceSize: unlimited
CompressedClassSpaceSize: 1.00 GB
Initial GC threshold: 21.00 MB
Current GC threshold: 21.00 MB
CDS: on
MetaspaceReclaimPolicy: balanced
 - commit_granule_bytes: 65536.
 - commit_granule_words: 8192.
 - virtual_space_node_default_size: 8388608.
 - enlarge_chunks_in_place: 1.
 - new_chunks_are_fully_committed: 0.
 - uncommit_free_chunks: 1.
 - use_allocation_guard: 0.
 - handle_deallocations: 1.


Internal statistics:

num_allocs_failed_limit: 0.
num_arena_births: 72.
num_arena_deaths: 0.
num_vsnodes_births: 2.
num_vsnodes_deaths: 0.
num_space_committed: 149.
num_space_uncommitted: 0.
num_chunks_returned_to_freelist: 0.
num_chunks_taken_from_freelist: 335.
num_chunk_merges: 0.
num_chunk_splits: 219.
num_chunks_enlarged: 181.
num_inconsistent_stats: 0.

CodeHeap 'non-profiled nmethods': size=120000Kb used=717Kb max_used=717Kb free=119282Kb
 bounds [0x0000014112b20000, 0x0000014112d90000, 0x000001411a050000]
CodeHeap 'profiled nmethods': size=120000Kb used=3021Kb max_used=3021Kb free=116978Kb
 bounds [0x000001410b050000, 0x000001410b350000, 0x0000014112580000]
CodeHeap 'non-nmethods': size=5760Kb used=1166Kb max_used=1187Kb free=4593Kb
 bounds [0x0000014112580000, 0x00000141127f0000, 0x0000014112b20000]
 total_blobs=2081 nmethods=1620 adapters=374
 compilation: enabled
              stopped_count=0, restarted_count=0
 full_count=0

Compilation events (20 events):
Event: 157.311 Thread 0x0000014126afbd80 1610       4       java.util.ArrayList::isEmpty (13 bytes)
Event: 157.311 Thread 0x0000014126afbd80 nmethod 1610 0x0000014112bcf290 code [0x0000014112bcf400, 0x0000014112bcf498]
Event: 180.909 Thread 0x0000014126afbd80 1611       4       java.util.concurrent.ScheduledThreadPoolExecutor::canRunInCurrentRunState (61 bytes)
Event: 180.910 Thread 0x0000014126afbd80 nmethod 1611 0x0000014112bcf590 code [0x0000014112bcf720, 0x0000014112bcf7d8]
Event: 204.607 Thread 0x0000014126afbd80 1612       4       java.util.concurrent.locks.ReentrantLock$NonfairSync::initialTryLock (58 bytes)
Event: 204.610 Thread 0x0000014126afbd80 nmethod 1612 0x0000014112bcf910 code [0x0000014112bcfaa0, 0x0000014112bcfc58]
Event: 265.702 Thread 0x0000014126afbd80 1613       4       java.util.concurrent.locks.LockSupport::setBlocker (12 bytes)
Event: 265.705 Thread 0x0000014126afbd80 nmethod 1613 0x0000014112bcfd10 code [0x0000014112bcfe80, 0x0000014112bcffd8]
Event: 267.126 Thread 0x0000014126afbd80 1614       4       java.util.concurrent.ScheduledThreadPoolExecutor$ScheduledFutureTask::getDelay (16 bytes)
Event: 267.128 Thread 0x0000014126afbd80 nmethod 1614 0x0000014112bd0090 code [0x0000014112bd0220, 0x0000014112bd0358]
Event: 268.923 Thread 0x0000014126afbd80 1615       4       java.util.concurrent.locks.AbstractQueuedSynchronizer$ConditionObject::canReacquire (38 bytes)
Event: 268.924 Thread 0x0000014126afbd80 nmethod 1615 0x0000014112bd0490 code [0x0000014112bd0620, 0x0000014112bd06d8]
Event: 271.209 Thread 0x0000014126afbd80 1616       4       java.util.concurrent.locks.ReentrantLock$Sync::isHeldExclusively (16 bytes)
Event: 271.210 Thread 0x0000014126afbd80 nmethod 1616 0x0000014112bd0790 code [0x0000014112bd0920, 0x0000014112bd09d8]
Event: 323.504 Thread 0x0000014126afbd80 1617       4       java.util.ArrayList::remove (26 bytes)
Event: 323.508 Thread 0x0000014126afbd80 nmethod 1617 0x0000014112bd0a90 code [0x0000014112bd0c20, 0x0000014112bd0e78]
Event: 323.508 Thread 0x0000014126afbd80 1618       4       java.util.ArrayList::fastRemove (44 bytes)
Event: 323.511 Thread 0x0000014126afbd80 nmethod 1618 0x0000014112bd1010 code [0x0000014112bd11a0, 0x0000014112bd1378]
Event: 323.800 Thread 0x0000014126afbd80 1619   !   4       org.gradle.internal.logging.console.ThrottlingOutputEventListener::onOutput (85 bytes)
Event: 323.841 Thread 0x0000014126afbd80 nmethod 1619 0x0000014112bd1490 code [0x0000014112bd1700, 0x0000014112bd26d8]

GC Heap History (2 events):
Event: 0.770 GC heap before
{Heap before GC invocations=0 (full 0):
 garbage-first heap   total 258048K, used 20480K [0x0000000705400000, 0x0000000800000000)
  region size 2048K, 11 young (22528K), 0 survivors (0K)
 Metaspace       used 1910K, committed 2048K, reserved 1114112K
  class space    used 169K, committed 192K, reserved 1048576K
}
Event: 0.774 GC heap after
{Heap after GC invocations=1 (full 0):
 garbage-first heap   total 258048K, used 2858K [0x0000000705400000, 0x0000000800000000)
  region size 2048K, 2 young (4096K), 2 survivors (4096K)
 Metaspace       used 1910K, committed 2048K, reserved 1114112K
  class space    used 169K, committed 192K, reserved 1048576K
}

Dll operation events (12 events):
Event: 0.015 Loaded shared library E:\JAVA\bin\java.dll
Event: 0.040 Loaded shared library E:\JAVA\bin\jsvml.dll
Event: 0.094 Loaded shared library E:\JAVA\bin\net.dll
Event: 0.096 Loaded shared library E:\JAVA\bin\nio.dll
Event: 0.099 Loaded shared library E:\JAVA\bin\zip.dll
Event: 0.105 Loaded shared library E:\JAVA\bin\verify.dll
Event: 0.161 Loaded shared library E:\JAVA\bin\jimage.dll
Event: 1.437 Loaded shared library E:\JAVA\bin\management.dll
Event: 1.440 Loaded shared library E:\JAVA\bin\management_ext.dll
Event: 1.649 Loaded shared library E:\gradle\native\c067742578af261105cb4f569cf0c3c89f3d7b1fecec35dd04571415982c5e48\windows-amd64\native-platform.dll
Event: 2.623 Loaded shared library E:\JAVA\bin\extnet.dll
Event: 2.758 Loaded shared library E:\JAVA\bin\sunmscapi.dll

Deoptimization events (20 events):
Event: 2.709 Thread 0x0000014101d09ce0 Uncommon trap: trap_request=0xffffffde fr.pc=0x0000014112b5e120 relative=0x0000000000000080
Event: 2.709 Thread 0x0000014101d09ce0 Uncommon trap: reason=class_check action=maybe_recompile pc=0x0000014112b5e120 method=java.util.AbstractList$Itr.hasNext()Z @ 8 c2
Event: 2.709 Thread 0x0000014101d09ce0 DEOPT PACKING pc=0x0000014112b5e120 sp=0x0000003628ffca20
Event: 2.709 Thread 0x0000014101d09ce0 DEOPT UNPACKING pc=0x00000141125d69a3 sp=0x0000003628ffc9b8 mode 2
Event: 2.765 Thread 0x0000014101d09ce0 Uncommon trap: trap_request=0xffffff45 fr.pc=0x0000014112b4ffc0 relative=0x00000000000001e0
Event: 2.765 Thread 0x0000014101d09ce0 Uncommon trap: reason=unstable_if action=reinterpret pc=0x0000014112b4ffc0 method=java.util.HashMap.putVal(ILjava/lang/Object;Ljava/lang/Object;ZZ)Ljava/lang/Object; @ 162 c2
Event: 2.766 Thread 0x0000014101d09ce0 DEOPT PACKING pc=0x0000014112b4ffc0 sp=0x0000003628ffb1a0
Event: 2.766 Thread 0x0000014101d09ce0 DEOPT UNPACKING pc=0x00000141125d69a3 sp=0x0000003628ffb130 mode 2
Event: 2.772 Thread 0x0000014101d09ce0 Uncommon trap: trap_request=0xffffffde fr.pc=0x0000014112b5e120 relative=0x0000000000000080
Event: 2.772 Thread 0x0000014101d09ce0 Uncommon trap: reason=class_check action=maybe_recompile pc=0x0000014112b5e120 method=java.util.AbstractList$Itr.hasNext()Z @ 8 c2
Event: 2.772 Thread 0x0000014101d09ce0 DEOPT PACKING pc=0x0000014112b5e120 sp=0x0000003628ffc340
Event: 2.772 Thread 0x0000014101d09ce0 DEOPT UNPACKING pc=0x00000141125d69a3 sp=0x0000003628ffc2d8 mode 2
Event: 2.814 Thread 0x0000014101d09ce0 Uncommon trap: trap_request=0xffffffde fr.pc=0x0000014112b5e120 relative=0x0000000000000080
Event: 2.814 Thread 0x0000014101d09ce0 Uncommon trap: reason=class_check action=maybe_recompile pc=0x0000014112b5e120 method=java.util.AbstractList$Itr.hasNext()Z @ 8 c2
Event: 2.814 Thread 0x0000014101d09ce0 DEOPT PACKING pc=0x0000014112b5e120 sp=0x0000003628ffd1c0
Event: 2.814 Thread 0x0000014101d09ce0 DEOPT UNPACKING pc=0x00000141125d69a3 sp=0x0000003628ffd158 mode 2
Event: 460.895 Thread 0x0000014101d09ce0 Uncommon trap: trap_request=0xffffff45 fr.pc=0x0000014112bccef0 relative=0x0000000000000570
Event: 460.895 Thread 0x0000014101d09ce0 Uncommon trap: reason=unstable_if action=reinterpret pc=0x0000014112bccef0 method=com.esotericsoftware.kryo.io.Input.require(I)I @ 180 c2
Event: 460.895 Thread 0x0000014101d09ce0 DEOPT PACKING pc=0x0000014112bccef0 sp=0x0000003628ffd150
Event: 460.895 Thread 0x0000014101d09ce0 DEOPT UNPACKING pc=0x00000141125d69a3 sp=0x0000003628ffcfb8 mode 2

Classes loaded (20 events):
Event: 2.781 Loading class sun/nio/ch/SinkChannelImpl
Event: 2.781 Loading class java/nio/channels/Pipe$SinkChannel
Event: 2.781 Loading class java/nio/channels/Pipe$SinkChannel done
Event: 2.781 Loading class sun/nio/ch/SinkChannelImpl done
Event: 2.783 Loading class sun/nio/ch/SelectionKeyImpl
Event: 2.784 Loading class java/nio/channels/spi/AbstractSelectionKey
Event: 2.784 Loading class java/nio/channels/SelectionKey
Event: 2.784 Loading class java/nio/channels/SelectionKey done
Event: 2.784 Loading class java/nio/channels/spi/AbstractSelectionKey done
Event: 2.784 Loading class sun/nio/ch/SelectionKeyImpl done
Event: 2.784 Loading class java/lang/invoke/ConstantBootstraps
Event: 2.784 Loading class java/lang/invoke/ConstantBootstraps done
Event: 2.811 Loading class jdk/internal/misc/ScopedMemoryAccess$Scope
Event: 2.811 Loading class jdk/internal/misc/ScopedMemoryAccess$Scope done
Event: 2.815 Loading class java/nio/channels/spi/AbstractSelector$1
Event: 2.815 Loading class java/nio/channels/spi/AbstractSelector$1 done
Event: 2.826 Loading class java/util/concurrent/Executors$FinalizableDelegatedExecutorService
Event: 2.826 Loading class java/util/concurrent/Executors$FinalizableDelegatedExecutorService done
Event: 460.891 Loading class sun/net/ConnectionResetException
Event: 460.892 Loading class sun/net/ConnectionResetException done

Classes unloaded (0 events):
No events

Classes redefined (0 events):
No events

Internal exceptions (20 events):
Event: 1.452 Thread 0x0000014101d09ce0 Exception <a 'java/lang/NoSuchMethodError'{0x0000000714341820}: 'int java.lang.invoke.DirectMethodHandle$Holder.invokeSpecial(java.lang.Object, java.lang.Object, java.lang.Object)'> (0x0000000714341820) 
thrown [s\src\hotspot\share\interpreter\linkResolver.cpp, line 759]
Event: 1.521 Thread 0x0000014101d09ce0 Exception <a 'java/lang/NoSuchMethodError'{0x000000071409cfb8}: 'void java.lang.invoke.DirectMethodHandle$Holder.invokeStatic(java.lang.Object, java.lang.Object)'> (0x000000071409cfb8) 
thrown [s\src\hotspot\share\interpreter\linkResolver.cpp, line 759]
Event: 1.524 Thread 0x0000014101d09ce0 Implicit null exception at 0x0000014112b8c390 to 0x0000014112b8c958
Event: 1.524 Thread 0x0000014101d09ce0 Implicit null exception at 0x0000014112b6df0f to 0x0000014112b6e4c0
Event: 1.524 Thread 0x0000014101d09ce0 Implicit null exception at 0x0000014112b618af to 0x0000014112b61929
Event: 1.570 Thread 0x0000014101d09ce0 Exception <a 'java/lang/NoClassDefFoundError'{0x000000071411ffc8}: org/slf4j/impl/StaticMarkerBinder> (0x000000071411ffc8) 
thrown [s\src\hotspot\share\classfile\systemDictionary.cpp, line 245]
Event: 1.596 Thread 0x0000014101d09ce0 Exception <a 'java/lang/NoSuchMethodError'{0x00000007141cda70}: 'java.lang.Object java.lang.invoke.Invokers$Holder.invoker(java.lang.Object, java.lang.Object, java.lang.Object)'> (0x00000007141cda70) 
thrown [s\src\hotspot\share\interpreter\linkResolver.cpp, line 759]
Event: 1.597 Thread 0x0000014101d09ce0 Exception <a 'java/lang/NoSuchMethodError'{0x00000007141d6bc8}: 'java.lang.Object java.lang.invoke.DirectMethodHandle$Holder.invokeStatic(java.lang.Object, java.lang.Object, int)'> (0x00000007141d6bc8) 
thrown [s\src\hotspot\share\interpreter\linkResolver.cpp, line 759]
Event: 1.603 Thread 0x0000014101d09ce0 Exception <a 'java/lang/NoSuchMethodError'{0x00000007141e28b8}: 'void java.lang.invoke.DelegatingMethodHandle$Holder.delegate(java.lang.Object, java.lang.Object, int, java.lang.Object)'> (0x00000007141e28b8) 
thrown [s\src\hotspot\share\interpreter\linkResolver.cpp, line 759]
Event: 1.614 Thread 0x0000014101d09ce0 Exception <a 'java/lang/NoSuchMethodError'{0x00000007141f5f00}: 'java.lang.Object java.lang.invoke.Invokers$Holder.invokeExact_MT(java.lang.Object, java.lang.Object, java.lang.Object, java.lang.Object)'> (0x00000007141f5f00) 
thrown [s\src\hotspot\share\interpreter\linkResolver.cpp, line 759]
Event: 1.629 Thread 0x0000014101d09ce0 Exception <a 'java/lang/NoSuchMethodError'{0x0000000713e236e8}: 'java.lang.Object java.lang.invoke.DirectMethodHandle$Holder.invokeVirtual(java.lang.Object, java.lang.Object, java.lang.Object)'> (0x0000000713e236e8) 
thrown [s\src\hotspot\share\interpreter\linkResolver.cpp, line 759]
Event: 1.775 Thread 0x0000014101d09ce0 Exception <a 'java/lang/NoSuchMethodError'{0x0000000713d07580}: 'java.lang.Object java.lang.invoke.DirectMethodHandle$Holder.newInvokeSpecial(java.lang.Object, java.lang.Object, java.lang.Object, java.lang.Object, java.lang.Object)'> (0x0000000713d07580) 
thrown [s\src\hotspot\share\interpreter\linkResolver.cpp, line 759]
Event: 1.822 Thread 0x0000014101d09ce0 Exception <a 'java/lang/NoSuchMethodError'{0x0000000713a23d10}: 'void java.lang.invoke.DirectMethodHandle$Holder.invokeSpecial(java.lang.Object, java.lang.Object, java.lang.Object)'> (0x0000000713a23d10) 
thrown [s\src\hotspot\share\interpreter\linkResolver.cpp, line 759]
Event: 1.856 Thread 0x0000014101d09ce0 Exception <a 'java/lang/NoSuchMethodError'{0x0000000713b12028}: 'int java.lang.invoke.DirectMethodHandle$Holder.invokeVirtual(java.lang.Object, java.lang.Object, java.lang.Object)'> (0x0000000713b12028) 
thrown [s\src\hotspot\share\interpreter\linkResolver.cpp, line 759]
Event: 1.993 Thread 0x0000014101d09ce0 Exception <a 'java/lang/NoSuchMethodError'{0x00000007135e1b80}: 'java.lang.Object java.lang.invoke.DirectMethodHandle$Holder.invokeSpecialIFC(java.lang.Object, java.lang.Object, java.lang.Object, java.lang.Object)'> (0x00000007135e1b80) 
thrown [s\src\hotspot\share\interpreter\linkResolver.cpp, line 759]
Event: 2.159 Thread 0x0000014101d09ce0 Exception <a 'java/lang/NoSuchMethodError'{0x00000007130aea60}: 'java.lang.Object java.lang.invoke.DirectMethodHandle$Holder.invokeStaticInit(java.lang.Object, int, int, int, int)'> (0x00000007130aea60) 
thrown [s\src\hotspot\share\interpreter\linkResolver.cpp, line 759]
Event: 2.327 Thread 0x0000014101d09ce0 Exception <a 'java/lang/NoSuchMethodError'{0x00000007131877c0}: 'java.lang.Object java.lang.invoke.DirectMethodHandle$Holder.invokeStaticInit(java.lang.Object, java.lang.Object, int, int, int, int)'> (0x00000007131877c0) 
thrown [s\src\hotspot\share\interpreter\linkResolver.cpp, line 759]
Event: 2.629 Thread 0x0000014101d09ce0 Exception <a 'java/lang/NoSuchMethodError'{0x00000007131ba108}: 'void java.lang.invoke.DirectMethodHandle$Holder.invokeStatic(java.lang.Object, java.lang.Object, java.lang.Object)'> (0x00000007131ba108) 
thrown [s\src\hotspot\share\interpreter\linkResolver.cpp, line 759]
Event: 2.685 Thread 0x0000014101d09ce0 Implicit null exception at 0x0000014112b67855 to 0x0000014112b67e60
Event: 460.892 Thread 0x0000014101d09ce0 Exception <a 'sun/net/ConnectionResetException'{0x0000000712a05cc8}: Connection reset> (0x0000000712a05cc8) 
thrown [s\src\hotspot\share\prims\jni.cpp, line 535]

VM Operations (20 events):
Event: 145.993 Executing VM operation: Cleanup
Event: 145.993 Executing VM operation: Cleanup done
Event: 148.012 Executing VM operation: Cleanup
Event: 148.012 Executing VM operation: Cleanup done
Event: 149.023 Executing VM operation: Cleanup
Event: 149.024 Executing VM operation: Cleanup done
Event: 150.037 Executing VM operation: Cleanup
Event: 150.037 Executing VM operation: Cleanup done
Event: 151.050 Executing VM operation: Cleanup
Event: 151.050 Executing VM operation: Cleanup done
Event: 158.118 Executing VM operation: Cleanup
Event: 158.118 Executing VM operation: Cleanup done
Event: 180.332 Executing VM operation: HandshakeAllThreads
Event: 180.332 Executing VM operation: HandshakeAllThreads done
Event: 205.613 Executing VM operation: Cleanup
Event: 205.613 Executing VM operation: Cleanup done
Event: 272.267 Executing VM operation: Cleanup
Event: 272.267 Executing VM operation: Cleanup done
Event: 323.767 Executing VM operation: Cleanup
Event: 323.767 Executing VM operation: Cleanup done

Memory protections (0 events):
No events

Nmethod flushes (0 events):
No events

Events (17 events):
Event: 0.041 Thread 0x0000014101d09ce0 Thread added: 0x0000014101d09ce0
Event: 0.046 Thread 0x0000014101d09ce0 Thread added: 0x0000014126ae5b50
Event: 0.046 Thread 0x0000014101d09ce0 Thread added: 0x0000014126ae7720
Event: 0.060 Thread 0x0000014101d09ce0 Thread added: 0x0000014126af6420
Event: 0.061 Thread 0x0000014101d09ce0 Thread added: 0x0000014126af6cf0
Event: 0.061 Thread 0x0000014101d09ce0 Thread added: 0x0000014126af76b0
Event: 0.061 Thread 0x0000014101d09ce0 Thread added: 0x0000014126afa080
Event: 0.061 Thread 0x0000014101d09ce0 Thread added: 0x0000014126afbd80
Event: 0.061 Thread 0x0000014101d09ce0 Thread added: 0x0000014126b07000
Event: 0.061 Thread 0x0000014101d09ce0 Thread added: 0x0000014126b2a030
Event: 0.087 Thread 0x0000014101d09ce0 Thread added: 0x0000014126c6fd00
Event: 0.090 Thread 0x0000014101d09ce0 Thread added: 0x0000014126c7ac80
Event: 0.305 Thread 0x0000014126b07000 Thread added: 0x0000014126e0f8a0
Event: 0.629 Thread 0x0000014126b07000 Thread added: 0x000001416c1a13c0
Event: 1.544 Thread 0x000001416c1a13c0 Thread exited: 0x000001416c1a13c0
Event: 1.696 Thread 0x0000014101d09ce0 Thread added: 0x000001416c3a3aa0
Event: 1.990 Thread 0x0000014126e0f8a0 Thread exited: 0x0000014126e0f8a0


Dynamic libraries:
0x00007ff7e82c0000 - 0x00007ff7e82ce000 	E:\JAVA\bin\java.exe
0x00007ffb02ae0000 - 0x00007ffb02d46000 	C:\WINDOWS\SYSTEM32\ntdll.dll
0x00007ffb01df0000 - 0x00007ffb01eb9000 	C:\WINDOWS\System32\KERNEL32.DLL
0x00007ffaffe30000 - 0x00007ffb0022a000 	C:\WINDOWS\System32\KERNELBASE.dll
0x00007ffb005c0000 - 0x00007ffb0070c000 	C:\WINDOWS\System32\ucrtbase.dll
0x00007ffaec2c0000 - 0x00007ffaec2de000 	E:\JAVA\bin\VCRUNTIME140.dll
0x00007ffaec2e0000 - 0x00007ffaec2f8000 	E:\JAVA\bin\jli.dll
0x00007ffb020d0000 - 0x00007ffb02297000 	C:\WINDOWS\System32\USER32.dll
0x00007ffae6c50000 - 0x00007ffae6ee2000 	C:\WINDOWS\WinSxS\amd64_microsoft.windows.common-controls_6595b64144ccf1df_6.0.26100.8521_none_3e08b75ce33403b3\COMCTL32.dll
0x00007ffb00590000 - 0x00007ffb005b7000 	C:\WINDOWS\System32\win32u.dll
0x00007ffb02940000 - 0x00007ffb029e9000 	C:\WINDOWS\System32\msvcrt.dll
0x00007ffb020a0000 - 0x00007ffb020cb000 	C:\WINDOWS\System32\GDI32.dll
0x00007ffb00460000 - 0x00007ffb0058b000 	C:\WINDOWS\System32\gdi32full.dll
0x00007ffb003b0000 - 0x00007ffb00453000 	C:\WINDOWS\System32\msvcp_win.dll
0x00007ffb00a10000 - 0x00007ffb00a42000 	C:\WINDOWS\System32\IMM32.DLL
0x00007ffaed680000 - 0x00007ffaed68c000 	E:\JAVA\bin\vcruntime140_1.dll
0x00007ffacd300000 - 0x00007ffacd38d000 	E:\JAVA\bin\msvcp140.dll
0x00007ffa634d0000 - 0x00007ffa6413b000 	E:\JAVA\bin\server\jvm.dll
0x00007ffb022a0000 - 0x00007ffb02356000 	C:\WINDOWS\System32\ADVAPI32.dll
0x00007ffb029f0000 - 0x00007ffb02a9a000 	C:\WINDOWS\System32\sechost.dll
0x00007ffb01540000 - 0x00007ffb01658000 	C:\WINDOWS\System32\RPCRT4.dll
0x00007ffb02380000 - 0x00007ffb02400000 	C:\WINDOWS\System32\WS2_32.dll
0x00007ffaffbd0000 - 0x00007ffaffc2e000 	C:\WINDOWS\SYSTEM32\POWRPROF.dll
0x00007ffae6ef0000 - 0x00007ffae6f26000 	C:\WINDOWS\SYSTEM32\WINMM.dll
0x00007ffaee2d0000 - 0x00007ffaee2db000 	C:\WINDOWS\SYSTEM32\VERSION.dll
0x00007ffaffbb0000 - 0x00007ffaffbc4000 	C:\WINDOWS\SYSTEM32\UMPDC.dll
0x00007ffafeac0000 - 0x00007ffafeadb000 	C:\WINDOWS\SYSTEM32\kernel.appcore.dll
0x00007ffaec930000 - 0x00007ffaec93a000 	E:\JAVA\bin\jimage.dll
0x00007ffafd510000 - 0x00007ffafd752000 	C:\WINDOWS\SYSTEM32\DBGHELP.DLL
0x00007ffb025b0000 - 0x00007ffb02933000 	C:\WINDOWS\System32\combase.dll
0x00007ffb00df0000 - 0x00007ffb00ec9000 	C:\WINDOWS\System32\OLEAUT32.dll
0x00007ffad9430000 - 0x00007ffad946b000 	C:\WINDOWS\SYSTEM32\dbgcore.DLL
0x00007ffb00710000 - 0x00007ffb007b8000 	C:\WINDOWS\System32\bcryptPrimitives.dll
0x00007ffaec7e0000 - 0x00007ffaec805000 	E:\JAVA\bin\java.dll
0x00007ffacb210000 - 0x00007ffacb2e7000 	E:\JAVA\bin\jsvml.dll
0x00007ffb01660000 - 0x00007ffb01de4000 	C:\WINDOWS\System32\SHELL32.dll
0x00007ffafd8f0000 - 0x00007ffafe170000 	C:\WINDOWS\SYSTEM32\windows.storage.dll
0x00007ffb01f20000 - 0x00007ffb02016000 	C:\WINDOWS\System32\SHCORE.dll
0x00007ffb00850000 - 0x00007ffb008b7000 	C:\WINDOWS\System32\shlwapi.dll
0x00007ffaffc90000 - 0x00007ffaffcb9000 	C:\WINDOWS\SYSTEM32\profapi.dll
0x00007ffaedcd0000 - 0x00007ffaedcea000 	E:\JAVA\bin\net.dll
0x00007ffaf49d0000 - 0x00007ffaf4af9000 	C:\WINDOWS\SYSTEM32\WINHTTP.dll
0x00007ffaff010000 - 0x00007ffaff07c000 	C:\WINDOWS\system32\mswsock.dll
0x00007ffaec2a0000 - 0x00007ffaec2b6000 	E:\JAVA\bin\nio.dll
0x00007ffaec070000 - 0x00007ffaec088000 	E:\JAVA\bin\zip.dll
0x00007ffaec6c0000 - 0x00007ffaec6d0000 	E:\JAVA\bin\verify.dll
0x00007ffaec6b0000 - 0x00007ffaec6ba000 	E:\JAVA\bin\management.dll
0x00007ffaec6a0000 - 0x00007ffaec6ac000 	E:\JAVA\bin\management_ext.dll
0x00007ffb01ec0000 - 0x00007ffb01ec8000 	C:\WINDOWS\System32\PSAPI.DLL
0x00007ffafa560000 - 0x00007ffafa587000 	E:\gradle\native\c067742578af261105cb4f569cf0c3c89f3d7b1fecec35dd04571415982c5e48\windows-amd64\native-platform.dll
0x00007ffaff410000 - 0x00007ffaff42b000 	C:\WINDOWS\SYSTEM32\CRYPTSP.dll
0x00007ffafea20000 - 0x00007ffafea59000 	C:\WINDOWS\system32\rsaenh.dll
0x00007ffaff0c0000 - 0x00007ffaff0f3000 	C:\WINDOWS\SYSTEM32\USERENV.dll
0x00007ffaffc60000 - 0x00007ffaffc8a000 	C:\WINDOWS\SYSTEM32\bcrypt.dll
0x00007ffaff270000 - 0x00007ffaff27c000 	C:\WINDOWS\SYSTEM32\CRYPTBASE.dll
0x00007ffafe4a0000 - 0x00007ffafe4d3000 	C:\WINDOWS\SYSTEM32\IPHLPAPI.DLL
0x00007ffb02360000 - 0x00007ffb0236a000 	C:\WINDOWS\System32\NSI.dll
0x00007ffaf5660000 - 0x00007ffaf567d000 	C:\WINDOWS\SYSTEM32\dhcpcsvc6.DLL
0x00007ffaf4f10000 - 0x00007ffaf4f35000 	C:\WINDOWS\SYSTEM32\dhcpcsvc.DLL
0x00007ffafe530000 - 0x00007ffafe67a000 	C:\WINDOWS\SYSTEM32\DNSAPI.dll
0x00007ffafee50000 - 0x00007ffafee5d000 	C:\WINDOWS\SYSTEM32\DSPARSE.dll
0x00007ffaec060000 - 0x00007ffaec069000 	E:\JAVA\bin\extnet.dll
0x00007ffaec290000 - 0x00007ffaec29e000 	E:\JAVA\bin\sunmscapi.dll
0x00007ffb00230000 - 0x00007ffb003a8000 	C:\WINDOWS\System32\CRYPT32.dll
0x00007ffaff570000 - 0x00007ffaff5a0000 	C:\WINDOWS\SYSTEM32\ncrypt.dll
0x00007ffaff520000 - 0x00007ffaff55f000 	C:\WINDOWS\SYSTEM32\NTASN1.dll
0x00007ffac96b0000 - 0x00007ffac96b8000 	C:\WINDOWS\system32\wshunix.dll

dbghelp: loaded successfully - version: 4.0.5 - missing functions: none
symbol engine: initialized successfully - sym options: 0x614 - pdb path: .;E:\JAVA\bin;C:\WINDOWS\SYSTEM32;C:\WINDOWS\WinSxS\amd64_microsoft.windows.common-controls_6595b64144ccf1df_6.0.26100.8521_none_3e08b75ce33403b3;E:\JAVA\bin\server;E:\gradle\native\c067742578af261105cb4f569cf0c3c89f3d7b1fecec35dd04571415982c5e48\windows-amd64

VM Arguments:
jvm_args: -Dorg.gradle.appname=gradlew 
java_command: org.gradle.wrapper.GradleWrapperMain -q -Ptarget-platform=android-arm,android-arm64,android-x64 -Ptarget=lib\main.dart -Pbase-application-name=android.app.Application -Pdart-defines=RkxVVFRFUl9WRVJTSU9OPTMuNDEuOQ==,RkxVVFRFUl9DSEFOTkVMPXN0YWJsZQ==,RkxVVFRFUl9HSVRfVVJMPWh0dHBzOi8vZ2l0aHViLmNvbS9mbHV0dGVyL2ZsdXR0ZXIuZ2l0,RkxVVFRFUl9GUkFNRVdPUktfUkVWSVNJT049MDBiMGM5MWYwNg==,RkxVVFRFUl9FTkdJTkVfUkVWSVNJT049NDJkM2Q3NWE1Ng==,RkxVVFRFUl9EQVJUX1ZFUlNJT049My4xMS41 -Pdart-obfuscation=false -Ptrack-widget-creation=true -Ptree-shake-icons=true assembleRelease
java_class_path (initial): E:\voice_test\android\\gradle\wrapper\gradle-wrapper.jar
Launcher Type: SUN_STANDARD

[Global flags]
     intx CICompilerCount                          = 4                                         {product} {ergonomic}
     uint ConcGCThreads                            = 2                                         {product} {ergonomic}
     uint G1ConcRefinementThreads                  = 8                                         {product} {ergonomic}
   size_t G1HeapRegionSize                         = 2097152                                   {product} {ergonomic}
    uintx GCDrainStackTargetSize                   = 64                                        {product} {ergonomic}
   size_t InitialHeapSize                          = 264241152                                 {product} {ergonomic}
   size_t MarkStackSize                            = 4194304                                   {product} {ergonomic}
   size_t MaxHeapSize                              = 4206886912                                {product} {ergonomic}
   size_t MaxNewSize                               = 2522873856                                {product} {ergonomic}
   size_t MinHeapDeltaBytes                        = 2097152                                   {product} {ergonomic}
   size_t MinHeapSize                              = 8388608                                   {product} {ergonomic}
    uintx NonNMethodCodeHeapSize                   = 5839372                                {pd product} {ergonomic}
    uintx NonProfiledCodeHeapSize                  = 122909434                              {pd product} {ergonomic}
    uintx ProfiledCodeHeapSize                     = 122909434                              {pd product} {ergonomic}
    uintx ReservedCodeCacheSize                    = 251658240                              {pd product} {ergonomic}
     bool SegmentedCodeCache                       = true                                      {product} {ergonomic}
   size_t SoftMaxHeapSize                          = 4206886912                             {manageable} {ergonomic}
     bool UseCompressedClassPointers               = true                           {product lp64_product} {ergonomic}
     bool UseCompressedOops                        = true                           {product lp64_product} {ergonomic}
     bool UseG1GC                                  = true                                      {product} {ergonomic}
     bool UseLargePagesIndividualAllocation        = false                                  {pd product} {ergonomic}

Logging:
Log output configuration:
 #0: stdout all=warning uptime,level,tags
 #1: stderr all=off uptime,level,tags

Environment Variables:
JAVA_HOME=E:\JAVA
CLASSPATH=E:\voice_test\android\\gradle\wrapper\gradle-wrapper.jar
PATH=E:\JAVA\bin;C:\Program Files\Common Files\Oracle\Java\javapath;C:\WINDOWS\system32;C:\WINDOWS;C:\WINDOWS\System32\Wbem;C:\WINDOWS\System32\WindowsPowerShell\v1.0\;C:\WINDOWS\System32\OpenSSH\;C:\Program Files\Git\cmd;C:\Program Files\Microsoft SQL Server\170\Tools\Binn\;C:\Program Files\Microsoft SQL Server\Client SDK\ODBC\170\Tools\Binn\;C:\Program Files\Microsoft SQL Server\170\DTS\Binn\;C:\Program Files\dotnet\;D:\Basira\;C:\ProgramData\chocolatey\bin;E:\JAVA\bin;E:\DOWNLOAD\New folder (2)\bin;C:\Program Files\Common Files\Oracle\Java\javapath;C:\WINDOWS\system32;C:\WINDOWS;C:\WINDOWS\System32\Wbem;C:\WINDOWS\System32\WindowsPowerShell\v1.0\;C:\WINDOWS\System32\OpenSSH\;C:\Program Files\Git\cmd;C:\Program Files\Microsoft SQL Server\170\Tools\Binn\;C:\Program Files\Microsoft SQL Server\Client SDK\ODBC\170\Tools\Binn\;C:\Program Files\Microsoft SQL Server\170\DTS\Binn\;C:\Program Files\dotnet\;D:\Basira\;C:\ProgramData\chocolatey\bin;C:\WINDOWS\system32;C:\WINDOWS;C:\WINDOWS\System32\Wbem;C:\WINDOWS\System32\WindowsPowerShell\v1.0\;C:\WINDOWS\System32\OpenSSH\;C:\Program Files\Git\cmd;C:\Program Files\Microsoft SQL Server\170\Tools\Binn\;C:\Program Files\Microsoft SQL Server\Client SDK\ODBC\170\Tools\Binn\;C:\Program Files\Microsoft SQL Server\170\DTS\Binn\;C:\Program Files\dotnet\;D:\Basira\;C:\ProgramData\chocolatey\bin;C:\Users\DELL\AppData\Local\Programs\Python\Python310\Scripts\;C:\Users\DELL\AppData\Local\Programs\Python\Python310\;C:\Users\DELL\AppData\Local\Prog;D:\flutter\bin;D:\download\Antigravity\bin;c:\Users\DELL\.antigravity\extensions\ms-python.debugpy-2026.6.0-win32-x64\bundled\scripts\noConfigScripts;D:\flutter\bin\mingit\cmd
USERNAME=DELL
LANG=en_US.UTF-8
OS=Windows_NT
PROCESSOR_IDENTIFIER=Intel64 Family 6 Model 142 Stepping 12, GenuineIntel
TMP=C:\Users\DELL\AppData\Local\Temp
TEMP=C:\Users\DELL\AppData\Local\Temp



Periodic native trim disabled


---------------  S Y S T E M  ---------------

OS:
 Windows 11 , 64 bit Build 26100 (10.0.26100.8521)
OS uptime: 0 days 0:46 hours
Hyper-V role detected

CPU: total 8 (initial active 8) (4 cores per cpu, 2 threads per core) family 6 model 142 stepping 12 microcode 0xf8, cx8, cmov, fxsr, ht, mmx, 3dnowpref, sse, sse2, sse3, ssse3, sse4.1, sse4.2, popcnt, lzcnt, tsc, tscinvbit, avx, avx2, aes, erms, clmul, bmi1, bmi2, adx, fma, vzeroupper, clflush, clflushopt, hv
Processor Information for all 8 processors :
  Max Mhz: 2304, Current Mhz: 1803, Mhz Limit: 1797

Memory: 4k page, system-wide physical 16043M (2410M free)
TotalPageFile size 18598M (AvailPageFile size 74M)
current process WorkingSet (physical memory assigned to process): 103M, peak: 116M
current process commit charge ("private bytes"): 360M, peak: 376M

vm_info: OpenJDK 64-Bit Server VM (17.0.18+8) for windows-amd64 JRE (17.0.18+8), built on Jan 20 2026 22:28:22 by "admin" with MS VC++ 17.12 (VS2022)

END.
