#
# There is insufficient memory for the Java Runtime Environment to continue.
# Native memory allocation (malloc) failed to allocate 32744 bytes. Error detail: ChunkPool::allocate
# Possible reasons:
#   The system is out of physical RAM or swap space
#   This process is running with CompressedOops enabled, and the Java Heap may be blocking the growth of the native heap
# Possible solutions:
#   Reduce memory load on the system
#   Increase physical memory or swap space
#   Check if swap backing store is full
#   Decrease Java heap size (-Xmx/-Xms)
#   Decrease number of Java threads
#   Decrease Java thread stack sizes (-Xss)
#   Set larger code cache with -XX:ReservedCodeCacheSize=
#   JVM is running with Zero Based Compressed Oops mode in which the Java heap is
#     placed in the first 32GB address space. The Java Heap base address is the
#     maximum limit for the native heap growth. Please use -XX:HeapBaseMinAddress
#     to set the Java Heap base and to place the Java Heap above 32GB virtual address.
# This output file may be truncated or incomplete.
#
#  Out of Memory Error (arena.cpp:79), pid=5292, tid=22280
#
# JRE version: OpenJDK Runtime Environment Temurin-17.0.18+8 (17.0.18+8) (build 17.0.18+8)
# Java VM: OpenJDK 64-Bit Server VM Temurin-17.0.18+8 (17.0.18+8, mixed mode, sharing, tiered, compressed oops, compressed class ptrs, g1 gc, windows-amd64)
# No core dump will be written. Minidumps are not enabled by default on client versions of Windows
#

---------------  S U M M A R Y ------------

Command Line: -Dorg.gradle.appname=gradlew org.gradle.wrapper.GradleWrapperMain -q -Ptarget-platform=android-arm,android-arm64,android-x64 -Ptarget=lib\main.dart -Pbase-application-name=android.app.Application -Pdart-defines=RkxVVFRFUl9WRVJTSU9OPTMuNDEuOQ==,RkxVVFRFUl9DSEFOTkVMPXN0YWJsZQ==,RkxVVFRFUl9HSVRfVVJMPWh0dHBzOi8vZ2l0aHViLmNvbS9mbHV0dGVyL2ZsdXR0ZXIuZ2l0,RkxVVFRFUl9GUkFNRVdPUktfUkVWSVNJT049MDBiMGM5MWYwNg==,RkxVVFRFUl9FTkdJTkVfUkVWSVNJT049NDJkM2Q3NWE1Ng==,RkxVVFRFUl9EQVJUX1ZFUlNJT049My4xMS41 -Pdart-obfuscation=false -Ptrack-widget-creation=true -Ptree-shake-icons=true assembleRelease

Host: Intel(R) Core(TM) i7-10610U CPU @ 1.80GHz, 8 cores, 15G,  Windows 11 , 64 bit Build 26100 (10.0.26100.8521)
Time: Wed Jun 10 03:16:29 2026 Egypt Daylight Time elapsed time: 193.684397 seconds (0d 0h 3m 13s)

---------------  T H R E A D  ---------------

Current thread (0x000001c41d04a880):  JavaThread "C1 CompilerThread0" daemon [_thread_in_native, id=22280, stack(0x0000009a12000000,0x0000009a12100000)]


Current CompileTask:
C1:193684 1720   !   3       sun.nio.ch.SocketChannelImpl::read (314 bytes)

Stack: [0x0000009a12000000,0x0000009a12100000]
Native frames: (J=compiled Java code, j=interpreted, Vv=VM code, C=native code)
V  [jvm.dll+0x6846f9]
V  [jvm.dll+0x839ea5]
V  [jvm.dll+0x83b91e]
V  [jvm.dll+0x83bfa3]
V  [jvm.dll+0x248eff]
V  [jvm.dll+0xad69e]
V  [jvm.dll+0xadb3c]
V  [jvm.dll+0xab37]
V  [jvm.dll+0x135cbf]
V  [jvm.dll+0x15216b]
V  [jvm.dll+0x152570]
V  [jvm.dll+0x1527fa]
V  [jvm.dll+0x15261b]
V  [jvm.dll+0x13670b]
V  [jvm.dll+0x13620a]
V  [jvm.dll+0x13640e]
V  [jvm.dll+0x135857]
V  [jvm.dll+0x13757d]
V  [jvm.dll+0x22989a]
V  [jvm.dll+0x227a4b]
V  [jvm.dll+0x7f0658]
V  [jvm.dll+0x7eaaec]
V  [jvm.dll+0x6835c7]
C  [ucrtbase.dll+0x2cd30]
C  [KERNEL32.DLL+0x2e957]
C  [ntdll.dll+0x87c1c]


---------------  P R O C E S S  ---------------

Threads class SMR info:
_java_thread_list=0x000001c41d3b2d10, length=13, elements={
0x000001c3b4f3c9d0, 0x000001c41d007470, 0x000001c3d7d4a3e0, 0x000001c41d019010,
0x000001c41d0198e0, 0x000001c41d01a7c0, 0x000001c41d01b4a0, 0x000001c41d021aa0,
0x000001c41d04a880, 0x000001c41d05d1b0, 0x000001c41d1939c0, 0x000001c41d19a720,
0x000001c41dbcf1c0
}

Java Threads: ( => current thread )
  0x000001c3b4f3c9d0 JavaThread "main" [_thread_in_native, id=23148, stack(0x0000009a11200000,0x0000009a11300000)]
  0x000001c41d007470 JavaThread "Reference Handler" daemon [_thread_blocked, id=18672, stack(0x0000009a11900000,0x0000009a11a00000)]
  0x000001c3d7d4a3e0 JavaThread "Finalizer" daemon [_thread_blocked, id=20096, stack(0x0000009a11a00000,0x0000009a11b00000)]
  0x000001c41d019010 JavaThread "Signal Dispatcher" daemon [_thread_blocked, id=20748, stack(0x0000009a11b00000,0x0000009a11c00000)]
  0x000001c41d0198e0 JavaThread "Attach Listener" daemon [_thread_blocked, id=22064, stack(0x0000009a11c00000,0x0000009a11d00000)]
  0x000001c41d01a7c0 JavaThread "Service Thread" daemon [_thread_blocked, id=18228, stack(0x0000009a11d00000,0x0000009a11e00000)]
  0x000001c41d01b4a0 JavaThread "Monitor Deflation Thread" daemon [_thread_blocked, id=22552, stack(0x0000009a11e00000,0x0000009a11f00000)]
  0x000001c41d021aa0 JavaThread "C2 CompilerThread0" daemon [_thread_blocked, id=1748, stack(0x0000009a11f00000,0x0000009a12000000)]
=>0x000001c41d04a880 JavaThread "C1 CompilerThread0" daemon [_thread_in_native, id=22280, stack(0x0000009a12000000,0x0000009a12100000)]
  0x000001c41d05d1b0 JavaThread "Sweeper thread" daemon [_thread_blocked, id=22396, stack(0x0000009a12100000,0x0000009a12200000)]
  0x000001c41d1939c0 JavaThread "Notification Thread" daemon [_thread_blocked, id=14500, stack(0x0000009a12200000,0x0000009a12300000)]
  0x000001c41d19a720 JavaThread "Common-Cleaner" daemon [_thread_blocked, id=6336, stack(0x0000009a12400000,0x0000009a12500000)]
  0x000001c41dbcf1c0 JavaThread "pool-1-thread-1" [_thread_blocked, id=14052, stack(0x0000009a12500000,0x0000009a12600000)]

Other Threads:
  0x000001c3d7d46f50 VMThread "VM Thread" [stack: 0x0000009a11800000,0x0000009a11900000] [id=21292]
  0x000001c41d1982c0 WatcherThread [stack: 0x0000009a12300000,0x0000009a12400000] [id=20904]
  0x000001c3b4faa7d0 GCTaskThread "GC Thread#0" [stack: 0x0000009a11300000,0x0000009a11400000] [id=4544]
  0x000001c41d7545a0 GCTaskThread "GC Thread#1" [stack: 0x0000009a12700000,0x0000009a12800000] [id=15664]
  0x000001c41d7bb6a0 GCTaskThread "GC Thread#2" [stack: 0x0000009a12800000,0x0000009a12900000] [id=10820]
  0x000001c41d7bb960 GCTaskThread "GC Thread#3" [stack: 0x0000009a12900000,0x0000009a12a00000] [id=22616]
  0x000001c41d7bbc20 GCTaskThread "GC Thread#4" [stack: 0x0000009a12a00000,0x0000009a12b00000] [id=15912]
  0x000001c41d7c4020 GCTaskThread "GC Thread#5" [stack: 0x0000009a12b00000,0x0000009a12c00000] [id=21796]
  0x000001c41e8e03e0 GCTaskThread "GC Thread#6" [stack: 0x0000009a12e00000,0x0000009a12f00000] [id=11436]
  0x000001c41e265e30 GCTaskThread "GC Thread#7" [stack: 0x0000009a12f00000,0x0000009a13000000] [id=13732]
  0x000001c3b4fbbdc0 ConcurrentGCThread "G1 Main Marker" [stack: 0x0000009a11400000,0x0000009a11500000] [id=20908]
  0x000001c3b4fbdd40 ConcurrentGCThread "G1 Conc#0" [stack: 0x0000009a11500000,0x0000009a11600000] [id=19600]
  0x000001c3d7c009a0 ConcurrentGCThread "G1 Refine#0" [stack: 0x0000009a11600000,0x0000009a11700000] [id=1452]
  0x000001c41e2660f0 ConcurrentGCThread "G1 Refine#1" [stack: 0x0000009a13000000,0x0000009a13100000] [id=7552]
  0x000001c3d7c01080 ConcurrentGCThread "G1 Service" [stack: 0x0000009a11700000,0x0000009a11800000] [id=21584]

Threads with active compile tasks:
C1 CompilerThread0  193745 1720   !   3       sun.nio.ch.SocketChannelImpl::read (314 bytes)

VM state: not at safepoint (normal execution)

VM Mutex/Monitor currently owned by a thread: None

Heap address: 0x0000000705400000, size: 4012 MB, Compressed Oops mode: Zero based, Oop shift amount: 3

CDS archive(s) mapped at: [0x000001c3d8000000-0x000001c3d8bb0000-0x000001c3d8bb0000), size 12255232, SharedBaseAddress: 0x000001c3d8000000, ArchiveRelocationMode: 1.
Compressed class space mapped at: 0x000001c3d9000000-0x000001c419000000, reserved size: 1073741824
Narrow klass base: 0x000001c3d8000000, Narrow klass shift: 0, Narrow klass range: 0x100000000

GC Precious Log:
 CPUs: 8 total, 8 available
 Memory: 16043M
 Large Page Support: Disabled
 NUMA Support: Disabled
 Compressed Oops: Enabled (Zero based)
 Heap Region Size: 2M
 Heap Min Capacity: 8M
 Heap Initial Capacity: 252M
 Heap Max Capacity: 4012M
 Pre-touch: Disabled
 Parallel Workers: 8
 Concurrent Workers: 2
 Concurrent Refinement Workers: 8
 Periodic GC: Disabled

Heap:
 garbage-first heap   total 258048K, used 16222K [0x0000000705400000, 0x0000000800000000)
  region size 2048K, 6 young (12288K), 3 survivors (6144K)
 Metaspace       used 9966K, committed 10176K, reserved 1114112K
  class space    used 1310K, committed 1408K, reserved 1048576K

Heap Regions: E=young(eden), S=young(survivor), O=old, HS=humongous(starts), HC=humongous(continues), CS=collection set, F=free, OA=open archive, CA=closed archive, TAMS=top-at-mark-start (previous, next)
|   0|0x0000000705400000, 0x0000000705600000, 0x0000000705600000|100%|HS|  |TAMS 0x0000000705400000, 0x0000000705400000| Complete 
|   1|0x0000000705600000, 0x0000000705800000, 0x0000000705800000|100%|HC|  |TAMS 0x0000000705600000, 0x0000000705600000| Complete 
|   2|0x0000000705800000, 0x00000007059d7a00, 0x0000000705a00000| 92%| O|  |TAMS 0x0000000705800000, 0x0000000705800000| Untracked 
|   3|0x0000000705a00000, 0x0000000705a00000, 0x0000000705c00000|  0%| F|  |TAMS 0x0000000705a00000, 0x0000000705a00000| Untracked 
|   4|0x0000000705c00000, 0x0000000705c00000, 0x0000000705e00000|  0%| F|  |TAMS 0x0000000705c00000, 0x0000000705c00000| Untracked 
|   5|0x0000000705e00000, 0x0000000705e00000, 0x0000000706000000|  0%| F|  |TAMS 0x0000000705e00000, 0x0000000705e00000| Untracked 
|   6|0x0000000706000000, 0x0000000706000000, 0x0000000706200000|  0%| F|  |TAMS 0x0000000706000000, 0x0000000706000000| Untracked 
|   7|0x0000000706200000, 0x0000000706200000, 0x0000000706400000|  0%| F|  |TAMS 0x0000000706200000, 0x0000000706200000| Untracked 
|   8|0x0000000706400000, 0x0000000706400000, 0x0000000706600000|  0%| F|  |TAMS 0x0000000706400000, 0x0000000706400000| Untracked 
|   9|0x0000000706600000, 0x0000000706600000, 0x0000000706800000|  0%| F|  |TAMS 0x0000000706600000, 0x0000000706600000| Untracked 
|  10|0x0000000706800000, 0x0000000706800000, 0x0000000706a00000|  0%| F|  |TAMS 0x0000000706800000, 0x0000000706800000| Untracked 
|  11|0x0000000706a00000, 0x0000000706a00000, 0x0000000706c00000|  0%| F|  |TAMS 0x0000000706a00000, 0x0000000706a00000| Untracked 
|  12|0x0000000706c00000, 0x0000000706c00000, 0x0000000706e00000|  0%| F|  |TAMS 0x0000000706c00000, 0x0000000706c00000| Untracked 
|  13|0x0000000706e00000, 0x0000000706e00000, 0x0000000707000000|  0%| F|  |TAMS 0x0000000706e00000, 0x0000000706e00000| Untracked 
|  14|0x0000000707000000, 0x0000000707000000, 0x0000000707200000|  0%| F|  |TAMS 0x0000000707000000, 0x0000000707000000| Untracked 
|  15|0x0000000707200000, 0x0000000707200000, 0x0000000707400000|  0%| F|  |TAMS 0x0000000707200000, 0x0000000707200000| Untracked 
|  16|0x0000000707400000, 0x0000000707400000, 0x0000000707600000|  0%| F|  |TAMS 0x0000000707400000, 0x0000000707400000| Untracked 
|  17|0x0000000707600000, 0x0000000707600000, 0x0000000707800000|  0%| F|  |TAMS 0x0000000707600000, 0x0000000707600000| Untracked 
|  18|0x0000000707800000, 0x0000000707800000, 0x0000000707a00000|  0%| F|  |TAMS 0x0000000707800000, 0x0000000707800000| Untracked 
|  19|0x0000000707a00000, 0x0000000707a00000, 0x0000000707c00000|  0%| F|  |TAMS 0x0000000707a00000, 0x0000000707a00000| Untracked 
|  20|0x0000000707c00000, 0x0000000707c00000, 0x0000000707e00000|  0%| F|  |TAMS 0x0000000707c00000, 0x0000000707c00000| Untracked 
|  21|0x0000000707e00000, 0x0000000707e00000, 0x0000000708000000|  0%| F|  |TAMS 0x0000000707e00000, 0x0000000707e00000| Untracked 
|  22|0x0000000708000000, 0x0000000708000000, 0x0000000708200000|  0%| F|  |TAMS 0x0000000708000000, 0x0000000708000000| Untracked 
|  23|0x0000000708200000, 0x0000000708200000, 0x0000000708400000|  0%| F|  |TAMS 0x0000000708200000, 0x0000000708200000| Untracked 
|  24|0x0000000708400000, 0x0000000708400000, 0x0000000708600000|  0%| F|  |TAMS 0x0000000708400000, 0x0000000708400000| Untracked 
|  25|0x0000000708600000, 0x0000000708600000, 0x0000000708800000|  0%| F|  |TAMS 0x0000000708600000, 0x0000000708600000| Untracked 
|  26|0x0000000708800000, 0x0000000708800000, 0x0000000708a00000|  0%| F|  |TAMS 0x0000000708800000, 0x0000000708800000| Untracked 
|  27|0x0000000708a00000, 0x0000000708a00000, 0x0000000708c00000|  0%| F|  |TAMS 0x0000000708a00000, 0x0000000708a00000| Untracked 
|  28|0x0000000708c00000, 0x0000000708c00000, 0x0000000708e00000|  0%| F|  |TAMS 0x0000000708c00000, 0x0000000708c00000| Untracked 
|  29|0x0000000708e00000, 0x0000000708e00000, 0x0000000709000000|  0%| F|  |TAMS 0x0000000708e00000, 0x0000000708e00000| Untracked 
|  30|0x0000000709000000, 0x0000000709000000, 0x0000000709200000|  0%| F|  |TAMS 0x0000000709000000, 0x0000000709000000| Untracked 
|  31|0x0000000709200000, 0x0000000709200000, 0x0000000709400000|  0%| F|  |TAMS 0x0000000709200000, 0x0000000709200000| Untracked 
|  32|0x0000000709400000, 0x0000000709400000, 0x0000000709600000|  0%| F|  |TAMS 0x0000000709400000, 0x0000000709400000| Untracked 
|  33|0x0000000709600000, 0x0000000709600000, 0x0000000709800000|  0%| F|  |TAMS 0x0000000709600000, 0x0000000709600000| Untracked 
|  34|0x0000000709800000, 0x0000000709800000, 0x0000000709a00000|  0%| F|  |TAMS 0x0000000709800000, 0x0000000709800000| Untracked 
|  35|0x0000000709a00000, 0x0000000709a00000, 0x0000000709c00000|  0%| F|  |TAMS 0x0000000709a00000, 0x0000000709a00000| Untracked 
|  36|0x0000000709c00000, 0x0000000709c00000, 0x0000000709e00000|  0%| F|  |TAMS 0x0000000709c00000, 0x0000000709c00000| Untracked 
|  37|0x0000000709e00000, 0x0000000709e00000, 0x000000070a000000|  0%| F|  |TAMS 0x0000000709e00000, 0x0000000709e00000| Untracked 
|  38|0x000000070a000000, 0x000000070a000000, 0x000000070a200000|  0%| F|  |TAMS 0x000000070a000000, 0x000000070a000000| Untracked 
|  39|0x000000070a200000, 0x000000070a200000, 0x000000070a400000|  0%| F|  |TAMS 0x000000070a200000, 0x000000070a200000| Untracked 
|  40|0x000000070a400000, 0x000000070a400000, 0x000000070a600000|  0%| F|  |TAMS 0x000000070a400000, 0x000000070a400000| Untracked 
|  41|0x000000070a600000, 0x000000070a600000, 0x000000070a800000|  0%| F|  |TAMS 0x000000070a600000, 0x000000070a600000| Untracked 
|  42|0x000000070a800000, 0x000000070a800000, 0x000000070aa00000|  0%| F|  |TAMS 0x000000070a800000, 0x000000070a800000| Untracked 
|  43|0x000000070aa00000, 0x000000070aa00000, 0x000000070ac00000|  0%| F|  |TAMS 0x000000070aa00000, 0x000000070aa00000| Untracked 
|  44|0x000000070ac00000, 0x000000070ac00000, 0x000000070ae00000|  0%| F|  |TAMS 0x000000070ac00000, 0x000000070ac00000| Untracked 
|  45|0x000000070ae00000, 0x000000070ae00000, 0x000000070b000000|  0%| F|  |TAMS 0x000000070ae00000, 0x000000070ae00000| Untracked 
|  46|0x000000070b000000, 0x000000070b000000, 0x000000070b200000|  0%| F|  |TAMS 0x000000070b000000, 0x000000070b000000| Untracked 
|  47|0x000000070b200000, 0x000000070b200000, 0x000000070b400000|  0%| F|  |TAMS 0x000000070b200000, 0x000000070b200000| Untracked 
|  48|0x000000070b400000, 0x000000070b400000, 0x000000070b600000|  0%| F|  |TAMS 0x000000070b400000, 0x000000070b400000| Untracked 
|  49|0x000000070b600000, 0x000000070b600000, 0x000000070b800000|  0%| F|  |TAMS 0x000000070b600000, 0x000000070b600000| Untracked 
|  50|0x000000070b800000, 0x000000070b800000, 0x000000070ba00000|  0%| F|  |TAMS 0x000000070b800000, 0x000000070b800000| Untracked 
|  51|0x000000070ba00000, 0x000000070ba00000, 0x000000070bc00000|  0%| F|  |TAMS 0x000000070ba00000, 0x000000070ba00000| Untracked 
|  52|0x000000070bc00000, 0x000000070bc00000, 0x000000070be00000|  0%| F|  |TAMS 0x000000070bc00000, 0x000000070bc00000| Untracked 
|  53|0x000000070be00000, 0x000000070be00000, 0x000000070c000000|  0%| F|  |TAMS 0x000000070be00000, 0x000000070be00000| Untracked 
|  54|0x000000070c000000, 0x000000070c000000, 0x000000070c200000|  0%| F|  |TAMS 0x000000070c000000, 0x000000070c000000| Untracked 
|  55|0x000000070c200000, 0x000000070c200000, 0x000000070c400000|  0%| F|  |TAMS 0x000000070c200000, 0x000000070c200000| Untracked 
|  56|0x000000070c400000, 0x000000070c400000, 0x000000070c600000|  0%| F|  |TAMS 0x000000070c400000, 0x000000070c400000| Untracked 
|  57|0x000000070c600000, 0x000000070c600000, 0x000000070c800000|  0%| F|  |TAMS 0x000000070c600000, 0x000000070c600000| Untracked 
|  58|0x000000070c800000, 0x000000070c800000, 0x000000070ca00000|  0%| F|  |TAMS 0x000000070c800000, 0x000000070c800000| Untracked 
|  59|0x000000070ca00000, 0x000000070ca00000, 0x000000070cc00000|  0%| F|  |TAMS 0x000000070ca00000, 0x000000070ca00000| Untracked 
|  60|0x000000070cc00000, 0x000000070cc00000, 0x000000070ce00000|  0%| F|  |TAMS 0x000000070cc00000, 0x000000070cc00000| Untracked 
|  61|0x000000070ce00000, 0x000000070ce00000, 0x000000070d000000|  0%| F|  |TAMS 0x000000070ce00000, 0x000000070ce00000| Untracked 
|  62|0x000000070d000000, 0x000000070d000000, 0x000000070d200000|  0%| F|  |TAMS 0x000000070d000000, 0x000000070d000000| Untracked 
|  63|0x000000070d200000, 0x000000070d200000, 0x000000070d400000|  0%| F|  |TAMS 0x000000070d200000, 0x000000070d200000| Untracked 
|  64|0x000000070d400000, 0x000000070d400000, 0x000000070d600000|  0%| F|  |TAMS 0x000000070d400000, 0x000000070d400000| Untracked 
|  65|0x000000070d600000, 0x000000070d600000, 0x000000070d800000|  0%| F|  |TAMS 0x000000070d600000, 0x000000070d600000| Untracked 
|  66|0x000000070d800000, 0x000000070d800000, 0x000000070da00000|  0%| F|  |TAMS 0x000000070d800000, 0x000000070d800000| Untracked 
|  67|0x000000070da00000, 0x000000070da00000, 0x000000070dc00000|  0%| F|  |TAMS 0x000000070da00000, 0x000000070da00000| Untracked 
|  68|0x000000070dc00000, 0x000000070dc00000, 0x000000070de00000|  0%| F|  |TAMS 0x000000070dc00000, 0x000000070dc00000| Untracked 
|  69|0x000000070de00000, 0x000000070de00000, 0x000000070e000000|  0%| F|  |TAMS 0x000000070de00000, 0x000000070de00000| Untracked 
|  70|0x000000070e000000, 0x000000070e000000, 0x000000070e200000|  0%| F|  |TAMS 0x000000070e000000, 0x000000070e000000| Untracked 
|  71|0x000000070e200000, 0x000000070e200000, 0x000000070e400000|  0%| F|  |TAMS 0x000000070e200000, 0x000000070e200000| Untracked 
|  72|0x000000070e400000, 0x000000070e400000, 0x000000070e600000|  0%| F|  |TAMS 0x000000070e400000, 0x000000070e400000| Untracked 
|  73|0x000000070e600000, 0x000000070e600000, 0x000000070e800000|  0%| F|  |TAMS 0x000000070e600000, 0x000000070e600000| Untracked 
|  74|0x000000070e800000, 0x000000070e800000, 0x000000070ea00000|  0%| F|  |TAMS 0x000000070e800000, 0x000000070e800000| Untracked 
|  75|0x000000070ea00000, 0x000000070ea00000, 0x000000070ec00000|  0%| F|  |TAMS 0x000000070ea00000, 0x000000070ea00000| Untracked 
|  76|0x000000070ec00000, 0x000000070ec00000, 0x000000070ee00000|  0%| F|  |TAMS 0x000000070ec00000, 0x000000070ec00000| Untracked 
|  77|0x000000070ee00000, 0x000000070ee00000, 0x000000070f000000|  0%| F|  |TAMS 0x000000070ee00000, 0x000000070ee00000| Untracked 
|  78|0x000000070f000000, 0x000000070f000000, 0x000000070f200000|  0%| F|  |TAMS 0x000000070f000000, 0x000000070f000000| Untracked 
|  79|0x000000070f200000, 0x000000070f200000, 0x000000070f400000|  0%| F|  |TAMS 0x000000070f200000, 0x000000070f200000| Untracked 
|  80|0x000000070f400000, 0x000000070f400000, 0x000000070f600000|  0%| F|  |TAMS 0x000000070f400000, 0x000000070f400000| Untracked 
|  81|0x000000070f600000, 0x000000070f600000, 0x000000070f800000|  0%| F|  |TAMS 0x000000070f600000, 0x000000070f600000| Untracked 
|  82|0x000000070f800000, 0x000000070f800000, 0x000000070fa00000|  0%| F|  |TAMS 0x000000070f800000, 0x000000070f800000| Untracked 
|  83|0x000000070fa00000, 0x000000070fa00000, 0x000000070fc00000|  0%| F|  |TAMS 0x000000070fa00000, 0x000000070fa00000| Untracked 
|  84|0x000000070fc00000, 0x000000070fc00000, 0x000000070fe00000|  0%| F|  |TAMS 0x000000070fc00000, 0x000000070fc00000| Untracked 
|  85|0x000000070fe00000, 0x000000070fe00000, 0x0000000710000000|  0%| F|  |TAMS 0x000000070fe00000, 0x000000070fe00000| Untracked 
|  86|0x0000000710000000, 0x0000000710000000, 0x0000000710200000|  0%| F|  |TAMS 0x0000000710000000, 0x0000000710000000| Untracked 
|  87|0x0000000710200000, 0x0000000710200000, 0x0000000710400000|  0%| F|  |TAMS 0x0000000710200000, 0x0000000710200000| Untracked 
|  88|0x0000000710400000, 0x0000000710400000, 0x0000000710600000|  0%| F|  |TAMS 0x0000000710400000, 0x0000000710400000| Untracked 
|  89|0x0000000710600000, 0x0000000710600000, 0x0000000710800000|  0%| F|  |TAMS 0x0000000710600000, 0x0000000710600000| Untracked 
|  90|0x0000000710800000, 0x0000000710800000, 0x0000000710a00000|  0%| F|  |TAMS 0x0000000710800000, 0x0000000710800000| Untracked 
|  91|0x0000000710a00000, 0x0000000710a00000, 0x0000000710c00000|  0%| F|  |TAMS 0x0000000710a00000, 0x0000000710a00000| Untracked 
|  92|0x0000000710c00000, 0x0000000710c00000, 0x0000000710e00000|  0%| F|  |TAMS 0x0000000710c00000, 0x0000000710c00000| Untracked 
|  93|0x0000000710e00000, 0x0000000710e00000, 0x0000000711000000|  0%| F|  |TAMS 0x0000000710e00000, 0x0000000710e00000| Untracked 
|  94|0x0000000711000000, 0x0000000711000000, 0x0000000711200000|  0%| F|  |TAMS 0x0000000711000000, 0x0000000711000000| Untracked 
|  95|0x0000000711200000, 0x0000000711200000, 0x0000000711400000|  0%| F|  |TAMS 0x0000000711200000, 0x0000000711200000| Untracked 
|  96|0x0000000711400000, 0x0000000711400000, 0x0000000711600000|  0%| F|  |TAMS 0x0000000711400000, 0x0000000711400000| Untracked 
|  97|0x0000000711600000, 0x0000000711600000, 0x0000000711800000|  0%| F|  |TAMS 0x0000000711600000, 0x0000000711600000| Untracked 
|  98|0x0000000711800000, 0x0000000711800000, 0x0000000711a00000|  0%| F|  |TAMS 0x0000000711800000, 0x0000000711800000| Untracked 
|  99|0x0000000711a00000, 0x0000000711a00000, 0x0000000711c00000|  0%| F|  |TAMS 0x0000000711a00000, 0x0000000711a00000| Untracked 
| 100|0x0000000711c00000, 0x0000000711c00000, 0x0000000711e00000|  0%| F|  |TAMS 0x0000000711c00000, 0x0000000711c00000| Untracked 
| 101|0x0000000711e00000, 0x0000000711e00000, 0x0000000712000000|  0%| F|  |TAMS 0x0000000711e00000, 0x0000000711e00000| Untracked 
| 102|0x0000000712000000, 0x0000000712000000, 0x0000000712200000|  0%| F|  |TAMS 0x0000000712000000, 0x0000000712000000| Untracked 
| 103|0x0000000712200000, 0x0000000712200000, 0x0000000712400000|  0%| F|  |TAMS 0x0000000712200000, 0x0000000712200000| Untracked 
| 104|0x0000000712400000, 0x0000000712600000, 0x0000000712600000|100%| S|CS|TAMS 0x0000000712400000, 0x0000000712400000| Complete 
| 105|0x0000000712600000, 0x0000000712800000, 0x0000000712800000|100%| S|CS|TAMS 0x0000000712600000, 0x0000000712600000| Complete 
| 106|0x0000000712800000, 0x0000000712a00000, 0x0000000712a00000|100%| S|CS|TAMS 0x0000000712800000, 0x0000000712800000| Complete 
| 107|0x0000000712a00000, 0x0000000712a00000, 0x0000000712c00000|  0%| F|  |TAMS 0x0000000712a00000, 0x0000000712a00000| Untracked 
| 108|0x0000000712c00000, 0x0000000712c00000, 0x0000000712e00000|  0%| F|  |TAMS 0x0000000712c00000, 0x0000000712c00000| Untracked 
| 109|0x0000000712e00000, 0x0000000712e00000, 0x0000000713000000|  0%| F|  |TAMS 0x0000000712e00000, 0x0000000712e00000| Untracked 
| 110|0x0000000713000000, 0x0000000713000000, 0x0000000713200000|  0%| F|  |TAMS 0x0000000713000000, 0x0000000713000000| Untracked 
| 111|0x0000000713200000, 0x0000000713200000, 0x0000000713400000|  0%| F|  |TAMS 0x0000000713200000, 0x0000000713200000| Untracked 
| 112|0x0000000713400000, 0x0000000713400000, 0x0000000713600000|  0%| F|  |TAMS 0x0000000713400000, 0x0000000713400000| Untracked 
| 113|0x0000000713600000, 0x0000000713600000, 0x0000000713800000|  0%| F|  |TAMS 0x0000000713600000, 0x0000000713600000| Untracked 
| 114|0x0000000713800000, 0x0000000713800000, 0x0000000713a00000|  0%| F|  |TAMS 0x0000000713800000, 0x0000000713800000| Untracked 
| 115|0x0000000713a00000, 0x0000000713a00000, 0x0000000713c00000|  0%| F|  |TAMS 0x0000000713a00000, 0x0000000713a00000| Untracked 
| 116|0x0000000713c00000, 0x0000000713c00000, 0x0000000713e00000|  0%| F|  |TAMS 0x0000000713c00000, 0x0000000713c00000| Untracked 
| 117|0x0000000713e00000, 0x0000000713e00000, 0x0000000714000000|  0%| F|  |TAMS 0x0000000713e00000, 0x0000000713e00000| Untracked 
| 118|0x0000000714000000, 0x0000000714000000, 0x0000000714200000|  0%| F|  |TAMS 0x0000000714000000, 0x0000000714000000| Untracked 
| 119|0x0000000714200000, 0x0000000714200000, 0x0000000714400000|  0%| F|  |TAMS 0x0000000714200000, 0x0000000714200000| Untracked 
| 120|0x0000000714400000, 0x0000000714400000, 0x0000000714600000|  0%| F|  |TAMS 0x0000000714400000, 0x0000000714400000| Untracked 
| 121|0x0000000714600000, 0x0000000714600000, 0x0000000714800000|  0%| F|  |TAMS 0x0000000714600000, 0x0000000714600000| Untracked 
| 122|0x0000000714800000, 0x0000000714800000, 0x0000000714a00000|  0%| F|  |TAMS 0x0000000714800000, 0x0000000714800000| Untracked 
| 123|0x0000000714a00000, 0x0000000714ad25c8, 0x0000000714c00000| 41%| E|  |TAMS 0x0000000714a00000, 0x0000000714a00000| Complete 
| 124|0x0000000714c00000, 0x0000000714e00000, 0x0000000714e00000|100%| E|CS|TAMS 0x0000000714c00000, 0x0000000714c00000| Complete 
| 125|0x0000000714e00000, 0x0000000715000000, 0x0000000715000000|100%| E|CS|TAMS 0x0000000714e00000, 0x0000000714e00000| Complete 

Card table byte_map: [0x000001c3cc5b0000,0x000001c3ccd90000] _byte_map_base: 0x000001c3c8d86000

Marking Bits (Prev, Next): (CMBitMap*) 0x000001c3b4faad00, (CMBitMap*) 0x000001c3b4faad40
 Prev Bits: [0x000001c3cd570000, 0x000001c3d1420000)
 Next Bits: [0x000001c3d1420000, 0x000001c3d52d0000)

Polling page: 0x000001c3b2de0000

Metaspace:

Usage:
  Non-class:      8.45 MB used.
      Class:      1.28 MB used.
       Both:      9.73 MB used.

Virtual space:
  Non-class space:       64.00 MB reserved,       8.56 MB ( 13%) committed,  1 nodes.
      Class space:        1.00 GB reserved,       1.38 MB ( <1%) committed,  1 nodes.
             Both:        1.06 GB reserved,       9.94 MB ( <1%) committed. 

Chunk freelists:
   Non-Class:  7.41 MB
       Class:  14.45 MB
        Both:  21.86 MB

MaxMetaspaceSize: unlimited
CompressedClassSpaceSize: 1.00 GB
Initial GC threshold: 21.00 MB
Current GC threshold: 21.00 MB
CDS: on
MetaspaceReclaimPolicy: balanced
 - commit_granule_bytes: 65536.
 - commit_granule_words: 8192.
 - virtual_space_node_default_size: 8388608.
 - enlarge_chunks_in_place: 1.
 - new_chunks_are_fully_committed: 0.
 - uncommit_free_chunks: 1.
 - use_allocation_guard: 0.
 - handle_deallocations: 1.


Internal statistics:

num_allocs_failed_limit: 0.
num_arena_births: 88.
num_arena_deaths: 0.
num_vsnodes_births: 2.
num_vsnodes_deaths: 0.
num_space_committed: 159.
num_space_uncommitted: 0.
num_chunks_returned_to_freelist: 0.
num_chunks_taken_from_freelist: 371.
num_chunk_merges: 0.
num_chunk_splits: 243.
num_chunks_enlarged: 195.
num_inconsistent_stats: 0.

CodeHeap 'non-profiled nmethods': size=120000Kb used=758Kb max_used=758Kb free=119241Kb
 bounds [0x000001c3c4570000, 0x000001c3c47e0000, 0x000001c3cbaa0000]
CodeHeap 'profiled nmethods': size=120000Kb used=3249Kb max_used=3249Kb free=116751Kb
 bounds [0x000001c3bcaa0000, 0x000001c3bcdd0000, 0x000001c3c3fd0000]
CodeHeap 'non-nmethods': size=5760Kb used=1176Kb max_used=1198Kb free=4583Kb
 bounds [0x000001c3c3fd0000, 0x000001c3c4240000, 0x000001c3c4570000]
 total_blobs=2193 nmethods=1718 adapters=388
 compilation: enabled
              stopped_count=0, restarted_count=0
 full_count=0

Compilation events (20 events):
Event: 181.424 Thread 0x000001c41d021aa0 nmethod 1710 0x000001c3c462ce90 code [0x000001c3c462d020, 0x000001c3c462d0d8]
Event: 183.835 Thread 0x000001c41d04a880 1711       1       org.gradle.internal.logging.text.AbstractLineChoppingStyledTextOutput$SeenFromEol::size (5 bytes)
Event: 183.836 Thread 0x000001c41d04a880 nmethod 1711 0x000001c3c462d190 code [0x000001c3c462d320, 0x000001c3c462d3f8]
Event: 183.836 Thread 0x000001c41d04a880 1712       1       org.gradle.internal.logging.text.AbstractLineChoppingStyledTextOutput$StateContext::access$000 (5 bytes)
Event: 183.837 Thread 0x000001c41d04a880 nmethod 1712 0x000001c3c462d490 code [0x000001c3c462d620, 0x000001c3c462d6d8]
Event: 184.347 Thread 0x000001c41d04a880 1713       3       sun.nio.ch.SocketChannelImpl::ensureOpenAndConnected (32 bytes)
Event: 184.347 Thread 0x000001c41d04a880 nmethod 1713 0x000001c3bcdca190 code [0x000001c3bcdca360, 0x000001c3bcdca5b8]
Event: 184.347 Thread 0x000001c41d04a880 1714       3       sun.nio.ch.IOUtil::acquireScope (11 bytes)
Event: 184.347 Thread 0x000001c41d04a880 nmethod 1714 0x000001c3bcdca710 code [0x000001c3bcdca8c0, 0x000001c3bcdcaa08]
Event: 184.424 Thread 0x000001c41d04a880 1715       1       org.gradle.internal.logging.text.AbstractLineChoppingStyledTextOutput$StateContext::access$500 (5 bytes)
Event: 184.425 Thread 0x000001c41d04a880 nmethod 1715 0x000001c3c462d790 code [0x000001c3c462d920, 0x000001c3c462d9d8]
Event: 184.425 Thread 0x000001c41d04a880 1716       3       org.gradle.internal.logging.text.AbstractLineChoppingStyledTextOutput$StateContext::isCurrentCharEquals (70 bytes)
Event: 184.426 Thread 0x000001c41d04a880 nmethod 1716 0x000001c3bcdcaa90 code [0x000001c3bcdcacc0, 0x000001c3bcdcb3d8]
Event: 184.426 Thread 0x000001c41d04a880 1717       3       java.nio.ByteBuffer::clear (7 bytes)
Event: 184.426 Thread 0x000001c41d04a880 nmethod 1717 0x000001c3bcdcb710 code [0x000001c3bcdcb8c0, 0x000001c3bcdcba38]
Event: 184.426 Thread 0x000001c41d04a880 1718       3       java.nio.Buffer::clear (20 bytes)
Event: 184.426 Thread 0x000001c41d04a880 nmethod 1718 0x000001c3bcdcbb10 code [0x000001c3bcdcbca0, 0x000001c3bcdcbdb8]
Event: 193.675 Thread 0x000001c41d04a880 1719       3       sun.nio.ch.SelectorImpl::ensureOpen (16 bytes)
Event: 193.676 Thread 0x000001c41d04a880 nmethod 1719 0x000001c3bcdcbe90 code [0x000001c3bcdcc040, 0x000001c3bcdcc308]
Event: 193.676 Thread 0x000001c41d04a880 1720   !   3       sun.nio.ch.SocketChannelImpl::read (314 bytes)

GC Heap History (4 events):
Event: 1.007 GC heap before
{Heap before GC invocations=0 (full 0):
 garbage-first heap   total 258048K, used 20480K [0x0000000705400000, 0x0000000800000000)
  region size 2048K, 11 young (22528K), 0 survivors (0K)
 Metaspace       used 1928K, committed 2048K, reserved 1114112K
  class space    used 169K, committed 192K, reserved 1048576K
}
Event: 1.011 GC heap after
{Heap after GC invocations=1 (full 0):
 garbage-first heap   total 258048K, used 2901K [0x0000000705400000, 0x0000000800000000)
  region size 2048K, 2 young (4096K), 2 survivors (4096K)
 Metaspace       used 1928K, committed 2048K, reserved 1114112K
  class space    used 169K, committed 192K, reserved 1048576K
}
Event: 3.334 GC heap before
{Heap before GC invocations=1 (full 0):
 garbage-first heap   total 258048K, used 39765K [0x0000000705400000, 0x0000000800000000)
  region size 2048K, 19 young (38912K), 2 survivors (4096K)
 Metaspace       used 8270K, committed 8512K, reserved 1114112K
  class space    used 1117K, committed 1216K, reserved 1048576K
}
Event: 3.358 GC heap after
{Heap after GC invocations=2 (full 0):
 garbage-first heap   total 258048K, used 12126K [0x0000000705400000, 0x0000000800000000)
  region size 2048K, 3 young (6144K), 3 survivors (6144K)
 Metaspace       used 8270K, committed 8512K, reserved 1114112K
  class space    used 1117K, committed 1216K, reserved 1048576K
}

Dll operation events (12 events):
Event: 0.016 Loaded shared library E:\JAVA\bin\java.dll
Event: 0.044 Loaded shared library E:\JAVA\bin\jsvml.dll
Event: 0.105 Loaded shared library E:\JAVA\bin\net.dll
Event: 0.109 Loaded shared library E:\JAVA\bin\nio.dll
Event: 0.154 Loaded shared library E:\JAVA\bin\zip.dll
Event: 0.163 Loaded shared library E:\JAVA\bin\verify.dll
Event: 0.229 Loaded shared library E:\JAVA\bin\jimage.dll
Event: 1.904 Loaded shared library E:\JAVA\bin\management.dll
Event: 1.913 Loaded shared library E:\JAVA\bin\management_ext.dll
Event: 2.178 Loaded shared library E:\gradle\native\c067742578af261105cb4f569cf0c3c89f3d7b1fecec35dd04571415982c5e48\windows-amd64\native-platform.dll
Event: 7.887 Loaded shared library E:\JAVA\bin\extnet.dll
Event: 8.119 Loaded shared library E:\JAVA\bin\sunmscapi.dll

Deoptimization events (20 events):
Event: 3.378 Thread 0x000001c41e265950 Uncommon trap: trap_request=0xffffff45 fr.pc=0x000001c3c45faea0 relative=0x0000000000000400
Event: 3.378 Thread 0x000001c41e265950 Uncommon trap: reason=unstable_if action=reinterpret pc=0x000001c3c45faea0 method=java.lang.AbstractStringBuilder.isLatin1()Z @ 10 c2
Event: 3.378 Thread 0x000001c41e265950 DEOPT PACKING pc=0x000001c3c45faea0 sp=0x0000009a12cff0c0
Event: 3.378 Thread 0x000001c41e265950 DEOPT UNPACKING pc=0x000001c3c40269a3 sp=0x0000009a12cff040 mode 2
Event: 7.580 Thread 0x000001c41e265950 Uncommon trap: trap_request=0xffffff45 fr.pc=0x000001c3c45e5da8 relative=0x0000000000000088
Event: 7.580 Thread 0x000001c41e265950 Uncommon trap: reason=unstable_if action=reinterpret pc=0x000001c3c45e5da8 method=java.lang.String.codePointAt(I)I @ 4 c2
Event: 7.580 Thread 0x000001c41e265950 DEOPT PACKING pc=0x000001c3c45e5da8 sp=0x0000009a12cff050
Event: 7.580 Thread 0x000001c41e265950 DEOPT UNPACKING pc=0x000001c3c40269a3 sp=0x0000009a12cfefe8 mode 2
Event: 7.584 Thread 0x000001c41e265950 Uncommon trap: trap_request=0xffffffde fr.pc=0x000001c3c45f3890 relative=0x00000000000011d0
Event: 7.584 Thread 0x000001c41e265950 Uncommon trap: reason=class_check action=maybe_recompile pc=0x000001c3c45f3890 method=java.util.concurrent.ConcurrentHashMap.putVal(Ljava/lang/Object;Ljava/lang/Object;Z)Ljava/lang/Object; @ 242 c2
Event: 7.584 Thread 0x000001c41e265950 DEOPT PACKING pc=0x000001c3c45f3890 sp=0x0000009a12cfe5e0
Event: 7.584 Thread 0x000001c41e265950 DEOPT UNPACKING pc=0x000001c3c40269a3 sp=0x0000009a12cfe550 mode 2
Event: 7.585 Thread 0x000001c41e265950 Uncommon trap: trap_request=0xffffffde fr.pc=0x000001c3c45f3794 relative=0x00000000000010d4
Event: 7.585 Thread 0x000001c41e265950 Uncommon trap: reason=class_check action=maybe_recompile pc=0x000001c3c45f3794 method=java.util.concurrent.ConcurrentHashMap.putVal(Ljava/lang/Object;Ljava/lang/Object;Z)Ljava/lang/Object; @ 159 c2
Event: 7.585 Thread 0x000001c41e265950 DEOPT PACKING pc=0x000001c3c45f3794 sp=0x0000009a12cfe700
Event: 7.585 Thread 0x000001c41e265950 DEOPT UNPACKING pc=0x000001c3c40269a3 sp=0x0000009a12cfe680 mode 2
Event: 8.108 Thread 0x000001c3b4f3c9d0 Uncommon trap: trap_request=0xffffff45 fr.pc=0x000001c3c45a397c relative=0x000000000000019c
Event: 8.108 Thread 0x000001c3b4f3c9d0 Uncommon trap: reason=unstable_if action=reinterpret pc=0x000001c3c45a397c method=java.util.HashMap.putVal(ILjava/lang/Object;Ljava/lang/Object;ZZ)Ljava/lang/Object; @ 162 c2
Event: 8.108 Thread 0x000001c3b4f3c9d0 DEOPT PACKING pc=0x000001c3c45a397c sp=0x0000009a112fb310
Event: 8.108 Thread 0x000001c3b4f3c9d0 DEOPT UNPACKING pc=0x000001c3c40269a3 sp=0x0000009a112fb2a0 mode 2

Classes loaded (20 events):
Event: 8.138 Loading class java/nio/channels/Pipe$SourceChannel done
Event: 8.138 Loading class sun/nio/ch/SourceChannelImpl done
Event: 8.138 Loading class sun/nio/ch/SinkChannelImpl
Event: 8.138 Loading class java/nio/channels/Pipe$SinkChannel
Event: 8.138 Loading class java/nio/channels/Pipe$SinkChannel done
Event: 8.138 Loading class sun/nio/ch/SinkChannelImpl done
Event: 8.141 Loading class sun/nio/ch/SelectionKeyImpl
Event: 8.141 Loading class java/nio/channels/spi/AbstractSelectionKey
Event: 8.141 Loading class java/nio/channels/SelectionKey
Event: 8.142 Loading class java/nio/channels/SelectionKey done
Event: 8.142 Loading class java/nio/channels/spi/AbstractSelectionKey done
Event: 8.142 Loading class sun/nio/ch/SelectionKeyImpl done
Event: 8.143 Loading class java/lang/invoke/ConstantBootstraps
Event: 8.143 Loading class java/lang/invoke/ConstantBootstraps done
Event: 8.200 Loading class java/nio/channels/spi/AbstractSelector$1
Event: 8.200 Loading class java/nio/channels/spi/AbstractSelector$1 done
Event: 8.272 Loading class java/util/concurrent/Executors$FinalizableDelegatedExecutorService
Event: 8.273 Loading class java/util/concurrent/Executors$FinalizableDelegatedExecutorService done
Event: 61.011 Loading class jdk/internal/misc/ScopedMemoryAccess$Scope
Event: 61.011 Loading class jdk/internal/misc/ScopedMemoryAccess$Scope done

Classes unloaded (0 events):
No events

Classes redefined (0 events):
No events

Internal exceptions (20 events):
Event: 2.115 Thread 0x000001c3b4f3c9d0 Exception <a 'java/lang/NoSuchMethodError'{0x0000000714189de0}: 'java.lang.Object java.lang.invoke.Invokers$Holder.invoker(java.lang.Object, java.lang.Object, java.lang.Object)'> (0x0000000714189de0) 
thrown [s\src\hotspot\share\interpreter\linkResolver.cpp, line 759]
Event: 2.117 Thread 0x000001c3b4f3c9d0 Exception <a 'java/lang/NoSuchMethodError'{0x0000000714192f38}: 'java.lang.Object java.lang.invoke.DirectMethodHandle$Holder.invokeStatic(java.lang.Object, java.lang.Object, int)'> (0x0000000714192f38) 
thrown [s\src\hotspot\share\interpreter\linkResolver.cpp, line 759]
Event: 2.121 Thread 0x000001c3b4f3c9d0 Exception <a 'java/lang/NoSuchMethodError'{0x000000071419ec28}: 'void java.lang.invoke.DelegatingMethodHandle$Holder.delegate(java.lang.Object, java.lang.Object, int, java.lang.Object)'> (0x000000071419ec28) 
thrown [s\src\hotspot\share\interpreter\linkResolver.cpp, line 759]
Event: 2.131 Thread 0x000001c3b4f3c9d0 Exception <a 'java/lang/NoSuchMethodError'{0x00000007141b2270}: 'java.lang.Object java.lang.invoke.Invokers$Holder.invokeExact_MT(java.lang.Object, java.lang.Object, java.lang.Object, java.lang.Object)'> (0x00000007141b2270) 
thrown [s\src\hotspot\share\interpreter\linkResolver.cpp, line 759]
Event: 2.141 Thread 0x000001c3b4f3c9d0 Exception <a 'java/lang/NoSuchMethodError'{0x00000007141d7540}: 'java.lang.Object java.lang.invoke.DirectMethodHandle$Holder.invokeVirtual(java.lang.Object, java.lang.Object, java.lang.Object)'> (0x00000007141d7540) 
thrown [s\src\hotspot\share\interpreter\linkResolver.cpp, line 759]
Event: 2.288 Thread 0x000001c3b4f3c9d0 Exception <a 'java/lang/NoSuchMethodError'{0x0000000713d14020}: 'java.lang.Object java.lang.invoke.DirectMethodHandle$Holder.newInvokeSpecial(java.lang.Object, java.lang.Object, java.lang.Object, java.lang.Object, java.lang.Object)'> (0x0000000713d14020) 
thrown [s\src\hotspot\share\interpreter\linkResolver.cpp, line 759]
Event: 2.352 Thread 0x000001c3b4f3c9d0 Exception <a 'java/lang/NoSuchMethodError'{0x0000000713a272d8}: 'void java.lang.invoke.DirectMethodHandle$Holder.invokeSpecial(java.lang.Object, java.lang.Object, java.lang.Object)'> (0x0000000713a272d8) 
thrown [s\src\hotspot\share\interpreter\linkResolver.cpp, line 759]
Event: 2.412 Thread 0x000001c3b4f3c9d0 Exception <a 'java/lang/NoSuchMethodError'{0x0000000713b15668}: 'int java.lang.invoke.DirectMethodHandle$Holder.invokeVirtual(java.lang.Object, java.lang.Object, java.lang.Object)'> (0x0000000713b15668) 
thrown [s\src\hotspot\share\interpreter\linkResolver.cpp, line 759]
Event: 2.440 Thread 0x000001c3b4f3c9d0 Exception <a 'java/lang/NoSuchMethodError'{0x0000000713b7e548}: 'java.lang.Object java.lang.invoke.DirectMethodHandle$Holder.invokeStaticInit(java.lang.Object, int, int, int, int)'> (0x0000000713b7e548) 
thrown [s\src\hotspot\share\interpreter\linkResolver.cpp, line 759]
Event: 2.638 Thread 0x000001c3b4f3c9d0 Exception <a 'java/lang/NoSuchMethodError'{0x0000000713458970}: 'java.lang.Object java.lang.invoke.DirectMethodHandle$Holder.invokeStaticInit(java.lang.Object, java.lang.Object, int, int, int, int)'> (0x0000000713458970) 
thrown [s\src\hotspot\share\interpreter\linkResolver.cpp, line 759]
Event: 2.694 Thread 0x000001c3b4f3c9d0 Exception <a 'java/lang/NoSuchMethodError'{0x00000007134890c0}: 'int java.lang.invoke.DirectMethodHandle$Holder.invokeStatic(java.lang.Object)'> (0x00000007134890c0) 
thrown [s\src\hotspot\share\interpreter\linkResolver.cpp, line 759]
Event: 2.695 Thread 0x000001c3b4f3c9d0 Exception <a 'java/lang/NoSuchMethodError'{0x000000071348c818}: 'int java.lang.invoke.DirectMethodHandle$Holder.invokeStaticInit(java.lang.Object)'> (0x000000071348c818) 
thrown [s\src\hotspot\share\interpreter\linkResolver.cpp, line 759]
Event: 2.704 Thread 0x000001c3b4f3c9d0 Implicit null exception at 0x000001c3c45be7f2 to 0x000001c3c45bee4c
Event: 2.954 Thread 0x000001c3b4f3c9d0 Exception <a 'java/lang/NoSuchMethodError'{0x0000000713338648}: 'java.lang.Object java.lang.invoke.DirectMethodHandle$Holder.invokeSpecialIFC(java.lang.Object, java.lang.Object, java.lang.Object, java.lang.Object)'> (0x0000000713338648) 
thrown [s\src\hotspot\share\interpreter\linkResolver.cpp, line 759]
Event: 3.313 Thread 0x000001c41e265950 Exception <a 'java/lang/NoSuchMethodError'{0x0000000712b60668}: 'void java.lang.invoke.DirectMethodHandle$Holder.invokeStatic(java.lang.Object, long)'> (0x0000000712b60668) 
thrown [s\src\hotspot\share\interpreter\linkResolver.cpp, line 759]
Event: 3.315 Thread 0x000001c41e265950 Exception <a 'java/lang/NoSuchMethodError'{0x0000000712b65fc0}: 'java.lang.Object java.lang.invoke.DirectMethodHandle$Holder.newInvokeSpecial(java.lang.Object, long)'> (0x0000000712b65fc0) 
thrown [s\src\hotspot\share\interpreter\linkResolver.cpp, line 759]
Event: 3.318 Thread 0x000001c41e265950 Exception <a 'java/lang/NoSuchMethodError'{0x0000000712b70b58}: 'java.lang.Object java.lang.invoke.DirectMethodHandle$Holder.invokeStaticInit(java.lang.Object, java.lang.Object, long, java.lang.Object)'> (0x0000000712b70b58) 
thrown [s\src\hotspot\share\interpreter\linkResolver.cpp, line 759]
Event: 3.319 Thread 0x000001c41e265950 Exception <a 'java/lang/NoSuchMethodError'{0x0000000712b771e0}: 'java.lang.Object java.lang.invoke.DirectMethodHandle$Holder.newInvokeSpecial(java.lang.Object, java.lang.Object, long)'> (0x0000000712b771e0) 
thrown [s\src\hotspot\share\interpreter\linkResolver.cpp, line 759]
Event: 3.320 Thread 0x000001c41e265950 Exception <a 'java/lang/NoSuchMethodError'{0x0000000712b7b4d0}: 'java.lang.Object java.lang.invoke.Invokers$Holder.linkToTargetMethod(java.lang.Object, long, java.lang.Object)'> (0x0000000712b7b4d0) 
thrown [s\src\hotspot\share\interpreter\linkResolver.cpp, line 759]
Event: 7.892 Thread 0x000001c3b4f3c9d0 Exception <a 'java/lang/NoSuchMethodError'{0x0000000714f2a650}: 'void java.lang.invoke.DirectMethodHandle$Holder.invokeStatic(java.lang.Object, java.lang.Object, java.lang.Object)'> (0x0000000714f2a650) 
thrown [s\src\hotspot\share\interpreter\linkResolver.cpp, line 759]

VM Operations (20 events):
Event: 55.699 Executing VM operation: Cleanup
Event: 55.699 Executing VM operation: Cleanup done
Event: 60.265 Executing VM operation: HandshakeAllThreads
Event: 60.265 Executing VM operation: HandshakeAllThreads done
Event: 60.265 Executing VM operation: Cleanup
Event: 60.265 Executing VM operation: Cleanup done
Event: 61.275 Executing VM operation: Cleanup
Event: 61.275 Executing VM operation: Cleanup done
Event: 68.341 Executing VM operation: Cleanup
Event: 68.341 Executing VM operation: Cleanup done
Event: 72.365 Executing VM operation: Cleanup
Event: 72.365 Executing VM operation: Cleanup done
Event: 85.533 Executing VM operation: Cleanup
Event: 85.533 Executing VM operation: Cleanup done
Event: 88.571 Executing VM operation: Cleanup
Event: 88.571 Executing VM operation: Cleanup done
Event: 171.252 Executing VM operation: Cleanup
Event: 171.252 Executing VM operation: Cleanup done
Event: 184.346 Executing VM operation: Cleanup
Event: 184.346 Executing VM operation: Cleanup done

Memory protections (0 events):
No events

Nmethod flushes (0 events):
No events

Events (20 events):
Event: 0.065 Thread 0x000001c3b4f3c9d0 Thread added: 0x000001c41d021aa0
Event: 0.065 Thread 0x000001c3b4f3c9d0 Thread added: 0x000001c41d04a880
Event: 0.065 Thread 0x000001c3b4f3c9d0 Thread added: 0x000001c41d05d1b0
Event: 0.096 Thread 0x000001c3b4f3c9d0 Thread added: 0x000001c41d1939c0
Event: 0.100 Thread 0x000001c3b4f3c9d0 Thread added: 0x000001c41d19a720
Event: 0.635 Thread 0x000001c41d04a880 Thread added: 0x000001c41d2afd20
Event: 0.845 Thread 0x000001c41d04a880 Thread added: 0x000001c41d561e70
Event: 1.781 Thread 0x000001c41d561e70 Thread exited: 0x000001c41d561e70
Event: 1.962 Thread 0x000001c41d2afd20 Thread exited: 0x000001c41d2afd20
Event: 2.218 Thread 0x000001c3b4f3c9d0 Thread added: 0x000001c41dbcf1c0
Event: 3.173 Thread 0x000001c41d04a880 Thread added: 0x000001c41d7ec640
Event: 3.298 Thread 0x000001c3b4f3c9d0 Thread added: 0x000001c41e265950
Event: 3.324 Thread 0x000001c41e265950 Thread added: 0x000001c41e5ade20
Event: 3.325 Thread 0x000001c41e5ade20 Thread exited: 0x000001c41e5ade20
Event: 3.327 Thread 0x000001c41e265950 Thread added: 0x000001c41e5ade20
Event: 3.528 Thread 0x000001c41d7ec640 Thread exited: 0x000001c41d7ec640
Event: 7.585 Thread 0x000001c41e5ade20 Thread exited: 0x000001c41e5ade20
Event: 7.585 Thread 0x000001c41e265950 Thread exited: 0x000001c41e265950
Event: 8.054 Thread 0x000001c41d04a880 Thread added: 0x000001c41de4d8b0
Event: 10.726 Thread 0x000001c41de4d8b0 Thread exited: 0x000001c41de4d8b0


Dynamic libraries:
0x00007ff7e82c0000 - 0x00007ff7e82ce000 	E:\JAVA\bin\java.exe
0x00007ffb02ae0000 - 0x00007ffb02d46000 	C:\WINDOWS\SYSTEM32\ntdll.dll
0x00007ffb01df0000 - 0x00007ffb01eb9000 	C:\WINDOWS\System32\KERNEL32.DLL
0x00007ffaffe30000 - 0x00007ffb0022a000 	C:\WINDOWS\System32\KERNELBASE.dll
0x00007ffb005c0000 - 0x00007ffb0070c000 	C:\WINDOWS\System32\ucrtbase.dll
0x00007ffaec2c0000 - 0x00007ffaec2de000 	E:\JAVA\bin\VCRUNTIME140.dll
0x00007ffaec2e0000 - 0x00007ffaec2f8000 	E:\JAVA\bin\jli.dll
0x00007ffb020d0000 - 0x00007ffb02297000 	C:\WINDOWS\System32\USER32.dll
0x00007ffae6c50000 - 0x00007ffae6ee2000 	C:\WINDOWS\WinSxS\amd64_microsoft.windows.common-controls_6595b64144ccf1df_6.0.26100.8521_none_3e08b75ce33403b3\COMCTL32.dll
0x00007ffb00590000 - 0x00007ffb005b7000 	C:\WINDOWS\System32\win32u.dll
0x00007ffb02940000 - 0x00007ffb029e9000 	C:\WINDOWS\System32\msvcrt.dll
0x00007ffb020a0000 - 0x00007ffb020cb000 	C:\WINDOWS\System32\GDI32.dll
0x00007ffb00460000 - 0x00007ffb0058b000 	C:\WINDOWS\System32\gdi32full.dll
0x00007ffb003b0000 - 0x00007ffb00453000 	C:\WINDOWS\System32\msvcp_win.dll
0x00007ffb00a10000 - 0x00007ffb00a42000 	C:\WINDOWS\System32\IMM32.DLL
0x00007ffaed680000 - 0x00007ffaed68c000 	E:\JAVA\bin\vcruntime140_1.dll
0x00007ffacd300000 - 0x00007ffacd38d000 	E:\JAVA\bin\msvcp140.dll
0x00007ffa634d0000 - 0x00007ffa6413b000 	E:\JAVA\bin\server\jvm.dll
0x00007ffb022a0000 - 0x00007ffb02356000 	C:\WINDOWS\System32\ADVAPI32.dll
0x00007ffb029f0000 - 0x00007ffb02a9a000 	C:\WINDOWS\System32\sechost.dll
0x00007ffb01540000 - 0x00007ffb01658000 	C:\WINDOWS\System32\RPCRT4.dll
0x00007ffb02380000 - 0x00007ffb02400000 	C:\WINDOWS\System32\WS2_32.dll
0x00007ffaffbd0000 - 0x00007ffaffc2e000 	C:\WINDOWS\SYSTEM32\POWRPROF.dll
0x00007ffae6ef0000 - 0x00007ffae6f26000 	C:\WINDOWS\SYSTEM32\WINMM.dll
0x00007ffaee2d0000 - 0x00007ffaee2db000 	C:\WINDOWS\SYSTEM32\VERSION.dll
0x00007ffaffbb0000 - 0x00007ffaffbc4000 	C:\WINDOWS\SYSTEM32\UMPDC.dll
0x00007ffafeac0000 - 0x00007ffafeadb000 	C:\WINDOWS\SYSTEM32\kernel.appcore.dll
0x00007ffaec930000 - 0x00007ffaec93a000 	E:\JAVA\bin\jimage.dll
0x00007ffafd510000 - 0x00007ffafd752000 	C:\WINDOWS\SYSTEM32\DBGHELP.DLL
0x00007ffb025b0000 - 0x00007ffb02933000 	C:\WINDOWS\System32\combase.dll
0x00007ffb00df0000 - 0x00007ffb00ec9000 	C:\WINDOWS\System32\OLEAUT32.dll
0x00007ffad9430000 - 0x00007ffad946b000 	C:\WINDOWS\SYSTEM32\dbgcore.DLL
0x00007ffb00710000 - 0x00007ffb007b8000 	C:\WINDOWS\System32\bcryptPrimitives.dll
0x00007ffaec7e0000 - 0x00007ffaec805000 	E:\JAVA\bin\java.dll
0x00007ffacb210000 - 0x00007ffacb2e7000 	E:\JAVA\bin\jsvml.dll
0x00007ffb01660000 - 0x00007ffb01de4000 	C:\WINDOWS\System32\SHELL32.dll
0x00007ffafd8f0000 - 0x00007ffafe170000 	C:\WINDOWS\SYSTEM32\windows.storage.dll
0x00007ffb01f20000 - 0x00007ffb02016000 	C:\WINDOWS\System32\SHCORE.dll
0x00007ffb00850000 - 0x00007ffb008b7000 	C:\WINDOWS\System32\shlwapi.dll
0x00007ffaffc90000 - 0x00007ffaffcb9000 	C:\WINDOWS\SYSTEM32\profapi.dll
0x00007ffaedcd0000 - 0x00007ffaedcea000 	E:\JAVA\bin\net.dll
0x00007ffaf49d0000 - 0x00007ffaf4af9000 	C:\WINDOWS\SYSTEM32\WINHTTP.dll
0x00007ffaff010000 - 0x00007ffaff07c000 	C:\WINDOWS\system32\mswsock.dll
0x00007ffaec2a0000 - 0x00007ffaec2b6000 	E:\JAVA\bin\nio.dll
0x00007ffaec070000 - 0x00007ffaec088000 	E:\JAVA\bin\zip.dll
0x00007ffafc270000 - 0x00007ffafc280000 	E:\JAVA\bin\verify.dll
0x00007ffafc220000 - 0x00007ffafc22a000 	E:\JAVA\bin\management.dll
0x00007ffafa560000 - 0x00007ffafa56c000 	E:\JAVA\bin\management_ext.dll
0x00007ffb01ec0000 - 0x00007ffb01ec8000 	C:\WINDOWS\System32\PSAPI.DLL
0x00007ffaf0ec0000 - 0x00007ffaf0ee7000 	E:\gradle\native\c067742578af261105cb4f569cf0c3c89f3d7b1fecec35dd04571415982c5e48\windows-amd64\native-platform.dll
0x00007ffaff410000 - 0x00007ffaff42b000 	C:\WINDOWS\SYSTEM32\CRYPTSP.dll
0x00007ffafea20000 - 0x00007ffafea59000 	C:\WINDOWS\system32\rsaenh.dll
0x00007ffaff0c0000 - 0x00007ffaff0f3000 	C:\WINDOWS\SYSTEM32\USERENV.dll
0x00007ffaffc60000 - 0x00007ffaffc8a000 	C:\WINDOWS\SYSTEM32\bcrypt.dll
0x00007ffaff270000 - 0x00007ffaff27c000 	C:\WINDOWS\SYSTEM32\CRYPTBASE.dll
0x00007ffafe4a0000 - 0x00007ffafe4d3000 	C:\WINDOWS\SYSTEM32\IPHLPAPI.DLL
0x00007ffb02360000 - 0x00007ffb0236a000 	C:\WINDOWS\System32\NSI.dll
0x00007ffaf5660000 - 0x00007ffaf567d000 	C:\WINDOWS\SYSTEM32\dhcpcsvc6.DLL
0x00007ffaf4f10000 - 0x00007ffaf4f35000 	C:\WINDOWS\SYSTEM32\dhcpcsvc.DLL
0x00007ffafe530000 - 0x00007ffafe67a000 	C:\WINDOWS\SYSTEM32\DNSAPI.dll
0x00007ffafee50000 - 0x00007ffafee5d000 	C:\WINDOWS\SYSTEM32\DSPARSE.dll
0x00007ffaec060000 - 0x00007ffaec069000 	E:\JAVA\bin\extnet.dll
0x00007ffaec290000 - 0x00007ffaec29e000 	E:\JAVA\bin\sunmscapi.dll
0x00007ffb00230000 - 0x00007ffb003a8000 	C:\WINDOWS\System32\CRYPT32.dll
0x00007ffaff570000 - 0x00007ffaff5a0000 	C:\WINDOWS\SYSTEM32\ncrypt.dll
0x00007ffaff520000 - 0x00007ffaff55f000 	C:\WINDOWS\SYSTEM32\NTASN1.dll
0x00007ffac96b0000 - 0x00007ffac96b8000 	C:\WINDOWS\system32\wshunix.dll

dbghelp: loaded successfully - version: 4.0.5 - missing functions: none
symbol engine: initialized successfully - sym options: 0x614 - pdb path: .;E:\JAVA\bin;C:\WINDOWS\SYSTEM32;C:\WINDOWS\WinSxS\amd64_microsoft.windows.common-controls_6595b64144ccf1df_6.0.26100.8521_none_3e08b75ce33403b3;E:\JAVA\bin\server;E:\gradle\native\c067742578af261105cb4f569cf0c3c89f3d7b1fecec35dd04571415982c5e48\windows-amd64

VM Arguments:
jvm_args: -Dorg.gradle.appname=gradlew 
java_command: org.gradle.wrapper.GradleWrapperMain -q -Ptarget-platform=android-arm,android-arm64,android-x64 -Ptarget=lib\main.dart -Pbase-application-name=android.app.Application -Pdart-defines=RkxVVFRFUl9WRVJTSU9OPTMuNDEuOQ==,RkxVVFRFUl9DSEFOTkVMPXN0YWJsZQ==,RkxVVFRFUl9HSVRfVVJMPWh0dHBzOi8vZ2l0aHViLmNvbS9mbHV0dGVyL2ZsdXR0ZXIuZ2l0,RkxVVFRFUl9GUkFNRVdPUktfUkVWSVNJT049MDBiMGM5MWYwNg==,RkxVVFRFUl9FTkdJTkVfUkVWSVNJT049NDJkM2Q3NWE1Ng==,RkxVVFRFUl9EQVJUX1ZFUlNJT049My4xMS41 -Pdart-obfuscation=false -Ptrack-widget-creation=true -Ptree-shake-icons=true assembleRelease
java_class_path (initial): E:\voice_test\android\\gradle\wrapper\gradle-wrapper.jar
Launcher Type: SUN_STANDARD

[Global flags]
     intx CICompilerCount                          = 4                                         {product} {ergonomic}
     uint ConcGCThreads                            = 2                                         {product} {ergonomic}
     uint G1ConcRefinementThreads                  = 8                                         {product} {ergonomic}
   size_t G1HeapRegionSize                         = 2097152                                   {product} {ergonomic}
    uintx GCDrainStackTargetSize                   = 64                                        {product} {ergonomic}
   size_t InitialHeapSize                          = 264241152                                 {product} {ergonomic}
   size_t MarkStackSize                            = 4194304                                   {product} {ergonomic}
   size_t MaxHeapSize                              = 4206886912                                {product} {ergonomic}
   size_t MaxNewSize                               = 2522873856                                {product} {ergonomic}
   size_t MinHeapDeltaBytes                        = 2097152                                   {product} {ergonomic}
   size_t MinHeapSize                              = 8388608                                   {product} {ergonomic}
    uintx NonNMethodCodeHeapSize                   = 5839372                                {pd product} {ergonomic}
    uintx NonProfiledCodeHeapSize                  = 122909434                              {pd product} {ergonomic}
    uintx ProfiledCodeHeapSize                     = 122909434                              {pd product} {ergonomic}
    uintx ReservedCodeCacheSize                    = 251658240                              {pd product} {ergonomic}
     bool SegmentedCodeCache                       = true                                      {product} {ergonomic}
   size_t SoftMaxHeapSize                          = 4206886912                             {manageable} {ergonomic}
     bool UseCompressedClassPointers               = true                           {product lp64_product} {ergonomic}
     bool UseCompressedOops                        = true                           {product lp64_product} {ergonomic}
     bool UseG1GC                                  = true                                      {product} {ergonomic}
     bool UseLargePagesIndividualAllocation        = false                                  {pd product} {ergonomic}

Logging:
Log output configuration:
 #0: stdout all=warning uptime,level,tags
 #1: stderr all=off uptime,level,tags

Environment Variables:
JAVA_HOME=E:\JAVA
CLASSPATH=E:\voice_test\android\\gradle\wrapper\gradle-wrapper.jar
PATH=E:\JAVA\bin;C:\Program Files\Common Files\Oracle\Java\javapath;C:\WINDOWS\system32;C:\WINDOWS;C:\WINDOWS\System32\Wbem;C:\WINDOWS\System32\WindowsPowerShell\v1.0\;C:\WINDOWS\System32\OpenSSH\;C:\Program Files\Git\cmd;C:\Program Files\Microsoft SQL Server\170\Tools\Binn\;C:\Program Files\Microsoft SQL Server\Client SDK\ODBC\170\Tools\Binn\;C:\Program Files\Microsoft SQL Server\170\DTS\Binn\;C:\Program Files\dotnet\;D:\Basira\;C:\ProgramData\chocolatey\bin;E:\JAVA\bin;E:\DOWNLOAD\New folder (2)\bin;C:\Program Files\Common Files\Oracle\Java\javapath;C:\WINDOWS\system32;C:\WINDOWS;C:\WINDOWS\System32\Wbem;C:\WINDOWS\System32\WindowsPowerShell\v1.0\;C:\WINDOWS\System32\OpenSSH\;C:\Program Files\Git\cmd;C:\Program Files\Microsoft SQL Server\170\Tools\Binn\;C:\Program Files\Microsoft SQL Server\Client SDK\ODBC\170\Tools\Binn\;C:\Program Files\Microsoft SQL Server\170\DTS\Binn\;C:\Program Files\dotnet\;D:\Basira\;C:\ProgramData\chocolatey\bin;C:\WINDOWS\system32;C:\WINDOWS;C:\WINDOWS\System32\Wbem;C:\WINDOWS\System32\WindowsPowerShell\v1.0\;C:\WINDOWS\System32\OpenSSH\;C:\Program Files\Git\cmd;C:\Program Files\Microsoft SQL Server\170\Tools\Binn\;C:\Program Files\Microsoft SQL Server\Client SDK\ODBC\170\Tools\Binn\;C:\Program Files\Microsoft SQL Server\170\DTS\Binn\;C:\Program Files\dotnet\;D:\Basira\;C:\ProgramData\chocolatey\bin;C:\Users\DELL\AppData\Local\Programs\Python\Python310\Scripts\;C:\Users\DELL\AppData\Local\Programs\Python\Python310\;C:\Users\DELL\AppData\Local\Prog;D:\flutter\bin;D:\download\Antigravity\bin;c:\Users\DELL\.antigravity\extensions\ms-python.debugpy-2026.6.0-win32-x64\bundled\scripts\noConfigScripts;D:\flutter\bin\mingit\cmd
USERNAME=DELL
LANG=en_US.UTF-8
OS=Windows_NT
PROCESSOR_IDENTIFIER=Intel64 Family 6 Model 142 Stepping 12, GenuineIntel
TMP=C:\Users\DELL\AppData\Local\Temp
TEMP=C:\Users\DELL\AppData\Local\Temp



Periodic native trim disabled


---------------  S Y S T E M  ---------------

OS:
 Windows 11 , 64 bit Build 26100 (10.0.26100.8521)
OS uptime: 0 days 6:08 hours
Hyper-V role detected

CPU: total 8 (initial active 8) (4 cores per cpu, 2 threads per core) family 6 model 142 stepping 12 microcode 0xf8, cx8, cmov, fxsr, ht, mmx, 3dnowpref, sse, sse2, sse3, ssse3, sse4.1, sse4.2, popcnt, lzcnt, tsc, tscinvbit, avx, avx2, aes, erms, clmul, bmi1, bmi2, adx, fma, vzeroupper, clflush, clflushopt, hv
Processor Information for processor 0
  Max Mhz: 2304, Current Mhz: 1803, Mhz Limit: 1797
Processor Information for processor 1
  Max Mhz: 2304, Current Mhz: 1803, Mhz Limit: 1797
Processor Information for processor 2
  Max Mhz: 2304, Current Mhz: 1803, Mhz Limit: 1797
Processor Information for processor 3
  Max Mhz: 2304, Current Mhz: 1803, Mhz Limit: 1797
Processor Information for processor 4
  Max Mhz: 2304, Current Mhz: 1803, Mhz Limit: 1797
Processor Information for processor 5
  Max Mhz: 2304, Current Mhz: 1803, Mhz Limit: 1797
Processor Information for processor 6
  Max Mhz: 2304, Current Mhz: 1502, Mhz Limit: 1797
Processor Information for processor 7
  Max Mhz: 2304, Current Mhz: 1502, Mhz Limit: 1797

Memory: 4k page, system-wide physical 16043M (2497M free)
TotalPageFile size 20115M (AvailPageFile size 0M)
current process WorkingSet (physical memory assigned to process): 112M, peak: 121M
current process commit charge ("private bytes"): 362M, peak: 372M

vm_info: OpenJDK 64-Bit Server VM (17.0.18+8) for windows-amd64 JRE (17.0.18+8), built on Jan 20 2026 22:28:22 by "admin" with MS VC++ 17.12 (VS2022)

END.
