#
# There is insufficient memory for the Java Runtime Environment to continue.
# Native memory allocation (malloc) failed to allocate 304176 bytes. Error detail: Chunk::new
# Possible reasons:
#   The system is out of physical RAM or swap space
#   This process is running with CompressedOops enabled, and the Java Heap may be blocking the growth of the native heap
# Possible solutions:
#   Reduce memory load on the system
#   Increase physical memory or swap space
#   Check if swap backing store is full
#   Decrease Java heap size (-Xmx/-Xms)
#   Decrease number of Java threads
#   Decrease Java thread stack sizes (-Xss)
#   Set larger code cache with -XX:ReservedCodeCacheSize=
#   JVM is running with Zero Based Compressed Oops mode in which the Java heap is
#     placed in the first 32GB address space. The Java Heap base address is the
#     maximum limit for the native heap growth. Please use -XX:HeapBaseMinAddress
#     to set the Java Heap base and to place the Java Heap above 32GB virtual address.
# This output file may be truncated or incomplete.
#
#  Out of Memory Error (arena.cpp:191), pid=17624, tid=656
#
# JRE version: OpenJDK Runtime Environment Temurin-17.0.18+8 (17.0.18+8) (build 17.0.18+8)
# Java VM: OpenJDK 64-Bit Server VM Temurin-17.0.18+8 (17.0.18+8, mixed mode, sharing, tiered, compressed oops, compressed class ptrs, g1 gc, windows-amd64)
# No core dump will be written. Minidumps are not enabled by default on client versions of Windows
#

---------------  S U M M A R Y ------------

Command Line: -Dorg.gradle.appname=gradlew org.gradle.wrapper.GradleWrapperMain -q -Ptarget-platform=android-arm64 -Ptarget=E:\voice_test\lib\main.dart -Pbase-application-name=android.app.Application -Pdart-defines=RkxVVFRFUl9WRVJTSU9OPTMuNDEuOQ==,RkxVVFRFUl9DSEFOTkVMPXN0YWJsZQ==,RkxVVFRFUl9HSVRfVVJMPWh0dHBzOi8vZ2l0aHViLmNvbS9mbHV0dGVyL2ZsdXR0ZXIuZ2l0,RkxVVFRFUl9GUkFNRVdPUktfUkVWSVNJT049MDBiMGM5MWYwNg==,RkxVVFRFUl9FTkdJTkVfUkVWSVNJT049NDJkM2Q3NWE1Ng==,RkxVVFRFUl9EQVJUX1ZFUlNJT049My4xMS41 -Pdart-obfuscation=false -Ptrack-widget-creation=true -Ptree-shake-icons=false -Pfilesystem-scheme=org-dartlang-root assembleDebug

Host: Intel(R) Core(TM) i7-10610U CPU @ 1.80GHz, 8 cores, 15G,  Windows 11 , 64 bit Build 26100 (10.0.26100.8246)
Time: Sat May  2 21:14:57 2026 Egypt Daylight Time elapsed time: 0.249258 seconds (0d 0h 0m 0s)

---------------  T H R E A D  ---------------

Current thread (0x00000242da37b520):  JavaThread "C2 CompilerThread1" daemon [_thread_in_native, id=656, stack(0x0000006c3a100000,0x0000006c3a200000)]


Current CompileTask:
C2:249  476       4       java.util.HashMap::putVal (300 bytes)

Stack: [0x0000006c3a100000,0x0000006c3a200000]
Native frames: (J=compiled Java code, j=interpreted, Vv=VM code, C=native code)
V  [jvm.dll+0x6846f9]
V  [jvm.dll+0x839ea5]
V  [jvm.dll+0x83b91e]
V  [jvm.dll+0x83bfa3]
V  [jvm.dll+0x248eff]
V  [jvm.dll+0xad496]
V  [jvm.dll+0xadb3c]
V  [jvm.dll+0x368bcf]
V  [jvm.dll+0x333055]
V  [jvm.dll+0x3324ba]
V  [jvm.dll+0x219db9]
V  [jvm.dll+0x219200]
V  [jvm.dll+0x1a4920]
V  [jvm.dll+0x22989a]
V  [jvm.dll+0x227a4b]
V  [jvm.dll+0x7f0658]
V  [jvm.dll+0x7eaaec]
V  [jvm.dll+0x6835c7]
C  [ucrtbase.dll+0x37b0]
C  [KERNEL32.DLL+0x2e8d7]
C  [ntdll.dll+0x8c3fc]


---------------  P R O C E S S  ---------------

Threads class SMR info:
_java_thread_list=0x00000242da24e6a0, length=14, elements={
0x00000242f166c300, 0x00000242da002d70, 0x00000242da005260, 0x00000242da0150b0,
0x00000242ff5dd3c0, 0x00000242ff5dd8a0, 0x00000242da015590, 0x00000242da022dd0,
0x00000242da056810, 0x00000242da057130, 0x00000242da18eb00, 0x00000242da191290,
0x00000242da37b520, 0x00000242da37ba70
}

Java Threads: ( => current thread )
  0x00000242f166c300 JavaThread "main" [_thread_blocked, id=11776, stack(0x0000006c38e00000,0x0000006c38f00000)]
  0x00000242da002d70 JavaThread "Reference Handler" daemon [_thread_blocked, id=5236, stack(0x0000006c39500000,0x0000006c39600000)]
  0x00000242da005260 JavaThread "Finalizer" daemon [_thread_blocked, id=25116, stack(0x0000006c39600000,0x0000006c39700000)]
  0x00000242da0150b0 JavaThread "Signal Dispatcher" daemon [_thread_blocked, id=3852, stack(0x0000006c39700000,0x0000006c39800000)]
  0x00000242ff5dd3c0 JavaThread "Attach Listener" daemon [_thread_blocked, id=5732, stack(0x0000006c39800000,0x0000006c39900000)]
  0x00000242ff5dd8a0 JavaThread "Service Thread" daemon [_thread_blocked, id=11696, stack(0x0000006c39900000,0x0000006c39a00000)]
  0x00000242da015590 JavaThread "Monitor Deflation Thread" daemon [_thread_blocked, id=1420, stack(0x0000006c39a00000,0x0000006c39b00000)]
  0x00000242da022dd0 JavaThread "C2 CompilerThread0" daemon [_thread_in_native, id=8176, stack(0x0000006c39b00000,0x0000006c39c00000)]
  0x00000242da056810 JavaThread "C1 CompilerThread0" daemon [_thread_in_vm, id=20548, stack(0x0000006c39c00000,0x0000006c39d00000)]
  0x00000242da057130 JavaThread "Sweeper thread" daemon [_thread_blocked, id=14000, stack(0x0000006c39d00000,0x0000006c39e00000)]
  0x00000242da18eb00 JavaThread "Notification Thread" daemon [_thread_blocked, id=3048, stack(0x0000006c39e00000,0x0000006c39f00000)]
  0x00000242da191290 JavaThread "Common-Cleaner" daemon [_thread_blocked, id=24936, stack(0x0000006c3a000000,0x0000006c3a100000)]
=>0x00000242da37b520 JavaThread "C2 CompilerThread1" daemon [_thread_in_native, id=656, stack(0x0000006c3a100000,0x0000006c3a200000)]
  0x00000242da37ba70 JavaThread "C2 CompilerThread2" daemon [_thread_in_native, id=25340, stack(0x0000006c3a200000,0x0000006c3a300000)]

Other Threads:
  0x00000242ff5d7970 VMThread "VM Thread" [stack: 0x0000006c39400000,0x0000006c39500000] [id=11756]
  0x00000242da190ff0 WatcherThread [stack: 0x0000006c39f00000,0x0000006c3a000000] [id=24032]
  0x00000242f16d8e90 GCTaskThread "GC Thread#0" [stack: 0x0000006c38f00000,0x0000006c39000000] [id=14928]
  0x00000242f16ea480 ConcurrentGCThread "G1 Main Marker" [stack: 0x0000006c39000000,0x0000006c39100000] [id=20016]
  0x00000242f16ebc60 ConcurrentGCThread "G1 Conc#0" [stack: 0x0000006c39100000,0x0000006c39200000] [id=8232]
  0x00000242ff48eb70 ConcurrentGCThread "G1 Refine#0" [stack: 0x0000006c39200000,0x0000006c39300000] [id=18104]
  0x00000242ff492e80 ConcurrentGCThread "G1 Service" [stack: 0x0000006c39300000,0x0000006c39400000] [id=12584]

Threads with active compile tasks:
C2 CompilerThread0  263  516       4       java.lang.StringBuilder::append (8 bytes)
C1 CompilerThread0  263  523       3       sun.net.util.IPAddressUtil::checkHostString (53 bytes)
C2 CompilerThread1  263  476       4       java.util.HashMap::putVal (300 bytes)
C2 CompilerThread2  263  517       4       sun.nio.fs.WindowsPathParser::isInvalidPathChar (22 bytes)

VM state: not at safepoint (normal execution)

VM Mutex/Monitor currently owned by a thread:  ([mutex/lock_event])
[0x00000242f1667180] Metaspace_lock - owner thread: 0x00000242da056810
[0x00000242f1669c00] MethodData_lock - owner thread: 0x00000242da056810

Heap address: 0x0000000705400000, size: 4012 MB, Compressed Oops mode: Zero based, Oop shift amount: 3

CDS archive(s) mapped at: [0x0000024295000000-0x0000024295bb0000-0x0000024295bb0000), size 12255232, SharedBaseAddress: 0x0000024295000000, ArchiveRelocationMode: 1.
Compressed class space mapped at: 0x0000024296000000-0x00000242d6000000, reserved size: 1073741824
Narrow klass base: 0x0000024295000000, Narrow klass shift: 0, Narrow klass range: 0x100000000

GC Precious Log:
 CPUs: 8 total, 8 available
 Memory: 16043M
 Large Page Support: Disabled
 NUMA Support: Disabled
 Compressed Oops: Enabled (Zero based)
 Heap Region Size: 2M
 Heap Min Capacity: 8M
 Heap Initial Capacity: 252M
 Heap Max Capacity: 4012M
 Pre-touch: Disabled
 Parallel Workers: 8
 Concurrent Workers: 2
 Concurrent Refinement Workers: 8
 Periodic GC: Disabled

Heap:
 garbage-first heap   total 258048K, used 10240K [0x0000000705400000, 0x0000000800000000)
  region size 2048K, 6 young (12288K), 0 survivors (0K)
 Metaspace       used 1808K, committed 1856K, reserved 1114112K
  class space    used 169K, committed 192K, reserved 1048576K

Heap Regions: E=young(eden), S=young(survivor), O=old, HS=humongous(starts), HC=humongous(continues), CS=collection set, F=free, OA=open archive, CA=closed archive, TAMS=top-at-mark-start (previous, next)
|   0|0x0000000705400000, 0x0000000705400000, 0x0000000705600000|  0%| F|  |TAMS 0x0000000705400000, 0x0000000705400000| Untracked 
|   1|0x0000000705600000, 0x0000000705600000, 0x0000000705800000|  0%| F|  |TAMS 0x0000000705600000, 0x0000000705600000| Untracked 
|   2|0x0000000705800000, 0x0000000705800000, 0x0000000705a00000|  0%| F|  |TAMS 0x0000000705800000, 0x0000000705800000| Untracked 
|   3|0x0000000705a00000, 0x0000000705a00000, 0x0000000705c00000|  0%| F|  |TAMS 0x0000000705a00000, 0x0000000705a00000| Untracked 
|   4|0x0000000705c00000, 0x0000000705c00000, 0x0000000705e00000|  0%| F|  |TAMS 0x0000000705c00000, 0x0000000705c00000| Untracked 
|   5|0x0000000705e00000, 0x0000000705e00000, 0x0000000706000000|  0%| F|  |TAMS 0x0000000705e00000, 0x0000000705e00000| Untracked 
|   6|0x0000000706000000, 0x0000000706000000, 0x0000000706200000|  0%| F|  |TAMS 0x0000000706000000, 0x0000000706000000| Untracked 
|   7|0x0000000706200000, 0x0000000706200000, 0x0000000706400000|  0%| F|  |TAMS 0x0000000706200000, 0x0000000706200000| Untracked 
|   8|0x0000000706400000, 0x0000000706400000, 0x0000000706600000|  0%| F|  |TAMS 0x0000000706400000, 0x0000000706400000| Untracked 
|   9|0x0000000706600000, 0x0000000706600000, 0x0000000706800000|  0%| F|  |TAMS 0x0000000706600000, 0x0000000706600000| Untracked 
|  10|0x0000000706800000, 0x0000000706800000, 0x0000000706a00000|  0%| F|  |TAMS 0x0000000706800000, 0x0000000706800000| Untracked 
|  11|0x0000000706a00000, 0x0000000706a00000, 0x0000000706c00000|  0%| F|  |TAMS 0x0000000706a00000, 0x0000000706a00000| Untracked 
|  12|0x0000000706c00000, 0x0000000706c00000, 0x0000000706e00000|  0%| F|  |TAMS 0x0000000706c00000, 0x0000000706c00000| Untracked 
|  13|0x0000000706e00000, 0x0000000706e00000, 0x0000000707000000|  0%| F|  |TAMS 0x0000000706e00000, 0x0000000706e00000| Untracked 
|  14|0x0000000707000000, 0x0000000707000000, 0x0000000707200000|  0%| F|  |TAMS 0x0000000707000000, 0x0000000707000000| Untracked 
|  15|0x0000000707200000, 0x0000000707200000, 0x0000000707400000|  0%| F|  |TAMS 0x0000000707200000, 0x0000000707200000| Untracked 
|  16|0x0000000707400000, 0x0000000707400000, 0x0000000707600000|  0%| F|  |TAMS 0x0000000707400000, 0x0000000707400000| Untracked 
|  17|0x0000000707600000, 0x0000000707600000, 0x0000000707800000|  0%| F|  |TAMS 0x0000000707600000, 0x0000000707600000| Untracked 
|  18|0x0000000707800000, 0x0000000707800000, 0x0000000707a00000|  0%| F|  |TAMS 0x0000000707800000, 0x0000000707800000| Untracked 
|  19|0x0000000707a00000, 0x0000000707a00000, 0x0000000707c00000|  0%| F|  |TAMS 0x0000000707a00000, 0x0000000707a00000| Untracked 
|  20|0x0000000707c00000, 0x0000000707c00000, 0x0000000707e00000|  0%| F|  |TAMS 0x0000000707c00000, 0x0000000707c00000| Untracked 
|  21|0x0000000707e00000, 0x0000000707e00000, 0x0000000708000000|  0%| F|  |TAMS 0x0000000707e00000, 0x0000000707e00000| Untracked 
|  22|0x0000000708000000, 0x0000000708000000, 0x0000000708200000|  0%| F|  |TAMS 0x0000000708000000, 0x0000000708000000| Untracked 
|  23|0x0000000708200000, 0x0000000708200000, 0x0000000708400000|  0%| F|  |TAMS 0x0000000708200000, 0x0000000708200000| Untracked 
|  24|0x0000000708400000, 0x0000000708400000, 0x0000000708600000|  0%| F|  |TAMS 0x0000000708400000, 0x0000000708400000| Untracked 
|  25|0x0000000708600000, 0x0000000708600000, 0x0000000708800000|  0%| F|  |TAMS 0x0000000708600000, 0x0000000708600000| Untracked 
|  26|0x0000000708800000, 0x0000000708800000, 0x0000000708a00000|  0%| F|  |TAMS 0x0000000708800000, 0x0000000708800000| Untracked 
|  27|0x0000000708a00000, 0x0000000708a00000, 0x0000000708c00000|  0%| F|  |TAMS 0x0000000708a00000, 0x0000000708a00000| Untracked 
|  28|0x0000000708c00000, 0x0000000708c00000, 0x0000000708e00000|  0%| F|  |TAMS 0x0000000708c00000, 0x0000000708c00000| Untracked 
|  29|0x0000000708e00000, 0x0000000708e00000, 0x0000000709000000|  0%| F|  |TAMS 0x0000000708e00000, 0x0000000708e00000| Untracked 
|  30|0x0000000709000000, 0x0000000709000000, 0x0000000709200000|  0%| F|  |TAMS 0x0000000709000000, 0x0000000709000000| Untracked 
|  31|0x0000000709200000, 0x0000000709200000, 0x0000000709400000|  0%| F|  |TAMS 0x0000000709200000, 0x0000000709200000| Untracked 
|  32|0x0000000709400000, 0x0000000709400000, 0x0000000709600000|  0%| F|  |TAMS 0x0000000709400000, 0x0000000709400000| Untracked 
|  33|0x0000000709600000, 0x0000000709600000, 0x0000000709800000|  0%| F|  |TAMS 0x0000000709600000, 0x0000000709600000| Untracked 
|  34|0x0000000709800000, 0x0000000709800000, 0x0000000709a00000|  0%| F|  |TAMS 0x0000000709800000, 0x0000000709800000| Untracked 
|  35|0x0000000709a00000, 0x0000000709a00000, 0x0000000709c00000|  0%| F|  |TAMS 0x0000000709a00000, 0x0000000709a00000| Untracked 
|  36|0x0000000709c00000, 0x0000000709c00000, 0x0000000709e00000|  0%| F|  |TAMS 0x0000000709c00000, 0x0000000709c00000| Untracked 
|  37|0x0000000709e00000, 0x0000000709e00000, 0x000000070a000000|  0%| F|  |TAMS 0x0000000709e00000, 0x0000000709e00000| Untracked 
|  38|0x000000070a000000, 0x000000070a000000, 0x000000070a200000|  0%| F|  |TAMS 0x000000070a000000, 0x000000070a000000| Untracked 
|  39|0x000000070a200000, 0x000000070a200000, 0x000000070a400000|  0%| F|  |TAMS 0x000000070a200000, 0x000000070a200000| Untracked 
|  40|0x000000070a400000, 0x000000070a400000, 0x000000070a600000|  0%| F|  |TAMS 0x000000070a400000, 0x000000070a400000| Untracked 
|  41|0x000000070a600000, 0x000000070a600000, 0x000000070a800000|  0%| F|  |TAMS 0x000000070a600000, 0x000000070a600000| Untracked 
|  42|0x000000070a800000, 0x000000070a800000, 0x000000070aa00000|  0%| F|  |TAMS 0x000000070a800000, 0x000000070a800000| Untracked 
|  43|0x000000070aa00000, 0x000000070aa00000, 0x000000070ac00000|  0%| F|  |TAMS 0x000000070aa00000, 0x000000070aa00000| Untracked 
|  44|0x000000070ac00000, 0x000000070ac00000, 0x000000070ae00000|  0%| F|  |TAMS 0x000000070ac00000, 0x000000070ac00000| Untracked 
|  45|0x000000070ae00000, 0x000000070ae00000, 0x000000070b000000|  0%| F|  |TAMS 0x000000070ae00000, 0x000000070ae00000| Untracked 
|  46|0x000000070b000000, 0x000000070b000000, 0x000000070b200000|  0%| F|  |TAMS 0x000000070b000000, 0x000000070b000000| Untracked 
|  47|0x000000070b200000, 0x000000070b200000, 0x000000070b400000|  0%| F|  |TAMS 0x000000070b200000, 0x000000070b200000| Untracked 
|  48|0x000000070b400000, 0x000000070b400000, 0x000000070b600000|  0%| F|  |TAMS 0x000000070b400000, 0x000000070b400000| Untracked 
|  49|0x000000070b600000, 0x000000070b600000, 0x000000070b800000|  0%| F|  |TAMS 0x000000070b600000, 0x000000070b600000| Untracked 
|  50|0x000000070b800000, 0x000000070b800000, 0x000000070ba00000|  0%| F|  |TAMS 0x000000070b800000, 0x000000070b800000| Untracked 
|  51|0x000000070ba00000, 0x000000070ba00000, 0x000000070bc00000|  0%| F|  |TAMS 0x000000070ba00000, 0x000000070ba00000| Untracked 
|  52|0x000000070bc00000, 0x000000070bc00000, 0x000000070be00000|  0%| F|  |TAMS 0x000000070bc00000, 0x000000070bc00000| Untracked 
|  53|0x000000070be00000, 0x000000070be00000, 0x000000070c000000|  0%| F|  |TAMS 0x000000070be00000, 0x000000070be00000| Untracked 
|  54|0x000000070c000000, 0x000000070c000000, 0x000000070c200000|  0%| F|  |TAMS 0x000000070c000000, 0x000000070c000000| Untracked 
|  55|0x000000070c200000, 0x000000070c200000, 0x000000070c400000|  0%| F|  |TAMS 0x000000070c200000, 0x000000070c200000| Untracked 
|  56|0x000000070c400000, 0x000000070c400000, 0x000000070c600000|  0%| F|  |TAMS 0x000000070c400000, 0x000000070c400000| Untracked 
|  57|0x000000070c600000, 0x000000070c600000, 0x000000070c800000|  0%| F|  |TAMS 0x000000070c600000, 0x000000070c600000| Untracked 
|  58|0x000000070c800000, 0x000000070c800000, 0x000000070ca00000|  0%| F|  |TAMS 0x000000070c800000, 0x000000070c800000| Untracked 
|  59|0x000000070ca00000, 0x000000070ca00000, 0x000000070cc00000|  0%| F|  |TAMS 0x000000070ca00000, 0x000000070ca00000| Untracked 
|  60|0x000000070cc00000, 0x000000070cc00000, 0x000000070ce00000|  0%| F|  |TAMS 0x000000070cc00000, 0x000000070cc00000| Untracked 
|  61|0x000000070ce00000, 0x000000070ce00000, 0x000000070d000000|  0%| F|  |TAMS 0x000000070ce00000, 0x000000070ce00000| Untracked 
|  62|0x000000070d000000, 0x000000070d000000, 0x000000070d200000|  0%| F|  |TAMS 0x000000070d000000, 0x000000070d000000| Untracked 
|  63|0x000000070d200000, 0x000000070d200000, 0x000000070d400000|  0%| F|  |TAMS 0x000000070d200000, 0x000000070d200000| Untracked 
|  64|0x000000070d400000, 0x000000070d400000, 0x000000070d600000|  0%| F|  |TAMS 0x000000070d400000, 0x000000070d400000| Untracked 
|  65|0x000000070d600000, 0x000000070d600000, 0x000000070d800000|  0%| F|  |TAMS 0x000000070d600000, 0x000000070d600000| Untracked 
|  66|0x000000070d800000, 0x000000070d800000, 0x000000070da00000|  0%| F|  |TAMS 0x000000070d800000, 0x000000070d800000| Untracked 
|  67|0x000000070da00000, 0x000000070da00000, 0x000000070dc00000|  0%| F|  |TAMS 0x000000070da00000, 0x000000070da00000| Untracked 
|  68|0x000000070dc00000, 0x000000070dc00000, 0x000000070de00000|  0%| F|  |TAMS 0x000000070dc00000, 0x000000070dc00000| Untracked 
|  69|0x000000070de00000, 0x000000070de00000, 0x000000070e000000|  0%| F|  |TAMS 0x000000070de00000, 0x000000070de00000| Untracked 
|  70|0x000000070e000000, 0x000000070e000000, 0x000000070e200000|  0%| F|  |TAMS 0x000000070e000000, 0x000000070e000000| Untracked 
|  71|0x000000070e200000, 0x000000070e200000, 0x000000070e400000|  0%| F|  |TAMS 0x000000070e200000, 0x000000070e200000| Untracked 
|  72|0x000000070e400000, 0x000000070e400000, 0x000000070e600000|  0%| F|  |TAMS 0x000000070e400000, 0x000000070e400000| Untracked 
|  73|0x000000070e600000, 0x000000070e600000, 0x000000070e800000|  0%| F|  |TAMS 0x000000070e600000, 0x000000070e600000| Untracked 
|  74|0x000000070e800000, 0x000000070e800000, 0x000000070ea00000|  0%| F|  |TAMS 0x000000070e800000, 0x000000070e800000| Untracked 
|  75|0x000000070ea00000, 0x000000070ea00000, 0x000000070ec00000|  0%| F|  |TAMS 0x000000070ea00000, 0x000000070ea00000| Untracked 
|  76|0x000000070ec00000, 0x000000070ec00000, 0x000000070ee00000|  0%| F|  |TAMS 0x000000070ec00000, 0x000000070ec00000| Untracked 
|  77|0x000000070ee00000, 0x000000070ee00000, 0x000000070f000000|  0%| F|  |TAMS 0x000000070ee00000, 0x000000070ee00000| Untracked 
|  78|0x000000070f000000, 0x000000070f000000, 0x000000070f200000|  0%| F|  |TAMS 0x000000070f000000, 0x000000070f000000| Untracked 
|  79|0x000000070f200000, 0x000000070f200000, 0x000000070f400000|  0%| F|  |TAMS 0x000000070f200000, 0x000000070f200000| Untracked 
|  80|0x000000070f400000, 0x000000070f400000, 0x000000070f600000|  0%| F|  |TAMS 0x000000070f400000, 0x000000070f400000| Untracked 
|  81|0x000000070f600000, 0x000000070f600000, 0x000000070f800000|  0%| F|  |TAMS 0x000000070f600000, 0x000000070f600000| Untracked 
|  82|0x000000070f800000, 0x000000070f800000, 0x000000070fa00000|  0%| F|  |TAMS 0x000000070f800000, 0x000000070f800000| Untracked 
|  83|0x000000070fa00000, 0x000000070fa00000, 0x000000070fc00000|  0%| F|  |TAMS 0x000000070fa00000, 0x000000070fa00000| Untracked 
|  84|0x000000070fc00000, 0x000000070fc00000, 0x000000070fe00000|  0%| F|  |TAMS 0x000000070fc00000, 0x000000070fc00000| Untracked 
|  85|0x000000070fe00000, 0x000000070fe00000, 0x0000000710000000|  0%| F|  |TAMS 0x000000070fe00000, 0x000000070fe00000| Untracked 
|  86|0x0000000710000000, 0x0000000710000000, 0x0000000710200000|  0%| F|  |TAMS 0x0000000710000000, 0x0000000710000000| Untracked 
|  87|0x0000000710200000, 0x0000000710200000, 0x0000000710400000|  0%| F|  |TAMS 0x0000000710200000, 0x0000000710200000| Untracked 
|  88|0x0000000710400000, 0x0000000710400000, 0x0000000710600000|  0%| F|  |TAMS 0x0000000710400000, 0x0000000710400000| Untracked 
|  89|0x0000000710600000, 0x0000000710600000, 0x0000000710800000|  0%| F|  |TAMS 0x0000000710600000, 0x0000000710600000| Untracked 
|  90|0x0000000710800000, 0x0000000710800000, 0x0000000710a00000|  0%| F|  |TAMS 0x0000000710800000, 0x0000000710800000| Untracked 
|  91|0x0000000710a00000, 0x0000000710a00000, 0x0000000710c00000|  0%| F|  |TAMS 0x0000000710a00000, 0x0000000710a00000| Untracked 
|  92|0x0000000710c00000, 0x0000000710c00000, 0x0000000710e00000|  0%| F|  |TAMS 0x0000000710c00000, 0x0000000710c00000| Untracked 
|  93|0x0000000710e00000, 0x0000000710e00000, 0x0000000711000000|  0%| F|  |TAMS 0x0000000710e00000, 0x0000000710e00000| Untracked 
|  94|0x0000000711000000, 0x0000000711000000, 0x0000000711200000|  0%| F|  |TAMS 0x0000000711000000, 0x0000000711000000| Untracked 
|  95|0x0000000711200000, 0x0000000711200000, 0x0000000711400000|  0%| F|  |TAMS 0x0000000711200000, 0x0000000711200000| Untracked 
|  96|0x0000000711400000, 0x0000000711400000, 0x0000000711600000|  0%| F|  |TAMS 0x0000000711400000, 0x0000000711400000| Untracked 
|  97|0x0000000711600000, 0x0000000711600000, 0x0000000711800000|  0%| F|  |TAMS 0x0000000711600000, 0x0000000711600000| Untracked 
|  98|0x0000000711800000, 0x0000000711800000, 0x0000000711a00000|  0%| F|  |TAMS 0x0000000711800000, 0x0000000711800000| Untracked 
|  99|0x0000000711a00000, 0x0000000711a00000, 0x0000000711c00000|  0%| F|  |TAMS 0x0000000711a00000, 0x0000000711a00000| Untracked 
| 100|0x0000000711c00000, 0x0000000711c00000, 0x0000000711e00000|  0%| F|  |TAMS 0x0000000711c00000, 0x0000000711c00000| Untracked 
| 101|0x0000000711e00000, 0x0000000711e00000, 0x0000000712000000|  0%| F|  |TAMS 0x0000000711e00000, 0x0000000711e00000| Untracked 
| 102|0x0000000712000000, 0x0000000712000000, 0x0000000712200000|  0%| F|  |TAMS 0x0000000712000000, 0x0000000712000000| Untracked 
| 103|0x0000000712200000, 0x0000000712200000, 0x0000000712400000|  0%| F|  |TAMS 0x0000000712200000, 0x0000000712200000| Untracked 
| 104|0x0000000712400000, 0x0000000712400000, 0x0000000712600000|  0%| F|  |TAMS 0x0000000712400000, 0x0000000712400000| Untracked 
| 105|0x0000000712600000, 0x0000000712600000, 0x0000000712800000|  0%| F|  |TAMS 0x0000000712600000, 0x0000000712600000| Untracked 
| 106|0x0000000712800000, 0x0000000712800000, 0x0000000712a00000|  0%| F|  |TAMS 0x0000000712800000, 0x0000000712800000| Untracked 
| 107|0x0000000712a00000, 0x0000000712a00000, 0x0000000712c00000|  0%| F|  |TAMS 0x0000000712a00000, 0x0000000712a00000| Untracked 
| 108|0x0000000712c00000, 0x0000000712c00000, 0x0000000712e00000|  0%| F|  |TAMS 0x0000000712c00000, 0x0000000712c00000| Untracked 
| 109|0x0000000712e00000, 0x0000000712e00000, 0x0000000713000000|  0%| F|  |TAMS 0x0000000712e00000, 0x0000000712e00000| Untracked 
| 110|0x0000000713000000, 0x0000000713000000, 0x0000000713200000|  0%| F|  |TAMS 0x0000000713000000, 0x0000000713000000| Untracked 
| 111|0x0000000713200000, 0x0000000713200000, 0x0000000713400000|  0%| F|  |TAMS 0x0000000713200000, 0x0000000713200000| Untracked 
| 112|0x0000000713400000, 0x0000000713400000, 0x0000000713600000|  0%| F|  |TAMS 0x0000000713400000, 0x0000000713400000| Untracked 
| 113|0x0000000713600000, 0x0000000713600000, 0x0000000713800000|  0%| F|  |TAMS 0x0000000713600000, 0x0000000713600000| Untracked 
| 114|0x0000000713800000, 0x0000000713800000, 0x0000000713a00000|  0%| F|  |TAMS 0x0000000713800000, 0x0000000713800000| Untracked 
| 115|0x0000000713a00000, 0x0000000713a00000, 0x0000000713c00000|  0%| F|  |TAMS 0x0000000713a00000, 0x0000000713a00000| Untracked 
| 116|0x0000000713c00000, 0x0000000713c00000, 0x0000000713e00000|  0%| F|  |TAMS 0x0000000713c00000, 0x0000000713c00000| Untracked 
| 117|0x0000000713e00000, 0x0000000713e00000, 0x0000000714000000|  0%| F|  |TAMS 0x0000000713e00000, 0x0000000713e00000| Untracked 
| 118|0x0000000714000000, 0x0000000714000000, 0x0000000714200000|  0%| F|  |TAMS 0x0000000714000000, 0x0000000714000000| Untracked 
| 119|0x0000000714200000, 0x0000000714200000, 0x0000000714400000|  0%| F|  |TAMS 0x0000000714200000, 0x0000000714200000| Untracked 
| 120|0x0000000714400000, 0x00000007145c7f68, 0x0000000714600000| 89%| E|  |TAMS 0x0000000714400000, 0x0000000714400000| Complete 
| 121|0x0000000714600000, 0x0000000714800000, 0x0000000714800000|100%| E|CS|TAMS 0x0000000714600000, 0x0000000714600000| Complete 
| 122|0x0000000714800000, 0x0000000714a00000, 0x0000000714a00000|100%| E|CS|TAMS 0x0000000714800000, 0x0000000714800000| Complete 
| 123|0x0000000714a00000, 0x0000000714c00000, 0x0000000714c00000|100%| E|CS|TAMS 0x0000000714a00000, 0x0000000714a00000| Complete 
| 124|0x0000000714c00000, 0x0000000714e00000, 0x0000000714e00000|100%| E|CS|TAMS 0x0000000714c00000, 0x0000000714c00000| Complete 
| 125|0x0000000714e00000, 0x0000000715000000, 0x0000000715000000|100%| E|CS|TAMS 0x0000000714e00000, 0x0000000714e00000| Complete 

Card table byte_map: [0x00000242f9ce0000,0x00000242fa4c0000] _byte_map_base: 0x00000242f64b6000

Marking Bits (Prev, Next): (CMBitMap*) 0x00000242f16d93c0, (CMBitMap*) 0x00000242f16d9400
 Prev Bits: [0x00000242faca0000, 0x00000242feb50000)
 Next Bits: [0x000002428f000000, 0x0000024292eb0000)

Polling page: 0x00000242ef570000

Metaspace:

Usage:
  Non-class:      1.60 MB used.
      Class:    169.09 KB used.
       Both:      1.77 MB used.

Virtual space:
  Non-class space:       64.00 MB reserved,       1.62 MB (  3%) committed,  1 nodes.
      Class space:        1.00 GB reserved,     192.00 KB ( <1%) committed,  1 nodes.
             Both:        1.06 GB reserved,       1.81 MB ( <1%) committed. 

Chunk freelists:
   Non-Class:  11.70 MB
       Class:  15.69 MB
        Both:  27.38 MB

MaxMetaspaceSize: unlimited
CompressedClassSpaceSize: 1.00 GB
Initial GC threshold: 21.00 MB
Current GC threshold: 21.00 MB
CDS: on
MetaspaceReclaimPolicy: balanced
 - commit_granule_bytes: 65536.
 - commit_granule_words: 8192.
 - virtual_space_node_default_size: 8388608.
 - enlarge_chunks_in_place: 1.
 - new_chunks_are_fully_committed: 0.
 - uncommit_free_chunks: 1.
 - use_allocation_guard: 0.
 - handle_deallocations: 1.


Internal statistics:

num_allocs_failed_limit: 0.
num_arena_births: 14.
num_arena_deaths: 0.
num_vsnodes_births: 2.
num_vsnodes_deaths: 0.
num_space_committed: 29.
num_space_uncommitted: 0.
num_chunks_returned_to_freelist: 0.
num_chunks_taken_from_freelist: 45.
num_chunk_merges: 0.
num_chunk_splits: 23.
num_chunks_enlarged: 18.
num_inconsistent_stats: 0.

CodeHeap 'non-profiled nmethods': size=120000Kb used=172Kb max_used=172Kb free=119827Kb
 bounds [0x0000024287ad0000, 0x0000024287d40000, 0x000002428f000000]
CodeHeap 'profiled nmethods': size=120000Kb used=794Kb max_used=794Kb free=119205Kb
 bounds [0x0000024280000000, 0x0000024280270000, 0x0000024287530000]
CodeHeap 'non-nmethods': size=5760Kb used=1125Kb max_used=1152Kb free=4634Kb
 bounds [0x0000024287530000, 0x00000242877a0000, 0x0000024287ad0000]
 total_blobs=926 nmethods=520 adapters=319
 compilation: enabled
              stopped_count=0, restarted_count=0
 full_count=0

Compilation events (20 events):
Event: 0.232 Thread 0x00000242da056810 nmethod 486 0x0000024287af5790 code [0x0000024287af5920, 0x0000024287af59f8]
Event: 0.232 Thread 0x00000242da056810  487       1       java.net.URL::getQuery (5 bytes)
Event: 0.232 Thread 0x00000242da056810 nmethod 487 0x0000024287af5a90 code [0x0000024287af5c20, 0x0000024287af5cf8]
Event: 0.232 Thread 0x00000242da056810  488       1       java.net.URL::getPort (5 bytes)
Event: 0.232 Thread 0x00000242da056810 nmethod 488 0x0000024287af5d90 code [0x0000024287af5f20, 0x0000024287af5ff8]
Event: 0.232 Thread 0x00000242da056810  489       1       java.net.URI::getScheme (5 bytes)
Event: 0.232 Thread 0x00000242da056810 nmethod 489 0x0000024287af6090 code [0x0000024287af6220, 0x0000024287af62f8]
Event: 0.233 Thread 0x00000242da056810  490       3       java.lang.Character::getType (9 bytes)
Event: 0.233 Thread 0x00000242da056810 nmethod 490 0x00000242800b1c90 code [0x00000242800b1e40, 0x00000242800b2038]
Event: 0.233 Thread 0x00000242da056810  491       3       java.lang.CharacterDataLatin1::getType (11 bytes)
Event: 0.233 Thread 0x00000242da056810 nmethod 491 0x00000242800b2110 code [0x00000242800b22c0, 0x00000242800b2478]
Event: 0.234 Thread 0x00000242da056810  492       3       java.net.URI$Parser::checkChars (44 bytes)
Event: 0.234 Thread 0x00000242da056810 nmethod 492 0x00000242800b2590 code [0x00000242800b27c0, 0x00000242800b2e08]
Event: 0.234 Thread 0x00000242da056810  493       3       java.lang.Character::isLetterOrDigit (5 bytes)
Event: 0.234 Thread 0x00000242da056810 nmethod 493 0x00000242800b3090 code [0x00000242800b3260, 0x00000242800b3578]
Event: 0.234 Thread 0x00000242da056810  494       3       java.lang.Character::isLetterOrDigit (19 bytes)
Event: 0.235 Thread 0x00000242da056810 nmethod 494 0x00000242800b3690 code [0x00000242800b3860, 0x00000242800b3b18]
Event: 0.235 Thread 0x00000242da056810  495       3       java.net.URI$Parser::scan (41 bytes)
Event: 0.236 Thread 0x00000242da056810 nmethod 495 0x00000242800b3c10 code [0x00000242800b3e60, 0x00000242800b4758]
Event: 0.236 Thread 0x00000242da056810  496       3       java.net.URI::quote (214 bytes)

GC Heap History (0 events):
No events

Dll operation events (7 events):
Event: 0.008 Loaded shared library E:\JAVA\bin\java.dll
Event: 0.024 Loaded shared library E:\JAVA\bin\jsvml.dll
Event: 0.052 Loaded shared library E:\JAVA\bin\net.dll
Event: 0.054 Loaded shared library E:\JAVA\bin\nio.dll
Event: 0.057 Loaded shared library E:\JAVA\bin\zip.dll
Event: 0.060 Loaded shared library E:\JAVA\bin\verify.dll
Event: 0.092 Loaded shared library E:\JAVA\bin\jimage.dll

Deoptimization events (20 events):
Event: 0.177 Thread 0x00000242f166c300 DEOPT PACKING pc=0x0000024280045b38 sp=0x0000006c38efd650
Event: 0.177 Thread 0x00000242f166c300 DEOPT UNPACKING pc=0x0000024287587143 sp=0x0000006c38efcac8 mode 0
Event: 0.178 Thread 0x00000242f166c300 DEOPT PACKING pc=0x0000024280045b38 sp=0x0000006c38efd650
Event: 0.178 Thread 0x00000242f166c300 DEOPT UNPACKING pc=0x0000024287587143 sp=0x0000006c38efcac8 mode 0
Event: 0.178 Thread 0x00000242f166c300 DEOPT PACKING pc=0x0000024280045b38 sp=0x0000006c38efd650
Event: 0.178 Thread 0x00000242f166c300 DEOPT UNPACKING pc=0x0000024287587143 sp=0x0000006c38efcac8 mode 0
Event: 0.180 Thread 0x00000242f166c300 DEOPT PACKING pc=0x0000024280045b38 sp=0x0000006c38efd650
Event: 0.180 Thread 0x00000242f166c300 DEOPT UNPACKING pc=0x0000024287587143 sp=0x0000006c38efcac8 mode 0
Event: 0.180 Thread 0x00000242f166c300 DEOPT PACKING pc=0x0000024280045b38 sp=0x0000006c38efd2a0
Event: 0.180 Thread 0x00000242f166c300 DEOPT UNPACKING pc=0x0000024287587143 sp=0x0000006c38efc740 mode 0
Event: 0.193 Thread 0x00000242f166c300 DEOPT PACKING pc=0x0000024280052f6a sp=0x0000006c38efd6e0
Event: 0.193 Thread 0x00000242f166c300 DEOPT UNPACKING pc=0x0000024287587143 sp=0x0000006c38efcba0 mode 0
Event: 0.195 Thread 0x00000242f166c300 DEOPT PACKING pc=0x0000024280052f6a sp=0x0000006c38efd640
Event: 0.195 Thread 0x00000242f166c300 DEOPT UNPACKING pc=0x0000024287587143 sp=0x0000006c38efcb00 mode 0
Event: 0.195 Thread 0x00000242f166c300 DEOPT PACKING pc=0x0000024280052f6a sp=0x0000006c38efd640
Event: 0.195 Thread 0x00000242f166c300 DEOPT UNPACKING pc=0x0000024287587143 sp=0x0000006c38efcb00 mode 0
Event: 0.200 Thread 0x00000242f166c300 DEOPT PACKING pc=0x0000024280052f6a sp=0x0000006c38efd770
Event: 0.200 Thread 0x00000242f166c300 DEOPT UNPACKING pc=0x0000024287587143 sp=0x0000006c38efcc30 mode 0
Event: 0.202 Thread 0x00000242f166c300 DEOPT PACKING pc=0x0000024280052f6a sp=0x0000006c38efd770
Event: 0.202 Thread 0x00000242f166c300 DEOPT UNPACKING pc=0x0000024287587143 sp=0x0000006c38efcc30 mode 0

Classes loaded (20 events):
Event: 0.127 Loading class jdk/internal/access/JavaIOFilePermissionAccess done
Event: 0.127 Loading class java/io/FilePermission$1 done
Event: 0.127 Loading class java/io/FilePermissionCollection
Event: 0.128 Loading class java/io/FilePermissionCollection done
Event: 0.128 Loading class java/util/Vector
Event: 0.128 Loading class java/util/Vector done
Event: 0.128 Loading class java/io/FilePermissionCollection$1
Event: 0.128 Loading class java/io/FilePermissionCollection$1 done
Event: 0.128 Loading class sun/security/util/ManifestEntryVerifier
Event: 0.129 Loading class sun/security/util/ManifestEntryVerifier done
Event: 0.144 Loading class java/net/MalformedURLException
Event: 0.144 Loading class java/net/MalformedURLException done
Event: 0.145 Loading class java/io/FileFilter
Event: 0.145 Loading class java/io/FileFilter done
Event: 0.153 Loading class java/util/AbstractList$Itr
Event: 0.153 Loading class java/util/AbstractList$Itr done
Event: 0.154 Loading class java/util/zip/ZipException
Event: 0.154 Loading class java/util/zip/ZipException done
Event: 0.164 Loading class java/lang/invoke/DirectMethodHandle$Special
Event: 0.164 Loading class java/lang/invoke/DirectMethodHandle$Special done

Classes unloaded (0 events):
No events

Classes redefined (0 events):
No events

Internal exceptions (1 events):
Event: 0.141 Thread 0x00000242f166c300 Exception <a 'java/lang/NoSuchMethodError'{0x0000000714d7ee20}: 'int java.lang.invoke.DirectMethodHandle$Holder.invokeStaticInit(java.lang.Object, java.lang.Object)'> (0x0000000714d7ee20) 
thrown [s\src\hotspot\share\interpreter\linkResolver.cpp, line 759]

VM Operations (2 events):
Event: 0.058 Executing VM operation: HandshakeAllThreads
Event: 0.058 Executing VM operation: HandshakeAllThreads done

Memory protections (0 events):
No events

Nmethod flushes (0 events):
No events

Events (13 events):
Event: 0.024 Thread 0x00000242f166c300 Thread added: 0x00000242f166c300
Event: 0.027 Thread 0x00000242f166c300 Thread added: 0x00000242da002d70
Event: 0.027 Thread 0x00000242f166c300 Thread added: 0x00000242da005260
Event: 0.034 Thread 0x00000242f166c300 Thread added: 0x00000242da0150b0
Event: 0.034 Thread 0x00000242f166c300 Thread added: 0x00000242ff5dd3c0
Event: 0.034 Thread 0x00000242f166c300 Thread added: 0x00000242ff5dd8a0
Event: 0.034 Thread 0x00000242f166c300 Thread added: 0x00000242da015590
Event: 0.034 Thread 0x00000242f166c300 Thread added: 0x00000242da022dd0
Event: 0.034 Thread 0x00000242f166c300 Thread added: 0x00000242da056810
Event: 0.034 Thread 0x00000242f166c300 Thread added: 0x00000242da057130
Event: 0.049 Thread 0x00000242f166c300 Thread added: 0x00000242da18eb00
Event: 0.050 Thread 0x00000242f166c300 Thread added: 0x00000242da191290
Event: 0.216 Thread 0x00000242da022dd0 Thread added: 0x00000242da37b520


Dynamic libraries:
0x00007ff7c5e70000 - 0x00007ff7c5e7e000 	E:\JAVA\bin\java.exe
0x00007ffc0f7c0000 - 0x00007ffc0fa27000 	C:\WINDOWS\SYSTEM32\ntdll.dll
0x00007ffc0e690000 - 0x00007ffc0e759000 	C:\WINDOWS\System32\KERNEL32.DLL
0x00007ffc0d150000 - 0x00007ffc0d544000 	C:\WINDOWS\System32\KERNELBASE.dll
0x00007ffc0cde0000 - 0x00007ffc0cf2b000 	C:\WINDOWS\System32\ucrtbase.dll
0x00007ffbfead0000 - 0x00007ffbfeaee000 	E:\JAVA\bin\VCRUNTIME140.dll
0x00007ffbf9160000 - 0x00007ffbf9178000 	E:\JAVA\bin\jli.dll
0x00007ffc0e8f0000 - 0x00007ffc0eab5000 	C:\WINDOWS\System32\USER32.dll
0x00007ffc0cb10000 - 0x00007ffc0cb37000 	C:\WINDOWS\System32\win32u.dll
0x00007ffc0e840000 - 0x00007ffc0e86b000 	C:\WINDOWS\System32\GDI32.dll
0x00007ffc0ccb0000 - 0x00007ffc0cddb000 	C:\WINDOWS\System32\gdi32full.dll
0x00007ffc0cc00000 - 0x00007ffc0cca3000 	C:\WINDOWS\System32\msvcp_win.dll
0x00007ffbf7e10000 - 0x00007ffbf80a3000 	C:\WINDOWS\WinSxS\amd64_microsoft.windows.common-controls_6595b64144ccf1df_6.0.26100.8115_none_3e075c82e3354f9c\COMCTL32.dll
0x00007ffc0eac0000 - 0x00007ffc0eb69000 	C:\WINDOWS\System32\msvcrt.dll
0x00007ffc0ec30000 - 0x00007ffc0ec62000 	C:\WINDOWS\System32\IMM32.DLL
0x00007ffbfc610000 - 0x00007ffbfc61c000 	E:\JAVA\bin\vcruntime140_1.dll
0x00007ffbe9770000 - 0x00007ffbe97fd000 	E:\JAVA\bin\msvcp140.dll
0x00007ffb83560000 - 0x00007ffb841cb000 	E:\JAVA\bin\server\jvm.dll
0x00007ffc0eb70000 - 0x00007ffc0ec26000 	C:\WINDOWS\System32\ADVAPI32.dll
0x00007ffc0f420000 - 0x00007ffc0f4c7000 	C:\WINDOWS\System32\sechost.dll
0x00007ffc0f200000 - 0x00007ffc0f318000 	C:\WINDOWS\System32\RPCRT4.dll
0x00007ffc0f670000 - 0x00007ffc0f6f0000 	C:\WINDOWS\System32\WS2_32.dll
0x00007ffc0bef0000 - 0x00007ffc0bf4e000 	C:\WINDOWS\SYSTEM32\POWRPROF.dll
0x00007ffbf8130000 - 0x00007ffbf8166000 	C:\WINDOWS\SYSTEM32\WINMM.dll
0x00007ffbfe8f0000 - 0x00007ffbfe8fb000 	C:\WINDOWS\SYSTEM32\VERSION.dll
0x00007ffc0bed0000 - 0x00007ffc0bee4000 	C:\WINDOWS\SYSTEM32\UMPDC.dll
0x00007ffc0ade0000 - 0x00007ffc0adfb000 	C:\WINDOWS\SYSTEM32\kernel.appcore.dll
0x00007ffbf9150000 - 0x00007ffbf915a000 	E:\JAVA\bin\jimage.dll
0x00007ffc09f10000 - 0x00007ffc0a152000 	C:\WINDOWS\SYSTEM32\DBGHELP.DLL
0x00007ffc0ec70000 - 0x00007ffc0eff2000 	C:\WINDOWS\System32\combase.dll
0x00007ffc0e760000 - 0x00007ffc0e838000 	C:\WINDOWS\System32\OLEAUT32.dll
0x00007ffbf8950000 - 0x00007ffbf898b000 	C:\WINDOWS\SYSTEM32\dbgcore.DLL
0x00007ffc0d0a0000 - 0x00007ffc0d145000 	C:\WINDOWS\System32\bcryptPrimitives.dll
0x00007ffbe92f0000 - 0x00007ffbe9315000 	E:\JAVA\bin\java.dll
0x00007ffbe6f00000 - 0x00007ffbe6fd7000 	E:\JAVA\bin\jsvml.dll
0x00007ffc0d5d0000 - 0x00007ffc0dd37000 	C:\WINDOWS\System32\SHELL32.dll
0x00007ffc0cf30000 - 0x00007ffc0d09a000 	C:\WINDOWS\System32\wintypes.dll
0x00007ffc0c090000 - 0x00007ffc0c8f8000 	C:\WINDOWS\System32\windows.storage.dll
0x00007ffc0e230000 - 0x00007ffc0e328000 	C:\WINDOWS\System32\SHCORE.dll
0x00007ffc0d550000 - 0x00007ffc0d5b6000 	C:\WINDOWS\System32\shlwapi.dll
0x00007ffc0bfb0000 - 0x00007ffc0bfd9000 	C:\WINDOWS\SYSTEM32\profapi.dll
0x00007ffbed0f0000 - 0x00007ffbed10a000 	E:\JAVA\bin\net.dll
0x00007ffc022b0000 - 0x00007ffc023dd000 	C:\WINDOWS\SYSTEM32\WINHTTP.dll
0x00007ffc0b330000 - 0x00007ffc0b39c000 	C:\WINDOWS\system32\mswsock.dll
0x00007ffbe96d0000 - 0x00007ffbe96e6000 	E:\JAVA\bin\nio.dll
0x00007ffbe9290000 - 0x00007ffbe92a8000 	E:\JAVA\bin\zip.dll
0x00007ffbf9140000 - 0x00007ffbf9150000 	E:\JAVA\bin\verify.dll

dbghelp: loaded successfully - version: 4.0.5 - missing functions: none
symbol engine: initialized successfully - sym options: 0x614 - pdb path: .;E:\JAVA\bin;C:\WINDOWS\SYSTEM32;C:\WINDOWS\WinSxS\amd64_microsoft.windows.common-controls_6595b64144ccf1df_6.0.26100.8115_none_3e075c82e3354f9c;E:\JAVA\bin\server

VM Arguments:
jvm_args: -Dorg.gradle.appname=gradlew 
java_command: org.gradle.wrapper.GradleWrapperMain -q -Ptarget-platform=android-arm64 -Ptarget=E:\voice_test\lib\main.dart -Pbase-application-name=android.app.Application -Pdart-defines=RkxVVFRFUl9WRVJTSU9OPTMuNDEuOQ==,RkxVVFRFUl9DSEFOTkVMPXN0YWJsZQ==,RkxVVFRFUl9HSVRfVVJMPWh0dHBzOi8vZ2l0aHViLmNvbS9mbHV0dGVyL2ZsdXR0ZXIuZ2l0,RkxVVFRFUl9GUkFNRVdPUktfUkVWSVNJT049MDBiMGM5MWYwNg==,RkxVVFRFUl9FTkdJTkVfUkVWSVNJT049NDJkM2Q3NWE1Ng==,RkxVVFRFUl9EQVJUX1ZFUlNJT049My4xMS41 -Pdart-obfuscation=false -Ptrack-widget-creation=true -Ptree-shake-icons=false -Pfilesystem-scheme=org-dartlang-root assembleDebug
java_class_path (initial): E:\voice_test\android\\gradle\wrapper\gradle-wrapper.jar
Launcher Type: SUN_STANDARD

[Global flags]
     intx CICompilerCount                          = 4                                         {product} {ergonomic}
     uint ConcGCThreads                            = 2                                         {product} {ergonomic}
     uint G1ConcRefinementThreads                  = 8                                         {product} {ergonomic}
   size_t G1HeapRegionSize                         = 2097152                                   {product} {ergonomic}
    uintx GCDrainStackTargetSize                   = 64                                        {product} {ergonomic}
   size_t InitialHeapSize                          = 264241152                                 {product} {ergonomic}
   size_t MarkStackSize                            = 4194304                                   {product} {ergonomic}
   size_t MaxHeapSize                              = 4206886912                                {product} {ergonomic}
   size_t MaxNewSize                               = 2522873856                                {product} {ergonomic}
   size_t MinHeapDeltaBytes                        = 2097152                                   {product} {ergonomic}
   size_t MinHeapSize                              = 8388608                                   {product} {ergonomic}
    uintx NonNMethodCodeHeapSize                   = 5839372                                {pd product} {ergonomic}
    uintx NonProfiledCodeHeapSize                  = 122909434                              {pd product} {ergonomic}
    uintx ProfiledCodeHeapSize                     = 122909434                              {pd product} {ergonomic}
    uintx ReservedCodeCacheSize                    = 251658240                              {pd product} {ergonomic}
     bool SegmentedCodeCache                       = true                                      {product} {ergonomic}
   size_t SoftMaxHeapSize                          = 4206886912                             {manageable} {ergonomic}
     bool UseCompressedClassPointers               = true                           {product lp64_product} {ergonomic}
     bool UseCompressedOops                        = true                           {product lp64_product} {ergonomic}
     bool UseG1GC                                  = true                                      {product} {ergonomic}
     bool UseLargePagesIndividualAllocation        = false                                  {pd product} {ergonomic}

Logging:
Log output configuration:
 #0: stdout all=warning uptime,level,tags
 #1: stderr all=off uptime,level,tags

Environment Variables:
JAVA_HOME=E:\JAVA
CLASSPATH=E:\voice_test\android\\gradle\wrapper\gradle-wrapper.jar
PATH=E:\JAVA\bin;C:\Program Files\Common Files\Oracle\Java\javapath;C:\WINDOWS\system32;C:\WINDOWS;C:\WINDOWS\System32\Wbem;C:\WINDOWS\System32\WindowsPowerShell\v1.0\;C:\WINDOWS\System32\OpenSSH\;C:\Program Files\Git\cmd;C:\Program Files\Microsoft SQL Server\170\Tools\Binn\;C:\Program Files\Microsoft SQL Server\Client SDK\ODBC\170\Tools\Binn\;C:\Program Files\Microsoft SQL Server\170\DTS\Binn\;C:\Program Files\dotnet\;D:\Basira\;C:\ProgramData\chocolatey\bin;E:\JAVA\bin;E:\DOWNLOAD\New folder (2)\bin;C:\Program Files\Common Files\Oracle\Java\javapath;C:\WINDOWS\system32;C:\WINDOWS;C:\WINDOWS\System32\Wbem;C:\WINDOWS\System32\WindowsPowerShell\v1.0\;C:\WINDOWS\System32\OpenSSH\;C:\Program Files\Git\cmd;C:\Program Files\Microsoft SQL Server\170\Tools\Binn\;C:\Program Files\Microsoft SQL Server\Client SDK\ODBC\170\Tools\Binn\;C:\Program Files\Microsoft SQL Server\170\DTS\Binn\;C:\Program Files\dotnet\;D:\Basira\;C:\ProgramData\chocolatey\bin;C:\WINDOWS\system32;C:\WINDOWS;C:\WINDOWS\System32\Wbem;C:\WINDOWS\System32\WindowsPowerShell\v1.0\;C:\WINDOWS\System32\OpenSSH\;C:\Program Files\Git\cmd;C:\Program Files\Microsoft SQL Server\170\Tools\Binn\;C:\Program Files\Microsoft SQL Server\Client SDK\ODBC\170\Tools\Binn\;C:\Program Files\Microsoft SQL Server\170\DTS\Binn\;C:\Program Files\dotnet\;D:\Basira\;C:\ProgramData\chocolatey\bin;C:\Users\DELL\AppData\Local\Programs\Python\Python310\Scripts\;C:\Users\DELL\AppData\Local\Programs\Python\Python310\;C:\Users\DELL\AppData\Local\Prog;D:\download\Microsoft VS Code\bin;D:\flutter\bin;;D:\flutter\bin\mingit\cmd
USERNAME=DELL
OS=Windows_NT
PROCESSOR_IDENTIFIER=Intel64 Family 6 Model 142 Stepping 12, GenuineIntel
TMP=C:\Users\DELL\AppData\Local\Temp
TEMP=C:\Users\DELL\AppData\Local\Temp



Periodic native trim disabled


---------------  S Y S T E M  ---------------

OS:
 Windows 11 , 64 bit Build 26100 (10.0.26100.8246)
OS uptime: 1 days 20:15 hours
Hyper-V role detected

CPU: total 8 (initial active 8) (4 cores per cpu, 2 threads per core) family 6 model 142 stepping 12 microcode 0xf8, cx8, cmov, fxsr, ht, mmx, 3dnowpref, sse, sse2, sse3, ssse3, sse4.1, sse4.2, popcnt, lzcnt, tsc, tscinvbit, avx, avx2, aes, erms, clmul, bmi1, bmi2, adx, fma, vzeroupper, clflush, clflushopt, hv
Processor Information for all 8 processors :
  Max Mhz: 2304, Current Mhz: 1803, Mhz Limit: 1797

Memory: 4k page, system-wide physical 16043M (2220M free)
TotalPageFile size 18015M (AvailPageFile size 0M)
current process WorkingSet (physical memory assigned to process): 55M, peak: 55M
current process commit charge ("private bytes"): 345M, peak: 345M

vm_info: OpenJDK 64-Bit Server VM (17.0.18+8) for windows-amd64 JRE (17.0.18+8), built on Jan 20 2026 22:28:22 by "admin" with MS VC++ 17.12 (VS2022)

END.
