#
# There is insufficient memory for the Java Runtime Environment to continue.
# Native memory allocation (mmap) failed to map 14680064 bytes. Error detail: G1 virtual space
# Possible reasons:
#   The system is out of physical RAM or swap space
#   This process is running with CompressedOops enabled, and the Java Heap may be blocking the growth of the native heap
# Possible solutions:
#   Reduce memory load on the system
#   Increase physical memory or swap space
#   Check if swap backing store is full
#   Decrease Java heap size (-Xmx/-Xms)
#   Decrease number of Java threads
#   Decrease Java thread stack sizes (-Xss)
#   Set larger code cache with -XX:ReservedCodeCacheSize=
#   JVM is running with Zero Based Compressed Oops mode in which the Java heap is
#     placed in the first 32GB address space. The Java Heap base address is the
#     maximum limit for the native heap growth. Please use -XX:HeapBaseMinAddress
#     to set the Java Heap base and to place the Java Heap above 32GB virtual address.
# This output file may be truncated or incomplete.
#
#  Out of Memory Error (os_windows.cpp:3618), pid=26360, tid=26468
#
# JRE version: OpenJDK Runtime Environment Temurin-17.0.18+8 (17.0.18+8) (build 17.0.18+8)
# Java VM: OpenJDK 64-Bit Server VM Temurin-17.0.18+8 (17.0.18+8, mixed mode, sharing, tiered, compressed oops, compressed class ptrs, g1 gc, windows-amd64)
# No core dump will be written. Minidumps are not enabled by default on client versions of Windows
#

---------------  S U M M A R Y ------------

Command Line: --add-opens=java.base/java.lang=ALL-UNNAMED --add-opens=java.base/java.lang.invoke=ALL-UNNAMED --add-opens=java.base/java.util=ALL-UNNAMED --add-opens=java.prefs/java.util.prefs=ALL-UNNAMED --add-exports=jdk.compiler/com.sun.tools.javac.api=ALL-UNNAMED --add-exports=jdk.compiler/com.sun.tools.javac.util=ALL-UNNAMED --add-opens=java.base/java.util=ALL-UNNAMED --add-opens=java.prefs/java.util.prefs=ALL-UNNAMED --add-opens=java.base/java.nio.charset=ALL-UNNAMED --add-opens=java.base/java.net=ALL-UNNAMED --add-opens=java.base/java.util.concurrent.atomic=ALL-UNNAMED --add-opens=java.xml/javax.xml.namespace=ALL-UNNAMED -XX:MaxMetaspaceSize=1024m -Xmx4096m -Dfile.encoding=UTF-8 -Duser.country=US -Duser.language=en -Duser.variant -javaagent:E:\gradle\wrapper\dists\gradle-8.11.1-all\2qik7nd48slq1ooc2496ixf4i\gradle-8.11.1\lib\agents\gradle-instrumentation-agent-8.11.1.jar org.gradle.launcher.daemon.bootstrap.GradleDaemon 8.11.1

Host: Intel(R) Core(TM) i7-10610U CPU @ 1.80GHz, 8 cores, 15G,  Windows 11 , 64 bit Build 26100 (10.0.26100.8521)
Time: Thu Jun 11 22:33:31 2026 Egypt Daylight Time elapsed time: 21.931891 seconds (0d 0h 0m 21s)

---------------  T H R E A D  ---------------

Current thread (0x000001c8f8448d00):  VMThread "VM Thread" [stack: 0x0000009fe3800000,0x0000009fe3900000] [id=26468]

Stack: [0x0000009fe3800000,0x0000009fe3900000]
Native frames: (J=compiled Java code, j=interpreted, Vv=VM code, C=native code)
V  [jvm.dll+0x6846f9]
V  [jvm.dll+0x839ea5]
V  [jvm.dll+0x83b91e]
V  [jvm.dll+0x83bfa3]
V  [jvm.dll+0x248eff]
V  [jvm.dll+0x6814b9]
V  [jvm.dll+0x6762ba]
V  [jvm.dll+0x309257]
V  [jvm.dll+0x310826]
V  [jvm.dll+0x360d9e]
V  [jvm.dll+0x360fdd]
V  [jvm.dll+0x2e02dc]
V  [jvm.dll+0x2e3366]
V  [jvm.dll+0x2edaa4]
V  [jvm.dll+0x320d5d]
V  [jvm.dll+0x8407bd]
V  [jvm.dll+0x8414f3]
V  [jvm.dll+0x841a1f]
V  [jvm.dll+0x841e05]
V  [jvm.dll+0x841ece]
V  [jvm.dll+0x7eaaec]
V  [jvm.dll+0x6835c7]
C  [ucrtbase.dll+0x2cd30]
C  [KERNEL32.DLL+0x2e957]
C  [ntdll.dll+0x87c1c]

VM_Operation (0x0000009fe34ff9c0): G1PauseRemark, mode: safepoint, requested by thread 0x000001c8d33dada0


---------------  P R O C E S S  ---------------

Threads class SMR info:
_java_thread_list=0x000001c8ff2d5490, length=55, elements={
0x000001c8d335bb40, 0x000001c8f84522e0, 0x000001c8f8452ea0, 0x000001c8f8464fb0,
0x000001c8f8465970, 0x000001c8f8466330, 0x000001c8f8466cf0, 0x000001c8f8468e00,
0x000001c8f846cdc0, 0x000001c8f84757d0, 0x000001c8f85a9860, 0x000001c8f865e530,
0x000001c8fd015560, 0x000001c8fd4e47a0, 0x000001c8feb72c50, 0x000001c8fd6d2540,
0x000001c8fd6d3810, 0x000001c8fecf0590, 0x000001c8fecf14c0, 0x000001c8fecf1ee0,
0x000001c8fecf23f0, 0x000001c8fecf3320, 0x000001c8fecf2900, 0x000001c8fecf2e10,
0x000001c8fecf0aa0, 0x000001c8fecf3830, 0x000001c8fecf3d40, 0x000001c8fecf0fb0,
0x000001c8fecf19d0, 0x000001c8b5931440, 0x000001c8b5931950, 0x000001c8b5935b20,
0x000001c8b59337b0, 0x000001c8b59341d0, 0x000001c8b5932370, 0x000001c8b5936030,
0x000001c8b5932880, 0x000001c8b5938dc0, 0x000001c8b5936540, 0x000001c8ff681030,
0x000001c8b5937470, 0x000001c8b63e20d0, 0x000001c8b63e3510, 0x000001c8b63e25e0,
0x000001c8b63e3f30, 0x000001c8b63e0780, 0x000001c8b63e4950, 0x000001c8b63e4440,
0x000001c8b63e3000, 0x000001c8b63e1bc0, 0x000001c8b63e4e60, 0x000001c8b63e16b0,
0x000001c8b63e76e0, 0x000001c8b63e5370, 0x000001c8b63e7bf0
}

Java Threads: ( => current thread )
  0x000001c8d335bb40 JavaThread "main" [_thread_blocked, id=20536, stack(0x0000009fe3200000,0x0000009fe3300000)]
  0x000001c8f84522e0 JavaThread "Reference Handler" daemon [_thread_blocked, id=26312, stack(0x0000009fe3900000,0x0000009fe3a00000)]
  0x000001c8f8452ea0 JavaThread "Finalizer" daemon [_thread_blocked, id=25084, stack(0x0000009fe3a00000,0x0000009fe3b00000)]
  0x000001c8f8464fb0 JavaThread "Signal Dispatcher" daemon [_thread_blocked, id=14020, stack(0x0000009fe3b00000,0x0000009fe3c00000)]
  0x000001c8f8465970 JavaThread "Attach Listener" daemon [_thread_blocked, id=6324, stack(0x0000009fe3c00000,0x0000009fe3d00000)]
  0x000001c8f8466330 JavaThread "Service Thread" daemon [_thread_blocked, id=26080, stack(0x0000009fe3d00000,0x0000009fe3e00000)]
  0x000001c8f8466cf0 JavaThread "Monitor Deflation Thread" daemon [_thread_blocked, id=25976, stack(0x0000009fe3e00000,0x0000009fe3f00000)]
  0x000001c8f8468e00 JavaThread "C2 CompilerThread0" daemon [_thread_blocked, id=12552, stack(0x0000009fe3f00000,0x0000009fe4000000)]
  0x000001c8f846cdc0 JavaThread "C1 CompilerThread0" daemon [_thread_blocked, id=18248, stack(0x0000009fe4000000,0x0000009fe4100000)]
  0x000001c8f84757d0 JavaThread "Sweeper thread" daemon [_thread_blocked, id=16572, stack(0x0000009fe4100000,0x0000009fe4200000)]
  0x000001c8f85a9860 JavaThread "Common-Cleaner" daemon [_thread_blocked, id=24540, stack(0x0000009fe4200000,0x0000009fe4300000)]
  0x000001c8f865e530 JavaThread "Notification Thread" daemon [_thread_blocked, id=24804, stack(0x0000009fe4300000,0x0000009fe4400000)]
  0x000001c8fd015560 JavaThread "Daemon health stats" [_thread_blocked, id=12456, stack(0x0000009fe4d00000,0x0000009fe4e00000)]
  0x000001c8fd4e47a0 JavaThread "Incoming local TCP Connector on port 64403" [_thread_in_native, id=24192, stack(0x0000009fe4500000,0x0000009fe4600000)]
  0x000001c8feb72c50 JavaThread "Daemon periodic checks" [_thread_blocked, id=16364, stack(0x0000009fe4600000,0x0000009fe4700000)]
  0x000001c8fd6d2540 JavaThread "Daemon" [_thread_blocked, id=2960, stack(0x0000009fe4e00000,0x0000009fe4f00000)]
  0x000001c8fd6d3810 JavaThread "Handler for socket connection from /127.0.0.1:64403 to /127.0.0.1:64404" [_thread_in_native, id=21280, stack(0x0000009fe4f00000,0x0000009fe5000000)]
  0x000001c8fecf0590 JavaThread "Cancel handler" [_thread_blocked, id=18160, stack(0x0000009fe5000000,0x0000009fe5100000)]
  0x000001c8fecf14c0 JavaThread "Daemon worker" [_thread_blocked, id=11924, stack(0x0000009fe5100000,0x0000009fe5200000)]
  0x000001c8fecf1ee0 JavaThread "Asynchronous log dispatcher for DefaultDaemonConnection: socket connection from /127.0.0.1:64403 to /127.0.0.1:64404" [_thread_blocked, id=6728, stack(0x0000009fe5200000,0x0000009fe5300000)]
  0x000001c8fecf23f0 JavaThread "Stdin handler" [_thread_blocked, id=24532, stack(0x0000009fe5300000,0x0000009fe5400000)]
  0x000001c8fecf3320 JavaThread "Daemon client event forwarder" [_thread_blocked, id=22516, stack(0x0000009fe5400000,0x0000009fe5500000)]
  0x000001c8fecf2900 JavaThread "Cache worker for journal cache (E:\gradle\caches\journal-1)" [_thread_blocked, id=14832, stack(0x0000009fe5500000,0x0000009fe5600000)]
  0x000001c8fecf2e10 JavaThread "File lock request listener" [_thread_in_native, id=3224, stack(0x0000009fe5600000,0x0000009fe5700000)]
  0x000001c8fecf0aa0 JavaThread "Cache worker for file hash cache (E:\gradle\caches\8.11.1\fileHashes)" [_thread_blocked, id=13624, stack(0x0000009fe5700000,0x0000009fe5800000)]
  0x000001c8fecf3830 JavaThread "Cache worker for file content cache (E:\gradle\caches\8.11.1\fileContent)" [_thread_blocked, id=19208, stack(0x0000009fe5900000,0x0000009fe5a00000)]
  0x000001c8fecf3d40 JavaThread "Cache worker for file hash cache (E:\voice_test\android\.gradle\8.11.1\fileHashes)" [_thread_blocked, id=3804, stack(0x0000009fe5b00000,0x0000009fe5c00000)]
  0x000001c8fecf0fb0 JavaThread "Cache worker for Build Output Cleanup Cache (E:\voice_test\android\.gradle\buildOutputCleanup)" [_thread_blocked, id=25480, stack(0x0000009fe5c00000,0x0000009fe5d00000)]
  0x000001c8fecf19d0 JavaThread "File watcher server" daemon [_thread_in_native, id=8552, stack(0x0000009fe5f00000,0x0000009fe6000000)]
  0x000001c8b5931440 JavaThread "File watcher consumer" daemon [_thread_blocked, id=8808, stack(0x0000009fe6000000,0x0000009fe6100000)]
  0x000001c8b5931950 JavaThread "Cache worker for checksums cache (E:\voice_test\android\.gradle\8.11.1\checksums)" [_thread_blocked, id=19356, stack(0x0000009fe6100000,0x0000009fe6200000)]
  0x000001c8b5935b20 JavaThread "Cache worker for cache directory md-rule (E:\gradle\caches\8.11.1\md-rule)" [_thread_blocked, id=17516, stack(0x0000009fe6200000,0x0000009fe6300000)]
  0x000001c8b59337b0 JavaThread "Cache worker for cache directory md-supplier (E:\gradle\caches\8.11.1\md-supplier)" [_thread_blocked, id=24908, stack(0x0000009fe6300000,0x0000009fe6400000)]
  0x000001c8b59341d0 JavaThread "jar transforms" [_thread_blocked, id=20660, stack(0x0000009fe6400000,0x0000009fe6500000)]
  0x000001c8b5932370 JavaThread "Cache worker for Build Output Cleanup Cache (E:\flutter\packages\flutter_tools\gradle\.gradle\buildOutputCleanup)" [_thread_blocked, id=14408, stack(0x0000009fe6500000,0x0000009fe6600000)]
  0x000001c8b5936030 JavaThread "Unconstrained build operations" [_thread_blocked, id=12952, stack(0x0000009fe6600000,0x0000009fe6700000)]
  0x000001c8b5932880 JavaThread "Unconstrained build operations Thread 2" [_thread_blocked, id=540, stack(0x0000009fe6700000,0x0000009fe6800000)]
  0x000001c8b5938dc0 JavaThread "Unconstrained build operations Thread 3" [_thread_blocked, id=25004, stack(0x0000009fe6800000,0x0000009fe6900000)]
  0x000001c8b5936540 JavaThread "Memory manager" [_thread_blocked, id=14732, stack(0x0000009fe6900000,0x0000009fe6a00000)]
  0x000001c8ff681030 JavaThread "C2 CompilerThread1" daemon [_thread_blocked, id=6400, stack(0x0000009fe5800000,0x0000009fe5900000)]
  0x000001c8b5937470 JavaThread "build event listener" [_thread_blocked, id=14896, stack(0x0000009fe5a00000,0x0000009fe5b00000)]
  0x000001c8b63e20d0 JavaThread "included builds" [_thread_blocked, id=22792, stack(0x0000009fe6b00000,0x0000009fe6c00000)]
  0x000001c8b63e3510 JavaThread "Cache worker for execution history cache (E:\flutter\packages\flutter_tools\gradle\.gradle\8.11.1\executionHistory)" [_thread_blocked, id=22292, stack(0x0000009fe6c00000,0x0000009fe6d00000)]
  0x000001c8b63e25e0 JavaThread "Unconstrained build operations Thread 4" [_thread_blocked, id=16408, stack(0x0000009fe6d00000,0x0000009fe6e00000)]
  0x000001c8b63e3f30 JavaThread "Unconstrained build operations Thread 5" [_thread_blocked, id=27096, stack(0x0000009fe6e00000,0x0000009fe6f00000)]
  0x000001c8b63e0780 JavaThread "Unconstrained build operations Thread 6" [_thread_blocked, id=25316, stack(0x0000009fe6f00000,0x0000009fe7000000)]
  0x000001c8b63e4950 JavaThread "Unconstrained build operations Thread 7" [_thread_blocked, id=27260, stack(0x0000009fe7000000,0x0000009fe7100000)]
  0x000001c8b63e4440 JavaThread "Unconstrained build operations Thread 8" [_thread_blocked, id=16076, stack(0x0000009fe7100000,0x0000009fe7200000)]
  0x000001c8b63e3000 JavaThread "Unconstrained build operations Thread 9" [_thread_blocked, id=23564, stack(0x0000009fe7200000,0x0000009fe7300000)]
  0x000001c8b63e1bc0 JavaThread "Unconstrained build operations Thread 10" [_thread_blocked, id=25704, stack(0x0000009fe7300000,0x0000009fe7400000)]
  0x000001c8b63e4e60 JavaThread "jar transforms Thread 2" [_thread_blocked, id=24448, stack(0x0000009fe7400000,0x0000009fe7500000)]
  0x000001c8b63e16b0 JavaThread "jar transforms Thread 3" [_thread_blocked, id=25116, stack(0x0000009fe7500000,0x0000009fe7600000)]
  0x000001c8b63e76e0 JavaThread "File lock release action executor" [_thread_blocked, id=15180, stack(0x0000009fe7600000,0x0000009fe7700000)]
  0x000001c8b63e5370 JavaThread "jar transforms Thread 4" [_thread_blocked, id=20844, stack(0x0000009fe7700000,0x0000009fe7800000)]
  0x000001c8b63e7bf0 JavaThread "jar transforms Thread 5" [_thread_blocked, id=18052, stack(0x0000009fe7800000,0x0000009fe7900000)]

Other Threads:
=>0x000001c8f8448d00 VMThread "VM Thread" [stack: 0x0000009fe3800000,0x0000009fe3900000] [id=26468]
  0x000001c8d335c7d0 WatcherThread [stack: 0x0000009fe4400000,0x0000009fe4500000] [id=27240]
  0x000001c8d33c9180 GCTaskThread "GC Thread#0" [stack: 0x0000009fe3300000,0x0000009fe3400000] [id=4120]
  0x000001c8f8847430 GCTaskThread "GC Thread#1" [stack: 0x0000009fe4700000,0x0000009fe4800000] [id=16156]
  0x000001c8fd6eaa80 GCTaskThread "GC Thread#2" [stack: 0x0000009fe4800000,0x0000009fe4900000] [id=22072]
  0x000001c8fd6ead40 GCTaskThread "GC Thread#3" [stack: 0x0000009fe4900000,0x0000009fe4a00000] [id=7628]
  0x000001c8fd2ecde0 GCTaskThread "GC Thread#4" [stack: 0x0000009fe4a00000,0x0000009fe4b00000] [id=1936]
  0x000001c8fd091a50 GCTaskThread "GC Thread#5" [stack: 0x0000009fe4b00000,0x0000009fe4c00000] [id=24268]
  0x000001c8fe7b1220 GCTaskThread "GC Thread#6" [stack: 0x0000009fe4c00000,0x0000009fe4d00000] [id=11716]
  0x000001c8b6588960 GCTaskThread "GC Thread#7" [stack: 0x0000009fe5d00000,0x0000009fe5e00000] [id=13444]
  0x000001c8d33dada0 ConcurrentGCThread "G1 Main Marker" [stack: 0x0000009fe3400000,0x0000009fe3500000] [id=20276]
  0x000001c8d33ddf70 ConcurrentGCThread "G1 Conc#0" [stack: 0x0000009fe3500000,0x0000009fe3600000] [id=21828]
  0x000001c8b62477f0 ConcurrentGCThread "G1 Conc#1" [stack: 0x0000009fe5e00000,0x0000009fe5f00000] [id=7260]
  0x000001c8d340e6b0 ConcurrentGCThread "G1 Refine#0" [stack: 0x0000009fe3600000,0x0000009fe3700000] [id=23952]
  0x000001c8f82f81d0 ConcurrentGCThread "G1 Service" [stack: 0x0000009fe3700000,0x0000009fe3800000] [id=16496]

Threads with active compile tasks:
C2 CompilerThread0  21954 10628       4       org.objectweb.asm.Frame::putAbstractType (407 bytes)
C2 CompilerThread1  21954 10622   !   4       java.net.URLClassLoader::defineClass (224 bytes)

VM state: at safepoint (normal execution)

VM Mutex/Monitor currently owned by a thread:  ([mutex/lock_event])
[0x000001c8d3357280] Threads_lock - owner thread: 0x000001c8f8448d00
[0x000001c8d3356500] Heap_lock - owner thread: 0x000001c8d33dada0

Heap address: 0x0000000700000000, size: 4096 MB, Compressed Oops mode: Zero based, Oop shift amount: 3

CDS archive(s) mapped at: [0x000001c880000000-0x000001c880bb0000-0x000001c880bb0000), size 12255232, SharedBaseAddress: 0x000001c880000000, ArchiveRelocationMode: 1.
Compressed class space mapped at: 0x000001c881000000-0x000001c8b5000000, reserved size: 872415232
Narrow klass base: 0x000001c880000000, Narrow klass shift: 0, Narrow klass range: 0x100000000

GC Precious Log:
 CPUs: 8 total, 8 available
 Memory: 16043M
 Large Page Support: Disabled
 NUMA Support: Disabled
 Compressed Oops: Enabled (Zero based)
 Heap Region Size: 2M
 Heap Min Capacity: 8M
 Heap Initial Capacity: 252M
 Heap Max Capacity: 4G
 Pre-touch: Disabled
 Parallel Workers: 8
 Concurrent Workers: 2
 Concurrent Refinement Workers: 8
 Periodic GC: Disabled

Heap:
 garbage-first heap   total 188416K, used 117415K [0x0000000700000000, 0x0000000800000000)
  region size 2048K, 4 young (8192K), 1 survivors (2048K)
 Metaspace       used 75043K, committed 75904K, reserved 917504K
  class space    used 10539K, committed 10944K, reserved 851968K

Heap Regions: E=young(eden), S=young(survivor), O=old, HS=humongous(starts), HC=humongous(continues), CS=collection set, F=free, OA=open archive, CA=closed archive, TAMS=top-at-mark-start (previous, next)
|   0|0x0000000700000000, 0x0000000700200000, 0x0000000700200000|100%|HS|  |TAMS 0x0000000700200000, 0x0000000700000000| Complete 
|   1|0x0000000700200000, 0x0000000700400000, 0x0000000700400000|100%|HC|  |TAMS 0x0000000700400000, 0x0000000700200000| Complete 
|   2|0x0000000700400000, 0x0000000700600000, 0x0000000700600000|100%| O|  |TAMS 0x0000000700600000, 0x0000000700400000| Updating 
|   3|0x0000000700600000, 0x0000000700800000, 0x0000000700800000|100%| O|  |TAMS 0x0000000700800000, 0x0000000700600000| Untracked 
|   4|0x0000000700800000, 0x0000000700a00000, 0x0000000700a00000|100%| O|  |TAMS 0x0000000700a00000, 0x0000000700800000| Untracked 
|   5|0x0000000700a00000, 0x0000000700b91600, 0x0000000700c00000| 78%| O|  |TAMS 0x0000000700b91600, 0x0000000700a00000| Updating 
|   6|0x0000000700c00000, 0x0000000700e00000, 0x0000000700e00000|100%| O|  |TAMS 0x0000000700e00000, 0x0000000700c00000| Updating 
|   7|0x0000000700e00000, 0x0000000701000000, 0x0000000701000000|100%| O|  |TAMS 0x0000000701000000, 0x0000000700e00000| Untracked 
|   8|0x0000000701000000, 0x0000000701200000, 0x0000000701200000|100%| O|  |TAMS 0x0000000701200000, 0x0000000701000000| Untracked 
|   9|0x0000000701200000, 0x0000000701400000, 0x0000000701400000|100%| O|  |TAMS 0x0000000701400000, 0x0000000701200000| Untracked 
|  10|0x0000000701400000, 0x0000000701600000, 0x0000000701600000|100%| O|  |TAMS 0x0000000701600000, 0x0000000701400000| Untracked 
|  11|0x0000000701600000, 0x0000000701800000, 0x0000000701800000|100%| O|  |TAMS 0x0000000701800000, 0x0000000701600000| Untracked 
|  12|0x0000000701800000, 0x0000000701a00000, 0x0000000701a00000|100%| O|  |TAMS 0x0000000701a00000, 0x0000000701800000| Updating 
|  13|0x0000000701a00000, 0x0000000701c00000, 0x0000000701c00000|100%| O|  |TAMS 0x0000000701c00000, 0x0000000701a00000| Untracked 
|  14|0x0000000701c00000, 0x0000000701e00000, 0x0000000701e00000|100%| O|  |TAMS 0x0000000701e00000, 0x0000000701c00000| Updating 
|  15|0x0000000701e00000, 0x0000000702000000, 0x0000000702000000|100%| O|  |TAMS 0x0000000702000000, 0x0000000701e00000| Untracked 
|  16|0x0000000702000000, 0x0000000702200000, 0x0000000702200000|100%| O|  |TAMS 0x0000000702200000, 0x0000000702000000| Untracked 
|  17|0x0000000702200000, 0x0000000702400000, 0x0000000702400000|100%| O|  |TAMS 0x0000000702400000, 0x0000000702200000| Updating 
|  18|0x0000000702400000, 0x0000000702600000, 0x0000000702600000|100%| O|  |TAMS 0x0000000702600000, 0x0000000702400000| Updating 
|  19|0x0000000702600000, 0x0000000702800000, 0x0000000702800000|100%| O|  |TAMS 0x0000000702800000, 0x0000000702600000| Updating 
|  20|0x0000000702800000, 0x0000000702a00000, 0x0000000702a00000|100%| O|  |TAMS 0x0000000702a00000, 0x0000000702800000| Updating 
|  21|0x0000000702a00000, 0x0000000702c00000, 0x0000000702c00000|100%|HS|  |TAMS 0x0000000702c00000, 0x0000000702a00000| Complete 
|  22|0x0000000702c00000, 0x0000000702e00000, 0x0000000702e00000|100%|HS|  |TAMS 0x0000000702e00000, 0x0000000702c00000| Complete 
|  23|0x0000000702e00000, 0x0000000703000000, 0x0000000703000000|100%|HS|  |TAMS 0x0000000703000000, 0x0000000702e00000| Complete 
|  24|0x0000000703000000, 0x0000000703200000, 0x0000000703200000|100%|HC|  |TAMS 0x0000000703200000, 0x0000000703000000| Complete 
|  25|0x0000000703200000, 0x0000000703200000, 0x0000000703400000|  0%| F|  |TAMS 0x0000000703200000, 0x0000000703200000| Untracked 
|  26|0x0000000703400000, 0x0000000703600000, 0x0000000703600000|100%| O|  |TAMS 0x0000000703600000, 0x0000000703400000| Untracked 
|  27|0x0000000703600000, 0x0000000703800000, 0x0000000703800000|100%| O|  |TAMS 0x0000000703800000, 0x0000000703600000| Untracked 
|  28|0x0000000703800000, 0x0000000703a00000, 0x0000000703a00000|100%|HS|  |TAMS 0x0000000703a00000, 0x0000000703800000| Complete 
|  29|0x0000000703a00000, 0x0000000703c00000, 0x0000000703c00000|100%|HC|  |TAMS 0x0000000703c00000, 0x0000000703a00000| Complete 
|  30|0x0000000703c00000, 0x0000000703e00000, 0x0000000703e00000|100%| O|  |TAMS 0x0000000703e00000, 0x0000000703c00000| Updating 
|  31|0x0000000703e00000, 0x0000000704000000, 0x0000000704000000|100%| O|  |TAMS 0x0000000704000000, 0x0000000703e00000| Updating 
|  32|0x0000000704000000, 0x0000000704200000, 0x0000000704200000|100%|HS|  |TAMS 0x0000000704200000, 0x0000000704000000| Complete 
|  33|0x0000000704200000, 0x0000000704400000, 0x0000000704400000|100%| O|  |TAMS 0x0000000704400000, 0x0000000704200000| Updating 
|  34|0x0000000704400000, 0x0000000704400000, 0x0000000704600000|  0%| F|  |TAMS 0x0000000704400000, 0x0000000704400000| Untracked 
|  35|0x0000000704600000, 0x0000000704800000, 0x0000000704800000|100%| O|  |TAMS 0x0000000704800000, 0x0000000704600000| Updating 
|  36|0x0000000704800000, 0x0000000704a00000, 0x0000000704a00000|100%| O|  |TAMS 0x0000000704a00000, 0x0000000704800000| Updating 
|  37|0x0000000704a00000, 0x0000000704c00000, 0x0000000704c00000|100%| O|  |TAMS 0x0000000704c00000, 0x0000000704a00000| Updating 
|  38|0x0000000704c00000, 0x0000000704e00000, 0x0000000704e00000|100%| O|  |TAMS 0x0000000704e00000, 0x0000000704c00000| Updating 
|  39|0x0000000704e00000, 0x0000000704e00000, 0x0000000705000000|  0%| F|  |TAMS 0x0000000704e00000, 0x0000000704e00000| Untracked 
|  40|0x0000000705000000, 0x0000000705200000, 0x0000000705200000|100%| O|  |TAMS 0x0000000705200000, 0x0000000705000000| Untracked 
|  41|0x0000000705200000, 0x0000000705200000, 0x0000000705400000|  0%| F|  |TAMS 0x0000000705200000, 0x0000000705200000| Untracked 
|  42|0x0000000705400000, 0x0000000705600000, 0x0000000705600000|100%| O|  |TAMS 0x0000000705600000, 0x0000000705400000| Updating 
|  43|0x0000000705600000, 0x0000000705800000, 0x0000000705800000|100%| O|  |TAMS 0x0000000705800000, 0x0000000705600000| Updating 
|  44|0x0000000705800000, 0x0000000705a00000, 0x0000000705a00000|100%| O|  |TAMS 0x0000000705a00000, 0x0000000705800000| Untracked 
|  45|0x0000000705a00000, 0x0000000705c00000, 0x0000000705c00000|100%| O|  |TAMS 0x0000000705c00000, 0x0000000705a00000| Untracked 
|  46|0x0000000705c00000, 0x0000000705e00000, 0x0000000705e00000|100%| O|  |TAMS 0x0000000705e00000, 0x0000000705c00000| Untracked 
|  47|0x0000000705e00000, 0x0000000706000000, 0x0000000706000000|100%| O|  |TAMS 0x0000000706000000, 0x0000000705e00000| Untracked 
|  48|0x0000000706000000, 0x0000000706200000, 0x0000000706200000|100%| O|  |TAMS 0x0000000706200000, 0x0000000706000000| Updating 
|  49|0x0000000706200000, 0x0000000706400000, 0x0000000706400000|100%|HS|  |TAMS 0x0000000706400000, 0x0000000706200000| Complete 
|  50|0x0000000706400000, 0x0000000706600000, 0x0000000706600000|100%| O|  |TAMS 0x0000000706600000, 0x0000000706400000| Updating 
|  51|0x0000000706600000, 0x0000000706800000, 0x0000000706800000|100%| O|  |TAMS 0x0000000706800000, 0x0000000706600000| Updating 
|  52|0x0000000706800000, 0x0000000706a00000, 0x0000000706a00000|100%| O|  |TAMS 0x0000000706a00000, 0x0000000706800000| Updating 
|  53|0x0000000706a00000, 0x0000000706c00000, 0x0000000706c00000|100%| O|  |TAMS 0x0000000706c00000, 0x0000000706a00000| Updating 
|  54|0x0000000706c00000, 0x0000000706e00000, 0x0000000706e00000|100%| O|  |TAMS 0x0000000706e00000, 0x0000000706c00000| Updating 
|  55|0x0000000706e00000, 0x0000000707000000, 0x0000000707000000|100%| O|  |TAMS 0x0000000707000000, 0x0000000706e00000| Untracked 
|  56|0x0000000707000000, 0x0000000707200000, 0x0000000707200000|100%| O|  |TAMS 0x0000000707200000, 0x0000000707000000| Untracked 
|  57|0x0000000707200000, 0x0000000707400000, 0x0000000707400000|100%| O|  |TAMS 0x0000000707400000, 0x0000000707200000| Untracked 
|  58|0x0000000707400000, 0x0000000707590a00, 0x0000000707600000| 78%| O|  |TAMS 0x0000000707590a00, 0x0000000707400000| Updating 
|  59|0x0000000707600000, 0x0000000707600000, 0x0000000707800000|  0%| F|  |TAMS 0x0000000707600000, 0x0000000707600000| Untracked 
|  60|0x0000000707800000, 0x0000000707800000, 0x0000000707a00000|  0%| F|  |TAMS 0x0000000707800000, 0x0000000707800000| Untracked 
|  61|0x0000000707a00000, 0x0000000707a00000, 0x0000000707c00000|  0%| F|  |TAMS 0x0000000707a00000, 0x0000000707a00000| Untracked 
|  62|0x0000000707c00000, 0x0000000707c00000, 0x0000000707e00000|  0%| F|  |TAMS 0x0000000707c00000, 0x0000000707c00000| Untracked 
|  63|0x0000000707e00000, 0x0000000707e00000, 0x0000000708000000|  0%| F|  |TAMS 0x0000000707e00000, 0x0000000707e00000| Untracked 
|  64|0x0000000708000000, 0x0000000708000000, 0x0000000708200000|  0%| F|  |TAMS 0x0000000708000000, 0x0000000708000000| Untracked 
|  65|0x0000000708200000, 0x0000000708200000, 0x0000000708400000|  0%| F|  |TAMS 0x0000000708200000, 0x0000000708200000| Untracked 
|  66|0x0000000708400000, 0x0000000708400000, 0x0000000708600000|  0%| F|  |TAMS 0x0000000708400000, 0x0000000708400000| Untracked 
|  67|0x0000000708600000, 0x0000000708600000, 0x0000000708800000|  0%| F|  |TAMS 0x0000000708600000, 0x0000000708600000| Untracked 
|  68|0x0000000708800000, 0x0000000708800000, 0x0000000708a00000|  0%| F|  |TAMS 0x0000000708800000, 0x0000000708800000| Untracked 
|  69|0x0000000708a00000, 0x0000000708a00000, 0x0000000708c00000|  0%| F|  |TAMS 0x0000000708a00000, 0x0000000708a00000| Untracked 
|  70|0x0000000708c00000, 0x0000000708c00000, 0x0000000708e00000|  0%| F|  |TAMS 0x0000000708c00000, 0x0000000708c00000| Untracked 
|  71|0x0000000708e00000, 0x0000000708e00000, 0x0000000709000000|  0%| F|  |TAMS 0x0000000708e00000, 0x0000000708e00000| Untracked 
|  72|0x0000000709000000, 0x0000000709000000, 0x0000000709200000|  0%| F|  |TAMS 0x0000000709000000, 0x0000000709000000| Untracked 
|  73|0x0000000709200000, 0x0000000709387e08, 0x0000000709400000| 76%| S|CS|TAMS 0x0000000709200000, 0x0000000709200000| Complete 
|  74|0x0000000709400000, 0x0000000709400000, 0x0000000709600000|  0%| F|  |TAMS 0x0000000709400000, 0x0000000709400000| Untracked 
|  75|0x0000000709600000, 0x0000000709600000, 0x0000000709800000|  0%| F|  |TAMS 0x0000000709600000, 0x0000000709600000| Untracked 
|  76|0x0000000709800000, 0x0000000709800000, 0x0000000709a00000|  0%| F|  |TAMS 0x0000000709800000, 0x0000000709800000| Untracked 
|  77|0x0000000709a00000, 0x0000000709a00000, 0x0000000709c00000|  0%| F|  |TAMS 0x0000000709a00000, 0x0000000709a00000| Untracked 
|  78|0x0000000709c00000, 0x0000000709c00000, 0x0000000709e00000|  0%| F|  |TAMS 0x0000000709c00000, 0x0000000709c00000| Untracked 
|  79|0x0000000709e00000, 0x0000000709e00000, 0x000000070a000000|  0%| F|  |TAMS 0x0000000709e00000, 0x0000000709e00000| Untracked 
|  80|0x000000070a000000, 0x000000070a000000, 0x000000070a200000|  0%| F|  |TAMS 0x000000070a000000, 0x000000070a000000| Untracked 
|  81|0x000000070a200000, 0x000000070a200000, 0x000000070a400000|  0%| F|  |TAMS 0x000000070a200000, 0x000000070a200000| Untracked 
|  82|0x000000070a400000, 0x000000070a400000, 0x000000070a600000|  0%| F|  |TAMS 0x000000070a400000, 0x000000070a400000| Untracked 
|  83|0x000000070a600000, 0x000000070a600000, 0x000000070a800000|  0%| F|  |TAMS 0x000000070a600000, 0x000000070a600000| Untracked 
|  84|0x000000070a800000, 0x000000070a800000, 0x000000070aa00000|  0%| F|  |TAMS 0x000000070a800000, 0x000000070a800000| Untracked 
|  85|0x000000070aa00000, 0x000000070aa00000, 0x000000070ac00000|  0%| F|  |TAMS 0x000000070aa00000, 0x000000070aa00000| Untracked 
|  86|0x000000070ac00000, 0x000000070ac00000, 0x000000070ae00000|  0%| F|  |TAMS 0x000000070ac00000, 0x000000070ac00000| Untracked 
|  87|0x000000070ae00000, 0x000000070ae00000, 0x000000070b000000|  0%| F|  |TAMS 0x000000070ae00000, 0x000000070ae00000| Untracked 
|  88|0x000000070b000000, 0x000000070b000000, 0x000000070b200000|  0%| F|  |TAMS 0x000000070b000000, 0x000000070b000000| Untracked 
|  89|0x000000070b200000, 0x000000070b3d3bc8, 0x000000070b400000| 91%| E|  |TAMS 0x000000070b200000, 0x000000070b200000| Complete 
|  90|0x000000070b400000, 0x000000070b600000, 0x000000070b600000|100%| E|CS|TAMS 0x000000070b400000, 0x000000070b400000| Complete 
| 125|0x000000070fa00000, 0x000000070fc00000, 0x000000070fc00000|100%| E|CS|TAMS 0x000000070fa00000, 0x000000070fa00000| Complete 

Card table byte_map: [0x000001c8ec940000,0x000001c8ed140000] _byte_map_base: 0x000001c8e9140000

Marking Bits (Prev, Next): (CMBitMap*) 0x000001c8d33c97e0, (CMBitMap*) 0x000001c8d33c97a0
 Prev Bits: [0x000001c8f1940000, 0x000001c8f5940000)
 Next Bits: [0x000001c8ed940000, 0x000001c8f1940000)

Polling page: 0x000001c8d3410000

Metaspace:

Usage:
  Non-class:     62.99 MB used.
      Class:     10.29 MB used.
       Both:     73.28 MB used.

Virtual space:
  Non-class space:       64.00 MB reserved,      63.44 MB (>99%) committed,  1 nodes.
      Class space:      832.00 MB reserved,      10.69 MB (  1%) committed,  1 nodes.
             Both:      896.00 MB reserved,      74.12 MB (  8%) committed. 

Chunk freelists:
   Non-Class:  624.00 KB
       Class:  5.30 MB
        Both:  5.91 MB

MaxMetaspaceSize: 1.00 GB
CompressedClassSpaceSize: 832.00 MB
Initial GC threshold: 21.00 MB
Current GC threshold: 115.94 MB
CDS: on
MetaspaceReclaimPolicy: balanced
 - commit_granule_bytes: 65536.
 - commit_granule_words: 8192.
 - virtual_space_node_default_size: 8388608.
 - enlarge_chunks_in_place: 1.
 - new_chunks_are_fully_committed: 0.
 - uncommit_free_chunks: 1.
 - use_allocation_guard: 0.
 - handle_deallocations: 1.


Internal statistics:

num_allocs_failed_limit: 6.
num_arena_births: 982.
num_arena_deaths: 0.
num_vsnodes_births: 2.
num_vsnodes_deaths: 0.
num_space_committed: 1186.
num_space_uncommitted: 0.
num_chunks_returned_to_freelist: 6.
num_chunks_taken_from_freelist: 4194.
num_chunk_merges: 6.
num_chunk_splits: 2717.
num_chunks_enlarged: 1786.
num_inconsistent_stats: 0.

CodeHeap 'non-profiled nmethods': size=120000Kb used=6077Kb max_used=6077Kb free=113922Kb
 bounds [0x000001c8e41b0000, 0x000001c8e47a0000, 0x000001c8eb6e0000]
CodeHeap 'profiled nmethods': size=120000Kb used=16334Kb max_used=17203Kb free=103665Kb
 bounds [0x000001c8dc6e0000, 0x000001c8dd7c0000, 0x000001c8e3c10000]
CodeHeap 'non-nmethods': size=5760Kb used=2392Kb max_used=2524Kb free=3367Kb
 bounds [0x000001c8e3c10000, 0x000001c8e3ea0000, 0x000001c8e41b0000]
 total_blobs=9938 nmethods=9015 adapters=835
 compilation: enabled
              stopped_count=0, restarted_count=0
 full_count=0

Compilation events (20 events):
Event: 21.892 Thread 0x000001c8f846cdc0 10632       3       org.gradle.api.internal.DefaultDomainObjectCollection::doAdd (29 bytes)
Event: 21.893 Thread 0x000001c8f846cdc0 nmethod 10632 0x000001c8dc6fcd90 code [0x000001c8dc6fcf80, 0x000001c8dc6fd438]
Event: 21.894 Thread 0x000001c8f846cdc0 10633       3       org.gradle.internal.isolated.IsolationScheme::collectTypeParameters (139 bytes)
Event: 21.895 Thread 0x000001c8f846cdc0 nmethod 10633 0x000001c8dc9bda90 code [0x000001c8dc9bdd80, 0x000001c8dc9bf1c8]
Event: 21.895 Thread 0x000001c8f846cdc0 10634       3       org.gradle.internal.service.ServiceRegistryBuilder::provider (13 bytes)
Event: 21.895 Thread 0x000001c8f846cdc0 nmethod 10634 0x000001c8dcb23b90 code [0x000001c8dcb23d40, 0x000001c8dcb23f28]
Event: 21.896 Thread 0x000001c8f846cdc0 10635       3       org.gradle.internal.isolated.IsolationScheme$$Lambda$748/0x000001c881621a50::visitType (21 bytes)
Event: 21.896 Thread 0x000001c8f846cdc0 nmethod 10635 0x000001c8dc869a10 code [0x000001c8dc869bc0, 0x000001c8dc869d28]
Event: 21.897 Thread 0x000001c8f846cdc0 10636   !   3       jdk.proxy2.$Proxy1::value (29 bytes)
Event: 21.898 Thread 0x000001c8f846cdc0 nmethod 10636 0x000001c8dd59af10 code [0x000001c8dd59b0e0, 0x000001c8dd59b4d8]
Event: 21.898 Thread 0x000001c8f846cdc0 10637       3       org.objectweb.asm.SymbolTable::addBootstrapMethod (144 bytes)
Event: 21.898 Thread 0x000001c8f846cdc0 nmethod 10637 0x000001c8dcb34e10 code [0x000001c8dcb35000, 0x000001c8dcb355b8]
Event: 21.908 Thread 0x000001c8f846cdc0 10638       3       org.objectweb.asm.AnnotationWriter::computeAnnotationsSize (42 bytes)
Event: 21.908 Thread 0x000001c8f846cdc0 nmethod 10638 0x000001c8dcb34890 code [0x000001c8dcb34a40, 0x000001c8dcb34c88]
Event: 21.917 Thread 0x000001c8f846cdc0 10639       3       sun.reflect.generics.repository.ClassRepository::make (10 bytes)
Event: 21.917 Thread 0x000001c8f846cdc0 nmethod 10639 0x000001c8dcbe5510 code [0x000001c8dcbe5720, 0x000001c8dcbe5e48]
Event: 21.917 Thread 0x000001c8f846cdc0 10640       3       sun.reflect.generics.repository.ClassRepository::<init> (7 bytes)
Event: 21.918 Thread 0x000001c8f846cdc0 nmethod 10640 0x000001c8dcb33d10 code [0x000001c8dcb33f20, 0x000001c8dcb345a8]
Event: 21.918 Thread 0x000001c8f846cdc0 10641       3       sun.reflect.generics.repository.ClassRepository::parse (6 bytes)
Event: 21.918 Thread 0x000001c8f846cdc0 nmethod 10641 0x000001c8dcbe4d10 code [0x000001c8dcbe4ee0, 0x000001c8dcbe5308]

GC Heap History (20 events):
Event: 18.571 GC heap before
{Heap before GC invocations=28 (full 0):
 garbage-first heap   total 133120K, used 78912K [0x0000000700000000, 0x0000000800000000)
  region size 2048K, 3 young (6144K), 2 survivors (4096K)
 Metaspace       used 68895K, committed 69568K, reserved 917504K
  class space    used 9853K, committed 10176K, reserved 851968K
}
Event: 18.575 GC heap after
{Heap after GC invocations=29 (full 0):
 garbage-first heap   total 133120K, used 76507K [0x0000000700000000, 0x0000000800000000)
  region size 2048K, 1 young (2048K), 1 survivors (2048K)
 Metaspace       used 68895K, committed 69568K, reserved 917504K
  class space    used 9853K, committed 10176K, reserved 851968K
}
Event: 18.873 GC heap before
{Heap before GC invocations=29 (full 0):
 garbage-first heap   total 133120K, used 105179K [0x0000000700000000, 0x0000000800000000)
  region size 2048K, 15 young (30720K), 1 survivors (2048K)
 Metaspace       used 69098K, committed 69760K, reserved 917504K
  class space    used 9855K, committed 10176K, reserved 851968K
}
Event: 18.875 GC heap after
{Heap after GC invocations=30 (full 0):
 garbage-first heap   total 184320K, used 79047K [0x0000000700000000, 0x0000000800000000)
  region size 2048K, 2 young (4096K), 2 survivors (4096K)
 Metaspace       used 69098K, committed 69760K, reserved 917504K
  class space    used 9855K, committed 10176K, reserved 851968K
}
Event: 19.487 GC heap before
{Heap before GC invocations=31 (full 0):
 garbage-first heap   total 184320K, used 146631K [0x0000000700000000, 0x0000000800000000)
  region size 2048K, 35 young (71680K), 2 survivors (4096K)
 Metaspace       used 69153K, committed 69824K, reserved 917504K
  class space    used 9856K, committed 10176K, reserved 851968K
}
Event: 19.490 GC heap after
{Heap after GC invocations=32 (full 0):
 garbage-first heap   total 184320K, used 81349K [0x0000000700000000, 0x0000000800000000)
  region size 2048K, 3 young (6144K), 3 survivors (6144K)
 Metaspace       used 69153K, committed 69824K, reserved 917504K
  class space    used 9856K, committed 10176K, reserved 851968K
}
Event: 19.506 GC heap before
{Heap before GC invocations=32 (full 0):
 garbage-first heap   total 184320K, used 83397K [0x0000000700000000, 0x0000000800000000)
  region size 2048K, 4 young (8192K), 3 survivors (6144K)
 Metaspace       used 69153K, committed 69824K, reserved 917504K
  class space    used 9856K, committed 10176K, reserved 851968K
}
Event: 19.510 GC heap after
{Heap after GC invocations=33 (full 0):
 garbage-first heap   total 184320K, used 80760K [0x0000000700000000, 0x0000000800000000)
  region size 2048K, 1 young (2048K), 1 survivors (2048K)
 Metaspace       used 69153K, committed 69824K, reserved 917504K
  class space    used 9856K, committed 10176K, reserved 851968K
}
Event: 20.074 GC heap before
{Heap before GC invocations=33 (full 0):
 garbage-first heap   total 184320K, used 142200K [0x0000000700000000, 0x0000000800000000)
  region size 2048K, 32 young (65536K), 1 survivors (2048K)
 Metaspace       used 70039K, committed 70720K, reserved 917504K
  class space    used 9971K, committed 10304K, reserved 851968K
}
Event: 20.078 GC heap after
{Heap after GC invocations=34 (full 0):
 garbage-first heap   total 184320K, used 84753K [0x0000000700000000, 0x0000000800000000)
  region size 2048K, 3 young (6144K), 3 survivors (6144K)
 Metaspace       used 70039K, committed 70720K, reserved 917504K
  class space    used 9971K, committed 10304K, reserved 851968K
}
Event: 20.771 GC heap before
{Heap before GC invocations=34 (full 0):
 garbage-first heap   total 184320K, used 146193K [0x0000000700000000, 0x0000000800000000)
  region size 2048K, 33 young (67584K), 3 survivors (6144K)
 Metaspace       used 70498K, committed 71232K, reserved 917504K
  class space    used 10012K, committed 10368K, reserved 851968K
}
Event: 20.777 GC heap after
{Heap after GC invocations=35 (full 0):
 garbage-first heap   total 184320K, used 98744K [0x0000000700000000, 0x0000000800000000)
  region size 2048K, 5 young (10240K), 5 survivors (10240K)
 Metaspace       used 70498K, committed 71232K, reserved 917504K
  class space    used 10012K, committed 10368K, reserved 851968K
}
Event: 21.164 GC heap before
{Heap before GC invocations=35 (full 0):
 garbage-first heap   total 184320K, used 147896K [0x0000000700000000, 0x0000000800000000)
  region size 2048K, 29 young (59392K), 5 survivors (10240K)
 Metaspace       used 70500K, committed 71232K, reserved 917504K
  class space    used 10012K, committed 10368K, reserved 851968K
}
Event: 21.171 GC heap after
{Heap after GC invocations=36 (full 0):
 garbage-first heap   total 184320K, used 102344K [0x0000000700000000, 0x0000000800000000)
  region size 2048K, 2 young (4096K), 2 survivors (4096K)
 Metaspace       used 70500K, committed 71232K, reserved 917504K
  class space    used 10012K, committed 10368K, reserved 851968K
}
Event: 21.536 GC heap before
{Heap before GC invocations=37 (full 0):
 garbage-first heap   total 188416K, used 147400K [0x0000000700000000, 0x0000000800000000)
  region size 2048K, 24 young (49152K), 2 survivors (4096K)
 Metaspace       used 71567K, committed 72320K, reserved 917504K
  class space    used 10156K, committed 10496K, reserved 851968K
}
Event: 21.540 GC heap after
{Heap after GC invocations=38 (full 0):
 garbage-first heap   total 188416K, used 116221K [0x0000000700000000, 0x0000000800000000)
  region size 2048K, 3 young (6144K), 3 survivors (6144K)
 Metaspace       used 71567K, committed 72320K, reserved 917504K
  class space    used 10156K, committed 10496K, reserved 851968K
}
Event: 21.550 GC heap before
{Heap before GC invocations=38 (full 0):
 garbage-first heap   total 188416K, used 116221K [0x0000000700000000, 0x0000000800000000)
  region size 2048K, 4 young (8192K), 3 survivors (6144K)
 Metaspace       used 71685K, committed 72448K, reserved 917504K
  class space    used 10163K, committed 10560K, reserved 851968K
}
Event: 21.555 GC heap after
{Heap after GC invocations=39 (full 0):
 garbage-first heap   total 188416K, used 112056K [0x0000000700000000, 0x0000000800000000)
  region size 2048K, 1 young (2048K), 1 survivors (2048K)
 Metaspace       used 71685K, committed 72448K, reserved 917504K
  class space    used 10163K, committed 10560K, reserved 851968K
}
Event: 21.840 GC heap before
{Heap before GC invocations=39 (full 0):
 garbage-first heap   total 188416K, used 146872K [0x0000000700000000, 0x0000000800000000)
  region size 2048K, 18 young (36864K), 1 survivors (2048K)
 Metaspace       used 74565K, committed 75328K, reserved 917504K
  class space    used 10473K, committed 10880K, reserved 851968K
}
Event: 21.842 GC heap after
{Heap after GC invocations=40 (full 0):
 garbage-first heap   total 188416K, used 113319K [0x0000000700000000, 0x0000000800000000)
  region size 2048K, 1 young (2048K), 1 survivors (2048K)
 Metaspace       used 74565K, committed 75328K, reserved 917504K
  class space    used 10473K, committed 10880K, reserved 851968K
}

Dll operation events (15 events):
Event: 0.008 Loaded shared library E:\JAVA\bin\java.dll
Event: 0.022 Loaded shared library E:\JAVA\bin\jsvml.dll
Event: 0.058 Loaded shared library E:\JAVA\bin\zip.dll
Event: 0.060 Loaded shared library E:\JAVA\bin\instrument.dll
Event: 0.063 Loaded shared library E:\JAVA\bin\net.dll
Event: 0.064 Loaded shared library E:\JAVA\bin\nio.dll
Event: 0.066 Loaded shared library E:\JAVA\bin\zip.dll
Event: 0.200 Loaded shared library E:\JAVA\bin\jimage.dll
Event: 0.316 Loaded shared library E:\JAVA\bin\verify.dll
Event: 0.478 Loaded shared library E:\gradle\native\c067742578af261105cb4f569cf0c3c89f3d7b1fecec35dd04571415982c5e48\windows-amd64\native-platform.dll
Event: 0.485 Loaded shared library E:\gradle\native\100fb08df4bc3b14c8652ba06237920a3bd2aa13389f12d3474272988ae205f9\windows-amd64\native-platform-file-events.dll
Event: 1.248 Loaded shared library E:\JAVA\bin\management.dll
Event: 1.250 Loaded shared library E:\JAVA\bin\management_ext.dll
Event: 4.653 Loaded shared library E:\JAVA\bin\extnet.dll
Event: 9.809 Loaded shared library E:\JAVA\bin\sunmscapi.dll

Deoptimization events (20 events):
Event: 21.613 Thread 0x000001c8fecf2900 Uncommon trap: trap_request=0xffffff45 fr.pc=0x000001c8e46d41a8 relative=0x00000000000001c8
Event: 21.613 Thread 0x000001c8fecf2900 Uncommon trap: reason=unstable_if action=reinterpret pc=0x000001c8e46d41a8 method=org.gradle.cache.internal.LockOnDemandCrossProcessCacheAccess.decrementLockCount()V @ 54 c2
Event: 21.613 Thread 0x000001c8fecf2900 DEOPT PACKING pc=0x000001c8e46d41a8 sp=0x0000009fe55fecf0
Event: 21.613 Thread 0x000001c8fecf2900 DEOPT UNPACKING pc=0x000001c8e3c669a3 sp=0x0000009fe55fecb0 mode 2
Event: 21.662 Thread 0x000001c8fecf14c0 Uncommon trap: trap_request=0xffffffd6 fr.pc=0x000001c8e4332b70 relative=0x00000000000003d0
Event: 21.662 Thread 0x000001c8fecf14c0 Uncommon trap: reason=array_check action=maybe_recompile pc=0x000001c8e4332b70 method=java.util.LinkedHashMap.keysToArray([Ljava/lang/Object;)[Ljava/lang/Object; @ 25 c2
Event: 21.662 Thread 0x000001c8fecf14c0 DEOPT PACKING pc=0x000001c8e4332b70 sp=0x0000009fe51f1400
Event: 21.662 Thread 0x000001c8fecf14c0 DEOPT UNPACKING pc=0x000001c8e3c669a3 sp=0x0000009fe51f13a8 mode 2
Event: 21.771 Thread 0x000001c8fecf14c0 Uncommon trap: trap_request=0xfffffff4 fr.pc=0x000001c8e479a088 relative=0x0000000000000068
Event: 21.771 Thread 0x000001c8fecf14c0 Uncommon trap: reason=null_check action=make_not_entrant pc=0x000001c8e479a088 method=java.lang.Class.isAnnotation()Z @ 1 c2
Event: 21.771 Thread 0x000001c8fecf14c0 DEOPT PACKING pc=0x000001c8e479a088 sp=0x0000009fe51f1f20
Event: 21.771 Thread 0x000001c8fecf14c0 DEOPT UNPACKING pc=0x000001c8e3c669a3 sp=0x0000009fe51f1eb0 mode 2
Event: 21.811 Thread 0x000001c8fecf14c0 Uncommon trap: trap_request=0xffffffd6 fr.pc=0x000001c8e4332b70 relative=0x00000000000003d0
Event: 21.811 Thread 0x000001c8fecf14c0 Uncommon trap: reason=array_check action=maybe_recompile pc=0x000001c8e4332b70 method=java.util.LinkedHashMap.keysToArray([Ljava/lang/Object;)[Ljava/lang/Object; @ 25 c2
Event: 21.811 Thread 0x000001c8fecf14c0 DEOPT PACKING pc=0x000001c8e4332b70 sp=0x0000009fe51eff80
Event: 21.811 Thread 0x000001c8fecf14c0 DEOPT UNPACKING pc=0x000001c8e3c669a3 sp=0x0000009fe51eff28 mode 2
Event: 21.842 Thread 0x000001c8f85a9860 Uncommon trap: trap_request=0xffffffde fr.pc=0x000001c8e43a0014 relative=0x00000000000004d4
Event: 21.842 Thread 0x000001c8f85a9860 Uncommon trap: reason=class_check action=maybe_recompile pc=0x000001c8e43a0014 method=jdk.internal.ref.PhantomCleanable.clean()V @ 12 c2
Event: 21.842 Thread 0x000001c8f85a9860 DEOPT PACKING pc=0x000001c8e43a0014 sp=0x0000009fe42ff590
Event: 21.842 Thread 0x000001c8f85a9860 DEOPT UNPACKING pc=0x000001c8e3c669a3 sp=0x0000009fe42ff570 mode 2

Classes loaded (20 events):
Event: 18.432 Loading class java/util/Collections$ReverseComparator2
Event: 18.432 Loading class java/util/Collections$ReverseComparator2 done
Event: 19.780 Loading class java/util/concurrent/LinkedBlockingDeque$Itr
Event: 19.780 Loading class java/util/concurrent/LinkedBlockingDeque$AbstractItr
Event: 19.781 Loading class java/util/concurrent/LinkedBlockingDeque$AbstractItr done
Event: 19.781 Loading class java/util/concurrent/LinkedBlockingDeque$Itr done
Event: 19.817 Loading class java/util/stream/SortedOps$RefSortingSink
Event: 19.817 Loading class java/util/stream/SortedOps$RefSortingSink done
Event: 20.042 Loading class java/io/NotSerializableException
Event: 20.042 Loading class java/io/NotSerializableException done
Event: 20.250 Loading class jdk/internal/reflect/UnsafeObjectFieldAccessorImpl
Event: 20.251 Loading class jdk/internal/reflect/UnsafeObjectFieldAccessorImpl done
Event: 20.302 Loading class org/xml/sax/Locator
Event: 20.302 Loading class org/xml/sax/Locator done
Event: 20.302 Loading class org/xml/sax/SAXParseException
Event: 20.302 Loading class org/xml/sax/SAXParseException done
Event: 20.304 Loading class org/xml/sax/Attributes
Event: 20.304 Loading class org/xml/sax/Attributes done
Event: 21.873 Loading class java/util/concurrent/Executors$DefaultThreadFactory
Event: 21.874 Loading class java/util/concurrent/Executors$DefaultThreadFactory done

Classes unloaded (0 events):
No events

Classes redefined (0 events):
No events

Internal exceptions (20 events):
Event: 20.233 Thread 0x000001c8fecf14c0 Exception <a 'java/lang/ClassNotFoundException'{0x000000070a32bd40}: org/gradle/api/internal/project/ProjectScriptCustomizer> (0x000000070a32bd40) 
thrown [s\src\hotspot\share\classfile\systemDictionary.cpp, line 256]
Event: 20.235 Thread 0x000001c8fecf14c0 Exception <a 'java/lang/ClassNotFoundException'{0x000000070a343b08}: build_aspvyrfyj4l80i10o0q167edpCustomizer> (0x000000070a343b08) 
thrown [s\src\hotspot\share\classfile\systemDictionary.cpp, line 256]
Event: 20.242 Thread 0x000001c8fecf14c0 Exception <a 'java/lang/ClassNotFoundException'{0x000000070a3a6880}: org/gradle/api/internal/initialization/DefaultScriptHandler_DecoratedBeanInfo> (0x000000070a3a6880) 
thrown [s\src\hotspot\share\classfile\systemDictionary.cpp, line 256]
Event: 20.244 Thread 0x000001c8fecf14c0 Exception <a 'java/lang/ClassNotFoundException'{0x000000070a3bbc38}: org/gradle/api/internal/initialization/DefaultScriptHandlerBeanInfo> (0x000000070a3bbc38) 
thrown [s\src\hotspot\share\classfile\systemDictionary.cpp, line 256]
Event: 20.245 Thread 0x000001c8fecf14c0 Exception <a 'java/lang/ClassNotFoundException'{0x000000070a3d0fb8}: org/gradle/api/internal/initialization/DefaultScriptHandlerCustomizer> (0x000000070a3d0fb8) 
thrown [s\src\hotspot\share\classfile\systemDictionary.cpp, line 256]
Event: 20.248 Thread 0x000001c8fecf14c0 Exception <a 'java/lang/ClassNotFoundException'{0x000000070a3f3868}: org/gradle/api/internal/initialization/DefaultScriptHandler_DecoratedCustomizer> (0x000000070a3f3868) 
thrown [s\src\hotspot\share\classfile\systemDictionary.cpp, line 256]
Event: 20.285 Thread 0x000001c8fecf14c0 Exception <a 'java/lang/ClassNotFoundException'{0x000000070a109d70}: org/gradle/api/internal/project/DefaultProject_DecoratedBeanInfo> (0x000000070a109d70) 
thrown [s\src\hotspot\share\classfile\systemDictionary.cpp, line 256]
Event: 20.288 Thread 0x000001c8fecf14c0 Exception <a 'java/lang/ClassNotFoundException'{0x000000070a11ea58}: org/gradle/api/internal/project/DefaultProjectBeanInfo> (0x000000070a11ea58) 
thrown [s\src\hotspot\share\classfile\systemDictionary.cpp, line 256]
Event: 20.289 Thread 0x000001c8fecf14c0 Exception <a 'java/lang/ClassNotFoundException'{0x000000070a133898}: org/gradle/api/internal/project/DefaultProjectCustomizer> (0x000000070a133898) 
thrown [s\src\hotspot\share\classfile\systemDictionary.cpp, line 256]
Event: 20.299 Thread 0x000001c8fecf14c0 Exception <a 'java/lang/ClassNotFoundException'{0x000000070a1f76a8}: org/gradle/api/internal/project/DefaultProject_DecoratedCustomizer> (0x000000070a1f76a8) 
thrown [s\src\hotspot\share\classfile\systemDictionary.cpp, line 256]
Event: 20.347 Thread 0x000001c8fecf14c0 Exception <a 'java/lang/ClassNotFoundException'{0x0000000709f0c280}: org/gradle/api/internal/artifacts/dsl/dependencies/DefaultDependencyHandler_DecoratedBeanInfo> (0x0000000709f0c280) 
thrown [s\src\hotspot\share\classfile\systemDictionary.cpp, line 256]
Event: 20.349 Thread 0x000001c8fecf14c0 Exception <a 'java/lang/ClassNotFoundException'{0x0000000709f26c98}: org/gradle/api/internal/artifacts/dsl/dependencies/DefaultDependencyHandlerBeanInfo> (0x0000000709f26c98) 
thrown [s\src\hotspot\share\classfile\systemDictionary.cpp, line 256]
Event: 20.350 Thread 0x000001c8fecf14c0 Exception <a 'java/lang/ClassNotFoundException'{0x0000000709f41670}: org/gradle/api/internal/artifacts/dsl/dependencies/DefaultDependencyHandlerCustomizer> (0x0000000709f41670) 
thrown [s\src\hotspot\share\classfile\systemDictionary.cpp, line 256]
Event: 20.352 Thread 0x000001c8fecf14c0 Exception <a 'java/lang/ClassNotFoundException'{0x0000000709f9f378}: org/gradle/api/internal/artifacts/dsl/dependencies/DefaultDependencyHandler_DecoratedCustomizer> (0x0000000709f9f378) 
thrown [s\src\hotspot\share\classfile\systemDictionary.cpp, line 256]
Event: 21.353 Thread 0x000001c8fecf14c0 Exception <a 'java/lang/ClassNotFoundException'{0x000000070a745f78}: build_aspvyrfyj4l80i10o0q167edpBeanInfo> (0x000000070a745f78) 
thrown [s\src\hotspot\share\classfile\systemDictionary.cpp, line 256]
Event: 21.353 Thread 0x000001c8fecf14c0 Exception <a 'java/lang/ClassNotFoundException'{0x000000070a74d698}: build_aspvyrfyj4l80i10o0q167edpCustomizer> (0x000000070a74d698) 
thrown [s\src\hotspot\share\classfile\systemDictionary.cpp, line 256]
Event: 21.438 Thread 0x000001c8fecf14c0 Exception <a 'java/lang/ClassNotFoundException'{0x0000000709ac9740}: build_lym5cdad588vobj3snpcssh7BeanInfo> (0x0000000709ac9740) 
thrown [s\src\hotspot\share\classfile\systemDictionary.cpp, line 256]
Event: 21.439 Thread 0x000001c8fecf14c0 Exception <a 'java/lang/ClassNotFoundException'{0x0000000709ad81a0}: build_lym5cdad588vobj3snpcssh7Customizer> (0x0000000709ad81a0) 
thrown [s\src\hotspot\share\classfile\systemDictionary.cpp, line 256]
Event: 21.461 Thread 0x000001c8fecf14c0 Exception <a 'java/lang/ClassNotFoundException'{0x000000070986ba78}: org/gradle/api/internal/plugins/DefaultObjectConfigurationActionBeanInfo> (0x000000070986ba78) 
thrown [s\src\hotspot\share\classfile\systemDictionary.cpp, line 256]
Event: 21.462 Thread 0x000001c8fecf14c0 Exception <a 'java/lang/ClassNotFoundException'{0x0000000709887358}: org/gradle/api/internal/plugins/DefaultObjectConfigurationActionCustomizer> (0x0000000709887358) 
thrown [s\src\hotspot\share\classfile\systemDictionary.cpp, line 256]

VM Operations (20 events):
Event: 20.078 Executing VM operation: G1TryInitiateConcMark done
Event: 20.093 Executing VM operation: HandshakeAllThreads
Event: 20.093 Executing VM operation: HandshakeAllThreads done
Event: 20.393 Executing VM operation: ICBufferFull
Event: 20.393 Executing VM operation: ICBufferFull done
Event: 20.771 Executing VM operation: G1CollectForAllocation
Event: 20.777 Executing VM operation: G1CollectForAllocation done
Event: 21.164 Executing VM operation: G1CollectForAllocation
Event: 21.171 Executing VM operation: G1CollectForAllocation done
Event: 21.248 Executing VM operation: G1PauseRemark
Event: 21.253 Executing VM operation: G1PauseRemark done
Event: 21.290 Executing VM operation: G1PauseCleanup
Event: 21.290 Executing VM operation: G1PauseCleanup done
Event: 21.536 Executing VM operation: G1CollectForAllocation
Event: 21.540 Executing VM operation: G1CollectForAllocation done
Event: 21.550 Executing VM operation: G1CollectForAllocation
Event: 21.555 Executing VM operation: G1CollectForAllocation done
Event: 21.840 Executing VM operation: G1CollectForAllocation
Event: 21.842 Executing VM operation: G1CollectForAllocation done
Event: 21.923 Executing VM operation: G1PauseRemark

Memory protections (0 events):
No events

Nmethod flushes (20 events):
Event: 19.818 Thread 0x000001c8f84757d0 flushing  nmethod 0x000001c8dd4fb790
Event: 19.818 Thread 0x000001c8f84757d0 flushing  nmethod 0x000001c8dd500510
Event: 19.818 Thread 0x000001c8f84757d0 flushing  nmethod 0x000001c8dd500890
Event: 19.818 Thread 0x000001c8f84757d0 flushing  nmethod 0x000001c8dd503790
Event: 19.818 Thread 0x000001c8f84757d0 flushing  nmethod 0x000001c8dd507e90
Event: 19.818 Thread 0x000001c8f84757d0 flushing  nmethod 0x000001c8dd51ef90
Event: 19.818 Thread 0x000001c8f84757d0 flushing  nmethod 0x000001c8dd54a210
Event: 19.818 Thread 0x000001c8f84757d0 flushing  nmethod 0x000001c8dd555910
Event: 19.818 Thread 0x000001c8f84757d0 flushing  nmethod 0x000001c8dd556b90
Event: 19.818 Thread 0x000001c8f84757d0 flushing  nmethod 0x000001c8dd55fe90
Event: 19.818 Thread 0x000001c8f84757d0 flushing  nmethod 0x000001c8dd568110
Event: 19.818 Thread 0x000001c8f84757d0 flushing  nmethod 0x000001c8dd568790
Event: 19.818 Thread 0x000001c8f84757d0 flushing  nmethod 0x000001c8dd572e10
Event: 19.818 Thread 0x000001c8f84757d0 flushing  nmethod 0x000001c8dd59ab90
Event: 19.818 Thread 0x000001c8f84757d0 flushing  nmethod 0x000001c8dd59b610
Event: 19.819 Thread 0x000001c8f84757d0 flushing  nmethod 0x000001c8dd689910
Event: 19.819 Thread 0x000001c8f84757d0 flushing  nmethod 0x000001c8dd689c90
Event: 19.819 Thread 0x000001c8f84757d0 flushing  nmethod 0x000001c8dd698310
Event: 19.819 Thread 0x000001c8f84757d0 flushing  nmethod 0x000001c8dd6a0390
Event: 19.819 Thread 0x000001c8f84757d0 flushing  nmethod 0x000001c8dd79f090

Events (20 events):
Event: 15.910 Thread 0x000001c8b5998cf0 Thread exited: 0x000001c8b5998cf0
Event: 16.007 Thread 0x000001c8f8842880 Thread exited: 0x000001c8f8842880
Event: 16.193 Thread 0x000001c8f846cdc0 Thread added: 0x000001c8ff681030
Event: 16.231 Thread 0x000001c8fecf14c0 Thread added: 0x000001c8b5937470
Event: 16.768 Thread 0x000001c8f8468e00 Thread added: 0x000001c8b7fa89a0
Event: 17.682 Thread 0x000001c8fecf14c0 Thread added: 0x000001c8b63e20d0
Event: 17.721 Thread 0x000001c8b63e20d0 Thread added: 0x000001c8b63e3510
Event: 17.903 Thread 0x000001c8b63e20d0 Thread added: 0x000001c8b63e25e0
Event: 17.943 Thread 0x000001c8b63e20d0 Thread added: 0x000001c8b63e3f30
Event: 17.961 Thread 0x000001c8b63e20d0 Thread added: 0x000001c8b63e0780
Event: 18.071 Thread 0x000001c8b63e20d0 Thread added: 0x000001c8b63e4950
Event: 18.479 Thread 0x000001c8fecf14c0 Thread added: 0x000001c8b63e4440
Event: 18.525 Thread 0x000001c8fecf14c0 Thread added: 0x000001c8b63e3000
Event: 18.854 Thread 0x000001c8fecf14c0 Thread added: 0x000001c8b63e1bc0
Event: 20.139 Thread 0x000001c8fecf14c0 Thread added: 0x000001c8b63e4e60
Event: 20.222 Thread 0x000001c8fecf14c0 Thread added: 0x000001c8b63e16b0
Event: 20.666 Thread 0x000001c8fecf2e10 Thread added: 0x000001c8b63e76e0
Event: 21.346 Thread 0x000001c8fecf14c0 Thread added: 0x000001c8b63e5370
Event: 21.404 Thread 0x000001c8fecf14c0 Thread added: 0x000001c8b63e7bf0
Event: 21.579 Thread 0x000001c8b7fa89a0 Thread exited: 0x000001c8b7fa89a0


Dynamic libraries:
0x00007ff6972c0000 - 0x00007ff6972ce000 	E:\JAVA\bin\java.exe
0x00007ffad2460000 - 0x00007ffad26c6000 	C:\WINDOWS\SYSTEM32\ntdll.dll
0x00007ffad12a0000 - 0x00007ffad1369000 	C:\WINDOWS\System32\KERNEL32.DLL
0x00007ffacfdd0000 - 0x00007ffad01ca000 	C:\WINDOWS\System32\KERNELBASE.dll
0x00007ffacfc80000 - 0x00007ffacfdcc000 	C:\WINDOWS\System32\ucrtbase.dll
0x00007ffab9050000 - 0x00007ffab9068000 	E:\JAVA\bin\jli.dll
0x00007ffaaf7e0000 - 0x00007ffaaf7fe000 	E:\JAVA\bin\VCRUNTIME140.dll
0x00007ffad2250000 - 0x00007ffad2417000 	C:\WINDOWS\System32\USER32.dll
0x00007ffaba700000 - 0x00007ffaba992000 	C:\WINDOWS\WinSxS\amd64_microsoft.windows.common-controls_6595b64144ccf1df_6.0.26100.8521_none_3e08b75ce33403b3\COMCTL32.dll
0x00007ffacf910000 - 0x00007ffacf937000 	C:\WINDOWS\System32\win32u.dll
0x00007ffad1820000 - 0x00007ffad18c9000 	C:\WINDOWS\System32\msvcrt.dll
0x00007ffad18d0000 - 0x00007ffad18fb000 	C:\WINDOWS\System32\GDI32.dll
0x00007ffacfac0000 - 0x00007ffacfbeb000 	C:\WINDOWS\System32\gdi32full.dll
0x00007ffacf7b0000 - 0x00007ffacf853000 	C:\WINDOWS\System32\msvcp_win.dll
0x00007ffad01d0000 - 0x00007ffad0202000 	C:\WINDOWS\System32\IMM32.DLL
0x00007ffabdba0000 - 0x00007ffabdbac000 	E:\JAVA\bin\vcruntime140_1.dll
0x00007ffa6fc50000 - 0x00007ffa6fcdd000 	E:\JAVA\bin\msvcp140.dll
0x00007ffa547d0000 - 0x00007ffa5543b000 	E:\JAVA\bin\server\jvm.dll
0x00007ffad0e60000 - 0x00007ffad0f16000 	C:\WINDOWS\System32\ADVAPI32.dll
0x00007ffad1900000 - 0x00007ffad19aa000 	C:\WINDOWS\System32\sechost.dll
0x00007ffad1700000 - 0x00007ffad1818000 	C:\WINDOWS\System32\RPCRT4.dll
0x00007ffad1a20000 - 0x00007ffad1aa0000 	C:\WINDOWS\System32\WS2_32.dll
0x00007ffaba9a0000 - 0x00007ffaba9d6000 	C:\WINDOWS\SYSTEM32\WINMM.dll
0x00007ffacf550000 - 0x00007ffacf5ae000 	C:\WINDOWS\SYSTEM32\POWRPROF.dll
0x00007ffabefa0000 - 0x00007ffabefab000 	C:\WINDOWS\SYSTEM32\VERSION.dll
0x00007ffacf530000 - 0x00007ffacf544000 	C:\WINDOWS\SYSTEM32\UMPDC.dll
0x00007fface440000 - 0x00007fface45b000 	C:\WINDOWS\SYSTEM32\kernel.appcore.dll
0x00007ffabdb10000 - 0x00007ffabdb1a000 	E:\JAVA\bin\jimage.dll
0x00007ffacce70000 - 0x00007ffacd0b2000 	C:\WINDOWS\SYSTEM32\DBGHELP.DLL
0x00007ffad0ad0000 - 0x00007ffad0e53000 	C:\WINDOWS\System32\combase.dll
0x00007ffad0fb0000 - 0x00007ffad1089000 	C:\WINDOWS\System32\OLEAUT32.dll
0x00007ffabb1d0000 - 0x00007ffabb20b000 	C:\WINDOWS\SYSTEM32\dbgcore.DLL
0x00007ffacf860000 - 0x00007ffacf908000 	C:\WINDOWS\System32\bcryptPrimitives.dll
0x00007ffabd980000 - 0x00007ffabd98e000 	E:\JAVA\bin\instrument.dll
0x00007ffaa66f0000 - 0x00007ffaa6715000 	E:\JAVA\bin\java.dll
0x00007ffa66e60000 - 0x00007ffa66f37000 	E:\JAVA\bin\jsvml.dll
0x00007ffad1ab0000 - 0x00007ffad2234000 	C:\WINDOWS\System32\SHELL32.dll
0x00007ffacd270000 - 0x00007ffacdaf0000 	C:\WINDOWS\SYSTEM32\windows.storage.dll
0x00007ffad0850000 - 0x00007ffad0946000 	C:\WINDOWS\System32\SHCORE.dll
0x00007ffad0720000 - 0x00007ffad0787000 	C:\WINDOWS\System32\shlwapi.dll
0x00007ffacf610000 - 0x00007ffacf639000 	C:\WINDOWS\SYSTEM32\profapi.dll
0x00007ffaa8ed0000 - 0x00007ffaa8ee8000 	E:\JAVA\bin\zip.dll
0x00007ffaac140000 - 0x00007ffaac15a000 	E:\JAVA\bin\net.dll
0x00007ffabfa20000 - 0x00007ffabfb49000 	C:\WINDOWS\SYSTEM32\WINHTTP.dll
0x00007fface990000 - 0x00007fface9fc000 	C:\WINDOWS\system32\mswsock.dll
0x00007ffaaa3c0000 - 0x00007ffaaa3d6000 	E:\JAVA\bin\nio.dll
0x00007ffabb4b0000 - 0x00007ffabb4c0000 	E:\JAVA\bin\verify.dll
0x00007ffab9210000 - 0x00007ffab9237000 	E:\gradle\native\c067742578af261105cb4f569cf0c3c89f3d7b1fecec35dd04571415982c5e48\windows-amd64\native-platform.dll
0x00007ffa94160000 - 0x00007ffa942a4000 	E:\gradle\native\100fb08df4bc3b14c8652ba06237920a3bd2aa13389f12d3474272988ae205f9\windows-amd64\native-platform-file-events.dll
0x00007ffabda90000 - 0x00007ffabda9a000 	E:\JAVA\bin\management.dll
0x00007ffabd990000 - 0x00007ffabd99c000 	E:\JAVA\bin\management_ext.dll
0x00007ffad2240000 - 0x00007ffad2248000 	C:\WINDOWS\System32\PSAPI.DLL
0x00007ffaced90000 - 0x00007ffacedab000 	C:\WINDOWS\SYSTEM32\CRYPTSP.dll
0x00007fface3a0000 - 0x00007fface3d9000 	C:\WINDOWS\system32\rsaenh.dll
0x00007ffacea40000 - 0x00007ffacea73000 	C:\WINDOWS\SYSTEM32\USERENV.dll
0x00007ffacf5e0000 - 0x00007ffacf60a000 	C:\WINDOWS\SYSTEM32\bcrypt.dll
0x00007ffacebf0000 - 0x00007ffacebfc000 	C:\WINDOWS\SYSTEM32\CRYPTBASE.dll
0x00007ffacde20000 - 0x00007ffacde53000 	C:\WINDOWS\SYSTEM32\IPHLPAPI.DLL
0x00007ffad19b0000 - 0x00007ffad19ba000 	C:\WINDOWS\System32\NSI.dll
0x00007ffac44d0000 - 0x00007ffac44ed000 	C:\WINDOWS\SYSTEM32\dhcpcsvc6.DLL
0x00007ffac44a0000 - 0x00007ffac44c5000 	C:\WINDOWS\SYSTEM32\dhcpcsvc.DLL
0x00007ffacdeb0000 - 0x00007ffacdffa000 	C:\WINDOWS\SYSTEM32\DNSAPI.dll
0x00007fface7d0000 - 0x00007fface7dd000 	C:\WINDOWS\SYSTEM32\DSPARSE.dll
0x00007ffabd7f0000 - 0x00007ffabd7f9000 	E:\JAVA\bin\extnet.dll
0x00007ffabdaa0000 - 0x00007ffabdaae000 	E:\JAVA\bin\sunmscapi.dll
0x00007ffacf940000 - 0x00007ffacfab8000 	C:\WINDOWS\System32\CRYPT32.dll
0x00007ffaceef0000 - 0x00007ffacef20000 	C:\WINDOWS\SYSTEM32\ncrypt.dll
0x00007ffaceea0000 - 0x00007ffaceedf000 	C:\WINDOWS\SYSTEM32\NTASN1.dll
0x00007ffab7250000 - 0x00007ffab7258000 	C:\WINDOWS\system32\wshunix.dll
0x00007ffabe350000 - 0x00007ffabe368000 	C:\WINDOWS\system32\napinsp.dll
0x00007ffabe310000 - 0x00007ffabe323000 	C:\WINDOWS\System32\winrnr.dll
0x00007ffa69ff0000 - 0x00007ffa6a012000 	C:\WINDOWS\system32\nlansp_c.dll
0x00007ffabd6b0000 - 0x00007ffabd6c6000 	C:\WINDOWS\system32\wshbth.dll
0x00007ffac0c80000 - 0x00007ffac0c8b000 	C:\Windows\System32\rasadhlp.dll
0x00007ffac5520000 - 0x00007ffac55a6000 	C:\WINDOWS\System32\fwpuclnt.dll

dbghelp: loaded successfully - version: 4.0.5 - missing functions: none
symbol engine: initialized successfully - sym options: 0x614 - pdb path: .;E:\JAVA\bin;C:\WINDOWS\SYSTEM32;C:\WINDOWS\WinSxS\amd64_microsoft.windows.common-controls_6595b64144ccf1df_6.0.26100.8521_none_3e08b75ce33403b3;E:\JAVA\bin\server;E:\gradle\native\c067742578af261105cb4f569cf0c3c89f3d7b1fecec35dd04571415982c5e48\windows-amd64;E:\gradle\native\100fb08df4bc3b14c8652ba06237920a3bd2aa13389f12d3474272988ae205f9\windows-amd64

VM Arguments:
jvm_args: --add-opens=java.base/java.lang=ALL-UNNAMED --add-opens=java.base/java.lang.invoke=ALL-UNNAMED --add-opens=java.base/java.util=ALL-UNNAMED --add-opens=java.prefs/java.util.prefs=ALL-UNNAMED --add-exports=jdk.compiler/com.sun.tools.javac.api=ALL-UNNAMED --add-exports=jdk.compiler/com.sun.tools.javac.util=ALL-UNNAMED --add-opens=java.base/java.util=ALL-UNNAMED --add-opens=java.prefs/java.util.prefs=ALL-UNNAMED --add-opens=java.base/java.nio.charset=ALL-UNNAMED --add-opens=java.base/java.net=ALL-UNNAMED --add-opens=java.base/java.util.concurrent.atomic=ALL-UNNAMED --add-opens=java.xml/javax.xml.namespace=ALL-UNNAMED -XX:MaxMetaspaceSize=1024m -Xmx4096m -Dfile.encoding=UTF-8 -Duser.country=US -Duser.language=en -Duser.variant -javaagent:E:\gradle\wrapper\dists\gradle-8.11.1-all\2qik7nd48slq1ooc2496ixf4i\gradle-8.11.1\lib\agents\gradle-instrumentation-agent-8.11.1.jar 
java_command: org.gradle.launcher.daemon.bootstrap.GradleDaemon 8.11.1
java_class_path (initial): E:\gradle\wrapper\dists\gradle-8.11.1-all\2qik7nd48slq1ooc2496ixf4i\gradle-8.11.1\lib\gradle-daemon-main-8.11.1.jar
Launcher Type: SUN_STANDARD

[Global flags]
     intx CICompilerCount                          = 4                                         {product} {ergonomic}
   size_t CompressedClassSpaceSize                 = 872415232                                 {product} {ergonomic}
     uint ConcGCThreads                            = 2                                         {product} {ergonomic}
     uint G1ConcRefinementThreads                  = 8                                         {product} {ergonomic}
   size_t G1HeapRegionSize                         = 2097152                                   {product} {ergonomic}
    uintx GCDrainStackTargetSize                   = 64                                        {product} {ergonomic}
   size_t InitialHeapSize                          = 264241152                                 {product} {ergonomic}
   size_t MarkStackSize                            = 4194304                                   {product} {ergonomic}
   size_t MaxHeapSize                              = 4294967296                                {product} {command line}
   size_t MaxMetaspaceSize                         = 1073741824                                {product} {command line}
   size_t MaxNewSize                               = 2575302656                                {product} {ergonomic}
   size_t MinHeapDeltaBytes                        = 2097152                                   {product} {ergonomic}
   size_t MinHeapSize                              = 8388608                                   {product} {ergonomic}
    uintx NonNMethodCodeHeapSize                   = 5839372                                {pd product} {ergonomic}
    uintx NonProfiledCodeHeapSize                  = 122909434                              {pd product} {ergonomic}
    uintx ProfiledCodeHeapSize                     = 122909434                              {pd product} {ergonomic}
    uintx ReservedCodeCacheSize                    = 251658240                              {pd product} {ergonomic}
     bool SegmentedCodeCache                       = true                                      {product} {ergonomic}
   size_t SoftMaxHeapSize                          = 4294967296                             {manageable} {ergonomic}
     bool UseCompressedClassPointers               = true                           {product lp64_product} {ergonomic}
     bool UseCompressedOops                        = true                           {product lp64_product} {ergonomic}
     bool UseG1GC                                  = true                                      {product} {ergonomic}
     bool UseLargePagesIndividualAllocation        = false                                  {pd product} {ergonomic}

Logging:
Log output configuration:
 #0: stdout all=warning uptime,level,tags
 #1: stderr all=off uptime,level,tags

Environment Variables:
JAVA_HOME=E:\JAVA
CLASSPATH=E:\voice_test\android\\gradle\wrapper\gradle-wrapper.jar
PATH=E:\JAVA\bin;C:\Program Files\Common Files\Oracle\Java\javapath;C:\WINDOWS\system32;C:\WINDOWS;C:\WINDOWS\System32\Wbem;C:\WINDOWS\System32\WindowsPowerShell\v1.0\;C:\WINDOWS\System32\OpenSSH\;C:\Program Files\Git\cmd;C:\Program Files\Microsoft SQL Server\170\Tools\Binn\;C:\Program Files\Microsoft SQL Server\Client SDK\ODBC\170\Tools\Binn\;C:\Program Files\Microsoft SQL Server\170\DTS\Binn\;C:\Program Files\dotnet\;D:\Basira\;C:\ProgramData\chocolatey\bin;E:\JAVA\bin;E:\DOWNLOAD\New folder (2)\bin;C:\Program Files\Common Files\Oracle\Java\javapath;C:\WINDOWS\system32;C:\WINDOWS;C:\WINDOWS\System32\Wbem;C:\WINDOWS\System32\WindowsPowerShell\v1.0\;C:\WINDOWS\System32\OpenSSH\;C:\Program Files\Git\cmd;C:\Program Files\Microsoft SQL Server\170\Tools\Binn\;C:\Program Files\Microsoft SQL Server\Client SDK\ODBC\170\Tools\Binn\;C:\Program Files\Microsoft SQL Server\170\DTS\Binn\;C:\Program Files\dotnet\;D:\Basira\;C:\ProgramData\chocolatey\bin;C:\WINDOWS\system32;C:\WINDOWS;C:\WINDOWS\System32\Wbem;C:\WINDOWS\System32\WindowsPowerShell\v1.0\;C:\WINDOWS\System32\OpenSSH\;C:\Program Files\Git\cmd;C:\Program Files\Microsoft SQL Server\170\Tools\Binn\;C:\Program Files\Microsoft SQL Server\Client SDK\ODBC\170\Tools\Binn\;C:\Program Files\Microsoft SQL Server\170\DTS\Binn\;C:\Program Files\dotnet\;D:\Basira\;C:\ProgramData\chocolatey\bin;C:\Users\DELL\AppData\Local\Programs\Python\Python310\Scripts\;C:\Users\DELL\AppData\Local\Programs\Python\Python310\;C:\Users\DELL\AppData\Local\Prog;E:\flutter\bin;D:\download\Antigravity\bin;;E:\flutter\bin\mingit\cmd
USERNAME=DELL
OS=Windows_NT
PROCESSOR_IDENTIFIER=Intel64 Family 6 Model 142 Stepping 12, GenuineIntel
TMP=C:\Users\DELL\AppData\Local\Temp
TEMP=C:\Users\DELL\AppData\Local\Temp



Periodic native trim disabled


---------------  S Y S T E M  ---------------

OS:
 Windows 11 , 64 bit Build 26100 (10.0.26100.8521)
OS uptime: 1 days 6:53 hours
Hyper-V role detected

CPU: total 8 (initial active 8) (4 cores per cpu, 2 threads per core) family 6 model 142 stepping 12 microcode 0xf8, cx8, cmov, fxsr, ht, mmx, 3dnowpref, sse, sse2, sse3, ssse3, sse4.1, sse4.2, popcnt, lzcnt, tsc, tscinvbit, avx, avx2, aes, erms, clmul, bmi1, bmi2, adx, fma, vzeroupper, clflush, clflushopt, hv
Processor Information for all 8 processors :
  Max Mhz: 2304, Current Mhz: 1803, Mhz Limit: 1797

Memory: 4k page, system-wide physical 16043M (2954M free)
TotalPageFile size 19121M (AvailPageFile size 266M)
current process WorkingSet (physical memory assigned to process): 442M, peak: 444M
current process commit charge ("private bytes"): 481M, peak: 495M

vm_info: OpenJDK 64-Bit Server VM (17.0.18+8) for windows-amd64 JRE (17.0.18+8), built on Jan 20 2026 22:28:22 by "admin" with MS VC++ 17.12 (VS2022)

END.
