#
# There is insufficient memory for the Java Runtime Environment to continue.
# Native memory allocation (malloc) failed to allocate 32744 bytes. Error detail: ChunkPool::allocate
# Possible reasons:
#   The system is out of physical RAM or swap space
#   This process is running with CompressedOops enabled, and the Java Heap may be blocking the growth of the native heap
# Possible solutions:
#   Reduce memory load on the system
#   Increase physical memory or swap space
#   Check if swap backing store is full
#   Decrease Java heap size (-Xmx/-Xms)
#   Decrease number of Java threads
#   Decrease Java thread stack sizes (-Xss)
#   Set larger code cache with -XX:ReservedCodeCacheSize=
#   JVM is running with Zero Based Compressed Oops mode in which the Java heap is
#     placed in the first 32GB address space. The Java Heap base address is the
#     maximum limit for the native heap growth. Please use -XX:HeapBaseMinAddress
#     to set the Java Heap base and to place the Java Heap above 32GB virtual address.
# This output file may be truncated or incomplete.
#
#  Out of Memory Error (arena.cpp:79), pid=11332, tid=13920
#
# JRE version: OpenJDK Runtime Environment Temurin-17.0.18+8 (17.0.18+8) (build 17.0.18+8)
# Java VM: OpenJDK 64-Bit Server VM Temurin-17.0.18+8 (17.0.18+8, mixed mode, sharing, tiered, compressed oops, compressed class ptrs, g1 gc, windows-amd64)
# No core dump will be written. Minidumps are not enabled by default on client versions of Windows
#

---------------  S U M M A R Y ------------

Command Line: -Dorg.gradle.appname=gradlew org.gradle.wrapper.GradleWrapperMain -q -Ptarget-platform=android-arm,android-arm64,android-x64 -Ptarget=lib\main.dart -Pbase-application-name=android.app.Application -Pdart-defines=RkxVVFRFUl9WRVJTSU9OPTMuNDEuOQ==,RkxVVFRFUl9DSEFOTkVMPXN0YWJsZQ==,RkxVVFRFUl9HSVRfVVJMPWh0dHBzOi8vZ2l0aHViLmNvbS9mbHV0dGVyL2ZsdXR0ZXIuZ2l0,RkxVVFRFUl9GUkFNRVdPUktfUkVWSVNJT049MDBiMGM5MWYwNg==,RkxVVFRFUl9FTkdJTkVfUkVWSVNJT049NDJkM2Q3NWE1Ng==,RkxVVFRFUl9EQVJUX1ZFUlNJT049My4xMS41 -Pdart-obfuscation=false -Ptrack-widget-creation=true -Ptree-shake-icons=true assembleRelease

Host: Intel(R) Core(TM) i7-10610U CPU @ 1.80GHz, 8 cores, 15G,  Windows 11 , 64 bit Build 26100 (10.0.26100.8521)
Time: Thu Jun 11 21:24:01 2026 Egypt Daylight Time elapsed time: 12.080664 seconds (0d 0h 0m 12s)

---------------  T H R E A D  ---------------

Current thread (0x0000023aff4d20b0):  JavaThread "C2 CompilerThread2" daemon [_thread_in_native, id=13920, stack(0x0000006347600000,0x0000006347700000)]


Current CompileTask:
C2:12080 1486       4       java.util.stream.ReduceOps$3ReducingSink::accept (15 bytes)

Stack: [0x0000006347600000,0x0000006347700000]
Native frames: (J=compiled Java code, j=interpreted, Vv=VM code, C=native code)
V  [jvm.dll+0x6846f9]
V  [jvm.dll+0x839ea5]
V  [jvm.dll+0x83b91e]
V  [jvm.dll+0x83bfa3]
V  [jvm.dll+0x248eff]
V  [jvm.dll+0xad69e]
V  [jvm.dll+0xadb3c]
V  [jvm.dll+0x60fd90]
V  [jvm.dll+0x60ff29]
V  [jvm.dll+0x6157de]
V  [jvm.dll+0x6166d6]
V  [jvm.dll+0x614b9e]
V  [jvm.dll+0x219c30]
V  [jvm.dll+0x219200]
V  [jvm.dll+0x1a4920]
V  [jvm.dll+0x22989a]
V  [jvm.dll+0x227a4b]
V  [jvm.dll+0x7f0658]
V  [jvm.dll+0x7eaaec]
V  [jvm.dll+0x6835c7]
C  [ucrtbase.dll+0x2cd30]
C  [KERNEL32.DLL+0x2e957]
C  [ntdll.dll+0x87c1c]


---------------  P R O C E S S  ---------------

Threads class SMR info:
_java_thread_list=0x0000023abd686e90, length=15, elements={
0x0000023a9a4cce30, 0x0000023abd2d4d50, 0x0000023abd2d82a0, 0x0000023abd4018b0,
0x0000023abd403d00, 0x0000023abd405140, 0x0000023abd4061b0, 0x0000023abd40c270,
0x0000023abd437170, 0x0000023abd43b520, 0x0000023abd56fa40, 0x0000023abd56ff50,
0x0000023abd572ce0, 0x0000023aff52a2b0, 0x0000023aff4d20b0
}

Java Threads: ( => current thread )
  0x0000023a9a4cce30 JavaThread "main" [_thread_in_vm, id=20196, stack(0x0000006345b00000,0x0000006345c00000)]
  0x0000023abd2d4d50 JavaThread "Reference Handler" daemon [_thread_blocked, id=23200, stack(0x0000006346200000,0x0000006346300000)]
  0x0000023abd2d82a0 JavaThread "Finalizer" daemon [_thread_blocked, id=22608, stack(0x0000006346300000,0x0000006346400000)]
  0x0000023abd4018b0 JavaThread "Signal Dispatcher" daemon [_thread_blocked, id=14892, stack(0x0000006346400000,0x0000006346500000)]
  0x0000023abd403d00 JavaThread "Attach Listener" daemon [_thread_blocked, id=9264, stack(0x0000006346500000,0x0000006346600000)]
  0x0000023abd405140 JavaThread "Service Thread" daemon [_thread_blocked, id=20736, stack(0x0000006346600000,0x0000006346700000)]
  0x0000023abd4061b0 JavaThread "Monitor Deflation Thread" daemon [_thread_blocked, id=21908, stack(0x0000006346700000,0x0000006346800000)]
  0x0000023abd40c270 JavaThread "C2 CompilerThread0" daemon [_thread_in_native, id=16388, stack(0x0000006346800000,0x0000006346900000)]
  0x0000023abd437170 JavaThread "C1 CompilerThread0" daemon [_thread_blocked, id=16820, stack(0x0000006346900000,0x0000006346a00000)]
  0x0000023abd43b520 JavaThread "Sweeper thread" daemon [_thread_blocked, id=16416, stack(0x0000006346a00000,0x0000006346b00000)]
  0x0000023abd56fa40 JavaThread "Notification Thread" daemon [_thread_blocked, id=12652, stack(0x0000006346b00000,0x0000006346c00000)]
  0x0000023abd56ff50 JavaThread "Common-Cleaner" daemon [_thread_blocked, id=11552, stack(0x0000006346d00000,0x0000006346e00000)]
  0x0000023abd572ce0 JavaThread "pool-1-thread-1" [_thread_blocked, id=15856, stack(0x0000006346f00000,0x0000006347000000)]
  0x0000023aff52a2b0 JavaThread "C2 CompilerThread1" daemon [_thread_in_native, id=16408, stack(0x0000006347500000,0x0000006347600000)]
=>0x0000023aff4d20b0 JavaThread "C2 CompilerThread2" daemon [_thread_in_native, id=13920, stack(0x0000006347600000,0x0000006347700000)]

Other Threads:
  0x0000023abd2cedc0 VMThread "VM Thread" [stack: 0x0000006346100000,0x0000006346200000] [id=19108]
  0x0000023abd57b910 WatcherThread [stack: 0x0000006346c00000,0x0000006346d00000] [id=19276]
  0x0000023a9a539c30 GCTaskThread "GC Thread#0" [stack: 0x0000006345c00000,0x0000006345d00000] [id=18720]
  0x0000023abd9ead40 GCTaskThread "GC Thread#1" [stack: 0x0000006347000000,0x0000006347100000] [id=17036]
  0x0000023abdb1c820 GCTaskThread "GC Thread#2" [stack: 0x0000006347100000,0x0000006347200000] [id=8680]
  0x0000023abdb1cae0 GCTaskThread "GC Thread#3" [stack: 0x0000006347200000,0x0000006347300000] [id=20944]
  0x0000023abdb1d1b0 GCTaskThread "GC Thread#4" [stack: 0x0000006347300000,0x0000006347400000] [id=16264]
  0x0000023abdae6210 GCTaskThread "GC Thread#5" [stack: 0x0000006347400000,0x0000006347500000] [id=3280]
  0x0000023a9a54a550 ConcurrentGCThread "G1 Main Marker" [stack: 0x0000006345d00000,0x0000006345e00000] [id=9400]
  0x0000023a9a54ae80 ConcurrentGCThread "G1 Conc#0" [stack: 0x0000006345e00000,0x0000006345f00000] [id=100]
  0x0000023a9a57ea20 ConcurrentGCThread "G1 Refine#0" [stack: 0x0000006345f00000,0x0000006346000000] [id=21156]
  0x0000023abd185900 ConcurrentGCThread "G1 Service" [stack: 0x0000006346000000,0x0000006346100000] [id=18420]

Threads with active compile tasks:
C2 CompilerThread0  12118 1500   !   4       java.io.BufferedReader::readLine (327 bytes)
C2 CompilerThread1  12118 1489       4       com.google.common.collect.EvictingQueue::add (48 bytes)
C2 CompilerThread2  12118 1486       4       java.util.stream.ReduceOps$3ReducingSink::accept (15 bytes)

VM state: not at safepoint (normal execution)

VM Mutex/Monitor currently owned by a thread: None

Heap address: 0x0000000705400000, size: 4012 MB, Compressed Oops mode: Zero based, Oop shift amount: 3

CDS archive(s) mapped at: [0x0000023abe000000-0x0000023abebb0000-0x0000023abebb0000), size 12255232, SharedBaseAddress: 0x0000023abe000000, ArchiveRelocationMode: 1.
Compressed class space mapped at: 0x0000023abf000000-0x0000023aff000000, reserved size: 1073741824
Narrow klass base: 0x0000023abe000000, Narrow klass shift: 0, Narrow klass range: 0x100000000

GC Precious Log:
 CPUs: 8 total, 8 available
 Memory: 16043M
 Large Page Support: Disabled
 NUMA Support: Disabled
 Compressed Oops: Enabled (Zero based)
 Heap Region Size: 2M
 Heap Min Capacity: 8M
 Heap Initial Capacity: 252M
 Heap Max Capacity: 4012M
 Pre-touch: Disabled
 Parallel Workers: 8
 Concurrent Workers: 2
 Concurrent Refinement Workers: 8
 Periodic GC: Disabled

Heap:
 garbage-first heap   total 258048K, used 37725K [0x0000000705400000, 0x0000000800000000)
  region size 2048K, 19 young (38912K), 2 survivors (4096K)
 Metaspace       used 9335K, committed 9600K, reserved 1114112K
  class space    used 1246K, committed 1344K, reserved 1048576K

Heap Regions: E=young(eden), S=young(survivor), O=old, HS=humongous(starts), HC=humongous(continues), CS=collection set, F=free, OA=open archive, CA=closed archive, TAMS=top-at-mark-start (previous, next)
|   0|0x0000000705400000, 0x0000000705600000, 0x0000000705600000|100%|HS|  |TAMS 0x0000000705400000, 0x0000000705400000| Complete 
|   1|0x0000000705600000, 0x0000000705800000, 0x0000000705800000|100%|HC|  |TAMS 0x0000000705600000, 0x0000000705600000| Complete 
|   2|0x0000000705800000, 0x0000000705800000, 0x0000000705a00000|  0%| F|  |TAMS 0x0000000705800000, 0x0000000705800000| Untracked 
|   3|0x0000000705a00000, 0x0000000705a00000, 0x0000000705c00000|  0%| F|  |TAMS 0x0000000705a00000, 0x0000000705a00000| Untracked 
|   4|0x0000000705c00000, 0x0000000705c00000, 0x0000000705e00000|  0%| F|  |TAMS 0x0000000705c00000, 0x0000000705c00000| Untracked 
|   5|0x0000000705e00000, 0x0000000705e00000, 0x0000000706000000|  0%| F|  |TAMS 0x0000000705e00000, 0x0000000705e00000| Untracked 
|   6|0x0000000706000000, 0x0000000706000000, 0x0000000706200000|  0%| F|  |TAMS 0x0000000706000000, 0x0000000706000000| Untracked 
|   7|0x0000000706200000, 0x0000000706200000, 0x0000000706400000|  0%| F|  |TAMS 0x0000000706200000, 0x0000000706200000| Untracked 
|   8|0x0000000706400000, 0x0000000706400000, 0x0000000706600000|  0%| F|  |TAMS 0x0000000706400000, 0x0000000706400000| Untracked 
|   9|0x0000000706600000, 0x0000000706600000, 0x0000000706800000|  0%| F|  |TAMS 0x0000000706600000, 0x0000000706600000| Untracked 
|  10|0x0000000706800000, 0x0000000706800000, 0x0000000706a00000|  0%| F|  |TAMS 0x0000000706800000, 0x0000000706800000| Untracked 
|  11|0x0000000706a00000, 0x0000000706a00000, 0x0000000706c00000|  0%| F|  |TAMS 0x0000000706a00000, 0x0000000706a00000| Untracked 
|  12|0x0000000706c00000, 0x0000000706c00000, 0x0000000706e00000|  0%| F|  |TAMS 0x0000000706c00000, 0x0000000706c00000| Untracked 
|  13|0x0000000706e00000, 0x0000000706e00000, 0x0000000707000000|  0%| F|  |TAMS 0x0000000706e00000, 0x0000000706e00000| Untracked 
|  14|0x0000000707000000, 0x0000000707000000, 0x0000000707200000|  0%| F|  |TAMS 0x0000000707000000, 0x0000000707000000| Untracked 
|  15|0x0000000707200000, 0x0000000707200000, 0x0000000707400000|  0%| F|  |TAMS 0x0000000707200000, 0x0000000707200000| Untracked 
|  16|0x0000000707400000, 0x0000000707400000, 0x0000000707600000|  0%| F|  |TAMS 0x0000000707400000, 0x0000000707400000| Untracked 
|  17|0x0000000707600000, 0x0000000707600000, 0x0000000707800000|  0%| F|  |TAMS 0x0000000707600000, 0x0000000707600000| Untracked 
|  18|0x0000000707800000, 0x0000000707800000, 0x0000000707a00000|  0%| F|  |TAMS 0x0000000707800000, 0x0000000707800000| Untracked 
|  19|0x0000000707a00000, 0x0000000707a00000, 0x0000000707c00000|  0%| F|  |TAMS 0x0000000707a00000, 0x0000000707a00000| Untracked 
|  20|0x0000000707c00000, 0x0000000707c00000, 0x0000000707e00000|  0%| F|  |TAMS 0x0000000707c00000, 0x0000000707c00000| Untracked 
|  21|0x0000000707e00000, 0x0000000707e00000, 0x0000000708000000|  0%| F|  |TAMS 0x0000000707e00000, 0x0000000707e00000| Untracked 
|  22|0x0000000708000000, 0x0000000708000000, 0x0000000708200000|  0%| F|  |TAMS 0x0000000708000000, 0x0000000708000000| Untracked 
|  23|0x0000000708200000, 0x0000000708200000, 0x0000000708400000|  0%| F|  |TAMS 0x0000000708200000, 0x0000000708200000| Untracked 
|  24|0x0000000708400000, 0x0000000708400000, 0x0000000708600000|  0%| F|  |TAMS 0x0000000708400000, 0x0000000708400000| Untracked 
|  25|0x0000000708600000, 0x0000000708600000, 0x0000000708800000|  0%| F|  |TAMS 0x0000000708600000, 0x0000000708600000| Untracked 
|  26|0x0000000708800000, 0x0000000708800000, 0x0000000708a00000|  0%| F|  |TAMS 0x0000000708800000, 0x0000000708800000| Untracked 
|  27|0x0000000708a00000, 0x0000000708a00000, 0x0000000708c00000|  0%| F|  |TAMS 0x0000000708a00000, 0x0000000708a00000| Untracked 
|  28|0x0000000708c00000, 0x0000000708c00000, 0x0000000708e00000|  0%| F|  |TAMS 0x0000000708c00000, 0x0000000708c00000| Untracked 
|  29|0x0000000708e00000, 0x0000000708e00000, 0x0000000709000000|  0%| F|  |TAMS 0x0000000708e00000, 0x0000000708e00000| Untracked 
|  30|0x0000000709000000, 0x0000000709000000, 0x0000000709200000|  0%| F|  |TAMS 0x0000000709000000, 0x0000000709000000| Untracked 
|  31|0x0000000709200000, 0x0000000709200000, 0x0000000709400000|  0%| F|  |TAMS 0x0000000709200000, 0x0000000709200000| Untracked 
|  32|0x0000000709400000, 0x0000000709400000, 0x0000000709600000|  0%| F|  |TAMS 0x0000000709400000, 0x0000000709400000| Untracked 
|  33|0x0000000709600000, 0x0000000709600000, 0x0000000709800000|  0%| F|  |TAMS 0x0000000709600000, 0x0000000709600000| Untracked 
|  34|0x0000000709800000, 0x0000000709800000, 0x0000000709a00000|  0%| F|  |TAMS 0x0000000709800000, 0x0000000709800000| Untracked 
|  35|0x0000000709a00000, 0x0000000709a00000, 0x0000000709c00000|  0%| F|  |TAMS 0x0000000709a00000, 0x0000000709a00000| Untracked 
|  36|0x0000000709c00000, 0x0000000709c00000, 0x0000000709e00000|  0%| F|  |TAMS 0x0000000709c00000, 0x0000000709c00000| Untracked 
|  37|0x0000000709e00000, 0x0000000709e00000, 0x000000070a000000|  0%| F|  |TAMS 0x0000000709e00000, 0x0000000709e00000| Untracked 
|  38|0x000000070a000000, 0x000000070a000000, 0x000000070a200000|  0%| F|  |TAMS 0x000000070a000000, 0x000000070a000000| Untracked 
|  39|0x000000070a200000, 0x000000070a200000, 0x000000070a400000|  0%| F|  |TAMS 0x000000070a200000, 0x000000070a200000| Untracked 
|  40|0x000000070a400000, 0x000000070a400000, 0x000000070a600000|  0%| F|  |TAMS 0x000000070a400000, 0x000000070a400000| Untracked 
|  41|0x000000070a600000, 0x000000070a600000, 0x000000070a800000|  0%| F|  |TAMS 0x000000070a600000, 0x000000070a600000| Untracked 
|  42|0x000000070a800000, 0x000000070a800000, 0x000000070aa00000|  0%| F|  |TAMS 0x000000070a800000, 0x000000070a800000| Untracked 
|  43|0x000000070aa00000, 0x000000070aa00000, 0x000000070ac00000|  0%| F|  |TAMS 0x000000070aa00000, 0x000000070aa00000| Untracked 
|  44|0x000000070ac00000, 0x000000070ac00000, 0x000000070ae00000|  0%| F|  |TAMS 0x000000070ac00000, 0x000000070ac00000| Untracked 
|  45|0x000000070ae00000, 0x000000070ae00000, 0x000000070b000000|  0%| F|  |TAMS 0x000000070ae00000, 0x000000070ae00000| Untracked 
|  46|0x000000070b000000, 0x000000070b000000, 0x000000070b200000|  0%| F|  |TAMS 0x000000070b000000, 0x000000070b000000| Untracked 
|  47|0x000000070b200000, 0x000000070b200000, 0x000000070b400000|  0%| F|  |TAMS 0x000000070b200000, 0x000000070b200000| Untracked 
|  48|0x000000070b400000, 0x000000070b400000, 0x000000070b600000|  0%| F|  |TAMS 0x000000070b400000, 0x000000070b400000| Untracked 
|  49|0x000000070b600000, 0x000000070b600000, 0x000000070b800000|  0%| F|  |TAMS 0x000000070b600000, 0x000000070b600000| Untracked 
|  50|0x000000070b800000, 0x000000070b800000, 0x000000070ba00000|  0%| F|  |TAMS 0x000000070b800000, 0x000000070b800000| Untracked 
|  51|0x000000070ba00000, 0x000000070ba00000, 0x000000070bc00000|  0%| F|  |TAMS 0x000000070ba00000, 0x000000070ba00000| Untracked 
|  52|0x000000070bc00000, 0x000000070bc00000, 0x000000070be00000|  0%| F|  |TAMS 0x000000070bc00000, 0x000000070bc00000| Untracked 
|  53|0x000000070be00000, 0x000000070be00000, 0x000000070c000000|  0%| F|  |TAMS 0x000000070be00000, 0x000000070be00000| Untracked 
|  54|0x000000070c000000, 0x000000070c000000, 0x000000070c200000|  0%| F|  |TAMS 0x000000070c000000, 0x000000070c000000| Untracked 
|  55|0x000000070c200000, 0x000000070c200000, 0x000000070c400000|  0%| F|  |TAMS 0x000000070c200000, 0x000000070c200000| Untracked 
|  56|0x000000070c400000, 0x000000070c400000, 0x000000070c600000|  0%| F|  |TAMS 0x000000070c400000, 0x000000070c400000| Untracked 
|  57|0x000000070c600000, 0x000000070c600000, 0x000000070c800000|  0%| F|  |TAMS 0x000000070c600000, 0x000000070c600000| Untracked 
|  58|0x000000070c800000, 0x000000070c800000, 0x000000070ca00000|  0%| F|  |TAMS 0x000000070c800000, 0x000000070c800000| Untracked 
|  59|0x000000070ca00000, 0x000000070ca00000, 0x000000070cc00000|  0%| F|  |TAMS 0x000000070ca00000, 0x000000070ca00000| Untracked 
|  60|0x000000070cc00000, 0x000000070cc00000, 0x000000070ce00000|  0%| F|  |TAMS 0x000000070cc00000, 0x000000070cc00000| Untracked 
|  61|0x000000070ce00000, 0x000000070ce00000, 0x000000070d000000|  0%| F|  |TAMS 0x000000070ce00000, 0x000000070ce00000| Untracked 
|  62|0x000000070d000000, 0x000000070d000000, 0x000000070d200000|  0%| F|  |TAMS 0x000000070d000000, 0x000000070d000000| Untracked 
|  63|0x000000070d200000, 0x000000070d200000, 0x000000070d400000|  0%| F|  |TAMS 0x000000070d200000, 0x000000070d200000| Untracked 
|  64|0x000000070d400000, 0x000000070d400000, 0x000000070d600000|  0%| F|  |TAMS 0x000000070d400000, 0x000000070d400000| Untracked 
|  65|0x000000070d600000, 0x000000070d600000, 0x000000070d800000|  0%| F|  |TAMS 0x000000070d600000, 0x000000070d600000| Untracked 
|  66|0x000000070d800000, 0x000000070d800000, 0x000000070da00000|  0%| F|  |TAMS 0x000000070d800000, 0x000000070d800000| Untracked 
|  67|0x000000070da00000, 0x000000070da00000, 0x000000070dc00000|  0%| F|  |TAMS 0x000000070da00000, 0x000000070da00000| Untracked 
|  68|0x000000070dc00000, 0x000000070dc00000, 0x000000070de00000|  0%| F|  |TAMS 0x000000070dc00000, 0x000000070dc00000| Untracked 
|  69|0x000000070de00000, 0x000000070de00000, 0x000000070e000000|  0%| F|  |TAMS 0x000000070de00000, 0x000000070de00000| Untracked 
|  70|0x000000070e000000, 0x000000070e000000, 0x000000070e200000|  0%| F|  |TAMS 0x000000070e000000, 0x000000070e000000| Untracked 
|  71|0x000000070e200000, 0x000000070e200000, 0x000000070e400000|  0%| F|  |TAMS 0x000000070e200000, 0x000000070e200000| Untracked 
|  72|0x000000070e400000, 0x000000070e400000, 0x000000070e600000|  0%| F|  |TAMS 0x000000070e400000, 0x000000070e400000| Untracked 
|  73|0x000000070e600000, 0x000000070e600000, 0x000000070e800000|  0%| F|  |TAMS 0x000000070e600000, 0x000000070e600000| Untracked 
|  74|0x000000070e800000, 0x000000070e800000, 0x000000070ea00000|  0%| F|  |TAMS 0x000000070e800000, 0x000000070e800000| Untracked 
|  75|0x000000070ea00000, 0x000000070ea00000, 0x000000070ec00000|  0%| F|  |TAMS 0x000000070ea00000, 0x000000070ea00000| Untracked 
|  76|0x000000070ec00000, 0x000000070ec00000, 0x000000070ee00000|  0%| F|  |TAMS 0x000000070ec00000, 0x000000070ec00000| Untracked 
|  77|0x000000070ee00000, 0x000000070ee00000, 0x000000070f000000|  0%| F|  |TAMS 0x000000070ee00000, 0x000000070ee00000| Untracked 
|  78|0x000000070f000000, 0x000000070f000000, 0x000000070f200000|  0%| F|  |TAMS 0x000000070f000000, 0x000000070f000000| Untracked 
|  79|0x000000070f200000, 0x000000070f200000, 0x000000070f400000|  0%| F|  |TAMS 0x000000070f200000, 0x000000070f200000| Untracked 
|  80|0x000000070f400000, 0x000000070f400000, 0x000000070f600000|  0%| F|  |TAMS 0x000000070f400000, 0x000000070f400000| Untracked 
|  81|0x000000070f600000, 0x000000070f600000, 0x000000070f800000|  0%| F|  |TAMS 0x000000070f600000, 0x000000070f600000| Untracked 
|  82|0x000000070f800000, 0x000000070f800000, 0x000000070fa00000|  0%| F|  |TAMS 0x000000070f800000, 0x000000070f800000| Untracked 
|  83|0x000000070fa00000, 0x000000070fa00000, 0x000000070fc00000|  0%| F|  |TAMS 0x000000070fa00000, 0x000000070fa00000| Untracked 
|  84|0x000000070fc00000, 0x000000070fc00000, 0x000000070fe00000|  0%| F|  |TAMS 0x000000070fc00000, 0x000000070fc00000| Untracked 
|  85|0x000000070fe00000, 0x000000070fe00000, 0x0000000710000000|  0%| F|  |TAMS 0x000000070fe00000, 0x000000070fe00000| Untracked 
|  86|0x0000000710000000, 0x0000000710000000, 0x0000000710200000|  0%| F|  |TAMS 0x0000000710000000, 0x0000000710000000| Untracked 
|  87|0x0000000710200000, 0x0000000710200000, 0x0000000710400000|  0%| F|  |TAMS 0x0000000710200000, 0x0000000710200000| Untracked 
|  88|0x0000000710400000, 0x0000000710400000, 0x0000000710600000|  0%| F|  |TAMS 0x0000000710400000, 0x0000000710400000| Untracked 
|  89|0x0000000710600000, 0x0000000710600000, 0x0000000710800000|  0%| F|  |TAMS 0x0000000710600000, 0x0000000710600000| Untracked 
|  90|0x0000000710800000, 0x0000000710800000, 0x0000000710a00000|  0%| F|  |TAMS 0x0000000710800000, 0x0000000710800000| Untracked 
|  91|0x0000000710a00000, 0x0000000710a00000, 0x0000000710c00000|  0%| F|  |TAMS 0x0000000710a00000, 0x0000000710a00000| Untracked 
|  92|0x0000000710c00000, 0x0000000710c00000, 0x0000000710e00000|  0%| F|  |TAMS 0x0000000710c00000, 0x0000000710c00000| Untracked 
|  93|0x0000000710e00000, 0x0000000710e00000, 0x0000000711000000|  0%| F|  |TAMS 0x0000000710e00000, 0x0000000710e00000| Untracked 
|  94|0x0000000711000000, 0x0000000711000000, 0x0000000711200000|  0%| F|  |TAMS 0x0000000711000000, 0x0000000711000000| Untracked 
|  95|0x0000000711200000, 0x0000000711200000, 0x0000000711400000|  0%| F|  |TAMS 0x0000000711200000, 0x0000000711200000| Untracked 
|  96|0x0000000711400000, 0x0000000711400000, 0x0000000711600000|  0%| F|  |TAMS 0x0000000711400000, 0x0000000711400000| Untracked 
|  97|0x0000000711600000, 0x0000000711600000, 0x0000000711800000|  0%| F|  |TAMS 0x0000000711600000, 0x0000000711600000| Untracked 
|  98|0x0000000711800000, 0x0000000711800000, 0x0000000711a00000|  0%| F|  |TAMS 0x0000000711800000, 0x0000000711800000| Untracked 
|  99|0x0000000711a00000, 0x0000000711a00000, 0x0000000711c00000|  0%| F|  |TAMS 0x0000000711a00000, 0x0000000711a00000| Untracked 
| 100|0x0000000711c00000, 0x0000000711c00000, 0x0000000711e00000|  0%| F|  |TAMS 0x0000000711c00000, 0x0000000711c00000| Untracked 
| 101|0x0000000711e00000, 0x0000000711e00000, 0x0000000712000000|  0%| F|  |TAMS 0x0000000711e00000, 0x0000000711e00000| Untracked 
| 102|0x0000000712000000, 0x0000000712000000, 0x0000000712200000|  0%| F|  |TAMS 0x0000000712000000, 0x0000000712000000| Untracked 
| 103|0x0000000712200000, 0x0000000712200000, 0x0000000712400000|  0%| F|  |TAMS 0x0000000712200000, 0x0000000712200000| Untracked 
| 104|0x0000000712400000, 0x0000000712400000, 0x0000000712600000|  0%| F|  |TAMS 0x0000000712400000, 0x0000000712400000| Untracked 
| 105|0x0000000712600000, 0x0000000712600000, 0x0000000712800000|  0%| F|  |TAMS 0x0000000712600000, 0x0000000712600000| Untracked 
| 106|0x0000000712800000, 0x0000000712800000, 0x0000000712a00000|  0%| F|  |TAMS 0x0000000712800000, 0x0000000712800000| Untracked 
| 107|0x0000000712a00000, 0x0000000712bf83e0, 0x0000000712c00000| 98%| E|  |TAMS 0x0000000712a00000, 0x0000000712a00000| Complete 
| 108|0x0000000712c00000, 0x0000000712e00000, 0x0000000712e00000|100%| E|CS|TAMS 0x0000000712c00000, 0x0000000712c00000| Complete 
| 109|0x0000000712e00000, 0x0000000713000000, 0x0000000713000000|100%| E|CS|TAMS 0x0000000712e00000, 0x0000000712e00000| Complete 
| 110|0x0000000713000000, 0x0000000713200000, 0x0000000713200000|100%| E|  |TAMS 0x0000000713000000, 0x0000000713000000| Complete 
| 111|0x0000000713200000, 0x0000000713400000, 0x0000000713400000|100%| E|CS|TAMS 0x0000000713200000, 0x0000000713200000| Complete 
| 112|0x0000000713400000, 0x0000000713600000, 0x0000000713600000|100%| E|CS|TAMS 0x0000000713400000, 0x0000000713400000| Complete 
| 113|0x0000000713600000, 0x00000007136d7530, 0x0000000713800000| 42%| S|CS|TAMS 0x0000000713600000, 0x0000000713600000| Complete 
| 114|0x0000000713800000, 0x0000000713a00000, 0x0000000713a00000|100%| S|CS|TAMS 0x0000000713800000, 0x0000000713800000| Complete 
| 115|0x0000000713a00000, 0x0000000713c00000, 0x0000000713c00000|100%| E|CS|TAMS 0x0000000713a00000, 0x0000000713a00000| Complete 
| 116|0x0000000713c00000, 0x0000000713e00000, 0x0000000713e00000|100%| E|CS|TAMS 0x0000000713c00000, 0x0000000713c00000| Complete 
| 117|0x0000000713e00000, 0x0000000714000000, 0x0000000714000000|100%| E|CS|TAMS 0x0000000713e00000, 0x0000000713e00000| Complete 
| 118|0x0000000714000000, 0x0000000714200000, 0x0000000714200000|100%| E|CS|TAMS 0x0000000714000000, 0x0000000714000000| Complete 
| 119|0x0000000714200000, 0x0000000714400000, 0x0000000714400000|100%| E|CS|TAMS 0x0000000714200000, 0x0000000714200000| Complete 
| 120|0x0000000714400000, 0x0000000714600000, 0x0000000714600000|100%| E|CS|TAMS 0x0000000714400000, 0x0000000714400000| Complete 
| 121|0x0000000714600000, 0x0000000714800000, 0x0000000714800000|100%| E|CS|TAMS 0x0000000714600000, 0x0000000714600000| Complete 
| 122|0x0000000714800000, 0x0000000714a00000, 0x0000000714a00000|100%| E|CS|TAMS 0x0000000714800000, 0x0000000714800000| Complete 
| 123|0x0000000714a00000, 0x0000000714c00000, 0x0000000714c00000|100%| E|CS|TAMS 0x0000000714a00000, 0x0000000714a00000| Complete 
| 124|0x0000000714c00000, 0x0000000714e00000, 0x0000000714e00000|100%| E|CS|TAMS 0x0000000714c00000, 0x0000000714c00000| Complete 
| 125|0x0000000714e00000, 0x0000000715000000, 0x0000000715000000|100%| E|CS|TAMS 0x0000000714e00000, 0x0000000714e00000| Complete 

Card table byte_map: [0x0000023ab1b40000,0x0000023ab2320000] _byte_map_base: 0x0000023aae316000

Marking Bits (Prev, Next): (CMBitMap*) 0x0000023a9a53a160, (CMBitMap*) 0x0000023a9a53a1a0
 Prev Bits: [0x0000023ab2b00000, 0x0000023ab69b0000)
 Next Bits: [0x0000023ab69b0000, 0x0000023aba860000)

Polling page: 0x0000023a98370000

Metaspace:

Usage:
  Non-class:      7.90 MB used.
      Class:      1.22 MB used.
       Both:      9.12 MB used.

Virtual space:
  Non-class space:       64.00 MB reserved,       8.06 MB ( 13%) committed,  1 nodes.
      Class space:        1.00 GB reserved,       1.31 MB ( <1%) committed,  1 nodes.
             Both:        1.06 GB reserved,       9.38 MB ( <1%) committed. 

Chunk freelists:
   Non-Class:  7.69 MB
       Class:  14.51 MB
        Both:  22.20 MB

MaxMetaspaceSize: unlimited
CompressedClassSpaceSize: 1.00 GB
Initial GC threshold: 21.00 MB
Current GC threshold: 21.00 MB
CDS: on
MetaspaceReclaimPolicy: balanced
 - commit_granule_bytes: 65536.
 - commit_granule_words: 8192.
 - virtual_space_node_default_size: 8388608.
 - enlarge_chunks_in_place: 1.
 - new_chunks_are_fully_committed: 0.
 - uncommit_free_chunks: 1.
 - use_allocation_guard: 0.
 - handle_deallocations: 1.


Internal statistics:

num_allocs_failed_limit: 0.
num_arena_births: 74.
num_arena_deaths: 0.
num_vsnodes_births: 2.
num_vsnodes_deaths: 0.
num_space_committed: 150.
num_space_uncommitted: 0.
num_chunks_returned_to_freelist: 0.
num_chunks_taken_from_freelist: 336.
num_chunk_merges: 0.
num_chunk_splits: 220.
num_chunks_enlarged: 182.
num_inconsistent_stats: 0.

CodeHeap 'non-profiled nmethods': size=120000Kb used=680Kb max_used=680Kb free=119319Kb
 bounds [0x0000023aa9b00000, 0x0000023aa9d70000, 0x0000023ab1030000]
CodeHeap 'profiled nmethods': size=120000Kb used=2801Kb max_used=2801Kb free=117198Kb
 bounds [0x0000023aa2030000, 0x0000023aa22f0000, 0x0000023aa9560000]
CodeHeap 'non-nmethods': size=5760Kb used=1167Kb max_used=1205Kb free=4592Kb
 bounds [0x0000023aa9560000, 0x0000023aa97d0000, 0x0000023aa9b00000]
 total_blobs=1968 nmethods=1505 adapters=376
 compilation: enabled
              stopped_count=0, restarted_count=0
 full_count=0

Compilation events (20 events):
Event: 12.065 Thread 0x0000023abd437170 1480       3       sun.nio.ch.Util::isBufferTooLarge (15 bytes)
Event: 12.065 Thread 0x0000023abd437170 nmethod 1480 0x0000023aa22db890 code [0x0000023aa22dba20, 0x0000023aa22dbb78]
Event: 12.065 Thread 0x0000023abd437170 1482       3       java.nio.channels.spi.AbstractInterruptibleChannel::isOpen (13 bytes)
Event: 12.065 Thread 0x0000023abd437170 nmethod 1482 0x0000023aa22dbc10 code [0x0000023aa22dbda0, 0x0000023aa22dbef8]
Event: 12.066 Thread 0x0000023abd437170 1483       1       sun.nio.ch.FileDispatcherImpl::needsPositionLock (2 bytes)
Event: 12.066 Thread 0x0000023abd437170 nmethod 1483 0x0000023aa9ba4b90 code [0x0000023aa9ba4d20, 0x0000023aa9ba4df8]
Event: 12.066 Thread 0x0000023abd437170 1485   !   3       java.nio.charset.CharsetDecoder::decode (275 bytes)
Event: 12.069 Thread 0x0000023abd437170 nmethod 1485 0x0000023aa22dbf90 code [0x0000023aa22dc2c0, 0x0000023aa22dd6c8]
Event: 12.069 Thread 0x0000023aff52a2b0 nmethod 1467 0x0000023aa9ba4e90 code [0x0000023aa9ba5020, 0x0000023aa9ba5278]
Event: 12.069 Thread 0x0000023aff52a2b0 1471       4       java.util.ArrayDeque::add (7 bytes)
Event: 12.072 Thread 0x0000023abd437170 1490       3       java.nio.CharBuffer::array (35 bytes)
Event: 12.073 Thread 0x0000023aff52a2b0 nmethod 1471 0x0000023aa9ba5390 code [0x0000023aa9ba5520, 0x0000023aa9ba5778]
Event: 12.073 Thread 0x0000023abd437170 nmethod 1490 0x0000023aa22ddd90 code [0x0000023aa22ddf60, 0x0000023aa22de238]
Event: 12.073 Thread 0x0000023aff52a2b0 1481       4       java.lang.String::<init> (14 bytes)
Event: 12.073 Thread 0x0000023abd437170 1491       3       java.lang.System$2::decodeASCII (11 bytes)
Event: 12.073 Thread 0x0000023abd437170 nmethod 1491 0x0000023aa22de390 code [0x0000023aa22de540, 0x0000023aa22de688]
Event: 12.073 Thread 0x0000023abd437170 1492       3       java.lang.String::decodeASCII (64 bytes)
Event: 12.073 Thread 0x0000023aff4d20b0 1486       4       java.util.stream.ReduceOps$3ReducingSink::accept (15 bytes)
Event: 12.074 Thread 0x0000023abd437170 nmethod 1492 0x0000023aa22de790 code [0x0000023aa22de960, 0x0000023aa22dec98]
Event: 12.074 Thread 0x0000023abd437170 1493       3       sun.nio.cs.UTF_8$Decoder::decodeArrayLoop (688 bytes)

GC Heap History (2 events):
Event: 0.914 GC heap before
{Heap before GC invocations=0 (full 0):
 garbage-first heap   total 258048K, used 20480K [0x0000000705400000, 0x0000000800000000)
  region size 2048K, 11 young (22528K), 0 survivors (0K)
 Metaspace       used 1920K, committed 2048K, reserved 1114112K
  class space    used 169K, committed 192K, reserved 1048576K
}
Event: 0.918 GC heap after
{Heap after GC invocations=1 (full 0):
 garbage-first heap   total 258048K, used 2909K [0x0000000705400000, 0x0000000800000000)
  region size 2048K, 2 young (4096K), 2 survivors (4096K)
 Metaspace       used 1920K, committed 2048K, reserved 1114112K
  class space    used 169K, committed 192K, reserved 1048576K
}

Dll operation events (12 events):
Event: 0.024 Loaded shared library E:\JAVA\bin\java.dll
Event: 0.052 Loaded shared library E:\JAVA\bin\jsvml.dll
Event: 0.114 Loaded shared library E:\JAVA\bin\net.dll
Event: 0.130 Loaded shared library E:\JAVA\bin\nio.dll
Event: 0.137 Loaded shared library E:\JAVA\bin\zip.dll
Event: 0.145 Loaded shared library E:\JAVA\bin\verify.dll
Event: 0.269 Loaded shared library E:\JAVA\bin\jimage.dll
Event: 1.577 Loaded shared library E:\JAVA\bin\management.dll
Event: 1.580 Loaded shared library E:\JAVA\bin\management_ext.dll
Event: 1.820 Loaded shared library E:\gradle\native\c067742578af261105cb4f569cf0c3c89f3d7b1fecec35dd04571415982c5e48\windows-amd64\native-platform.dll
Event: 2.928 Loaded shared library E:\JAVA\bin\extnet.dll
Event: 3.064 Loaded shared library E:\JAVA\bin\sunmscapi.dll

Deoptimization events (20 events):
Event: 3.050 Thread 0x0000023a9a4cce30 Uncommon trap: trap_request=0xffffff45 fr.pc=0x0000023aa9b41c38 relative=0x0000000000000a98
Event: 3.050 Thread 0x0000023a9a4cce30 Uncommon trap: reason=unstable_if action=reinterpret pc=0x0000023aa9b41c38 method=java.util.HashMap.putVal(ILjava/lang/Object;Ljava/lang/Object;ZZ)Ljava/lang/Object; @ 162 c2
Event: 3.050 Thread 0x0000023a9a4cce30 DEOPT PACKING pc=0x0000023aa9b41c38 sp=0x0000006345bfb440
Event: 3.050 Thread 0x0000023a9a4cce30 DEOPT UNPACKING pc=0x0000023aa95b69a3 sp=0x0000006345bfb378 mode 2
Event: 3.080 Thread 0x0000023a9a4cce30 Uncommon trap: trap_request=0xffffffde fr.pc=0x0000023aa9b33020 relative=0x0000000000000080
Event: 3.080 Thread 0x0000023a9a4cce30 Uncommon trap: reason=class_check action=maybe_recompile pc=0x0000023aa9b33020 method=java.util.AbstractList$Itr.hasNext()Z @ 8 c2
Event: 3.080 Thread 0x0000023a9a4cce30 DEOPT PACKING pc=0x0000023aa9b33020 sp=0x0000006345bfc550
Event: 3.080 Thread 0x0000023a9a4cce30 DEOPT UNPACKING pc=0x0000023aa95b69a3 sp=0x0000006345bfc4e8 mode 2
Event: 3.080 Thread 0x0000023a9a4cce30 Uncommon trap: trap_request=0xffffffde fr.pc=0x0000023aa9b36978 relative=0x00000000000000d8
Event: 3.080 Thread 0x0000023a9a4cce30 Uncommon trap: reason=class_check action=maybe_recompile pc=0x0000023aa9b36978 method=java.util.AbstractList$Itr.next()Ljava/lang/Object; @ 14 c2
Event: 3.080 Thread 0x0000023a9a4cce30 DEOPT PACKING pc=0x0000023aa9b36978 sp=0x0000006345bfc540
Event: 3.080 Thread 0x0000023a9a4cce30 DEOPT UNPACKING pc=0x0000023aa95b69a3 sp=0x0000006345bfc4d8 mode 2
Event: 3.095 Thread 0x0000023a9a4cce30 Uncommon trap: trap_request=0xffffff45 fr.pc=0x0000023aa9b91a74 relative=0x0000000000000514
Event: 3.095 Thread 0x0000023a9a4cce30 Uncommon trap: reason=unstable_if action=reinterpret pc=0x0000023aa9b91a74 method=java.lang.invoke.VarForm.getMemberName(I)Ljava/lang/invoke/MemberName; @ 8 c2
Event: 3.095 Thread 0x0000023a9a4cce30 DEOPT PACKING pc=0x0000023aa9b91a74 sp=0x0000006345bfd2b0
Event: 3.095 Thread 0x0000023a9a4cce30 DEOPT UNPACKING pc=0x0000023aa95b69a3 sp=0x0000006345bfd210 mode 2
Event: 3.181 Thread 0x0000023a9a4cce30 Uncommon trap: trap_request=0xffffffde fr.pc=0x0000023aa9b33020 relative=0x0000000000000080
Event: 3.181 Thread 0x0000023a9a4cce30 Uncommon trap: reason=class_check action=maybe_recompile pc=0x0000023aa9b33020 method=java.util.AbstractList$Itr.hasNext()Z @ 8 c2
Event: 3.181 Thread 0x0000023a9a4cce30 DEOPT PACKING pc=0x0000023aa9b33020 sp=0x0000006345bfd3d0
Event: 3.181 Thread 0x0000023a9a4cce30 DEOPT UNPACKING pc=0x0000023aa95b69a3 sp=0x0000006345bfd368 mode 2

Classes loaded (20 events):
Event: 12.012 Loading class sun/nio/fs/WindowsSecurityDescriptor
Event: 12.012 Loading class sun/nio/fs/WindowsSecurityDescriptor done
Event: 12.013 Loading class sun/nio/fs/WindowsChannelFactory
Event: 12.013 Loading class sun/nio/fs/WindowsChannelFactory done
Event: 12.013 Loading class sun/nio/fs/WindowsChannelFactory$1
Event: 12.013 Loading class sun/nio/fs/WindowsChannelFactory$1 done
Event: 12.013 Loading class sun/nio/fs/WindowsChannelFactory$Flags
Event: 12.013 Loading class sun/nio/fs/WindowsChannelFactory$Flags done
Event: 12.013 Loading class sun/nio/fs/WindowsChannelFactory$2
Event: 12.013 Loading class sun/nio/fs/WindowsChannelFactory$2 done
Event: 12.014 Loading class sun/nio/ch/FileChannelImpl$Closer
Event: 12.014 Loading class sun/nio/ch/FileChannelImpl$Closer done
Event: 12.016 Loading class java/util/stream/Streams$1
Event: 12.016 Loading class java/util/stream/Streams$1 done
Event: 12.027 Loading class java/nio/file/FileChannelLinesSpliterator$1
Event: 12.028 Loading class java/nio/file/FileChannelLinesSpliterator$1 done
Event: 12.028 Loading class java/nio/channels/Channels
Event: 12.028 Loading class java/nio/channels/Channels done
Event: 12.041 Loading class jdk/internal/misc/ScopedMemoryAccess$Scope
Event: 12.041 Loading class jdk/internal/misc/ScopedMemoryAccess$Scope done

Classes unloaded (0 events):
No events

Classes redefined (0 events):
No events

Internal exceptions (20 events):
Event: 1.575 Thread 0x0000023a9a4cce30 Exception <a 'java/lang/NoSuchMethodError'{0x00000007142eb508}: 'java.lang.Object java.lang.invoke.DirectMethodHandle$Holder.invokeStaticInit(java.lang.Object)'> (0x00000007142eb508) 
thrown [s\src\hotspot\share\interpreter\linkResolver.cpp, line 759]
Event: 1.590 Thread 0x0000023a9a4cce30 Exception <a 'java/lang/NoSuchMethodError'{0x00000007143060b8}: 'int java.lang.invoke.DirectMethodHandle$Holder.invokeSpecial(java.lang.Object, java.lang.Object, java.lang.Object)'> (0x00000007143060b8) 
thrown [s\src\hotspot\share\interpreter\linkResolver.cpp, line 759]
Event: 1.705 Thread 0x0000023a9a4cce30 Exception <a 'java/lang/NoSuchMethodError'{0x0000000714061e90}: 'void java.lang.invoke.DirectMethodHandle$Holder.invokeStatic(java.lang.Object, java.lang.Object)'> (0x0000000714061e90) 
thrown [s\src\hotspot\share\interpreter\linkResolver.cpp, line 759]
Event: 1.707 Thread 0x0000023a9a4cce30 Implicit null exception at 0x0000023aa9b62c10 to 0x0000023aa9b631a4
Event: 1.707 Thread 0x0000023a9a4cce30 Implicit null exception at 0x0000023aa9b48310 to 0x0000023aa9b488b8
Event: 1.742 Thread 0x0000023a9a4cce30 Exception <a 'java/lang/NoClassDefFoundError'{0x00000007140e5028}: org/slf4j/impl/StaticMarkerBinder> (0x00000007140e5028) 
thrown [s\src\hotspot\share\classfile\systemDictionary.cpp, line 245]
Event: 1.763 Thread 0x0000023a9a4cce30 Exception <a 'java/lang/NoSuchMethodError'{0x0000000714192ab0}: 'java.lang.Object java.lang.invoke.Invokers$Holder.invoker(java.lang.Object, java.lang.Object, java.lang.Object)'> (0x0000000714192ab0) 
thrown [s\src\hotspot\share\interpreter\linkResolver.cpp, line 759]
Event: 1.764 Thread 0x0000023a9a4cce30 Exception <a 'java/lang/NoSuchMethodError'{0x000000071419bc08}: 'java.lang.Object java.lang.invoke.DirectMethodHandle$Holder.invokeStatic(java.lang.Object, java.lang.Object, int)'> (0x000000071419bc08) 
thrown [s\src\hotspot\share\interpreter\linkResolver.cpp, line 759]
Event: 1.772 Thread 0x0000023a9a4cce30 Exception <a 'java/lang/NoSuchMethodError'{0x00000007141a78f8}: 'void java.lang.invoke.DelegatingMethodHandle$Holder.delegate(java.lang.Object, java.lang.Object, int, java.lang.Object)'> (0x00000007141a78f8) 
thrown [s\src\hotspot\share\interpreter\linkResolver.cpp, line 759]
Event: 1.788 Thread 0x0000023a9a4cce30 Exception <a 'java/lang/NoSuchMethodError'{0x00000007141baf40}: 'java.lang.Object java.lang.invoke.Invokers$Holder.invokeExact_MT(java.lang.Object, java.lang.Object, java.lang.Object, java.lang.Object)'> (0x00000007141baf40) 
thrown [s\src\hotspot\share\interpreter\linkResolver.cpp, line 759]
Event: 1.794 Thread 0x0000023a9a4cce30 Exception <a 'java/lang/NoSuchMethodError'{0x00000007141dee58}: 'java.lang.Object java.lang.invoke.DirectMethodHandle$Holder.invokeVirtual(java.lang.Object, java.lang.Object, java.lang.Object)'> (0x00000007141dee58) 
thrown [s\src\hotspot\share\interpreter\linkResolver.cpp, line 759]
Event: 1.940 Thread 0x0000023a9a4cce30 Exception <a 'java/lang/NoSuchMethodError'{0x0000000713d1d948}: 'java.lang.Object java.lang.invoke.DirectMethodHandle$Holder.newInvokeSpecial(java.lang.Object, java.lang.Object, java.lang.Object, java.lang.Object, java.lang.Object)'> (0x0000000713d1d948) 
thrown [s\src\hotspot\share\interpreter\linkResolver.cpp, line 759]
Event: 1.970 Thread 0x0000023a9a4cce30 Exception <a 'java/lang/NoSuchMethodError'{0x0000000713a32988}: 'void java.lang.invoke.DirectMethodHandle$Holder.invokeSpecial(java.lang.Object, java.lang.Object, java.lang.Object)'> (0x0000000713a32988) 
thrown [s\src\hotspot\share\interpreter\linkResolver.cpp, line 759]
Event: 2.091 Thread 0x0000023a9a4cce30 Exception <a 'java/lang/NoSuchMethodError'{0x0000000713b1efe0}: 'int java.lang.invoke.DirectMethodHandle$Holder.invokeVirtual(java.lang.Object, java.lang.Object, java.lang.Object)'> (0x0000000713b1efe0) 
thrown [s\src\hotspot\share\interpreter\linkResolver.cpp, line 759]
Event: 2.296 Thread 0x0000023a9a4cce30 Exception <a 'java/lang/NoSuchMethodError'{0x00000007135ef490}: 'java.lang.Object java.lang.invoke.DirectMethodHandle$Holder.invokeSpecialIFC(java.lang.Object, java.lang.Object, java.lang.Object, java.lang.Object)'> (0x00000007135ef490) 
thrown [s\src\hotspot\share\interpreter\linkResolver.cpp, line 759]
Event: 2.431 Thread 0x0000023a9a4cce30 Exception <a 'java/lang/NoSuchMethodError'{0x00000007130bc458}: 'java.lang.Object java.lang.invoke.DirectMethodHandle$Holder.invokeStaticInit(java.lang.Object, int, int, int, int)'> (0x00000007130bc458) 
thrown [s\src\hotspot\share\interpreter\linkResolver.cpp, line 759]
Event: 2.619 Thread 0x0000023a9a4cce30 Exception <a 'java/lang/NoSuchMethodError'{0x0000000713195b10}: 'java.lang.Object java.lang.invoke.DirectMethodHandle$Holder.invokeStaticInit(java.lang.Object, java.lang.Object, int, int, int, int)'> (0x0000000713195b10) 
thrown [s\src\hotspot\share\interpreter\linkResolver.cpp, line 759]
Event: 2.934 Thread 0x0000023a9a4cce30 Exception <a 'java/lang/NoSuchMethodError'{0x00000007131c84f8}: 'void java.lang.invoke.DirectMethodHandle$Holder.invokeStatic(java.lang.Object, java.lang.Object, java.lang.Object)'> (0x00000007131c84f8) 
thrown [s\src\hotspot\share\interpreter\linkResolver.cpp, line 759]
Event: 2.980 Thread 0x0000023a9a4cce30 Implicit null exception at 0x0000023aa9b44572 to 0x0000023aa9b44bcc
Event: 12.005 Thread 0x0000023a9a4cce30 Exception <a 'sun/net/ConnectionResetException'{0x0000000712d2a738}: Connection reset> (0x0000000712d2a738) 
thrown [s\src\hotspot\share\prims\jni.cpp, line 535]

VM Operations (20 events):
Event: 1.704 Executing VM operation: HandshakeAllThreads
Event: 1.704 Executing VM operation: HandshakeAllThreads done
Event: 2.312 Executing VM operation: HandshakeAllThreads
Event: 2.312 Executing VM operation: HandshakeAllThreads done
Event: 2.312 Executing VM operation: Cleanup
Event: 2.312 Executing VM operation: Cleanup done
Event: 2.598 Executing VM operation: HandshakeAllThreads
Event: 2.598 Executing VM operation: HandshakeAllThreads done
Event: 3.018 Executing VM operation: HandshakeAllThreads
Event: 3.018 Executing VM operation: HandshakeAllThreads done
Event: 3.191 Executing VM operation: HandshakeAllThreads
Event: 3.192 Executing VM operation: HandshakeAllThreads done
Event: 4.194 Executing VM operation: Cleanup
Event: 4.194 Executing VM operation: Cleanup done
Event: 6.198 Executing VM operation: Cleanup
Event: 6.198 Executing VM operation: Cleanup done
Event: 9.209 Executing VM operation: Cleanup
Event: 9.209 Executing VM operation: Cleanup done
Event: 11.217 Executing VM operation: Cleanup
Event: 11.217 Executing VM operation: Cleanup done

Memory protections (0 events):
No events

Nmethod flushes (0 events):
No events

Events (19 events):
Event: 0.053 Thread 0x0000023a9a4cce30 Thread added: 0x0000023a9a4cce30
Event: 0.056 Thread 0x0000023a9a4cce30 Thread added: 0x0000023abd2d4d50
Event: 0.056 Thread 0x0000023a9a4cce30 Thread added: 0x0000023abd2d82a0
Event: 0.069 Thread 0x0000023a9a4cce30 Thread added: 0x0000023abd4018b0
Event: 0.069 Thread 0x0000023a9a4cce30 Thread added: 0x0000023abd403d00
Event: 0.069 Thread 0x0000023a9a4cce30 Thread added: 0x0000023abd405140
Event: 0.069 Thread 0x0000023a9a4cce30 Thread added: 0x0000023abd4061b0
Event: 0.070 Thread 0x0000023a9a4cce30 Thread added: 0x0000023abd40c270
Event: 0.070 Thread 0x0000023a9a4cce30 Thread added: 0x0000023abd437170
Event: 0.070 Thread 0x0000023a9a4cce30 Thread added: 0x0000023abd43b520
Event: 0.098 Thread 0x0000023a9a4cce30 Thread added: 0x0000023abd56fa40
Event: 0.101 Thread 0x0000023a9a4cce30 Thread added: 0x0000023abd56ff50
Event: 0.752 Thread 0x0000023abd437170 Thread added: 0x0000023abd759f80
Event: 0.760 Thread 0x0000023abd437170 Thread added: 0x0000023abd8bcfe0
Event: 1.541 Thread 0x0000023abd8bcfe0 Thread exited: 0x0000023abd8bcfe0
Event: 1.855 Thread 0x0000023a9a4cce30 Thread added: 0x0000023abd572ce0
Event: 2.346 Thread 0x0000023abd759f80 Thread exited: 0x0000023abd759f80
Event: 12.061 Thread 0x0000023abd437170 Thread added: 0x0000023aff52a2b0
Event: 12.073 Thread 0x0000023aff52a2b0 Thread added: 0x0000023aff4d20b0


Dynamic libraries:
0x00007ff6972c0000 - 0x00007ff6972ce000 	E:\JAVA\bin\java.exe
0x00007ffad2460000 - 0x00007ffad26c6000 	C:\WINDOWS\SYSTEM32\ntdll.dll
0x00007ffad12a0000 - 0x00007ffad1369000 	C:\WINDOWS\System32\KERNEL32.DLL
0x00007ffacfdd0000 - 0x00007ffad01ca000 	C:\WINDOWS\System32\KERNELBASE.dll
0x00007ffacfc80000 - 0x00007ffacfdcc000 	C:\WINDOWS\System32\ucrtbase.dll
0x00007ffabd9b0000 - 0x00007ffabd9c8000 	E:\JAVA\bin\jli.dll
0x00007ffabd920000 - 0x00007ffabd93e000 	E:\JAVA\bin\VCRUNTIME140.dll
0x00007ffad2250000 - 0x00007ffad2417000 	C:\WINDOWS\System32\USER32.dll
0x00007ffaba700000 - 0x00007ffaba992000 	C:\WINDOWS\WinSxS\amd64_microsoft.windows.common-controls_6595b64144ccf1df_6.0.26100.8521_none_3e08b75ce33403b3\COMCTL32.dll
0x00007ffacf910000 - 0x00007ffacf937000 	C:\WINDOWS\System32\win32u.dll
0x00007ffad18d0000 - 0x00007ffad18fb000 	C:\WINDOWS\System32\GDI32.dll
0x00007ffad1820000 - 0x00007ffad18c9000 	C:\WINDOWS\System32\msvcrt.dll
0x00007ffacfac0000 - 0x00007ffacfbeb000 	C:\WINDOWS\System32\gdi32full.dll
0x00007ffacf7b0000 - 0x00007ffacf853000 	C:\WINDOWS\System32\msvcp_win.dll
0x00007ffad01d0000 - 0x00007ffad0202000 	C:\WINDOWS\System32\IMM32.DLL
0x00007ffabee50000 - 0x00007ffabee5c000 	E:\JAVA\bin\vcruntime140_1.dll
0x00007ffaa3970000 - 0x00007ffaa39fd000 	E:\JAVA\bin\msvcp140.dll
0x00007ffa57830000 - 0x00007ffa5849b000 	E:\JAVA\bin\server\jvm.dll
0x00007ffad0e60000 - 0x00007ffad0f16000 	C:\WINDOWS\System32\ADVAPI32.dll
0x00007ffad1900000 - 0x00007ffad19aa000 	C:\WINDOWS\System32\sechost.dll
0x00007ffad1700000 - 0x00007ffad1818000 	C:\WINDOWS\System32\RPCRT4.dll
0x00007ffad1a20000 - 0x00007ffad1aa0000 	C:\WINDOWS\System32\WS2_32.dll
0x00007ffaba9a0000 - 0x00007ffaba9d6000 	C:\WINDOWS\SYSTEM32\WINMM.dll
0x00007ffacf550000 - 0x00007ffacf5ae000 	C:\WINDOWS\SYSTEM32\POWRPROF.dll
0x00007ffabefa0000 - 0x00007ffabefab000 	C:\WINDOWS\SYSTEM32\VERSION.dll
0x00007ffacf530000 - 0x00007ffacf544000 	C:\WINDOWS\SYSTEM32\UMPDC.dll
0x00007fface440000 - 0x00007fface45b000 	C:\WINDOWS\SYSTEM32\kernel.appcore.dll
0x00007ffabdba0000 - 0x00007ffabdbaa000 	E:\JAVA\bin\jimage.dll
0x00007ffacce70000 - 0x00007ffacd0b2000 	C:\WINDOWS\SYSTEM32\DBGHELP.DLL
0x00007ffad0ad0000 - 0x00007ffad0e53000 	C:\WINDOWS\System32\combase.dll
0x00007ffad0fb0000 - 0x00007ffad1089000 	C:\WINDOWS\System32\OLEAUT32.dll
0x00007ffabb1d0000 - 0x00007ffabb20b000 	C:\WINDOWS\SYSTEM32\dbgcore.DLL
0x00007ffacf860000 - 0x00007ffacf908000 	C:\WINDOWS\System32\bcryptPrimitives.dll
0x00007ffab91a0000 - 0x00007ffab91c5000 	E:\JAVA\bin\java.dll
0x00007ffa9b580000 - 0x00007ffa9b657000 	E:\JAVA\bin\jsvml.dll
0x00007ffad1ab0000 - 0x00007ffad2234000 	C:\WINDOWS\System32\SHELL32.dll
0x00007ffacd270000 - 0x00007ffacdaf0000 	C:\WINDOWS\SYSTEM32\windows.storage.dll
0x00007ffad0850000 - 0x00007ffad0946000 	C:\WINDOWS\System32\SHCORE.dll
0x00007ffad0720000 - 0x00007ffad0787000 	C:\WINDOWS\System32\shlwapi.dll
0x00007ffacf610000 - 0x00007ffacf639000 	C:\WINDOWS\SYSTEM32\profapi.dll
0x00007ffabd8b0000 - 0x00007ffabd8ca000 	E:\JAVA\bin\net.dll
0x00007ffabfa20000 - 0x00007ffabfb49000 	C:\WINDOWS\SYSTEM32\WINHTTP.dll
0x00007fface990000 - 0x00007fface9fc000 	C:\WINDOWS\system32\mswsock.dll
0x00007ffabc690000 - 0x00007ffabc6a6000 	E:\JAVA\bin\nio.dll
0x00007ffab9140000 - 0x00007ffab9158000 	E:\JAVA\bin\zip.dll
0x00007ffabdb10000 - 0x00007ffabdb20000 	E:\JAVA\bin\verify.dll
0x00007ffac06e0000 - 0x00007ffac06ea000 	E:\JAVA\bin\management.dll
0x00007ffabb4b0000 - 0x00007ffabb4bc000 	E:\JAVA\bin\management_ext.dll
0x00007ffad2240000 - 0x00007ffad2248000 	C:\WINDOWS\System32\PSAPI.DLL
0x00007ffab90b0000 - 0x00007ffab90d7000 	E:\gradle\native\c067742578af261105cb4f569cf0c3c89f3d7b1fecec35dd04571415982c5e48\windows-amd64\native-platform.dll
0x00007ffaced90000 - 0x00007ffacedab000 	C:\WINDOWS\SYSTEM32\CRYPTSP.dll
0x00007fface3a0000 - 0x00007fface3d9000 	C:\WINDOWS\system32\rsaenh.dll
0x00007ffacea40000 - 0x00007ffacea73000 	C:\WINDOWS\SYSTEM32\USERENV.dll
0x00007ffacf5e0000 - 0x00007ffacf60a000 	C:\WINDOWS\SYSTEM32\bcrypt.dll
0x00007ffacebf0000 - 0x00007ffacebfc000 	C:\WINDOWS\SYSTEM32\CRYPTBASE.dll
0x00007ffacde20000 - 0x00007ffacde53000 	C:\WINDOWS\SYSTEM32\IPHLPAPI.DLL
0x00007ffad19b0000 - 0x00007ffad19ba000 	C:\WINDOWS\System32\NSI.dll
0x00007ffac44d0000 - 0x00007ffac44ed000 	C:\WINDOWS\SYSTEM32\dhcpcsvc6.DLL
0x00007ffac44a0000 - 0x00007ffac44c5000 	C:\WINDOWS\SYSTEM32\dhcpcsvc.DLL
0x00007ffacdeb0000 - 0x00007ffacdffa000 	C:\WINDOWS\SYSTEM32\DNSAPI.dll
0x00007fface7d0000 - 0x00007fface7dd000 	C:\WINDOWS\SYSTEM32\DSPARSE.dll
0x00007ffabd7f0000 - 0x00007ffabd7f9000 	E:\JAVA\bin\extnet.dll
0x00007ffabdaa0000 - 0x00007ffabdaae000 	E:\JAVA\bin\sunmscapi.dll
0x00007ffacf940000 - 0x00007ffacfab8000 	C:\WINDOWS\System32\CRYPT32.dll
0x00007ffaceef0000 - 0x00007ffacef20000 	C:\WINDOWS\SYSTEM32\ncrypt.dll
0x00007ffaceea0000 - 0x00007ffaceedf000 	C:\WINDOWS\SYSTEM32\NTASN1.dll
0x00007ffab7250000 - 0x00007ffab7258000 	C:\WINDOWS\system32\wshunix.dll

dbghelp: loaded successfully - version: 4.0.5 - missing functions: none
symbol engine: initialized successfully - sym options: 0x614 - pdb path: .;E:\JAVA\bin;C:\WINDOWS\SYSTEM32;C:\WINDOWS\WinSxS\amd64_microsoft.windows.common-controls_6595b64144ccf1df_6.0.26100.8521_none_3e08b75ce33403b3;E:\JAVA\bin\server;E:\gradle\native\c067742578af261105cb4f569cf0c3c89f3d7b1fecec35dd04571415982c5e48\windows-amd64

VM Arguments:
jvm_args: -Dorg.gradle.appname=gradlew 
java_command: org.gradle.wrapper.GradleWrapperMain -q -Ptarget-platform=android-arm,android-arm64,android-x64 -Ptarget=lib\main.dart -Pbase-application-name=android.app.Application -Pdart-defines=RkxVVFRFUl9WRVJTSU9OPTMuNDEuOQ==,RkxVVFRFUl9DSEFOTkVMPXN0YWJsZQ==,RkxVVFRFUl9HSVRfVVJMPWh0dHBzOi8vZ2l0aHViLmNvbS9mbHV0dGVyL2ZsdXR0ZXIuZ2l0,RkxVVFRFUl9GUkFNRVdPUktfUkVWSVNJT049MDBiMGM5MWYwNg==,RkxVVFRFUl9FTkdJTkVfUkVWSVNJT049NDJkM2Q3NWE1Ng==,RkxVVFRFUl9EQVJUX1ZFUlNJT049My4xMS41 -Pdart-obfuscation=false -Ptrack-widget-creation=true -Ptree-shake-icons=true assembleRelease
java_class_path (initial): E:\voice_test\android\\gradle\wrapper\gradle-wrapper.jar
Launcher Type: SUN_STANDARD

[Global flags]
     intx CICompilerCount                          = 4                                         {product} {ergonomic}
     uint ConcGCThreads                            = 2                                         {product} {ergonomic}
     uint G1ConcRefinementThreads                  = 8                                         {product} {ergonomic}
   size_t G1HeapRegionSize                         = 2097152                                   {product} {ergonomic}
    uintx GCDrainStackTargetSize                   = 64                                        {product} {ergonomic}
   size_t InitialHeapSize                          = 264241152                                 {product} {ergonomic}
   size_t MarkStackSize                            = 4194304                                   {product} {ergonomic}
   size_t MaxHeapSize                              = 4206886912                                {product} {ergonomic}
   size_t MaxNewSize                               = 2522873856                                {product} {ergonomic}
   size_t MinHeapDeltaBytes                        = 2097152                                   {product} {ergonomic}
   size_t MinHeapSize                              = 8388608                                   {product} {ergonomic}
    uintx NonNMethodCodeHeapSize                   = 5839372                                {pd product} {ergonomic}
    uintx NonProfiledCodeHeapSize                  = 122909434                              {pd product} {ergonomic}
    uintx ProfiledCodeHeapSize                     = 122909434                              {pd product} {ergonomic}
    uintx ReservedCodeCacheSize                    = 251658240                              {pd product} {ergonomic}
     bool SegmentedCodeCache                       = true                                      {product} {ergonomic}
   size_t SoftMaxHeapSize                          = 4206886912                             {manageable} {ergonomic}
     bool UseCompressedClassPointers               = true                           {product lp64_product} {ergonomic}
     bool UseCompressedOops                        = true                           {product lp64_product} {ergonomic}
     bool UseG1GC                                  = true                                      {product} {ergonomic}
     bool UseLargePagesIndividualAllocation        = false                                  {pd product} {ergonomic}

Logging:
Log output configuration:
 #0: stdout all=warning uptime,level,tags
 #1: stderr all=off uptime,level,tags

Environment Variables:
JAVA_HOME=E:\JAVA
CLASSPATH=E:\voice_test\android\\gradle\wrapper\gradle-wrapper.jar
PATH=E:\JAVA\bin;C:\Program Files\Common Files\Oracle\Java\javapath;C:\WINDOWS\system32;C:\WINDOWS;C:\WINDOWS\System32\Wbem;C:\WINDOWS\System32\WindowsPowerShell\v1.0\;C:\WINDOWS\System32\OpenSSH\;C:\Program Files\Git\cmd;C:\Program Files\Microsoft SQL Server\170\Tools\Binn\;C:\Program Files\Microsoft SQL Server\Client SDK\ODBC\170\Tools\Binn\;C:\Program Files\Microsoft SQL Server\170\DTS\Binn\;C:\Program Files\dotnet\;D:\Basira\;C:\ProgramData\chocolatey\bin;E:\JAVA\bin;E:\DOWNLOAD\New folder (2)\bin;C:\Program Files\Common Files\Oracle\Java\javapath;C:\WINDOWS\system32;C:\WINDOWS;C:\WINDOWS\System32\Wbem;C:\WINDOWS\System32\WindowsPowerShell\v1.0\;C:\WINDOWS\System32\OpenSSH\;C:\Program Files\Git\cmd;C:\Program Files\Microsoft SQL Server\170\Tools\Binn\;C:\Program Files\Microsoft SQL Server\Client SDK\ODBC\170\Tools\Binn\;C:\Program Files\Microsoft SQL Server\170\DTS\Binn\;C:\Program Files\dotnet\;D:\Basira\;C:\ProgramData\chocolatey\bin;C:\WINDOWS\system32;C:\WINDOWS;C:\WINDOWS\System32\Wbem;C:\WINDOWS\System32\WindowsPowerShell\v1.0\;C:\WINDOWS\System32\OpenSSH\;C:\Program Files\Git\cmd;C:\Program Files\Microsoft SQL Server\170\Tools\Binn\;C:\Program Files\Microsoft SQL Server\Client SDK\ODBC\170\Tools\Binn\;C:\Program Files\Microsoft SQL Server\170\DTS\Binn\;C:\Program Files\dotnet\;D:\Basira\;C:\ProgramData\chocolatey\bin;C:\Users\DELL\AppData\Local\Programs\Python\Python310\Scripts\;C:\Users\DELL\AppData\Local\Programs\Python\Python310\;C:\Users\DELL\AppData\Local\Prog;D:\flutter\bin;D:\download\Antigravity\bin;;c:\Users\DELL\.antigravity\extensions\ms-python.debugpy-2026.6.0-win32-x64\bundled\scripts\noConfigScripts;D:\flutter\bin\mingit\cmd
USERNAME=DELL
LANG=en_US.UTF-8
OS=Windows_NT
PROCESSOR_IDENTIFIER=Intel64 Family 6 Model 142 Stepping 12, GenuineIntel
TMP=C:\Users\DELL\AppData\Local\Temp
TEMP=C:\Users\DELL\AppData\Local\Temp



Periodic native trim disabled


---------------  S Y S T E M  ---------------

OS:
 Windows 11 , 64 bit Build 26100 (10.0.26100.8521)
OS uptime: 1 days 5:44 hours
Hyper-V role detected

CPU: total 8 (initial active 8) (4 cores per cpu, 2 threads per core) family 6 model 142 stepping 12 microcode 0xf8, cx8, cmov, fxsr, ht, mmx, 3dnowpref, sse, sse2, sse3, ssse3, sse4.1, sse4.2, popcnt, lzcnt, tsc, tscinvbit, avx, avx2, aes, erms, clmul, bmi1, bmi2, adx, fma, vzeroupper, clflush, clflushopt, hv
Processor Information for all 8 processors :
  Max Mhz: 2304, Current Mhz: 1803, Mhz Limit: 1797

Memory: 4k page, system-wide physical 16043M (2752M free)
TotalPageFile size 19236M (AvailPageFile size 5M)
current process WorkingSet (physical memory assigned to process): 108M, peak: 113M
current process commit charge ("private bytes"): 365M, peak: 373M

vm_info: OpenJDK 64-Bit Server VM (17.0.18+8) for windows-amd64 JRE (17.0.18+8), built on Jan 20 2026 22:28:22 by "admin" with MS VC++ 17.12 (VS2022)

END.
