#
# There is insufficient memory for the Java Runtime Environment to continue.
# Native memory allocation (malloc) failed to allocate 729776 bytes. Error detail: Chunk::new
# Possible reasons:
#   The system is out of physical RAM or swap space
#   This process is running with CompressedOops enabled, and the Java Heap may be blocking the growth of the native heap
# Possible solutions:
#   Reduce memory load on the system
#   Increase physical memory or swap space
#   Check if swap backing store is full
#   Decrease Java heap size (-Xmx/-Xms)
#   Decrease number of Java threads
#   Decrease Java thread stack sizes (-Xss)
#   Set larger code cache with -XX:ReservedCodeCacheSize=
#   JVM is running with Zero Based Compressed Oops mode in which the Java heap is
#     placed in the first 32GB address space. The Java Heap base address is the
#     maximum limit for the native heap growth. Please use -XX:HeapBaseMinAddress
#     to set the Java Heap base and to place the Java Heap above 32GB virtual address.
# This output file may be truncated or incomplete.
#
#  Out of Memory Error (arena.cpp:191), pid=23604, tid=16200
#
# JRE version: OpenJDK Runtime Environment Temurin-17.0.18+8 (17.0.18+8) (build 17.0.18+8)
# Java VM: OpenJDK 64-Bit Server VM Temurin-17.0.18+8 (17.0.18+8, mixed mode, sharing, tiered, compressed oops, compressed class ptrs, g1 gc, windows-amd64)
# No core dump will be written. Minidumps are not enabled by default on client versions of Windows
#

---------------  S U M M A R Y ------------

Command Line: --add-opens=java.base/java.lang=ALL-UNNAMED --add-opens=java.base/java.lang.invoke=ALL-UNNAMED --add-opens=java.base/java.util=ALL-UNNAMED --add-opens=java.prefs/java.util.prefs=ALL-UNNAMED --add-exports=jdk.compiler/com.sun.tools.javac.api=ALL-UNNAMED --add-exports=jdk.compiler/com.sun.tools.javac.util=ALL-UNNAMED --add-opens=java.base/java.util=ALL-UNNAMED --add-opens=java.prefs/java.util.prefs=ALL-UNNAMED --add-opens=java.base/java.nio.charset=ALL-UNNAMED --add-opens=java.base/java.net=ALL-UNNAMED --add-opens=java.base/java.util.concurrent.atomic=ALL-UNNAMED --add-opens=java.xml/javax.xml.namespace=ALL-UNNAMED -XX:MaxMetaspaceSize=1024m -Xmx4096m -Dfile.encoding=UTF-8 -Duser.country=US -Duser.language=en -Duser.variant -javaagent:E:\gradle\wrapper\dists\gradle-8.11.1-all\2qik7nd48slq1ooc2496ixf4i\gradle-8.11.1\lib\agents\gradle-instrumentation-agent-8.11.1.jar org.gradle.launcher.daemon.bootstrap.GradleDaemon 8.11.1

Host: Intel(R) Core(TM) i7-10610U CPU @ 1.80GHz, 8 cores, 15G,  Windows 11 , 64 bit Build 26100 (10.0.26100.8521)
Time: Thu Jun 11 23:51:36 2026 Egypt Daylight Time elapsed time: 64.269779 seconds (0d 0h 1m 4s)

---------------  T H R E A D  ---------------

Current thread (0x000001c3f701a340):  JavaThread "C2 CompilerThread0" daemon [_thread_in_native, id=16200, stack(0x000000973bd00000,0x000000973be00000)]


Current CompileTask:
C2:64269 14155       4       java.lang.reflect.AccessibleObject::checkCanSetAccessible (368 bytes)

Stack: [0x000000973bd00000,0x000000973be00000]
Native frames: (J=compiled Java code, j=interpreted, Vv=VM code, C=native code)
V  [jvm.dll+0x6846f9]
V  [jvm.dll+0x839ea5]
V  [jvm.dll+0x83b91e]
V  [jvm.dll+0x83bfa3]
V  [jvm.dll+0x248eff]
V  [jvm.dll+0xad496]
V  [jvm.dll+0xadb3c]
V  [jvm.dll+0x368bcf]
V  [jvm.dll+0x333055]
V  [jvm.dll+0x3324ba]
V  [jvm.dll+0x219db9]
V  [jvm.dll+0x219200]
V  [jvm.dll+0x1a4920]
V  [jvm.dll+0x22989a]
V  [jvm.dll+0x227a4b]
V  [jvm.dll+0x7f0658]
V  [jvm.dll+0x7eaaec]
V  [jvm.dll+0x6835c7]
C  [ucrtbase.dll+0x2cd30]
C  [KERNEL32.DLL+0x2e957]
C  [ntdll.dll+0x87c1c]


---------------  P R O C E S S  ---------------

Threads class SMR info:
_java_thread_list=0x000001c3fc5db9c0, length=59, elements={
0x000001c3cfc9e910, 0x000001c3f7006d60, 0x000001c3f70082a0, 0x000001c3f70155e0,
0x000001c3f7015eb0, 0x000001c3f7018300, 0x000001c3f7019740, 0x000001c3f701a340,
0x000001c3f7022d90, 0x000001c3f70431c0, 0x000001c3f2da5f90, 0x000001c3f71f3190,
0x000001c3f96e4e10, 0x000001c3f72d1040, 0x000001c3f89cde50, 0x000001c3f7e2da60,
0x000001c3f90dd690, 0x000001c3f978b130, 0x000001c3f978bb50, 0x000001c3f978c570,
0x000001c3f978b640, 0x000001c3f978c060, 0x000001c3f978ac20, 0x000001c3f993fa90,
0x000001c3f9941e00, 0x000001c3f99418f0, 0x000001c3f9942310, 0x000001c3f9940ed0,
0x000001c3f99413e0, 0x000001c3f99409c0, 0x000001c3f9942820, 0x000001c3f993f070,
0x000001c3f993ffa0, 0x000001c3f9942d30, 0x000001c3f9943240, 0x000001c3f9943c60,
0x000001c3f9944b90, 0x000001c3f9944680, 0x000001c3f99469f0, 0x000001c3f99464e0,
0x000001c3f9944170, 0x000001c3f9945fd0, 0x000001c3fca20e00, 0x000001c3fca21310,
0x000001c3fca1fed0, 0x000001c3fca208f0, 0x000001c3fca203e0, 0x000001c3fca21820,
0x000001c3fca22240, 0x000001c3fca22750, 0x000001c3fca1f4b0, 0x000001c3fca259f0,
0x000001c3fca23680, 0x000001c3fca23170, 0x000001c3fca24ac0, 0x000001c3fa3048b0,
0x000001c3fa302a50, 0x000001c3fa307130, 0x000001c3fd091050
}

Java Threads: ( => current thread )
  0x000001c3cfc9e910 JavaThread "main" [_thread_blocked, id=13140, stack(0x000000973b000000,0x000000973b100000)]
  0x000001c3f7006d60 JavaThread "Reference Handler" daemon [_thread_blocked, id=21712, stack(0x000000973b700000,0x000000973b800000)]
  0x000001c3f70082a0 JavaThread "Finalizer" daemon [_thread_blocked, id=21732, stack(0x000000973b800000,0x000000973b900000)]
  0x000001c3f70155e0 JavaThread "Signal Dispatcher" daemon [_thread_blocked, id=25284, stack(0x000000973b900000,0x000000973ba00000)]
  0x000001c3f7015eb0 JavaThread "Attach Listener" daemon [_thread_blocked, id=12644, stack(0x000000973ba00000,0x000000973bb00000)]
  0x000001c3f7018300 JavaThread "Service Thread" daemon [_thread_blocked, id=26380, stack(0x000000973bb00000,0x000000973bc00000)]
  0x000001c3f7019740 JavaThread "Monitor Deflation Thread" daemon [_thread_blocked, id=5116, stack(0x000000973bc00000,0x000000973bd00000)]
=>0x000001c3f701a340 JavaThread "C2 CompilerThread0" daemon [_thread_in_native, id=16200, stack(0x000000973bd00000,0x000000973be00000)]
  0x000001c3f7022d90 JavaThread "C1 CompilerThread0" daemon [_thread_in_native, id=23928, stack(0x000000973be00000,0x000000973bf00000)]
  0x000001c3f70431c0 JavaThread "Sweeper thread" daemon [_thread_blocked, id=17564, stack(0x000000973bf00000,0x000000973c000000)]
  0x000001c3f2da5f90 JavaThread "Common-Cleaner" daemon [_thread_blocked, id=22796, stack(0x000000973c000000,0x000000973c100000)]
  0x000001c3f71f3190 JavaThread "Notification Thread" daemon [_thread_blocked, id=3964, stack(0x000000973c100000,0x000000973c200000)]
  0x000001c3f96e4e10 JavaThread "Daemon health stats" [_thread_blocked, id=26368, stack(0x000000973cb00000,0x000000973cc00000)]
  0x000001c3f72d1040 JavaThread "Incoming local TCP Connector on port 63831" [_thread_in_native, id=26896, stack(0x000000973c300000,0x000000973c400000)]
  0x000001c3f89cde50 JavaThread "Daemon periodic checks" [_thread_blocked, id=25416, stack(0x000000973c400000,0x000000973c500000)]
  0x000001c3f7e2da60 JavaThread "Daemon" [_thread_blocked, id=10652, stack(0x000000973cc00000,0x000000973cd00000)]
  0x000001c3f90dd690 JavaThread "Handler for socket connection from /127.0.0.1:63831 to /127.0.0.1:63832" [_thread_in_native, id=27572, stack(0x000000973cd00000,0x000000973ce00000)]
  0x000001c3f978b130 JavaThread "Cancel handler" [_thread_blocked, id=24952, stack(0x000000973ce00000,0x000000973cf00000)]
  0x000001c3f978bb50 JavaThread "Daemon worker" [_thread_in_Java, id=16776, stack(0x000000973cf00000,0x000000973d000000)]
  0x000001c3f978c570 JavaThread "Asynchronous log dispatcher for DefaultDaemonConnection: socket connection from /127.0.0.1:63831 to /127.0.0.1:63832" [_thread_blocked, id=26412, stack(0x000000973d000000,0x000000973d100000)]
  0x000001c3f978b640 JavaThread "Stdin handler" [_thread_blocked, id=6652, stack(0x000000973d100000,0x000000973d200000)]
  0x000001c3f978c060 JavaThread "Daemon client event forwarder" [_thread_blocked, id=1968, stack(0x000000973d200000,0x000000973d300000)]
  0x000001c3f978ac20 JavaThread "Cache worker for journal cache (E:\gradle\caches\journal-1)" [_thread_blocked, id=26352, stack(0x000000973d300000,0x000000973d400000)]
  0x000001c3f993fa90 JavaThread "File lock request listener" [_thread_in_native, id=14348, stack(0x000000973d400000,0x000000973d500000)]
  0x000001c3f9941e00 JavaThread "Cache worker for file hash cache (E:\gradle\caches\8.11.1\fileHashes)" [_thread_blocked, id=21716, stack(0x000000973d500000,0x000000973d600000)]
  0x000001c3f99418f0 JavaThread "File lock release action executor" [_thread_blocked, id=3604, stack(0x000000973d600000,0x000000973d700000)]
  0x000001c3f9942310 JavaThread "Cache worker for file content cache (E:\gradle\caches\8.11.1\fileContent)" [_thread_blocked, id=23384, stack(0x000000973d800000,0x000000973d900000)]
  0x000001c3f9940ed0 JavaThread "Cache worker for file hash cache (E:\voice_test\android\.gradle\8.11.1\fileHashes)" [_thread_blocked, id=21828, stack(0x000000973da00000,0x000000973db00000)]
  0x000001c3f99413e0 JavaThread "Cache worker for Build Output Cleanup Cache (E:\voice_test\android\.gradle\buildOutputCleanup)" [_thread_blocked, id=16800, stack(0x000000973db00000,0x000000973dc00000)]
  0x000001c3f99409c0 JavaThread "File watcher server" daemon [_thread_in_native, id=18084, stack(0x000000973de00000,0x000000973df00000)]
  0x000001c3f9942820 JavaThread "File watcher consumer" daemon [_thread_blocked, id=11700, stack(0x000000973df00000,0x000000973e000000)]
  0x000001c3f993f070 JavaThread "Cache worker for checksums cache (E:\voice_test\android\.gradle\8.11.1\checksums)" [_thread_blocked, id=17884, stack(0x000000973d900000,0x000000973da00000)]
  0x000001c3f993ffa0 JavaThread "Cache worker for cache directory md-rule (E:\gradle\caches\8.11.1\md-rule)" [_thread_blocked, id=22412, stack(0x000000973e000000,0x000000973e100000)]
  0x000001c3f9942d30 JavaThread "Cache worker for cache directory md-supplier (E:\gradle\caches\8.11.1\md-supplier)" [_thread_blocked, id=7096, stack(0x000000973e100000,0x000000973e200000)]
  0x000001c3f9943240 JavaThread "jar transforms" [_thread_blocked, id=8584, stack(0x000000973e200000,0x000000973e300000)]
  0x000001c3f9943c60 JavaThread "Cache worker for Build Output Cleanup Cache (E:\flutter\packages\flutter_tools\gradle\.gradle\buildOutputCleanup)" [_thread_blocked, id=7640, stack(0x000000973d700000,0x000000973d800000)]
  0x000001c3f9944b90 JavaThread "Unconstrained build operations" [_thread_blocked, id=27072, stack(0x000000973e500000,0x000000973e600000)]
  0x000001c3f9944680 JavaThread "Unconstrained build operations Thread 2" [_thread_blocked, id=24104, stack(0x000000973e600000,0x000000973e700000)]
  0x000001c3f99469f0 JavaThread "Unconstrained build operations Thread 3" [_thread_blocked, id=20648, stack(0x000000973e400000,0x000000973e500000)]
  0x000001c3f99464e0 JavaThread "Memory manager" [_thread_blocked, id=23324, stack(0x000000973e700000,0x000000973e800000)]
  0x000001c3f9944170 JavaThread "build event listener" [_thread_blocked, id=20228, stack(0x000000973e800000,0x000000973e900000)]
  0x000001c3f9945fd0 JavaThread "included builds" [_thread_blocked, id=12380, stack(0x000000973ea00000,0x000000973eb00000)]
  0x000001c3fca20e00 JavaThread "Cache worker for execution history cache (E:\flutter\packages\flutter_tools\gradle\.gradle\8.11.1\executionHistory)" [_thread_blocked, id=1168, stack(0x000000973eb00000,0x000000973ec00000)]
  0x000001c3fca21310 JavaThread "Unconstrained build operations Thread 4" [_thread_blocked, id=15680, stack(0x000000973e900000,0x000000973ea00000)]
  0x000001c3fca1fed0 JavaThread "Unconstrained build operations Thread 5" [_thread_blocked, id=24268, stack(0x000000973ed00000,0x000000973ee00000)]
  0x000001c3fca208f0 JavaThread "Unconstrained build operations Thread 6" [_thread_blocked, id=22568, stack(0x000000973ee00000,0x000000973ef00000)]
  0x000001c3fca203e0 JavaThread "Unconstrained build operations Thread 7" [_thread_blocked, id=3924, stack(0x000000973f000000,0x000000973f100000)]
  0x000001c3fca21820 JavaThread "Unconstrained build operations Thread 8" [_thread_blocked, id=13440, stack(0x000000973f100000,0x000000973f200000)]
  0x000001c3fca22240 JavaThread "Unconstrained build operations Thread 9" [_thread_blocked, id=15600, stack(0x000000973f200000,0x000000973f300000)]
  0x000001c3fca22750 JavaThread "Unconstrained build operations Thread 10" [_thread_blocked, id=13544, stack(0x000000973ef00000,0x000000973f000000)]
  0x000001c3fca1f4b0 JavaThread "jar transforms Thread 2" [_thread_blocked, id=16696, stack(0x000000973f400000,0x000000973f500000)]
  0x000001c3fca259f0 JavaThread "jar transforms Thread 3" [_thread_blocked, id=23460, stack(0x000000973f500000,0x000000973f600000)]
  0x000001c3fca23680 JavaThread "jar transforms Thread 4" [_thread_blocked, id=11000, stack(0x000000973f600000,0x000000973f700000)]
  0x000001c3fca23170 JavaThread "jar transforms Thread 5" [_thread_blocked, id=25408, stack(0x000000973f700000,0x000000973f800000)]
  0x000001c3fca24ac0 JavaThread "build event listener" [_thread_blocked, id=24436, stack(0x000000973f800000,0x000000973f900000)]
  0x000001c3fa3048b0 JavaThread "jar transforms Thread 6" [_thread_blocked, id=19292, stack(0x000000973f900000,0x000000973fa00000)]
  0x000001c3fa302a50 JavaThread "jar transforms Thread 7" [_thread_blocked, id=24828, stack(0x000000973f300000,0x000000973f400000)]
  0x000001c3fa307130 JavaThread "jar transforms Thread 8" [_thread_blocked, id=22836, stack(0x000000973fb00000,0x000000973fc00000)]
  0x000001c3fd091050 JavaThread "C2 CompilerThread1" daemon [_thread_in_native, id=4608, stack(0x000000973ad00000,0x000000973ae00000)]

Other Threads:
  0x000001c3f2db6b60 VMThread "VM Thread" [stack: 0x000000973b600000,0x000000973b700000] [id=25768]
  0x000001c3f71f3670 WatcherThread [stack: 0x000000973c200000,0x000000973c300000] [id=25520]
  0x000001c3cfd0e010 GCTaskThread "GC Thread#0" [stack: 0x000000973b100000,0x000000973b200000] [id=23808]
  0x000001c3f7a10430 GCTaskThread "GC Thread#1" [stack: 0x000000973c500000,0x000000973c600000] [id=24628]
  0x000001c3f7a106f0 GCTaskThread "GC Thread#2" [stack: 0x000000973c600000,0x000000973c700000] [id=21160]
  0x000001c3f77eaae0 GCTaskThread "GC Thread#3" [stack: 0x000000973c700000,0x000000973c800000] [id=10176]
  0x000001c3f74a95f0 GCTaskThread "GC Thread#4" [stack: 0x000000973c800000,0x000000973c900000] [id=20244]
  0x000001c3f74a98b0 GCTaskThread "GC Thread#5" [stack: 0x000000973c900000,0x000000973ca00000] [id=12560]
  0x000001c3f732ed50 GCTaskThread "GC Thread#6" [stack: 0x000000973ca00000,0x000000973cb00000] [id=20736]
  0x000001c3f732fb10 GCTaskThread "GC Thread#7" [stack: 0x000000973dc00000,0x000000973dd00000] [id=22976]
  0x000001c3cfd1ee70 ConcurrentGCThread "G1 Main Marker" [stack: 0x000000973b200000,0x000000973b300000] [id=21800]
  0x000001c3cfd1f7a0 ConcurrentGCThread "G1 Conc#0" [stack: 0x000000973b300000,0x000000973b400000] [id=2252]
  0x000001c3f7330350 ConcurrentGCThread "G1 Conc#1" [stack: 0x000000973dd00000,0x000000973de00000] [id=14848]
  0x000001c3f2c6af80 ConcurrentGCThread "G1 Refine#0" [stack: 0x000000973b400000,0x000000973b500000] [id=14404]
  0x000001c3fd6eed40 ConcurrentGCThread "G1 Refine#1" [stack: 0x000000973fc00000,0x000000973fd00000] [id=27236]
  0x000001c3f2c6b8c0 ConcurrentGCThread "G1 Service" [stack: 0x000000973b500000,0x000000973b600000] [id=16148]

Threads with active compile tasks:
C2 CompilerThread0  64302 14155       4       java.lang.reflect.AccessibleObject::checkCanSetAccessible (368 bytes)
C2 CompilerThread1  64302 14170       4       java.util.Properties::loadConvert (540 bytes)

VM state: not at safepoint (normal execution)

VM Mutex/Monitor currently owned by a thread: None

Heap address: 0x0000000700000000, size: 4096 MB, Compressed Oops mode: Zero based, Oop shift amount: 3

CDS archive(s) mapped at: [0x000001c380000000-0x000001c380bb0000-0x000001c380bb0000), size 12255232, SharedBaseAddress: 0x000001c380000000, ArchiveRelocationMode: 1.
Compressed class space mapped at: 0x000001c381000000-0x000001c3b5000000, reserved size: 872415232
Narrow klass base: 0x000001c380000000, Narrow klass shift: 0, Narrow klass range: 0x100000000

GC Precious Log:
 CPUs: 8 total, 8 available
 Memory: 16043M
 Large Page Support: Disabled
 NUMA Support: Disabled
 Compressed Oops: Enabled (Zero based)
 Heap Region Size: 2M
 Heap Min Capacity: 8M
 Heap Initial Capacity: 252M
 Heap Max Capacity: 4G
 Pre-touch: Disabled
 Parallel Workers: 8
 Concurrent Workers: 2
 Concurrent Refinement Workers: 8
 Periodic GC: Disabled

Heap:
 garbage-first heap   total 299008K, used 230563K [0x0000000700000000, 0x0000000800000000)
  region size 2048K, 28 young (57344K), 2 survivors (4096K)
 Metaspace       used 98634K, committed 99712K, reserved 983040K
  class space    used 13790K, committed 14336K, reserved 851968K

Heap Regions: E=young(eden), S=young(survivor), O=old, HS=humongous(starts), HC=humongous(continues), CS=collection set, F=free, OA=open archive, CA=closed archive, TAMS=top-at-mark-start (previous, next)
|   0|0x0000000700000000, 0x0000000700200000, 0x0000000700200000|100%|HS|  |TAMS 0x0000000700200000, 0x0000000700000000| Complete 
|   1|0x0000000700200000, 0x0000000700400000, 0x0000000700400000|100%|HC|  |TAMS 0x0000000700400000, 0x0000000700200000| Complete 
|   2|0x0000000700400000, 0x0000000700600000, 0x0000000700600000|100%| O|  |TAMS 0x0000000700600000, 0x0000000700400000| Untracked 
|   3|0x0000000700600000, 0x0000000700800000, 0x0000000700800000|100%| O|  |TAMS 0x0000000700800000, 0x0000000700600000| Untracked 
|   4|0x0000000700800000, 0x0000000700a00000, 0x0000000700a00000|100%| O|  |TAMS 0x0000000700a00000, 0x0000000700800000| Untracked 
|   5|0x0000000700a00000, 0x0000000700bb3200, 0x0000000700c00000| 84%| O|  |TAMS 0x0000000700bb3200, 0x0000000700a00000| Untracked 
|   6|0x0000000700c00000, 0x0000000700e00000, 0x0000000700e00000|100%| O|  |TAMS 0x0000000700e00000, 0x0000000700c00000| Untracked 
|   7|0x0000000700e00000, 0x0000000701000000, 0x0000000701000000|100%| O|  |TAMS 0x0000000701000000, 0x0000000700e00000| Untracked 
|   8|0x0000000701000000, 0x0000000701200000, 0x0000000701200000|100%| O|  |TAMS 0x0000000701200000, 0x0000000701000000| Untracked 
|   9|0x0000000701200000, 0x0000000701400000, 0x0000000701400000|100%| O|  |TAMS 0x0000000701400000, 0x0000000701200000| Untracked 
|  10|0x0000000701400000, 0x0000000701600000, 0x0000000701600000|100%| O|  |TAMS 0x0000000701600000, 0x0000000701400000| Untracked 
|  11|0x0000000701600000, 0x0000000701800000, 0x0000000701800000|100%| O|  |TAMS 0x0000000701800000, 0x0000000701600000| Untracked 
|  12|0x0000000701800000, 0x0000000701a00000, 0x0000000701a00000|100%| O|  |TAMS 0x0000000701a00000, 0x0000000701800000| Untracked 
|  13|0x0000000701a00000, 0x0000000701c00000, 0x0000000701c00000|100%| O|  |TAMS 0x0000000701c00000, 0x0000000701a00000| Untracked 
|  14|0x0000000701c00000, 0x0000000701e00000, 0x0000000701e00000|100%| O|  |TAMS 0x0000000701e00000, 0x0000000701c00000| Untracked 
|  15|0x0000000701e00000, 0x0000000702000000, 0x0000000702000000|100%| O|  |TAMS 0x0000000702000000, 0x0000000701e00000| Untracked 
|  16|0x0000000702000000, 0x0000000702200000, 0x0000000702200000|100%| O|  |TAMS 0x0000000702200000, 0x0000000702000000| Untracked 
|  17|0x0000000702200000, 0x0000000702400000, 0x0000000702400000|100%| O|  |TAMS 0x0000000702400000, 0x0000000702200000| Untracked 
|  18|0x0000000702400000, 0x0000000702600000, 0x0000000702600000|100%| O|  |TAMS 0x0000000702600000, 0x0000000702400000| Untracked 
|  19|0x0000000702600000, 0x0000000702800000, 0x0000000702800000|100%| O|  |TAMS 0x0000000702800000, 0x0000000702600000| Untracked 
|  20|0x0000000702800000, 0x0000000702a00000, 0x0000000702a00000|100%|HS|  |TAMS 0x0000000702a00000, 0x0000000702800000| Complete 
|  21|0x0000000702a00000, 0x0000000702c00000, 0x0000000702c00000|100%|HS|  |TAMS 0x0000000702c00000, 0x0000000702a00000| Complete 
|  22|0x0000000702c00000, 0x0000000702e00000, 0x0000000702e00000|100%|HS|  |TAMS 0x0000000702e00000, 0x0000000702c00000| Complete 
|  23|0x0000000702e00000, 0x0000000703000000, 0x0000000703000000|100%|HC|  |TAMS 0x0000000703000000, 0x0000000702e00000| Complete 
|  24|0x0000000703000000, 0x0000000703200000, 0x0000000703200000|100%| O|  |TAMS 0x0000000703200000, 0x0000000703000000| Untracked 
|  25|0x0000000703200000, 0x0000000703400000, 0x0000000703400000|100%| O|  |TAMS 0x0000000703400000, 0x0000000703200000| Untracked 
|  26|0x0000000703400000, 0x0000000703600000, 0x0000000703600000|100%|HS|  |TAMS 0x0000000703600000, 0x0000000703400000| Complete 
|  27|0x0000000703600000, 0x0000000703800000, 0x0000000703800000|100%|HC|  |TAMS 0x0000000703800000, 0x0000000703600000| Complete 
|  28|0x0000000703800000, 0x0000000703a00000, 0x0000000703a00000|100%| O|  |TAMS 0x0000000703a00000, 0x0000000703800000| Untracked 
|  29|0x0000000703a00000, 0x0000000703c00000, 0x0000000703c00000|100%| O|  |TAMS 0x0000000703c00000, 0x0000000703a00000| Untracked 
|  30|0x0000000703c00000, 0x0000000703e00000, 0x0000000703e00000|100%| O|  |TAMS 0x0000000703e00000, 0x0000000703c00000| Untracked 
|  31|0x0000000703e00000, 0x0000000704000000, 0x0000000704000000|100%| O|  |TAMS 0x0000000704000000, 0x0000000703e00000| Untracked 
|  32|0x0000000704000000, 0x0000000704200000, 0x0000000704200000|100%| O|  |TAMS 0x0000000704200000, 0x0000000704000000| Untracked 
|  33|0x0000000704200000, 0x0000000704400000, 0x0000000704400000|100%| O|  |TAMS 0x0000000704200000, 0x0000000704200000| Untracked 
|  34|0x0000000704400000, 0x0000000704600000, 0x0000000704600000|100%| O|  |TAMS 0x0000000704600000, 0x0000000704400000| Untracked 
|  35|0x0000000704600000, 0x0000000704800000, 0x0000000704800000|100%| O|  |TAMS 0x0000000704800000, 0x0000000704600000| Untracked 
|  36|0x0000000704800000, 0x0000000704a00000, 0x0000000704a00000|100%|HS|  |TAMS 0x0000000704a00000, 0x0000000704800000| Complete 
|  37|0x0000000704a00000, 0x0000000704c00000, 0x0000000704c00000|100%| O|  |TAMS 0x0000000704a00000, 0x0000000704a00000| Untracked 
|  38|0x0000000704c00000, 0x0000000704e00000, 0x0000000704e00000|100%| O|  |TAMS 0x0000000704e00000, 0x0000000704c00000| Untracked 
|  39|0x0000000704e00000, 0x0000000705000000, 0x0000000705000000|100%|HS|  |TAMS 0x0000000705000000, 0x0000000704e00000| Complete 
|  40|0x0000000705000000, 0x0000000705200000, 0x0000000705200000|100%|HC|  |TAMS 0x0000000705200000, 0x0000000705000000| Complete 
|  41|0x0000000705200000, 0x0000000705400000, 0x0000000705400000|100%|HS|  |TAMS 0x0000000705400000, 0x0000000705200000| Complete 
|  42|0x0000000705400000, 0x0000000705600000, 0x0000000705600000|100%| O|  |TAMS 0x0000000705600000, 0x0000000705400000| Untracked 
|  43|0x0000000705600000, 0x0000000705800000, 0x0000000705800000|100%| O|  |TAMS 0x0000000705800000, 0x0000000705600000| Untracked 
|  44|0x0000000705800000, 0x0000000705a00000, 0x0000000705a00000|100%| O|  |TAMS 0x0000000705a00000, 0x0000000705800000| Untracked 
|  45|0x0000000705a00000, 0x0000000705c00000, 0x0000000705c00000|100%| O|  |TAMS 0x0000000705c00000, 0x0000000705a00000| Untracked 
|  46|0x0000000705c00000, 0x0000000705e00000, 0x0000000705e00000|100%| O|  |TAMS 0x0000000705e00000, 0x0000000705c00000| Untracked 
|  47|0x0000000705e00000, 0x0000000706000000, 0x0000000706000000|100%| O|  |TAMS 0x0000000706000000, 0x0000000705e00000| Untracked 
|  48|0x0000000706000000, 0x0000000706200000, 0x0000000706200000|100%| O|  |TAMS 0x0000000706200000, 0x0000000706000000| Untracked 
|  49|0x0000000706200000, 0x0000000706400000, 0x0000000706400000|100%| O|  |TAMS 0x0000000706400000, 0x0000000706200000| Untracked 
|  50|0x0000000706400000, 0x0000000706600000, 0x0000000706600000|100%| O|  |TAMS 0x0000000706400000, 0x0000000706400000| Untracked 
|  51|0x0000000706600000, 0x0000000706800000, 0x0000000706800000|100%| O|  |TAMS 0x0000000706600000, 0x0000000706600000| Untracked 
|  52|0x0000000706800000, 0x0000000706a00000, 0x0000000706a00000|100%| O|  |TAMS 0x0000000706800000, 0x0000000706800000| Untracked 
|  53|0x0000000706a00000, 0x0000000706c00000, 0x0000000706c00000|100%|HS|  |TAMS 0x0000000706a00000, 0x0000000706a00000| Complete 
|  54|0x0000000706c00000, 0x0000000706e00000, 0x0000000706e00000|100%|HC|  |TAMS 0x0000000706c00000, 0x0000000706c00000| Complete 
|  55|0x0000000706e00000, 0x0000000707000000, 0x0000000707000000|100%| O|  |TAMS 0x0000000706e00000, 0x0000000706e00000| Untracked 
|  56|0x0000000707000000, 0x0000000707200000, 0x0000000707200000|100%| O|  |TAMS 0x0000000707000000, 0x0000000707000000| Untracked 
|  57|0x0000000707200000, 0x0000000707400000, 0x0000000707400000|100%| O|  |TAMS 0x0000000707200000, 0x0000000707200000| Untracked 
|  58|0x0000000707400000, 0x0000000707600000, 0x0000000707600000|100%| O|  |TAMS 0x0000000707400000, 0x0000000707400000| Untracked 
|  59|0x0000000707600000, 0x0000000707800000, 0x0000000707800000|100%| O|  |TAMS 0x0000000707600000, 0x0000000707600000| Untracked 
|  60|0x0000000707800000, 0x0000000707a00000, 0x0000000707a00000|100%| O|  |TAMS 0x0000000707800000, 0x0000000707800000| Untracked 
|  61|0x0000000707a00000, 0x0000000707c00000, 0x0000000707c00000|100%| O|  |TAMS 0x0000000707a00000, 0x0000000707a00000| Untracked 
|  62|0x0000000707c00000, 0x0000000707e00000, 0x0000000707e00000|100%| O|  |TAMS 0x0000000707c00000, 0x0000000707c00000| Untracked 
|  63|0x0000000707e00000, 0x0000000708000000, 0x0000000708000000|100%| O|  |TAMS 0x0000000707e00000, 0x0000000707e00000| Untracked 
|  64|0x0000000708000000, 0x0000000708200000, 0x0000000708200000|100%| O|  |TAMS 0x0000000708000000, 0x0000000708000000| Untracked 
|  65|0x0000000708200000, 0x0000000708400000, 0x0000000708400000|100%| O|  |TAMS 0x0000000708200000, 0x0000000708200000| Untracked 
|  66|0x0000000708400000, 0x0000000708600000, 0x0000000708600000|100%| O|  |TAMS 0x0000000708400000, 0x0000000708400000| Untracked 
|  67|0x0000000708600000, 0x0000000708800000, 0x0000000708800000|100%| O|  |TAMS 0x0000000708600000, 0x0000000708600000| Untracked 
|  68|0x0000000708800000, 0x0000000708a00000, 0x0000000708a00000|100%| O|  |TAMS 0x0000000708800000, 0x0000000708800000| Untracked 
|  69|0x0000000708a00000, 0x0000000708c00000, 0x0000000708c00000|100%| O|  |TAMS 0x0000000708a00000, 0x0000000708a00000| Untracked 
|  70|0x0000000708c00000, 0x0000000708e00000, 0x0000000708e00000|100%| O|  |TAMS 0x0000000708c00000, 0x0000000708c00000| Untracked 
|  71|0x0000000708e00000, 0x0000000709000000, 0x0000000709000000|100%| O|  |TAMS 0x0000000708e00000, 0x0000000708e00000| Untracked 
|  72|0x0000000709000000, 0x0000000709200000, 0x0000000709200000|100%|HS|  |TAMS 0x0000000709000000, 0x0000000709000000| Complete 
|  73|0x0000000709200000, 0x0000000709400000, 0x0000000709400000|100%| O|  |TAMS 0x0000000709200000, 0x0000000709200000| Untracked 
|  74|0x0000000709400000, 0x0000000709600000, 0x0000000709600000|100%| O|  |TAMS 0x0000000709400000, 0x0000000709400000| Untracked 
|  75|0x0000000709600000, 0x0000000709800000, 0x0000000709800000|100%| O|  |TAMS 0x0000000709600000, 0x0000000709600000| Untracked 
|  76|0x0000000709800000, 0x0000000709a00000, 0x0000000709a00000|100%| O|  |TAMS 0x0000000709800000, 0x0000000709800000| Untracked 
|  77|0x0000000709a00000, 0x0000000709c00000, 0x0000000709c00000|100%| O|  |TAMS 0x0000000709a00000, 0x0000000709a00000| Untracked 
|  78|0x0000000709c00000, 0x0000000709e00000, 0x0000000709e00000|100%| O|  |TAMS 0x0000000709c00000, 0x0000000709c00000| Untracked 
|  79|0x0000000709e00000, 0x000000070a000000, 0x000000070a000000|100%| O|  |TAMS 0x0000000709e00000, 0x0000000709e00000| Untracked 
|  80|0x000000070a000000, 0x000000070a200000, 0x000000070a200000|100%| O|  |TAMS 0x000000070a000000, 0x000000070a000000| Untracked 
|  81|0x000000070a200000, 0x000000070a400000, 0x000000070a400000|100%| O|  |TAMS 0x000000070a200000, 0x000000070a200000| Untracked 
|  82|0x000000070a400000, 0x000000070a600000, 0x000000070a600000|100%| O|  |TAMS 0x000000070a400000, 0x000000070a400000| Untracked 
|  83|0x000000070a600000, 0x000000070a800000, 0x000000070a800000|100%| O|  |TAMS 0x000000070a600000, 0x000000070a600000| Untracked 
|  84|0x000000070a800000, 0x000000070aa00000, 0x000000070aa00000|100%| O|  |TAMS 0x000000070a800000, 0x000000070a800000| Untracked 
|  85|0x000000070aa00000, 0x000000070abf4e00, 0x000000070ac00000| 97%| O|  |TAMS 0x000000070aa00000, 0x000000070aa00000| Untracked 
|  86|0x000000070ac00000, 0x000000070ae00000, 0x000000070ae00000|100%|HS|  |TAMS 0x000000070ac00000, 0x000000070ac00000| Complete 
|  87|0x000000070ae00000, 0x000000070ae00000, 0x000000070b000000|  0%| F|  |TAMS 0x000000070ae00000, 0x000000070ae00000| Untracked 
|  88|0x000000070b000000, 0x000000070b000000, 0x000000070b200000|  0%| F|  |TAMS 0x000000070b000000, 0x000000070b000000| Untracked 
|  89|0x000000070b200000, 0x000000070b200000, 0x000000070b400000|  0%| F|  |TAMS 0x000000070b200000, 0x000000070b200000| Untracked 
|  90|0x000000070b400000, 0x000000070b400000, 0x000000070b600000|  0%| F|  |TAMS 0x000000070b400000, 0x000000070b400000| Untracked 
|  91|0x000000070b600000, 0x000000070b600000, 0x000000070b800000|  0%| F|  |TAMS 0x000000070b600000, 0x000000070b600000| Untracked 
|  92|0x000000070b800000, 0x000000070b800000, 0x000000070ba00000|  0%| F|  |TAMS 0x000000070b800000, 0x000000070b800000| Untracked 
|  93|0x000000070ba00000, 0x000000070ba00000, 0x000000070bc00000|  0%| F|  |TAMS 0x000000070ba00000, 0x000000070ba00000| Untracked 
|  94|0x000000070bc00000, 0x000000070bc00000, 0x000000070be00000|  0%| F|  |TAMS 0x000000070bc00000, 0x000000070bc00000| Untracked 
|  95|0x000000070be00000, 0x000000070be00000, 0x000000070c000000|  0%| F|  |TAMS 0x000000070be00000, 0x000000070be00000| Untracked 
|  96|0x000000070c000000, 0x000000070c000000, 0x000000070c200000|  0%| F|  |TAMS 0x000000070c000000, 0x000000070c000000| Untracked 
|  97|0x000000070c200000, 0x000000070c200000, 0x000000070c400000|  0%| F|  |TAMS 0x000000070c200000, 0x000000070c200000| Untracked 
|  98|0x000000070c400000, 0x000000070c400000, 0x000000070c600000|  0%| F|  |TAMS 0x000000070c400000, 0x000000070c400000| Untracked 
|  99|0x000000070c600000, 0x000000070c600000, 0x000000070c800000|  0%| F|  |TAMS 0x000000070c600000, 0x000000070c600000| Untracked 
| 100|0x000000070c800000, 0x000000070c800000, 0x000000070ca00000|  0%| F|  |TAMS 0x000000070c800000, 0x000000070c800000| Untracked 
| 101|0x000000070ca00000, 0x000000070ca00000, 0x000000070cc00000|  0%| F|  |TAMS 0x000000070ca00000, 0x000000070ca00000| Untracked 
| 102|0x000000070cc00000, 0x000000070cc00000, 0x000000070ce00000|  0%| F|  |TAMS 0x000000070cc00000, 0x000000070cc00000| Untracked 
| 103|0x000000070ce00000, 0x000000070ce00000, 0x000000070d000000|  0%| F|  |TAMS 0x000000070ce00000, 0x000000070ce00000| Untracked 
| 104|0x000000070d000000, 0x000000070d000000, 0x000000070d200000|  0%| F|  |TAMS 0x000000070d000000, 0x000000070d000000| Untracked 
| 105|0x000000070d200000, 0x000000070d200000, 0x000000070d400000|  0%| F|  |TAMS 0x000000070d200000, 0x000000070d200000| Untracked 
| 106|0x000000070d400000, 0x000000070d400000, 0x000000070d600000|  0%| F|  |TAMS 0x000000070d400000, 0x000000070d400000| Untracked 
| 107|0x000000070d600000, 0x000000070d600000, 0x000000070d800000|  0%| F|  |TAMS 0x000000070d600000, 0x000000070d600000| Untracked 
| 108|0x000000070d800000, 0x000000070d800000, 0x000000070da00000|  0%| F|  |TAMS 0x000000070d800000, 0x000000070d800000| Untracked 
| 109|0x000000070da00000, 0x000000070da00000, 0x000000070dc00000|  0%| F|  |TAMS 0x000000070da00000, 0x000000070da00000| Untracked 
| 110|0x000000070dc00000, 0x000000070dc00000, 0x000000070de00000|  0%| F|  |TAMS 0x000000070dc00000, 0x000000070dc00000| Untracked 
| 111|0x000000070de00000, 0x000000070de00000, 0x000000070e000000|  0%| F|  |TAMS 0x000000070de00000, 0x000000070de00000| Untracked 
| 112|0x000000070e000000, 0x000000070e180fa8, 0x000000070e200000| 75%| S|CS|TAMS 0x000000070e000000, 0x000000070e000000| Complete 
| 113|0x000000070e200000, 0x000000070e400000, 0x000000070e400000|100%| S|CS|TAMS 0x000000070e200000, 0x000000070e200000| Complete 
| 114|0x000000070e400000, 0x000000070e400000, 0x000000070e600000|  0%| F|  |TAMS 0x000000070e400000, 0x000000070e400000| Untracked 
| 115|0x000000070e600000, 0x000000070e600000, 0x000000070e800000|  0%| F|  |TAMS 0x000000070e600000, 0x000000070e600000| Untracked 
| 116|0x000000070e800000, 0x000000070e800000, 0x000000070ea00000|  0%| F|  |TAMS 0x000000070e800000, 0x000000070e800000| Untracked 
| 117|0x000000070ea00000, 0x000000070ea00000, 0x000000070ec00000|  0%| F|  |TAMS 0x000000070ea00000, 0x000000070ea00000| Untracked 
| 118|0x000000070ec00000, 0x000000070ec00000, 0x000000070ee00000|  0%| F|  |TAMS 0x000000070ec00000, 0x000000070ec00000| Untracked 
| 119|0x000000070ee00000, 0x000000070eec4d58, 0x000000070f000000| 38%| E|  |TAMS 0x000000070ee00000, 0x000000070ee00000| Complete 
| 120|0x000000070f000000, 0x000000070f200000, 0x000000070f200000|100%| E|CS|TAMS 0x000000070f000000, 0x000000070f000000| Complete 
| 121|0x000000070f200000, 0x000000070f400000, 0x000000070f400000|100%| E|CS|TAMS 0x000000070f200000, 0x000000070f200000| Complete 
| 122|0x000000070f400000, 0x000000070f600000, 0x000000070f600000|100%| E|CS|TAMS 0x000000070f400000, 0x000000070f400000| Complete 
| 123|0x000000070f600000, 0x000000070f800000, 0x000000070f800000|100%| E|CS|TAMS 0x000000070f600000, 0x000000070f600000| Complete 
| 124|0x000000070f800000, 0x000000070fa00000, 0x000000070fa00000|100%| E|  |TAMS 0x000000070f800000, 0x000000070f800000| Complete 
| 125|0x000000070fa00000, 0x000000070fc00000, 0x000000070fc00000|100%| E|CS|TAMS 0x000000070fa00000, 0x000000070fa00000| Complete 
| 126|0x000000070fc00000, 0x000000070fe00000, 0x000000070fe00000|100%| E|CS|TAMS 0x000000070fc00000, 0x000000070fc00000| Complete 
| 127|0x000000070fe00000, 0x0000000710000000, 0x0000000710000000|100%| E|CS|TAMS 0x000000070fe00000, 0x000000070fe00000| Complete 
| 128|0x0000000710000000, 0x0000000710200000, 0x0000000710200000|100%| E|CS|TAMS 0x0000000710000000, 0x0000000710000000| Complete 
| 129|0x0000000710200000, 0x0000000710400000, 0x0000000710400000|100%| E|CS|TAMS 0x0000000710200000, 0x0000000710200000| Complete 
| 130|0x0000000710400000, 0x0000000710600000, 0x0000000710600000|100%| E|CS|TAMS 0x0000000710400000, 0x0000000710400000| Complete 
| 131|0x0000000710600000, 0x0000000710800000, 0x0000000710800000|100%| E|CS|TAMS 0x0000000710600000, 0x0000000710600000| Complete 
| 132|0x0000000710800000, 0x0000000710a00000, 0x0000000710a00000|100%| E|CS|TAMS 0x0000000710800000, 0x0000000710800000| Complete 
| 133|0x0000000710a00000, 0x0000000710c00000, 0x0000000710c00000|100%| E|CS|TAMS 0x0000000710a00000, 0x0000000710a00000| Complete 
| 134|0x0000000710c00000, 0x0000000710e00000, 0x0000000710e00000|100%| E|CS|TAMS 0x0000000710c00000, 0x0000000710c00000| Complete 
| 135|0x0000000710e00000, 0x0000000711000000, 0x0000000711000000|100%| E|CS|TAMS 0x0000000710e00000, 0x0000000710e00000| Complete 
| 136|0x0000000711000000, 0x0000000711200000, 0x0000000711200000|100%| E|CS|TAMS 0x0000000711000000, 0x0000000711000000| Complete 
| 137|0x0000000711200000, 0x0000000711400000, 0x0000000711400000|100%| E|CS|TAMS 0x0000000711200000, 0x0000000711200000| Complete 
| 138|0x0000000711400000, 0x0000000711600000, 0x0000000711600000|100%| E|CS|TAMS 0x0000000711400000, 0x0000000711400000| Complete 
| 139|0x0000000711600000, 0x0000000711800000, 0x0000000711800000|100%| E|CS|TAMS 0x0000000711600000, 0x0000000711600000| Complete 
| 140|0x0000000711800000, 0x0000000711a00000, 0x0000000711a00000|100%| E|CS|TAMS 0x0000000711800000, 0x0000000711800000| Complete 
| 141|0x0000000711a00000, 0x0000000711c00000, 0x0000000711c00000|100%| E|CS|TAMS 0x0000000711a00000, 0x0000000711a00000| Complete 
| 142|0x0000000711c00000, 0x0000000711e00000, 0x0000000711e00000|100%| E|CS|TAMS 0x0000000711c00000, 0x0000000711c00000| Complete 
| 143|0x0000000711e00000, 0x0000000712000000, 0x0000000712000000|100%| E|CS|TAMS 0x0000000711e00000, 0x0000000711e00000| Complete 
| 144|0x0000000712000000, 0x0000000712200000, 0x0000000712200000|100%| E|CS|TAMS 0x0000000712000000, 0x0000000712000000| Complete 
| 145|0x0000000712200000, 0x0000000712400000, 0x0000000712400000|100%| E|CS|TAMS 0x0000000712200000, 0x0000000712200000| Complete 

Card table byte_map: [0x000001c3e7330000,0x000001c3e7b30000] _byte_map_base: 0x000001c3e3b30000

Marking Bits (Prev, Next): (CMBitMap*) 0x000001c3cfd0e540, (CMBitMap*) 0x000001c3cfd0e580
 Prev Bits: [0x000001c3e8330000, 0x000001c3ec330000)
 Next Bits: [0x000001c3ec330000, 0x000001c3f0330000)

Polling page: 0x000001c3cdb40000

Metaspace:

Usage:
  Non-class:     82.86 MB used.
      Class:     13.47 MB used.
       Both:     96.32 MB used.

Virtual space:
  Non-class space:      128.00 MB reserved,      83.38 MB ( 65%) committed,  2 nodes.
      Class space:      832.00 MB reserved,      14.00 MB (  2%) committed,  1 nodes.
             Both:      960.00 MB reserved,      97.38 MB ( 10%) committed. 

Chunk freelists:
   Non-Class:  12.19 MB
       Class:  1.92 MB
        Both:  14.11 MB

MaxMetaspaceSize: 1.00 GB
CompressedClassSpaceSize: 832.00 MB
Initial GC threshold: 21.00 MB
Current GC threshold: 124.38 MB
CDS: on
MetaspaceReclaimPolicy: balanced
 - commit_granule_bytes: 65536.
 - commit_granule_words: 8192.
 - virtual_space_node_default_size: 8388608.
 - enlarge_chunks_in_place: 1.
 - new_chunks_are_fully_committed: 0.
 - uncommit_free_chunks: 1.
 - use_allocation_guard: 0.
 - handle_deallocations: 1.


Internal statistics:

num_allocs_failed_limit: 6.
num_arena_births: 1490.
num_arena_deaths: 0.
num_vsnodes_births: 3.
num_vsnodes_deaths: 0.
num_space_committed: 1558.
num_space_uncommitted: 0.
num_chunks_returned_to_freelist: 6.
num_chunks_taken_from_freelist: 5926.
num_chunk_merges: 3.
num_chunk_splits: 3800.
num_chunks_enlarged: 2410.
num_inconsistent_stats: 0.

CodeHeap 'non-profiled nmethods': size=120000Kb used=9305Kb max_used=9364Kb free=110694Kb
 bounds [0x000001c3df2d0000, 0x000001c3dfc20000, 0x000001c3e6800000]
CodeHeap 'profiled nmethods': size=120000Kb used=23105Kb max_used=24545Kb free=96894Kb
 bounds [0x000001c3d7800000, 0x000001c3d9000000, 0x000001c3ded30000]
CodeHeap 'non-nmethods': size=5760Kb used=2438Kb max_used=2521Kb free=3321Kb
 bounds [0x000001c3ded30000, 0x000001c3defc0000, 0x000001c3df2d0000]
 total_blobs=12831 nmethods=11851 adapters=892
 compilation: enabled
              stopped_count=0, restarted_count=0
 full_count=0

Compilation events (20 events):
Event: 64.249 Thread 0x000001c3f7022d90 14195       3       org.gradle.api.internal.provider.sources.GradlePropertyValueSource$Parameters$Inject::initFromState (12 bytes)
Event: 64.249 Thread 0x000001c3f7022d90 nmethod 14195 0x000001c3d7e2b990 code [0x000001c3d7e2bb40, 0x000001c3d7e2bdf8]
Event: 64.249 Thread 0x000001c3f7022d90 14196       3       org.gradle.api.internal.provider.sources.GradlePropertyValueSource$Inject::<init> (9 bytes)
Event: 64.250 Thread 0x000001c3f7022d90 nmethod 14196 0x000001c3d7a4bf90 code [0x000001c3d7a4c280, 0x000001c3d7a4d4a8]
Event: 64.250 Thread 0x000001c3f7022d90 14197       3       org.gradle.api.internal.provider.sources.GradlePropertyValueSource::<init> (5 bytes)
Event: 64.250 Thread 0x000001c3f7022d90 nmethod 14197 0x000001c3d8254210 code [0x000001c3d82543c0, 0x000001c3d8254578]
Event: 64.253 Thread 0x000001c3f7022d90 14198   !   3       jdk.proxy1.$Proxy72::afterValueObtained (27 bytes)
Event: 64.253 Thread 0x000001c3f7022d90 nmethod 14198 0x000001c3d81d1d10 code [0x000001c3d81d1ee0, 0x000001c3d81d21f8]
Event: 64.254 Thread 0x000001c3f7022d90 14199       3       org.gradle.api.internal.collections.SortedSetElementSource::constantTimeIsEmpty (28 bytes)
Event: 64.254 Thread 0x000001c3f7022d90 nmethod 14199 0x000001c3d7c28010 code [0x000001c3d7c281e0, 0x000001c3d7c28598]
Event: 64.254 Thread 0x000001c3f7022d90 14200       3       kotlin.collections.MapsKt__MapWithDefaultKt::getOrImplicitDefaultNullable (90 bytes)
Event: 64.256 Thread 0x000001c3f7022d90 nmethod 14200 0x000001c3d7c25b90 code [0x000001c3d7c25ee0, 0x000001c3d7c271e8]
Event: 64.256 Thread 0x000001c3f7022d90 14201       3       kotlin.collections.ArrayDeque::addLast (44 bytes)
Event: 64.257 Thread 0x000001c3f7022d90 nmethod 14201 0x000001c3d825c610 code [0x000001c3d825c800, 0x000001c3d825cd88]
Event: 64.257 Thread 0x000001c3f7022d90 14202       3       kotlin.collections.ArrayDeque::ensureCapacity (67 bytes)
Event: 64.258 Thread 0x000001c3f7022d90 nmethod 14202 0x000001c3d8841090 code [0x000001c3d8841280, 0x000001c3d88417a8]
Event: 64.258 Thread 0x000001c3f7022d90 14203       3       kotlin.coroutines.jvm.internal.SuspendLambda::<init> (11 bytes)
Event: 64.258 Thread 0x000001c3f7022d90 nmethod 14203 0x000001c3d7b53890 code [0x000001c3d7b53a60, 0x000001c3d7b53f08]
Event: 64.259 Thread 0x000001c3f7022d90 14204       1       org.jetbrains.kotlin.gradle.plugin.KotlinPluginLifecycleCoroutineContextElement::getKey (5 bytes)
Event: 64.259 Thread 0x000001c3f7022d90 nmethod 14204 0x000001c3df781b90 code [0x000001c3df781d20, 0x000001c3df781df8]

GC Heap History (20 events):
Event: 47.803 GC heap before
{Heap before GC invocations=52 (full 0):
 garbage-first heap   total 299008K, used 221632K [0x0000000700000000, 0x0000000800000000)
  region size 2048K, 55 young (112640K), 5 survivors (10240K)
 Metaspace       used 90662K, committed 91648K, reserved 983040K
  class space    used 12767K, committed 13248K, reserved 851968K
}
Event: 47.812 GC heap after
{Heap after GC invocations=53 (full 0):
 garbage-first heap   total 299008K, used 122563K [0x0000000700000000, 0x0000000800000000)
  region size 2048K, 3 young (6144K), 3 survivors (6144K)
 Metaspace       used 90662K, committed 91648K, reserved 983040K
  class space    used 12767K, committed 13248K, reserved 851968K
}
Event: 51.818 GC heap before
{Heap before GC invocations=53 (full 0):
 garbage-first heap   total 299008K, used 227011K [0x0000000700000000, 0x0000000800000000)
  region size 2048K, 54 young (110592K), 3 survivors (6144K)
 Metaspace       used 95834K, committed 96832K, reserved 983040K
  class space    used 13422K, committed 13952K, reserved 851968K
}
Event: 51.828 GC heap after
{Heap after GC invocations=54 (full 0):
 garbage-first heap   total 299008K, used 130685K [0x0000000700000000, 0x0000000800000000)
  region size 2048K, 7 young (14336K), 7 survivors (14336K)
 Metaspace       used 95834K, committed 96832K, reserved 983040K
  class space    used 13422K, committed 13952K, reserved 851968K
}
Event: 53.216 GC heap before
{Heap before GC invocations=54 (full 0):
 garbage-first heap   total 299008K, used 231037K [0x0000000700000000, 0x0000000800000000)
  region size 2048K, 56 young (114688K), 7 survivors (14336K)
 Metaspace       used 95846K, committed 96832K, reserved 983040K
  class space    used 13423K, committed 13952K, reserved 851968K
}
Event: 53.226 GC heap after
{Heap after GC invocations=55 (full 0):
 garbage-first heap   total 299008K, used 133115K [0x0000000700000000, 0x0000000800000000)
  region size 2048K, 3 young (6144K), 3 survivors (6144K)
 Metaspace       used 95846K, committed 96832K, reserved 983040K
  class space    used 13423K, committed 13952K, reserved 851968K
}
Event: 54.759 GC heap before
{Heap before GC invocations=55 (full 0):
 garbage-first heap   total 299008K, used 233467K [0x0000000700000000, 0x0000000800000000)
  region size 2048K, 53 young (108544K), 3 survivors (6144K)
 Metaspace       used 97499K, committed 98560K, reserved 983040K
  class space    used 13673K, committed 14208K, reserved 851968K
}
Event: 54.769 GC heap after
{Heap after GC invocations=56 (full 0):
 garbage-first heap   total 299008K, used 146758K [0x0000000700000000, 0x0000000800000000)
  region size 2048K, 7 young (14336K), 7 survivors (14336K)
 Metaspace       used 97499K, committed 98560K, reserved 983040K
  class space    used 13673K, committed 14208K, reserved 851968K
}
Event: 55.571 GC heap before
{Heap before GC invocations=56 (full 0):
 garbage-first heap   total 299008K, used 234822K [0x0000000700000000, 0x0000000800000000)
  region size 2048K, 50 young (102400K), 7 survivors (14336K)
 Metaspace       used 97499K, committed 98560K, reserved 983040K
  class space    used 13673K, committed 14208K, reserved 851968K
}
Event: 55.580 GC heap after
{Heap after GC invocations=57 (full 0):
 garbage-first heap   total 299008K, used 150064K [0x0000000700000000, 0x0000000800000000)
  region size 2048K, 3 young (6144K), 3 survivors (6144K)
 Metaspace       used 97499K, committed 98560K, reserved 983040K
  class space    used 13673K, committed 14208K, reserved 851968K
}
Event: 57.418 GC heap before
{Heap before GC invocations=57 (full 0):
 garbage-first heap   total 299008K, used 238128K [0x0000000700000000, 0x0000000800000000)
  region size 2048K, 46 young (94208K), 3 survivors (6144K)
 Metaspace       used 98011K, committed 99072K, reserved 983040K
  class space    used 13727K, committed 14272K, reserved 851968K
}
Event: 57.428 GC heap after
{Heap after GC invocations=58 (full 0):
 garbage-first heap   total 299008K, used 164832K [0x0000000700000000, 0x0000000800000000)
  region size 2048K, 6 young (12288K), 6 survivors (12288K)
 Metaspace       used 98011K, committed 99072K, reserved 983040K
  class space    used 13727K, committed 14272K, reserved 851968K
}
Event: 59.107 GC heap before
{Heap before GC invocations=58 (full 0):
 garbage-first heap   total 299008K, used 238560K [0x0000000700000000, 0x0000000800000000)
  region size 2048K, 43 young (88064K), 6 survivors (12288K)
 Metaspace       used 98012K, committed 99072K, reserved 983040K
  class space    used 13728K, committed 14272K, reserved 851968K
}
Event: 59.117 GC heap after
{Heap after GC invocations=59 (full 0):
 garbage-first heap   total 299008K, used 168543K [0x0000000700000000, 0x0000000800000000)
  region size 2048K, 2 young (4096K), 2 survivors (4096K)
 Metaspace       used 98012K, committed 99072K, reserved 983040K
  class space    used 13728K, committed 14272K, reserved 851968K
}
Event: 61.080 GC heap before
{Heap before GC invocations=59 (full 0):
 garbage-first heap   total 299008K, used 244319K [0x0000000700000000, 0x0000000800000000)
  region size 2048K, 39 young (79872K), 2 survivors (4096K)
 Metaspace       used 98268K, committed 99328K, reserved 983040K
  class space    used 13754K, committed 14272K, reserved 851968K
}
Event: 61.087 GC heap after
{Heap after GC invocations=60 (full 0):
 garbage-first heap   total 299008K, used 172705K [0x0000000700000000, 0x0000000800000000)
  region size 2048K, 4 young (8192K), 4 survivors (8192K)
 Metaspace       used 98268K, committed 99328K, reserved 983040K
  class space    used 13754K, committed 14272K, reserved 851968K
}
Event: 62.364 GC heap before
{Heap before GC invocations=60 (full 0):
 garbage-first heap   total 299008K, used 242337K [0x0000000700000000, 0x0000000800000000)
  region size 2048K, 39 young (79872K), 4 survivors (8192K)
 Metaspace       used 98467K, committed 99520K, reserved 983040K
  class space    used 13769K, committed 14272K, reserved 851968K
}
Event: 62.373 GC heap after
{Heap after GC invocations=61 (full 0):
 garbage-first heap   total 299008K, used 177987K [0x0000000700000000, 0x0000000800000000)
  region size 2048K, 4 young (8192K), 4 survivors (8192K)
 Metaspace       used 98467K, committed 99520K, reserved 983040K
  class space    used 13769K, committed 14272K, reserved 851968K
}
Event: 63.413 GC heap before
{Heap before GC invocations=61 (full 0):
 garbage-first heap   total 299008K, used 243523K [0x0000000700000000, 0x0000000800000000)
  region size 2048K, 36 young (73728K), 4 survivors (8192K)
 Metaspace       used 98467K, committed 99520K, reserved 983040K
  class space    used 13769K, committed 14272K, reserved 851968K
}
Event: 63.419 GC heap after
{Heap after GC invocations=62 (full 0):
 garbage-first heap   total 299008K, used 179363K [0x0000000700000000, 0x0000000800000000)
  region size 2048K, 2 young (4096K), 2 survivors (4096K)
 Metaspace       used 98467K, committed 99520K, reserved 983040K
  class space    used 13769K, committed 14272K, reserved 851968K
}

Dll operation events (15 events):
Event: 0.012 Loaded shared library E:\JAVA\bin\java.dll
Event: 0.034 Loaded shared library E:\JAVA\bin\jsvml.dll
Event: 0.104 Loaded shared library E:\JAVA\bin\zip.dll
Event: 0.107 Loaded shared library E:\JAVA\bin\instrument.dll
Event: 0.114 Loaded shared library E:\JAVA\bin\net.dll
Event: 0.116 Loaded shared library E:\JAVA\bin\nio.dll
Event: 0.118 Loaded shared library E:\JAVA\bin\zip.dll
Event: 0.498 Loaded shared library E:\JAVA\bin\jimage.dll
Event: 0.667 Loaded shared library E:\JAVA\bin\verify.dll
Event: 0.895 Loaded shared library E:\gradle\native\c067742578af261105cb4f569cf0c3c89f3d7b1fecec35dd04571415982c5e48\windows-amd64\native-platform.dll
Event: 0.908 Loaded shared library E:\gradle\native\100fb08df4bc3b14c8652ba06237920a3bd2aa13389f12d3474272988ae205f9\windows-amd64\native-platform-file-events.dll
Event: 2.033 Loaded shared library E:\JAVA\bin\management.dll
Event: 2.036 Loaded shared library E:\JAVA\bin\management_ext.dll
Event: 4.419 Loaded shared library E:\JAVA\bin\extnet.dll
Event: 9.957 Loaded shared library E:\JAVA\bin\sunmscapi.dll

Deoptimization events (20 events):
Event: 61.847 Thread 0x000001c3f978bb50 Uncommon trap: trap_request=0xffffffd6 fr.pc=0x000001c3dfbe6d68 relative=0x00000000000003a8
Event: 61.847 Thread 0x000001c3f978bb50 Uncommon trap: reason=array_check action=maybe_recompile pc=0x000001c3dfbe6d68 method=java.util.AbstractCollection.toArray([Ljava/lang/Object;)[Ljava/lang/Object; @ 116 c2
Event: 61.847 Thread 0x000001c3f978bb50 DEOPT PACKING pc=0x000001c3dfbe6d68 sp=0x000000973cff8750
Event: 61.847 Thread 0x000001c3f978bb50 DEOPT UNPACKING pc=0x000001c3ded869a3 sp=0x000000973cff86f0 mode 2
Event: 61.976 Thread 0x000001c3f978bb50 Uncommon trap: trap_request=0xffffffbe fr.pc=0x000001c3dfbf1c0c relative=0x00000000000016cc
Event: 61.976 Thread 0x000001c3f978bb50 Uncommon trap: reason=profile_predicate action=maybe_recompile pc=0x000001c3dfbf1c0c method=org.gradle.api.internal.attributes.DefaultImmutableAttributesFactory.concat(Lorg/gradle/api/internal/attributes/ImmutableAttributes;Lorg/gradle/api/internal/attrib
Event: 61.976 Thread 0x000001c3f978bb50 DEOPT PACKING pc=0x000001c3dfbf1c0c sp=0x000000973cff7e10
Event: 61.977 Thread 0x000001c3f978bb50 DEOPT UNPACKING pc=0x000001c3ded869a3 sp=0x000000973cff7df0 mode 2
Event: 62.042 Thread 0x000001c3f978bb50 Uncommon trap: trap_request=0xffffffbe fr.pc=0x000001c3dfbf1c0c relative=0x00000000000016cc
Event: 62.042 Thread 0x000001c3f978bb50 Uncommon trap: reason=profile_predicate action=maybe_recompile pc=0x000001c3dfbf1c0c method=org.gradle.api.internal.attributes.DefaultImmutableAttributesFactory.concat(Lorg/gradle/api/internal/attributes/ImmutableAttributes;Lorg/gradle/api/internal/attrib
Event: 62.042 Thread 0x000001c3f978bb50 DEOPT PACKING pc=0x000001c3dfbf1c0c sp=0x000000973cff7e10
Event: 62.042 Thread 0x000001c3f978bb50 DEOPT UNPACKING pc=0x000001c3ded869a3 sp=0x000000973cff7df0 mode 2
Event: 62.042 Thread 0x000001c3f978bb50 Uncommon trap: trap_request=0xffffffbe fr.pc=0x000001c3dfbf1c0c relative=0x00000000000016cc
Event: 62.042 Thread 0x000001c3f978bb50 Uncommon trap: reason=profile_predicate action=maybe_recompile pc=0x000001c3dfbf1c0c method=org.gradle.api.internal.attributes.DefaultImmutableAttributesFactory.concat(Lorg/gradle/api/internal/attributes/ImmutableAttributes;Lorg/gradle/api/internal/attrib
Event: 62.042 Thread 0x000001c3f978bb50 DEOPT PACKING pc=0x000001c3dfbf1c0c sp=0x000000973cff7e10
Event: 62.042 Thread 0x000001c3f978bb50 DEOPT UNPACKING pc=0x000001c3ded869a3 sp=0x000000973cff7df0 mode 2
Event: 64.011 Thread 0x000001c3f978bb50 DEOPT PACKING pc=0x000001c3d8a0b8d6 sp=0x000000973cff8f20
Event: 64.011 Thread 0x000001c3f978bb50 DEOPT UNPACKING pc=0x000001c3ded87143 sp=0x000000973cff83d0 mode 0
Event: 64.206 Thread 0x000001c3f978bb50 DEOPT PACKING pc=0x000001c3d7ddac66 sp=0x000000973cff7d80
Event: 64.206 Thread 0x000001c3f978bb50 DEOPT UNPACKING pc=0x000001c3ded87143 sp=0x000000973cff7248 mode 0

Classes loaded (20 events):
Event: 48.976 Loading class java/util/regex/Pattern$1
Event: 48.976 Loading class java/util/regex/Pattern$1 done
Event: 53.796 Loading class java/util/ArrayListBeanInfo
Event: 53.796 Loading class java/util/ArrayListBeanInfo done
Event: 53.797 Loading class java/util/ArrayListBeanInfo
Event: 53.797 Loading class java/util/ArrayListBeanInfo done
Event: 53.797 Loading class java/util/AbstractListBeanInfo
Event: 53.797 Loading class java/util/AbstractListBeanInfo done
Event: 53.798 Loading class java/util/AbstractListBeanInfo
Event: 53.798 Loading class java/util/AbstractListBeanInfo done
Event: 53.798 Loading class java/util/AbstractListCustomizer
Event: 53.798 Loading class java/util/AbstractListCustomizer done
Event: 53.798 Loading class java/util/AbstractListCustomizer
Event: 53.798 Loading class java/util/AbstractListCustomizer done
Event: 53.800 Loading class java/util/ArrayListCustomizer
Event: 53.800 Loading class java/util/ArrayListCustomizer done
Event: 53.800 Loading class java/util/ArrayListCustomizer
Event: 53.800 Loading class java/util/ArrayListCustomizer done
Event: 58.914 Loading class jdk/internal/misc/ScopedMemoryAccess$Scope$Handle
Event: 58.914 Loading class jdk/internal/misc/ScopedMemoryAccess$Scope$Handle done

Classes unloaded (0 events):
No events

Classes redefined (0 events):
No events

Internal exceptions (20 events):
Event: 53.980 Thread 0x000001c3f978bb50 Exception <a 'java/lang/ClassNotFoundException'{0x000000070f59c0c0}: com/android/build/gradle/internal/api/LibraryVariantOutputImpl_DecoratedBeanInfo> (0x000000070f59c0c0) 
thrown [s\src\hotspot\share\classfile\systemDictionary.cpp, line 256]
Event: 53.981 Thread 0x000001c3f978bb50 Exception <a 'java/lang/ClassNotFoundException'{0x000000070f5a9680}: com/android/build/gradle/internal/api/LibraryVariantOutputImplBeanInfo> (0x000000070f5a9680) 
thrown [s\src\hotspot\share\classfile\systemDictionary.cpp, line 256]
Event: 53.982 Thread 0x000001c3f978bb50 Exception <a 'java/lang/ClassNotFoundException'{0x000000070f5b6cc0}: com/android/build/gradle/internal/api/LibraryVariantOutputImplCustomizer> (0x000000070f5b6cc0) 
thrown [s\src\hotspot\share\classfile\systemDictionary.cpp, line 256]
Event: 53.983 Thread 0x000001c3f978bb50 Exception <a 'java/lang/ClassNotFoundException'{0x000000070f5cd3b8}: com/android/build/gradle/internal/api/LibraryVariantOutputImpl_DecoratedCustomizer> (0x000000070f5cd3b8) 
thrown [s\src\hotspot\share\classfile\systemDictionary.cpp, line 256]
Event: 56.442 Thread 0x000001c3f978bb50 Exception <a 'java/lang/ClassNotFoundException'{0x000000070eb82fe0}: build_9yb5f7d07mxny59z4q8e35gvkBeanInfo> (0x000000070eb82fe0) 
thrown [s\src\hotspot\share\classfile\systemDictionary.cpp, line 256]
Event: 56.442 Thread 0x000001c3f978bb50 Exception <a 'java/lang/ClassNotFoundException'{0x000000070eb8a248}: build_9yb5f7d07mxny59z4q8e35gvkCustomizer> (0x000000070eb8a248) 
thrown [s\src\hotspot\share\classfile\systemDictionary.cpp, line 256]
Event: 59.472 Thread 0x000001c3f978bb50 Exception <a 'java/lang/ClassNotFoundException'{0x00000007112c5d48}: build_9yb5f7d07mxny59z4q8e35gvkBeanInfo> (0x00000007112c5d48) 
thrown [s\src\hotspot\share\classfile\systemDictionary.cpp, line 256]
Event: 59.473 Thread 0x000001c3f978bb50 Exception <a 'java/lang/ClassNotFoundException'{0x00000007112cd468}: build_9yb5f7d07mxny59z4q8e35gvkCustomizer> (0x00000007112cd468) 
thrown [s\src\hotspot\share\classfile\systemDictionary.cpp, line 256]
Event: 61.884 Thread 0x000001c3f978bb50 Exception <a 'java/lang/ClassNotFoundException'{0x000000070f793a68}: build_9gu25qj8ofl04u2y3akapkfwsBeanInfo> (0x000000070f793a68) 
thrown [s\src\hotspot\share\classfile\systemDictionary.cpp, line 256]
Event: 61.884 Thread 0x000001c3f978bb50 Exception <a 'java/lang/ClassNotFoundException'{0x000000070f79acd0}: build_9gu25qj8ofl04u2y3akapkfwsCustomizer> (0x000000070f79acd0) 
thrown [s\src\hotspot\share\classfile\systemDictionary.cpp, line 256]
Event: 63.992 Thread 0x000001c3f978bb50 Exception <a 'java/lang/ClassNotFoundException'{0x00000007100cb2a8}: build_9gu25qj8ofl04u2y3akapkfwsBeanInfo> (0x00000007100cb2a8) 
thrown [s\src\hotspot\share\classfile\systemDictionary.cpp, line 256]
Event: 63.993 Thread 0x000001c3f978bb50 Exception <a 'java/lang/ClassNotFoundException'{0x00000007100d29c8}: build_9gu25qj8ofl04u2y3akapkfwsCustomizer> (0x00000007100d29c8) 
thrown [s\src\hotspot\share\classfile\systemDictionary.cpp, line 256]
Event: 64.156 Thread 0x000001c3f978bb50 Exception <a 'java/lang/ClassNotFoundException'{0x000000070f791898}: org/gradle/api/internal/tasks/DefaultRealizableTaskCollection_DecoratedBeanInfo> (0x000000070f791898) 
thrown [s\src\hotspot\share\classfile\systemDictionary.cpp, line 256]
Event: 64.158 Thread 0x000001c3f978bb50 Exception <a 'java/lang/ClassNotFoundException'{0x000000070f7a6eb8}: org/gradle/api/internal/tasks/DefaultRealizableTaskCollectionBeanInfo> (0x000000070f7a6eb8) 
thrown [s\src\hotspot\share\classfile\systemDictionary.cpp, line 256]
Event: 64.159 Thread 0x000001c3f978bb50 Exception <a 'java/lang/ClassNotFoundException'{0x000000070f7bc870}: org/gradle/api/internal/DelegatingNamedDomainObjectSetBeanInfo> (0x000000070f7bc870) 
thrown [s\src\hotspot\share\classfile\systemDictionary.cpp, line 256]
Event: 64.161 Thread 0x000001c3f978bb50 Exception <a 'java/lang/ClassNotFoundException'{0x000000070f7d26b0}: org/gradle/api/internal/DelegatingDomainObjectSetBeanInfo> (0x000000070f7d26b0) 
thrown [s\src\hotspot\share\classfile\systemDictionary.cpp, line 256]
Event: 64.163 Thread 0x000001c3f978bb50 Exception <a 'java/lang/ClassNotFoundException'{0x000000070f7e7fb0}: org/gradle/api/internal/DelegatingDomainObjectSetCustomizer> (0x000000070f7e7fb0) 
thrown [s\src\hotspot\share\classfile\systemDictionary.cpp, line 256]
Event: 64.166 Thread 0x000001c3f978bb50 Exception <a 'java/lang/ClassNotFoundException'{0x000000070f46c530}: org/gradle/api/internal/DelegatingNamedDomainObjectSetCustomizer> (0x000000070f46c530) 
thrown [s\src\hotspot\share\classfile\systemDictionary.cpp, line 256]
Event: 64.170 Thread 0x000001c3f978bb50 Exception <a 'java/lang/ClassNotFoundException'{0x000000070f50dc08}: org/gradle/api/internal/tasks/DefaultRealizableTaskCollectionCustomizer> (0x000000070f50dc08) 
thrown [s\src\hotspot\share\classfile\systemDictionary.cpp, line 256]
Event: 64.174 Thread 0x000001c3f978bb50 Exception <a 'java/lang/ClassNotFoundException'{0x000000070f5c0360}: org/gradle/api/internal/tasks/DefaultRealizableTaskCollection_DecoratedCustomizer> (0x000000070f5c0360) 
thrown [s\src\hotspot\share\classfile\systemDictionary.cpp, line 256]

VM Operations (20 events):
Event: 60.025 Executing VM operation: ICBufferFull
Event: 60.025 Executing VM operation: ICBufferFull done
Event: 60.148 Executing VM operation: HandshakeAllThreads
Event: 60.148 Executing VM operation: HandshakeAllThreads done
Event: 60.168 Executing VM operation: HandshakeAllThreads
Event: 60.168 Executing VM operation: HandshakeAllThreads done
Event: 60.803 Executing VM operation: HandshakeAllThreads
Event: 60.803 Executing VM operation: HandshakeAllThreads done
Event: 60.939 Executing VM operation: ICBufferFull
Event: 60.940 Executing VM operation: ICBufferFull done
Event: 61.080 Executing VM operation: G1CollectForAllocation
Event: 61.087 Executing VM operation: G1CollectForAllocation done
Event: 62.100 Executing VM operation: Cleanup
Event: 62.100 Executing VM operation: Cleanup done
Event: 62.364 Executing VM operation: G1CollectForAllocation
Event: 62.373 Executing VM operation: G1CollectForAllocation done
Event: 63.386 Executing VM operation: Cleanup
Event: 63.386 Executing VM operation: Cleanup done
Event: 63.413 Executing VM operation: G1CollectForAllocation
Event: 63.419 Executing VM operation: G1CollectForAllocation done

Memory protections (0 events):
No events

Nmethod flushes (20 events):
Event: 60.826 Thread 0x000001c3f70431c0 flushing  nmethod 0x000001c3d8a8d810
Event: 60.826 Thread 0x000001c3f70431c0 flushing  nmethod 0x000001c3d8a94910
Event: 60.826 Thread 0x000001c3f70431c0 flushing  nmethod 0x000001c3d8aa9610
Event: 60.826 Thread 0x000001c3f70431c0 flushing  nmethod 0x000001c3d8ab0990
Event: 60.826 Thread 0x000001c3f70431c0 flushing  nmethod 0x000001c3d8ab1290
Event: 60.826 Thread 0x000001c3f70431c0 flushing  nmethod 0x000001c3d8aba310
Event: 60.826 Thread 0x000001c3f70431c0 flushing  nmethod 0x000001c3d8ad1b10
Event: 60.826 Thread 0x000001c3f70431c0 flushing  nmethod 0x000001c3d8ad3a10
Event: 60.826 Thread 0x000001c3f70431c0 flushing  nmethod 0x000001c3d8b3d610
Event: 60.826 Thread 0x000001c3f70431c0 flushing  nmethod 0x000001c3d8b41710
Event: 60.826 Thread 0x000001c3f70431c0 flushing  nmethod 0x000001c3d8b41a90
Event: 60.826 Thread 0x000001c3f70431c0 flushing  nmethod 0x000001c3d8b45e90
Event: 60.826 Thread 0x000001c3f70431c0 flushing  nmethod 0x000001c3d8b47e90
Event: 60.826 Thread 0x000001c3f70431c0 flushing  nmethod 0x000001c3d8b4aa90
Event: 60.826 Thread 0x000001c3f70431c0 flushing  nmethod 0x000001c3d8b4c890
Event: 60.826 Thread 0x000001c3f70431c0 flushing  nmethod 0x000001c3d8b60410
Event: 60.827 Thread 0x000001c3f70431c0 flushing  nmethod 0x000001c3d8beb210
Event: 60.827 Thread 0x000001c3f70431c0 flushing  nmethod 0x000001c3d8c25110
Event: 60.829 Thread 0x000001c3f70431c0 flushing  nmethod 0x000001c3d8e3a590
Event: 60.829 Thread 0x000001c3f70431c0 flushing  nmethod 0x000001c3d8e7f790

Events (20 events):
Event: 43.617 Thread 0x000001c3f978bb50 Thread added: 0x000001c3fca24ac0
Event: 43.663 Thread 0x000001c3f730d880 Thread exited: 0x000001c3f730d880
Event: 44.250 Thread 0x000001c3f7022d90 Thread added: 0x000001c3f730f310
Event: 44.422 Thread 0x000001c3f978bb50 Thread added: 0x000001c3fa3048b0
Event: 44.577 Thread 0x000001c3f7022d90 Thread added: 0x000001c3f730cde0
Event: 47.164 Thread 0x000001c3f730cde0 Thread exited: 0x000001c3f730cde0
Event: 47.575 Thread 0x000001c3f730f310 Thread exited: 0x000001c3f730f310
Event: 48.316 Thread 0x000001c3f7022d90 Thread added: 0x000001c3f730f310
Event: 48.863 Thread 0x000001c3f7022d90 Thread added: 0x000001c3fd0905b0
Event: 51.204 Thread 0x000001c3fd0905b0 Thread exited: 0x000001c3fd0905b0
Event: 51.584 Thread 0x000001c3f730f310 Thread exited: 0x000001c3f730f310
Event: 51.593 Thread 0x000001c3f978bb50 Thread added: 0x000001c3fa302a50
Event: 51.646 Thread 0x000001c3f7022d90 Thread added: 0x000001c3fd08e5d0
Event: 53.315 Thread 0x000001c3f978bb50 Thread added: 0x000001c3fa307130
Event: 53.553 Thread 0x000001c3f701a340 Thread added: 0x000001c3fd0905b0
Event: 54.602 Thread 0x000001c3fd0905b0 Thread exited: 0x000001c3fd0905b0
Event: 56.936 Thread 0x000001c3fd08e5d0 Thread exited: 0x000001c3fd08e5d0
Event: 60.060 Thread 0x000001c3f701a340 Thread added: 0x000001c3fd091050
Event: 61.900 Thread 0x000001c3f7022d90 Thread added: 0x000001c3fd091af0
Event: 63.196 Thread 0x000001c3fd091af0 Thread exited: 0x000001c3fd091af0


Dynamic libraries:
0x00007ff6972c0000 - 0x00007ff6972ce000 	E:\JAVA\bin\java.exe
0x00007ffad2460000 - 0x00007ffad26c6000 	C:\WINDOWS\SYSTEM32\ntdll.dll
0x00007ffad12a0000 - 0x00007ffad1369000 	C:\WINDOWS\System32\KERNEL32.DLL
0x00007ffacfdd0000 - 0x00007ffad01ca000 	C:\WINDOWS\System32\KERNELBASE.dll
0x00007ffacfc80000 - 0x00007ffacfdcc000 	C:\WINDOWS\System32\ucrtbase.dll
0x00007ffab9050000 - 0x00007ffab9068000 	E:\JAVA\bin\jli.dll
0x00007ffaaf7e0000 - 0x00007ffaaf7fe000 	E:\JAVA\bin\VCRUNTIME140.dll
0x00007ffad2250000 - 0x00007ffad2417000 	C:\WINDOWS\System32\USER32.dll
0x00007ffacf910000 - 0x00007ffacf937000 	C:\WINDOWS\System32\win32u.dll
0x00007ffad18d0000 - 0x00007ffad18fb000 	C:\WINDOWS\System32\GDI32.dll
0x00007ffaba700000 - 0x00007ffaba992000 	C:\WINDOWS\WinSxS\amd64_microsoft.windows.common-controls_6595b64144ccf1df_6.0.26100.8521_none_3e08b75ce33403b3\COMCTL32.dll
0x00007ffacfac0000 - 0x00007ffacfbeb000 	C:\WINDOWS\System32\gdi32full.dll
0x00007ffad1820000 - 0x00007ffad18c9000 	C:\WINDOWS\System32\msvcrt.dll
0x00007ffacf7b0000 - 0x00007ffacf853000 	C:\WINDOWS\System32\msvcp_win.dll
0x00007ffad01d0000 - 0x00007ffad0202000 	C:\WINDOWS\System32\IMM32.DLL
0x00007ffabdba0000 - 0x00007ffabdbac000 	E:\JAVA\bin\vcruntime140_1.dll
0x00007ffa6fc50000 - 0x00007ffa6fcdd000 	E:\JAVA\bin\msvcp140.dll
0x00007ffa547d0000 - 0x00007ffa5543b000 	E:\JAVA\bin\server\jvm.dll
0x00007ffad0e60000 - 0x00007ffad0f16000 	C:\WINDOWS\System32\ADVAPI32.dll
0x00007ffad1900000 - 0x00007ffad19aa000 	C:\WINDOWS\System32\sechost.dll
0x00007ffad1700000 - 0x00007ffad1818000 	C:\WINDOWS\System32\RPCRT4.dll
0x00007ffad1a20000 - 0x00007ffad1aa0000 	C:\WINDOWS\System32\WS2_32.dll
0x00007ffacf550000 - 0x00007ffacf5ae000 	C:\WINDOWS\SYSTEM32\POWRPROF.dll
0x00007ffaba9a0000 - 0x00007ffaba9d6000 	C:\WINDOWS\SYSTEM32\WINMM.dll
0x00007ffabefa0000 - 0x00007ffabefab000 	C:\WINDOWS\SYSTEM32\VERSION.dll
0x00007ffacf530000 - 0x00007ffacf544000 	C:\WINDOWS\SYSTEM32\UMPDC.dll
0x00007fface440000 - 0x00007fface45b000 	C:\WINDOWS\SYSTEM32\kernel.appcore.dll
0x00007ffabdb10000 - 0x00007ffabdb1a000 	E:\JAVA\bin\jimage.dll
0x00007ffacce70000 - 0x00007ffacd0b2000 	C:\WINDOWS\SYSTEM32\DBGHELP.DLL
0x00007ffad0ad0000 - 0x00007ffad0e53000 	C:\WINDOWS\System32\combase.dll
0x00007ffad0fb0000 - 0x00007ffad1089000 	C:\WINDOWS\System32\OLEAUT32.dll
0x00007ffabb1d0000 - 0x00007ffabb20b000 	C:\WINDOWS\SYSTEM32\dbgcore.DLL
0x00007ffacf860000 - 0x00007ffacf908000 	C:\WINDOWS\System32\bcryptPrimitives.dll
0x00007ffabda90000 - 0x00007ffabda9e000 	E:\JAVA\bin\instrument.dll
0x00007ffaa66f0000 - 0x00007ffaa6715000 	E:\JAVA\bin\java.dll
0x00007ffa66e60000 - 0x00007ffa66f37000 	E:\JAVA\bin\jsvml.dll
0x00007ffad1ab0000 - 0x00007ffad2234000 	C:\WINDOWS\System32\SHELL32.dll
0x00007ffacd270000 - 0x00007ffacdaf0000 	C:\WINDOWS\SYSTEM32\windows.storage.dll
0x00007ffad0850000 - 0x00007ffad0946000 	C:\WINDOWS\System32\SHCORE.dll
0x00007ffad0720000 - 0x00007ffad0787000 	C:\WINDOWS\System32\shlwapi.dll
0x00007ffacf610000 - 0x00007ffacf639000 	C:\WINDOWS\SYSTEM32\profapi.dll
0x00007ffaa8ed0000 - 0x00007ffaa8ee8000 	E:\JAVA\bin\zip.dll
0x00007ffaac140000 - 0x00007ffaac15a000 	E:\JAVA\bin\net.dll
0x00007ffabfa20000 - 0x00007ffabfb49000 	C:\WINDOWS\SYSTEM32\WINHTTP.dll
0x00007fface990000 - 0x00007fface9fc000 	C:\WINDOWS\system32\mswsock.dll
0x00007ffaaa3c0000 - 0x00007ffaaa3d6000 	E:\JAVA\bin\nio.dll
0x00007ffabb4b0000 - 0x00007ffabb4c0000 	E:\JAVA\bin\verify.dll
0x00007ffab8d90000 - 0x00007ffab8db7000 	E:\gradle\native\c067742578af261105cb4f569cf0c3c89f3d7b1fecec35dd04571415982c5e48\windows-amd64\native-platform.dll
0x00007ffa94dc0000 - 0x00007ffa94f04000 	E:\gradle\native\100fb08df4bc3b14c8652ba06237920a3bd2aa13389f12d3474272988ae205f9\windows-amd64\native-platform-file-events.dll
0x00007ffabd970000 - 0x00007ffabd97a000 	E:\JAVA\bin\management.dll
0x00007ffabd830000 - 0x00007ffabd83c000 	E:\JAVA\bin\management_ext.dll
0x00007ffad2240000 - 0x00007ffad2248000 	C:\WINDOWS\System32\PSAPI.DLL
0x00007ffaced90000 - 0x00007ffacedab000 	C:\WINDOWS\SYSTEM32\CRYPTSP.dll
0x00007fface3a0000 - 0x00007fface3d9000 	C:\WINDOWS\system32\rsaenh.dll
0x00007ffacea40000 - 0x00007ffacea73000 	C:\WINDOWS\SYSTEM32\USERENV.dll
0x00007ffacf5e0000 - 0x00007ffacf60a000 	C:\WINDOWS\SYSTEM32\bcrypt.dll
0x00007ffacebf0000 - 0x00007ffacebfc000 	C:\WINDOWS\SYSTEM32\CRYPTBASE.dll
0x00007ffacde20000 - 0x00007ffacde53000 	C:\WINDOWS\SYSTEM32\IPHLPAPI.DLL
0x00007ffad19b0000 - 0x00007ffad19ba000 	C:\WINDOWS\System32\NSI.dll
0x00007ffac44d0000 - 0x00007ffac44ed000 	C:\WINDOWS\SYSTEM32\dhcpcsvc6.DLL
0x00007ffac44a0000 - 0x00007ffac44c5000 	C:\WINDOWS\SYSTEM32\dhcpcsvc.DLL
0x00007ffacdeb0000 - 0x00007ffacdffa000 	C:\WINDOWS\SYSTEM32\DNSAPI.dll
0x00007fface7d0000 - 0x00007fface7dd000 	C:\WINDOWS\SYSTEM32\DSPARSE.dll
0x00007ffabd7f0000 - 0x00007ffabd7f9000 	E:\JAVA\bin\extnet.dll
0x00007ffabdaa0000 - 0x00007ffabdaae000 	E:\JAVA\bin\sunmscapi.dll
0x00007ffacf940000 - 0x00007ffacfab8000 	C:\WINDOWS\System32\CRYPT32.dll
0x00007ffaceef0000 - 0x00007ffacef20000 	C:\WINDOWS\SYSTEM32\ncrypt.dll
0x00007ffaceea0000 - 0x00007ffaceedf000 	C:\WINDOWS\SYSTEM32\NTASN1.dll
0x00007ffab7250000 - 0x00007ffab7258000 	C:\WINDOWS\system32\wshunix.dll
0x00007ffabe350000 - 0x00007ffabe368000 	C:\WINDOWS\system32\napinsp.dll
0x00007ffabe310000 - 0x00007ffabe323000 	C:\WINDOWS\System32\winrnr.dll
0x00007ffa69ff0000 - 0x00007ffa6a012000 	C:\WINDOWS\system32\nlansp_c.dll
0x00007ffabd6b0000 - 0x00007ffabd6c6000 	C:\WINDOWS\system32\wshbth.dll
0x00007ffac0c80000 - 0x00007ffac0c8b000 	C:\Windows\System32\rasadhlp.dll
0x00007ffac5520000 - 0x00007ffac55a6000 	C:\WINDOWS\System32\fwpuclnt.dll

dbghelp: loaded successfully - version: 4.0.5 - missing functions: none
symbol engine: initialized successfully - sym options: 0x614 - pdb path: .;E:\JAVA\bin;C:\WINDOWS\SYSTEM32;C:\WINDOWS\WinSxS\amd64_microsoft.windows.common-controls_6595b64144ccf1df_6.0.26100.8521_none_3e08b75ce33403b3;E:\JAVA\bin\server;E:\gradle\native\c067742578af261105cb4f569cf0c3c89f3d7b1fecec35dd04571415982c5e48\windows-amd64;E:\gradle\native\100fb08df4bc3b14c8652ba06237920a3bd2aa13389f12d3474272988ae205f9\windows-amd64

VM Arguments:
jvm_args: --add-opens=java.base/java.lang=ALL-UNNAMED --add-opens=java.base/java.lang.invoke=ALL-UNNAMED --add-opens=java.base/java.util=ALL-UNNAMED --add-opens=java.prefs/java.util.prefs=ALL-UNNAMED --add-exports=jdk.compiler/com.sun.tools.javac.api=ALL-UNNAMED --add-exports=jdk.compiler/com.sun.tools.javac.util=ALL-UNNAMED --add-opens=java.base/java.util=ALL-UNNAMED --add-opens=java.prefs/java.util.prefs=ALL-UNNAMED --add-opens=java.base/java.nio.charset=ALL-UNNAMED --add-opens=java.base/java.net=ALL-UNNAMED --add-opens=java.base/java.util.concurrent.atomic=ALL-UNNAMED --add-opens=java.xml/javax.xml.namespace=ALL-UNNAMED -XX:MaxMetaspaceSize=1024m -Xmx4096m -Dfile.encoding=UTF-8 -Duser.country=US -Duser.language=en -Duser.variant -javaagent:E:\gradle\wrapper\dists\gradle-8.11.1-all\2qik7nd48slq1ooc2496ixf4i\gradle-8.11.1\lib\agents\gradle-instrumentation-agent-8.11.1.jar 
java_command: org.gradle.launcher.daemon.bootstrap.GradleDaemon 8.11.1
java_class_path (initial): E:\gradle\wrapper\dists\gradle-8.11.1-all\2qik7nd48slq1ooc2496ixf4i\gradle-8.11.1\lib\gradle-daemon-main-8.11.1.jar
Launcher Type: SUN_STANDARD

[Global flags]
     intx CICompilerCount                          = 4                                         {product} {ergonomic}
   size_t CompressedClassSpaceSize                 = 872415232                                 {product} {ergonomic}
     uint ConcGCThreads                            = 2                                         {product} {ergonomic}
     uint G1ConcRefinementThreads                  = 8                                         {product} {ergonomic}
   size_t G1HeapRegionSize                         = 2097152                                   {product} {ergonomic}
    uintx GCDrainStackTargetSize                   = 64                                        {product} {ergonomic}
   size_t InitialHeapSize                          = 264241152                                 {product} {ergonomic}
   size_t MarkStackSize                            = 4194304                                   {product} {ergonomic}
   size_t MaxHeapSize                              = 4294967296                                {product} {command line}
   size_t MaxMetaspaceSize                         = 1073741824                                {product} {command line}
   size_t MaxNewSize                               = 2575302656                                {product} {ergonomic}
   size_t MinHeapDeltaBytes                        = 2097152                                   {product} {ergonomic}
   size_t MinHeapSize                              = 8388608                                   {product} {ergonomic}
    uintx NonNMethodCodeHeapSize                   = 5839372                                {pd product} {ergonomic}
    uintx NonProfiledCodeHeapSize                  = 122909434                              {pd product} {ergonomic}
    uintx ProfiledCodeHeapSize                     = 122909434                              {pd product} {ergonomic}
    uintx ReservedCodeCacheSize                    = 251658240                              {pd product} {ergonomic}
     bool SegmentedCodeCache                       = true                                      {product} {ergonomic}
   size_t SoftMaxHeapSize                          = 4294967296                             {manageable} {ergonomic}
     bool UseCompressedClassPointers               = true                           {product lp64_product} {ergonomic}
     bool UseCompressedOops                        = true                           {product lp64_product} {ergonomic}
     bool UseG1GC                                  = true                                      {product} {ergonomic}
     bool UseLargePagesIndividualAllocation        = false                                  {pd product} {ergonomic}

Logging:
Log output configuration:
 #0: stdout all=warning uptime,level,tags
 #1: stderr all=off uptime,level,tags

Environment Variables:
JAVA_HOME=E:\JAVA
CLASSPATH=E:\voice_test\android\\gradle\wrapper\gradle-wrapper.jar
PATH=E:\JAVA\bin;C:\Program Files\Common Files\Oracle\Java\javapath;C:\WINDOWS\system32;C:\WINDOWS;C:\WINDOWS\System32\Wbem;C:\WINDOWS\System32\WindowsPowerShell\v1.0\;C:\WINDOWS\System32\OpenSSH\;C:\Program Files\Git\cmd;C:\Program Files\Microsoft SQL Server\170\Tools\Binn\;C:\Program Files\Microsoft SQL Server\Client SDK\ODBC\170\Tools\Binn\;C:\Program Files\Microsoft SQL Server\170\DTS\Binn\;C:\Program Files\dotnet\;D:\Basira\;C:\ProgramData\chocolatey\bin;E:\JAVA\bin;E:\DOWNLOAD\New folder (2)\bin;C:\Program Files\Common Files\Oracle\Java\javapath;C:\WINDOWS\system32;C:\WINDOWS;C:\WINDOWS\System32\Wbem;C:\WINDOWS\System32\WindowsPowerShell\v1.0\;C:\WINDOWS\System32\OpenSSH\;C:\Program Files\Git\cmd;C:\Program Files\Microsoft SQL Server\170\Tools\Binn\;C:\Program Files\Microsoft SQL Server\Client SDK\ODBC\170\Tools\Binn\;C:\Program Files\Microsoft SQL Server\170\DTS\Binn\;C:\Program Files\dotnet\;D:\Basira\;C:\ProgramData\chocolatey\bin;C:\WINDOWS\system32;C:\WINDOWS;C:\WINDOWS\System32\Wbem;C:\WINDOWS\System32\WindowsPowerShell\v1.0\;C:\WINDOWS\System32\OpenSSH\;C:\Program Files\Git\cmd;C:\Program Files\Microsoft SQL Server\170\Tools\Binn\;C:\Program Files\Microsoft SQL Server\Client SDK\ODBC\170\Tools\Binn\;C:\Program Files\Microsoft SQL Server\170\DTS\Binn\;C:\Program Files\dotnet\;D:\Basira\;C:\ProgramData\chocolatey\bin;C:\Users\DELL\AppData\Local\Programs\Python\Python310\Scripts\;C:\Users\DELL\AppData\Local\Programs\Python\Python310\;C:\Users\DELL\AppData\Local\Prog;E:\flutter\bin;D:\download\Antigravity\bin;;c:\Users\DELL\.antigravity\extensions\ms-python.debugpy-2026.6.0-win32-x64\bundled\scripts\noConfigScripts;E:\flutter\bin\mingit\cmd
USERNAME=DELL
LANG=en_US.UTF-8
OS=Windows_NT
PROCESSOR_IDENTIFIER=Intel64 Family 6 Model 142 Stepping 12, GenuineIntel
TMP=C:\Users\DELL\AppData\Local\Temp
TEMP=C:\Users\DELL\AppData\Local\Temp



Periodic native trim disabled


---------------  S Y S T E M  ---------------

OS:
 Windows 11 , 64 bit Build 26100 (10.0.26100.8521)
OS uptime: 1 days 8:11 hours
Hyper-V role detected

CPU: total 8 (initial active 8) (4 cores per cpu, 2 threads per core) family 6 model 142 stepping 12 microcode 0xf8, cx8, cmov, fxsr, ht, mmx, 3dnowpref, sse, sse2, sse3, ssse3, sse4.1, sse4.2, popcnt, lzcnt, tsc, tscinvbit, avx, avx2, aes, erms, clmul, bmi1, bmi2, adx, fma, vzeroupper, clflush, clflushopt, hv
Processor Information for all 8 processors :
  Max Mhz: 2304, Current Mhz: 1803, Mhz Limit: 1797

Memory: 4k page, system-wide physical 16043M (2292M free)
TotalPageFile size 19538M (AvailPageFile size 3M)
current process WorkingSet (physical memory assigned to process): 595M, peak: 600M
current process commit charge ("private bytes"): 641M, peak: 647M

vm_info: OpenJDK 64-Bit Server VM (17.0.18+8) for windows-amd64 JRE (17.0.18+8), built on Jan 20 2026 22:28:22 by "admin" with MS VC++ 17.12 (VS2022)

END.
