#
# There is insufficient memory for the Java Runtime Environment to continue.
# Native memory allocation (malloc) failed to allocate 381056 bytes. Error detail: Chunk::new
# Possible reasons:
#   The system is out of physical RAM or swap space
#   This process is running with CompressedOops enabled, and the Java Heap may be blocking the growth of the native heap
# Possible solutions:
#   Reduce memory load on the system
#   Increase physical memory or swap space
#   Check if swap backing store is full
#   Decrease Java heap size (-Xmx/-Xms)
#   Decrease number of Java threads
#   Decrease Java thread stack sizes (-Xss)
#   Set larger code cache with -XX:ReservedCodeCacheSize=
#   JVM is running with Zero Based Compressed Oops mode in which the Java heap is
#     placed in the first 32GB address space. The Java Heap base address is the
#     maximum limit for the native heap growth. Please use -XX:HeapBaseMinAddress
#     to set the Java Heap base and to place the Java Heap above 32GB virtual address.
# This output file may be truncated or incomplete.
#
#  Out of Memory Error (arena.cpp:191), pid=4816, tid=6464
#
# JRE version: OpenJDK Runtime Environment Temurin-17.0.18+8 (17.0.18+8) (build 17.0.18+8)
# Java VM: OpenJDK 64-Bit Server VM Temurin-17.0.18+8 (17.0.18+8, mixed mode, sharing, tiered, compressed oops, compressed class ptrs, g1 gc, windows-amd64)
# No core dump will be written. Minidumps are not enabled by default on client versions of Windows
#

---------------  S U M M A R Y ------------

Command Line: -Dorg.gradle.appname=gradlew org.gradle.wrapper.GradleWrapperMain -q -Ptarget-platform=android-arm,android-arm64,android-x64 -Ptarget=lib\main.dart -Pbase-application-name=android.app.Application -Pdart-defines=RkxVVFRFUl9WRVJTSU9OPTMuNDEuOQ==,RkxVVFRFUl9DSEFOTkVMPXN0YWJsZQ==,RkxVVFRFUl9HSVRfVVJMPWh0dHBzOi8vZ2l0aHViLmNvbS9mbHV0dGVyL2ZsdXR0ZXIuZ2l0,RkxVVFRFUl9GUkFNRVdPUktfUkVWSVNJT049MDBiMGM5MWYwNg==,RkxVVFRFUl9FTkdJTkVfUkVWSVNJT049NDJkM2Q3NWE1Ng==,RkxVVFRFUl9EQVJUX1ZFUlNJT049My4xMS41 -Pdart-obfuscation=false -Ptrack-widget-creation=true -Ptree-shake-icons=true assembleRelease

Host: Intel(R) Core(TM) i7-10610U CPU @ 1.80GHz, 8 cores, 15G,  Windows 11 , 64 bit Build 26100 (10.0.26100.8521)
Time: Sat Jul  4 21:43:24 2026 Egypt Daylight Time elapsed time: 23.588764 seconds (0d 0h 0m 23s)

---------------  T H R E A D  ---------------

Current thread (0x000002994d0178c0):  JavaThread "C2 CompilerThread0" daemon [_thread_in_native, id=6464, stack(0x000000a456700000,0x000000a456800000)]


Current CompileTask:
C2:23588 1563 % !   4       java.util.concurrent.ConcurrentHashMap::transfer @ 372 (849 bytes)

Stack: [0x000000a456700000,0x000000a456800000]
Native frames: (J=compiled Java code, j=interpreted, Vv=VM code, C=native code)
V  [jvm.dll+0x6846f9]
V  [jvm.dll+0x839ea5]
V  [jvm.dll+0x83b91e]
V  [jvm.dll+0x83bfa3]
V  [jvm.dll+0x248eff]
V  [jvm.dll+0xad496]
V  [jvm.dll+0xadb3c]
V  [jvm.dll+0x368c1e]
V  [jvm.dll+0x333055]
V  [jvm.dll+0x3324ba]
V  [jvm.dll+0x219db9]
V  [jvm.dll+0x219200]
V  [jvm.dll+0x1a4920]
V  [jvm.dll+0x22989a]
V  [jvm.dll+0x227a4b]
V  [jvm.dll+0x7f0658]
V  [jvm.dll+0x7eaaec]
V  [jvm.dll+0x6835c7]
C  [ucrtbase.dll+0x2cd30]
C  [KERNEL32.DLL+0x2e957]
C  [ntdll.dll+0x87c1c]


---------------  P R O C E S S  ---------------

Threads class SMR info:
_java_thread_list=0x000002994e546420, length=13, elements={
0x0000029963f1c880, 0x000002997efd5fa0, 0x000002997efd75e0, 0x000002994d012f50,
0x000002994d013820, 0x000002994d014c60, 0x000002994d0160a0, 0x000002994d0178c0,
0x000002994d01b970, 0x000002994d0252a0, 0x000002994d161b10, 0x000002994d1722e0,
0x000002994df2f050
}

Java Threads: ( => current thread )
  0x0000029963f1c880 JavaThread "main" [_thread_in_native, id=11744, stack(0x000000a455a00000,0x000000a455b00000)]
  0x000002997efd5fa0 JavaThread "Reference Handler" daemon [_thread_blocked, id=17128, stack(0x000000a456100000,0x000000a456200000)]
  0x000002997efd75e0 JavaThread "Finalizer" daemon [_thread_blocked, id=17796, stack(0x000000a456200000,0x000000a456300000)]
  0x000002994d012f50 JavaThread "Signal Dispatcher" daemon [_thread_blocked, id=6208, stack(0x000000a456300000,0x000000a456400000)]
  0x000002994d013820 JavaThread "Attach Listener" daemon [_thread_blocked, id=12984, stack(0x000000a456400000,0x000000a456500000)]
  0x000002994d014c60 JavaThread "Service Thread" daemon [_thread_blocked, id=15528, stack(0x000000a456500000,0x000000a456600000)]
  0x000002994d0160a0 JavaThread "Monitor Deflation Thread" daemon [_thread_blocked, id=17260, stack(0x000000a456600000,0x000000a456700000)]
=>0x000002994d0178c0 JavaThread "C2 CompilerThread0" daemon [_thread_in_native, id=6464, stack(0x000000a456700000,0x000000a456800000)]
  0x000002994d01b970 JavaThread "C1 CompilerThread0" daemon [_thread_blocked, id=11756, stack(0x000000a456800000,0x000000a456900000)]
  0x000002994d0252a0 JavaThread "Sweeper thread" daemon [_thread_blocked, id=5756, stack(0x000000a456900000,0x000000a456a00000)]
  0x000002994d161b10 JavaThread "Notification Thread" daemon [_thread_blocked, id=5400, stack(0x000000a456a00000,0x000000a456b00000)]
  0x000002994d1722e0 JavaThread "Common-Cleaner" daemon [_thread_blocked, id=5052, stack(0x000000a456c00000,0x000000a456d00000)]
  0x000002994df2f050 JavaThread "pool-1-thread-1" [_thread_blocked, id=11484, stack(0x000000a457400000,0x000000a457500000)]

Other Threads:
  0x000002997efcefd0 VMThread "VM Thread" [stack: 0x000000a456000000,0x000000a456100000] [id=14832]
  0x000002994d16c010 WatcherThread [stack: 0x000000a456b00000,0x000000a456c00000] [id=13724]
  0x0000029963f87730 GCTaskThread "GC Thread#0" [stack: 0x000000a455b00000,0x000000a455c00000] [id=8440]
  0x000002994d27fe20 GCTaskThread "GC Thread#1" [stack: 0x000000a456f00000,0x000000a457000000] [id=8400]
  0x000002994d772a30 GCTaskThread "GC Thread#2" [stack: 0x000000a457000000,0x000000a457100000] [id=12808]
  0x000002994d772cf0 GCTaskThread "GC Thread#3" [stack: 0x000000a457100000,0x000000a457200000] [id=3212]
  0x000002994d608110 GCTaskThread "GC Thread#4" [stack: 0x000000a457200000,0x000000a457300000] [id=360]
  0x000002994d6083d0 GCTaskThread "GC Thread#5" [stack: 0x000000a457300000,0x000000a457400000] [id=16592]
  0x000002994e6e0cd0 GCTaskThread "GC Thread#6" [stack: 0x000000a456d00000,0x000000a456e00000] [id=5516]
  0x000002994d34c950 GCTaskThread "GC Thread#7" [stack: 0x000000a456e00000,0x000000a456f00000] [id=6452]
  0x0000029963f98050 ConcurrentGCThread "G1 Main Marker" [stack: 0x000000a455c00000,0x000000a455d00000] [id=17812]
  0x0000029963f99650 ConcurrentGCThread "G1 Conc#0" [stack: 0x000000a455d00000,0x000000a455e00000] [id=7004]
  0x000002997ee87940 ConcurrentGCThread "G1 Refine#0" [stack: 0x000000a455e00000,0x000000a455f00000] [id=5972]
  0x000002994e6e08c0 ConcurrentGCThread "G1 Refine#1" [stack: 0x000000a457500000,0x000000a457600000] [id=1360]
  0x000002997ee89130 ConcurrentGCThread "G1 Service" [stack: 0x000000a455f00000,0x000000a456000000] [id=18320]

Threads with active compile tasks:
C2 CompilerThread0  23611 1563 % !   4       java.util.concurrent.ConcurrentHashMap::transfer @ 372 (849 bytes)

VM state: not at safepoint (normal execution)

VM Mutex/Monitor currently owned by a thread: None

Heap address: 0x0000000705400000, size: 4012 MB, Compressed Oops mode: Zero based, Oop shift amount: 3

CDS archive(s) mapped at: [0x0000029908000000-0x0000029908bb0000-0x0000029908bb0000), size 12255232, SharedBaseAddress: 0x0000029908000000, ArchiveRelocationMode: 1.
Compressed class space mapped at: 0x0000029909000000-0x0000029949000000, reserved size: 1073741824
Narrow klass base: 0x0000029908000000, Narrow klass shift: 0, Narrow klass range: 0x100000000

GC Precious Log:
 CPUs: 8 total, 8 available
 Memory: 16043M
 Large Page Support: Disabled
 NUMA Support: Disabled
 Compressed Oops: Enabled (Zero based)
 Heap Region Size: 2M
 Heap Min Capacity: 8M
 Heap Initial Capacity: 252M
 Heap Max Capacity: 4012M
 Pre-touch: Disabled
 Parallel Workers: 8
 Concurrent Workers: 2
 Concurrent Refinement Workers: 8
 Periodic GC: Disabled

Heap:
 garbage-first heap   total 258048K, used 14131K [0x0000000705400000, 0x0000000800000000)
  region size 2048K, 5 young (10240K), 3 survivors (6144K)
 Metaspace       used 9947K, committed 10112K, reserved 1114112K
  class space    used 1329K, committed 1408K, reserved 1048576K

Heap Regions: E=young(eden), S=young(survivor), O=old, HS=humongous(starts), HC=humongous(continues), CS=collection set, F=free, OA=open archive, CA=closed archive, TAMS=top-at-mark-start (previous, next)
|   0|0x0000000705400000, 0x0000000705600000, 0x0000000705600000|100%|HS|  |TAMS 0x0000000705400000, 0x0000000705400000| Complete 
|   1|0x0000000705600000, 0x0000000705800000, 0x0000000705800000|100%|HC|  |TAMS 0x0000000705600000, 0x0000000705600000| Complete 
|   2|0x0000000705800000, 0x00000007059cce00, 0x0000000705a00000| 90%| O|  |TAMS 0x0000000705800000, 0x0000000705800000| Untracked 
|   3|0x0000000705a00000, 0x0000000705a00000, 0x0000000705c00000|  0%| F|  |TAMS 0x0000000705a00000, 0x0000000705a00000| Untracked 
|   4|0x0000000705c00000, 0x0000000705c00000, 0x0000000705e00000|  0%| F|  |TAMS 0x0000000705c00000, 0x0000000705c00000| Untracked 
|   5|0x0000000705e00000, 0x0000000705e00000, 0x0000000706000000|  0%| F|  |TAMS 0x0000000705e00000, 0x0000000705e00000| Untracked 
|   6|0x0000000706000000, 0x0000000706000000, 0x0000000706200000|  0%| F|  |TAMS 0x0000000706000000, 0x0000000706000000| Untracked 
|   7|0x0000000706200000, 0x0000000706200000, 0x0000000706400000|  0%| F|  |TAMS 0x0000000706200000, 0x0000000706200000| Untracked 
|   8|0x0000000706400000, 0x0000000706400000, 0x0000000706600000|  0%| F|  |TAMS 0x0000000706400000, 0x0000000706400000| Untracked 
|   9|0x0000000706600000, 0x0000000706600000, 0x0000000706800000|  0%| F|  |TAMS 0x0000000706600000, 0x0000000706600000| Untracked 
|  10|0x0000000706800000, 0x0000000706800000, 0x0000000706a00000|  0%| F|  |TAMS 0x0000000706800000, 0x0000000706800000| Untracked 
|  11|0x0000000706a00000, 0x0000000706a00000, 0x0000000706c00000|  0%| F|  |TAMS 0x0000000706a00000, 0x0000000706a00000| Untracked 
|  12|0x0000000706c00000, 0x0000000706c00000, 0x0000000706e00000|  0%| F|  |TAMS 0x0000000706c00000, 0x0000000706c00000| Untracked 
|  13|0x0000000706e00000, 0x0000000706e00000, 0x0000000707000000|  0%| F|  |TAMS 0x0000000706e00000, 0x0000000706e00000| Untracked 
|  14|0x0000000707000000, 0x0000000707000000, 0x0000000707200000|  0%| F|  |TAMS 0x0000000707000000, 0x0000000707000000| Untracked 
|  15|0x0000000707200000, 0x0000000707200000, 0x0000000707400000|  0%| F|  |TAMS 0x0000000707200000, 0x0000000707200000| Untracked 
|  16|0x0000000707400000, 0x0000000707400000, 0x0000000707600000|  0%| F|  |TAMS 0x0000000707400000, 0x0000000707400000| Untracked 
|  17|0x0000000707600000, 0x0000000707600000, 0x0000000707800000|  0%| F|  |TAMS 0x0000000707600000, 0x0000000707600000| Untracked 
|  18|0x0000000707800000, 0x0000000707800000, 0x0000000707a00000|  0%| F|  |TAMS 0x0000000707800000, 0x0000000707800000| Untracked 
|  19|0x0000000707a00000, 0x0000000707a00000, 0x0000000707c00000|  0%| F|  |TAMS 0x0000000707a00000, 0x0000000707a00000| Untracked 
|  20|0x0000000707c00000, 0x0000000707c00000, 0x0000000707e00000|  0%| F|  |TAMS 0x0000000707c00000, 0x0000000707c00000| Untracked 
|  21|0x0000000707e00000, 0x0000000707e00000, 0x0000000708000000|  0%| F|  |TAMS 0x0000000707e00000, 0x0000000707e00000| Untracked 
|  22|0x0000000708000000, 0x0000000708000000, 0x0000000708200000|  0%| F|  |TAMS 0x0000000708000000, 0x0000000708000000| Untracked 
|  23|0x0000000708200000, 0x0000000708200000, 0x0000000708400000|  0%| F|  |TAMS 0x0000000708200000, 0x0000000708200000| Untracked 
|  24|0x0000000708400000, 0x0000000708400000, 0x0000000708600000|  0%| F|  |TAMS 0x0000000708400000, 0x0000000708400000| Untracked 
|  25|0x0000000708600000, 0x0000000708600000, 0x0000000708800000|  0%| F|  |TAMS 0x0000000708600000, 0x0000000708600000| Untracked 
|  26|0x0000000708800000, 0x0000000708800000, 0x0000000708a00000|  0%| F|  |TAMS 0x0000000708800000, 0x0000000708800000| Untracked 
|  27|0x0000000708a00000, 0x0000000708a00000, 0x0000000708c00000|  0%| F|  |TAMS 0x0000000708a00000, 0x0000000708a00000| Untracked 
|  28|0x0000000708c00000, 0x0000000708c00000, 0x0000000708e00000|  0%| F|  |TAMS 0x0000000708c00000, 0x0000000708c00000| Untracked 
|  29|0x0000000708e00000, 0x0000000708e00000, 0x0000000709000000|  0%| F|  |TAMS 0x0000000708e00000, 0x0000000708e00000| Untracked 
|  30|0x0000000709000000, 0x0000000709000000, 0x0000000709200000|  0%| F|  |TAMS 0x0000000709000000, 0x0000000709000000| Untracked 
|  31|0x0000000709200000, 0x0000000709200000, 0x0000000709400000|  0%| F|  |TAMS 0x0000000709200000, 0x0000000709200000| Untracked 
|  32|0x0000000709400000, 0x0000000709400000, 0x0000000709600000|  0%| F|  |TAMS 0x0000000709400000, 0x0000000709400000| Untracked 
|  33|0x0000000709600000, 0x0000000709600000, 0x0000000709800000|  0%| F|  |TAMS 0x0000000709600000, 0x0000000709600000| Untracked 
|  34|0x0000000709800000, 0x0000000709800000, 0x0000000709a00000|  0%| F|  |TAMS 0x0000000709800000, 0x0000000709800000| Untracked 
|  35|0x0000000709a00000, 0x0000000709a00000, 0x0000000709c00000|  0%| F|  |TAMS 0x0000000709a00000, 0x0000000709a00000| Untracked 
|  36|0x0000000709c00000, 0x0000000709c00000, 0x0000000709e00000|  0%| F|  |TAMS 0x0000000709c00000, 0x0000000709c00000| Untracked 
|  37|0x0000000709e00000, 0x0000000709e00000, 0x000000070a000000|  0%| F|  |TAMS 0x0000000709e00000, 0x0000000709e00000| Untracked 
|  38|0x000000070a000000, 0x000000070a000000, 0x000000070a200000|  0%| F|  |TAMS 0x000000070a000000, 0x000000070a000000| Untracked 
|  39|0x000000070a200000, 0x000000070a200000, 0x000000070a400000|  0%| F|  |TAMS 0x000000070a200000, 0x000000070a200000| Untracked 
|  40|0x000000070a400000, 0x000000070a400000, 0x000000070a600000|  0%| F|  |TAMS 0x000000070a400000, 0x000000070a400000| Untracked 
|  41|0x000000070a600000, 0x000000070a600000, 0x000000070a800000|  0%| F|  |TAMS 0x000000070a600000, 0x000000070a600000| Untracked 
|  42|0x000000070a800000, 0x000000070a800000, 0x000000070aa00000|  0%| F|  |TAMS 0x000000070a800000, 0x000000070a800000| Untracked 
|  43|0x000000070aa00000, 0x000000070aa00000, 0x000000070ac00000|  0%| F|  |TAMS 0x000000070aa00000, 0x000000070aa00000| Untracked 
|  44|0x000000070ac00000, 0x000000070ac00000, 0x000000070ae00000|  0%| F|  |TAMS 0x000000070ac00000, 0x000000070ac00000| Untracked 
|  45|0x000000070ae00000, 0x000000070ae00000, 0x000000070b000000|  0%| F|  |TAMS 0x000000070ae00000, 0x000000070ae00000| Untracked 
|  46|0x000000070b000000, 0x000000070b000000, 0x000000070b200000|  0%| F|  |TAMS 0x000000070b000000, 0x000000070b000000| Untracked 
|  47|0x000000070b200000, 0x000000070b200000, 0x000000070b400000|  0%| F|  |TAMS 0x000000070b200000, 0x000000070b200000| Untracked 
|  48|0x000000070b400000, 0x000000070b400000, 0x000000070b600000|  0%| F|  |TAMS 0x000000070b400000, 0x000000070b400000| Untracked 
|  49|0x000000070b600000, 0x000000070b600000, 0x000000070b800000|  0%| F|  |TAMS 0x000000070b600000, 0x000000070b600000| Untracked 
|  50|0x000000070b800000, 0x000000070b800000, 0x000000070ba00000|  0%| F|  |TAMS 0x000000070b800000, 0x000000070b800000| Untracked 
|  51|0x000000070ba00000, 0x000000070ba00000, 0x000000070bc00000|  0%| F|  |TAMS 0x000000070ba00000, 0x000000070ba00000| Untracked 
|  52|0x000000070bc00000, 0x000000070bc00000, 0x000000070be00000|  0%| F|  |TAMS 0x000000070bc00000, 0x000000070bc00000| Untracked 
|  53|0x000000070be00000, 0x000000070be00000, 0x000000070c000000|  0%| F|  |TAMS 0x000000070be00000, 0x000000070be00000| Untracked 
|  54|0x000000070c000000, 0x000000070c000000, 0x000000070c200000|  0%| F|  |TAMS 0x000000070c000000, 0x000000070c000000| Untracked 
|  55|0x000000070c200000, 0x000000070c200000, 0x000000070c400000|  0%| F|  |TAMS 0x000000070c200000, 0x000000070c200000| Untracked 
|  56|0x000000070c400000, 0x000000070c400000, 0x000000070c600000|  0%| F|  |TAMS 0x000000070c400000, 0x000000070c400000| Untracked 
|  57|0x000000070c600000, 0x000000070c600000, 0x000000070c800000|  0%| F|  |TAMS 0x000000070c600000, 0x000000070c600000| Untracked 
|  58|0x000000070c800000, 0x000000070c800000, 0x000000070ca00000|  0%| F|  |TAMS 0x000000070c800000, 0x000000070c800000| Untracked 
|  59|0x000000070ca00000, 0x000000070ca00000, 0x000000070cc00000|  0%| F|  |TAMS 0x000000070ca00000, 0x000000070ca00000| Untracked 
|  60|0x000000070cc00000, 0x000000070cc00000, 0x000000070ce00000|  0%| F|  |TAMS 0x000000070cc00000, 0x000000070cc00000| Untracked 
|  61|0x000000070ce00000, 0x000000070ce00000, 0x000000070d000000|  0%| F|  |TAMS 0x000000070ce00000, 0x000000070ce00000| Untracked 
|  62|0x000000070d000000, 0x000000070d000000, 0x000000070d200000|  0%| F|  |TAMS 0x000000070d000000, 0x000000070d000000| Untracked 
|  63|0x000000070d200000, 0x000000070d200000, 0x000000070d400000|  0%| F|  |TAMS 0x000000070d200000, 0x000000070d200000| Untracked 
|  64|0x000000070d400000, 0x000000070d400000, 0x000000070d600000|  0%| F|  |TAMS 0x000000070d400000, 0x000000070d400000| Untracked 
|  65|0x000000070d600000, 0x000000070d600000, 0x000000070d800000|  0%| F|  |TAMS 0x000000070d600000, 0x000000070d600000| Untracked 
|  66|0x000000070d800000, 0x000000070d800000, 0x000000070da00000|  0%| F|  |TAMS 0x000000070d800000, 0x000000070d800000| Untracked 
|  67|0x000000070da00000, 0x000000070da00000, 0x000000070dc00000|  0%| F|  |TAMS 0x000000070da00000, 0x000000070da00000| Untracked 
|  68|0x000000070dc00000, 0x000000070dc00000, 0x000000070de00000|  0%| F|  |TAMS 0x000000070dc00000, 0x000000070dc00000| Untracked 
|  69|0x000000070de00000, 0x000000070de00000, 0x000000070e000000|  0%| F|  |TAMS 0x000000070de00000, 0x000000070de00000| Untracked 
|  70|0x000000070e000000, 0x000000070e000000, 0x000000070e200000|  0%| F|  |TAMS 0x000000070e000000, 0x000000070e000000| Untracked 
|  71|0x000000070e200000, 0x000000070e200000, 0x000000070e400000|  0%| F|  |TAMS 0x000000070e200000, 0x000000070e200000| Untracked 
|  72|0x000000070e400000, 0x000000070e400000, 0x000000070e600000|  0%| F|  |TAMS 0x000000070e400000, 0x000000070e400000| Untracked 
|  73|0x000000070e600000, 0x000000070e600000, 0x000000070e800000|  0%| F|  |TAMS 0x000000070e600000, 0x000000070e600000| Untracked 
|  74|0x000000070e800000, 0x000000070e800000, 0x000000070ea00000|  0%| F|  |TAMS 0x000000070e800000, 0x000000070e800000| Untracked 
|  75|0x000000070ea00000, 0x000000070ea00000, 0x000000070ec00000|  0%| F|  |TAMS 0x000000070ea00000, 0x000000070ea00000| Untracked 
|  76|0x000000070ec00000, 0x000000070ec00000, 0x000000070ee00000|  0%| F|  |TAMS 0x000000070ec00000, 0x000000070ec00000| Untracked 
|  77|0x000000070ee00000, 0x000000070ee00000, 0x000000070f000000|  0%| F|  |TAMS 0x000000070ee00000, 0x000000070ee00000| Untracked 
|  78|0x000000070f000000, 0x000000070f000000, 0x000000070f200000|  0%| F|  |TAMS 0x000000070f000000, 0x000000070f000000| Untracked 
|  79|0x000000070f200000, 0x000000070f200000, 0x000000070f400000|  0%| F|  |TAMS 0x000000070f200000, 0x000000070f200000| Untracked 
|  80|0x000000070f400000, 0x000000070f400000, 0x000000070f600000|  0%| F|  |TAMS 0x000000070f400000, 0x000000070f400000| Untracked 
|  81|0x000000070f600000, 0x000000070f600000, 0x000000070f800000|  0%| F|  |TAMS 0x000000070f600000, 0x000000070f600000| Untracked 
|  82|0x000000070f800000, 0x000000070f800000, 0x000000070fa00000|  0%| F|  |TAMS 0x000000070f800000, 0x000000070f800000| Untracked 
|  83|0x000000070fa00000, 0x000000070fa00000, 0x000000070fc00000|  0%| F|  |TAMS 0x000000070fa00000, 0x000000070fa00000| Untracked 
|  84|0x000000070fc00000, 0x000000070fc00000, 0x000000070fe00000|  0%| F|  |TAMS 0x000000070fc00000, 0x000000070fc00000| Untracked 
|  85|0x000000070fe00000, 0x000000070fe00000, 0x0000000710000000|  0%| F|  |TAMS 0x000000070fe00000, 0x000000070fe00000| Untracked 
|  86|0x0000000710000000, 0x0000000710000000, 0x0000000710200000|  0%| F|  |TAMS 0x0000000710000000, 0x0000000710000000| Untracked 
|  87|0x0000000710200000, 0x0000000710200000, 0x0000000710400000|  0%| F|  |TAMS 0x0000000710200000, 0x0000000710200000| Untracked 
|  88|0x0000000710400000, 0x0000000710400000, 0x0000000710600000|  0%| F|  |TAMS 0x0000000710400000, 0x0000000710400000| Untracked 
|  89|0x0000000710600000, 0x0000000710600000, 0x0000000710800000|  0%| F|  |TAMS 0x0000000710600000, 0x0000000710600000| Untracked 
|  90|0x0000000710800000, 0x0000000710800000, 0x0000000710a00000|  0%| F|  |TAMS 0x0000000710800000, 0x0000000710800000| Untracked 
|  91|0x0000000710a00000, 0x0000000710a00000, 0x0000000710c00000|  0%| F|  |TAMS 0x0000000710a00000, 0x0000000710a00000| Untracked 
|  92|0x0000000710c00000, 0x0000000710c00000, 0x0000000710e00000|  0%| F|  |TAMS 0x0000000710c00000, 0x0000000710c00000| Untracked 
|  93|0x0000000710e00000, 0x0000000710e00000, 0x0000000711000000|  0%| F|  |TAMS 0x0000000710e00000, 0x0000000710e00000| Untracked 
|  94|0x0000000711000000, 0x0000000711000000, 0x0000000711200000|  0%| F|  |TAMS 0x0000000711000000, 0x0000000711000000| Untracked 
|  95|0x0000000711200000, 0x0000000711200000, 0x0000000711400000|  0%| F|  |TAMS 0x0000000711200000, 0x0000000711200000| Untracked 
|  96|0x0000000711400000, 0x0000000711400000, 0x0000000711600000|  0%| F|  |TAMS 0x0000000711400000, 0x0000000711400000| Untracked 
|  97|0x0000000711600000, 0x0000000711600000, 0x0000000711800000|  0%| F|  |TAMS 0x0000000711600000, 0x0000000711600000| Untracked 
|  98|0x0000000711800000, 0x0000000711800000, 0x0000000711a00000|  0%| F|  |TAMS 0x0000000711800000, 0x0000000711800000| Untracked 
|  99|0x0000000711a00000, 0x0000000711a00000, 0x0000000711c00000|  0%| F|  |TAMS 0x0000000711a00000, 0x0000000711a00000| Untracked 
| 100|0x0000000711c00000, 0x0000000711c00000, 0x0000000711e00000|  0%| F|  |TAMS 0x0000000711c00000, 0x0000000711c00000| Untracked 
| 101|0x0000000711e00000, 0x0000000711e00000, 0x0000000712000000|  0%| F|  |TAMS 0x0000000711e00000, 0x0000000711e00000| Untracked 
| 102|0x0000000712000000, 0x0000000712000000, 0x0000000712200000|  0%| F|  |TAMS 0x0000000712000000, 0x0000000712000000| Untracked 
| 103|0x0000000712200000, 0x0000000712200000, 0x0000000712400000|  0%| F|  |TAMS 0x0000000712200000, 0x0000000712200000| Untracked 
| 104|0x0000000712400000, 0x0000000712600000, 0x0000000712600000|100%| S|CS|TAMS 0x0000000712400000, 0x0000000712400000| Complete 
| 105|0x0000000712600000, 0x0000000712800000, 0x0000000712800000|100%| S|CS|TAMS 0x0000000712600000, 0x0000000712600000| Complete 
| 106|0x0000000712800000, 0x0000000712a00000, 0x0000000712a00000|100%| S|CS|TAMS 0x0000000712800000, 0x0000000712800000| Complete 
| 107|0x0000000712a00000, 0x0000000712a00000, 0x0000000712c00000|  0%| F|  |TAMS 0x0000000712a00000, 0x0000000712a00000| Untracked 
| 108|0x0000000712c00000, 0x0000000712c00000, 0x0000000712e00000|  0%| F|  |TAMS 0x0000000712c00000, 0x0000000712c00000| Untracked 
| 109|0x0000000712e00000, 0x0000000712e00000, 0x0000000713000000|  0%| F|  |TAMS 0x0000000712e00000, 0x0000000712e00000| Untracked 
| 110|0x0000000713000000, 0x0000000713000000, 0x0000000713200000|  0%| F|  |TAMS 0x0000000713000000, 0x0000000713000000| Untracked 
| 111|0x0000000713200000, 0x0000000713200000, 0x0000000713400000|  0%| F|  |TAMS 0x0000000713200000, 0x0000000713200000| Untracked 
| 112|0x0000000713400000, 0x0000000713400000, 0x0000000713600000|  0%| F|  |TAMS 0x0000000713400000, 0x0000000713400000| Untracked 
| 113|0x0000000713600000, 0x0000000713600000, 0x0000000713800000|  0%| F|  |TAMS 0x0000000713600000, 0x0000000713600000| Untracked 
| 114|0x0000000713800000, 0x0000000713800000, 0x0000000713a00000|  0%| F|  |TAMS 0x0000000713800000, 0x0000000713800000| Untracked 
| 115|0x0000000713a00000, 0x0000000713a00000, 0x0000000713c00000|  0%| F|  |TAMS 0x0000000713a00000, 0x0000000713a00000| Untracked 
| 116|0x0000000713c00000, 0x0000000713c00000, 0x0000000713e00000|  0%| F|  |TAMS 0x0000000713c00000, 0x0000000713c00000| Untracked 
| 117|0x0000000713e00000, 0x0000000713e00000, 0x0000000714000000|  0%| F|  |TAMS 0x0000000713e00000, 0x0000000713e00000| Untracked 
| 118|0x0000000714000000, 0x0000000714000000, 0x0000000714200000|  0%| F|  |TAMS 0x0000000714000000, 0x0000000714000000| Untracked 
| 119|0x0000000714200000, 0x0000000714200000, 0x0000000714400000|  0%| F|  |TAMS 0x0000000714200000, 0x0000000714200000| Untracked 
| 120|0x0000000714400000, 0x0000000714400000, 0x0000000714600000|  0%| F|  |TAMS 0x0000000714400000, 0x0000000714400000| Untracked 
| 121|0x0000000714600000, 0x0000000714600000, 0x0000000714800000|  0%| F|  |TAMS 0x0000000714600000, 0x0000000714600000| Untracked 
| 122|0x0000000714800000, 0x0000000714800000, 0x0000000714a00000|  0%| F|  |TAMS 0x0000000714800000, 0x0000000714800000| Untracked 
| 123|0x0000000714a00000, 0x0000000714a00000, 0x0000000714c00000|  0%| F|  |TAMS 0x0000000714a00000, 0x0000000714a00000| Untracked 
| 124|0x0000000714c00000, 0x0000000714df0cf8, 0x0000000714e00000| 97%| E|  |TAMS 0x0000000714c00000, 0x0000000714c00000| Complete 
| 125|0x0000000714e00000, 0x0000000715000000, 0x0000000715000000|100%| E|CS|TAMS 0x0000000714e00000, 0x0000000714e00000| Complete 

Card table byte_map: [0x000002997b5a0000,0x000002997bd80000] _byte_map_base: 0x0000029977d76000

Marking Bits (Prev, Next): (CMBitMap*) 0x0000029963f87c60, (CMBitMap*) 0x0000029963f87ca0
 Prev Bits: [0x0000029900000000, 0x0000029903eb0000)
 Next Bits: [0x0000029903eb0000, 0x0000029907d60000)

Polling page: 0x00000299620f0000

Metaspace:

Usage:
  Non-class:      8.42 MB used.
      Class:      1.30 MB used.
       Both:      9.71 MB used.

Virtual space:
  Non-class space:       64.00 MB reserved,       8.50 MB ( 13%) committed,  1 nodes.
      Class space:        1.00 GB reserved,       1.38 MB ( <1%) committed,  1 nodes.
             Both:        1.06 GB reserved,       9.88 MB ( <1%) committed. 

Chunk freelists:
   Non-Class:  7.38 MB
       Class:  14.45 MB
        Both:  21.83 MB

MaxMetaspaceSize: unlimited
CompressedClassSpaceSize: 1.00 GB
Initial GC threshold: 21.00 MB
Current GC threshold: 21.00 MB
CDS: on
MetaspaceReclaimPolicy: balanced
 - commit_granule_bytes: 65536.
 - commit_granule_words: 8192.
 - virtual_space_node_default_size: 8388608.
 - enlarge_chunks_in_place: 1.
 - new_chunks_are_fully_committed: 0.
 - uncommit_free_chunks: 1.
 - use_allocation_guard: 0.
 - handle_deallocations: 1.


Internal statistics:

num_allocs_failed_limit: 0.
num_arena_births: 90.
num_arena_deaths: 0.
num_vsnodes_births: 2.
num_vsnodes_deaths: 0.
num_space_committed: 158.
num_space_uncommitted: 0.
num_chunks_returned_to_freelist: 0.
num_chunks_taken_from_freelist: 369.
num_chunk_merges: 0.
num_chunk_splits: 246.
num_chunks_enlarged: 197.
num_inconsistent_stats: 0.

CodeHeap 'non-profiled nmethods': size=120000Kb used=762Kb max_used=762Kb free=119237Kb
 bounds [0x0000029973550000, 0x00000299737c0000, 0x000002997aa80000]
CodeHeap 'profiled nmethods': size=120000Kb used=2937Kb max_used=2937Kb free=117062Kb
 bounds [0x000002996ba80000, 0x000002996bd60000, 0x0000029972fb0000]
CodeHeap 'non-nmethods': size=5760Kb used=1179Kb max_used=1214Kb free=4580Kb
 bounds [0x0000029972fb0000, 0x0000029973220000, 0x0000029973550000]
 total_blobs=2063 nmethods=1586 adapters=390
 compilation: enabled
              stopped_count=0, restarted_count=0
 full_count=0

Compilation events (20 events):
Event: 23.581 Thread 0x000002994d01b970 nmethod 1575 0x000002996bd57090 code [0x000002996bd57240, 0x000002996bd57468]
Event: 23.581 Thread 0x000002994d01b970 1576       3       org.gradle.internal.logging.text.AbstractLineChoppingStyledTextOutput::access$402 (7 bytes)
Event: 23.581 Thread 0x000002994d01b970 nmethod 1576 0x000002996bd57510 code [0x000002996bd576a0, 0x000002996bd577f8]
Event: 23.581 Thread 0x000002994d01b970 1583       3       org.gradle.internal.logging.text.AbstractLineChoppingStyledTextOutput::access$900 (4 bytes)
Event: 23.581 Thread 0x000002994d01b970 nmethod 1583 0x000002996bd57910 code [0x000002996bd57aa0, 0x000002996bd57b98]
Event: 23.581 Thread 0x000002994d01b970 1584       3       org.gradle.internal.logging.text.AbstractLineChoppingStyledTextOutput$StateContext::next (11 bytes)
Event: 23.581 Thread 0x000002994d01b970 nmethod 1584 0x000002996bd57c10 code [0x000002996bd57da0, 0x000002996bd57eb8]
Event: 23.581 Thread 0x000002994d01b970 1579       3       org.gradle.internal.logging.text.AbstractLineChoppingStyledTextOutput$SeenFromEol::none (13 bytes)
Event: 23.582 Thread 0x000002994d01b970 nmethod 1579 0x000002996bd57f90 code [0x000002996bd58120, 0x000002996bd58278]
Event: 23.582 Thread 0x000002994d01b970 1580       3       org.gradle.internal.logging.text.AbstractLineChoppingStyledTextOutput::access$800 (4 bytes)
Event: 23.582 Thread 0x000002994d01b970 nmethod 1580 0x000002996bd58310 code [0x000002996bd584a0, 0x000002996bd58598]
Event: 23.582 Thread 0x000002994d01b970 1577       3       org.gradle.internal.logging.text.AbstractLineChoppingStyledTextOutput$1::execute (140 bytes)
Event: 23.584 Thread 0x000002994d01b970 nmethod 1577 0x000002996bd58610 code [0x000002996bd58960, 0x000002996bd59cb8]
Event: 23.584 Thread 0x000002994d01b970 1578       3       org.gradle.internal.logging.text.AbstractLineChoppingStyledTextOutput$SeenFromEol::all (18 bytes)
Event: 23.584 Thread 0x000002994d01b970 nmethod 1578 0x000002996bd5a490 code [0x000002996bd5a620, 0x000002996bd5a798]
Event: 23.584 Thread 0x000002994d01b970 1581       3       org.gradle.internal.logging.text.AbstractLineChoppingStyledTextOutput$2::execute (9 bytes)
Event: 23.584 Thread 0x000002994d01b970 nmethod 1581 0x000002996bd5a890 code [0x000002996bd5aa40, 0x000002996bd5ac68]
Event: 23.584 Thread 0x000002994d01b970 1582       3       org.gradle.internal.logging.text.AbstractLineChoppingStyledTextOutput$2::execute (77 bytes)
Event: 23.586 Thread 0x000002994d01b970 nmethod 1582 0x000002996bd5ad10 code [0x000002996bd5afe0, 0x000002996bd5bd08]
Event: 23.587 Thread 0x000002994d01b970 1585       3       java.nio.Buffer::<init> (105 bytes)

GC Heap History (4 events):
Event: 0.341 GC heap before
{Heap before GC invocations=0 (full 0):
 garbage-first heap   total 258048K, used 20480K [0x0000000705400000, 0x0000000800000000)
  region size 2048K, 11 young (22528K), 0 survivors (0K)
 Metaspace       used 1908K, committed 2048K, reserved 1114112K
  class space    used 169K, committed 192K, reserved 1048576K
}
Event: 0.344 GC heap after
{Heap after GC invocations=1 (full 0):
 garbage-first heap   total 258048K, used 2909K [0x0000000705400000, 0x0000000800000000)
  region size 2048K, 2 young (4096K), 2 survivors (4096K)
 Metaspace       used 1908K, committed 2048K, reserved 1114112K
  class space    used 169K, committed 192K, reserved 1048576K
}
Event: 2.687 GC heap before
{Heap before GC invocations=1 (full 0):
 garbage-first heap   total 258048K, used 41821K [0x0000000705400000, 0x0000000800000000)
  region size 2048K, 19 young (38912K), 2 survivors (4096K)
 Metaspace       used 8669K, committed 8896K, reserved 1114112K
  class space    used 1168K, committed 1280K, reserved 1048576K
}
Event: 2.691 GC heap after
{Heap after GC invocations=2 (full 0):
 garbage-first heap   total 258048K, used 12083K [0x0000000705400000, 0x0000000800000000)
  region size 2048K, 3 young (6144K), 3 survivors (6144K)
 Metaspace       used 8669K, committed 8896K, reserved 1114112K
  class space    used 1168K, committed 1280K, reserved 1048576K
}

Dll operation events (12 events):
Event: 0.007 Loaded shared library E:\JAVA\bin\java.dll
Event: 0.024 Loaded shared library E:\JAVA\bin\jsvml.dll
Event: 0.052 Loaded shared library E:\JAVA\bin\net.dll
Event: 0.054 Loaded shared library E:\JAVA\bin\nio.dll
Event: 0.056 Loaded shared library E:\JAVA\bin\zip.dll
Event: 0.059 Loaded shared library E:\JAVA\bin\verify.dll
Event: 0.093 Loaded shared library E:\JAVA\bin\jimage.dll
Event: 0.647 Loaded shared library E:\JAVA\bin\management.dll
Event: 0.650 Loaded shared library E:\JAVA\bin\management_ext.dll
Event: 0.742 Loaded shared library E:\gradle\native\c067742578af261105cb4f569cf0c3c89f3d7b1fecec35dd04571415982c5e48\windows-amd64\native-platform.dll
Event: 2.682 Loaded shared library E:\JAVA\bin\extnet.dll
Event: 2.755 Loaded shared library E:\JAVA\bin\sunmscapi.dll

Deoptimization events (20 events):
Event: 2.738 Thread 0x0000029963f1c880 Uncommon trap: trap_request=0xffffffc6 fr.pc=0x0000029973601da4 relative=0x0000000000001f04
Event: 2.738 Thread 0x0000029963f1c880 Uncommon trap: reason=bimorphic_or_optimized_type_check action=maybe_recompile pc=0x0000029973601da4 method=java.util.HashMap.putVal(ILjava/lang/Object;Ljava/lang/Object;ZZ)Ljava/lang/Object; @ 203 c2
Event: 2.738 Thread 0x0000029963f1c880 DEOPT PACKING pc=0x0000029973601da4 sp=0x000000a455afa830
Event: 2.739 Thread 0x0000029963f1c880 DEOPT UNPACKING pc=0x00000299730069a3 sp=0x000000a455afa7d0 mode 2
Event: 2.739 Thread 0x0000029963f1c880 Uncommon trap: trap_request=0xffffffc6 fr.pc=0x0000029973601da4 relative=0x0000000000001f04
Event: 2.739 Thread 0x0000029963f1c880 Uncommon trap: reason=bimorphic_or_optimized_type_check action=maybe_recompile pc=0x0000029973601da4 method=java.util.HashMap.putVal(ILjava/lang/Object;Ljava/lang/Object;ZZ)Ljava/lang/Object; @ 203 c2
Event: 2.739 Thread 0x0000029963f1c880 DEOPT PACKING pc=0x0000029973601da4 sp=0x000000a455afa830
Event: 2.739 Thread 0x0000029963f1c880 DEOPT UNPACKING pc=0x00000299730069a3 sp=0x000000a455afa7d0 mode 2
Event: 2.741 Thread 0x0000029963f1c880 Uncommon trap: trap_request=0xffffffc6 fr.pc=0x0000029973601da4 relative=0x0000000000001f04
Event: 2.741 Thread 0x0000029963f1c880 Uncommon trap: reason=bimorphic_or_optimized_type_check action=maybe_recompile pc=0x0000029973601da4 method=java.util.HashMap.putVal(ILjava/lang/Object;Ljava/lang/Object;ZZ)Ljava/lang/Object; @ 203 c2
Event: 2.741 Thread 0x0000029963f1c880 DEOPT PACKING pc=0x0000029973601da4 sp=0x000000a455afa830
Event: 2.741 Thread 0x0000029963f1c880 DEOPT UNPACKING pc=0x00000299730069a3 sp=0x000000a455afa7d0 mode 2
Event: 23.576 Thread 0x0000029963f1c880 Uncommon trap: trap_request=0xffffffc6 fr.pc=0x00000299735d456c relative=0x000000000000060c
Event: 23.576 Thread 0x0000029963f1c880 Uncommon trap: reason=bimorphic_or_optimized_type_check action=maybe_recompile pc=0x00000299735d456c method=java.util.concurrent.ConcurrentHashMap.get(Ljava/lang/Object;)Ljava/lang/Object; @ 149 c2
Event: 23.576 Thread 0x0000029963f1c880 DEOPT PACKING pc=0x00000299735d456c sp=0x000000a455afc7a0
Event: 23.576 Thread 0x0000029963f1c880 DEOPT UNPACKING pc=0x00000299730069a3 sp=0x000000a455afc740 mode 2
Event: 23.578 Thread 0x0000029963f1c880 Uncommon trap: trap_request=0xffffff45 fr.pc=0x00000299735eb80c relative=0x00000000000001ec
Event: 23.579 Thread 0x0000029963f1c880 Uncommon trap: reason=unstable_if action=reinterpret pc=0x00000299735eb80c method=java.net.URI$Parser.scan(IILjava/lang/String;)I @ 26 c2
Event: 23.579 Thread 0x0000029963f1c880 DEOPT PACKING pc=0x00000299735eb80c sp=0x000000a455afd240
Event: 23.579 Thread 0x0000029963f1c880 DEOPT UNPACKING pc=0x00000299730069a3 sp=0x000000a455afd1d0 mode 2

Classes loaded (20 events):
Event: 23.567 Loading class sun/nio/fs/WindowsSecurityDescriptor
Event: 23.567 Loading class sun/nio/fs/WindowsSecurityDescriptor done
Event: 23.568 Loading class sun/nio/fs/WindowsChannelFactory
Event: 23.568 Loading class sun/nio/fs/WindowsChannelFactory done
Event: 23.568 Loading class sun/nio/fs/WindowsChannelFactory$1
Event: 23.568 Loading class sun/nio/fs/WindowsChannelFactory$1 done
Event: 23.568 Loading class sun/nio/fs/WindowsChannelFactory$Flags
Event: 23.568 Loading class sun/nio/fs/WindowsChannelFactory$Flags done
Event: 23.568 Loading class sun/nio/fs/WindowsChannelFactory$2
Event: 23.568 Loading class sun/nio/fs/WindowsChannelFactory$2 done
Event: 23.568 Loading class sun/nio/ch/FileChannelImpl$Closer
Event: 23.568 Loading class sun/nio/ch/FileChannelImpl$Closer done
Event: 23.569 Loading class java/util/stream/Streams$1
Event: 23.569 Loading class java/util/stream/Streams$1 done
Event: 23.574 Loading class java/nio/file/FileChannelLinesSpliterator$1
Event: 23.574 Loading class java/nio/file/FileChannelLinesSpliterator$1 done
Event: 23.574 Loading class java/nio/channels/Channels
Event: 23.574 Loading class java/nio/channels/Channels done
Event: 23.579 Loading class java/util/concurrent/ConcurrentLinkedQueue$Itr
Event: 23.579 Loading class java/util/concurrent/ConcurrentLinkedQueue$Itr done

Classes unloaded (0 events):
No events

Classes redefined (0 events):
No events

Internal exceptions (20 events):
Event: 0.724 Thread 0x0000029963f1c880 Exception <a 'java/lang/NoSuchMethodError'{0x00000007141d65c0}: 'java.lang.Object java.lang.invoke.Invokers$Holder.invokeExact_MT(java.lang.Object, java.lang.Object, java.lang.Object, java.lang.Object)'> (0x00000007141d65c0) 
thrown [s\src\hotspot\share\interpreter\linkResolver.cpp, line 759]
Event: 0.728 Thread 0x0000029963f1c880 Exception <a 'java/lang/NoSuchMethodError'{0x00000007141fad80}: 'java.lang.Object java.lang.invoke.DirectMethodHandle$Holder.invokeVirtual(java.lang.Object, java.lang.Object, java.lang.Object)'> (0x00000007141fad80) 
thrown [s\src\hotspot\share\interpreter\linkResolver.cpp, line 759]
Event: 0.793 Thread 0x0000029963f1c880 Exception <a 'java/lang/NoSuchMethodError'{0x0000000713ce7df0}: 'java.lang.Object java.lang.invoke.DirectMethodHandle$Holder.newInvokeSpecial(java.lang.Object, java.lang.Object, java.lang.Object, java.lang.Object, java.lang.Object)'> (0x0000000713ce7df0) 
thrown [s\src\hotspot\share\interpreter\linkResolver.cpp, line 759]
Event: 0.811 Thread 0x0000029963f1c880 Exception <a 'java/lang/NoSuchMethodError'{0x0000000713dfb5b0}: 'void java.lang.invoke.DirectMethodHandle$Holder.invokeSpecial(java.lang.Object, java.lang.Object, java.lang.Object)'> (0x0000000713dfb5b0) 
thrown [s\src\hotspot\share\interpreter\linkResolver.cpp, line 759]
Event: 0.827 Thread 0x0000029963f1c880 Exception <a 'java/lang/NoSuchMethodError'{0x0000000713ae9e40}: 'int java.lang.invoke.DirectMethodHandle$Holder.invokeVirtual(java.lang.Object, java.lang.Object, java.lang.Object)'> (0x0000000713ae9e40) 
thrown [s\src\hotspot\share\interpreter\linkResolver.cpp, line 759]
Event: 0.838 Thread 0x0000029963f1c880 Exception <a 'java/lang/NoSuchMethodError'{0x0000000713b52ae0}: 'java.lang.Object java.lang.invoke.DirectMethodHandle$Holder.invokeStaticInit(java.lang.Object, int, int, int, int)'> (0x0000000713b52ae0) 
thrown [s\src\hotspot\share\interpreter\linkResolver.cpp, line 759]
Event: 0.890 Thread 0x0000029963f1c880 Exception <a 'java/lang/NoSuchMethodError'{0x0000000713b9af90}: 'java.lang.Object java.lang.invoke.DirectMethodHandle$Holder.invokeStaticInit(java.lang.Object, java.lang.Object, int, int, int, int)'> (0x0000000713b9af90) 
thrown [s\src\hotspot\share\interpreter\linkResolver.cpp, line 759]
Event: 0.895 Thread 0x0000029963f1c880 Exception <a 'java/lang/NoSuchMethodError'{0x0000000713bcb6e0}: 'int java.lang.invoke.DirectMethodHandle$Holder.invokeStatic(java.lang.Object)'> (0x0000000713bcb6e0) 
thrown [s\src\hotspot\share\interpreter\linkResolver.cpp, line 759]
Event: 0.895 Thread 0x0000029963f1c880 Exception <a 'java/lang/NoSuchMethodError'{0x0000000713bcee38}: 'int java.lang.invoke.DirectMethodHandle$Holder.invokeStaticInit(java.lang.Object)'> (0x0000000713bcee38) 
thrown [s\src\hotspot\share\interpreter\linkResolver.cpp, line 759]
Event: 0.898 Thread 0x0000029963f1c880 Implicit null exception at 0x0000029973595af2 to 0x000002997359614c
Event: 0.942 Thread 0x0000029963f1c880 Exception <a 'java/lang/NoSuchMethodError'{0x0000000713279690}: 'java.lang.Object java.lang.invoke.DirectMethodHandle$Holder.invokeSpecialIFC(java.lang.Object, java.lang.Object, java.lang.Object, java.lang.Object)'> (0x0000000713279690) 
thrown [s\src\hotspot\share\interpreter\linkResolver.cpp, line 759]
Event: 1.056 Thread 0x000002994e0554e0 Exception <a 'java/lang/NoSuchMethodError'{0x0000000712ab9778}: 'void java.lang.invoke.DirectMethodHandle$Holder.invokeStatic(java.lang.Object, long)'> (0x0000000712ab9778) 
thrown [s\src\hotspot\share\interpreter\linkResolver.cpp, line 759]
Event: 1.057 Thread 0x000002994e0554e0 Exception <a 'java/lang/NoSuchMethodError'{0x0000000712abf0d0}: 'java.lang.Object java.lang.invoke.DirectMethodHandle$Holder.newInvokeSpecial(java.lang.Object, long)'> (0x0000000712abf0d0) 
thrown [s\src\hotspot\share\interpreter\linkResolver.cpp, line 759]
Event: 1.059 Thread 0x000002994e0554e0 Exception <a 'java/lang/NoSuchMethodError'{0x0000000712ac9c68}: 'java.lang.Object java.lang.invoke.DirectMethodHandle$Holder.invokeStaticInit(java.lang.Object, java.lang.Object, long, java.lang.Object)'> (0x0000000712ac9c68) 
thrown [s\src\hotspot\share\interpreter\linkResolver.cpp, line 759]
Event: 1.059 Thread 0x000002994e0554e0 Exception <a 'java/lang/NoSuchMethodError'{0x0000000712ad02f0}: 'java.lang.Object java.lang.invoke.DirectMethodHandle$Holder.newInvokeSpecial(java.lang.Object, java.lang.Object, long)'> (0x0000000712ad02f0) 
thrown [s\src\hotspot\share\interpreter\linkResolver.cpp, line 759]
Event: 1.059 Thread 0x000002994e0554e0 Exception <a 'java/lang/NoSuchMethodError'{0x0000000712ad45e0}: 'java.lang.Object java.lang.invoke.Invokers$Holder.linkToTargetMethod(java.lang.Object, long, java.lang.Object)'> (0x0000000712ad45e0) 
thrown [s\src\hotspot\share\interpreter\linkResolver.cpp, line 759]
Event: 2.684 Thread 0x0000029963f1c880 Exception <a 'java/lang/NoSuchMethodError'{0x0000000712be8880}: 'void java.lang.invoke.DirectMethodHandle$Holder.invokeStatic(java.lang.Object, java.lang.Object, java.lang.Object)'> (0x0000000712be8880) 
thrown [s\src\hotspot\share\interpreter\linkResolver.cpp, line 759]
Event: 23.563 Thread 0x0000029963f1c880 Exception <a 'sun/net/ConnectionResetException'{0x0000000714d5d888}: Connection reset> (0x0000000714d5d888) 
thrown [s\src\hotspot\share\prims\jni.cpp, line 535]
Event: 23.576 Thread 0x0000029963f1c880 Exception <a 'java/lang/NoSuchMethodError'{0x0000000714db9e00}: 'int java.lang.invoke.DirectMethodHandle$Holder.invokeVirtual(java.lang.Object, java.lang.Object)'> (0x0000000714db9e00) 
thrown [s\src\hotspot\share\interpreter\linkResolver.cpp, line 759]
Event: 23.579 Thread 0x0000029963f1c880 Exception <a 'java/io/IOException'{0x0000000714dc5528}: Connection reset by peer> (0x0000000714dc5528) 
thrown [s\src\hotspot\share\prims\jni.cpp, line 535]

VM Operations (20 events):
Event: 0.887 Executing VM operation: HandshakeAllThreads
Event: 0.887 Executing VM operation: HandshakeAllThreads done
Event: 1.075 Executing VM operation: HandshakeAllThreads
Event: 1.075 Executing VM operation: HandshakeAllThreads done
Event: 2.081 Executing VM operation: Cleanup
Event: 2.081 Executing VM operation: Cleanup done
Event: 2.687 Executing VM operation: G1CollectForAllocation
Event: 2.691 Executing VM operation: G1CollectForAllocation done
Event: 2.736 Executing VM operation: HandshakeAllThreads
Event: 2.736 Executing VM operation: HandshakeAllThreads done
Event: 2.816 Executing VM operation: HandshakeAllThreads
Event: 2.816 Executing VM operation: HandshakeAllThreads done
Event: 3.827 Executing VM operation: Cleanup
Event: 3.827 Executing VM operation: Cleanup done
Event: 5.828 Executing VM operation: Cleanup
Event: 5.828 Executing VM operation: Cleanup done
Event: 17.911 Executing VM operation: Cleanup
Event: 17.911 Executing VM operation: Cleanup done
Event: 19.926 Executing VM operation: Cleanup
Event: 19.926 Executing VM operation: Cleanup done

Memory protections (0 events):
No events

Nmethod flushes (0 events):
No events

Events (20 events):
Event: 0.035 Thread 0x0000029963f1c880 Thread added: 0x000002994d012f50
Event: 0.035 Thread 0x0000029963f1c880 Thread added: 0x000002994d013820
Event: 0.036 Thread 0x0000029963f1c880 Thread added: 0x000002994d014c60
Event: 0.036 Thread 0x0000029963f1c880 Thread added: 0x000002994d0160a0
Event: 0.036 Thread 0x0000029963f1c880 Thread added: 0x000002994d0178c0
Event: 0.036 Thread 0x0000029963f1c880 Thread added: 0x000002994d01b970
Event: 0.036 Thread 0x0000029963f1c880 Thread added: 0x000002994d0252a0
Event: 0.048 Thread 0x0000029963f1c880 Thread added: 0x000002994d161b10
Event: 0.050 Thread 0x0000029963f1c880 Thread added: 0x000002994d1722e0
Event: 0.229 Thread 0x000002994d01b970 Thread added: 0x000002994d3562d0
Event: 0.286 Thread 0x000002994d01b970 Thread added: 0x000002994d34c950
Event: 0.763 Thread 0x0000029963f1c880 Thread added: 0x000002994df2f050
Event: 1.048 Thread 0x0000029963f1c880 Thread added: 0x000002994e0554e0
Event: 1.061 Thread 0x000002994e0554e0 Thread added: 0x000002994e6e04f0
Event: 1.062 Thread 0x000002994e6e04f0 Thread exited: 0x000002994e6e04f0
Event: 1.063 Thread 0x000002994e0554e0 Thread added: 0x000002994eb13850
Event: 1.764 Thread 0x000002994d3562d0 Thread exited: 0x000002994d3562d0
Event: 1.764 Thread 0x000002994d34c950 Thread exited: 0x000002994d34c950
Event: 2.588 Thread 0x000002994eb13850 Thread exited: 0x000002994eb13850
Event: 2.588 Thread 0x000002994e0554e0 Thread exited: 0x000002994e0554e0


Dynamic libraries:
0x00007ff68a790000 - 0x00007ff68a79e000 	E:\JAVA\bin\java.exe
0x00007fff21960000 - 0x00007fff21bc6000 	C:\WINDOWS\SYSTEM32\ntdll.dll
0x00007fff20d10000 - 0x00007fff20dd9000 	C:\WINDOWS\System32\KERNEL32.DLL
0x00007fff1f120000 - 0x00007fff1f51a000 	C:\WINDOWS\System32\KERNELBASE.dll
0x00007fff1eca0000 - 0x00007fff1edec000 	C:\WINDOWS\System32\ucrtbase.dll
0x00007ffeae490000 - 0x00007ffeae4a8000 	E:\JAVA\bin\jli.dll
0x00007ffeaf7b0000 - 0x00007ffeaf7ce000 	E:\JAVA\bin\VCRUNTIME140.dll
0x00007fff207a0000 - 0x00007fff20967000 	C:\WINDOWS\System32\USER32.dll
0x00007fff0a780000 - 0x00007fff0aa12000 	C:\WINDOWS\WinSxS\amd64_microsoft.windows.common-controls_6595b64144ccf1df_6.0.26100.8521_none_3e08b75ce33403b3\COMCTL32.dll
0x00007fff1f520000 - 0x00007fff1f547000 	C:\WINDOWS\System32\win32u.dll
0x00007fff21870000 - 0x00007fff21919000 	C:\WINDOWS\System32\msvcrt.dll
0x00007fff20980000 - 0x00007fff209ab000 	C:\WINDOWS\System32\GDI32.dll
0x00007fff1edf0000 - 0x00007fff1ef1b000 	C:\WINDOWS\System32\gdi32full.dll
0x00007fff1ebf0000 - 0x00007fff1ec93000 	C:\WINDOWS\System32\msvcp_win.dll
0x00007fff1fa30000 - 0x00007fff1fa62000 	C:\WINDOWS\System32\IMM32.DLL
0x00007fff19400000 - 0x00007fff1940c000 	E:\JAVA\bin\vcruntime140_1.dll
0x00007ffe7ec60000 - 0x00007ffe7eced000 	E:\JAVA\bin\msvcp140.dll
0x00007ffe740c0000 - 0x00007ffe74d2b000 	E:\JAVA\bin\server\jvm.dll
0x00007fff1f850000 - 0x00007fff1f906000 	C:\WINDOWS\System32\ADVAPI32.dll
0x00007fff20c60000 - 0x00007fff20d0a000 	C:\WINDOWS\System32\sechost.dll
0x00007fff1f910000 - 0x00007fff1fa28000 	C:\WINDOWS\System32\RPCRT4.dll
0x00007fff21470000 - 0x00007fff214f0000 	C:\WINDOWS\System32\WS2_32.dll
0x00007fff1ea50000 - 0x00007fff1eaae000 	C:\WINDOWS\SYSTEM32\POWRPROF.dll
0x00007fff0aa20000 - 0x00007fff0aa56000 	C:\WINDOWS\SYSTEM32\WINMM.dll
0x00007fff0f290000 - 0x00007fff0f29b000 	C:\WINDOWS\SYSTEM32\VERSION.dll
0x00007fff1ea30000 - 0x00007fff1ea44000 	C:\WINDOWS\SYSTEM32\UMPDC.dll
0x00007fff1d940000 - 0x00007fff1d95b000 	C:\WINDOWS\SYSTEM32\kernel.appcore.dll
0x00007fff0e8e0000 - 0x00007fff0e8ea000 	E:\JAVA\bin\jimage.dll
0x00007fff1c1e0000 - 0x00007fff1c422000 	C:\WINDOWS\SYSTEM32\DBGHELP.DLL
0x00007fff20f80000 - 0x00007fff21303000 	C:\WINDOWS\System32\combase.dll
0x00007fff20ac0000 - 0x00007fff20b99000 	C:\WINDOWS\System32\OLEAUT32.dll
0x00007ffef62b0000 - 0x00007ffef62eb000 	C:\WINDOWS\SYSTEM32\dbgcore.DLL
0x00007fff1f070000 - 0x00007fff1f118000 	C:\WINDOWS\System32\bcryptPrimitives.dll
0x00007ffe930e0000 - 0x00007ffe93105000 	E:\JAVA\bin\java.dll
0x00007ffe73fe0000 - 0x00007ffe740b7000 	E:\JAVA\bin\jsvml.dll
0x00007fff1ff00000 - 0x00007fff20684000 	C:\WINDOWS\System32\SHELL32.dll
0x00007fff1c760000 - 0x00007fff1cfe0000 	C:\WINDOWS\SYSTEM32\windows.storage.dll
0x00007fff209c0000 - 0x00007fff20ab6000 	C:\WINDOWS\System32\SHCORE.dll
0x00007fff1f7c0000 - 0x00007fff1f827000 	C:\WINDOWS\System32\shlwapi.dll
0x00007fff1eb10000 - 0x00007fff1eb39000 	C:\WINDOWS\SYSTEM32\profapi.dll
0x00007ffe9b0d0000 - 0x00007ffe9b0ea000 	E:\JAVA\bin\net.dll
0x00007fff0f5d0000 - 0x00007fff0f6f9000 	C:\WINDOWS\SYSTEM32\WINHTTP.dll
0x00007fff1de90000 - 0x00007fff1defc000 	C:\WINDOWS\system32\mswsock.dll
0x00007ffe95a70000 - 0x00007ffe95a86000 	E:\JAVA\bin\nio.dll
0x00007ffe8e620000 - 0x00007ffe8e638000 	E:\JAVA\bin\zip.dll
0x00007fff19410000 - 0x00007fff19420000 	E:\JAVA\bin\verify.dll
0x00007fff0f2a0000 - 0x00007fff0f2aa000 	E:\JAVA\bin\management.dll
0x00007fff0ebd0000 - 0x00007fff0ebdc000 	E:\JAVA\bin\management_ext.dll
0x00007fff21860000 - 0x00007fff21868000 	C:\WINDOWS\System32\PSAPI.DLL
0x00007fff0adc0000 - 0x00007fff0ade7000 	E:\gradle\native\c067742578af261105cb4f569cf0c3c89f3d7b1fecec35dd04571415982c5e48\windows-amd64\native-platform.dll
0x00007fff1e290000 - 0x00007fff1e2ab000 	C:\WINDOWS\SYSTEM32\CRYPTSP.dll
0x00007fff1d8a0000 - 0x00007fff1d8d9000 	C:\WINDOWS\system32\rsaenh.dll
0x00007fff1df40000 - 0x00007fff1df73000 	C:\WINDOWS\SYSTEM32\USERENV.dll
0x00007fff1eae0000 - 0x00007fff1eb0a000 	C:\WINDOWS\SYSTEM32\bcrypt.dll
0x00007fff1e0f0000 - 0x00007fff1e0fc000 	C:\WINDOWS\SYSTEM32\CRYPTBASE.dll
0x00007fff1d360000 - 0x00007fff1d393000 	C:\WINDOWS\SYSTEM32\IPHLPAPI.DLL
0x00007fff20970000 - 0x00007fff2097a000 	C:\WINDOWS\System32\NSI.dll
0x00007fff10b50000 - 0x00007fff10b6d000 	C:\WINDOWS\SYSTEM32\dhcpcsvc6.DLL
0x00007fff10b00000 - 0x00007fff10b25000 	C:\WINDOWS\SYSTEM32\dhcpcsvc.DLL
0x00007fff1d400000 - 0x00007fff1d54a000 	C:\WINDOWS\SYSTEM32\DNSAPI.dll
0x00007fff1dcd0000 - 0x00007fff1dcdd000 	C:\WINDOWS\SYSTEM32\DSPARSE.dll
0x00007ffefad90000 - 0x00007ffefad99000 	E:\JAVA\bin\extnet.dll
0x00007ffeff2a0000 - 0x00007ffeff2ae000 	E:\JAVA\bin\sunmscapi.dll
0x00007fff1f550000 - 0x00007fff1f6c8000 	C:\WINDOWS\System32\CRYPT32.dll
0x00007fff1e3f0000 - 0x00007fff1e420000 	C:\WINDOWS\SYSTEM32\ncrypt.dll
0x00007fff1e3a0000 - 0x00007fff1e3df000 	C:\WINDOWS\SYSTEM32\NTASN1.dll
0x00007ffef5420000 - 0x00007ffef5428000 	C:\WINDOWS\system32\wshunix.dll

dbghelp: loaded successfully - version: 4.0.5 - missing functions: none
symbol engine: initialized successfully - sym options: 0x614 - pdb path: .;E:\JAVA\bin;C:\WINDOWS\SYSTEM32;C:\WINDOWS\WinSxS\amd64_microsoft.windows.common-controls_6595b64144ccf1df_6.0.26100.8521_none_3e08b75ce33403b3;E:\JAVA\bin\server;E:\gradle\native\c067742578af261105cb4f569cf0c3c89f3d7b1fecec35dd04571415982c5e48\windows-amd64

VM Arguments:
jvm_args: -Dorg.gradle.appname=gradlew 
java_command: org.gradle.wrapper.GradleWrapperMain -q -Ptarget-platform=android-arm,android-arm64,android-x64 -Ptarget=lib\main.dart -Pbase-application-name=android.app.Application -Pdart-defines=RkxVVFRFUl9WRVJTSU9OPTMuNDEuOQ==,RkxVVFRFUl9DSEFOTkVMPXN0YWJsZQ==,RkxVVFRFUl9HSVRfVVJMPWh0dHBzOi8vZ2l0aHViLmNvbS9mbHV0dGVyL2ZsdXR0ZXIuZ2l0,RkxVVFRFUl9GUkFNRVdPUktfUkVWSVNJT049MDBiMGM5MWYwNg==,RkxVVFRFUl9FTkdJTkVfUkVWSVNJT049NDJkM2Q3NWE1Ng==,RkxVVFRFUl9EQVJUX1ZFUlNJT049My4xMS41 -Pdart-obfuscation=false -Ptrack-widget-creation=true -Ptree-shake-icons=true assembleRelease
java_class_path (initial): E:\voice_test\android\\gradle\wrapper\gradle-wrapper.jar
Launcher Type: SUN_STANDARD

[Global flags]
     intx CICompilerCount                          = 4                                         {product} {ergonomic}
     uint ConcGCThreads                            = 2                                         {product} {ergonomic}
     uint G1ConcRefinementThreads                  = 8                                         {product} {ergonomic}
   size_t G1HeapRegionSize                         = 2097152                                   {product} {ergonomic}
    uintx GCDrainStackTargetSize                   = 64                                        {product} {ergonomic}
   size_t InitialHeapSize                          = 264241152                                 {product} {ergonomic}
   size_t MarkStackSize                            = 4194304                                   {product} {ergonomic}
   size_t MaxHeapSize                              = 4206886912                                {product} {ergonomic}
   size_t MaxNewSize                               = 2522873856                                {product} {ergonomic}
   size_t MinHeapDeltaBytes                        = 2097152                                   {product} {ergonomic}
   size_t MinHeapSize                              = 8388608                                   {product} {ergonomic}
    uintx NonNMethodCodeHeapSize                   = 5839372                                {pd product} {ergonomic}
    uintx NonProfiledCodeHeapSize                  = 122909434                              {pd product} {ergonomic}
    uintx ProfiledCodeHeapSize                     = 122909434                              {pd product} {ergonomic}
    uintx ReservedCodeCacheSize                    = 251658240                              {pd product} {ergonomic}
     bool SegmentedCodeCache                       = true                                      {product} {ergonomic}
   size_t SoftMaxHeapSize                          = 4206886912                             {manageable} {ergonomic}
     bool UseCompressedClassPointers               = true                           {product lp64_product} {ergonomic}
     bool UseCompressedOops                        = true                           {product lp64_product} {ergonomic}
     bool UseG1GC                                  = true                                      {product} {ergonomic}
     bool UseLargePagesIndividualAllocation        = false                                  {pd product} {ergonomic}

Logging:
Log output configuration:
 #0: stdout all=warning uptime,level,tags
 #1: stderr all=off uptime,level,tags

Environment Variables:
JAVA_HOME=E:\JAVA
CLASSPATH=E:\voice_test\android\\gradle\wrapper\gradle-wrapper.jar
PATH=E:\JAVA\bin;C:\Program Files\Common Files\Oracle\Java\javapath;C:\WINDOWS\system32;C:\WINDOWS;C:\WINDOWS\System32\Wbem;C:\WINDOWS\System32\WindowsPowerShell\v1.0\;C:\WINDOWS\System32\OpenSSH\;C:\Program Files\Git\cmd;C:\Program Files\Microsoft SQL Server\170\Tools\Binn\;C:\Program Files\Microsoft SQL Server\Client SDK\ODBC\170\Tools\Binn\;C:\Program Files\Microsoft SQL Server\170\DTS\Binn\;C:\Program Files\dotnet\;D:\Basira\;C:\ProgramData\chocolatey\bin;E:\JAVA\bin;E:\DOWNLOAD\New folder (2)\bin;C:\Program Files\Common Files\Oracle\Java\javapath;C:\WINDOWS\system32;C:\WINDOWS;C:\WINDOWS\System32\Wbem;C:\WINDOWS\System32\WindowsPowerShell\v1.0\;C:\WINDOWS\System32\OpenSSH\;C:\Program Files\Git\cmd;C:\Program Files\Microsoft SQL Server\170\Tools\Binn\;C:\Program Files\Microsoft SQL Server\Client SDK\ODBC\170\Tools\Binn\;C:\Program Files\Microsoft SQL Server\170\DTS\Binn\;C:\Program Files\dotnet\;D:\Basira\;C:\ProgramData\chocolatey\bin;C:\WINDOWS\system32;C:\WINDOWS;C:\WINDOWS\System32\Wbem;C:\WINDOWS\System32\WindowsPowerShell\v1.0\;C:\WINDOWS\System32\OpenSSH\;C:\Program Files\Git\cmd;C:\Program Files\Microsoft SQL Server\170\Tools\Binn\;C:\Program Files\Microsoft SQL Server\Client SDK\ODBC\170\Tools\Binn\;C:\Program Files\Microsoft SQL Server\170\DTS\Binn\;C:\Program Files\dotnet\;D:\Basira\;C:\ProgramData\chocolatey\bin;C:\Users\DELL\AppData\Local\Programs\Python\Python310\Scripts\;C:\Users\DELL\AppData\Local\Programs\Python\Python310\;C:\Users\DELL\AppData\Local\Prog;E:\flutter\bin;D:\download\Antigravity\bin;C:\Users\DELL\AppData\Roaming\npm;c:\Users\DELL\.antigravity\extensions\ms-python.debugpy-2026.6.0-win32-x64\bundled\scripts\noConfigScripts;E:\flutter\bin\mingit\cmd
USERNAME=DELL
LANG=en_US.UTF-8
OS=Windows_NT
PROCESSOR_IDENTIFIER=Intel64 Family 6 Model 142 Stepping 12, GenuineIntel
TMP=C:\Users\DELL\AppData\Local\Temp
TEMP=C:\Users\DELL\AppData\Local\Temp



Periodic native trim disabled


---------------  S Y S T E M  ---------------

OS:
 Windows 11 , 64 bit Build 26100 (10.0.26100.8521)
OS uptime: 0 days 0:38 hours
Hyper-V role detected

CPU: total 8 (initial active 8) (4 cores per cpu, 2 threads per core) family 6 model 142 stepping 12 microcode 0xf8, cx8, cmov, fxsr, ht, mmx, 3dnowpref, sse, sse2, sse3, ssse3, sse4.1, sse4.2, popcnt, lzcnt, tsc, tscinvbit, avx, avx2, aes, erms, clmul, bmi1, bmi2, adx, fma, vzeroupper, clflush, clflushopt, hv
Processor Information for all 8 processors :
  Max Mhz: 2304, Current Mhz: 1803, Mhz Limit: 1797

Memory: 4k page, system-wide physical 16043M (2855M free)
TotalPageFile size 16303M (AvailPageFile size 450M)
current process WorkingSet (physical memory assigned to process): 117M, peak: 128M
current process commit charge ("private bytes"): 368M, peak: 376M

vm_info: OpenJDK 64-Bit Server VM (17.0.18+8) for windows-amd64 JRE (17.0.18+8), built on Jan 20 2026 22:28:22 by "admin" with MS VC++ 17.12 (VS2022)

END.
