#
# There is insufficient memory for the Java Runtime Environment to continue.
# Native memory allocation (malloc) failed to allocate 1142256 bytes. Error detail: Chunk::new
# Possible reasons:
#   The system is out of physical RAM or swap space
#   This process is running with CompressedOops enabled, and the Java Heap may be blocking the growth of the native heap
# Possible solutions:
#   Reduce memory load on the system
#   Increase physical memory or swap space
#   Check if swap backing store is full
#   Decrease Java heap size (-Xmx/-Xms)
#   Decrease number of Java threads
#   Decrease Java thread stack sizes (-Xss)
#   Set larger code cache with -XX:ReservedCodeCacheSize=
#   JVM is running with Zero Based Compressed Oops mode in which the Java heap is
#     placed in the first 32GB address space. The Java Heap base address is the
#     maximum limit for the native heap growth. Please use -XX:HeapBaseMinAddress
#     to set the Java Heap base and to place the Java Heap above 32GB virtual address.
# This output file may be truncated or incomplete.
#
#  Out of Memory Error (arena.cpp:191), pid=9368, tid=6736
#
# JRE version: OpenJDK Runtime Environment Temurin-17.0.18+8 (17.0.18+8) (build 17.0.18+8)
# Java VM: OpenJDK 64-Bit Server VM Temurin-17.0.18+8 (17.0.18+8, mixed mode, sharing, tiered, compressed oops, compressed class ptrs, g1 gc, windows-amd64)
# No core dump will be written. Minidumps are not enabled by default on client versions of Windows
#

---------------  S U M M A R Y ------------

Command Line: --add-opens=java.base/java.lang=ALL-UNNAMED --add-opens=java.base/java.lang.invoke=ALL-UNNAMED --add-opens=java.base/java.util=ALL-UNNAMED --add-opens=java.prefs/java.util.prefs=ALL-UNNAMED --add-exports=jdk.compiler/com.sun.tools.javac.api=ALL-UNNAMED --add-exports=jdk.compiler/com.sun.tools.javac.util=ALL-UNNAMED --add-opens=java.base/java.util=ALL-UNNAMED --add-opens=java.prefs/java.util.prefs=ALL-UNNAMED --add-opens=java.base/java.nio.charset=ALL-UNNAMED --add-opens=java.base/java.net=ALL-UNNAMED --add-opens=java.base/java.util.concurrent.atomic=ALL-UNNAMED --add-opens=java.xml/javax.xml.namespace=ALL-UNNAMED -XX:MaxMetaspaceSize=1024m -Xmx4096M -Dfile.encoding=windows-1252 -Duser.country=US -Duser.language=en -Duser.variant -javaagent:E:\gradle\wrapper\dists\gradle-8.11.1-all\2qik7nd48slq1ooc2496ixf4i\gradle-8.11.1\lib\agents\gradle-instrumentation-agent-8.11.1.jar org.gradle.launcher.daemon.bootstrap.GradleDaemon 8.11.1

Host: Intel(R) Core(TM) i7-10610U CPU @ 1.80GHz, 8 cores, 15G,  Windows 11 , 64 bit Build 26100 (10.0.26100.8328)
Time: Tue Jun  9 15:34:25 2026 Egypt Daylight Time elapsed time: 8.816403 seconds (0d 0h 0m 8s)

---------------  T H R E A D  ---------------

Current thread (0x000001cb54f669c0):  JavaThread "C2 CompilerThread0" daemon [_thread_in_native, id=6736, stack(0x000000414d000000,0x000000414d100000)]


Current CompileTask:
C2:8816 2318       4       jdk.internal.org.objectweb.asm.Frame::execute (2305 bytes)

Stack: [0x000000414d000000,0x000000414d100000]
Native frames: (J=compiled Java code, j=interpreted, Vv=VM code, C=native code)
V  [jvm.dll+0x6846f9]
V  [jvm.dll+0x839ea5]
V  [jvm.dll+0x83b91e]
V  [jvm.dll+0x83bfa3]
V  [jvm.dll+0x248eff]
V  [jvm.dll+0xad496]
V  [jvm.dll+0xadb3c]
V  [jvm.dll+0x368bcf]
V  [jvm.dll+0x1bc1ef]
V  [jvm.dll+0x219f10]
V  [jvm.dll+0x219200]
V  [jvm.dll+0x1a4920]
V  [jvm.dll+0x22989a]
V  [jvm.dll+0x227a4b]
V  [jvm.dll+0x7f0658]
V  [jvm.dll+0x7eaaec]
V  [jvm.dll+0x6835c7]
C  [ucrtbase.dll+0x37b0]
C  [KERNEL32.DLL+0x2e957]
C  [ntdll.dll+0x427c]


---------------  P R O C E S S  ---------------

Threads class SMR info:
_java_thread_list=0x000001cb556e8ef0, length=22, elements={
0x000001cb3208ebb0, 0x000001cb54f49c70, 0x000001cb54f4a740, 0x000001cb54f64350,
0x000001cb54f64c20, 0x000001cb54f654f0, 0x000001cb54f65dc0, 0x000001cb54f669c0,
0x000001cb54f6c890, 0x000001cb54f751b0, 0x000001cb54f30dc0, 0x000001cb553bd2b0,
0x000001cb8fbf4040, 0x000001cb8f3a3780, 0x000001cb8f9d07d0, 0x000001cb8fc37450,
0x000001cb8fd94940, 0x000001cb8fd93a10, 0x000001cb8fd93f20, 0x000001cb8fd94e50,
0x000001cb8fd94430, 0x000001cb8fd93500
}

Java Threads: ( => current thread )
  0x000001cb3208ebb0 JavaThread "main" [_thread_blocked, id=24532, stack(0x000000414c300000,0x000000414c400000)]
  0x000001cb54f49c70 JavaThread "Reference Handler" daemon [_thread_blocked, id=12516, stack(0x000000414ca00000,0x000000414cb00000)]
  0x000001cb54f4a740 JavaThread "Finalizer" daemon [_thread_blocked, id=16176, stack(0x000000414cb00000,0x000000414cc00000)]
  0x000001cb54f64350 JavaThread "Signal Dispatcher" daemon [_thread_blocked, id=21048, stack(0x000000414cc00000,0x000000414cd00000)]
  0x000001cb54f64c20 JavaThread "Attach Listener" daemon [_thread_blocked, id=21604, stack(0x000000414cd00000,0x000000414ce00000)]
  0x000001cb54f654f0 JavaThread "Service Thread" daemon [_thread_blocked, id=4784, stack(0x000000414ce00000,0x000000414cf00000)]
  0x000001cb54f65dc0 JavaThread "Monitor Deflation Thread" daemon [_thread_blocked, id=3196, stack(0x000000414cf00000,0x000000414d000000)]
=>0x000001cb54f669c0 JavaThread "C2 CompilerThread0" daemon [_thread_in_native, id=6736, stack(0x000000414d000000,0x000000414d100000)]
  0x000001cb54f6c890 JavaThread "C1 CompilerThread0" daemon [_thread_blocked, id=15168, stack(0x000000414d100000,0x000000414d200000)]
  0x000001cb54f751b0 JavaThread "Sweeper thread" daemon [_thread_blocked, id=12492, stack(0x000000414d200000,0x000000414d300000)]
  0x000001cb54f30dc0 JavaThread "Common-Cleaner" daemon [_thread_blocked, id=22604, stack(0x000000414d300000,0x000000414d400000)]
  0x000001cb553bd2b0 JavaThread "Notification Thread" daemon [_thread_blocked, id=3720, stack(0x000000414d400000,0x000000414d500000)]
  0x000001cb8fbf4040 JavaThread "Daemon health stats" [_thread_blocked, id=20944, stack(0x000000414dd00000,0x000000414de00000)]
  0x000001cb8f3a3780 JavaThread "Incoming local TCP Connector on port 51718" [_thread_in_native, id=24488, stack(0x000000414d600000,0x000000414d700000)]
  0x000001cb8f9d07d0 JavaThread "Daemon periodic checks" [_thread_blocked, id=21512, stack(0x000000414de00000,0x000000414df00000)]
  0x000001cb8fc37450 JavaThread "Daemon" [_thread_blocked, id=18860, stack(0x000000414df00000,0x000000414e000000)]
  0x000001cb8fd94940 JavaThread "Handler for socket connection from /127.0.0.1:51718 to /127.0.0.1:51720" [_thread_in_native, id=22892, stack(0x000000414e000000,0x000000414e100000)]
  0x000001cb8fd93a10 JavaThread "Cancel handler" [_thread_blocked, id=9872, stack(0x000000414e100000,0x000000414e200000)]
  0x000001cb8fd93f20 JavaThread "Daemon worker" [_thread_in_Java, id=11660, stack(0x000000414e200000,0x000000414e300000)]
  0x000001cb8fd94e50 JavaThread "Asynchronous log dispatcher for DefaultDaemonConnection: socket connection from /127.0.0.1:51718 to /127.0.0.1:51720" [_thread_blocked, id=21932, stack(0x000000414e300000,0x000000414e400000)]
  0x000001cb8fd94430 JavaThread "Stdin handler" [_thread_blocked, id=15292, stack(0x000000414e400000,0x000000414e500000)]
  0x000001cb8fd93500 JavaThread "Daemon client event forwarder" [_thread_blocked, id=8132, stack(0x000000414e600000,0x000000414e700000)]

Other Threads:
  0x000001cb54f42870 VMThread "VM Thread" [stack: 0x000000414c900000,0x000000414ca00000] [id=15124]
  0x000001cb553bd790 WatcherThread [stack: 0x000000414d500000,0x000000414d600000] [id=19424]
  0x000001cb320fe1e0 GCTaskThread "GC Thread#0" [stack: 0x000000414c400000,0x000000414c500000] [id=19592]
  0x000001cb55b603b0 GCTaskThread "GC Thread#1" [stack: 0x000000414d800000,0x000000414d900000] [id=9436]
  0x000001cb8f02c5a0 GCTaskThread "GC Thread#2" [stack: 0x000000414d900000,0x000000414da00000] [id=2560]
  0x000001cb8f07e3a0 GCTaskThread "GC Thread#3" [stack: 0x000000414da00000,0x000000414db00000] [id=2040]
  0x000001cb8f02c860 GCTaskThread "GC Thread#4" [stack: 0x000000414db00000,0x000000414dc00000] [id=16588]
  0x000001cb8f02cb20 GCTaskThread "GC Thread#5" [stack: 0x000000414dc00000,0x000000414dd00000] [id=14744]
  0x000001cb90396c30 GCTaskThread "GC Thread#6" [stack: 0x000000414d700000,0x000000414d800000] [id=23180]
  0x000001cb3210fd10 ConcurrentGCThread "G1 Main Marker" [stack: 0x000000414c500000,0x000000414c600000] [id=22108]
  0x000001cb32110de0 ConcurrentGCThread "G1 Conc#0" [stack: 0x000000414c600000,0x000000414c700000] [id=14984]
  0x000001cb3213dd10 ConcurrentGCThread "G1 Refine#0" [stack: 0x000000414c700000,0x000000414c800000] [id=14684]
  0x000001cb3213e4f0 ConcurrentGCThread "G1 Service" [stack: 0x000000414c800000,0x000000414c900000] [id=20108]

Threads with active compile tasks:
C2 CompilerThread0  8854 2318       4       jdk.internal.org.objectweb.asm.Frame::execute (2305 bytes)

VM state: not at safepoint (normal execution)

VM Mutex/Monitor currently owned by a thread: None

Heap address: 0x0000000700000000, size: 4096 MB, Compressed Oops mode: Zero based, Oop shift amount: 3

CDS archive(s) mapped at: [0x000001cb56000000-0x000001cb56bb0000-0x000001cb56bb0000), size 12255232, SharedBaseAddress: 0x000001cb56000000, ArchiveRelocationMode: 1.
Compressed class space mapped at: 0x000001cb57000000-0x000001cb8b000000, reserved size: 872415232
Narrow klass base: 0x000001cb56000000, Narrow klass shift: 0, Narrow klass range: 0x100000000

GC Precious Log:
 CPUs: 8 total, 8 available
 Memory: 16043M
 Large Page Support: Disabled
 NUMA Support: Disabled
 Compressed Oops: Enabled (Zero based)
 Heap Region Size: 2M
 Heap Min Capacity: 8M
 Heap Initial Capacity: 252M
 Heap Max Capacity: 4G
 Pre-touch: Disabled
 Parallel Workers: 8
 Concurrent Workers: 2
 Concurrent Refinement Workers: 8
 Periodic GC: Disabled

Heap:
 garbage-first heap   total 258048K, used 62767K [0x0000000700000000, 0x0000000800000000)
  region size 2048K, 26 young (53248K), 3 survivors (6144K)
 Metaspace       used 14013K, committed 14336K, reserved 917504K
  class space    used 1925K, committed 2112K, reserved 851968K

Heap Regions: E=young(eden), S=young(survivor), O=old, HS=humongous(starts), HC=humongous(continues), CS=collection set, F=free, OA=open archive, CA=closed archive, TAMS=top-at-mark-start (previous, next)
|   0|0x0000000700000000, 0x0000000700200000, 0x0000000700200000|100%|HS|  |TAMS 0x0000000700000000, 0x0000000700000000| Complete 
|   1|0x0000000700200000, 0x0000000700400000, 0x0000000700400000|100%|HC|  |TAMS 0x0000000700200000, 0x0000000700200000| Complete 
|   2|0x0000000700400000, 0x0000000700600000, 0x0000000700600000|100%| O|  |TAMS 0x0000000700400000, 0x0000000700400000| Untracked 
|   3|0x0000000700600000, 0x0000000700800000, 0x0000000700800000|100%| O|  |TAMS 0x0000000700600000, 0x0000000700600000| Untracked 
|   4|0x0000000700800000, 0x0000000700a00000, 0x0000000700a00000|100%| O|  |TAMS 0x0000000700800000, 0x0000000700800000| Untracked 
|   5|0x0000000700a00000, 0x0000000700b4be00, 0x0000000700c00000| 64%| O|  |TAMS 0x0000000700a00000, 0x0000000700a00000| Untracked 
|   6|0x0000000700c00000, 0x0000000700c00000, 0x0000000700e00000|  0%| F|  |TAMS 0x0000000700c00000, 0x0000000700c00000| Untracked 
|   7|0x0000000700e00000, 0x0000000700e00000, 0x0000000701000000|  0%| F|  |TAMS 0x0000000700e00000, 0x0000000700e00000| Untracked 
|   8|0x0000000701000000, 0x0000000701000000, 0x0000000701200000|  0%| F|  |TAMS 0x0000000701000000, 0x0000000701000000| Untracked 
|   9|0x0000000701200000, 0x0000000701200000, 0x0000000701400000|  0%| F|  |TAMS 0x0000000701200000, 0x0000000701200000| Untracked 
|  10|0x0000000701400000, 0x0000000701400000, 0x0000000701600000|  0%| F|  |TAMS 0x0000000701400000, 0x0000000701400000| Untracked 
|  11|0x0000000701600000, 0x0000000701600000, 0x0000000701800000|  0%| F|  |TAMS 0x0000000701600000, 0x0000000701600000| Untracked 
|  12|0x0000000701800000, 0x0000000701800000, 0x0000000701a00000|  0%| F|  |TAMS 0x0000000701800000, 0x0000000701800000| Untracked 
|  13|0x0000000701a00000, 0x0000000701a00000, 0x0000000701c00000|  0%| F|  |TAMS 0x0000000701a00000, 0x0000000701a00000| Untracked 
|  14|0x0000000701c00000, 0x0000000701c00000, 0x0000000701e00000|  0%| F|  |TAMS 0x0000000701c00000, 0x0000000701c00000| Untracked 
|  15|0x0000000701e00000, 0x0000000701e00000, 0x0000000702000000|  0%| F|  |TAMS 0x0000000701e00000, 0x0000000701e00000| Untracked 
|  16|0x0000000702000000, 0x0000000702000000, 0x0000000702200000|  0%| F|  |TAMS 0x0000000702000000, 0x0000000702000000| Untracked 
|  17|0x0000000702200000, 0x0000000702200000, 0x0000000702400000|  0%| F|  |TAMS 0x0000000702200000, 0x0000000702200000| Untracked 
|  18|0x0000000702400000, 0x0000000702400000, 0x0000000702600000|  0%| F|  |TAMS 0x0000000702400000, 0x0000000702400000| Untracked 
|  19|0x0000000702600000, 0x0000000702600000, 0x0000000702800000|  0%| F|  |TAMS 0x0000000702600000, 0x0000000702600000| Untracked 
|  20|0x0000000702800000, 0x0000000702800000, 0x0000000702a00000|  0%| F|  |TAMS 0x0000000702800000, 0x0000000702800000| Untracked 
|  21|0x0000000702a00000, 0x0000000702a00000, 0x0000000702c00000|  0%| F|  |TAMS 0x0000000702a00000, 0x0000000702a00000| Untracked 
|  22|0x0000000702c00000, 0x0000000702c00000, 0x0000000702e00000|  0%| F|  |TAMS 0x0000000702c00000, 0x0000000702c00000| Untracked 
|  23|0x0000000702e00000, 0x0000000702e00000, 0x0000000703000000|  0%| F|  |TAMS 0x0000000702e00000, 0x0000000702e00000| Untracked 
|  24|0x0000000703000000, 0x0000000703000000, 0x0000000703200000|  0%| F|  |TAMS 0x0000000703000000, 0x0000000703000000| Untracked 
|  25|0x0000000703200000, 0x0000000703200000, 0x0000000703400000|  0%| F|  |TAMS 0x0000000703200000, 0x0000000703200000| Untracked 
|  26|0x0000000703400000, 0x0000000703400000, 0x0000000703600000|  0%| F|  |TAMS 0x0000000703400000, 0x0000000703400000| Untracked 
|  27|0x0000000703600000, 0x0000000703600000, 0x0000000703800000|  0%| F|  |TAMS 0x0000000703600000, 0x0000000703600000| Untracked 
|  28|0x0000000703800000, 0x0000000703800000, 0x0000000703a00000|  0%| F|  |TAMS 0x0000000703800000, 0x0000000703800000| Untracked 
|  29|0x0000000703a00000, 0x0000000703a00000, 0x0000000703c00000|  0%| F|  |TAMS 0x0000000703a00000, 0x0000000703a00000| Untracked 
|  30|0x0000000703c00000, 0x0000000703c00000, 0x0000000703e00000|  0%| F|  |TAMS 0x0000000703c00000, 0x0000000703c00000| Untracked 
|  31|0x0000000703e00000, 0x0000000703e00000, 0x0000000704000000|  0%| F|  |TAMS 0x0000000703e00000, 0x0000000703e00000| Untracked 
|  32|0x0000000704000000, 0x0000000704000000, 0x0000000704200000|  0%| F|  |TAMS 0x0000000704000000, 0x0000000704000000| Untracked 
|  33|0x0000000704200000, 0x0000000704200000, 0x0000000704400000|  0%| F|  |TAMS 0x0000000704200000, 0x0000000704200000| Untracked 
|  34|0x0000000704400000, 0x0000000704400000, 0x0000000704600000|  0%| F|  |TAMS 0x0000000704400000, 0x0000000704400000| Untracked 
|  35|0x0000000704600000, 0x0000000704600000, 0x0000000704800000|  0%| F|  |TAMS 0x0000000704600000, 0x0000000704600000| Untracked 
|  36|0x0000000704800000, 0x0000000704800000, 0x0000000704a00000|  0%| F|  |TAMS 0x0000000704800000, 0x0000000704800000| Untracked 
|  37|0x0000000704a00000, 0x0000000704a00000, 0x0000000704c00000|  0%| F|  |TAMS 0x0000000704a00000, 0x0000000704a00000| Untracked 
|  38|0x0000000704c00000, 0x0000000704c00000, 0x0000000704e00000|  0%| F|  |TAMS 0x0000000704c00000, 0x0000000704c00000| Untracked 
|  39|0x0000000704e00000, 0x0000000704e00000, 0x0000000705000000|  0%| F|  |TAMS 0x0000000704e00000, 0x0000000704e00000| Untracked 
|  40|0x0000000705000000, 0x0000000705000000, 0x0000000705200000|  0%| F|  |TAMS 0x0000000705000000, 0x0000000705000000| Untracked 
|  41|0x0000000705200000, 0x0000000705200000, 0x0000000705400000|  0%| F|  |TAMS 0x0000000705200000, 0x0000000705200000| Untracked 
|  42|0x0000000705400000, 0x0000000705400000, 0x0000000705600000|  0%| F|  |TAMS 0x0000000705400000, 0x0000000705400000| Untracked 
|  43|0x0000000705600000, 0x0000000705600000, 0x0000000705800000|  0%| F|  |TAMS 0x0000000705600000, 0x0000000705600000| Untracked 
|  44|0x0000000705800000, 0x0000000705800000, 0x0000000705a00000|  0%| F|  |TAMS 0x0000000705800000, 0x0000000705800000| Untracked 
|  45|0x0000000705a00000, 0x0000000705a00000, 0x0000000705c00000|  0%| F|  |TAMS 0x0000000705a00000, 0x0000000705a00000| Untracked 
|  46|0x0000000705c00000, 0x0000000705c00000, 0x0000000705e00000|  0%| F|  |TAMS 0x0000000705c00000, 0x0000000705c00000| Untracked 
|  47|0x0000000705e00000, 0x0000000705e00000, 0x0000000706000000|  0%| F|  |TAMS 0x0000000705e00000, 0x0000000705e00000| Untracked 
|  48|0x0000000706000000, 0x0000000706000000, 0x0000000706200000|  0%| F|  |TAMS 0x0000000706000000, 0x0000000706000000| Untracked 
|  49|0x0000000706200000, 0x0000000706200000, 0x0000000706400000|  0%| F|  |TAMS 0x0000000706200000, 0x0000000706200000| Untracked 
|  50|0x0000000706400000, 0x0000000706400000, 0x0000000706600000|  0%| F|  |TAMS 0x0000000706400000, 0x0000000706400000| Untracked 
|  51|0x0000000706600000, 0x0000000706600000, 0x0000000706800000|  0%| F|  |TAMS 0x0000000706600000, 0x0000000706600000| Untracked 
|  52|0x0000000706800000, 0x0000000706800000, 0x0000000706a00000|  0%| F|  |TAMS 0x0000000706800000, 0x0000000706800000| Untracked 
|  53|0x0000000706a00000, 0x0000000706a00000, 0x0000000706c00000|  0%| F|  |TAMS 0x0000000706a00000, 0x0000000706a00000| Untracked 
|  54|0x0000000706c00000, 0x0000000706c00000, 0x0000000706e00000|  0%| F|  |TAMS 0x0000000706c00000, 0x0000000706c00000| Untracked 
|  55|0x0000000706e00000, 0x0000000706e00000, 0x0000000707000000|  0%| F|  |TAMS 0x0000000706e00000, 0x0000000706e00000| Untracked 
|  56|0x0000000707000000, 0x0000000707000000, 0x0000000707200000|  0%| F|  |TAMS 0x0000000707000000, 0x0000000707000000| Untracked 
|  57|0x0000000707200000, 0x0000000707200000, 0x0000000707400000|  0%| F|  |TAMS 0x0000000707200000, 0x0000000707200000| Untracked 
|  58|0x0000000707400000, 0x0000000707400000, 0x0000000707600000|  0%| F|  |TAMS 0x0000000707400000, 0x0000000707400000| Untracked 
|  59|0x0000000707600000, 0x0000000707600000, 0x0000000707800000|  0%| F|  |TAMS 0x0000000707600000, 0x0000000707600000| Untracked 
|  60|0x0000000707800000, 0x0000000707800000, 0x0000000707a00000|  0%| F|  |TAMS 0x0000000707800000, 0x0000000707800000| Untracked 
|  61|0x0000000707a00000, 0x0000000707a00000, 0x0000000707c00000|  0%| F|  |TAMS 0x0000000707a00000, 0x0000000707a00000| Untracked 
|  62|0x0000000707c00000, 0x0000000707c00000, 0x0000000707e00000|  0%| F|  |TAMS 0x0000000707c00000, 0x0000000707c00000| Untracked 
|  63|0x0000000707e00000, 0x0000000707e00000, 0x0000000708000000|  0%| F|  |TAMS 0x0000000707e00000, 0x0000000707e00000| Untracked 
|  64|0x0000000708000000, 0x0000000708000000, 0x0000000708200000|  0%| F|  |TAMS 0x0000000708000000, 0x0000000708000000| Untracked 
|  65|0x0000000708200000, 0x0000000708200000, 0x0000000708400000|  0%| F|  |TAMS 0x0000000708200000, 0x0000000708200000| Untracked 
|  66|0x0000000708400000, 0x0000000708400000, 0x0000000708600000|  0%| F|  |TAMS 0x0000000708400000, 0x0000000708400000| Untracked 
|  67|0x0000000708600000, 0x0000000708600000, 0x0000000708800000|  0%| F|  |TAMS 0x0000000708600000, 0x0000000708600000| Untracked 
|  68|0x0000000708800000, 0x0000000708800000, 0x0000000708a00000|  0%| F|  |TAMS 0x0000000708800000, 0x0000000708800000| Untracked 
|  69|0x0000000708a00000, 0x0000000708a00000, 0x0000000708c00000|  0%| F|  |TAMS 0x0000000708a00000, 0x0000000708a00000| Untracked 
|  70|0x0000000708c00000, 0x0000000708c00000, 0x0000000708e00000|  0%| F|  |TAMS 0x0000000708c00000, 0x0000000708c00000| Untracked 
|  71|0x0000000708e00000, 0x0000000708e00000, 0x0000000709000000|  0%| F|  |TAMS 0x0000000708e00000, 0x0000000708e00000| Untracked 
|  72|0x0000000709000000, 0x0000000709000000, 0x0000000709200000|  0%| F|  |TAMS 0x0000000709000000, 0x0000000709000000| Untracked 
|  73|0x0000000709200000, 0x0000000709200000, 0x0000000709400000|  0%| F|  |TAMS 0x0000000709200000, 0x0000000709200000| Untracked 
|  74|0x0000000709400000, 0x0000000709400000, 0x0000000709600000|  0%| F|  |TAMS 0x0000000709400000, 0x0000000709400000| Untracked 
|  75|0x0000000709600000, 0x0000000709600000, 0x0000000709800000|  0%| F|  |TAMS 0x0000000709600000, 0x0000000709600000| Untracked 
|  76|0x0000000709800000, 0x0000000709800000, 0x0000000709a00000|  0%| F|  |TAMS 0x0000000709800000, 0x0000000709800000| Untracked 
|  77|0x0000000709a00000, 0x0000000709a00000, 0x0000000709c00000|  0%| F|  |TAMS 0x0000000709a00000, 0x0000000709a00000| Untracked 
|  78|0x0000000709c00000, 0x0000000709c00000, 0x0000000709e00000|  0%| F|  |TAMS 0x0000000709c00000, 0x0000000709c00000| Untracked 
|  79|0x0000000709e00000, 0x0000000709e00000, 0x000000070a000000|  0%| F|  |TAMS 0x0000000709e00000, 0x0000000709e00000| Untracked 
|  80|0x000000070a000000, 0x000000070a000000, 0x000000070a200000|  0%| F|  |TAMS 0x000000070a000000, 0x000000070a000000| Untracked 
|  81|0x000000070a200000, 0x000000070a200000, 0x000000070a400000|  0%| F|  |TAMS 0x000000070a200000, 0x000000070a200000| Untracked 
|  82|0x000000070a400000, 0x000000070a400000, 0x000000070a600000|  0%| F|  |TAMS 0x000000070a400000, 0x000000070a400000| Untracked 
|  83|0x000000070a600000, 0x000000070a600000, 0x000000070a800000|  0%| F|  |TAMS 0x000000070a600000, 0x000000070a600000| Untracked 
|  84|0x000000070a800000, 0x000000070a800000, 0x000000070aa00000|  0%| F|  |TAMS 0x000000070a800000, 0x000000070a800000| Untracked 
|  85|0x000000070aa00000, 0x000000070aa00000, 0x000000070ac00000|  0%| F|  |TAMS 0x000000070aa00000, 0x000000070aa00000| Untracked 
|  86|0x000000070ac00000, 0x000000070ac00000, 0x000000070ae00000|  0%| F|  |TAMS 0x000000070ac00000, 0x000000070ac00000| Untracked 
|  87|0x000000070ae00000, 0x000000070ae00000, 0x000000070b000000|  0%| F|  |TAMS 0x000000070ae00000, 0x000000070ae00000| Untracked 
|  88|0x000000070b000000, 0x000000070b000000, 0x000000070b200000|  0%| F|  |TAMS 0x000000070b000000, 0x000000070b000000| Untracked 
|  89|0x000000070b200000, 0x000000070b200000, 0x000000070b400000|  0%| F|  |TAMS 0x000000070b200000, 0x000000070b200000| Untracked 
|  90|0x000000070b400000, 0x000000070b400000, 0x000000070b600000|  0%| F|  |TAMS 0x000000070b400000, 0x000000070b400000| Untracked 
|  91|0x000000070b600000, 0x000000070b600000, 0x000000070b800000|  0%| F|  |TAMS 0x000000070b600000, 0x000000070b600000| Untracked 
|  92|0x000000070b800000, 0x000000070b800000, 0x000000070ba00000|  0%| F|  |TAMS 0x000000070b800000, 0x000000070b800000| Untracked 
|  93|0x000000070ba00000, 0x000000070ba00000, 0x000000070bc00000|  0%| F|  |TAMS 0x000000070ba00000, 0x000000070ba00000| Untracked 
|  94|0x000000070bc00000, 0x000000070bc00000, 0x000000070be00000|  0%| F|  |TAMS 0x000000070bc00000, 0x000000070bc00000| Untracked 
|  95|0x000000070be00000, 0x000000070be00000, 0x000000070c000000|  0%| F|  |TAMS 0x000000070be00000, 0x000000070be00000| Untracked 
|  96|0x000000070c000000, 0x000000070c000000, 0x000000070c200000|  0%| F|  |TAMS 0x000000070c000000, 0x000000070c000000| Untracked 
|  97|0x000000070c200000, 0x000000070c400000, 0x000000070c400000|100%| S|CS|TAMS 0x000000070c200000, 0x000000070c200000| Complete 
|  98|0x000000070c400000, 0x000000070c600000, 0x000000070c600000|100%| S|CS|TAMS 0x000000070c400000, 0x000000070c400000| Complete 
|  99|0x000000070c600000, 0x000000070c800000, 0x000000070c800000|100%| S|CS|TAMS 0x000000070c600000, 0x000000070c600000| Complete 
| 100|0x000000070c800000, 0x000000070c800000, 0x000000070ca00000|  0%| F|  |TAMS 0x000000070c800000, 0x000000070c800000| Untracked 
| 101|0x000000070ca00000, 0x000000070ca00000, 0x000000070cc00000|  0%| F|  |TAMS 0x000000070ca00000, 0x000000070ca00000| Untracked 
| 102|0x000000070cc00000, 0x000000070cc00000, 0x000000070ce00000|  0%| F|  |TAMS 0x000000070cc00000, 0x000000070cc00000| Untracked 
| 103|0x000000070ce00000, 0x000000070cf00000, 0x000000070d000000| 50%| E|  |TAMS 0x000000070ce00000, 0x000000070ce00000| Complete 
| 104|0x000000070d000000, 0x000000070d200000, 0x000000070d200000|100%| E|CS|TAMS 0x000000070d000000, 0x000000070d000000| Complete 
| 105|0x000000070d200000, 0x000000070d400000, 0x000000070d400000|100%| E|CS|TAMS 0x000000070d200000, 0x000000070d200000| Complete 
| 106|0x000000070d400000, 0x000000070d600000, 0x000000070d600000|100%| E|CS|TAMS 0x000000070d400000, 0x000000070d400000| Complete 
| 107|0x000000070d600000, 0x000000070d800000, 0x000000070d800000|100%| E|CS|TAMS 0x000000070d600000, 0x000000070d600000| Complete 
| 108|0x000000070d800000, 0x000000070da00000, 0x000000070da00000|100%| E|CS|TAMS 0x000000070d800000, 0x000000070d800000| Complete 
| 109|0x000000070da00000, 0x000000070dc00000, 0x000000070dc00000|100%| E|CS|TAMS 0x000000070da00000, 0x000000070da00000| Complete 
| 110|0x000000070dc00000, 0x000000070de00000, 0x000000070de00000|100%| E|CS|TAMS 0x000000070dc00000, 0x000000070dc00000| Complete 
| 111|0x000000070de00000, 0x000000070e000000, 0x000000070e000000|100%| E|CS|TAMS 0x000000070de00000, 0x000000070de00000| Complete 
| 112|0x000000070e000000, 0x000000070e200000, 0x000000070e200000|100%| E|CS|TAMS 0x000000070e000000, 0x000000070e000000| Complete 
| 113|0x000000070e200000, 0x000000070e400000, 0x000000070e400000|100%| E|CS|TAMS 0x000000070e200000, 0x000000070e200000| Complete 
| 114|0x000000070e400000, 0x000000070e600000, 0x000000070e600000|100%| E|CS|TAMS 0x000000070e400000, 0x000000070e400000| Complete 
| 115|0x000000070e600000, 0x000000070e800000, 0x000000070e800000|100%| E|CS|TAMS 0x000000070e600000, 0x000000070e600000| Complete 
| 116|0x000000070e800000, 0x000000070ea00000, 0x000000070ea00000|100%| E|CS|TAMS 0x000000070e800000, 0x000000070e800000| Complete 
| 117|0x000000070ea00000, 0x000000070ec00000, 0x000000070ec00000|100%| E|CS|TAMS 0x000000070ea00000, 0x000000070ea00000| Complete 
| 118|0x000000070ec00000, 0x000000070ee00000, 0x000000070ee00000|100%| E|CS|TAMS 0x000000070ec00000, 0x000000070ec00000| Complete 
| 119|0x000000070ee00000, 0x000000070f000000, 0x000000070f000000|100%| E|CS|TAMS 0x000000070ee00000, 0x000000070ee00000| Complete 
| 120|0x000000070f000000, 0x000000070f200000, 0x000000070f200000|100%| E|CS|TAMS 0x000000070f000000, 0x000000070f000000| Complete 
| 121|0x000000070f200000, 0x000000070f400000, 0x000000070f400000|100%| E|CS|TAMS 0x000000070f200000, 0x000000070f200000| Complete 
| 122|0x000000070f400000, 0x000000070f600000, 0x000000070f600000|100%| E|CS|TAMS 0x000000070f400000, 0x000000070f400000| Complete 
| 123|0x000000070f600000, 0x000000070f800000, 0x000000070f800000|100%| E|CS|TAMS 0x000000070f600000, 0x000000070f600000| Complete 
| 124|0x000000070f800000, 0x000000070fa00000, 0x000000070fa00000|100%| E|CS|TAMS 0x000000070f800000, 0x000000070f800000| Complete 
| 125|0x000000070fa00000, 0x000000070fc00000, 0x000000070fc00000|100%| E|CS|TAMS 0x000000070fa00000, 0x000000070fa00000| Complete 

Card table byte_map: [0x000001cb49730000,0x000001cb49f30000] _byte_map_base: 0x000001cb45f30000

Marking Bits (Prev, Next): (CMBitMap*) 0x000001cb320fe710, (CMBitMap*) 0x000001cb320fe750
 Prev Bits: [0x000001cb4a730000, 0x000001cb4e730000)
 Next Bits: [0x000001cb4e730000, 0x000001cb52730000)

Polling page: 0x000001cb30240000

Metaspace:

Usage:
  Non-class:     11.82 MB used.
      Class:      1.88 MB used.
       Both:     13.70 MB used.

Virtual space:
  Non-class space:       64.00 MB reserved,      12.00 MB ( 19%) committed,  1 nodes.
      Class space:      832.00 MB reserved,       2.06 MB ( <1%) committed,  1 nodes.
             Both:      896.00 MB reserved,      14.06 MB (  2%) committed. 

Chunk freelists:
   Non-Class:  3.67 MB
       Class:  13.98 MB
        Both:  17.66 MB

MaxMetaspaceSize: 1.00 GB
CompressedClassSpaceSize: 832.00 MB
Initial GC threshold: 21.00 MB
Current GC threshold: 21.00 MB
CDS: on
MetaspaceReclaimPolicy: balanced
 - commit_granule_bytes: 65536.
 - commit_granule_words: 8192.
 - virtual_space_node_default_size: 8388608.
 - enlarge_chunks_in_place: 1.
 - new_chunks_are_fully_committed: 0.
 - uncommit_free_chunks: 1.
 - use_allocation_guard: 0.
 - handle_deallocations: 1.


Internal statistics:

num_allocs_failed_limit: 0.
num_arena_births: 172.
num_arena_deaths: 0.
num_vsnodes_births: 2.
num_vsnodes_deaths: 0.
num_space_committed: 225.
num_space_uncommitted: 0.
num_chunks_returned_to_freelist: 0.
num_chunks_taken_from_freelist: 598.
num_chunk_merges: 0.
num_chunk_splits: 408.
num_chunks_enlarged: 308.
num_inconsistent_stats: 0.

CodeHeap 'non-profiled nmethods': size=120000Kb used=1254Kb max_used=1254Kb free=118745Kb
 bounds [0x000001cb416c0000, 0x000001cb41930000, 0x000001cb48bf0000]
CodeHeap 'profiled nmethods': size=120000Kb used=4922Kb max_used=4922Kb free=115077Kb
 bounds [0x000001cb39bf0000, 0x000001cb3a0c0000, 0x000001cb41120000]
CodeHeap 'non-nmethods': size=5760Kb used=1210Kb max_used=1221Kb free=4549Kb
 bounds [0x000001cb41120000, 0x000001cb41390000, 0x000001cb416c0000]
 total_blobs=2900 nmethods=2388 adapters=424
 compilation: enabled
              stopped_count=0, restarted_count=0
 full_count=0

Compilation events (20 events):
Event: 8.652 Thread 0x000001cb54f6c890 2373       3       org.gradle.internal.service.DefaultServiceRegistry$ManagedObjectServiceProvider::<init> (21 bytes)
Event: 8.652 Thread 0x000001cb54f6c890 nmethod 2373 0x000001cb3a0b0410 code [0x000001cb3a0b0600, 0x000001cb3a0b0bf8]
Event: 8.652 Thread 0x000001cb54f6c890 2374       3       org.gradle.internal.service.DefaultServiceRegistry$SingletonService$1::<init> (10 bytes)
Event: 8.653 Thread 0x000001cb54f6c890 nmethod 2374 0x000001cb3a0b0e10 code [0x000001cb3a0b0fc0, 0x000001cb3a0b1198]
Event: 8.659 Thread 0x000001cb54f6c890 2375       3       org.gradle.internal.service.DefaultServiceRegistry$OwnServices::add (82 bytes)
Event: 8.660 Thread 0x000001cb54f6c890 nmethod 2375 0x000001cb3a0b1290 code [0x000001cb3a0b1500, 0x000001cb3a0b1f68]
Event: 8.660 Thread 0x000001cb54f6c890 2376       3       org.gradle.internal.service.DefaultServiceRegistry::access$1300 (5 bytes)
Event: 8.660 Thread 0x000001cb54f6c890 nmethod 2376 0x000001cb3a0b2310 code [0x000001cb3a0b24c0, 0x000001cb3a0b25e8]
Event: 8.714 Thread 0x000001cb54f6c890 2377       3       com.google.common.collect.RegularImmutableList::listIterator (15 bytes)
Event: 8.714 Thread 0x000001cb54f6c890 nmethod 2377 0x000001cb3a0b2690 code [0x000001cb3a0b2840, 0x000001cb3a0b2988]
Event: 8.715 Thread 0x000001cb54f6c890 2378       3       java.security.PermissionCollection::<init> (5 bytes)
Event: 8.715 Thread 0x000001cb54f6c890 nmethod 2378 0x000001cb3a0b2a90 code [0x000001cb3a0b2c40, 0x000001cb3a0b2d98]
Event: 8.754 Thread 0x000001cb54f6c890 2379       3       jdk.internal.misc.Unsafe::getAndAddInt (27 bytes)
Event: 8.754 Thread 0x000001cb54f6c890 nmethod 2379 0x000001cb3a0b2e90 code [0x000001cb3a0b3040, 0x000001cb3a0b3288]
Event: 8.771 Thread 0x000001cb54f6c890 2380       3       org.gradle.internal.service.ServiceScopeValidator::whenRegistered (42 bytes)
Event: 8.771 Thread 0x000001cb54f6c890 nmethod 2380 0x000001cb3a0b3390 code [0x000001cb3a0b35a0, 0x000001cb3a0b3c38]
Event: 8.772 Thread 0x000001cb54f6c890 2381       3       org.gradle.internal.service.DefaultServiceRegistry$RegistrationWrapper::getDeclaredTypes (8 bytes)
Event: 8.772 Thread 0x000001cb54f6c890 nmethod 2381 0x000001cb3a0b3e90 code [0x000001cb3a0b4020, 0x000001cb3a0b41d8]
Event: 8.773 Thread 0x000001cb54f6c890 2382       3       com.google.common.base.Preconditions::checkNotNull (14 bytes)
Event: 8.774 Thread 0x000001cb54f6c890 nmethod 2382 0x000001cb3a0b4290 code [0x000001cb3a0b4440, 0x000001cb3a0b4628]

GC Heap History (6 events):
Event: 0.771 GC heap before
{Heap before GC invocations=0 (full 0):
 garbage-first heap   total 258048K, used 20480K [0x0000000700000000, 0x0000000800000000)
  region size 2048K, 11 young (22528K), 0 survivors (0K)
 Metaspace       used 1048K, committed 1216K, reserved 917504K
  class space    used 72K, committed 128K, reserved 851968K
}
Event: 0.779 GC heap after
{Heap after GC invocations=1 (full 0):
 garbage-first heap   total 258048K, used 2634K [0x0000000700000000, 0x0000000800000000)
  region size 2048K, 2 young (4096K), 2 survivors (4096K)
 Metaspace       used 1048K, committed 1216K, reserved 917504K
  class space    used 72K, committed 128K, reserved 851968K
}
Event: 3.110 GC heap before
{Heap before GC invocations=1 (full 0):
 garbage-first heap   total 258048K, used 43594K [0x0000000700000000, 0x0000000800000000)
  region size 2048K, 21 young (43008K), 2 survivors (4096K)
 Metaspace       used 4384K, committed 4544K, reserved 917504K
  class space    used 540K, committed 640K, reserved 851968K
}
Event: 3.115 GC heap after
{Heap after GC invocations=2 (full 0):
 garbage-first heap   total 258048K, used 11398K [0x0000000700000000, 0x0000000800000000)
  region size 2048K, 3 young (6144K), 3 survivors (6144K)
 Metaspace       used 4384K, committed 4544K, reserved 917504K
  class space    used 540K, committed 640K, reserved 851968K
}
Event: 4.092 GC heap before
{Heap before GC invocations=2 (full 0):
 garbage-first heap   total 258048K, used 56454K [0x0000000700000000, 0x0000000800000000)
  region size 2048K, 26 young (53248K), 3 survivors (6144K)
 Metaspace       used 5728K, committed 5952K, reserved 917504K
  class space    used 745K, committed 832K, reserved 851968K
}
Event: 4.100 GC heap after
{Heap after GC invocations=3 (full 0):
 garbage-first heap   total 258048K, used 17711K [0x0000000700000000, 0x0000000800000000)
  region size 2048K, 3 young (6144K), 3 survivors (6144K)
 Metaspace       used 5728K, committed 5952K, reserved 917504K
  class space    used 745K, committed 832K, reserved 851968K
}

Dll operation events (15 events):
Event: 0.023 Loaded shared library E:\JAVA\bin\java.dll
Event: 0.050 Loaded shared library E:\JAVA\bin\jsvml.dll
Event: 0.144 Loaded shared library E:\JAVA\bin\zip.dll
Event: 0.150 Loaded shared library E:\JAVA\bin\instrument.dll
Event: 0.157 Loaded shared library E:\JAVA\bin\net.dll
Event: 0.160 Loaded shared library E:\JAVA\bin\nio.dll
Event: 0.165 Loaded shared library E:\JAVA\bin\zip.dll
Event: 0.631 Loaded shared library E:\JAVA\bin\jimage.dll
Event: 0.898 Loaded shared library E:\JAVA\bin\verify.dll
Event: 1.626 Loaded shared library E:\gradle\native\c067742578af261105cb4f569cf0c3c89f3d7b1fecec35dd04571415982c5e48\windows-amd64\native-platform.dll
Event: 1.672 Loaded shared library E:\gradle\native\100fb08df4bc3b14c8652ba06237920a3bd2aa13389f12d3474272988ae205f9\windows-amd64\native-platform-file-events.dll
Event: 4.178 Loaded shared library E:\JAVA\bin\management.dll
Event: 4.182 Loaded shared library E:\JAVA\bin\management_ext.dll
Event: 4.726 Loaded shared library E:\JAVA\bin\extnet.dll
Event: 7.463 Loaded shared library E:\JAVA\bin\sunmscapi.dll

Deoptimization events (20 events):
Event: 7.668 Thread 0x000001cb8fd93f20 Uncommon trap: trap_request=0xffffff6e fr.pc=0x000001cb41786af8 relative=0x00000000000003d8
Event: 7.668 Thread 0x000001cb8fd93f20 Uncommon trap: reason=loop_limit_check action=maybe_recompile pc=0x000001cb41786af8 method=java.lang.StringLatin1.indexOf([BI[BII)I @ 37 c2
Event: 7.668 Thread 0x000001cb8fd93f20 DEOPT PACKING pc=0x000001cb41786af8 sp=0x000000414e2fed10
Event: 7.668 Thread 0x000001cb8fd93f20 DEOPT UNPACKING pc=0x000001cb411769a3 sp=0x000000414e2fec98 mode 2
Event: 7.762 Thread 0x000001cb8fd93f20 Uncommon trap: trap_request=0xffffff45 fr.pc=0x000001cb4179fbc8 relative=0x00000000000001a8
Event: 7.762 Thread 0x000001cb8fd93f20 Uncommon trap: reason=unstable_if action=reinterpret pc=0x000001cb4179fbc8 method=java.util.WeakHashMap.expungeStaleEntries()V @ 9 c2
Event: 7.762 Thread 0x000001cb8fd93f20 DEOPT PACKING pc=0x000001cb4179fbc8 sp=0x000000414e2f8d10
Event: 7.762 Thread 0x000001cb8fd93f20 DEOPT UNPACKING pc=0x000001cb411769a3 sp=0x000000414e2f8ca8 mode 2
Event: 8.083 Thread 0x000001cb8fd93f20 Uncommon trap: trap_request=0xffffff45 fr.pc=0x000001cb417c14d0 relative=0x0000000000000450
Event: 8.083 Thread 0x000001cb8fd93f20 Uncommon trap: reason=unstable_if action=reinterpret pc=0x000001cb417c14d0 method=java.util.HashMap.getNode(Ljava/lang/Object;)Ljava/util/HashMap$Node; @ 66 c2
Event: 8.083 Thread 0x000001cb8fd93f20 DEOPT PACKING pc=0x000001cb417c14d0 sp=0x000000414e2fc140
Event: 8.083 Thread 0x000001cb8fd93f20 DEOPT UNPACKING pc=0x000001cb411769a3 sp=0x000000414e2fc090 mode 2
Event: 8.083 Thread 0x000001cb8fd93f20 Uncommon trap: trap_request=0xffffff45 fr.pc=0x000001cb41702f4c relative=0x000000000000040c
Event: 8.083 Thread 0x000001cb8fd93f20 Uncommon trap: reason=unstable_if action=reinterpret pc=0x000001cb41702f4c method=java.util.HashMap.getNode(Ljava/lang/Object;)Ljava/util/HashMap$Node; @ 66 c2
Event: 8.083 Thread 0x000001cb8fd93f20 DEOPT PACKING pc=0x000001cb41702f4c sp=0x000000414e2fc100
Event: 8.083 Thread 0x000001cb8fd93f20 DEOPT UNPACKING pc=0x000001cb411769a3 sp=0x000000414e2fc090 mode 2
Event: 8.105 Thread 0x000001cb8fd93f20 Uncommon trap: trap_request=0xffffff45 fr.pc=0x000001cb41794698 relative=0x0000000000000278
Event: 8.105 Thread 0x000001cb8fd93f20 Uncommon trap: reason=unstable_if action=reinterpret pc=0x000001cb41794698 method=java.util.concurrent.ConcurrentHashMap.get(Ljava/lang/Object;)Ljava/lang/Object; @ 76 c2
Event: 8.106 Thread 0x000001cb8fd93f20 DEOPT PACKING pc=0x000001cb41794698 sp=0x000000414e2fb5e0
Event: 8.106 Thread 0x000001cb8fd93f20 DEOPT UNPACKING pc=0x000001cb411769a3 sp=0x000000414e2fb548 mode 2

Classes loaded (20 events):
Event: 8.112 Loading class java/util/stream/MatchOps$1MatchSink
Event: 8.112 Loading class java/util/stream/MatchOps$1MatchSink done
Event: 8.170 Loading class java/lang/TypeNotPresentException
Event: 8.170 Loading class java/lang/TypeNotPresentException done
Event: 8.237 Loading class java/lang/invoke/MethodHandle$1
Event: 8.237 Loading class java/lang/invoke/MethodHandle$1 done
Event: 8.273 Loading class java/util/ConcurrentModificationException
Event: 8.274 Loading class java/util/ConcurrentModificationException done
Event: 8.320 Loading class sun/reflect/generics/scope/ConstructorScope
Event: 8.320 Loading class sun/reflect/generics/scope/ConstructorScope done
Event: 8.806 Loading class java/nio/file/NoSuchFileException
Event: 8.806 Loading class java/nio/file/FileSystemException
Event: 8.807 Loading class java/nio/file/FileSystemException done
Event: 8.807 Loading class java/nio/file/NoSuchFileException done
Event: 8.807 Loading class java/nio/file/attribute/PosixFilePermission
Event: 8.808 Loading class java/nio/file/attribute/PosixFilePermission done
Event: 8.810 Loading class java/nio/file/attribute/PosixFilePermissions
Event: 8.810 Loading class java/nio/file/attribute/PosixFilePermissions done
Event: 8.810 Loading class java/nio/file/attribute/PosixFilePermissions$1
Event: 8.811 Loading class java/nio/file/attribute/PosixFilePermissions$1 done

Classes unloaded (0 events):
No events

Classes redefined (0 events):
No events

Internal exceptions (20 events):
Event: 1.789 Thread 0x000001cb3208ebb0 Exception <a 'java/lang/NoSuchMethodError'{0x000000070f085338}: 'int java.lang.invoke.DirectMethodHandle$Holder.invokeStatic(java.lang.Object)'> (0x000000070f085338) 
thrown [s\src\hotspot\share\interpreter\linkResolver.cpp, line 759]
Event: 1.790 Thread 0x000001cb3208ebb0 Exception <a 'java/lang/NoSuchMethodError'{0x000000070f0887e8}: 'int java.lang.invoke.DirectMethodHandle$Holder.invokeStaticInit(java.lang.Object)'> (0x000000070f0887e8) 
thrown [s\src\hotspot\share\interpreter\linkResolver.cpp, line 759]
Event: 2.767 Thread 0x000001cb3208ebb0 Exception <a 'java/lang/NoSuchMethodError'{0x000000070e964850}: 'void java.lang.invoke.DirectMethodHandle$Holder.invokeInterface(java.lang.Object, java.lang.Object, java.lang.Object)'> (0x000000070e964850) 
thrown [s\src\hotspot\share\interpreter\linkResolver.cpp, line 759]
Event: 4.175 Thread 0x000001cb3208ebb0 Exception <a 'java/lang/NoSuchMethodError'{0x000000070f82dfd0}: 'java.lang.Object java.lang.invoke.DirectMethodHandle$Holder.invokeStaticInit(java.lang.Object)'> (0x000000070f82dfd0) 
thrown [s\src\hotspot\share\interpreter\linkResolver.cpp, line 759]
Event: 4.216 Thread 0x000001cb3208ebb0 Exception <a 'java/lang/NoSuchMethodError'{0x000000070f8b6b70}: 'java.lang.Object java.lang.invoke.DirectMethodHandle$Holder.invokeInterface(java.lang.Object, java.lang.Object)'> (0x000000070f8b6b70) 
thrown [s\src\hotspot\share\interpreter\linkResolver.cpp, line 759]
Event: 4.488 Thread 0x000001cb3208ebb0 Exception <a 'java/lang/NoSuchMethodError'{0x000000070f2e70a0}: 'java.lang.Object java.lang.invoke.DirectMethodHandle$Holder.invokeStaticInit(java.lang.Object, int, int, int, int)'> (0x000000070f2e70a0) 
thrown [s\src\hotspot\share\interpreter\linkResolver.cpp, line 759]
Event: 4.699 Thread 0x000001cb3208ebb0 Exception <a 'java/lang/NoSuchMethodError'{0x000000070f005998}: 'java.lang.Object java.lang.invoke.DirectMethodHandle$Holder.invokeStaticInit(java.lang.Object, java.lang.Object, int, int, int, int)'> (0x000000070f005998) 
thrown [s\src\hotspot\share\interpreter\linkResolver.cpp, line 759]
Event: 5.408 Thread 0x000001cb3208ebb0 Exception <a 'java/lang/NoSuchMethodError'{0x000000070ef1e060}: 'void java.lang.invoke.DirectMethodHandle$Holder.invokeStatic(java.lang.Object, java.lang.Object, java.lang.Object)'> (0x000000070ef1e060) 
thrown [s\src\hotspot\share\interpreter\linkResolver.cpp, line 759]
Event: 5.547 Thread 0x000001cb3208ebb0 Exception <a 'java/io/IOException'{0x000000070ec3d7b8}> (0x000000070ec3d7b8) 
thrown [s\src\hotspot\share\prims\jni.cpp, line 516]
Event: 5.567 Thread 0x000001cb3208ebb0 Implicit null exception at 0x000001cb417120d5 to 0x000001cb417126e8
Event: 5.576 Thread 0x000001cb3208ebb0 Exception <a 'java/lang/NoSuchMethodError'{0x000000070ec9c830}: 'java.lang.Object java.lang.invoke.DirectMethodHandle$Holder.newInvokeSpecial(java.lang.Object, java.lang.Object, java.lang.Object, java.lang.Object, java.lang.Object)'> (0x000000070ec9c830) 
thrown [s\src\hotspot\share\interpreter\linkResolver.cpp, line 759]
Event: 7.655 Thread 0x000001cb8fc37450 Exception <a 'java/lang/NoSuchMethodError'{0x000000070eb76cd8}: 'void java.lang.invoke.DirectMethodHandle$Holder.invokeSpecial(java.lang.Object, java.lang.Object, java.lang.Object)'> (0x000000070eb76cd8) 
thrown [s\src\hotspot\share\interpreter\linkResolver.cpp, line 759]
Event: 7.814 Thread 0x000001cb8fd93f20 Exception <a 'java/lang/NoSuchMethodError'{0x000000070e349d30}: 'long java.lang.invoke.DirectMethodHandle$Holder.invokeInterface(java.lang.Object, java.lang.Object)'> (0x000000070e349d30) 
thrown [s\src\hotspot\share\interpreter\linkResolver.cpp, line 759]
Event: 8.009 Thread 0x000001cb8fd93f20 Exception <a 'java/lang/NoSuchMethodError'{0x000000070dfaf898}: 'void java.lang.invoke.DirectMethodHandle$Holder.invokeStatic(java.lang.Object, java.lang.Object)'> (0x000000070dfaf898) 
thrown [s\src\hotspot\share\interpreter\linkResolver.cpp, line 759]
Event: 8.130 Thread 0x000001cb8fd93f20 Exception <a 'java/lang/NoSuchMethodError'{0x000000070ddc5730}: 'int java.lang.invoke.DirectMethodHandle$Holder.invokeVirtual(java.lang.Object, java.lang.Object, java.lang.Object)'> (0x000000070ddc5730) 
thrown [s\src\hotspot\share\interpreter\linkResolver.cpp, line 759]
Event: 8.230 Thread 0x000001cb8fd93f20 Exception <a 'java/lang/NoSuchMethodError'{0x000000070d84b280}: 'java.lang.Object java.lang.invoke.DirectMethodHandle$Holder.newInvokeSpecial(java.lang.Object, java.lang.Object, java.lang.Object, java.lang.Object, java.lang.Object, java.lang.Object)'> (0x000000070d84b280) 
thrown [s\src\hotspot\share\interpreter\linkResolver.cpp, line 759]
Event: 8.385 Thread 0x000001cb8fd93f20 Exception <a 'java/lang/NoSuchMethodError'{0x000000070d748570}: 'void java.lang.invoke.DelegatingMethodHandle$Holder.reinvoke_L(java.lang.Object, java.lang.Object, java.lang.Object, java.lang.Object, java.lang.Object, java.lang.Object, java.lang.Object, java.lang.Object, java.lang.Object, java.lang.Object)'> (0x000000070d748570) 
thrown [s\src\hotspot\share\interpreter\linkResolver.cpp, line 759]
Event: 8.386 Thread 0x000001cb8fd93f20 Exception <a 'java/lang/NoSuchMethodError'{0x000000070d7509e0}: 'java.lang.Object java.lang.invoke.DirectMethodHandle$Holder.invokeSpecial(java.lang.Object, java.lang.Object, java.lang.Object, java.lang.Object, java.lang.Object, java.lang.Object, java.lang.Object, java.lang.Object, java.lang.Object, java.lang.Object)'> (0x000000070d7509e0) 
thrown [s\src\hotspot\share\interpreter\linkResolver.cpp, line 759]
Event: 8.387 Thread 0x000001cb8fd93f20 Exception <a 'java/lang/NoSuchMethodError'{0x000000070d7552b0}: 'java.lang.Object java.lang.invoke.Invokers$Holder.invoker(java.lang.Object, java.lang.Object, java.lang.Object, java.lang.Object, java.lang.Object, java.lang.Object, java.lang.Object, java.lang.Object, java.lang.Object, java.lang.Object)'> (0x000000070d7552b0) 
thrown [s\src\hotspot\share\interpreter\linkResolver.cpp, line 759]
Event: 8.388 Thread 0x000001cb8fd93f20 Exception <a 'java/lang/NoSuchMethodError'{0x000000070d75aeb8}: 'java.lang.Object java.lang.invoke.DirectMethodHandle$Holder.invokeSpecial(java.lang.Object, java.lang.Object, java.lang.Object, java.lang.Object, java.lang.Object, java.lang.Object, java.lang.Object, java.lang.Object, java.lang.Object, java.lang.Object, java.lang.Object)'> (0x000000070d75aeb8) 
thrown [s\src\hotspot\share\interpreter\linkResolver.cpp, line 759]

VM Operations (20 events):
Event: 4.281 Executing VM operation: HandshakeAllThreads
Event: 4.281 Executing VM operation: HandshakeAllThreads done
Event: 4.443 Executing VM operation: HandshakeAllThreads
Event: 4.443 Executing VM operation: HandshakeAllThreads done
Event: 4.501 Executing VM operation: HandshakeAllThreads
Event: 4.501 Executing VM operation: HandshakeAllThreads done
Event: 4.670 Executing VM operation: HandshakeAllThreads
Event: 4.670 Executing VM operation: HandshakeAllThreads done
Event: 5.402 Executing VM operation: HandshakeAllThreads
Event: 5.402 Executing VM operation: HandshakeAllThreads done
Event: 5.402 Executing VM operation: Cleanup
Event: 5.402 Executing VM operation: Cleanup done
Event: 6.405 Executing VM operation: Cleanup
Event: 6.405 Executing VM operation: Cleanup done
Event: 7.471 Executing VM operation: HandshakeAllThreads
Event: 7.471 Executing VM operation: HandshakeAllThreads done
Event: 7.471 Executing VM operation: Cleanup
Event: 7.471 Executing VM operation: Cleanup done
Event: 8.474 Executing VM operation: Cleanup
Event: 8.474 Executing VM operation: Cleanup done

Memory protections (0 events):
No events

Nmethod flushes (0 events):
No events

Events (20 events):
Event: 0.316 Thread 0x000001cb54f6c890 Thread added: 0x000001cb55495550
Event: 0.620 Thread 0x000001cb54f6c890 Thread added: 0x000001cb55830360
Event: 1.400 Thread 0x000001cb55830360 Thread exited: 0x000001cb55830360
Event: 1.400 Thread 0x000001cb55495550 Thread exited: 0x000001cb55495550
Event: 2.212 Thread 0x000001cb54f6c890 Thread added: 0x000001cb8f6a5de0
Event: 3.153 Thread 0x000001cb8f6a5de0 Thread exited: 0x000001cb8f6a5de0
Event: 3.702 Thread 0x000001cb54f6c890 Thread added: 0x000001cb8fb465c0
Event: 4.241 Thread 0x000001cb3208ebb0 Thread added: 0x000001cb8fbf4040
Event: 4.440 Thread 0x000001cb8fb465c0 Thread exited: 0x000001cb8fb465c0
Event: 5.237 Thread 0x000001cb3208ebb0 Thread added: 0x000001cb8f3a3780
Event: 5.638 Thread 0x000001cb3208ebb0 Thread added: 0x000001cb8f9d07d0
Event: 7.554 Thread 0x000001cb8f3a3780 Thread added: 0x000001cb8fc37450
Event: 7.568 Thread 0x000001cb8fc37450 Thread added: 0x000001cb8fd94940
Event: 7.644 Thread 0x000001cb8fc37450 Thread added: 0x000001cb8fd93a10
Event: 7.660 Thread 0x000001cb8fc37450 Thread added: 0x000001cb8fd93f20
Event: 7.687 Thread 0x000001cb8fd93f20 Thread added: 0x000001cb8fd94e50
Event: 7.692 Thread 0x000001cb8fd93f20 Thread added: 0x000001cb8fd94430
Event: 7.692 Thread 0x000001cb54f6c890 Thread added: 0x000001cb5526c930
Event: 7.698 Thread 0x000001cb8fd93f20 Thread added: 0x000001cb8fd93500
Event: 8.214 Thread 0x000001cb5526c930 Thread exited: 0x000001cb5526c930


Dynamic libraries:
0x00007ff7b4790000 - 0x00007ff7b479e000 	E:\JAVA\bin\java.exe
0x00007ffe98d20000 - 0x00007ffe98f87000 	C:\WINDOWS\SYSTEM32\ntdll.dll
0x00007ffe96aa0000 - 0x00007ffe96b69000 	C:\WINDOWS\System32\KERNEL32.DLL
0x00007ffe96400000 - 0x00007ffe967f7000 	C:\WINDOWS\System32\KERNELBASE.dll
0x00007ffe95750000 - 0x00007ffe9589b000 	C:\WINDOWS\System32\ucrtbase.dll
0x00007ffe2db30000 - 0x00007ffe2db4e000 	E:\JAVA\bin\VCRUNTIME140.dll
0x00007ffe35b80000 - 0x00007ffe35b98000 	E:\JAVA\bin\jli.dll
0x00007ffe98a50000 - 0x00007ffe98c16000 	C:\WINDOWS\System32\USER32.dll
0x00007ffe963d0000 - 0x00007ffe963f7000 	C:\WINDOWS\System32\win32u.dll
0x00007ffe81270000 - 0x00007ffe81502000 	C:\WINDOWS\WinSxS\amd64_microsoft.windows.common-controls_6595b64144ccf1df_6.0.26100.8328_none_3e08182ce334b678\COMCTL32.dll
0x00007ffe97ee0000 - 0x00007ffe97f0b000 	C:\WINDOWS\System32\GDI32.dll
0x00007ffe97100000 - 0x00007ffe971a9000 	C:\WINDOWS\System32\msvcrt.dll
0x00007ffe968b0000 - 0x00007ffe969dc000 	C:\WINDOWS\System32\gdi32full.dll
0x00007ffe958a0000 - 0x00007ffe95943000 	C:\WINDOWS\System32\msvcp_win.dll
0x00007ffe96b70000 - 0x00007ffe96ba2000 	C:\WINDOWS\System32\IMM32.DLL
0x00007ffe6f710000 - 0x00007ffe6f71c000 	E:\JAVA\bin\vcruntime140_1.dll
0x00007ffe261b0000 - 0x00007ffe2623d000 	E:\JAVA\bin\msvcp140.dll
0x00007ffdeb970000 - 0x00007ffdec5db000 	E:\JAVA\bin\server\jvm.dll
0x00007ffe97040000 - 0x00007ffe970f6000 	C:\WINDOWS\System32\ADVAPI32.dll
0x00007ffe989a0000 - 0x00007ffe98a47000 	C:\WINDOWS\System32\sechost.dll
0x00007ffe97240000 - 0x00007ffe97358000 	C:\WINDOWS\System32\RPCRT4.dll
0x00007ffe971b0000 - 0x00007ffe97230000 	C:\WINDOWS\System32\WS2_32.dll
0x00007ffe955b0000 - 0x00007ffe9560e000 	C:\WINDOWS\SYSTEM32\POWRPROF.dll
0x00007ffe848b0000 - 0x00007ffe848bb000 	C:\WINDOWS\SYSTEM32\VERSION.dll
0x00007ffe81230000 - 0x00007ffe81266000 	C:\WINDOWS\SYSTEM32\WINMM.dll
0x00007ffe95590000 - 0x00007ffe955a4000 	C:\WINDOWS\SYSTEM32\UMPDC.dll
0x00007ffe944a0000 - 0x00007ffe944bb000 	C:\WINDOWS\SYSTEM32\kernel.appcore.dll
0x00007ffe6cfb0000 - 0x00007ffe6cfba000 	E:\JAVA\bin\jimage.dll
0x00007ffe93580000 - 0x00007ffe937c2000 	C:\WINDOWS\SYSTEM32\DBGHELP.DLL
0x00007ffe981a0000 - 0x00007ffe98523000 	C:\WINDOWS\System32\combase.dll
0x00007ffe97e00000 - 0x00007ffe97ed9000 	C:\WINDOWS\System32\OLEAUT32.dll
0x00007ffe6ca90000 - 0x00007ffe6cacb000 	C:\WINDOWS\SYSTEM32\dbgcore.DLL
0x00007ffe96800000 - 0x00007ffe968a8000 	C:\WINDOWS\System32\bcryptPrimitives.dll
0x00007ffe5d740000 - 0x00007ffe5d74e000 	E:\JAVA\bin\instrument.dll
0x00007ffe2ccd0000 - 0x00007ffe2ccf5000 	E:\JAVA\bin\java.dll
0x00007ffe292a0000 - 0x00007ffe29377000 	E:\JAVA\bin\jsvml.dll
0x00007ffe97680000 - 0x00007ffe97dee000 	C:\WINDOWS\System32\SHELL32.dll
0x00007ffe959e0000 - 0x00007ffe9624c000 	C:\WINDOWS\System32\windows.storage.dll
0x00007ffe98530000 - 0x00007ffe98626000 	C:\WINDOWS\System32\SHCORE.dll
0x00007ffe98c20000 - 0x00007ffe98c86000 	C:\WINDOWS\System32\shlwapi.dll
0x00007ffe95670000 - 0x00007ffe95699000 	C:\WINDOWS\SYSTEM32\profapi.dll
0x00007ffe26150000 - 0x00007ffe26168000 	E:\JAVA\bin\zip.dll
0x00007ffe2a360000 - 0x00007ffe2a37a000 	E:\JAVA\bin\net.dll
0x00007ffe868d0000 - 0x00007ffe869f9000 	C:\WINDOWS\SYSTEM32\WINHTTP.dll
0x00007ffe949f0000 - 0x00007ffe94a5c000 	C:\WINDOWS\system32\mswsock.dll
0x00007ffe29280000 - 0x00007ffe29296000 	E:\JAVA\bin\nio.dll
0x00007ffe82150000 - 0x00007ffe82160000 	E:\JAVA\bin\verify.dll
0x00007ffe2a3c0000 - 0x00007ffe2a3e7000 	E:\gradle\native\c067742578af261105cb4f569cf0c3c89f3d7b1fecec35dd04571415982c5e48\windows-amd64\native-platform.dll
0x00007ffe04d30000 - 0x00007ffe04e74000 	E:\gradle\native\100fb08df4bc3b14c8652ba06237920a3bd2aa13389f12d3474272988ae205f9\windows-amd64\native-platform-file-events.dll
0x00007ffe5ff30000 - 0x00007ffe5ff3a000 	E:\JAVA\bin\management.dll
0x00007ffe5e040000 - 0x00007ffe5e04c000 	E:\JAVA\bin\management_ext.dll
0x00007ffe98640000 - 0x00007ffe98648000 	C:\WINDOWS\System32\PSAPI.DLL
0x00007ffe94df0000 - 0x00007ffe94e0b000 	C:\WINDOWS\SYSTEM32\CRYPTSP.dll
0x00007ffe94400000 - 0x00007ffe94439000 	C:\WINDOWS\system32\rsaenh.dll
0x00007ffe94aa0000 - 0x00007ffe94ad3000 	C:\WINDOWS\SYSTEM32\USERENV.dll
0x00007ffe95640000 - 0x00007ffe9566a000 	C:\WINDOWS\SYSTEM32\bcrypt.dll
0x00007ffe94c50000 - 0x00007ffe94c5c000 	C:\WINDOWS\SYSTEM32\CRYPTBASE.dll
0x00007ffe93f30000 - 0x00007ffe93f62000 	C:\WINDOWS\SYSTEM32\IPHLPAPI.DLL
0x00007ffe98770000 - 0x00007ffe9877a000 	C:\WINDOWS\System32\NSI.dll
0x00007ffe8b050000 - 0x00007ffe8b06d000 	C:\WINDOWS\SYSTEM32\dhcpcsvc6.DLL
0x00007ffe8b020000 - 0x00007ffe8b045000 	C:\WINDOWS\SYSTEM32\dhcpcsvc.DLL
0x00007ffe93f70000 - 0x00007ffe940a2000 	C:\WINDOWS\SYSTEM32\DNSAPI.dll
0x00007ffe636f0000 - 0x00007ffe636f9000 	E:\JAVA\bin\extnet.dll
0x00007ffe63750000 - 0x00007ffe6375e000 	E:\JAVA\bin\sunmscapi.dll
0x00007ffe96250000 - 0x00007ffe963c8000 	C:\WINDOWS\System32\CRYPT32.dll
0x00007ffe94f50000 - 0x00007ffe94f80000 	C:\WINDOWS\SYSTEM32\ncrypt.dll
0x00007ffe94f00000 - 0x00007ffe94f3f000 	C:\WINDOWS\SYSTEM32\NTASN1.dll
0x00007ffe79480000 - 0x00007ffe79488000 	C:\WINDOWS\system32\wshunix.dll

dbghelp: loaded successfully - version: 4.0.5 - missing functions: none
symbol engine: initialized successfully - sym options: 0x614 - pdb path: .;E:\JAVA\bin;C:\WINDOWS\SYSTEM32;C:\WINDOWS\WinSxS\amd64_microsoft.windows.common-controls_6595b64144ccf1df_6.0.26100.8328_none_3e08182ce334b678;E:\JAVA\bin\server;E:\gradle\native\c067742578af261105cb4f569cf0c3c89f3d7b1fecec35dd04571415982c5e48\windows-amd64;E:\gradle\native\100fb08df4bc3b14c8652ba06237920a3bd2aa13389f12d3474272988ae205f9\windows-amd64

VM Arguments:
jvm_args: --add-opens=java.base/java.lang=ALL-UNNAMED --add-opens=java.base/java.lang.invoke=ALL-UNNAMED --add-opens=java.base/java.util=ALL-UNNAMED --add-opens=java.prefs/java.util.prefs=ALL-UNNAMED --add-exports=jdk.compiler/com.sun.tools.javac.api=ALL-UNNAMED --add-exports=jdk.compiler/com.sun.tools.javac.util=ALL-UNNAMED --add-opens=java.base/java.util=ALL-UNNAMED --add-opens=java.prefs/java.util.prefs=ALL-UNNAMED --add-opens=java.base/java.nio.charset=ALL-UNNAMED --add-opens=java.base/java.net=ALL-UNNAMED --add-opens=java.base/java.util.concurrent.atomic=ALL-UNNAMED --add-opens=java.xml/javax.xml.namespace=ALL-UNNAMED -XX:MaxMetaspaceSize=1024m -Xmx4096M -Dfile.encoding=windows-1252 -Duser.country=US -Duser.language=en -Duser.variant -javaagent:E:\gradle\wrapper\dists\gradle-8.11.1-all\2qik7nd48slq1ooc2496ixf4i\gradle-8.11.1\lib\agents\gradle-instrumentation-agent-8.11.1.jar 
java_command: org.gradle.launcher.daemon.bootstrap.GradleDaemon 8.11.1
java_class_path (initial): E:\gradle\wrapper\dists\gradle-8.11.1-all\2qik7nd48slq1ooc2496ixf4i\gradle-8.11.1\lib\gradle-daemon-main-8.11.1.jar
Launcher Type: SUN_STANDARD

[Global flags]
     intx CICompilerCount                          = 4                                         {product} {ergonomic}
   size_t CompressedClassSpaceSize                 = 872415232                                 {product} {ergonomic}
     uint ConcGCThreads                            = 2                                         {product} {ergonomic}
     uint G1ConcRefinementThreads                  = 8                                         {product} {ergonomic}
   size_t G1HeapRegionSize                         = 2097152                                   {product} {ergonomic}
    uintx GCDrainStackTargetSize                   = 64                                        {product} {ergonomic}
   size_t InitialHeapSize                          = 264241152                                 {product} {ergonomic}
   size_t MarkStackSize                            = 4194304                                   {product} {ergonomic}
   size_t MaxHeapSize                              = 4294967296                                {product} {command line}
   size_t MaxMetaspaceSize                         = 1073741824                                {product} {command line}
   size_t MaxNewSize                               = 2575302656                                {product} {ergonomic}
   size_t MinHeapDeltaBytes                        = 2097152                                   {product} {ergonomic}
   size_t MinHeapSize                              = 8388608                                   {product} {ergonomic}
    uintx NonNMethodCodeHeapSize                   = 5839372                                {pd product} {ergonomic}
    uintx NonProfiledCodeHeapSize                  = 122909434                              {pd product} {ergonomic}
    uintx ProfiledCodeHeapSize                     = 122909434                              {pd product} {ergonomic}
    uintx ReservedCodeCacheSize                    = 251658240                              {pd product} {ergonomic}
     bool SegmentedCodeCache                       = true                                      {product} {ergonomic}
   size_t SoftMaxHeapSize                          = 4294967296                             {manageable} {ergonomic}
     bool UseCompressedClassPointers               = true                           {product lp64_product} {ergonomic}
     bool UseCompressedOops                        = true                           {product lp64_product} {ergonomic}
     bool UseG1GC                                  = true                                      {product} {ergonomic}
     bool UseLargePagesIndividualAllocation        = false                                  {pd product} {ergonomic}

Logging:
Log output configuration:
 #0: stdout all=warning uptime,level,tags
 #1: stderr all=off uptime,level,tags

Environment Variables:
JAVA_HOME=E:\JAVA
CLASSPATH=E:\voice_test\android\\gradle\wrapper\gradle-wrapper.jar
PATH=E:\JAVA\bin;C:\Program Files\Common Files\Oracle\Java\javapath;C:\WINDOWS\system32;C:\WINDOWS;C:\WINDOWS\System32\Wbem;C:\WINDOWS\System32\WindowsPowerShell\v1.0\;C:\WINDOWS\System32\OpenSSH\;C:\Program Files\Git\cmd;C:\Program Files\Microsoft SQL Server\170\Tools\Binn\;C:\Program Files\Microsoft SQL Server\Client SDK\ODBC\170\Tools\Binn\;C:\Program Files\Microsoft SQL Server\170\DTS\Binn\;C:\Program Files\dotnet\;D:\Basira\;C:\ProgramData\chocolatey\bin;E:\JAVA\bin;E:\DOWNLOAD\New folder (2)\bin;C:\Program Files\Common Files\Oracle\Java\javapath;C:\WINDOWS\system32;C:\WINDOWS;C:\WINDOWS\System32\Wbem;C:\WINDOWS\System32\WindowsPowerShell\v1.0\;C:\WINDOWS\System32\OpenSSH\;C:\Program Files\Git\cmd;C:\Program Files\Microsoft SQL Server\170\Tools\Binn\;C:\Program Files\Microsoft SQL Server\Client SDK\ODBC\170\Tools\Binn\;C:\Program Files\Microsoft SQL Server\170\DTS\Binn\;C:\Program Files\dotnet\;D:\Basira\;C:\ProgramData\chocolatey\bin;C:\WINDOWS\system32;C:\WINDOWS;C:\WINDOWS\System32\Wbem;C:\WINDOWS\System32\WindowsPowerShell\v1.0\;C:\WINDOWS\System32\OpenSSH\;C:\Program Files\Git\cmd;C:\Program Files\Microsoft SQL Server\170\Tools\Binn\;C:\Program Files\Microsoft SQL Server\Client SDK\ODBC\170\Tools\Binn\;C:\Program Files\Microsoft SQL Server\170\DTS\Binn\;C:\Program Files\dotnet\;D:\Basira\;C:\ProgramData\chocolatey\bin;C:\Users\DELL\AppData\Local\Programs\Python\Python310\Scripts\;C:\Users\DELL\AppData\Local\Programs\Python\Python310\;C:\Users\DELL\AppData\Local\Prog;D:\download\Microsoft VS Code\bin;D:\flutter\bin;D:\download\Antigravity\bin;D:\flutter\bin\mingit\cmd
USERNAME=DELL
LANG=en_US.UTF-8
OS=Windows_NT
PROCESSOR_IDENTIFIER=Intel64 Family 6 Model 142 Stepping 12, GenuineIntel
TMP=C:\Users\DELL\AppData\Local\Temp
TEMP=C:\Users\DELL\AppData\Local\Temp



Periodic native trim disabled


---------------  S Y S T E M  ---------------

OS:
 Windows 11 , 64 bit Build 26100 (10.0.26100.8328)
OS uptime: 0 days 20:48 hours
Hyper-V role detected

CPU: total 8 (initial active 8) (4 cores per cpu, 2 threads per core) family 6 model 142 stepping 12 microcode 0xf8, cx8, cmov, fxsr, ht, mmx, 3dnowpref, sse, sse2, sse3, ssse3, sse4.1, sse4.2, popcnt, lzcnt, tsc, tscinvbit, avx, avx2, aes, erms, clmul, bmi1, bmi2, adx, fma, vzeroupper, clflush, clflushopt, hv
Processor Information for all 8 processors :
  Max Mhz: 2304, Current Mhz: 1803, Mhz Limit: 1797

Memory: 4k page, system-wide physical 16043M (2232M free)
TotalPageFile size 18117M (AvailPageFile size 7M)
current process WorkingSet (physical memory assigned to process): 168M, peak: 170M
current process commit charge ("private bytes"): 398M, peak: 401M

vm_info: OpenJDK 64-Bit Server VM (17.0.18+8) for windows-amd64 JRE (17.0.18+8), built on Jan 20 2026 22:28:22 by "admin" with MS VC++ 17.12 (VS2022)

END.
